#
# A fatal error has been detected by the Java Runtime Environment:
#
#  SIGSEGV (0xb) at pc=0x00007f740ae3a810, pid=9104, tid=0x00007f73ee21bae0
#
# JRE version: OpenJDK Runtime Environment (8.0_212-b04) (build 1.8.0_212-b04)
# Java VM: OpenJDK 64-Bit Server VM (25.212-b04 mixed mode linux-amd64 compressed oops)
# Derivative: IcedTea 3.12.0
# Distribution: Custom build (Mon Aug 12 12:56:32 UTC 2019)
# Problematic frame:
# C  [ld-musl-x86_64.so.1+0x53810]  pthread_setname_np+0x5e
#
# Core dump written. Default location: /workdir/hadoop-hdds/server-scm/core or core.9104
#
# If you would like to submit a bug report, please include
# instructions on how to reproduce the bug and visit:
#   https://icedtea.classpath.org/bugzilla
#

---------------  T H R E A D  ---------------

Current thread is native thread

siginfo: si_signo: 11 (SIGSEGV), si_code: 1 (SEGV_MAPERR), si_addr: 0x0000000000000038

Registers:
RAX=0x00007f73ee21bae0, RBX=0x0000000000000022, RCX=0x0000000000000000, RDX=0x0000000000000000
RSP=0x00007f73ee21b680, RBP=0x0000000000000000, RSI=0x0000000000000000, RDI=0xff73725e6f6c7463
R8 =0x0000000000000000, R9 =0x8080808080808080, R10=0xfefefefefefefeff, R11=0x0000000000000212
R12=0x0000562a6c803f58, R13=0x000000000000000f, R14=0x00007f73ee21bae0, R15=0x00007f740b073ae8
RIP=0x00007f740ae3a810, EFLAGS=0x0000000000010202, CSGSFS=0x0000000000000033, ERR=0x0000000000000004
  TRAPNO=0x000000000000000e

Top of Stack: (sp=0x00007f73ee21b680)
0x00007f73ee21b680:   0000000000000000 0000000000000000
0x00007f73ee21b690:   0000000000000000 0000000000000000
0x00007f73ee21b6a0:   0000000000000000 0000000000000000
0x00007f73ee21b6b0:   0000000000000000 0000562a6c20acc0
0x00007f73ee21b6c0:   00007f73ee21b710 0000000000000000
0x00007f73ee21b6d0:   0000562a6c20ad00 00007f73eedc2ec9
0x00007f73ee21b6e0:   0000000000000000 0000562a6c20be00
0x00007f73ee21b6f0:   0000000000000000 00007f73ee21b760
0x00007f73ee21b700:   00007f73ee21bae0 00007f740b073ae8
0x00007f73ee21b710:   0000000000000000 00007f7409c6af41
0x00007f73ee21b720:   0000000000000000 00007f73ee21bae0
0x00007f73ee21b730:   0000000000000000 00007f740ae396c2
0x00007f73ee21b740:   0000000000000000 0000000000000000
0x00007f73ee21b750:   0000000000017000 00007f740ae3b5b1
0x00007f73ee21b760:   0000000000000002 00007f73ee21bac0
0x00007f73ee21b770:   00007f73ee21b790 0000000000000000
0x00007f73ee21b780:   0000000000000000 0000000000000000
0x00007f73ee21b790:   0000000000000002 0000000000000000
0x00007f73ee21b7a0:   0000000000000000 0000000000000000
0x00007f73ee21b7b0:   0000000000000000 0000000000000000
0x00007f73ee21b7c0:   0000000000000000 0000000000000000
0x00007f73ee21b7d0:   0000000000000000 0000000000000000
0x00007f73ee21b7e0:   0000000000000000 0000000000000000
0x00007f73ee21b7f0:   0000000000000000 0000000000000000
0x00007f73ee21b800:   0000000000000000 0000000000000000
0x00007f73ee21b810:   0000000000000000 0000000000000000
0x00007f73ee21b820:   0000000000000000 0000000000000000
0x00007f73ee21b830:   0000000000000000 0000000000000000
0x00007f73ee21b840:   0000000000000000 0000000000000000
0x00007f73ee21b850:   0000000000000000 0000000000000000
0x00007f73ee21b860:   0000000000000000 0000000000000000
0x00007f73ee21b870:   0000000000000000 0000000000000000 

Instructions: (pc=0x00007f740ae3a810)
0x00007f740ae3a7f0:   31 d2 31 c0 4c 89 e6 bf 0f 00 00 00 e8 65 d8 fc
0x00007f740ae3a800:   ff 85 c0 89 c3 74 7e e8 25 a7 fc ff 8b 18 eb 75
0x00007f740ae3a810:   8b 4d 38 48 8d 5c 24 0e 48 8d 15 f2 92 03 00 be
0x00007f740ae3a820:   22 00 00 00 31 c0 48 89 df e8 35 68 ff ff 48 8d 

Register to memory mapping:

RAX=0x00007f73ee21bae0 is an unknown value
RBX=0x0000000000000022 is an unknown value
RCX=0x0000000000000000 is an unknown value
RDX=0x0000000000000000 is an unknown value
RSP=0x00007f73ee21b680 is an unknown value
RBP=0x0000000000000000 is an unknown value
RSI=0x0000000000000000 is an unknown value
RDI=0xff73725e6f6c7463 is an unknown value
R8 =0x0000000000000000 is an unknown value
R9 =0x8080808080808080 is an unknown value
R10=0xfefefefefefefeff is an unknown value
R11=0x0000000000000212 is an unknown value
R12=0x0000562a6c803f58 is an unknown value
R13=0x000000000000000f is an unknown value
R14=0x00007f73ee21bae0 is an unknown value
R15=0x00007f740b073ae8: __utc+0x1fff68 in /lib/ld-musl-x86_64.so.1 at 0x00007f740ade7000


Stack: [0x00007f73ee207000,0x00007f73ee21b760],  sp=0x00007f73ee21b680,  free space=81k
Native frames: (J=compiled Java code, j=interpreted, Vv=VM code, C=native code)
C  [ld-musl-x86_64.so.1+0x53810]  pthread_setname_np+0x5e

[error occurred during error reporting (printing native stack), id 0xb]


---------------  P R O C E S S  ---------------

VM state:not at safepoint (normal execution)

VM Mutex/Monitor currently owned by a thread: None

heap address: 0x0000000080000000, size: 2048 MB, Compressed Oops mode: 32-bit
Narrow klass base: 0x0000000000000000, Narrow klass shift: 3
Compressed class space size: 1073741824 Address: 0x0000000100000000

Heap:
 PSYoungGen      total 611840K, used 238792K [0x00000000d5580000, 0x0000000100000000, 0x0000000100000000)
  eden space 524800K, 45% used [0x00000000d5580000,0x00000000e3eb2120,0x00000000f5600000)
  from space 87040K, 0% used [0x00000000f5600000,0x00000000f5600000,0x00000000fab00000)
  to   space 87040K, 0% used [0x00000000fab00000,0x00000000fab00000,0x0000000100000000)
 ParOldGen       total 852992K, used 11973K [0x0000000080000000, 0x00000000b4100000, 0x00000000d5580000)
  object space 852992K, 1% used [0x0000000080000000,0x0000000080bb16e0,0x00000000b4100000)
 Metaspace       used 26533K, capacity 26896K, committed 27264K, reserved 1073152K
  class space    used 2991K, capacity 3119K, committed 3200K, reserved 1048576K

Card table byte_map: [0x00007f73f9b93000,0x00007f73f9f94000] byte_map_base: 0x00007f73f9793000

Marking Bits: (ParMarkBitMap*) 0x00007f740a9a5200
 Begin Bits: [0x00007f73f56e4000, 0x00007f73f76e4000)
 End Bits:   [0x00007f73f76e4000, 0x00007f73f96e4000)

Polling page: 0x00007f740af70000

CodeCache: size=245760Kb used=5684Kb max_used=5716Kb free=240075Kb
 bounds [0x00007f73fa354000, 0x00007f73fa8f4000, 0x00007f7409354000]
 total_blobs=2285 nmethods=1778 adapters=421
 compilation: enabled

Compilation events (10 events):
Event: 5.310 Thread 0x0000562a6ad1f000 nmethod 1790 0x00007f73fa8e5e10 code [0x00007f73fa8e6200, 0x00007f73fa8e91a8]
Event: 5.310 Thread 0x0000562a6ad1f000 1792       3       com.sun.org.apache.xerces.internal.dom.ElementImpl::getTagName (16 bytes)
Event: 5.311 Thread 0x0000562a6ad1f000 nmethod 1792 0x00007f73fa8e5850 code [0x00007f73fa8e59c0, 0x00007f73fa8e5d68]
Event: 5.311 Thread 0x0000562a6ad1f000 1793       3       com.sun.org.apache.xerces.internal.dom.ParentNode::hasChildNodes (24 bytes)
Event: 5.311 Thread 0x0000562a6ad1f000 nmethod 1793 0x00007f73fa8e5210 code [0x00007f73fa8e53a0, 0x00007f73fa8e5788]
Event: 5.311 Thread 0x0000562a6ad1f000 1794       3       com.sun.org.apache.xerces.internal.dom.ParentNode::getFirstChild (16 bytes)
Event: 5.311 Thread 0x0000562a6ad1f000 nmethod 1794 0x00007f73fa8e4c50 code [0x00007f73fa8e4dc0, 0x00007f73fa8e5168]
Event: 5.311 Thread 0x0000562a6ad1f000 1791       3       com.sun.org.apache.xerces.internal.dom.DeferredDocumentImpl::clearChunkIndex (57 bytes)
Event: 5.312 Thread 0x0000562a6ad1f000 nmethod 1791 0x00007f73fa8e4450 code [0x00007f73fa8e45e0, 0x00007f73fa8e49f0]
Event: 5.317 Thread 0x0000562a6ad17800 nmethod 1784 0x00007f73fa8ebb50 code [0x00007f73fa8ebce0, 0x00007f73fa8ec298]

GC Heap History (4 events):
Event: 2.124 GC heap before
{Heap before GC invocations=1 (full 0):
 PSYoungGen      total 611840K, used 199433K [0x00000000d5580000, 0x0000000100000000, 0x0000000100000000)
  eden space 524800K, 38% used [0x00000000d5580000,0x00000000e1842488,0x00000000f5600000)
  from space 87040K, 0% used [0x00000000fab00000,0x00000000fab00000,0x0000000100000000)
  to   space 87040K, 0% used [0x00000000f5600000,0x00000000f5600000,0x00000000fab00000)
 ParOldGen       total 1398272K, used 0K [0x0000000080000000, 0x00000000d5580000, 0x00000000d5580000)
  object space 1398272K, 0% used [0x0000000080000000,0x0000000080000000,0x00000000d5580000)
 Metaspace       used 20759K, capacity 20984K, committed 21248K, reserved 1069056K
  class space    used 2351K, capacity 2443K, committed 2560K, reserved 1048576K
Event: 2.171 GC heap after
Heap after GC invocations=1 (full 0):
 PSYoungGen      total 611840K, used 12393K [0x00000000d5580000, 0x0000000100000000, 0x0000000100000000)
  eden space 524800K, 0% used [0x00000000d5580000,0x00000000d5580000,0x00000000f5600000)
  from space 87040K, 14% used [0x00000000f5600000,0x00000000f621a638,0x00000000fab00000)
  to   space 87040K, 0% used [0x00000000fab00000,0x00000000fab00000,0x0000000100000000)
 ParOldGen       total 1398272K, used 80K [0x0000000080000000, 0x00000000d5580000, 0x00000000d5580000)
  object space 1398272K, 0% used [0x0000000080000000,0x0000000080014010,0x00000000d5580000)
 Metaspace       used 20759K, capacity 20984K, committed 21248K, reserved 1069056K
  class space    used 2351K, capacity 2443K, committed 2560K, reserved 1048576K
}
Event: 2.171 GC heap before
{Heap before GC invocations=2 (full 1):
 PSYoungGen      total 611840K, used 12393K [0x00000000d5580000, 0x0000000100000000, 0x0000000100000000)
  eden space 524800K, 0% used [0x00000000d5580000,0x00000000d5580000,0x00000000f5600000)
  from space 87040K, 14% used [0x00000000f5600000,0x00000000f621a638,0x00000000fab00000)
  to   space 87040K, 0% used [0x00000000fab00000,0x00000000fab00000,0x0000000100000000)
 ParOldGen       total 1398272K, used 80K [0x0000000080000000, 0x00000000d5580000, 0x00000000d5580000)
  object space 1398272K, 0% used [0x0000000080000000,0x0000000080014010,0x00000000d5580000)
 Metaspace       used 20759K, capacity 20984K, committed 21248K, reserved 1069056K
  class space    used 2351K, capacity 2443K, committed 2560K, reserved 1048576K
Event: 2.243 GC heap after
Heap after GC invocations=2 (full 1):
 PSYoungGen      total 611840K, used 0K [0x00000000d5580000, 0x0000000100000000, 0x0000000100000000)
  eden space 524800K, 0% used [0x00000000d5580000,0x00000000d5580000,0x00000000f5600000)
  from space 87040K, 0% used [0x00000000f5600000,0x00000000f5600000,0x00000000fab00000)
  to   space 87040K, 0% used [0x00000000fab00000,0x00000000fab00000,0x0000000100000000)
 ParOldGen       total 852992K, used 11973K [0x0000000080000000, 0x00000000b4100000, 0x00000000d5580000)
  object space 852992K, 1% used [0x0000000080000000,0x0000000080bb16e0,0x00000000b4100000)
 Metaspace       used 20759K, capacity 20984K, committed 21248K, reserved 1069056K
  class space    used 2351K, capacity 2443K, committed 2560K, reserved 1048576K
}

Deoptimization events (10 events):
Event: 2.247 Thread 0x0000562a6abcb800 Uncommon trap: reason=unstable_if action=reinterpret pc=0x00007f73fa78227c method=java.lang.ref.ReferenceQueue.poll()Ljava/lang/ref/Reference; @ 4
Event: 2.420 Thread 0x0000562a6abcb800 Uncommon trap: reason=unstable_if action=reinterpret pc=0x00007f73fa5ddfe8 method=sun.net.www.ParseUtil.encodePath(Ljava/lang/String;Z)Ljava/lang/String; @ 109
Event: 2.423 Thread 0x0000562a6abcb800 Uncommon trap: reason=unstable_if action=reinterpret pc=0x00007f73fa5bd15c method=sun.net.www.ParseUtil.encodePath(Ljava/lang/String;Z)Ljava/lang/String; @ 109
Event: 2.488 Thread 0x0000562a6abcb800 Uncommon trap: reason=unstable_if action=reinterpret pc=0x00007f73fa606898 method=java.net.URL.<init>(Ljava/net/URL;Ljava/lang/String;Ljava/net/URLStreamHandler;)V @ 347
Event: 2.564 Thread 0x0000562a6c6f2800 Uncommon trap: reason=unstable_if action=reinterpret pc=0x00007f73fa503478 method=java.lang.AbstractStringBuilder.append(Ljava/lang/String;)Ljava/lang/AbstractStringBuilder; @ 1
Event: 2.566 Thread 0x0000562a6c6f2800 Uncommon trap: reason=unstable_if action=reinterpret pc=0x00007f73fa59002c method=java.lang.AbstractStringBuilder.append(Ljava/lang/String;)Ljava/lang/AbstractStringBuilder; @ 1
Event: 2.834 Thread 0x0000562a6c6f2800 Uncommon trap: reason=class_check action=maybe_recompile pc=0x00007f73fa75b9a0 method=java.util.concurrent.ConcurrentHashMap.putVal(Ljava/lang/Object;Ljava/lang/Object;Z)Ljava/lang/Object; @ 192
Event: 2.855 Thread 0x0000562a6c6f2800 Uncommon trap: reason=class_check action=maybe_recompile pc=0x00007f73fa75b9a0 method=java.util.concurrent.ConcurrentHashMap.putVal(Ljava/lang/Object;Ljava/lang/Object;Z)Ljava/lang/Object; @ 192
Event: 2.886 Thread 0x0000562a6c6f2800 Uncommon trap: reason=class_check action=maybe_recompile pc=0x00007f73fa75b9a0 method=java.util.concurrent.ConcurrentHashMap.putVal(Ljava/lang/Object;Ljava/lang/Object;Z)Ljava/lang/Object; @ 192
Event: 2.907 Thread 0x0000562a6c6f2800 Uncommon trap: reason=class_check action=maybe_recompile pc=0x00007f73fa75b9a0 method=java.util.concurrent.ConcurrentHashMap.putVal(Ljava/lang/Object;Ljava/lang/Object;Z)Ljava/lang/Object; @ 192

Classes redefined (0 events):
No events

Internal exceptions (10 events):
Event: 5.028 Thread 0x0000562a6abcb800 Exception <a 'java/net/UnknownHostException'> (0x00000000de59e710) thrown at [/home/buildozer/aports/community/openjdk8/src/icedtea-3.12.0/openjdk/hotspot/src/share/vm/prims/jni.cpp, line 737]
Event: 5.030 Thread 0x0000562a6abcb800 Exception <a 'java/io/FileNotFoundException'> (0x00000000de5b17e8) thrown at [/home/buildozer/aports/community/openjdk8/src/icedtea-3.12.0/openjdk/hotspot/src/share/vm/prims/jni.cpp, line 710]
Event: 5.032 Thread 0x0000562a6abcb800 Exception <a 'sun/nio/fs/UnixException'> (0x00000000de5b9308) thrown at [/home/buildozer/aports/community/openjdk8/src/icedtea-3.12.0/openjdk/hotspot/src/share/vm/prims/jni.cpp, line 710]
Event: 5.032 Thread 0x0000562a6abcb800 Exception <a 'sun/nio/fs/UnixException'> (0x00000000de5b9a80) thrown at [/home/buildozer/aports/community/openjdk8/src/icedtea-3.12.0/openjdk/hotspot/src/share/vm/prims/jni.cpp, line 710]
Event: 5.032 Thread 0x0000562a6abcb800 Exception <a 'sun/nio/fs/UnixException'> (0x00000000de5ba158) thrown at [/home/buildozer/aports/community/openjdk8/src/icedtea-3.12.0/openjdk/hotspot/src/share/vm/prims/jni.cpp, line 710]
Event: 5.032 Thread 0x0000562a6abcb800 Exception <a 'sun/nio/fs/UnixException'> (0x00000000de5ba968) thrown at [/home/buildozer/aports/community/openjdk8/src/icedtea-3.12.0/openjdk/hotspot/src/share/vm/prims/jni.cpp, line 710]
Event: 5.033 Thread 0x0000562a6abcb800 Exception <a 'sun/nio/fs/UnixException'> (0x00000000de5bdf30) thrown at [/home/buildozer/aports/community/openjdk8/src/icedtea-3.12.0/openjdk/hotspot/src/share/vm/prims/jni.cpp, line 710]
Event: 5.033 Thread 0x0000562a6abcb800 Exception <a 'sun/nio/fs/UnixException'> (0x00000000de5be7f8) thrown at [/home/buildozer/aports/community/openjdk8/src/icedtea-3.12.0/openjdk/hotspot/src/share/vm/prims/jni.cpp, line 710]
Event: 5.033 Thread 0x0000562a6abcb800 Exception <a 'sun/nio/fs/UnixException'> (0x00000000de5bef40) thrown at [/home/buildozer/aports/community/openjdk8/src/icedtea-3.12.0/openjdk/hotspot/src/share/vm/prims/jni.cpp, line 710]
Event: 5.033 Thread 0x0000562a6abcb800 Exception <a 'sun/nio/fs/UnixException'> (0x00000000de5bf820) thrown at [/home/buildozer/aports/community/openjdk8/src/icedtea-3.12.0/openjdk/hotspot/src/share/vm/prims/jni.cpp, line 710]

Events (10 events):
Event: 5.355 Executing VM operation: RevokeBias
Event: 5.356 Executing VM operation: RevokeBias done
Event: 5.356 Executing VM operation: RevokeBias
Event: 5.356 Executing VM operation: RevokeBias done
Event: 5.356 Executing VM operation: RevokeBias
Event: 5.356 Executing VM operation: RevokeBias done
Event: 5.356 Executing VM operation: RevokeBias
Event: 5.356 Executing VM operation: RevokeBias done
Event: 5.356 Executing VM operation: RevokeBias
Event: 5.356 Executing VM operation: RevokeBias done


Dynamic libraries:
80000000-b4100000 rw-p 00000000 00:00 0 
b4100000-d5580000 ---p 00000000 00:00 0 
d5580000-100320000 rw-p 00000000 00:00 0 
100320000-140000000 ---p 00000000 00:00 0 
562a68eb8000-562a68eb9000 r-xp 00000000 fd:03 30673668                   /usr/lib/jvm/java-1.8-openjdk/jre/bin/java
562a690b8000-562a690b9000 r--p 00000000 fd:03 30673668                   /usr/lib/jvm/java-1.8-openjdk/jre/bin/java
562a690b9000-562a690ba000 rw-p 00001000 fd:03 30673668                   /usr/lib/jvm/java-1.8-openjdk/jre/bin/java
562a6abb4000-562a6cab1000 rw-p 00000000 00:00 0                          [heap]
7f73ea7af000-7f73ea7b2000 ---p 00000000 00:00 0 
7f73ea7b2000-7f73ea8b0000 rw-p 00000000 00:00 0 
7f73ea8b0000-7f73ea8b3000 ---p 00000000 00:00 0 
7f73ea8b3000-7f73ea9b1000 rw-p 00000000 00:00 0 
7f73ea9b1000-7f73ea9b4000 ---p 00000000 00:00 0 
7f73ea9b4000-7f73eaab2000 rw-p 00000000 00:00 0 
7f73eaab2000-7f73eaab5000 ---p 00000000 00:00 0 
7f73eaab5000-7f73eabb3000 rw-p 00000000 00:00 0 
7f73eabb3000-7f73eabb6000 ---p 00000000 00:00 0 
7f73eabb6000-7f73eacb4000 rw-p 00000000 00:00 0 
7f73eacb4000-7f73eacb7000 ---p 00000000 00:00 0 
7f73eacb7000-7f73eadb5000 rw-p 00000000 00:00 0 
7f73eadb5000-7f73eadb8000 ---p 00000000 00:00 0 
7f73eadb8000-7f73eaeb6000 rw-p 00000000 00:00 0 
7f73eaeb6000-7f73eaeb9000 ---p 00000000 00:00 0 
7f73eaeb9000-7f73eafb7000 rw-p 00000000 00:00 0 
7f73eafb7000-7f73eafba000 ---p 00000000 00:00 0 
7f73eafba000-7f73eb0b8000 rw-p 00000000 00:00 0 
7f73eb0b8000-7f73eb0bb000 ---p 00000000 00:00 0 
7f73eb0bb000-7f73eb1b9000 rw-p 00000000 00:00 0 
7f73eb1b9000-7f73eb1bc000 ---p 00000000 00:00 0 
7f73eb1bc000-7f73eb2ba000 rw-p 00000000 00:00 0 
7f73eb2ba000-7f73eb2bd000 ---p 00000000 00:00 0 
7f73eb2bd000-7f73eb3bb000 rw-p 00000000 00:00 0 
7f73eb3bb000-7f73eb3be000 ---p 00000000 00:00 0 
7f73eb3be000-7f73eb4bc000 rw-p 00000000 00:00 0 
7f73eb4bc000-7f73eb4bf000 ---p 00000000 00:00 0 
7f73eb4bf000-7f73eb5bd000 rw-p 00000000 00:00 0 
7f73eb5bd000-7f73eb5c0000 ---p 00000000 00:00 0 
7f73eb5c0000-7f73eb6be000 rw-p 00000000 00:00 0 
7f73eb6be000-7f73eb6c1000 ---p 00000000 00:00 0 
7f73eb6c1000-7f73eb7bf000 rw-p 00000000 00:00 0 
7f73eb7bf000-7f73eb7c2000 ---p 00000000 00:00 0 
7f73eb7c2000-7f73eb8c0000 rw-p 00000000 00:00 0 
7f73eb8c0000-7f73eb8c3000 ---p 00000000 00:00 0 
7f73eb8c3000-7f73eb9c1000 rw-p 00000000 00:00 0 
7f73eb9c1000-7f73eb9c4000 ---p 00000000 00:00 0 
7f73eb9c4000-7f73ebac2000 rw-p 00000000 00:00 0 
7f73ebac2000-7f73ebac5000 ---p 00000000 00:00 0 
7f73ebac5000-7f73ebbc3000 rw-p 00000000 00:00 0 
7f73ebcbd000-7f73ebcc0000 ---p 00000000 00:00 0 
7f73ebcc0000-7f73ebdbe000 rw-p 00000000 00:00 0 
7f73ebdbe000-7f73ebdc1000 ---p 00000000 00:00 0 
7f73ebdc1000-7f73ebebf000 rw-p 00000000 00:00 0 
7f73ebebf000-7f73ebec2000 ---p 00000000 00:00 0 
7f73ebec2000-7f73ebfc0000 rw-p 00000000 00:00 0 
7f73ebfc0000-7f73ebfc3000 ---p 00000000 00:00 0 
7f73ebfc3000-7f73ec0c1000 rw-p 00000000 00:00 0 
7f73ec0c1000-7f73ec0c4000 ---p 00000000 00:00 0 
7f73ec0c4000-7f73ec1c2000 rw-p 00000000 00:00 0 
7f73ec2c3000-7f73ec2c6000 ---p 00000000 00:00 0 
7f73ec2c6000-7f73ec544000 rw-p 00000000 00:00 0 
7f73ec544000-7f73ec5c4000 ---p 00000000 00:00 0 
7f73ec6be000-7f73ec6c1000 ---p 00000000 00:00 0 
7f73ec6c1000-7f73ec7bf000 rw-p 00000000 00:00 0 
7f73ec7bf000-7f73ec7c2000 ---p 00000000 00:00 0 
7f73ec7c2000-7f73ec8c0000 rw-p 00000000 00:00 0 
7f73ec8c0000-7f73ec8c3000 ---p 00000000 00:00 0 
7f73ec8c3000-7f73ec9c1000 rw-p 00000000 00:00 0 
7f73ec9c1000-7f73ec9c4000 ---p 00000000 00:00 0 
7f73ec9c4000-7f73ecac2000 rw-p 00000000 00:00 0 
7f73ecbc3000-7f73ecbc6000 ---p 00000000 00:00 0 
7f73ecbc6000-7f73eccc4000 rw-p 00000000 00:00 0 
7f73eccc4000-7f73eccc7000 ---p 00000000 00:00 0 
7f73eccc7000-7f73ecdc5000 rw-p 00000000 00:00 0 
7f73ecdc5000-7f73ecdc8000 ---p 00000000 00:00 0 
7f73ecdc8000-7f73ecec6000 rw-p 00000000 00:00 0 
7f73ecec6000-7f73ecec9000 ---p 00000000 00:00 0 
7f73ecec9000-7f73ecfc7000 rw-p 00000000 00:00 0 
7f73ecfc7000-7f73ecfca000 ---p 00000000 00:00 0 
7f73ecfca000-7f73ed0c8000 rw-p 00000000 00:00 0 
7f73ed0c8000-7f73ed0cb000 ---p 00000000 00:00 0 
7f73ed0cb000-7f73ed1c9000 rw-p 00000000 00:00 0 
7f73ed2ca000-7f73ed4ca000 rw-p 00000000 00:00 0 
7f73ed4ca000-7f73ed4cd000 ---p 00000000 00:00 0 
7f73ed4cd000-7f73ed5cb000 rw-p 00000000 00:00 0 
7f73ed5cb000-7f73ed5ce000 ---p 00000000 00:00 0 
7f73ed5ce000-7f73ed6cc000 rw-p 00000000 00:00 0 
7f73ed6cc000-7f73ed6cf000 ---p 00000000 00:00 0 
7f73ed6cf000-7f73ed7cd000 rw-p 00000000 00:00 0 
7f73ed7cd000-7f73ed7d0000 ---p 00000000 00:00 0 
7f73ed7d0000-7f73ed8ce000 rw-p 00000000 00:00 0 
7f73ed8ce000-7f73ed8d1000 ---p 00000000 00:00 0 
7f73ed8d1000-7f73ed9cf000 rw-p 00000000 00:00 0 
7f73ed9cf000-7f73ed9d2000 ---p 00000000 00:00 0 
7f73ed9d2000-7f73edad0000 rw-p 00000000 00:00 0 
7f73edbd1000-7f73eddd1000 rw-p 00000000 00:00 0 
7f73eddd1000-7f73eddec000 r--s 001d6000 fd:03 30673740                   /usr/lib/jvm/java-1.8-openjdk/jre/lib/ext/nashorn.jar
7f73eddec000-7f73edfec000 rw-p 00000000 00:00 0 
7f73edfec000-7f73ee1ec000 r-xp 00000000 fd:03 30673697                   /usr/lib/jvm/java-1.8-openjdk/jre/lib/amd64/libjaas_unix.so
7f73ee1ec000-7f73ee1ed000 r--p 00000000 fd:03 30673697                   /usr/lib/jvm/java-1.8-openjdk/jre/lib/amd64/libjaas_unix.so
7f73ee1ed000-7f73ee1ee000 rw-p 00001000 fd:03 30673697                   /usr/lib/jvm/java-1.8-openjdk/jre/lib/amd64/libjaas_unix.so
7f73ee1ee000-7f73ee1f0000 ---p 00000000 00:00 0 
7f73ee1f0000-7f73ee205000 rw-p 00000000 00:00 0 
7f73ee205000-7f73ee207000 ---p 00000000 00:00 0 
7f73ee207000-7f73ee21c000 rw-p 00000000 00:00 0 
7f73ee21c000-7f73ee21e000 ---p 00000000 00:00 0 
7f73ee21e000-7f73ee433000 rw-p 00000000 00:00 0 
7f73ee433000-7f73ee435000 ---p 00000000 00:00 0 
7f73ee435000-7f73ee44a000 rw-p 00000000 00:00 0 
7f73ee44a000-7f73ee44c000 ---p 00000000 00:00 0 
7f73ee44c000-7f73ee461000 rw-p 00000000 00:00 0 
7f73ee461000-7f73ee463000 ---p 00000000 00:00 0 
7f73ee463000-7f73ee678000 rw-p 00000000 00:00 0 
7f73ee678000-7f73ee67a000 ---p 00000000 00:00 0 
7f73ee67a000-7f73ee68f000 rw-p 00000000 00:00 0 
7f73ee68f000-7f73ee691000 ---p 00000000 00:00 0 
7f73ee691000-7f73ee6a6000 rw-p 00000000 00:00 0 
7f73ee6a6000-7f73ee6a8000 ---p 00000000 00:00 0 
7f73ee6a8000-7f73ee6bd000 rw-p 00000000 00:00 0 
7f73ee6bd000-7f73ee6bf000 ---p 00000000 00:00 0 
7f73ee6bf000-7f73ee943000 rw-p 00000000 00:00 0 
7f73ee943000-7f73eeb69000 r-xp 00000000 fd:03 30867674                   /usr/glibc-compat/lib/ld-2.28.so
7f73eeb69000-7f73eeb6a000 r--p 00026000 fd:03 30867674                   /usr/glibc-compat/lib/ld-2.28.so
7f73eeb6a000-7f73eeb6b000 rw-p 00027000 fd:03 30867674                   /usr/glibc-compat/lib/ld-2.28.so
7f73eeb6b000-7f73eeb6c000 rw-p 00000000 00:00 0 
7f73eeb6c000-7f73ef404000 r-xp 00000000 fd:03 173803032                  /tmp/librocksdbjni4115951373610328300.so
7f73ef404000-7f73ef415000 r--p 00698000 fd:03 173803032                  /tmp/librocksdbjni4115951373610328300.so
7f73ef415000-7f73ef41e000 rw-p 006a9000 fd:03 173803032                  /tmp/librocksdbjni4115951373610328300.so
7f73ef41e000-7f73ef624000 rw-p 00000000 00:00 0 
7f73ef62c000-7f73ef62e000 ---p 00000000 00:00 0 
7f73ef62e000-7f73ef643000 rw-p 00000000 00:00 0 
7f73ef643000-7f73ef645000 ---p 00000000 00:00 0 
7f73ef645000-7f73ef65a000 rw-p 00000000 00:00 0 
7f73ef65a000-7f73ef65c000 ---p 00000000 00:00 0 
7f73ef65c000-7f73ef671000 rw-p 00000000 00:00 0 
7f73ef671000-7f73ef673000 ---p 00000000 00:00 0 
7f73ef673000-7f73ef688000 rw-p 00000000 00:00 0 
7f73ef688000-7f73ef68a000 ---p 00000000 00:00 0 
7f73ef68a000-7f73ef89f000 rw-p 00000000 00:00 0 
7f73ef89f000-7f73ef8a2000 r--s 00025000 fd:03 32507185                   /home/user/.m2/repository/org/apache/maven/shared/maven-shared-utils/3.1.0/maven-shared-utils-3.1.0.jar
7f73ef8a2000-7f73efab3000 r-xp 00000000 fd:03 30673711                   /usr/lib/jvm/java-1.8-openjdk/jre/lib/amd64/libnio.so
7f73efab3000-7f73efab4000 r--p 00011000 fd:03 30673711                   /usr/lib/jvm/java-1.8-openjdk/jre/lib/amd64/libnio.so
7f73efab4000-7f73efab5000 rw-p 00012000 fd:03 30673711                   /usr/lib/jvm/java-1.8-openjdk/jre/lib/amd64/libnio.so
7f73efab5000-7f73f2ab6000 rw-p 00000000 00:00 0 
7f73f2ab6000-7f73f2ccc000 r-xp 00000000 fd:03 30673710                   /usr/lib/jvm/java-1.8-openjdk/jre/lib/amd64/libnet.so
7f73f2ccc000-7f73f2ccd000 r--p 00016000 fd:03 30673710                   /usr/lib/jvm/java-1.8-openjdk/jre/lib/amd64/libnet.so
7f73f2ccd000-7f73f2cce000 rw-p 00017000 fd:03 30673710                   /usr/lib/jvm/java-1.8-openjdk/jre/lib/amd64/libnet.so
7f73f2cce000-7f73f2cd2000 r--s 00058000 fd:03 30673759                   /usr/lib/jvm/java-1.8-openjdk/jre/lib/jsse.jar
7f73f2cd2000-7f73f2cd5000 ---p 00000000 00:00 0 
7f73f2cd5000-7f73f2d0c000 rw-p 00000000 00:00 0 
7f73f2d0c000-7f73f2d0d000 r--s 00006000 fd:03 175179923                  /home/user/.m2/repository/org/apache/maven/surefire/common-junit4/3.0.0-M1/common-junit4-3.0.0-M1.jar
7f73f2d0d000-7f73f2d0e000 r--s 00002000 fd:03 175179925                  /home/user/.m2/repository/org/apache/maven/surefire/common-junit3/3.0.0-M1/common-junit3-3.0.0-M1.jar
7f73f2d0e000-7f73f2d0f000 r--s 00007000 fd:03 175179927                  /home/user/.m2/repository/org/apache/maven/surefire/common-java5/3.0.0-M1/common-java5-3.0.0-M1.jar
7f73f2d0f000-7f73f2d11000 r--s 00003000 fd:03 175179890                  /home/user/.m2/repository/org/apache/maven/surefire/surefire-junit4/3.0.0-M1/surefire-junit4-3.0.0-M1.jar
7f73f2d11000-7f73f2d17000 r--s 00036000 fd:03 32310293                   /home/user/.m2/repository/junit/junit/4.11/junit-4.11.jar
7f73f2d17000-7f73f2d38000 r--s 00172000 fd:03 32243884                   /home/user/.m2/repository/com/google/guava/guava/11.0.2/guava-11.0.2.jar
7f73f2d38000-7f73f2d40000 r--s 0007b000 fd:03 32244000                   /home/user/.m2/repository/com/google/protobuf/protobuf-java/2.5.0/protobuf-java-2.5.0.jar
7f73f2d40000-7f73f2d45000 r--s 0003c000 fd:03 32309713                   /home/user/.m2/repository/info/picocli/picocli/3.9.6/picocli-3.9.6.jar
7f73f2d45000-7f73f2d79000 r--s 0051e000 fd:03 32375584                   /home/user/.m2/repository/org/apache/hadoop/hadoop-hdfs/3.2.0/hadoop-hdfs-3.2.0-tests.jar
7f73f2d79000-7f73f2da4000 r--s 00297000 fd:03 32375560                   /home/user/.m2/repository/org/apache/hadoop/hadoop-common/3.2.0/hadoop-common-3.2.0-tests.jar
7f73f2da4000-7f73f2da7000 r--s 0000e000 fd:03 175179885                  /home/user/.m2/repository/com/fasterxml/jackson/core/jackson-annotations/2.9.9/jackson-annotations-2.9.9.jar
7f73f2da7000-7f73f2dec000 r--s 00486000 fd:03 32375596                   /home/user/.m2/repository/org/apache/hadoop/hadoop-hdfs-client/3.2.0/hadoop-hdfs-client-3.2.0.jar
7f73f2dec000-7f73f2e05000 r--s 0012c000 fd:03 32309852                   /home/user/.m2/repository/io/netty/netty/3.10.5.Final/netty-3.10.5.Final.jar
7f73f2e05000-7f73f2e06000 r--s 00005000 fd:03 32309451                   /home/user/.m2/repository/commons-daemon/commons-daemon/1.0.13/commons-daemon-1.0.13.jar
7f73f2e06000-7f73f2e08000 r--s 00008000 fd:03 175179882                  /home/user/.m2/repository/org/eclipse/jetty/jetty-util-ajax/9.3.25.v20180904/jetty-util-ajax-9.3.25.v20180904.jar
7f73f2e08000-7f73f2e50000 r--s 00557000 fd:03 32375587                   /home/user/.m2/repository/org/apache/hadoop/hadoop-hdfs/3.2.0/hadoop-hdfs-3.2.0.jar
7f73f2e50000-7f73f2e55000 r--s 00047000 fd:03 32309684                   /home/user/.m2/repository/dnsjava/dnsjava/2.1.7/dnsjava-2.1.7.jar
7f73f2e55000-7f73f2e5b000 r--s 00078000 fd:03 32179827                   /home/user/.m2/repository/com/fasterxml/woodstox/woodstox-core/5.0.3/woodstox-core-5.0.3.jar
7f73f2e5b000-7f73f2e5f000 r--s 00024000 fd:03 32637549                   /home/user/.m2/repository/org/codehaus/woodstox/stax2-api/3.1.4/stax2-api-3.1.4.jar
7f73f2e5f000-7f73f2e63000 r--s 0004c000 fd:03 175179870                  /home/user/.m2/repository/com/fasterxml/jackson/core/jackson-core/2.9.9/jackson-core-2.9.9.jar
7f73f2e63000-7f73f2e76000 r--s 00137000 fd:03 175179880                  /home/user/.m2/repository/com/fasterxml/jackson/core/jackson-databind/2.9.9/jackson-databind-2.9.9.jar
7f73f2e76000-7f73f2e78000 r--s 00006000 fd:03 32440466                   /home/user/.m2/repository/org/apache/kerby/kerby-xdr/1.0.1/kerby-xdr-1.0.1.jar
7f73f2e78000-7f73f2e79000 r--s 00004000 fd:03 32440370                   /home/user/.m2/repository/org/apache/kerby/kerb-identity/1.0.1/kerb-identity-1.0.1.jar
7f73f2e79000-7f73f2e7c000 r--s 00012000 fd:03 32440379                   /home/user/.m2/repository/org/apache/kerby/kerb-server/1.0.1/kerb-server-1.0.1.jar
7f73f2e7c000-7f73f2e7f000 r--s 00011000 fd:03 32440325                   /home/user/.m2/repository/org/apache/kerby/kerb-admin/1.0.1/kerb-admin-1.0.1.jar
7f73f2e7f000-7f73f2e80000 r--s 00004000 fd:03 32440475                   /home/user/.m2/repository/org/apache/kerby/token-provider/1.0.1/token-provider-1.0.1.jar
7f73f2e80000-7f73f2e81000 r--s 00008000 fd:03 32440397                   /home/user/.m2/repository/org/apache/kerby/kerb-util/1.0.1/kerb-util-1.0.1.jar
7f73f2e81000-7f73f2e85000 r--s 00019000 fd:03 32440361                   /home/user/.m2/repository/org/apache/kerby/kerb-crypto/1.0.1/kerb-crypto-1.0.1.jar
7f73f2e85000-7f73f2e87000 r--s 0000e000 fd:03 32440343                   /home/user/.m2/repository/org/apache/kerby/kerb-common/1.0.1/kerb-common-1.0.1.jar
7f73f2e87000-7f73f2e88000 r--s 00009000 fd:03 32440457                   /home/user/.m2/repository/org/apache/kerby/kerby-util/1.0.1/kerby-util-1.0.1.jar
7f73f2e88000-7f73f2e8a000 r--s 00017000 fd:03 32440412                   /home/user/.m2/repository/org/apache/kerby/kerby-asn1/1.0.1/kerby-asn1-1.0.1.jar
7f73f2e8a000-7f73f2e91000 r--s 0002b000 fd:03 32440442                   /home/user/.m2/repository/org/apache/kerby/kerby-pkix/1.0.1/kerby-pkix-1.0.1.jar
7f73f2e91000-7f73f2e98000 r--s 00031000 fd:03 32440352                   /home/user/.m2/repository/org/apache/kerby/kerb-core/1.0.1/kerb-core-1.0.1.jar
7f73f2e98000-7f73f2e9a000 r--s 00006000 fd:03 32440427                   /home/user/.m2/repository/org/apache/kerby/kerby-config/1.0.1/kerby-config-1.0.1.jar
7f73f2e9a000-7f73f2e9d000 r--s 00019000 fd:03 32440334                   /home/user/.m2/repository/org/apache/kerby/kerb-client/1.0.1/kerb-client-1.0.1.jar
7f73f2e9d000-7f73f2e9e000 r--s 00004000 fd:03 32440388                   /home/user/.m2/repository/org/apache/kerby/kerb-simplekdc/1.0.1/kerb-simplekdc-1.0.1.jar
7f73f2e9e000-7f73f2ea2000 r--s 00014000 fd:03 32768130                   /home/user/.m2/repository/org/tukaani/xz/1.0/xz-1.0.jar
7f73f2ea2000-7f73f2ea7000 r--s 00036000 fd:03 32375234                   /home/user/.m2/repository/org/apache/commons/commons-compress/1.4.1/commons-compress-1.4.1.jar
7f73f2ea7000-7f73f2ea8000 r--s 00004000 fd:03 32572109                   /home/user/.m2/repository/org/apache/yetus/audience-annotations/0.5.0/audience-annotations-0.5.0.jar
7f73f2ea8000-7f73f2eaa000 r--s 00014000 fd:03 175179879                  /home/user/.m2/repository/jline/jline/0.9.94/jline-0.9.94.jar
7f73f2eaa000-7f73f2eb7000 r--s 000d1000 fd:03 32572125                   /home/user/.m2/repository/org/apache/zookeeper/zookeeper/3.4.13/zookeeper-3.4.13.jar
7f73f2eb7000-7f73f2ed1000 r--s 00155000 fd:03 32375726                   /home/user/.m2/repository/org/apache/htrace/htrace-core4/4.1.0-incubating/htrace-core4-4.1.0-incubating.jar
7f73f2ed1000-7f73f2ed9000 r--s 0003e000 fd:03 32375469                   /home/user/.m2/repository/org/apache/curator/curator-recipes/2.12.0/curator-recipes-2.12.0.jar
7f73f2ed9000-7f73f2f10000 r--s 00219000 fd:03 32375451                   /home/user/.m2/repository/org/apache/curator/curator-client/2.12.0/curator-client-2.12.0.jar
7f73f2f10000-7f73f2f15000 r--s 00040000 fd:03 32244097                   /home/user/.m2/repository/com/jcraft/jsch/0.1.54/jsch-0.1.54.jar
7f73f2f15000-7f73f2f1b000 r--s 0002c000 fd:03 32375460                   /home/user/.m2/repository/org/apache/curator/curator-framework/2.12.0/curator-framework-2.12.0.jar
7f73f2f1b000-7f73f2f1d000 r--s 00006000 fd:03 32374962                   /home/user/.m2/repository/net/minidev/accessors-smart/1.2/accessors-smart-1.2.jar
7f73f2f1d000-7f73f2f20000 r--s 0001b000 fd:03 32374971                   /home/user/.m2/repository/net/minidev/json-smart/2.3/json-smart-2.3.jar
7f73f2f20000-7f73f2f22000 r--s 00000000 fd:03 32243744                   /home/user/.m2/repository/com/github/stephenc/jcip/jcip-annotations/1.0-1/jcip-annotations-1.0-1.jar
7f73f2f22000-7f73f2f28000 r--s 00044000 fd:03 32244143                   /home/user/.m2/repository/com/nimbusds/nimbus-jose-jwt/4.41.1/nimbus-jose-jwt-4.41.1.jar
7f73f2f28000-7f73f2f2a000 r--s 00020000 fd:03 32375542                   /home/user/.m2/repository/org/apache/hadoop/hadoop-auth/3.2.0/hadoop-auth-3.2.0.jar
7f73f2f2a000-7f73f2f2f000 r--s 0002a000 fd:03 32243818                   /home/user/.m2/repository/com/google/code/gson/gson/2.2.4/gson-2.2.4.jar
7f73f2f2f000-7f73f2f31000 r--s 0001e000 fd:03 32244042                   /home/user/.m2/repository/com/google/re2j/re2j/1.1/re2j-1.1.jar
7f73f2f31000-7f73f2f33000 r--s 00130000 fd:03 32768165                   /home/user/.m2/repository/org/xerial/snappy/snappy-java/1.0.5/snappy-java-1.0.5.jar
7f73f2f33000-7f73f2f35000 r--s 00006000 fd:03 32244396                   /home/user/.m2/repository/com/thoughtworks/paranamer/paranamer/2.3/paranamer-2.3.jar
7f73f2f35000-7f73f2f3e000 r--s 00062000 fd:03 32375188                   /home/user/.m2/repository/org/apache/avro/avro/1.7.7/avro-1.7.7.jar
7f73f2f3e000-7f73f2f3f000 r--s 00002000 fd:03 32703229                   /home/user/.m2/repository/org/slf4j/slf4j-log4j12/1.7.25/slf4j-log4j12-1.7.25.jar
7f73f2f3f000-7f73f2f43000 r--s 00029000 fd:03 32375435                   /home/user/.m2/repository/org/apache/commons/commons-text/1.4/commons-text-1.4.jar
7f73f2f43000-7f73f2f4b000 r--s 00072000 fd:03 32375299                   /home/user/.m2/repository/org/apache/commons/commons-lang3/3.7/commons-lang3-3.7.jar
7f73f2f4b000-7f73f2f57000 r--s 0008b000 fd:03 32375251                   /home/user/.m2/repository/org/apache/commons/commons-configuration2/2.1.1/commons-configuration2-2.1.1.jar
7f73f2f57000-7f73f2f5c000 r--s 00038000 fd:03 175179878                  /home/user/.m2/repository/commons-beanutils/commons-beanutils/1.9.4/commons-beanutils-1.9.4.jar
7f73f2f5c000-7f73f2f65000 r--s 0006f000 fd:03 32374805                   /home/user/.m2/repository/log4j/log4j/1.2.17/log4j-1.2.17.jar
7f73f2f65000-7f73f2f67000 r--s 0000e000 fd:03 32309610                   /home/user/.m2/repository/commons-logging/commons-logging/1.1.3/commons-logging-1.1.3.jar
7f73f2f67000-7f73f2f77000 r--s 0009c000 fd:03 32244313                   /home/user/.m2/repository/com/sun/jersey/jersey-server/1.19/jersey-server-1.19.jar
7f73f2f77000-7f73f2f78000 r--s 00006000 fd:03 32572290                   /home/user/.m2/repository/org/codehaus/jackson/jackson-xc/1.9.13/jackson-xc-1.9.13.jar
7f73f2f78000-7f73f2f79000 r--s 00004000 fd:03 32572272                   /home/user/.m2/repository/org/codehaus/jackson/jackson-jaxrs/1.9.13/jackson-jaxrs-1.9.13.jar
7f73f2f79000-7f73f2f87000 r--s 000b1000 fd:03 32572281                   /home/user/.m2/repository/org/codehaus/jackson/jackson-mapper-asl/1.9.13/jackson-mapper-asl-1.9.13.jar
7f73f2f87000-7f73f2f8b000 r--s 00035000 fd:03 32572263                   /home/user/.m2/repository/org/codehaus/jackson/jackson-core-asl/1.9.13/jackson-core-asl-1.9.13.jar
7f73f2f8b000-7f73f2f8e000 r--s 00016000 fd:03 32310225                   /home/user/.m2/repository/javax/xml/bind/jaxb-api/2.2.11/jaxb-api-2.2.11.jar
7f73f2f8e000-7f73f2fa1000 r--s 000c7000 fd:03 32244364                   /home/user/.m2/repository/com/sun/xml/bind/jaxb-impl/2.2.3-1/jaxb-impl-2.2.3-1.jar
7f73f2fa1000-7f73f2fa3000 r--s 0000f000 fd:03 32572300                   /home/user/.m2/repository/org/codehaus/jettison/jettison/1.1/jettison-1.1.jar
7f73f2fa3000-7f73f2fa7000 r--s 00025000 fd:03 32244298                   /home/user/.m2/repository/com/sun/jersey/jersey-json/1.19/jersey-json-1.19.jar
7f73f2fa7000-7f73f2fab000 r--s 0001c000 fd:03 32244322                   /home/user/.m2/repository/com/sun/jersey/jersey-servlet/1.19/jersey-servlet-1.19.jar
7f73f2fab000-7f73f2fad000 r--s 0000a000 fd:03 32310214                   /home/user/.m2/repository/javax/ws/rs/jsr311-api/1.1.1/jsr311-api-1.1.1.jar
7f73f2fad000-7f73f2fb7000 r--s 00061000 fd:03 32244289                   /home/user/.m2/repository/com/sun/jersey/jersey-core/1.19/jersey-core-1.19.jar
7f73f2fb7000-7f73f2fba000 r--s 00016000 fd:03 32310170                   /home/user/.m2/repository/javax/servlet/jsp/jsp-api/2.1/jsp-api-2.1.jar
7f73f2fba000-7f73f2fbb000 r--s 0000c000 fd:03 175179872                  /home/user/.m2/repository/org/eclipse/jetty/jetty-xml/9.3.25.v20180904/jetty-xml-9.3.25.v20180904.jar
7f73f2fbb000-7f73f2fbe000 r--s 0001a000 fd:03 175179871                  /home/user/.m2/repository/org/eclipse/jetty/jetty-webapp/9.3.25.v20180904/jetty-webapp-9.3.25.v20180904.jar
7f73f2fbe000-7f73f2fc1000 r--s 00015000 fd:03 175179865                  /home/user/.m2/repository/org/eclipse/jetty/jetty-security/9.3.25.v20180904/jetty-security-9.3.25.v20180904.jar
7f73f2fc1000-7f73f2fc4000 r--s 0001b000 fd:03 175179866                  /home/user/.m2/repository/org/eclipse/jetty/jetty-servlet/9.3.25.v20180904/jetty-servlet-9.3.25.v20180904.jar
7f73f2fc4000-7f73f2fcb000 r--s 00069000 fd:03 175179860                  /home/user/.m2/repository/org/eclipse/jetty/jetty-util/9.3.25.v20180904/jetty-util-9.3.25.v20180904.jar
7f73f2fcb000-7f73f2fcf000 r--s 0001b000 fd:03 175179862                  /home/user/.m2/repository/org/eclipse/jetty/jetty-io/9.3.25.v20180904/jetty-io-9.3.25.v20180904.jar
7f73f2fcf000-7f73f2fd2000 r--s 00022000 fd:03 175179864                  /home/user/.m2/repository/org/eclipse/jetty/jetty-http/9.3.25.v20180904/jetty-http-9.3.25.v20180904.jar
7f73f2fd2000-7f73f2fda000 r--s 00078000 fd:03 175179858                  /home/user/.m2/repository/org/eclipse/jetty/jetty-server/9.3.25.v20180904/jetty-server-9.3.25.v20180904.jar
7f73f2fda000-7f73f2fdd000 r--s 00015000 fd:03 32310160                   /home/user/.m2/repository/javax/servlet/javax.servlet-api/3.1.0/javax.servlet-api-3.1.0.jar
7f73f2fdd000-7f73f2fea000 r--s 00083000 fd:03 32309431                   /home/user/.m2/repository/commons-collections/commons-collections/3.2.2/commons-collections-3.2.2.jar
7f73f2fea000-7f73f2ff0000 r--s 00046000 fd:03 32309636                   /home/user/.m2/repository/commons-net/commons-net/3.6/commons-net-3.6.jar
7f73f2ff0000-7f73f2ff4000 r--s 0002f000 fd:03 32309542                   /home/user/.m2/repository/commons-io/commons-io/2.5/commons-io-2.5.jar
7f73f2ff4000-7f73f2ffb000 r--s 0004b000 fd:03 32309363                   /home/user/.m2/repository/commons-codec/commons-codec/1.11/commons-codec-1.11.jar
7f73f2ffb000-7f73f3002000 r--s 00049000 fd:03 32375803                   /home/user/.m2/repository/org/apache/httpcomponents/httpcore/4.4.4/httpcore-4.4.4.jar
7f73f3002000-7f73f300f000 r--s 000a7000 fd:03 32375750                   /home/user/.m2/repository/org/apache/httpcomponents/httpclient/4.5.2/httpclient-4.5.2.jar
7f73f300f000-7f73f3011000 r--s 00009000 fd:03 32309345                   /home/user/.m2/repository/commons-cli/commons-cli/1.2/commons-cli-1.2.jar
7f73f3011000-7f73f308a000 r--s 007c0000 fd:03 30673801                   /usr/lib/jvm/java-1.8-openjdk/lib/tools.jar
7f73f308a000-7f73f308b000 r--s 0000e000 fd:03 32375533                   /home/user/.m2/repository/org/apache/hadoop/hadoop-annotations/3.2.0/hadoop-annotations-3.2.0.jar
7f73f308b000-7f73f30c9000 r--s 003aa000 fd:03 32375563                   /home/user/.m2/repository/org/apache/hadoop/hadoop-common/3.2.0/hadoop-common-3.2.0.jar
7f73f30c9000-7f73f30cf000 r--s 00033000 fd:03 32310249                   /home/user/.m2/repository/jaxen/jaxen/1.1.6/jaxen-1.1.6.jar
7f73f30cf000-7f73f30d0000 r--s 00002000 fd:03 32179691                   /home/user/.m2/repository/com/apple/AppleJavaExtensions/1.4/AppleJavaExtensions-1.4.jar
7f73f30d0000-7f73f30d5000 r--s 00041000 fd:03 32309566                   /home/user/.m2/repository/commons-lang/commons-lang/2.6/commons-lang-2.6.jar
7f73f30d5000-7f73f30d7000 r--s 0000c000 fd:03 32702847                   /home/user/.m2/repository/org/ow2/asm/asm/5.0.4/asm-5.0.4.jar
7f73f30d7000-7f73f30d9000 r--s 00006000 fd:03 32702963                   /home/user/.m2/repository/org/ow2/asm/asm-tree/5.0.2/asm-tree-5.0.2.jar
7f73f30d9000-7f73f30db000 r--s 00009000 fd:03 32702898                   /home/user/.m2/repository/org/ow2/asm/asm-commons/5.0.2/asm-commons-5.0.2.jar
7f73f30db000-7f73f30e0000 r--s 00058000 fd:03 32702917                   /home/user/.m2/repository/org/ow2/asm/asm-debug-all/5.0.2/asm-debug-all-5.0.2.jar
7f73f30e0000-7f73f30e5000 r--s 00016000 fd:03 32768281                   /home/user/.m2/repository/xml-apis/xml-apis/1.0.b2/xml-apis-1.0.b2.jar
7f73f30e5000-7f73f30ea000 r--s 00048000 fd:03 32309702                   /home/user/.m2/repository/dom4j/dom4j/1.6.1/dom4j-1.6.1.jar
7f73f30ea000-7f73f30ec000 r--s 00005000 fd:03 32243785                   /home/user/.m2/repository/com/google/code/findbugs/jFormatString/2.0.1/jFormatString-2.0.1.jar
7f73f30ec000-7f73f30f6000 r--s 0008c000 fd:03 32243767                   /home/user/.m2/repository/com/google/code/findbugs/bcel-findbugs/6.0/bcel-findbugs-6.0.jar
7f73f30f6000-7f73f30f9000 r--s 00006000 fd:03 32243808                   /home/user/.m2/repository/com/google/code/findbugs/jsr305/3.0.0/jsr305-3.0.0.jar
7f73f30f9000-7f73f30fa000 r--s 00000000 fd:03 32374952                   /home/user/.m2/repository/net/jcip/jcip-annotations/1.0/jcip-annotations-1.0.jar
7f73f30fa000-7f73f3129000 r--s 00371000 fd:03 32243776                   /home/user/.m2/repository/com/google/code/findbugs/findbugs/3.0.1/findbugs-3.0.1.jar
7f73f3129000-7f73f3181000 r--s 003a7000 fd:03 32572185                   /home/user/.m2/repository/org/bouncycastle/bcprov-jdk15on/1.60/bcprov-jdk15on-1.60.jar
7f73f3181000-7f73f3187000 r--s 00045000 fd:03 32638023                   /home/user/.m2/repository/org/hamcrest/hamcrest-all/1.3/hamcrest-all-1.3.jar
7f73f3187000-7f73f31a4000 r--s 0013e000 fd:03 32702657                   /home/user/.m2/repository/org/mockito/mockito-all/1.8.5/mockito-all-1.8.5.jar
7f73f31a4000-7f73f31a5000 r--s 00007000 fd:03 32702785                   /home/user/.m2/repository/org/openjdk/jmh/jmh-generator-annprocess/1.19/jmh-generator-annprocess-1.19.jar
7f73f31a5000-7f73f31c2000 r--s 0016a000 fd:03 32375308                   /home/user/.m2/repository/org/apache/commons/commons-math3/3.1.1/commons-math3-3.1.1.jar
7f73f31c2000-7f73f31c4000 r--s 0000e000 fd:03 32374988                   /home/user/.m2/repository/net/sf/jopt-simple/jopt-simple/4.6/jopt-simple-4.6.jar
7f73f31c4000-7f73f31cd000 r--s 00072000 fd:03 32702776                   /home/user/.m2/repository/org/openjdk/jmh/jmh-core/1.19/jmh-core-1.19.jar
7f73f31cd000-7f73f31e4000 r--s 00115000 fd:03 32572144                   /home/user/.m2/repository/org/assertj/assertj-core/3.8.0/assertj-core-3.8.0.jar
7f73f31e4000-7f73f31e6000 r--s 00009000 fd:03 32703203                   /home/user/.m2/repository/org/slf4j/slf4j-api/1.7.25/slf4j-api-1.7.25.jar
7f73f31e6000-7f73f31ea000 r--s 0001e000 fd:03 32309725                   /home/user/.m2/repository/io/dropwizard/metrics/metrics-core/3.2.4/metrics-core-3.2.4.jar
7f73f31ea000-7f73f31ec000 r--s 00009000 fd:03 32638032                   /home/user/.m2/repository/org/hamcrest/hamcrest-core/1.3/hamcrest-core-1.3.jar
7f73f31ec000-7f73f3213000 r--s 00205000 fd:03 32309861                   /home/user/.m2/repository/io/netty/netty-all/4.0.52.Final/netty-all-4.0.52.Final.jar
7f73f3213000-7f73f3219000 r--s 0003c000 fd:03 32768194                   /home/user/.m2/repository/org/yaml/snakeyaml/1.16/snakeyaml-1.16.jar
7f73f3219000-7f73f321a000 r--s 00002000 fd:03 32310036                   /home/user/.m2/repository/io/opentracing/opentracing-noop/0.31.0/opentracing-noop-0.31.0.jar
7f73f321a000-7f73f321c000 r--s 00002000 fd:03 32310027                   /home/user/.m2/repository/io/opentracing/opentracing-api/0.31.0/opentracing-api-0.31.0.jar
7f73f321c000-7f73f321d000 r--s 00001000 fd:03 32310045                   /home/user/.m2/repository/io/opentracing/opentracing-util/0.31.0/opentracing-util-0.31.0.jar
7f73f321d000-7f73f321e000 r--s 00001000 fd:03 32310012                   /home/user/.m2/repository/io/opentracing/contrib/opentracing-tracerresolver/0.1.5/opentracing-tracerresolver-0.1.5.jar
7f73f321e000-7f73f321f000 r--s 00000000 fd:03 175180095                  /home/user/.m2/repository/io/jaegertracing/jaeger-tracerresolver/0.34.0/jaeger-tracerresolver-0.34.0.jar
7f73f321f000-7f73f3223000 r--s 0001c000 fd:03 175180067                  /home/user/.m2/repository/io/jaegertracing/jaeger-core/0.34.0/jaeger-core-0.34.0.jar
7f73f3223000-7f73f3224000 r--s 00013000 fd:03 32244237                   /home/user/.m2/repository/com/squareup/okio/okio/1.13.0/okio-1.13.0.jar
7f73f3224000-7f73f322a000 r--s 0005e000 fd:03 32244221                   /home/user/.m2/repository/com/squareup/okhttp3/okhttp/3.9.0/okhttp-3.9.0.jar
7f73f322a000-7f73f3230000 r--s 00037000 fd:03 175180091                  /home/user/.m2/repository/org/apache/thrift/libthrift/0.12.0/libthrift-0.12.0.jar
7f73f3230000-7f73f323e000 r--s 0009e000 fd:03 175180089                  /home/user/.m2/repository/io/jaegertracing/jaeger-thrift/0.34.0/jaeger-thrift-0.34.0.jar
7f73f323e000-7f73f323f000 r--s 00000000 fd:03 175180088                  /home/user/.m2/repository/io/jaegertracing/jaeger-client/0.34.0/jaeger-client-0.34.0.jar
7f73f323f000-7f73f3243000 r--s 00020000 fd:03 32309477                   /home/user/.m2/repository/commons-digester/commons-digester/1.8.1/commons-digester-1.8.1.jar
7f73f3243000-7f73f3247000 r--s 0002a000 fd:03 32309662                   /home/user/.m2/repository/commons-validator/commons-validator/1.6/commons-validator-1.6.jar
7f73f3247000-7f73f325a000 r--s 000b0000 fd:03 32572176                   /home/user/.m2/repository/org/bouncycastle/bcpkix-jdk15on/1.60/bcpkix-jdk15on-1.60.jar
7f73f325a000-7f73f325d000 r--s 0001d000 fd:03 32375426                   /home/user/.m2/repository/org/apache/commons/commons-pool2/2.6.0/commons-pool2-2.6.0.jar
7f73f325d000-7f73f3260000 r--s 00012000 fd:03 32244123                   /home/user/.m2/repository/com/lmax/disruptor/3.4.2/disruptor-3.4.2.jar
7f73f3260000-7f73f3280000 r--s 00167000 fd:03 32440501                   /home/user/.m2/repository/org/apache/logging/log4j/log4j-core/2.11.0/log4j-core-2.11.0.jar
7f73f3280000-7f73f3286000 r--s 0003b000 fd:03 32440492                   /home/user/.m2/repository/org/apache/logging/log4j/log4j-api/2.11.0/log4j-api-2.11.0.jar
7f73f3286000-7f73f328b000 r--s 00c4f000 fd:03 32703154                   /home/user/.m2/repository/org/rocksdb/rocksdbjni/6.0.1/rocksdbjni-6.0.1.jar
7f73f328b000-7f73f328e000 r--s 00018000 fd:03 175180085                  /home/user/.m2/repository/org/apache/ratis/ratis-grpc/0.4.0/ratis-grpc-0.4.0.jar
7f73f328e000-7f73f3290000 r--s 00007000 fd:03 175180083                  /home/user/.m2/repository/org/apache/ratis/ratis-netty/0.4.0/ratis-netty-0.4.0.jar
7f73f3290000-7f73f3292000 r--s 00009000 fd:03 175180082                  /home/user/.m2/repository/info/ganglia/gmetric4j/gmetric4j/1.0.7/gmetric4j-1.0.7.jar
7f73f3292000-7f73f3293000 r--s 00002000 fd:03 175180080                  /home/user/.m2/repository/io/dropwizard/metrics/metrics-ganglia/3.2.5/metrics-ganglia-3.2.5.jar
7f73f3293000-7f73f3295000 r--s 00008000 fd:03 175180076                  /home/user/.m2/repository/io/dropwizard/metrics/metrics-jvm/3.2.5/metrics-jvm-3.2.5.jar
7f73f3295000-7f73f3296000 r--s 00003000 fd:03 175180075                  /home/user/.m2/repository/com/github/joshelser/dropwizard-metrics-hadoop-metrics2-reporter/0.1.2/dropwizard-metrics-hadoop-metrics2-reporter-0.1.2.jar
7f73f3296000-7f73f32a4000 r--s 0010d000 fd:03 175180066                  /home/user/.m2/repository/org/apache/ratis/ratis-proto/0.4.0/ratis-proto-0.4.0.jar
7f73f32a4000-7f73f337e000 r--s 00cc8000 fd:03 32571830                   /home/user/.m2/repository/org/apache/ratis/ratis-thirdparty-misc/0.2.0/ratis-thirdparty-misc-0.2.0.jar
7f73f337e000-7f73f3381000 ---p 00000000 00:00 0 
7f73f3381000-7f73f347f000 rw-p 00000000 00:00 0 
7f73f347f000-7f73f3686000 r-xp 00000000 fd:03 30673708                   /usr/lib/jvm/java-1.8-openjdk/jre/lib/amd64/libmanagement.so
7f73f3686000-7f73f3687000 r--p 00007000 fd:03 30673708                   /usr/lib/jvm/java-1.8-openjdk/jre/lib/amd64/libmanagement.so
7f73f3687000-7f73f3688000 rw-p 00008000 fd:03 30673708                   /usr/lib/jvm/java-1.8-openjdk/jre/lib/amd64/libmanagement.so
7f73f3688000-7f73f368b000 ---p 00000000 00:00 0 
7f73f368b000-7f73f3789000 rw-p 00000000 00:00 0 
7f73f3789000-7f73f378a000 ---p 00000000 00:00 0 
7f73f378a000-7f73f388b000 rw-p 00000000 00:00 0 
7f73f388b000-7f73f388e000 ---p 00000000 00:00 0 
7f73f388e000-7f73f398c000 rw-p 00000000 00:00 0 
7f73f398c000-7f73f398d000 ---p 00000000 00:00 0 
7f73f398d000-7f73f3990000 ---p 00000000 00:00 0 
7f73f3990000-7f73f3a8e000 rw-p 00000000 00:00 0 
7f73f3a8e000-7f73f3a8f000 ---p 00000000 00:00 0 
7f73f3a8f000-7f73f3a92000 ---p 00000000 00:00 0 
7f73f3a92000-7f73f3b90000 rw-p 00000000 00:00 0 
7f73f3b90000-7f73f3b93000 ---p 00000000 00:00 0 
7f73f3b93000-7f73f3c91000 rw-p 00000000 00:00 0 
7f73f3c91000-7f73f3c94000 ---p 00000000 00:00 0 
7f73f3c94000-7f73f3d92000 rw-p 00000000 00:00 0 
7f73f3d92000-7f73f3d95000 ---p 00000000 00:00 0 
7f73f3d95000-7f73f3e93000 rw-p 00000000 00:00 0 
7f73f3e93000-7f73f3e94000 ---p 00000000 00:00 0 
7f73f3e94000-7f73f489e000 rw-p 00000000 00:00 0 
7f73f489e000-7f73f4a6e000 r--s 01f56000 fd:03 30673773                   /usr/lib/jvm/java-1.8-openjdk/jre/lib/rt.jar
7f73f4a6e000-7f73f96e4000 rw-p 00000000 00:00 0 
7f73f96e4000-7f73f96e5000 ---p 00000000 00:00 0 
7f73f96e5000-7f73f97e6000 rw-p 00000000 00:00 0 
7f73f97e6000-7f73f97e7000 ---p 00000000 00:00 0 
7f73f97e7000-7f73f9a89000 rw-p 00000000 00:00 0 
7f73f9a89000-7f73f9b93000 ---p 00000000 00:00 0 
7f73f9b93000-7f73f9d34000 rw-p 00000000 00:00 0 
7f73f9d34000-7f73f9e3d000 ---p 00000000 00:00 0 
7f73f9e3d000-7f73f9fab000 rw-p 00000000 00:00 0 
7f73f9fab000-7f73fa354000 ---p 00000000 00:00 0 
7f73fa354000-7f73fa8f4000 rwxp 00000000 00:00 0 
7f73fa8f4000-7f7409354000 ---p 00000000 00:00 0 
7f7409354000-7f740955b000 r-xp 00000000 fd:03 30673717                   /usr/lib/jvm/java-1.8-openjdk/jre/lib/amd64/libzip.so
7f740955b000-7f740955c000 r--p 00007000 fd:03 30673717                   /usr/lib/jvm/java-1.8-openjdk/jre/lib/amd64/libzip.so
7f740955c000-7f740955d000 rw-p 00008000 fd:03 30673717                   /usr/lib/jvm/java-1.8-openjdk/jre/lib/amd64/libzip.so
7f740955d000-7f7409788000 r-xp 00000000 fd:03 30673698                   /usr/lib/jvm/java-1.8-openjdk/jre/lib/amd64/libjava.so
7f7409788000-7f7409789000 r--p 0002b000 fd:03 30673698                   /usr/lib/jvm/java-1.8-openjdk/jre/lib/amd64/libjava.so
7f7409789000-7f740978a000 rw-p 0002c000 fd:03 30673698                   /usr/lib/jvm/java-1.8-openjdk/jre/lib/amd64/libjava.so
7f740978a000-7f740978b000 rw-p 00000000 00:00 0 
7f740978b000-7f7409997000 r-xp 00000000 fd:03 30673716                   /usr/lib/jvm/java-1.8-openjdk/jre/lib/amd64/libverify.so
7f7409997000-7f7409999000 r--p 0000c000 fd:03 30673716                   /usr/lib/jvm/java-1.8-openjdk/jre/lib/amd64/libverify.so
7f7409999000-7f740999a000 rw-p 0000e000 fd:03 30673716                   /usr/lib/jvm/java-1.8-openjdk/jre/lib/amd64/libverify.so
7f740999a000-7f7409baa000 r-xp 00000000 fd:03 30673874                   /usr/lib/libgcc_s.so.1
7f7409baa000-7f7409bab000 r--p 00010000 fd:03 30673874                   /usr/lib/libgcc_s.so.1
7f7409bab000-7f7409bac000 rw-p 00011000 fd:03 30673874                   /usr/lib/libgcc_s.so.1
7f7409bac000-7f7409eed000 r-xp 00000000 fd:03 30673997                   /usr/lib/libstdc++.so.6.0.22
7f7409eed000-7f7409efb000 r--p 00141000 fd:03 30673997                   /usr/lib/libstdc++.so.6.0.22
7f7409efb000-7f7409efc000 rw-p 0014f000 fd:03 30673997                   /usr/lib/libstdc++.so.6.0.22
7f7409efc000-7f7409eff000 rw-p 00000000 00:00 0 
7f7409eff000-7f740a8d3000 r-xp 00000000 fd:03 30673721                   /usr/lib/jvm/java-1.8-openjdk/jre/lib/amd64/server/libjvm.so
7f740a8d3000-7f740a969000 r--p 007d4000 fd:03 30673721                   /usr/lib/jvm/java-1.8-openjdk/jre/lib/amd64/server/libjvm.so
7f740a969000-7f740a991000 rw-p 0086a000 fd:03 30673721                   /usr/lib/jvm/java-1.8-openjdk/jre/lib/amd64/server/libjvm.so
7f740a991000-7f740a9c2000 rw-p 00000000 00:00 0 
7f740a9c2000-7f740abd7000 r-xp 00000000 fd:03 30540833                   /lib/libz.so.1.2.11
7f740abd7000-7f740abd8000 r--p 00015000 fd:03 30540833                   /lib/libz.so.1.2.11
7f740abd8000-7f740abd9000 rw-p 00016000 fd:03 30540833                   /lib/libz.so.1.2.11
7f740abd9000-7f740ade5000 r-xp 00000000 fd:03 30673682                   /usr/lib/jvm/java-1.8-openjdk/jre/lib/amd64/jli/libjli.so
7f740ade5000-7f740ade6000 r--p 0000c000 fd:03 30673682                   /usr/lib/jvm/java-1.8-openjdk/jre/lib/amd64/jli/libjli.so
7f740ade6000-7f740ade7000 rw-p 0000d000 fd:03 30673682                   /usr/lib/jvm/java-1.8-openjdk/jre/lib/amd64/jli/libjli.so
7f740ade7000-7f740ae74000 r-xp 00000000 fd:03 30605398                   /lib/ld-musl-x86_64.so.1
7f740ae74000-7f740ae75000 r--s 00006000 fd:03 175180068                  /home/user/.m2/repository/org/apache/ratis/ratis-metrics/0.4.0/ratis-metrics-0.4.0.jar
7f740ae75000-7f740ae77000 r--s 0000c000 fd:03 175180070                  /home/user/.m2/repository/org/apache/ratis/ratis-client/0.4.0/ratis-client-0.4.0.jar
7f740ae77000-7f740ae7c000 r--s 0003a000 fd:03 175180072                  /home/user/.m2/repository/org/apache/ratis/ratis-common/0.4.0/ratis-common-0.4.0.jar
7f740ae7c000-7f740ae82000 r--s 00050000 fd:03 175180064                  /home/user/.m2/repository/org/apache/ratis/ratis-server/0.4.0/ratis-server-0.4.0.jar
7f740ae82000-7f740ae85000 r--s 000fd000 fd:03 32637744                   /home/user/.m2/repository/org/fusesource/leveldbjni/leveldbjni-all/1.8/leveldbjni-all-1.8.jar
7f740ae85000-7f740ae87000 r--s 00005000 fd:03 32310099                   /home/user/.m2/repository/javax/annotation/javax.annotation-api/1.2/javax.annotation-api-1.2.jar
7f740ae87000-7f740ae89000 r--s 00002000 fd:03 32571430                   /home/user/.m2/repository/org/apache/maven/surefire/surefire-logger-api/3.0.0-M1/surefire-logger-api-3.0.0-M1.jar
7f740ae89000-7f740ae8e000 r--s 00027000 fd:03 32571412                   /home/user/.m2/repository/org/apache/maven/surefire/surefire-api/3.0.0-M1/surefire-api-3.0.0-M1.jar
7f740ae8e000-7f740ae94000 r--s 00047000 fd:03 32571421                   /home/user/.m2/repository/org/apache/maven/surefire/surefire-booter/3.0.0-M1/surefire-booter-3.0.0-M1.jar
7f740ae94000-7f740ae95000 r--s 00004000 fd:05 43256268                   /workdir/hadoop-hdds/server-scm/target/surefire/surefirebooter1403090352256807744.jar
7f740ae95000-7f740ae96000 r--s 00000000 fd:03 30540769                   /etc/localtime
7f740ae96000-7f740af67000 rw-p 00000000 00:00 0 
7f740af67000-7f740af6f000 rw-s 00000000 fd:03 173801648                  /tmp/hsperfdata_jenkins1000/9104
7f740af6f000-7f740af70000 rw-p 00000000 00:00 0 
7f740af70000-7f740af71000 r--p 00000000 00:00 0 
7f740af71000-7f740af73000 ---p 00000000 00:00 0 
7f740af73000-7f740af76000 ---p 00000000 00:00 0 
7f740af76000-7f740b074000 rw-p 00000000 00:00 0 
7f740b074000-7f740b075000 r--p 0008d000 fd:03 30605398                   /lib/ld-musl-x86_64.so.1
7f740b075000-7f740b076000 rw-p 0008e000 fd:03 30605398                   /lib/ld-musl-x86_64.so.1
7f740b076000-7f740b079000 rw-p 00000000 00:00 0 
7ffdbdce5000-7ffdbdd07000 rw-p 00000000 00:00 0                          [stack]
7ffdbdd41000-7ffdbdd43000 r-xp 00000000 00:00 0                          [vdso]
ffffffffff600000-ffffffffff601000 r-xp 00000000 00:00 0                  [vsyscall]

VM Arguments:
jvm_args: -Xmx2048m -XX:+HeapDumpOnOutOfMemoryError 
java_command: /workdir/hadoop-hdds/server-scm/target/surefire/surefirebooter1403090352256807744.jar /workdir/hadoop-hdds/server-scm/target/surefire 2019-09-26T11-24-26_773-jvmRun1 surefire1015631671121202475tmp surefire_807503924252574047953tmp
java_class_path (initial): /workdir/hadoop-hdds/server-scm/target/surefire/surefirebooter1403090352256807744.jar
Launcher Type: SUN_STANDARD

Environment Variables:
PATH=/usr/local/sbin:/usr/local/bin:/usr/sbin:/usr/bin:/sbin:/bin:/opt/findbugs/bin:/opt/blockade/bin
LD_LIBRARY_PATH=/usr/lib/jvm/java-1.8-openjdk/jre/lib/amd64/server:/usr/lib/jvm/java-1.8-openjdk/jre/lib/amd64:/usr/lib/jvm/java-1.8-openjdk/jre/../lib/amd64:/workdir/hadoop-hdds/server-scm/target/native/target/usr/local/lib:/workdir/hadoop-hdds/server-scm/../../hadoop-common-project/hadoop-common/target/native/target/usr/local/lib
DYLD_LIBRARY_PATH=${env.DYLD_LIBRARY_PATH}:/workdir/hadoop-hdds/server-scm/target/native/target/usr/local/lib:/workdir/hadoop-hdds/server-scm/../../hadoop-common-project/hadoop-common/target/native/target/usr/local/lib

Signal Handlers:
SIGSEGV: [libjvm.so+0x600fd2], sa_mask[0]=11111111011111111101111111111110, sa_flags=SA_RESTART|SA_SIGINFO
SIGBUS: [libjvm.so+0x600fd2], sa_mask[0]=11111111011111111101111111111110, sa_flags=SA_RESTART|SA_SIGINFO
SIGFPE: [libjvm.so+0x539502], sa_mask[0]=11111111011111111101111111111110, sa_flags=SA_RESTART|SA_SIGINFO
SIGPIPE: [libjvm.so+0x539502], sa_mask[0]=11111111011111111101111111111110, sa_flags=SA_RESTART|SA_SIGINFO
SIGXFSZ: [libjvm.so+0x539502], sa_mask[0]=11111111011111111101111111111110, sa_flags=SA_RESTART|SA_SIGINFO
SIGILL: [libjvm.so+0x539502], sa_mask[0]=11111111011111111101111111111110, sa_flags=SA_RESTART|SA_SIGINFO
SIGUSR1: SIG_DFL, sa_mask[0]=00000000000000000000000000000000, sa_flags=none
SIGUSR2: [libjvm.so+0x5396a1], sa_mask[0]=00100000000000000000000000000000, sa_flags=SA_RESTART|SA_SIGINFO
SIGHUP: [libjvm.so+0x53b719], sa_mask[0]=11111111011111111101111111111110, sa_flags=SA_RESTART|SA_SIGINFO
SIGINT: [libjvm.so+0x53b719], sa_mask[0]=11111111011111111101111111111110, sa_flags=SA_RESTART|SA_SIGINFO
SIGTERM: [libjvm.so+0x53b719], sa_mask[0]=11111111011111111101111111111110, sa_flags=SA_RESTART|SA_SIGINFO
SIGQUIT: [libjvm.so+0x53b719], sa_mask[0]=11111111011111111101111111111110, sa_flags=SA_RESTART|SA_SIGINFO


---------------  S Y S T E M  ---------------

OS:NAME="Alpine Linux"
ID=alpine
VERSION_ID=3.8.2
PRETTY_NAME="Alpine Linux v3.8"
HOME_URL="http://alpinelinux.org"
BUG_REPORT_URL="http://bugs.alpinelinux.org"

uname:Linux 3.10.0-957.12.2.el7.x86_64 #1 SMP Tue May 14 21:24:32 UTC 2019 x86_64
libc:glibc 2.9 NPTL 
rlimit: STACK 8192k, CORE infinity, NPROC 1048576, NOFILE 1048576, AS infinity
load average:5.64 4.83 3.81

/proc/meminfo:
MemTotal:       263864180 kB
MemFree:         4743576 kB
MemAvailable:   159486468 kB
Buffers:         7104896 kB
Cached:         146478424 kB
SwapCached:            0 kB
Active:         178770548 kB
Inactive:       71285364 kB
Active(anon):   99068040 kB
Inactive(anon):  1876424 kB
Active(file):   79702508 kB
Inactive(file): 69408940 kB
Unevictable:          32 kB
Mlocked:              32 kB
SwapTotal:             0 kB
SwapFree:              0 kB
Dirty:             22900 kB
Writeback:             8 kB
AnonPages:      96472976 kB
Mapped:           259464 kB
Shmem:           4471872 kB
Slab:            7096824 kB
SReclaimable:    6515624 kB
SUnreclaim:       581200 kB
KernelStack:       51232 kB
PageTables:       255804 kB
NFS_Unstable:          0 kB
Bounce:                0 kB
WritebackTmp:          0 kB
CommitLimit:    131932088 kB
Committed_AS:   72899188 kB
VmallocTotal:   34359738367 kB
VmallocUsed:      747972 kB
VmallocChunk:   34224629700 kB
HardwareCorrupted:     0 kB
AnonHugePages:  34719744 kB
CmaTotal:              0 kB
CmaFree:               0 kB
HugePages_Total:       0
HugePages_Free:        0
HugePages_Rsvd:        0
HugePages_Surp:        0
Hugepagesize:       2048 kB
DirectMap4k:      473848 kB
DirectMap2M:    50798592 kB
DirectMap1G:    219152384 kB

container (cgroup) information:
container_type: cgroupv1
cpu_cpuset_cpus: 0-31
cpu_memory_nodes: 0-1
active_processor_count: 2
cpu_quota: -1
cpu_period: 100000
cpu_shares: 2048
memory_limit_in_bytes: -1
memory_and_swap_limit_in_bytes: -1
memory_soft_limit_in_bytes: -1
memory_usage_in_bytes: 11659702272
memory_max_usage_in_bytes: 12159897600


CPU:total 32 (initial active 2) (8 cores per cpu, 2 threads per core) family 6 model 63 stepping 2, cmov, cx8, fxsr, mmx, sse, sse2, sse3, ssse3, sse4.1, sse4.2, popcnt, avx, avx2, aes, clmul, erms, lzcnt, ht, tsc, tscinvbit, bmi1, bmi2

/proc/cpuinfo:
processor	: 0
vendor_id	: GenuineIntel
cpu family	: 6
model		: 63
model name	: Intel(R) Xeon(R) CPU E5-2630 v3 @ 2.40GHz
stepping	: 2
microcode	: 0x43
cpu MHz		: 2396.044
cache size	: 20480 KB
physical id	: 0
siblings	: 16
core id		: 0
cpu cores	: 8
apicid		: 0
initial apicid	: 0
fpu		: yes
fpu_exception	: yes
cpuid level	: 15
wp		: yes
flags		: fpu vme de pse tsc msr pae mce cx8 apic sep mtrr pge mca cmov pat pse36 clflush dts acpi mmx fxsr sse sse2 ss ht tm pbe syscall nx pdpe1gb rdtscp lm constant_tsc arch_perfmon pebs bts rep_good nopl xtopology nonstop_tsc aperfmperf eagerfpu pni pclmulqdq dtes64 monitor ds_cpl vmx smx est tm2 ssse3 sdbg fma cx16 xtpr pdcm pcid dca sse4_1 sse4_2 x2apic movbe popcnt tsc_deadline_timer aes xsave avx f16c rdrand lahf_lm abm epb intel_ppin ssbd ibrs ibpb stibp tpr_shadow vnmi flexpriority ept vpid fsgsbase tsc_adjust bmi1 avx2 smep bmi2 erms invpcid cqm xsaveopt cqm_llc cqm_occup_llc dtherm ida arat pln pts md_clear spec_ctrl intel_stibp flush_l1d
bogomips	: 4788.16
clflush size	: 64
cache_alignment	: 64
address sizes	: 46 bits physical, 48 bits virtual
power management:

processor	: 1
vendor_id	: GenuineIntel
cpu family	: 6
model		: 63
model name	: Intel(R) Xeon(R) CPU E5-2630 v3 @ 2.40GHz
stepping	: 2
microcode	: 0x43
cpu MHz		: 1203.222
cache size	: 20480 KB
physical id	: 0
siblings	: 16
core id		: 1
cpu cores	: 8
apicid		: 2
initial apicid	: 2
fpu		: yes
fpu_exception	: yes
cpuid level	: 15
wp		: yes
flags		: fpu vme de pse tsc msr pae mce cx8 apic sep mtrr pge mca cmov pat pse36 clflush dts acpi mmx fxsr sse sse2 ss ht tm pbe syscall nx pdpe1gb rdtscp lm constant_tsc arch_perfmon pebs bts rep_good nopl xtopology nonstop_tsc aperfmperf eagerfpu pni pclmulqdq dtes64 monitor ds_cpl vmx smx est tm2 ssse3 sdbg fma cx16 xtpr pdcm pcid dca sse4_1 sse4_2 x2apic movbe popcnt tsc_deadline_timer aes xsave avx f16c rdrand lahf_lm abm epb intel_ppin ssbd ibrs ibpb stibp tpr_shadow vnmi flexpriority ept vpid fsgsbase tsc_adjust bmi1 avx2 smep bmi2 erms invpcid cqm xsaveopt cqm_llc cqm_occup_llc dtherm ida arat pln pts md_clear spec_ctrl intel_stibp flush_l1d
bogomips	: 4788.16
clflush size	: 64
cache_alignment	: 64
address sizes	: 46 bits physical, 48 bits virtual
power management:

processor	: 2
vendor_id	: GenuineIntel
cpu family	: 6
model		: 63
model name	: Intel(R) Xeon(R) CPU E5-2630 v3 @ 2.40GHz
stepping	: 2
microcode	: 0x43
cpu MHz		: 1498.388
cache size	: 20480 KB
physical id	: 0
siblings	: 16
core id		: 2
cpu cores	: 8
apicid		: 4
initial apicid	: 4
fpu		: yes
fpu_exception	: yes
cpuid level	: 15
wp		: yes
flags		: fpu vme de pse tsc msr pae mce cx8 apic sep mtrr pge mca cmov pat pse36 clflush dts acpi mmx fxsr sse sse2 ss ht tm pbe syscall nx pdpe1gb rdtscp lm constant_tsc arch_perfmon pebs bts rep_good nopl xtopology nonstop_tsc aperfmperf eagerfpu pni pclmulqdq dtes64 monitor ds_cpl vmx smx est tm2 ssse3 sdbg fma cx16 xtpr pdcm pcid dca sse4_1 sse4_2 x2apic movbe popcnt tsc_deadline_timer aes xsave avx f16c rdrand lahf_lm abm epb intel_ppin ssbd ibrs ibpb stibp tpr_shadow vnmi flexpriority ept vpid fsgsbase tsc_adjust bmi1 avx2 smep bmi2 erms invpcid cqm xsaveopt cqm_llc cqm_occup_llc dtherm ida arat pln pts md_clear spec_ctrl intel_stibp flush_l1d
bogomips	: 4788.16
clflush size	: 64
cache_alignment	: 64
address sizes	: 46 bits physical, 48 bits virtual
power management:

processor	: 3
vendor_id	: GenuineIntel
cpu family	: 6
model		: 63
model name	: Intel(R) Xeon(R) CPU E5-2630 v3 @ 2.40GHz
stepping	: 2
microcode	: 0x43
cpu MHz		: 2600.097
cache size	: 20480 KB
physical id	: 0
siblings	: 16
core id		: 3
cpu cores	: 8
apicid		: 6
initial apicid	: 6
fpu		: yes
fpu_exception	: yes
cpuid level	: 15
wp		: yes
flags		: fpu vme de pse tsc msr pae mce cx8 apic sep mtrr pge mca cmov pat pse36 clflush dts acpi mmx fxsr sse sse2 ss ht tm pbe syscall nx pdpe1gb rdtscp lm constant_tsc arch_perfmon pebs bts rep_good nopl xtopology nonstop_tsc aperfmperf eagerfpu pni pclmulqdq dtes64 monitor ds_cpl vmx smx est tm2 ssse3 sdbg fma cx16 xtpr pdcm pcid dca sse4_1 sse4_2 x2apic movbe popcnt tsc_deadline_timer aes xsave avx f16c rdrand lahf_lm abm epb intel_ppin ssbd ibrs ibpb stibp tpr_shadow vnmi flexpriority ept vpid fsgsbase tsc_adjust bmi1 avx2 smep bmi2 erms invpcid cqm xsaveopt cqm_llc cqm_occup_llc dtherm ida arat pln pts md_clear spec_ctrl intel_stibp flush_l1d
bogomips	: 4788.16
clflush size	: 64
cache_alignment	: 64
address sizes	: 46 bits physical, 48 bits virtual
power management:

processor	: 4
vendor_id	: GenuineIntel
cpu family	: 6
model		: 63
model name	: Intel(R) Xeon(R) CPU E5-2630 v3 @ 2.40GHz
stepping	: 2
microcode	: 0x43
cpu MHz		: 2399.707
cache size	: 20480 KB
physical id	: 0
siblings	: 16
core id		: 4
cpu cores	: 8
apicid		: 8
initial apicid	: 8
fpu		: yes
fpu_exception	: yes
cpuid level	: 15
wp		: yes
flags		: fpu vme de pse tsc msr pae mce cx8 apic sep mtrr pge mca cmov pat pse36 clflush dts acpi mmx fxsr sse sse2 ss ht tm pbe syscall nx pdpe1gb rdtscp lm constant_tsc arch_perfmon pebs bts rep_good nopl xtopology nonstop_tsc aperfmperf eagerfpu pni pclmulqdq dtes64 monitor ds_cpl vmx smx est tm2 ssse3 sdbg fma cx16 xtpr pdcm pcid dca sse4_1 sse4_2 x2apic movbe popcnt tsc_deadline_timer aes xsave avx f16c rdrand lahf_lm abm epb intel_ppin ssbd ibrs ibpb stibp tpr_shadow vnmi flexpriority ept vpid fsgsbase tsc_adjust bmi1 avx2 smep bmi2 erms invpcid cqm xsaveopt cqm_llc cqm_occup_llc dtherm ida arat pln pts md_clear spec_ctrl intel_stibp flush_l1d
bogomips	: 4788.16
clflush size	: 64
cache_alignment	: 64
address sizes	: 46 bits physical, 48 bits virtual
power management:

processor	: 5
vendor_id	: GenuineIntel
cpu family	: 6
model		: 63
model name	: Intel(R) Xeon(R) CPU E5-2630 v3 @ 2.40GHz
stepping	: 2
microcode	: 0x43
cpu MHz		: 1235.888
cache size	: 20480 KB
physical id	: 0
siblings	: 16
core id		: 5
cpu cores	: 8
apicid		: 10
initial apicid	: 10
fpu		: yes
fpu_exception	: yes
cpuid level	: 15
wp		: yes
flags		: fpu vme de pse tsc msr pae mce cx8 apic sep mtrr pge mca cmov pat pse36 clflush dts acpi mmx fxsr sse sse2 ss ht tm pbe syscall nx pdpe1gb rdtscp lm constant_tsc arch_perfmon pebs bts rep_good nopl xtopology nonstop_tsc aperfmperf eagerfpu pni pclmulqdq dtes64 monitor ds_cpl vmx smx est tm2 ssse3 sdbg fma cx16 xtpr pdcm pcid dca sse4_1 sse4_2 x2apic movbe popcnt tsc_deadline_timer aes xsave avx f16c rdrand lahf_lm abm epb intel_ppin ssbd ibrs ibpb stibp tpr_shadow vnmi flexpriority ept vpid fsgsbase tsc_adjust bmi1 avx2 smep bmi2 erms invpcid cqm xsaveopt cqm_llc cqm_occup_llc dtherm ida arat pln pts md_clear spec_ctrl intel_stibp flush_l1d
bogomips	: 4788.16
clflush size	: 64
cache_alignment	: 64
address sizes	: 46 bits physical, 48 bits virtual
power management:

processor	: 6
vendor_id	: GenuineIntel
cpu family	: 6
model		: 63
model name	: Intel(R) Xeon(R) CPU E5-2630 v3 @ 2.40GHz
stepping	: 2
microcode	: 0x43
cpu MHz		: 2022.509
cache size	: 20480 KB
physical id	: 0
siblings	: 16
core id		: 6
cpu cores	: 8
apicid		: 12
initial apicid	: 12
fpu		: yes
fpu_exception	: yes
cpuid level	: 15
wp		: yes
flags		: fpu vme de pse tsc msr pae mce cx8 apic sep mtrr pge mca cmov pat pse36 clflush dts acpi mmx fxsr sse sse2 ss ht tm pbe syscall nx pdpe1gb rdtscp lm constant_tsc arch_perfmon pebs bts rep_good nopl xtopology nonstop_tsc aperfmperf eagerfpu pni pclmulqdq dtes64 monitor ds_cpl vmx smx est tm2 ssse3 sdbg fma cx16 xtpr pdcm pcid dca sse4_1 sse4_2 x2apic movbe popcnt tsc_deadline_timer aes xsave avx f16c rdrand lahf_lm abm epb intel_ppin ssbd ibrs ibpb stibp tpr_shadow vnmi flexpriority ept vpid fsgsbase tsc_adjust bmi1 avx2 smep bmi2 erms invpcid cqm xsaveopt cqm_llc cqm_occup_llc dtherm ida arat pln pts md_clear spec_ctrl intel_stibp flush_l1d
bogomips	: 4788.16
clflush size	: 64
cache_alignment	: 64
address sizes	: 46 bits physical, 48 bits virtual
power management:

processor	: 7
vendor_id	: GenuineIntel
cpu family	: 6
model		: 63
model name	: Intel(R) Xeon(R) CPU E5-2630 v3 @ 2.40GHz
stepping	: 2
microcode	: 0x43
cpu MHz		: 1399.072
cache size	: 20480 KB
physical id	: 0
siblings	: 16
core id		: 7
cpu cores	: 8
apicid		: 14
initial apicid	: 14
fpu		: yes
fpu_exception	: yes
cpuid level	: 15
wp		: yes
flags		: fpu vme de pse tsc msr pae mce cx8 apic sep mtrr pge mca cmov pat pse36 clflush dts acpi mmx fxsr sse sse2 ss ht tm pbe syscall nx pdpe1gb rdtscp lm constant_tsc arch_perfmon pebs bts rep_good nopl xtopology nonstop_tsc aperfmperf eagerfpu pni pclmulqdq dtes64 monitor ds_cpl vmx smx est tm2 ssse3 sdbg fma cx16 xtpr pdcm pcid dca sse4_1 sse4_2 x2apic movbe popcnt tsc_deadline_timer aes xsave avx f16c rdrand lahf_lm abm epb intel_ppin ssbd ibrs ibpb stibp tpr_shadow vnmi flexpriority ept vpid fsgsbase tsc_adjust bmi1 avx2 smep bmi2 erms invpcid cqm xsaveopt cqm_llc cqm_occup_llc dtherm ida arat pln pts md_clear spec_ctrl intel_stibp flush_l1d
bogomips	: 4788.16
clflush size	: 64
cache_alignment	: 64
address sizes	: 46 bits physical, 48 bits virtual
power management:

processor	: 8
vendor_id	: GenuineIntel
cpu family	: 6
model		: 63
model name	: Intel(R) Xeon(R) CPU E5-2630 v3 @ 2.40GHz
stepping	: 2
microcode	: 0x43
cpu MHz		: 2196.093
cache size	: 20480 KB
physical id	: 1
siblings	: 16
core id		: 0
cpu cores	: 8
apicid		: 16
initial apicid	: 16
fpu		: yes
fpu_exception	: yes
cpuid level	: 15
wp		: yes
flags		: fpu vme de pse tsc msr pae mce cx8 apic sep mtrr pge mca cmov pat pse36 clflush dts acpi mmx fxsr sse sse2 ss ht tm pbe syscall nx pdpe1gb rdtscp lm constant_tsc arch_perfmon pebs bts rep_good nopl xtopology nonstop_tsc aperfmperf eagerfpu pni pclmulqdq dtes64 monitor ds_cpl vmx smx est tm2 ssse3 sdbg fma cx16 xtpr pdcm pcid dca sse4_1 sse4_2 x2apic movbe popcnt tsc_deadline_timer aes xsave avx f16c rdrand lahf_lm abm epb intel_ppin ssbd ibrs ibpb stibp tpr_shadow vnmi flexpriority ept vpid fsgsbase tsc_adjust bmi1 avx2 smep bmi2 erms invpcid cqm xsaveopt cqm_llc cqm_occup_llc dtherm ida arat pln pts md_clear spec_ctrl intel_stibp flush_l1d
bogomips	: 4793.27
clflush size	: 64
cache_alignment	: 64
address sizes	: 46 bits physical, 48 bits virtual
power management:

processor	: 9
vendor_id	: GenuineIntel
cpu family	: 6
model		: 63
model name	: Intel(R) Xeon(R) CPU E5-2630 v3 @ 2.40GHz
stepping	: 2
microcode	: 0x43
cpu MHz		: 1699.951
cache size	: 20480 KB
physical id	: 1
siblings	: 16
core id		: 1
cpu cores	: 8
apicid		: 18
initial apicid	: 18
fpu		: yes
fpu_exception	: yes
cpuid level	: 15
wp		: yes
flags		: fpu vme de pse tsc msr pae mce cx8 apic sep mtrr pge mca cmov pat pse36 clflush dts acpi mmx fxsr sse sse2 ss ht tm pbe syscall nx pdpe1gb rdtscp lm constant_tsc arch_perfmon pebs bts rep_good nopl xtopology nonstop_tsc aperfmperf eagerfpu pni pclmulqdq dtes64 monitor ds_cpl vmx smx est tm2 ssse3 sdbg fma cx16 xtpr pdcm pcid dca sse4_1 sse4_2 x2apic movbe popcnt tsc_deadline_timer aes xsave avx f16c rdrand lahf_lm abm epb intel_ppin ssbd ibrs ibpb stibp tpr_shadow vnmi flexpriority ept vpid fsgsbase tsc_adjust bmi1 avx2 smep bmi2 erms invpcid cqm xsaveopt cqm_llc cqm_occup_llc dtherm ida arat pln pts md_clear spec_ctrl intel_stibp flush_l1d
bogomips	: 4793.27
clflush size	: 64
cache_alignment	: 64
address sizes	: 46 bits physical, 48 bits virtual
power management:

processor	: 10
vendor_id	: GenuineIntel
cpu family	: 6
model		: 63
model name	: Intel(R) Xeon(R) CPU E5-2630 v3 @ 2.40GHz
stepping	: 2
microcode	: 0x43
cpu MHz		: 1299.755
cache size	: 20480 KB
physical id	: 1
siblings	: 16
core id		: 2
cpu cores	: 8
apicid		: 20
initial apicid	: 20
fpu		: yes
fpu_exception	: yes
cpuid level	: 15
wp		: yes
flags		: fpu vme de pse tsc msr pae mce cx8 apic sep mtrr pge mca cmov pat pse36 clflush dts acpi mmx fxsr sse sse2 ss ht tm pbe syscall nx pdpe1gb rdtscp lm constant_tsc arch_perfmon pebs bts rep_good nopl xtopology nonstop_tsc aperfmperf eagerfpu pni pclmulqdq dtes64 monitor ds_cpl vmx smx est tm2 ssse3 sdbg fma cx16 xtpr pdcm pcid dca sse4_1 sse4_2 x2apic movbe popcnt tsc_deadline_timer aes xsave avx f16c rdrand lahf_lm abm epb intel_ppin ssbd ibrs ibpb stibp tpr_shadow vnmi flexpriority ept vpid fsgsbase tsc_adjust bmi1 avx2 smep bmi2 erms invpcid cqm xsaveopt cqm_llc cqm_occup_llc dtherm ida arat pln pts md_clear spec_ctrl intel_stibp flush_l1d
bogomips	: 4793.27
clflush size	: 64
cache_alignment	: 64
address sizes	: 46 bits physical, 48 bits virtual
power management:

processor	: 11
vendor_id	: GenuineIntel
cpu family	: 6
model		: 63
model name	: Intel(R) Xeon(R) CPU E5-2630 v3 @ 2.40GHz
stepping	: 2
microcode	: 0x43
cpu MHz		: 2397.802
cache size	: 20480 KB
physical id	: 1
siblings	: 16
core id		: 3
cpu cores	: 8
apicid		: 22
initial apicid	: 22
fpu		: yes
fpu_exception	: yes
cpuid level	: 15
wp		: yes
flags		: fpu vme de pse tsc msr pae mce cx8 apic sep mtrr pge mca cmov pat pse36 clflush dts acpi mmx fxsr sse sse2 ss ht tm pbe syscall nx pdpe1gb rdtscp lm constant_tsc arch_perfmon pebs bts rep_good nopl xtopology nonstop_tsc aperfmperf eagerfpu pni pclmulqdq dtes64 monitor ds_cpl vmx smx est tm2 ssse3 sdbg fma cx16 xtpr pdcm pcid dca sse4_1 sse4_2 x2apic movbe popcnt tsc_deadline_timer aes xsave avx f16c rdrand lahf_lm abm epb intel_ppin ssbd ibrs ibpb stibp tpr_shadow vnmi flexpriority ept vpid fsgsbase tsc_adjust bmi1 avx2 smep bmi2 erms invpcid cqm xsaveopt cqm_llc cqm_occup_llc dtherm ida arat pln pts md_clear spec_ctrl intel_stibp flush_l1d
bogomips	: 4793.27
clflush size	: 64
cache_alignment	: 64
address sizes	: 46 bits physical, 48 bits virtual
power management:

processor	: 12
vendor_id	: GenuineIntel
cpu family	: 6
model		: 63
model name	: Intel(R) Xeon(R) CPU E5-2630 v3 @ 2.40GHz
stepping	: 2
microcode	: 0x43
cpu MHz		: 2657.958
cache size	: 20480 KB
physical id	: 1
siblings	: 16
core id		: 4
cpu cores	: 8
apicid		: 24
initial apicid	: 24
fpu		: yes
fpu_exception	: yes
cpuid level	: 15
wp		: yes
flags		: fpu vme de pse tsc msr pae mce cx8 apic sep mtrr pge mca cmov pat pse36 clflush dts acpi mmx fxsr sse sse2 ss ht tm pbe syscall nx pdpe1gb rdtscp lm constant_tsc arch_perfmon pebs bts rep_good nopl xtopology nonstop_tsc aperfmperf eagerfpu pni pclmulqdq dtes64 monitor ds_cpl vmx smx est tm2 ssse3 sdbg fma cx16 xtpr pdcm pcid dca sse4_1 sse4_2 x2apic movbe popcnt tsc_deadline_timer aes xsave avx f16c rdrand lahf_lm abm epb intel_ppin ssbd ibrs ibpb stibp tpr_shadow vnmi flexpriority ept vpid fsgsbase tsc_adjust bmi1 avx2 smep bmi2 erms invpcid cqm xsaveopt cqm_llc cqm_occup_llc dtherm ida arat pln pts md_clear spec_ctrl intel_stibp flush_l1d
bogomips	: 4793.27
clflush size	: 64
cache_alignment	: 64
address sizes	: 46 bits physical, 48 bits virtual
power management:

processor	: 13
vendor_id	: GenuineIntel
cpu family	: 6
model		: 63
model name	: Intel(R) Xeon(R) CPU E5-2630 v3 @ 2.40GHz
stepping	: 2
microcode	: 0x43
cpu MHz		: 1296.679
cache size	: 20480 KB
physical id	: 1
siblings	: 16
core id		: 5
cpu cores	: 8
apicid		: 26
initial apicid	: 26
fpu		: yes
fpu_exception	: yes
cpuid level	: 15
wp		: yes
flags		: fpu vme de pse tsc msr pae mce cx8 apic sep mtrr pge mca cmov pat pse36 clflush dts acpi mmx fxsr sse sse2 ss ht tm pbe syscall nx pdpe1gb rdtscp lm constant_tsc arch_perfmon pebs bts rep_good nopl xtopology nonstop_tsc aperfmperf eagerfpu pni pclmulqdq dtes64 monitor ds_cpl vmx smx est tm2 ssse3 sdbg fma cx16 xtpr pdcm pcid dca sse4_1 sse4_2 x2apic movbe popcnt tsc_deadline_timer aes xsave avx f16c rdrand lahf_lm abm epb intel_ppin ssbd ibrs ibpb stibp tpr_shadow vnmi flexpriority ept vpid fsgsbase tsc_adjust bmi1 avx2 smep bmi2 erms invpcid cqm xsaveopt cqm_llc cqm_occup_llc dtherm ida arat pln pts md_clear spec_ctrl intel_stibp flush_l1d
bogomips	: 4793.27
clflush size	: 64
cache_alignment	: 64
address sizes	: 46 bits physical, 48 bits virtual
power management:

processor	: 14
vendor_id	: GenuineIntel
cpu family	: 6
model		: 63
model name	: Intel(R) Xeon(R) CPU E5-2630 v3 @ 2.40GHz
stepping	: 2
microcode	: 0x43
cpu MHz		: 1599.169
cache size	: 20480 KB
physical id	: 1
siblings	: 16
core id		: 6
cpu cores	: 8
apicid		: 28
initial apicid	: 28
fpu		: yes
fpu_exception	: yes
cpuid level	: 15
wp		: yes
flags		: fpu vme de pse tsc msr pae mce cx8 apic sep mtrr pge mca cmov pat pse36 clflush dts acpi mmx fxsr sse sse2 ss ht tm pbe syscall nx pdpe1gb rdtscp lm constant_tsc arch_perfmon pebs bts rep_good nopl xtopology nonstop_tsc aperfmperf eagerfpu pni pclmulqdq dtes64 monitor ds_cpl vmx smx est tm2 ssse3 sdbg fma cx16 xtpr pdcm pcid dca sse4_1 sse4_2 x2apic movbe popcnt tsc_deadline_timer aes xsave avx f16c rdrand lahf_lm abm epb intel_ppin ssbd ibrs ibpb stibp tpr_shadow vnmi flexpriority ept vpid fsgsbase tsc_adjust bmi1 avx2 smep bmi2 erms invpcid cqm xsaveopt cqm_llc cqm_occup_llc dtherm ida arat pln pts md_clear spec_ctrl intel_stibp flush_l1d
bogomips	: 4793.27
clflush size	: 64
cache_alignment	: 64
address sizes	: 46 bits physical, 48 bits virtual
power management:

processor	: 15
vendor_id	: GenuineIntel
cpu family	: 6
model		: 63
model name	: Intel(R) Xeon(R) CPU E5-2630 v3 @ 2.40GHz
stepping	: 2
microcode	: 0x43
cpu MHz		: 2399.853
cache size	: 20480 KB
physical id	: 1
siblings	: 16
core id		: 7
cpu cores	: 8
apicid		: 30
initial apicid	: 30
fpu		: yes
fpu_exception	: yes
cpuid level	: 15
wp		: yes
flags		: fpu vme de pse tsc msr pae mce cx8 apic sep mtrr pge mca cmov pat pse36 clflush dts acpi mmx fxsr sse sse2 ss ht tm pbe syscall nx pdpe1gb rdtscp lm constant_tsc arch_perfmon pebs bts rep_good nopl xtopology nonstop_tsc aperfmperf eagerfpu pni pclmulqdq dtes64 monitor ds_cpl vmx smx est tm2 ssse3 sdbg fma cx16 xtpr pdcm pcid dca sse4_1 sse4_2 x2apic movbe popcnt tsc_deadline_timer aes xsave avx f16c rdrand lahf_lm abm epb intel_ppin ssbd ibrs ibpb stibp tpr_shadow vnmi flexpriority ept vpid fsgsbase tsc_adjust bmi1 avx2 smep bmi2 erms invpcid cqm xsaveopt cqm_llc cqm_occup_llc dtherm ida arat pln pts md_clear spec_ctrl intel_stibp flush_l1d
bogomips	: 4793.27
clflush size	: 64
cache_alignment	: 64
address sizes	: 46 bits physical, 48 bits virtual
power management:

processor	: 16
vendor_id	: GenuineIntel
cpu family	: 6
model		: 63
model name	: Intel(R) Xeon(R) CPU E5-2630 v3 @ 2.40GHz
stepping	: 2
microcode	: 0x43
cpu MHz		: 1365.966
cache size	: 20480 KB
physical id	: 0
siblings	: 16
core id		: 0
cpu cores	: 8
apicid		: 1
initial apicid	: 1
fpu		: yes
fpu_exception	: yes
cpuid level	: 15
wp		: yes
flags		: fpu vme de pse tsc msr pae mce cx8 apic sep mtrr pge mca cmov pat pse36 clflush dts acpi mmx fxsr sse sse2 ss ht tm pbe syscall nx pdpe1gb rdtscp lm constant_tsc arch_perfmon pebs bts rep_good nopl xtopology nonstop_tsc aperfmperf eagerfpu pni pclmulqdq dtes64 monitor ds_cpl vmx smx est tm2 ssse3 sdbg fma cx16 xtpr pdcm pcid dca sse4_1 sse4_2 x2apic movbe popcnt tsc_deadline_timer aes xsave avx f16c rdrand lahf_lm abm epb intel_ppin ssbd ibrs ibpb stibp tpr_shadow vnmi flexpriority ept vpid fsgsbase tsc_adjust bmi1 avx2 smep bmi2 erms invpcid cqm xsaveopt cqm_llc cqm_occup_llc dtherm ida arat pln pts md_clear spec_ctrl intel_stibp flush_l1d
bogomips	: 4788.16
clflush size	: 64
cache_alignment	: 64
address sizes	: 46 bits physical, 48 bits virtual
power management:

processor	: 17
vendor_id	: GenuineIntel
cpu family	: 6
model		: 63
model name	: Intel(R) Xeon(R) CPU E5-2630 v3 @ 2.40GHz
stepping	: 2
microcode	: 0x43
cpu MHz		: 1238.964
cache size	: 20480 KB
physical id	: 0
siblings	: 16
core id		: 1
cpu cores	: 8
apicid		: 3
initial apicid	: 3
fpu		: yes
fpu_exception	: yes
cpuid level	: 15
wp		: yes
flags		: fpu vme de pse tsc msr pae mce cx8 apic sep mtrr pge mca cmov pat pse36 clflush dts acpi mmx fxsr sse sse2 ss ht tm pbe syscall nx pdpe1gb rdtscp lm constant_tsc arch_perfmon pebs bts rep_good nopl xtopology nonstop_tsc aperfmperf eagerfpu pni pclmulqdq dtes64 monitor ds_cpl vmx smx est tm2 ssse3 sdbg fma cx16 xtpr pdcm pcid dca sse4_1 sse4_2 x2apic movbe popcnt tsc_deadline_timer aes xsave avx f16c rdrand lahf_lm abm epb intel_ppin ssbd ibrs ibpb stibp tpr_shadow vnmi flexpriority ept vpid fsgsbase tsc_adjust bmi1 avx2 smep bmi2 erms invpcid cqm xsaveopt cqm_llc cqm_occup_llc dtherm ida arat pln pts md_clear spec_ctrl intel_stibp flush_l1d
bogomips	: 4788.16
clflush size	: 64
cache_alignment	: 64
address sizes	: 46 bits physical, 48 bits virtual
power management:

processor	: 18
vendor_id	: GenuineIntel
cpu family	: 6
model		: 63
model name	: Intel(R) Xeon(R) CPU E5-2630 v3 @ 2.40GHz
stepping	: 2
microcode	: 0x43
cpu MHz		: 1359.082
cache size	: 20480 KB
physical id	: 0
siblings	: 16
core id		: 2
cpu cores	: 8
apicid		: 5
initial apicid	: 5
fpu		: yes
fpu_exception	: yes
cpuid level	: 15
wp		: yes
flags		: fpu vme de pse tsc msr pae mce cx8 apic sep mtrr pge mca cmov pat pse36 clflush dts acpi mmx fxsr sse sse2 ss ht tm pbe syscall nx pdpe1gb rdtscp lm constant_tsc arch_perfmon pebs bts rep_good nopl xtopology nonstop_tsc aperfmperf eagerfpu pni pclmulqdq dtes64 monitor ds_cpl vmx smx est tm2 ssse3 sdbg fma cx16 xtpr pdcm pcid dca sse4_1 sse4_2 x2apic movbe popcnt tsc_deadline_timer aes xsave avx f16c rdrand lahf_lm abm epb intel_ppin ssbd ibrs ibpb stibp tpr_shadow vnmi flexpriority ept vpid fsgsbase tsc_adjust bmi1 avx2 smep bmi2 erms invpcid cqm xsaveopt cqm_llc cqm_occup_llc dtherm ida arat pln pts md_clear spec_ctrl intel_stibp flush_l1d
bogomips	: 4788.16
clflush size	: 64
cache_alignment	: 64
address sizes	: 46 bits physical, 48 bits virtual
power management:

processor	: 19
vendor_id	: GenuineIntel
cpu family	: 6
model		: 63
model name	: Intel(R) Xeon(R) CPU E5-2630 v3 @ 2.40GHz
stepping	: 2
microcode	: 0x43
cpu MHz		: 2786.865
cache size	: 20480 KB
physical id	: 0
siblings	: 16
core id		: 3
cpu cores	: 8
apicid		: 7
initial apicid	: 7
fpu		: yes
fpu_exception	: yes
cpuid level	: 15
wp		: yes
flags		: fpu vme de pse tsc msr pae mce cx8 apic sep mtrr pge mca cmov pat pse36 clflush dts acpi mmx fxsr sse sse2 ss ht tm pbe syscall nx pdpe1gb rdtscp lm constant_tsc arch_perfmon pebs bts rep_good nopl xtopology nonstop_tsc aperfmperf eagerfpu pni pclmulqdq dtes64 monitor ds_cpl vmx smx est tm2 ssse3 sdbg fma cx16 xtpr pdcm pcid dca sse4_1 sse4_2 x2apic movbe popcnt tsc_deadline_timer aes xsave avx f16c rdrand lahf_lm abm epb intel_ppin ssbd ibrs ibpb stibp tpr_shadow vnmi flexpriority ept vpid fsgsbase tsc_adjust bmi1 avx2 smep bmi2 erms invpcid cqm xsaveopt cqm_llc cqm_occup_llc dtherm ida arat pln pts md_clear spec_ctrl intel_stibp flush_l1d
bogomips	: 4788.16
clflush size	: 64
cache_alignment	: 64
address sizes	: 46 bits physical, 48 bits virtual
power management:

processor	: 20
vendor_id	: GenuineIntel
cpu family	: 6
model		: 63
model name	: Intel(R) Xeon(R) CPU E5-2630 v3 @ 2.40GHz
stepping	: 2
microcode	: 0x43
cpu MHz		: 2399.853
cache size	: 20480 KB
physical id	: 0
siblings	: 16
core id		: 4
cpu cores	: 8
apicid		: 9
initial apicid	: 9
fpu		: yes
fpu_exception	: yes
cpuid level	: 15
wp		: yes
flags		: fpu vme de pse tsc msr pae mce cx8 apic sep mtrr pge mca cmov pat pse36 clflush dts acpi mmx fxsr sse sse2 ss ht tm pbe syscall nx pdpe1gb rdtscp lm constant_tsc arch_perfmon pebs bts rep_good nopl xtopology nonstop_tsc aperfmperf eagerfpu pni pclmulqdq dtes64 monitor ds_cpl vmx smx est tm2 ssse3 sdbg fma cx16 xtpr pdcm pcid dca sse4_1 sse4_2 x2apic movbe popcnt tsc_deadline_timer aes xsave avx f16c rdrand lahf_lm abm epb intel_ppin ssbd ibrs ibpb stibp tpr_shadow vnmi flexpriority ept vpid fsgsbase tsc_adjust bmi1 avx2 smep bmi2 erms invpcid cqm xsaveopt cqm_llc cqm_occup_llc dtherm ida arat pln pts md_clear spec_ctrl intel_stibp flush_l1d
bogomips	: 4788.16
clflush size	: 64
cache_alignment	: 64
address sizes	: 46 bits physical, 48 bits virtual
power management:

processor	: 21
vendor_id	: GenuineIntel
cpu family	: 6
model		: 63
model name	: Intel(R) Xeon(R) CPU E5-2630 v3 @ 2.40GHz
stepping	: 2
microcode	: 0x43
cpu MHz		: 1366.552
cache size	: 20480 KB
physical id	: 0
siblings	: 16
core id		: 5
cpu cores	: 8
apicid		: 11
initial apicid	: 11
fpu		: yes
fpu_exception	: yes
cpuid level	: 15
wp		: yes
flags		: fpu vme de pse tsc msr pae mce cx8 apic sep mtrr pge mca cmov pat pse36 clflush dts acpi mmx fxsr sse sse2 ss ht tm pbe syscall nx pdpe1gb rdtscp lm constant_tsc arch_perfmon pebs bts rep_good nopl xtopology nonstop_tsc aperfmperf eagerfpu pni pclmulqdq dtes64 monitor ds_cpl vmx smx est tm2 ssse3 sdbg fma cx16 xtpr pdcm pcid dca sse4_1 sse4_2 x2apic movbe popcnt tsc_deadline_timer aes xsave avx f16c rdrand lahf_lm abm epb intel_ppin ssbd ibrs ibpb stibp tpr_shadow vnmi flexpriority ept vpid fsgsbase tsc_adjust bmi1 avx2 smep bmi2 erms invpcid cqm xsaveopt cqm_llc cqm_occup_llc dtherm ida arat pln pts md_clear spec_ctrl intel_stibp flush_l1d
bogomips	: 4788.16
clflush size	: 64
cache_alignment	: 64
address sizes	: 46 bits physical, 48 bits virtual
power management:

processor	: 22
vendor_id	: GenuineIntel
cpu family	: 6
model		: 63
model name	: Intel(R) Xeon(R) CPU E5-2630 v3 @ 2.40GHz
stepping	: 2
microcode	: 0x43
cpu MHz		: 2159.179
cache size	: 20480 KB
physical id	: 0
siblings	: 16
core id		: 6
cpu cores	: 8
apicid		: 13
initial apicid	: 13
fpu		: yes
fpu_exception	: yes
cpuid level	: 15
wp		: yes
flags		: fpu vme de pse tsc msr pae mce cx8 apic sep mtrr pge mca cmov pat pse36 clflush dts acpi mmx fxsr sse sse2 ss ht tm pbe syscall nx pdpe1gb rdtscp lm constant_tsc arch_perfmon pebs bts rep_good nopl xtopology nonstop_tsc aperfmperf eagerfpu pni pclmulqdq dtes64 monitor ds_cpl vmx smx est tm2 ssse3 sdbg fma cx16 xtpr pdcm pcid dca sse4_1 sse4_2 x2apic movbe popcnt tsc_deadline_timer aes xsave avx f16c rdrand lahf_lm abm epb intel_ppin ssbd ibrs ibpb stibp tpr_shadow vnmi flexpriority ept vpid fsgsbase tsc_adjust bmi1 avx2 smep bmi2 erms invpcid cqm xsaveopt cqm_llc cqm_occup_llc dtherm ida arat pln pts md_clear spec_ctrl intel_stibp flush_l1d
bogomips	: 4788.16
clflush size	: 64
cache_alignment	: 64
address sizes	: 46 bits physical, 48 bits virtual
power management:

processor	: 23
vendor_id	: GenuineIntel
cpu family	: 6
model		: 63
model name	: Intel(R) Xeon(R) CPU E5-2630 v3 @ 2.40GHz
stepping	: 2
microcode	: 0x43
cpu MHz		: 1269.287
cache size	: 20480 KB
physical id	: 0
siblings	: 16
core id		: 7
cpu cores	: 8
apicid		: 15
initial apicid	: 15
fpu		: yes
fpu_exception	: yes
cpuid level	: 15
wp		: yes
flags		: fpu vme de pse tsc msr pae mce cx8 apic sep mtrr pge mca cmov pat pse36 clflush dts acpi mmx fxsr sse sse2 ss ht tm pbe syscall nx pdpe1gb rdtscp lm constant_tsc arch_perfmon pebs bts rep_good nopl xtopology nonstop_tsc aperfmperf eagerfpu pni pclmulqdq dtes64 monitor ds_cpl vmx smx est tm2 ssse3 sdbg fma cx16 xtpr pdcm pcid dca sse4_1 sse4_2 x2apic movbe popcnt tsc_deadline_timer aes xsave avx f16c rdrand lahf_lm abm epb intel_ppin ssbd ibrs ibpb stibp tpr_shadow vnmi flexpriority ept vpid fsgsbase tsc_adjust bmi1 avx2 smep bmi2 erms invpcid cqm xsaveopt cqm_llc cqm_occup_llc dtherm ida arat pln pts md_clear spec_ctrl intel_stibp flush_l1d
bogomips	: 4788.16
clflush size	: 64
cache_alignment	: 64
address sizes	: 46 bits physical, 48 bits virtual
power management:

processor	: 24
vendor_id	: GenuineIntel
cpu family	: 6
model		: 63
model name	: Intel(R) Xeon(R) CPU E5-2630 v3 @ 2.40GHz
stepping	: 2
microcode	: 0x43
cpu MHz		: 1912.353
cache size	: 20480 KB
physical id	: 1
siblings	: 16
core id		: 0
cpu cores	: 8
apicid		: 17
initial apicid	: 17
fpu		: yes
fpu_exception	: yes
cpuid level	: 15
wp		: yes
flags		: fpu vme de pse tsc msr pae mce cx8 apic sep mtrr pge mca cmov pat pse36 clflush dts acpi mmx fxsr sse sse2 ss ht tm pbe syscall nx pdpe1gb rdtscp lm constant_tsc arch_perfmon pebs bts rep_good nopl xtopology nonstop_tsc aperfmperf eagerfpu pni pclmulqdq dtes64 monitor ds_cpl vmx smx est tm2 ssse3 sdbg fma cx16 xtpr pdcm pcid dca sse4_1 sse4_2 x2apic movbe popcnt tsc_deadline_timer aes xsave avx f16c rdrand lahf_lm abm epb intel_ppin ssbd ibrs ibpb stibp tpr_shadow vnmi flexpriority ept vpid fsgsbase tsc_adjust bmi1 avx2 smep bmi2 erms invpcid cqm xsaveopt cqm_llc cqm_occup_llc dtherm ida arat pln pts md_clear spec_ctrl intel_stibp flush_l1d
bogomips	: 4793.27
clflush size	: 64
cache_alignment	: 64
address sizes	: 46 bits physical, 48 bits virtual
power management:

processor	: 25
vendor_id	: GenuineIntel
cpu family	: 6
model		: 63
model name	: Intel(R) Xeon(R) CPU E5-2630 v3 @ 2.40GHz
stepping	: 2
microcode	: 0x43
cpu MHz		: 1754.882
cache size	: 20480 KB
physical id	: 1
siblings	: 16
core id		: 1
cpu cores	: 8
apicid		: 19
initial apicid	: 19
fpu		: yes
fpu_exception	: yes
cpuid level	: 15
wp		: yes
flags		: fpu vme de pse tsc msr pae mce cx8 apic sep mtrr pge mca cmov pat pse36 clflush dts acpi mmx fxsr sse sse2 ss ht tm pbe syscall nx pdpe1gb rdtscp lm constant_tsc arch_perfmon pebs bts rep_good nopl xtopology nonstop_tsc aperfmperf eagerfpu pni pclmulqdq dtes64 monitor ds_cpl vmx smx est tm2 ssse3 sdbg fma cx16 xtpr pdcm pcid dca sse4_1 sse4_2 x2apic movbe popcnt tsc_deadline_timer aes xsave avx f16c rdrand lahf_lm abm epb intel_ppin ssbd ibrs ibpb stibp tpr_shadow vnmi flexpriority ept vpid fsgsbase tsc_adjust bmi1 avx2 smep bmi2 erms invpcid cqm xsaveopt cqm_llc cqm_occup_llc dtherm ida arat pln pts md_clear spec_ctrl intel_stibp flush_l1d
bogomips	: 4793.27
clflush size	: 64
cache_alignment	: 64
address sizes	: 46 bits physical, 48 bits virtual
power management:

processor	: 26
vendor_id	: GenuineIntel
cpu family	: 6
model		: 63
model name	: Intel(R) Xeon(R) CPU E5-2630 v3 @ 2.40GHz
stepping	: 2
microcode	: 0x43
cpu MHz		: 1762.353
cache size	: 20480 KB
physical id	: 1
siblings	: 16
core id		: 2
cpu cores	: 8
apicid		: 21
initial apicid	: 21
fpu		: yes
fpu_exception	: yes
cpuid level	: 15
wp		: yes
flags		: fpu vme de pse tsc msr pae mce cx8 apic sep mtrr pge mca cmov pat pse36 clflush dts acpi mmx fxsr sse sse2 ss ht tm pbe syscall nx pdpe1gb rdtscp lm constant_tsc arch_perfmon pebs bts rep_good nopl xtopology nonstop_tsc aperfmperf eagerfpu pni pclmulqdq dtes64 monitor ds_cpl vmx smx est tm2 ssse3 sdbg fma cx16 xtpr pdcm pcid dca sse4_1 sse4_2 x2apic movbe popcnt tsc_deadline_timer aes xsave avx f16c rdrand lahf_lm abm epb intel_ppin ssbd ibrs ibpb stibp tpr_shadow vnmi flexpriority ept vpid fsgsbase tsc_adjust bmi1 avx2 smep bmi2 erms invpcid cqm xsaveopt cqm_llc cqm_occup_llc dtherm ida arat pln pts md_clear spec_ctrl intel_stibp flush_l1d
bogomips	: 4793.27
clflush size	: 64
cache_alignment	: 64
address sizes	: 46 bits physical, 48 bits virtual
power management:

processor	: 27
vendor_id	: GenuineIntel
cpu family	: 6
model		: 63
model name	: Intel(R) Xeon(R) CPU E5-2630 v3 @ 2.40GHz
stepping	: 2
microcode	: 0x43
cpu MHz		: 2400.000
cache size	: 20480 KB
physical id	: 1
siblings	: 16
core id		: 3
cpu cores	: 8
apicid		: 23
initial apicid	: 23
fpu		: yes
fpu_exception	: yes
cpuid level	: 15
wp		: yes
flags		: fpu vme de pse tsc msr pae mce cx8 apic sep mtrr pge mca cmov pat pse36 clflush dts acpi mmx fxsr sse sse2 ss ht tm pbe syscall nx pdpe1gb rdtscp lm constant_tsc arch_perfmon pebs bts rep_good nopl xtopology nonstop_tsc aperfmperf eagerfpu pni pclmulqdq dtes64 monitor ds_cpl vmx smx est tm2 ssse3 sdbg fma cx16 xtpr pdcm pcid dca sse4_1 sse4_2 x2apic movbe popcnt tsc_deadline_timer aes xsave avx f16c rdrand lahf_lm abm epb intel_ppin ssbd ibrs ibpb stibp tpr_shadow vnmi flexpriority ept vpid fsgsbase tsc_adjust bmi1 avx2 smep bmi2 erms invpcid cqm xsaveopt cqm_llc cqm_occup_llc dtherm ida arat pln pts md_clear spec_ctrl intel_stibp flush_l1d
bogomips	: 4793.27
clflush size	: 64
cache_alignment	: 64
address sizes	: 46 bits physical, 48 bits virtual
power management:

processor	: 28
vendor_id	: GenuineIntel
cpu family	: 6
model		: 63
model name	: Intel(R) Xeon(R) CPU E5-2630 v3 @ 2.40GHz
stepping	: 2
microcode	: 0x43
cpu MHz		: 2603.466
cache size	: 20480 KB
physical id	: 1
siblings	: 16
core id		: 4
cpu cores	: 8
apicid		: 25
initial apicid	: 25
fpu		: yes
fpu_exception	: yes
cpuid level	: 15
wp		: yes
flags		: fpu vme de pse tsc msr pae mce cx8 apic sep mtrr pge mca cmov pat pse36 clflush dts acpi mmx fxsr sse sse2 ss ht tm pbe syscall nx pdpe1gb rdtscp lm constant_tsc arch_perfmon pebs bts rep_good nopl xtopology nonstop_tsc aperfmperf eagerfpu pni pclmulqdq dtes64 monitor ds_cpl vmx smx est tm2 ssse3 sdbg fma cx16 xtpr pdcm pcid dca sse4_1 sse4_2 x2apic movbe popcnt tsc_deadline_timer aes xsave avx f16c rdrand lahf_lm abm epb intel_ppin ssbd ibrs ibpb stibp tpr_shadow vnmi flexpriority ept vpid fsgsbase tsc_adjust bmi1 avx2 smep bmi2 erms invpcid cqm xsaveopt cqm_llc cqm_occup_llc dtherm ida arat pln pts md_clear spec_ctrl intel_stibp flush_l1d
bogomips	: 4793.27
clflush size	: 64
cache_alignment	: 64
address sizes	: 46 bits physical, 48 bits virtual
power management:

processor	: 29
vendor_id	: GenuineIntel
cpu family	: 6
model		: 63
model name	: Intel(R) Xeon(R) CPU E5-2630 v3 @ 2.40GHz
stepping	: 2
microcode	: 0x43
cpu MHz		: 2264.355
cache size	: 20480 KB
physical id	: 1
siblings	: 16
core id		: 5
cpu cores	: 8
apicid		: 27
initial apicid	: 27
fpu		: yes
fpu_exception	: yes
cpuid level	: 15
wp		: yes
flags		: fpu vme de pse tsc msr pae mce cx8 apic sep mtrr pge mca cmov pat pse36 clflush dts acpi mmx fxsr sse sse2 ss ht tm pbe syscall nx pdpe1gb rdtscp lm constant_tsc arch_perfmon pebs bts rep_good nopl xtopology nonstop_tsc aperfmperf eagerfpu pni pclmulqdq dtes64 monitor ds_cpl vmx smx est tm2 ssse3 sdbg fma cx16 xtpr pdcm pcid dca sse4_1 sse4_2 x2apic movbe popcnt tsc_deadline_timer aes xsave avx f16c rdrand lahf_lm abm epb intel_ppin ssbd ibrs ibpb stibp tpr_shadow vnmi flexpriority ept vpid fsgsbase tsc_adjust bmi1 avx2 smep bmi2 erms invpcid cqm xsaveopt cqm_llc cqm_occup_llc dtherm ida arat pln pts md_clear spec_ctrl intel_stibp flush_l1d
bogomips	: 4793.27
clflush size	: 64
cache_alignment	: 64
address sizes	: 46 bits physical, 48 bits virtual
power management:

processor	: 30
vendor_id	: GenuineIntel
cpu family	: 6
model		: 63
model name	: Intel(R) Xeon(R) CPU E5-2630 v3 @ 2.40GHz
stepping	: 2
microcode	: 0x43
cpu MHz		: 1234.277
cache size	: 20480 KB
physical id	: 1
siblings	: 16
core id		: 6
cpu cores	: 8
apicid		: 29
initial apicid	: 29
fpu		: yes
fpu_exception	: yes
cpuid level	: 15
wp		: yes
flags		: fpu vme de pse tsc msr pae mce cx8 apic sep mtrr pge mca cmov pat pse36 clflush dts acpi mmx fxsr sse sse2 ss ht tm pbe syscall nx pdpe1gb rdtscp lm constant_tsc arch_perfmon pebs bts rep_good nopl xtopology nonstop_tsc aperfmperf eagerfpu pni pclmulqdq dtes64 monitor ds_cpl vmx smx est tm2 ssse3 sdbg fma cx16 xtpr pdcm pcid dca sse4_1 sse4_2 x2apic movbe popcnt tsc_deadline_timer aes xsave avx f16c rdrand lahf_lm abm epb intel_ppin ssbd ibrs ibpb stibp tpr_shadow vnmi flexpriority ept vpid fsgsbase tsc_adjust bmi1 avx2 smep bmi2 erms invpcid cqm xsaveopt cqm_llc cqm_occup_llc dtherm ida arat pln pts md_clear spec_ctrl intel_stibp flush_l1d
bogomips	: 4793.27
clflush size	: 64
cache_alignment	: 64
address sizes	: 46 bits physical, 48 bits virtual
power management:

processor	: 31
vendor_id	: GenuineIntel
cpu family	: 6
model		: 63
model name	: Intel(R) Xeon(R) CPU E5-2630 v3 @ 2.40GHz
stepping	: 2
microcode	: 0x43
cpu MHz		: 2399.853
cache size	: 20480 KB
physical id	: 1
siblings	: 16
core id		: 7
cpu cores	: 8
apicid		: 31
initial apicid	: 31
fpu		: yes
fpu_exception	: yes
cpuid level	: 15
wp		: yes
flags		: fpu vme de pse tsc msr pae mce cx8 apic sep mtrr pge mca cmov pat pse36 clflush dts acpi mmx fxsr sse sse2 ss ht tm pbe syscall nx pdpe1gb rdtscp lm constant_tsc arch_perfmon pebs bts rep_good nopl xtopology nonstop_tsc aperfmperf eagerfpu pni pclmulqdq dtes64 monitor ds_cpl vmx smx est tm2 ssse3 sdbg fma cx16 xtpr pdcm pcid dca sse4_1 sse4_2 x2apic movbe popcnt tsc_deadline_timer aes xsave avx f16c rdrand lahf_lm abm epb intel_ppin ssbd ibrs ibpb stibp tpr_shadow vnmi flexpriority ept vpid fsgsbase tsc_adjust bmi1 avx2 smep bmi2 erms invpcid cqm xsaveopt cqm_llc cqm_occup_llc dtherm ida arat pln pts md_clear spec_ctrl intel_stibp flush_l1d
bogomips	: 4793.27
clflush size	: 64
cache_alignment	: 64
address sizes	: 46 bits physical, 48 bits virtual
power management:



Memory: 4k page, physical 263864180k(4742336k free), swap 0k(0k free)

vm_info: OpenJDK 64-Bit Server VM (25.212-b04) for linux-amd64 JRE (1.8.0_212-b04), built on Aug 12 2019 13:15:31 by "buildozer" with gcc 6.4.0

time: Thu Sep 26 11:32:49 2019
timezone: UTC
elapsed time: 5 seconds (0d 0h 0m 5s)

