#
# A fatal error has been detected by the Java Runtime Environment:
#
#  SIGSEGV (0xb) at pc=0x00007f130ac3b810, pid=13763, tid=0x00007f12ee86eae0
#
# JRE version: OpenJDK Runtime Environment (8.0_212-b04) (build 1.8.0_212-b04)
# Java VM: OpenJDK 64-Bit Server VM (25.212-b04 mixed mode linux-amd64 compressed oops)
# Derivative: IcedTea 3.12.0
# Distribution: Custom build (Mon Aug 12 12:56:32 UTC 2019)
# Problematic frame:
# C  [ld-musl-x86_64.so.1+0x53810]  pthread_setname_np+0x5e
#
# Core dump written. Default location: /workdir/hadoop-ozone/ozone-manager/core or core.13763
#
# If you would like to submit a bug report, please include
# instructions on how to reproduce the bug and visit:
#   https://icedtea.classpath.org/bugzilla
#

---------------  T H R E A D  ---------------

Current thread is native thread

siginfo: si_signo: 11 (SIGSEGV), si_code: 1 (SEGV_MAPERR), si_addr: 0x0000000000000038

Registers:
RAX=0x00007f12ee86eae0, RBX=0x0000000000000022, RCX=0x0000000000000000, RDX=0x0000000000000000
RSP=0x00007f12ee86e680, RBP=0x0000000000000000, RSI=0x0000000000000000, RDI=0xff73725e6f6c7463
R8 =0x0000000000000000, R9 =0x8080808080808080, R10=0xfefefefefefefeff, R11=0x0000000000000212
R12=0x000055557fff6758, R13=0x000000000000000f, R14=0x00007f12ee86eae0, R15=0x00007f130ae74ae8
RIP=0x00007f130ac3b810, EFLAGS=0x0000000000010202, CSGSFS=0x0000000000000033, ERR=0x0000000000000004
  TRAPNO=0x000000000000000e

Top of Stack: (sp=0x00007f12ee86e680)
0x00007f12ee86e680:   0000000000000000 0000000000000000
0x00007f12ee86e690:   0000000000000000 0000000000000000
0x00007f12ee86e6a0:   0000000000000000 0000000000000000
0x00007f12ee86e6b0:   0000000000000000 00005555800a0900
0x00007f12ee86e6c0:   00007f12ee86e710 0000000000000000
0x00007f12ee86e6d0:   00005555800a0940 00007f12edba2ec9
0x00007f12ee86e6e0:   0000000000000000 0000555580519f60
0x00007f12ee86e6f0:   0000000000000000 00007f12ee86e760
0x00007f12ee86e700:   00007f12ee86eae0 00007f130ae74ae8
0x00007f12ee86e710:   0000000000000000 00007f1309a6bf41
0x00007f12ee86e720:   0000000000000000 00007f12ee86eae0
0x00007f12ee86e730:   0000000000000000 00007f130ac3a6c2
0x00007f12ee86e740:   0000000000000000 0000000000000000
0x00007f12ee86e750:   0000000000017000 00007f130ac3c5b1
0x00007f12ee86e760:   0000000000000002 00007f12ee86eac0
0x00007f12ee86e770:   00007f12ee86e790 0000000000000000
0x00007f12ee86e780:   0000000000000000 0000000000000000
0x00007f12ee86e790:   0000000000000002 0000000000000000
0x00007f12ee86e7a0:   0000000000000000 0000000000000000
0x00007f12ee86e7b0:   0000000000000000 0000000000000000
0x00007f12ee86e7c0:   0000000000000000 0000000000000000
0x00007f12ee86e7d0:   0000000000000000 0000000000000000
0x00007f12ee86e7e0:   0000000000000000 0000000000000000
0x00007f12ee86e7f0:   0000000000000000 0000000000000000
0x00007f12ee86e800:   0000000000000000 0000000000000000
0x00007f12ee86e810:   0000000000000000 0000000000000000
0x00007f12ee86e820:   0000000000000000 0000000000000000
0x00007f12ee86e830:   0000000000000000 0000000000000000
0x00007f12ee86e840:   0000000000000000 0000000000000000
0x00007f12ee86e850:   0000000000000000 0000000000000000
0x00007f12ee86e860:   0000000000000000 0000000000000000
0x00007f12ee86e870:   0000000000000000 0000000000000000 

Instructions: (pc=0x00007f130ac3b810)
0x00007f130ac3b7f0:   31 d2 31 c0 4c 89 e6 bf 0f 00 00 00 e8 65 d8 fc
0x00007f130ac3b800:   ff 85 c0 89 c3 74 7e e8 25 a7 fc ff 8b 18 eb 75
0x00007f130ac3b810:   8b 4d 38 48 8d 5c 24 0e 48 8d 15 f2 92 03 00 be
0x00007f130ac3b820:   22 00 00 00 31 c0 48 89 df e8 35 68 ff ff 48 8d 

Register to memory mapping:

RAX=0x00007f12ee86eae0 is an unknown value
RBX=0x0000000000000022 is an unknown value
RCX=0x0000000000000000 is an unknown value
RDX=0x0000000000000000 is an unknown value
RSP=0x00007f12ee86e680 is an unknown value
RBP=0x0000000000000000 is an unknown value
RSI=0x0000000000000000 is an unknown value
RDI=0xff73725e6f6c7463 is an unknown value
R8 =0x0000000000000000 is an unknown value
R9 =0x8080808080808080 is an unknown value
R10=0xfefefefefefefeff is an unknown value
R11=0x0000000000000212 is an unknown value
R12=0x000055557fff6758 is an unknown value
R13=0x000000000000000f is an unknown value
R14=0x00007f12ee86eae0 is an unknown value
R15=0x00007f130ae74ae8: __utc+0x1fff68 in /lib/ld-musl-x86_64.so.1 at 0x00007f130abe8000


Stack: [0x00007f12ee85a000,0x00007f12ee86e760],  sp=0x00007f12ee86e680,  free space=81k
Native frames: (J=compiled Java code, j=interpreted, Vv=VM code, C=native code)
C  [ld-musl-x86_64.so.1+0x53810]  pthread_setname_np+0x5e

[error occurred during error reporting (printing native stack), id 0xb]


---------------  P R O C E S S  ---------------

VM state:not at safepoint (normal execution)

VM Mutex/Monitor currently owned by a thread: None

heap address: 0x0000000080000000, size: 2048 MB, Compressed Oops mode: 32-bit
Narrow klass base: 0x0000000000000000, Narrow klass shift: 3
Compressed class space size: 1073741824 Address: 0x0000000100000000

Heap:
 PSYoungGen      total 611840K, used 116232K [0x00000000d5580000, 0x0000000100000000, 0x0000000100000000)
  eden space 524800K, 22% used [0x00000000d5580000,0x00000000dc7023f0,0x00000000f5600000)
  from space 87040K, 0% used [0x00000000f5600000,0x00000000f5600000,0x00000000fab00000)
  to   space 87040K, 0% used [0x00000000fab00000,0x00000000fab00000,0x0000000100000000)
 ParOldGen       total 893440K, used 14477K [0x0000000080000000, 0x00000000b6880000, 0x00000000d5580000)
  object space 893440K, 1% used [0x0000000080000000,0x0000000080e23488,0x00000000b6880000)
 Metaspace       used 29104K, capacity 29400K, committed 29824K, reserved 1075200K
  class space    used 3522K, capacity 3627K, committed 3712K, reserved 1048576K

Card table byte_map: [0x00007f12f9994000,0x00007f12f9d95000] byte_map_base: 0x00007f12f9594000

Marking Bits: (ParMarkBitMap*) 0x00007f130a7a6200
 Begin Bits: [0x00007f12f54e5000, 0x00007f12f74e5000)
 End Bits:   [0x00007f12f74e5000, 0x00007f12f94e5000)

Polling page: 0x00007f130ad71000

CodeCache: size=245760Kb used=4385Kb max_used=7694Kb free=241374Kb
 bounds [0x00007f12fa155000, 0x00007f12fa8e5000, 0x00007f1309155000]
 total_blobs=2058 nmethods=1555 adapters=417
 compilation: enabled

Compilation events (10 events):
Event: 8.648 Thread 0x000055557ebf6000 2911       4       java.lang.Number::<init> (5 bytes)
Event: 8.648 Thread 0x000055557ebf6000 nmethod 2911 0x00007f12fa2c1c50 code [0x00007f12fa2c1da0, 0x00007f12fa2c1df8]
Event: 8.648 Thread 0x000055557ebf6000 2886       4       org.apache.hadoop.conf.Configuration$Parser::handleEndElement (410 bytes)
Event: 8.712 Thread 0x000055557ebf6000 nmethod 2886 0x00007f12fa3993d0 code [0x00007f12fa399700, 0x00007f12fa39b750]
Event: 8.712 Thread 0x000055557ebf6000 2885       4       com.ctc.wstx.sr.AttributeCollector::reset (56 bytes)
Event: 8.713 Thread 0x000055557ebf6000 nmethod 2885 0x00007f12fa8d60d0 code [0x00007f12fa8d6220, 0x00007f12fa8d62b8]
Event: 9.607 Thread 0x000055557ec03000 2916       3       java.nio.Buffer::checkIndex (22 bytes)
Event: 9.608 Thread 0x000055557ec03000 nmethod 2916 0x00007f12fa2af9d0 code [0x00007f12fa2afb40, 0x00007f12fa2afdc8]
Event: 9.608 Thread 0x000055557ec03000 2917       3       java.util.regex.Matcher::getTextLength (10 bytes)
Event: 9.608 Thread 0x000055557ec03000 nmethod 2917 0x00007f12fa4df9d0 code [0x00007f12fa4dfb40, 0x00007f12fa4dfd68]

GC Heap History (4 events):
Event: 2.812 GC heap before
{Heap before GC invocations=1 (full 0):
 PSYoungGen      total 611840K, used 293926K [0x00000000d5580000, 0x0000000100000000, 0x0000000100000000)
  eden space 524800K, 56% used [0x00000000d5580000,0x00000000e7489858,0x00000000f5600000)
  from space 87040K, 0% used [0x00000000fab00000,0x00000000fab00000,0x0000000100000000)
  to   space 87040K, 0% used [0x00000000f5600000,0x00000000f5600000,0x00000000fab00000)
 ParOldGen       total 1398272K, used 0K [0x0000000080000000, 0x00000000d5580000, 0x00000000d5580000)
  object space 1398272K, 0% used [0x0000000080000000,0x0000000080000000,0x00000000d5580000)
 Metaspace       used 20920K, capacity 21100K, committed 21296K, reserved 1069056K
  class space    used 2602K, capacity 2673K, committed 2688K, reserved 1048576K
Event: 2.843 GC heap after
Heap after GC invocations=1 (full 0):
 PSYoungGen      total 611840K, used 15217K [0x00000000d5580000, 0x0000000100000000, 0x0000000100000000)
  eden space 524800K, 0% used [0x00000000d5580000,0x00000000d5580000,0x00000000f5600000)
  from space 87040K, 17% used [0x00000000f5600000,0x00000000f64dc698,0x00000000fab00000)
  to   space 87040K, 0% used [0x00000000fab00000,0x00000000fab00000,0x0000000100000000)
 ParOldGen       total 1398272K, used 16K [0x0000000080000000, 0x00000000d5580000, 0x00000000d5580000)
  object space 1398272K, 0% used [0x0000000080000000,0x0000000080004000,0x00000000d5580000)
 Metaspace       used 20920K, capacity 21100K, committed 21296K, reserved 1069056K
  class space    used 2602K, capacity 2673K, committed 2688K, reserved 1048576K
}
Event: 2.843 GC heap before
{Heap before GC invocations=2 (full 1):
 PSYoungGen      total 611840K, used 15217K [0x00000000d5580000, 0x0000000100000000, 0x0000000100000000)
  eden space 524800K, 0% used [0x00000000d5580000,0x00000000d5580000,0x00000000f5600000)
  from space 87040K, 17% used [0x00000000f5600000,0x00000000f64dc698,0x00000000fab00000)
  to   space 87040K, 0% used [0x00000000fab00000,0x00000000fab00000,0x0000000100000000)
 ParOldGen       total 1398272K, used 16K [0x0000000080000000, 0x00000000d5580000, 0x00000000d5580000)
  object space 1398272K, 0% used [0x0000000080000000,0x0000000080004000,0x00000000d5580000)
 Metaspace       used 20920K, capacity 21100K, committed 21296K, reserved 1069056K
  class space    used 2602K, capacity 2673K, committed 2688K, reserved 1048576K
Event: 2.907 GC heap after
Heap after GC invocations=2 (full 1):
 PSYoungGen      total 611840K, used 0K [0x00000000d5580000, 0x0000000100000000, 0x0000000100000000)
  eden space 524800K, 0% used [0x00000000d5580000,0x00000000d5580000,0x00000000f5600000)
  from space 87040K, 0% used [0x00000000f5600000,0x00000000f5600000,0x00000000fab00000)
  to   space 87040K, 0% used [0x00000000fab00000,0x00000000fab00000,0x0000000100000000)
 ParOldGen       total 893440K, used 14477K [0x0000000080000000, 0x00000000b6880000, 0x00000000d5580000)
  object space 893440K, 1% used [0x0000000080000000,0x0000000080e23488,0x00000000b6880000)
 Metaspace       used 20917K, capacity 21094K, committed 21296K, reserved 1069056K
  class space    used 2601K, capacity 2672K, committed 2688K, reserved 1048576K
}

Deoptimization events (10 events):
Event: 1.241 Thread 0x000055557eaaf800 Uncommon trap: reason=unstable_if action=reinterpret pc=0x00007f12fa34f41c method=sun.misc.URLClassPath.getLoader(I)Lsun/misc/URLClassPath$Loader; @ 79
Event: 1.523 Thread 0x000055557eaaf800 Uncommon trap: reason=range_check action=make_not_entrant pc=0x00007f12fa48f040 method=sun.reflect.generics.parser.SignatureParser.current()C @ 34
Event: 3.222 Thread 0x000055557eaaf800 Uncommon trap: reason=unstable_if action=reinterpret pc=0x00007f12fa77dfd0 method=java.util.concurrent.ConcurrentHashMap.putVal(Ljava/lang/Object;Ljava/lang/Object;Z)Ljava/lang/Object; @ 181
Event: 3.254 Thread 0x000055557eaaf800 Uncommon trap: reason=unstable_if action=reinterpret pc=0x00007f12fa78b5f4 method=com.ctc.wstx.io.WstxInputData.isNameChar(C)Z @ 31
Event: 3.407 Thread 0x000055557eaaf800 Uncommon trap: reason=unstable_if action=reinterpret pc=0x00007f12fa80ccec method=java.lang.ThreadLocal$ThreadLocalMap.getEntry(Ljava/lang/ThreadLocal;)Ljava/lang/ThreadLocal$ThreadLocalMap$Entry; @ 29
Event: 3.409 Thread 0x000055557eaaf800 Uncommon trap: reason=bimorphic action=maybe_recompile pc=0x00007f12fa80b350 method=java.lang.ThreadLocal.get()Ljava/lang/Object; @ 6
Event: 3.409 Thread 0x000055557eaaf800 Uncommon trap: reason=bimorphic action=maybe_recompile pc=0x00007f12fa80b350 method=java.lang.ThreadLocal.get()Ljava/lang/Object; @ 6
Event: 3.410 Thread 0x000055557eaaf800 Uncommon trap: reason=bimorphic action=maybe_recompile pc=0x00007f12fa80b350 method=java.lang.ThreadLocal.get()Ljava/lang/Object; @ 6
Event: 3.410 Thread 0x000055557eaaf800 Uncommon trap: reason=bimorphic action=maybe_recompile pc=0x00007f12fa80b350 method=java.lang.ThreadLocal.get()Ljava/lang/Object; @ 6
Event: 3.457 Thread 0x000055557eeb0000 Uncommon trap: reason=unstable_if action=reinterpret pc=0x00007f12fa717e98 method=java.lang.ref.SoftReference.get()Ljava/lang/Object; @ 17

Classes redefined (10 events):
Event: 2.114 Thread 0x000055557ebb2000 redefined class name=org.apache.hadoop.hdds.server.ServiceRuntimeInfoImpl, count=1
Event: 2.115 Thread 0x000055557ebb2000 redefined class name=org.apache.hadoop.ozone.om.protocol.OzoneManagerSecurityProtocol, count=1
Event: 2.117 Thread 0x000055557ebb2000 redefined class name=java.lang.AutoCloseable, count=1
Event: 2.117 Thread 0x000055557ebb2000 redefined class name=org.apache.hadoop.ozone.audit.Auditor, count=1
Event: 2.118 Thread 0x000055557ebb2000 redefined class name=org.apache.hadoop.ozone.om.protocol.OzoneManagerHAProtocol, count=1
Event: 2.119 Thread 0x000055557ebb2000 redefined class name=org.apache.hadoop.ozone.om.protocol.OzoneManagerServerProtocol, count=1
Event: 2.119 Thread 0x000055557ebb2000 redefined class name=org.apache.hadoop.hdds.server.ServiceRuntimeInfo, count=1
Event: 2.122 Thread 0x000055557ebb2000 redefined class name=java.lang.Object, count=1
Event: 2.123 Thread 0x000055557ebb2000 redefined class name=org.apache.hadoop.ozone.om.OzoneManager, count=3
Event: 6.808 Thread 0x000055557ebb2000 redefined class name=org.apache.hadoop.ozone.audit.AuditLogger, count=2

Internal exceptions (10 events):
Event: 1.400 Thread 0x000055557eaaf800 Exception <a 'java/lang/ArrayIndexOutOfBoundsException'> (0x00000000ddf77110) thrown at [/home/buildozer/aports/community/openjdk8/src/icedtea-3.12.0/openjdk/hotspot/src/share/vm/runtime/sharedRuntime.cpp, line 613]
Event: 1.407 Thread 0x000055557eaaf800 Exception <a 'java/lang/ArrayIndexOutOfBoundsException'> (0x00000000de049b28) thrown at [/home/buildozer/aports/community/openjdk8/src/icedtea-3.12.0/openjdk/hotspot/src/share/vm/runtime/sharedRuntime.cpp, line 613]
Event: 1.523 Thread 0x000055557eaaf800 Exception <a 'java/lang/ArrayIndexOutOfBoundsException': 139> (0x00000000deb4d1b8) thrown at [/home/buildozer/aports/community/openjdk8/src/icedtea-3.12.0/openjdk/hotspot/src/share/vm/interpreter/interpreterRuntime.cpp, line 371]
Event: 1.524 Thread 0x000055557eaaf800 Exception <a 'java/lang/ArrayIndexOutOfBoundsException': 67> (0x00000000deb4e728) thrown at [/home/buildozer/aports/community/openjdk8/src/icedtea-3.12.0/openjdk/hotspot/src/share/vm/interpreter/interpreterRuntime.cpp, line 371]
Event: 2.524 Thread 0x000055557eaaf800 Exception <a 'java/lang/ArrayIndexOutOfBoundsException'> (0x00000000e44bb870) thrown at [/home/buildozer/aports/community/openjdk8/src/icedtea-3.12.0/openjdk/hotspot/src/share/vm/runtime/sharedRuntime.cpp, line 613]
Event: 2.525 Thread 0x000055557eaaf800 Exception <a 'java/lang/ArrayIndexOutOfBoundsException'> (0x00000000e44c2740) thrown at [/home/buildozer/aports/community/openjdk8/src/icedtea-3.12.0/openjdk/hotspot/src/share/vm/runtime/sharedRuntime.cpp, line 613]
Event: 2.531 Thread 0x000055557eaaf800 Exception <a 'java/lang/ArrayIndexOutOfBoundsException'> (0x00000000e44f5498) thrown at [/home/buildozer/aports/community/openjdk8/src/icedtea-3.12.0/openjdk/hotspot/src/share/vm/runtime/sharedRuntime.cpp, line 613]
Event: 2.531 Thread 0x000055557eaaf800 Exception <a 'java/lang/ArrayIndexOutOfBoundsException'> (0x00000000e44f6a08) thrown at [/home/buildozer/aports/community/openjdk8/src/icedtea-3.12.0/openjdk/hotspot/src/share/vm/runtime/sharedRuntime.cpp, line 613]
Event: 2.537 Thread 0x000055557eaaf800 Exception <a 'java/lang/ArrayIndexOutOfBoundsException'> (0x00000000e452f518) thrown at [/home/buildozer/aports/community/openjdk8/src/icedtea-3.12.0/openjdk/hotspot/src/share/vm/runtime/sharedRuntime.cpp, line 613]
Event: 2.542 Thread 0x000055557eaaf800 Exception <a 'java/lang/ArrayIndexOutOfBoundsException'> (0x00000000e4564100) thrown at [/home/buildozer/aports/community/openjdk8/src/icedtea-3.12.0/openjdk/hotspot/src/share/vm/runtime/sharedRuntime.cpp, line 613]

Events (10 events):
Event: 9.607 Executing VM operation: RevokeBias
Event: 9.608 Executing VM operation: RevokeBias done
Event: 9.608 Executing VM operation: RevokeBias
Event: 9.608 Executing VM operation: RevokeBias done
Event: 9.608 Executing VM operation: RevokeBias
Event: 9.608 Executing VM operation: RevokeBias done
Event: 9.608 Executing VM operation: RevokeBias
Event: 9.608 Executing VM operation: RevokeBias done
Event: 9.608 Executing VM operation: RevokeBias
Event: 9.608 Executing VM operation: RevokeBias done


Dynamic libraries:
80000000-b6880000 rw-p 00000000 00:00 0 
b6880000-d5580000 ---p 00000000 00:00 0 
d5580000-1003a0000 rw-p 00000000 00:00 0 
1003a0000-140000000 ---p 00000000 00:00 0 
55557e6e3000-55557e6e4000 r-xp 00000000 fd:03 30673668                   /usr/lib/jvm/java-1.8-openjdk/jre/bin/java
55557e8e3000-55557e8e4000 r--p 00000000 fd:03 30673668                   /usr/lib/jvm/java-1.8-openjdk/jre/bin/java
55557e8e4000-55557e8e5000 rw-p 00001000 fd:03 30673668                   /usr/lib/jvm/java-1.8-openjdk/jre/bin/java
55557ea98000-55558099c000 rw-p 00000000 00:00 0                          [heap]
7f12ed0b4000-7f12ed234000 rw-p 00000000 00:00 0 
7f12ed234000-7f12ed2b4000 ---p 00000000 00:00 0 
7f12ed2b4000-7f12ed4b4000 rw-p 00000000 00:00 0 
7f12ed4b4000-7f12ed723000 rw-p 00000000 00:00 0 
7f12ed723000-7f12ed949000 r-xp 00000000 fd:03 30867674                   /usr/glibc-compat/lib/ld-2.28.so
7f12ed949000-7f12ed94a000 r--p 00026000 fd:03 30867674                   /usr/glibc-compat/lib/ld-2.28.so
7f12ed94a000-7f12ed94b000 rw-p 00027000 fd:03 30867674                   /usr/glibc-compat/lib/ld-2.28.so
7f12ed94b000-7f12ed94c000 rw-p 00000000 00:00 0 
7f12ed94c000-7f12ee1e4000 r-xp 00000000 fd:03 173803037                  /tmp/librocksdbjni1716892102727382793.so
7f12ee1e4000-7f12ee1f5000 r--p 00698000 fd:03 173803037                  /tmp/librocksdbjni1716892102727382793.so
7f12ee1f5000-7f12ee1fe000 rw-p 006a9000 fd:03 173803037                  /tmp/librocksdbjni1716892102727382793.so
7f12ee1fe000-7f12ee404000 rw-p 00000000 00:00 0 
7f12ee404000-7f12ee604000 rw-p 00000000 00:00 0 
7f12ee604000-7f12ee804000 rw-p 00000000 00:00 0 
7f12ee804000-7f12ee81f000 r--s 001d6000 fd:03 30673740                   /usr/lib/jvm/java-1.8-openjdk/jre/lib/ext/nashorn.jar
7f12ee841000-7f12ee843000 ---p 00000000 00:00 0 
7f12ee843000-7f12ee858000 rw-p 00000000 00:00 0 
7f12ee858000-7f12ee85a000 ---p 00000000 00:00 0 
7f12ee85a000-7f12ee86f000 rw-p 00000000 00:00 0 
7f12ee86f000-7f12ee871000 ---p 00000000 00:00 0 
7f12ee871000-7f12ee886000 rw-p 00000000 00:00 0 
7f12ee886000-7f12ee888000 ---p 00000000 00:00 0 
7f12ee888000-7f12ee89d000 rw-p 00000000 00:00 0 
7f12ee89d000-7f12ee89f000 ---p 00000000 00:00 0 
7f12ee89f000-7f12ee8b4000 rw-p 00000000 00:00 0 
7f12ee8b4000-7f12ee8b6000 ---p 00000000 00:00 0 
7f12ee8b6000-7f12ee8cb000 rw-p 00000000 00:00 0 
7f12ee8cb000-7f12ee8cd000 ---p 00000000 00:00 0 
7f12ee8cd000-7f12ee8e2000 rw-p 00000000 00:00 0 
7f12ee8e2000-7f12ee8e4000 ---p 00000000 00:00 0 
7f12ee8e4000-7f12ee8f9000 rw-p 00000000 00:00 0 
7f12ee8f9000-7f12ee8fb000 ---p 00000000 00:00 0 
7f12ee8fb000-7f12ee910000 rw-p 00000000 00:00 0 
7f12ee910000-7f12ee912000 ---p 00000000 00:00 0 
7f12ee912000-7f12ee927000 rw-p 00000000 00:00 0 
7f12ee927000-7f12ee929000 ---p 00000000 00:00 0 
7f12ee929000-7f12ee93e000 rw-p 00000000 00:00 0 
7f12ee93e000-7f12ee940000 ---p 00000000 00:00 0 
7f12ee940000-7f12ee955000 rw-p 00000000 00:00 0 
7f12ee955000-7f12ee957000 ---p 00000000 00:00 0 
7f12ee957000-7f12ee96c000 rw-p 00000000 00:00 0 
7f12ee96c000-7f12ee96e000 ---p 00000000 00:00 0 
7f12ee96e000-7f12ee983000 rw-p 00000000 00:00 0 
7f12ee983000-7f12ee985000 ---p 00000000 00:00 0 
7f12ee985000-7f12eeb9a000 rw-p 00000000 00:00 0 
7f12eeb9a000-7f12eed9a000 rw-p 00000000 00:00 0 
7f12eed9a000-7f12eef9a000 rw-p 00000000 00:00 0 
7f12eef9a000-7f12ef19a000 rw-p 00000000 00:00 0 
7f12ef19a000-7f12ef19b000 r--s 00000000 fd:03 173803035                  /tmp/mockitoboot232912626498951497.jar
7f12ef19c000-7f12ef3a5000 r-xp 00000000 fd:03 30673691                   /usr/lib/jvm/java-1.8-openjdk/jre/lib/amd64/libinstrument.so
7f12ef3a5000-7f12ef3a6000 r--p 00009000 fd:03 30673691                   /usr/lib/jvm/java-1.8-openjdk/jre/lib/amd64/libinstrument.so
7f12ef3a6000-7f12ef3a7000 rw-p 0000a000 fd:03 30673691                   /usr/lib/jvm/java-1.8-openjdk/jre/lib/amd64/libinstrument.so
7f12ef3a7000-7f12ef3aa000 ---p 00000000 00:00 0 
7f12ef3aa000-7f12ef4a8000 rw-p 00000000 00:00 0 
7f12ef4a8000-7f12ef6aa000 r-xp 00000000 fd:03 30673684                   /usr/lib/jvm/java-1.8-openjdk/jre/lib/amd64/libattach.so
7f12ef6aa000-7f12ef6ab000 r--p 00002000 fd:03 30673684                   /usr/lib/jvm/java-1.8-openjdk/jre/lib/amd64/libattach.so
7f12ef6ab000-7f12ef6ac000 rw-p 00003000 fd:03 30673684                   /usr/lib/jvm/java-1.8-openjdk/jre/lib/amd64/libattach.so
7f12ef6ac000-7f12ef6af000 r--s 00025000 fd:03 32507185                   /home/user/.m2/repository/org/apache/maven/shared/maven-shared-utils/3.1.0/maven-shared-utils-3.1.0.jar
7f12ef6af000-7f12ef8c0000 r-xp 00000000 fd:03 30673711                   /usr/lib/jvm/java-1.8-openjdk/jre/lib/amd64/libnio.so
7f12ef8c0000-7f12ef8c1000 r--p 00011000 fd:03 30673711                   /usr/lib/jvm/java-1.8-openjdk/jre/lib/amd64/libnio.so
7f12ef8c1000-7f12ef8c2000 rw-p 00012000 fd:03 30673711                   /usr/lib/jvm/java-1.8-openjdk/jre/lib/amd64/libnio.so
7f12ef8c2000-7f12f28c3000 rw-p 00000000 00:00 0 
7f12f28c3000-7f12f2ad9000 r-xp 00000000 fd:03 30673710                   /usr/lib/jvm/java-1.8-openjdk/jre/lib/amd64/libnet.so
7f12f2ad9000-7f12f2ada000 r--p 00016000 fd:03 30673710                   /usr/lib/jvm/java-1.8-openjdk/jre/lib/amd64/libnet.so
7f12f2ada000-7f12f2adb000 rw-p 00017000 fd:03 30673710                   /usr/lib/jvm/java-1.8-openjdk/jre/lib/amd64/libnet.so
7f12f2adb000-7f12f2adf000 r--s 00058000 fd:03 30673759                   /usr/lib/jvm/java-1.8-openjdk/jre/lib/jsse.jar
7f12f2adf000-7f12f2ae2000 ---p 00000000 00:00 0 
7f12f2ae2000-7f12f2b19000 rw-p 00000000 00:00 0 
7f12f2b19000-7f12f2b1a000 r--s 00006000 fd:03 175179923                  /home/user/.m2/repository/org/apache/maven/surefire/common-junit4/3.0.0-M1/common-junit4-3.0.0-M1.jar
7f12f2b1a000-7f12f2b1b000 r--s 00002000 fd:03 175179925                  /home/user/.m2/repository/org/apache/maven/surefire/common-junit3/3.0.0-M1/common-junit3-3.0.0-M1.jar
7f12f2b1b000-7f12f2b1c000 r--s 00007000 fd:03 175179927                  /home/user/.m2/repository/org/apache/maven/surefire/common-java5/3.0.0-M1/common-java5-3.0.0-M1.jar
7f12f2b1c000-7f12f2b1e000 r--s 00003000 fd:03 175179890                  /home/user/.m2/repository/org/apache/maven/surefire/surefire-junit4/3.0.0-M1/surefire-junit4-3.0.0-M1.jar
7f12f2b1e000-7f12f2b2a000 r--s 000ae000 fd:03 32702561                   /home/user/.m2/repository/org/jmockit/jmockit/1.24/jmockit-1.24.jar
7f12f2b2a000-7f12f2b2c000 r--s 00009000 fd:03 32638032                   /home/user/.m2/repository/org/hamcrest/hamcrest-core/1.3/hamcrest-core-1.3.jar
7f12f2b2c000-7f12f2b32000 r--s 00036000 fd:03 32310293                   /home/user/.m2/repository/junit/junit/4.11/junit-4.11.jar
7f12f2b32000-7f12f2b38000 r--s 00045000 fd:03 32638023                   /home/user/.m2/repository/org/hamcrest/hamcrest-all/1.3/hamcrest-all-1.3.jar
7f12f2b38000-7f12f2b3c000 r--s 0001e000 fd:03 32309725                   /home/user/.m2/repository/io/dropwizard/metrics/metrics-core/3.2.4/metrics-core-3.2.4.jar
7f12f2b3c000-7f12f2b41000 r--s 00047000 fd:03 32309684                   /home/user/.m2/repository/dnsjava/dnsjava/2.1.7/dnsjava-2.1.7.jar
7f12f2b41000-7f12f2b47000 r--s 00078000 fd:03 32179827                   /home/user/.m2/repository/com/fasterxml/woodstox/woodstox-core/5.0.3/woodstox-core-5.0.3.jar
7f12f2b47000-7f12f2b4b000 r--s 00024000 fd:03 32637549                   /home/user/.m2/repository/org/codehaus/woodstox/stax2-api/3.1.4/stax2-api-3.1.4.jar
7f12f2b4b000-7f12f2b4f000 r--s 0004c000 fd:03 175179870                  /home/user/.m2/repository/com/fasterxml/jackson/core/jackson-core/2.9.9/jackson-core-2.9.9.jar
7f12f2b4f000-7f12f2b62000 r--s 00137000 fd:03 175179880                  /home/user/.m2/repository/com/fasterxml/jackson/core/jackson-databind/2.9.9/jackson-databind-2.9.9.jar
7f12f2b62000-7f12f2b64000 r--s 00006000 fd:03 32440466                   /home/user/.m2/repository/org/apache/kerby/kerby-xdr/1.0.1/kerby-xdr-1.0.1.jar
7f12f2b64000-7f12f2b65000 r--s 00004000 fd:03 32440370                   /home/user/.m2/repository/org/apache/kerby/kerb-identity/1.0.1/kerb-identity-1.0.1.jar
7f12f2b65000-7f12f2b68000 r--s 00012000 fd:03 32440379                   /home/user/.m2/repository/org/apache/kerby/kerb-server/1.0.1/kerb-server-1.0.1.jar
7f12f2b68000-7f12f2b6b000 r--s 00011000 fd:03 32440325                   /home/user/.m2/repository/org/apache/kerby/kerb-admin/1.0.1/kerb-admin-1.0.1.jar
7f12f2b6b000-7f12f2b6c000 r--s 00004000 fd:03 32440475                   /home/user/.m2/repository/org/apache/kerby/token-provider/1.0.1/token-provider-1.0.1.jar
7f12f2b6c000-7f12f2b6d000 r--s 00008000 fd:03 32440397                   /home/user/.m2/repository/org/apache/kerby/kerb-util/1.0.1/kerb-util-1.0.1.jar
7f12f2b6d000-7f12f2b71000 r--s 00019000 fd:03 32440361                   /home/user/.m2/repository/org/apache/kerby/kerb-crypto/1.0.1/kerb-crypto-1.0.1.jar
7f12f2b71000-7f12f2b73000 r--s 0000e000 fd:03 32440343                   /home/user/.m2/repository/org/apache/kerby/kerb-common/1.0.1/kerb-common-1.0.1.jar
7f12f2b73000-7f12f2b74000 r--s 00009000 fd:03 32440457                   /home/user/.m2/repository/org/apache/kerby/kerby-util/1.0.1/kerby-util-1.0.1.jar
7f12f2b74000-7f12f2b76000 r--s 00017000 fd:03 32440412                   /home/user/.m2/repository/org/apache/kerby/kerby-asn1/1.0.1/kerby-asn1-1.0.1.jar
7f12f2b76000-7f12f2b7d000 r--s 0002b000 fd:03 32440442                   /home/user/.m2/repository/org/apache/kerby/kerby-pkix/1.0.1/kerby-pkix-1.0.1.jar
7f12f2b7d000-7f12f2b84000 r--s 00031000 fd:03 32440352                   /home/user/.m2/repository/org/apache/kerby/kerb-core/1.0.1/kerb-core-1.0.1.jar
7f12f2b84000-7f12f2b86000 r--s 00006000 fd:03 32440427                   /home/user/.m2/repository/org/apache/kerby/kerby-config/1.0.1/kerby-config-1.0.1.jar
7f12f2b86000-7f12f2b89000 r--s 00019000 fd:03 32440334                   /home/user/.m2/repository/org/apache/kerby/kerb-client/1.0.1/kerb-client-1.0.1.jar
7f12f2b89000-7f12f2b8a000 r--s 00004000 fd:03 32440388                   /home/user/.m2/repository/org/apache/kerby/kerb-simplekdc/1.0.1/kerb-simplekdc-1.0.1.jar
7f12f2b8a000-7f12f2b8b000 r--s 00004000 fd:03 32572109                   /home/user/.m2/repository/org/apache/yetus/audience-annotations/0.5.0/audience-annotations-0.5.0.jar
7f12f2b8b000-7f12f2b8d000 r--s 00014000 fd:03 175179879                  /home/user/.m2/repository/jline/jline/0.9.94/jline-0.9.94.jar
7f12f2b8d000-7f12f2b9a000 r--s 000d1000 fd:03 32572125                   /home/user/.m2/repository/org/apache/zookeeper/zookeeper/3.4.13/zookeeper-3.4.13.jar
7f12f2b9a000-7f12f2bb4000 r--s 00155000 fd:03 32375726                   /home/user/.m2/repository/org/apache/htrace/htrace-core4/4.1.0-incubating/htrace-core4-4.1.0-incubating.jar
7f12f2bb4000-7f12f2bbc000 r--s 0003e000 fd:03 32375469                   /home/user/.m2/repository/org/apache/curator/curator-recipes/2.12.0/curator-recipes-2.12.0.jar
7f12f2bbc000-7f12f2bf3000 r--s 00219000 fd:03 32375451                   /home/user/.m2/repository/org/apache/curator/curator-client/2.12.0/curator-client-2.12.0.jar
7f12f2bf3000-7f12f2bf8000 r--s 00040000 fd:03 32244097                   /home/user/.m2/repository/com/jcraft/jsch/0.1.54/jsch-0.1.54.jar
7f12f2bf8000-7f12f2bfe000 r--s 0002c000 fd:03 32375460                   /home/user/.m2/repository/org/apache/curator/curator-framework/2.12.0/curator-framework-2.12.0.jar
7f12f2bfe000-7f12f2c00000 r--s 00006000 fd:03 32374962                   /home/user/.m2/repository/net/minidev/accessors-smart/1.2/accessors-smart-1.2.jar
7f12f2c00000-7f12f2c03000 r--s 0001b000 fd:03 32374971                   /home/user/.m2/repository/net/minidev/json-smart/2.3/json-smart-2.3.jar
7f12f2c03000-7f12f2c05000 r--s 00000000 fd:03 32243744                   /home/user/.m2/repository/com/github/stephenc/jcip/jcip-annotations/1.0-1/jcip-annotations-1.0-1.jar
7f12f2c05000-7f12f2c0b000 r--s 00044000 fd:03 32244143                   /home/user/.m2/repository/com/nimbusds/nimbus-jose-jwt/4.41.1/nimbus-jose-jwt-4.41.1.jar
7f12f2c0b000-7f12f2c0d000 r--s 00020000 fd:03 32375542                   /home/user/.m2/repository/org/apache/hadoop/hadoop-auth/3.2.0/hadoop-auth-3.2.0.jar
7f12f2c0d000-7f12f2c12000 r--s 0002a000 fd:03 32243818                   /home/user/.m2/repository/com/google/code/gson/gson/2.2.4/gson-2.2.4.jar
7f12f2c12000-7f12f2c14000 r--s 0001e000 fd:03 32244042                   /home/user/.m2/repository/com/google/re2j/re2j/1.1/re2j-1.1.jar
7f12f2c14000-7f12f2c16000 r--s 00130000 fd:03 32768165                   /home/user/.m2/repository/org/xerial/snappy/snappy-java/1.0.5/snappy-java-1.0.5.jar
7f12f2c16000-7f12f2c18000 r--s 00006000 fd:03 32244396                   /home/user/.m2/repository/com/thoughtworks/paranamer/paranamer/2.3/paranamer-2.3.jar
7f12f2c18000-7f12f2c21000 r--s 00062000 fd:03 32375188                   /home/user/.m2/repository/org/apache/avro/avro/1.7.7/avro-1.7.7.jar
7f12f2c21000-7f12f2c22000 r--s 00002000 fd:03 32703229                   /home/user/.m2/repository/org/slf4j/slf4j-log4j12/1.7.25/slf4j-log4j12-1.7.25.jar
7f12f2c22000-7f12f2c24000 r--s 00009000 fd:03 32703203                   /home/user/.m2/repository/org/slf4j/slf4j-api/1.7.25/slf4j-api-1.7.25.jar
7f12f2c24000-7f12f2c28000 r--s 00029000 fd:03 32375435                   /home/user/.m2/repository/org/apache/commons/commons-text/1.4/commons-text-1.4.jar
7f12f2c28000-7f12f2c30000 r--s 00072000 fd:03 32375299                   /home/user/.m2/repository/org/apache/commons/commons-lang3/3.7/commons-lang3-3.7.jar
7f12f2c30000-7f12f2c3c000 r--s 0008b000 fd:03 32375251                   /home/user/.m2/repository/org/apache/commons/commons-configuration2/2.1.1/commons-configuration2-2.1.1.jar
7f12f2c3c000-7f12f2c41000 r--s 00038000 fd:03 175179878                  /home/user/.m2/repository/commons-beanutils/commons-beanutils/1.9.4/commons-beanutils-1.9.4.jar
7f12f2c41000-7f12f2c4a000 r--s 0006f000 fd:03 32374805                   /home/user/.m2/repository/log4j/log4j/1.2.17/log4j-1.2.17.jar
7f12f2c4a000-7f12f2c4c000 r--s 0000e000 fd:03 32309610                   /home/user/.m2/repository/commons-logging/commons-logging/1.1.3/commons-logging-1.1.3.jar
7f12f2c4c000-7f12f2c5c000 r--s 0009c000 fd:03 32244313                   /home/user/.m2/repository/com/sun/jersey/jersey-server/1.19/jersey-server-1.19.jar
7f12f2c5c000-7f12f2c5d000 r--s 00006000 fd:03 32572290                   /home/user/.m2/repository/org/codehaus/jackson/jackson-xc/1.9.13/jackson-xc-1.9.13.jar
7f12f2c5d000-7f12f2c5e000 r--s 00004000 fd:03 32572272                   /home/user/.m2/repository/org/codehaus/jackson/jackson-jaxrs/1.9.13/jackson-jaxrs-1.9.13.jar
7f12f2c5e000-7f12f2c6c000 r--s 000b1000 fd:03 32572281                   /home/user/.m2/repository/org/codehaus/jackson/jackson-mapper-asl/1.9.13/jackson-mapper-asl-1.9.13.jar
7f12f2c6c000-7f12f2c70000 r--s 00035000 fd:03 32572263                   /home/user/.m2/repository/org/codehaus/jackson/jackson-core-asl/1.9.13/jackson-core-asl-1.9.13.jar
7f12f2c70000-7f12f2c82000 r--s 000d9000 fd:03 32244372                   /home/user/.m2/repository/com/sun/xml/bind/jaxb-impl/2.3.0.1/jaxb-impl-2.3.0.1.jar
7f12f2c82000-7f12f2c84000 r--s 0000f000 fd:03 32572300                   /home/user/.m2/repository/org/codehaus/jettison/jettison/1.1/jettison-1.1.jar
7f12f2c84000-7f12f2c88000 r--s 00025000 fd:03 32244298                   /home/user/.m2/repository/com/sun/jersey/jersey-json/1.19/jersey-json-1.19.jar
7f12f2c88000-7f12f2c8c000 r--s 0001c000 fd:03 32244322                   /home/user/.m2/repository/com/sun/jersey/jersey-servlet/1.19/jersey-servlet-1.19.jar
7f12f2c8c000-7f12f2c8e000 r--s 0000a000 fd:03 32310214                   /home/user/.m2/repository/javax/ws/rs/jsr311-api/1.1.1/jsr311-api-1.1.1.jar
7f12f2c8e000-7f12f2c98000 r--s 00061000 fd:03 32244289                   /home/user/.m2/repository/com/sun/jersey/jersey-core/1.19/jersey-core-1.19.jar
7f12f2c98000-7f12f2c9b000 r--s 00016000 fd:03 32310170                   /home/user/.m2/repository/javax/servlet/jsp/jsp-api/2.1/jsp-api-2.1.jar
7f12f2c9b000-7f12f2c9c000 r--s 0000c000 fd:03 175179872                  /home/user/.m2/repository/org/eclipse/jetty/jetty-xml/9.3.25.v20180904/jetty-xml-9.3.25.v20180904.jar
7f12f2c9c000-7f12f2c9f000 r--s 0001a000 fd:03 175179871                  /home/user/.m2/repository/org/eclipse/jetty/jetty-webapp/9.3.25.v20180904/jetty-webapp-9.3.25.v20180904.jar
7f12f2c9f000-7f12f2ca2000 r--s 00015000 fd:03 175179865                  /home/user/.m2/repository/org/eclipse/jetty/jetty-security/9.3.25.v20180904/jetty-security-9.3.25.v20180904.jar
7f12f2ca2000-7f12f2ca5000 r--s 0001b000 fd:03 175179866                  /home/user/.m2/repository/org/eclipse/jetty/jetty-servlet/9.3.25.v20180904/jetty-servlet-9.3.25.v20180904.jar
7f12f2ca5000-7f12f2cac000 r--s 00069000 fd:03 175179860                  /home/user/.m2/repository/org/eclipse/jetty/jetty-util/9.3.25.v20180904/jetty-util-9.3.25.v20180904.jar
7f12f2cac000-7f12f2cb0000 r--s 0001b000 fd:03 175179862                  /home/user/.m2/repository/org/eclipse/jetty/jetty-io/9.3.25.v20180904/jetty-io-9.3.25.v20180904.jar
7f12f2cb0000-7f12f2cb3000 r--s 00022000 fd:03 175179864                  /home/user/.m2/repository/org/eclipse/jetty/jetty-http/9.3.25.v20180904/jetty-http-9.3.25.v20180904.jar
7f12f2cb3000-7f12f2cbb000 r--s 00078000 fd:03 175179858                  /home/user/.m2/repository/org/eclipse/jetty/jetty-server/9.3.25.v20180904/jetty-server-9.3.25.v20180904.jar
7f12f2cbb000-7f12f2cbe000 r--s 00015000 fd:03 32310160                   /home/user/.m2/repository/javax/servlet/javax.servlet-api/3.1.0/javax.servlet-api-3.1.0.jar
7f12f2cbe000-7f12f2ccb000 r--s 00083000 fd:03 32309431                   /home/user/.m2/repository/commons-collections/commons-collections/3.2.2/commons-collections-3.2.2.jar
7f12f2ccb000-7f12f2cd1000 r--s 00046000 fd:03 32309636                   /home/user/.m2/repository/commons-net/commons-net/3.6/commons-net-3.6.jar
7f12f2cd1000-7f12f2cd5000 r--s 0002f000 fd:03 32309542                   /home/user/.m2/repository/commons-io/commons-io/2.5/commons-io-2.5.jar
7f12f2cd5000-7f12f2cdc000 r--s 0004b000 fd:03 32309363                   /home/user/.m2/repository/commons-codec/commons-codec/1.11/commons-codec-1.11.jar
7f12f2cdc000-7f12f2ce3000 r--s 00049000 fd:03 32375803                   /home/user/.m2/repository/org/apache/httpcomponents/httpcore/4.4.4/httpcore-4.4.4.jar
7f12f2ce3000-7f12f2cf0000 r--s 000a7000 fd:03 32375750                   /home/user/.m2/repository/org/apache/httpcomponents/httpclient/4.5.2/httpclient-4.5.2.jar
7f12f2cf0000-7f12f2d0d000 r--s 0016a000 fd:03 32375308                   /home/user/.m2/repository/org/apache/commons/commons-math3/3.1.1/commons-math3-3.1.1.jar
7f12f2d0d000-7f12f2d0f000 r--s 00009000 fd:03 32309345                   /home/user/.m2/repository/commons-cli/commons-cli/1.2/commons-cli-1.2.jar
7f12f2d0f000-7f12f2d88000 r--s 007c0000 fd:03 30673801                   /usr/lib/jvm/java-1.8-openjdk/lib/tools.jar
7f12f2d88000-7f12f2d89000 r--s 0000e000 fd:03 32375533                   /home/user/.m2/repository/org/apache/hadoop/hadoop-annotations/3.2.0/hadoop-annotations-3.2.0.jar
7f12f2d89000-7f12f2db4000 r--s 00297000 fd:03 32375560                   /home/user/.m2/repository/org/apache/hadoop/hadoop-common/3.2.0/hadoop-common-3.2.0-tests.jar
7f12f2db4000-7f12f2dba000 r--s 00033000 fd:03 32310249                   /home/user/.m2/repository/jaxen/jaxen/1.1.6/jaxen-1.1.6.jar
7f12f2dba000-7f12f2dbb000 r--s 00002000 fd:03 32179691                   /home/user/.m2/repository/com/apple/AppleJavaExtensions/1.4/AppleJavaExtensions-1.4.jar
7f12f2dbb000-7f12f2dc0000 r--s 00041000 fd:03 32309566                   /home/user/.m2/repository/commons-lang/commons-lang/2.6/commons-lang-2.6.jar
7f12f2dc0000-7f12f2dc2000 r--s 0000c000 fd:03 32702847                   /home/user/.m2/repository/org/ow2/asm/asm/5.0.4/asm-5.0.4.jar
7f12f2dc2000-7f12f2dc4000 r--s 00006000 fd:03 32702963                   /home/user/.m2/repository/org/ow2/asm/asm-tree/5.0.2/asm-tree-5.0.2.jar
7f12f2dc4000-7f12f2dc6000 r--s 00009000 fd:03 32702898                   /home/user/.m2/repository/org/ow2/asm/asm-commons/5.0.2/asm-commons-5.0.2.jar
7f12f2dc6000-7f12f2dcb000 r--s 00058000 fd:03 32702917                   /home/user/.m2/repository/org/ow2/asm/asm-debug-all/5.0.2/asm-debug-all-5.0.2.jar
7f12f2dcb000-7f12f2dd0000 r--s 00016000 fd:03 32768281                   /home/user/.m2/repository/xml-apis/xml-apis/1.0.b2/xml-apis-1.0.b2.jar
7f12f2dd0000-7f12f2dd5000 r--s 00048000 fd:03 32309702                   /home/user/.m2/repository/dom4j/dom4j/1.6.1/dom4j-1.6.1.jar
7f12f2dd5000-7f12f2dd7000 r--s 00005000 fd:03 32243785                   /home/user/.m2/repository/com/google/code/findbugs/jFormatString/2.0.1/jFormatString-2.0.1.jar
7f12f2dd7000-7f12f2de1000 r--s 0008c000 fd:03 32243767                   /home/user/.m2/repository/com/google/code/findbugs/bcel-findbugs/6.0/bcel-findbugs-6.0.jar
7f12f2de1000-7f12f2de4000 r--s 00006000 fd:03 32243808                   /home/user/.m2/repository/com/google/code/findbugs/jsr305/3.0.0/jsr305-3.0.0.jar
7f12f2de4000-7f12f2de5000 r--s 00000000 fd:03 32374952                   /home/user/.m2/repository/net/jcip/jcip-annotations/1.0/jcip-annotations-1.0.jar
7f12f2de5000-7f12f2e14000 r--s 00371000 fd:03 32243776                   /home/user/.m2/repository/com/google/code/findbugs/findbugs/3.0.1/findbugs-3.0.1.jar
7f12f2e14000-7f12f2e16000 r--s 00005000 fd:03 32702765                   /home/user/.m2/repository/org/objenesis/objenesis/1.0/objenesis-1.0.jar
7f12f2e16000-7f12f2e18000 r--s 00009000 fd:03 32374899                   /home/user/.m2/repository/net/bytebuddy/byte-buddy-agent/1.9.10/byte-buddy-agent-1.9.10.jar
7f12f2e18000-7f12f2e5f000 r--s 002d9000 fd:03 32374866                   /home/user/.m2/repository/net/bytebuddy/byte-buddy/1.9.10/byte-buddy-1.9.10.jar
7f12f2e5f000-7f12f2e70000 r--s 00080000 fd:03 32702690                   /home/user/.m2/repository/org/mockito/mockito-core/2.28.2/mockito-core-2.28.2.jar
7f12f2e70000-7f12f2ec8000 r--s 003a7000 fd:03 32572185                   /home/user/.m2/repository/org/bouncycastle/bcprov-jdk15on/1.60/bcprov-jdk15on-1.60.jar
7f12f2ec8000-7f12f2ee9000 r--s 00172000 fd:03 32243884                   /home/user/.m2/repository/com/google/guava/guava/11.0.2/guava-11.0.2.jar
7f12f2ee9000-7f12f2ef1000 r--s 0007b000 fd:03 32244000                   /home/user/.m2/repository/com/google/protobuf/protobuf-java/2.5.0/protobuf-java-2.5.0.jar
7f12f2ef1000-7f12f2ef6000 r--s 0003c000 fd:03 32309713                   /home/user/.m2/repository/info/picocli/picocli/3.9.6/picocli-3.9.6.jar
7f12f2ef6000-7f12f2efa000 r--s 006b9000 fd:03 32768174                   /home/user/.m2/repository/org/xerial/sqlite-jdbc/3.25.2/sqlite-jdbc-3.25.2.jar
7f12f2efa000-7f12f2f00000 r--s 0003c000 fd:03 32768194                   /home/user/.m2/repository/org/yaml/snakeyaml/1.16/snakeyaml-1.16.jar
7f12f2f00000-7f12f2f01000 r--s 00002000 fd:03 32310036                   /home/user/.m2/repository/io/opentracing/opentracing-noop/0.31.0/opentracing-noop-0.31.0.jar
7f12f2f01000-7f12f2f03000 r--s 00002000 fd:03 32310027                   /home/user/.m2/repository/io/opentracing/opentracing-api/0.31.0/opentracing-api-0.31.0.jar
7f12f2f03000-7f12f2f04000 r--s 00001000 fd:03 32310045                   /home/user/.m2/repository/io/opentracing/opentracing-util/0.31.0/opentracing-util-0.31.0.jar
7f12f2f04000-7f12f2f05000 r--s 00001000 fd:03 32310012                   /home/user/.m2/repository/io/opentracing/contrib/opentracing-tracerresolver/0.1.5/opentracing-tracerresolver-0.1.5.jar
7f12f2f05000-7f12f2f06000 r--s 00000000 fd:03 175180095                  /home/user/.m2/repository/io/jaegertracing/jaeger-tracerresolver/0.34.0/jaeger-tracerresolver-0.34.0.jar
7f12f2f06000-7f12f2f0a000 r--s 0001c000 fd:03 175180067                  /home/user/.m2/repository/io/jaegertracing/jaeger-core/0.34.0/jaeger-core-0.34.0.jar
7f12f2f0a000-7f12f2f0b000 r--s 00013000 fd:03 32244237                   /home/user/.m2/repository/com/squareup/okio/okio/1.13.0/okio-1.13.0.jar
7f12f2f0b000-7f12f2f11000 r--s 0005e000 fd:03 32244221                   /home/user/.m2/repository/com/squareup/okhttp3/okhttp/3.9.0/okhttp-3.9.0.jar
7f12f2f11000-7f12f2f17000 r--s 00037000 fd:03 175180091                  /home/user/.m2/repository/org/apache/thrift/libthrift/0.12.0/libthrift-0.12.0.jar
7f12f2f17000-7f12f2f25000 r--s 0009e000 fd:03 175180089                  /home/user/.m2/repository/io/jaegertracing/jaeger-thrift/0.34.0/jaeger-thrift-0.34.0.jar
7f12f2f25000-7f12f2f26000 r--s 00000000 fd:03 175180088                  /home/user/.m2/repository/io/jaegertracing/jaeger-client/0.34.0/jaeger-client-0.34.0.jar
7f12f2f26000-7f12f2f2a000 r--s 00020000 fd:03 32309477                   /home/user/.m2/repository/commons-digester/commons-digester/1.8.1/commons-digester-1.8.1.jar
7f12f2f2a000-7f12f2f2e000 r--s 0002a000 fd:03 32309662                   /home/user/.m2/repository/commons-validator/commons-validator/1.6/commons-validator-1.6.jar
7f12f2f2e000-7f12f2f41000 r--s 000b0000 fd:03 32572176                   /home/user/.m2/repository/org/bouncycastle/bcpkix-jdk15on/1.60/bcpkix-jdk15on-1.60.jar
7f12f2f41000-7f12f2f44000 r--s 0001d000 fd:03 32375426                   /home/user/.m2/repository/org/apache/commons/commons-pool2/2.6.0/commons-pool2-2.6.0.jar
7f12f2f44000-7f12f2f47000 r--s 00012000 fd:03 32244123                   /home/user/.m2/repository/com/lmax/disruptor/3.4.2/disruptor-3.4.2.jar
7f12f2f47000-7f12f2f67000 r--s 00167000 fd:03 32440501                   /home/user/.m2/repository/org/apache/logging/log4j/log4j-core/2.11.0/log4j-core-2.11.0.jar
7f12f2f67000-7f12f2f6d000 r--s 0003b000 fd:03 32440492                   /home/user/.m2/repository/org/apache/logging/log4j/log4j-api/2.11.0/log4j-api-2.11.0.jar
7f12f2f6d000-7f12f2f72000 r--s 00c4f000 fd:03 32703154                   /home/user/.m2/repository/org/rocksdb/rocksdbjni/6.0.1/rocksdbjni-6.0.1.jar
7f12f2f72000-7f12f2f75000 r--s 00018000 fd:03 175180085                  /home/user/.m2/repository/org/apache/ratis/ratis-grpc/0.4.0/ratis-grpc-0.4.0.jar
7f12f2f75000-7f12f2f77000 r--s 00007000 fd:03 175180083                  /home/user/.m2/repository/org/apache/ratis/ratis-netty/0.4.0/ratis-netty-0.4.0.jar
7f12f2f77000-7f12f2f79000 r--s 00009000 fd:03 175180082                  /home/user/.m2/repository/info/ganglia/gmetric4j/gmetric4j/1.0.7/gmetric4j-1.0.7.jar
7f12f2f79000-7f12f2f7a000 r--s 00002000 fd:03 175180080                  /home/user/.m2/repository/io/dropwizard/metrics/metrics-ganglia/3.2.5/metrics-ganglia-3.2.5.jar
7f12f2f7a000-7f12f2f7c000 r--s 00008000 fd:03 175180076                  /home/user/.m2/repository/io/dropwizard/metrics/metrics-jvm/3.2.5/metrics-jvm-3.2.5.jar
7f12f2f7c000-7f12f2f7d000 r--s 00003000 fd:03 175180075                  /home/user/.m2/repository/com/github/joshelser/dropwizard-metrics-hadoop-metrics2-reporter/0.1.2/dropwizard-metrics-hadoop-metrics2-reporter-0.1.2.jar
7f12f2f7d000-7f12f2f7f000 r--s 0000c000 fd:03 175180070                  /home/user/.m2/repository/org/apache/ratis/ratis-client/0.4.0/ratis-client-0.4.0.jar
7f12f2f7f000-7f12f2f84000 r--s 0003a000 fd:03 175180072                  /home/user/.m2/repository/org/apache/ratis/ratis-common/0.4.0/ratis-common-0.4.0.jar
7f12f2f84000-7f12f2f92000 r--s 0010d000 fd:03 175180066                  /home/user/.m2/repository/org/apache/ratis/ratis-proto/0.4.0/ratis-proto-0.4.0.jar
7f12f2f92000-7f12f306c000 r--s 00cc8000 fd:03 32571830                   /home/user/.m2/repository/org/apache/ratis/ratis-thirdparty-misc/0.2.0/ratis-thirdparty-misc-0.2.0.jar
7f12f306c000-7f12f3072000 r--s 00050000 fd:03 175180064                  /home/user/.m2/repository/org/apache/ratis/ratis-server/0.4.0/ratis-server-0.4.0.jar
7f12f3072000-7f12f3074000 r--s 00005000 fd:03 32310099                   /home/user/.m2/repository/javax/annotation/javax.annotation-api/1.2/javax.annotation-api-1.2.jar
7f12f3074000-7f12f30b9000 r--s 00486000 fd:03 32375596                   /home/user/.m2/repository/org/apache/hadoop/hadoop-hdfs-client/3.2.0/hadoop-hdfs-client-3.2.0.jar
7f12f30b9000-7f12f30e0000 r--s 00205000 fd:03 32309861                   /home/user/.m2/repository/io/netty/netty-all/4.0.52.Final/netty-all-4.0.52.Final.jar
7f12f30e0000-7f12f30f9000 r--s 0012c000 fd:03 32309852                   /home/user/.m2/repository/io/netty/netty/3.10.5.Final/netty-3.10.5.Final.jar
7f12f30f9000-7f12f3141000 r--s 00557000 fd:03 32375587                   /home/user/.m2/repository/org/apache/hadoop/hadoop-hdfs/3.2.0/hadoop-hdfs-3.2.0.jar
7f12f3141000-7f12f317f000 r--s 003aa000 fd:03 32375563                   /home/user/.m2/repository/org/apache/hadoop/hadoop-common/3.2.0/hadoop-common-3.2.0.jar
7f12f317f000-7f12f3182000 ---p 00000000 00:00 0 
7f12f3182000-7f12f3280000 rw-p 00000000 00:00 0 
7f12f3280000-7f12f3487000 r-xp 00000000 fd:03 30673708                   /usr/lib/jvm/java-1.8-openjdk/jre/lib/amd64/libmanagement.so
7f12f3487000-7f12f3488000 r--p 00007000 fd:03 30673708                   /usr/lib/jvm/java-1.8-openjdk/jre/lib/amd64/libmanagement.so
7f12f3488000-7f12f3489000 rw-p 00008000 fd:03 30673708                   /usr/lib/jvm/java-1.8-openjdk/jre/lib/amd64/libmanagement.so
7f12f3489000-7f12f348c000 ---p 00000000 00:00 0 
7f12f348c000-7f12f358a000 rw-p 00000000 00:00 0 
7f12f358a000-7f12f358b000 ---p 00000000 00:00 0 
7f12f358b000-7f12f368c000 rw-p 00000000 00:00 0 
7f12f368c000-7f12f368f000 ---p 00000000 00:00 0 
7f12f368f000-7f12f378d000 rw-p 00000000 00:00 0 
7f12f378d000-7f12f378e000 ---p 00000000 00:00 0 
7f12f378e000-7f12f3791000 ---p 00000000 00:00 0 
7f12f3791000-7f12f388f000 rw-p 00000000 00:00 0 
7f12f388f000-7f12f3890000 ---p 00000000 00:00 0 
7f12f3890000-7f12f3893000 ---p 00000000 00:00 0 
7f12f3893000-7f12f3991000 rw-p 00000000 00:00 0 
7f12f3991000-7f12f3994000 ---p 00000000 00:00 0 
7f12f3994000-7f12f3a92000 rw-p 00000000 00:00 0 
7f12f3a92000-7f12f3a95000 ---p 00000000 00:00 0 
7f12f3a95000-7f12f3b93000 rw-p 00000000 00:00 0 
7f12f3b93000-7f12f3b96000 ---p 00000000 00:00 0 
7f12f3b96000-7f12f3c94000 rw-p 00000000 00:00 0 
7f12f3c94000-7f12f3c95000 ---p 00000000 00:00 0 
7f12f3c95000-7f12f469f000 rw-p 00000000 00:00 0 
7f12f469f000-7f12f486f000 r--s 01f56000 fd:03 30673773                   /usr/lib/jvm/java-1.8-openjdk/jre/lib/rt.jar
7f12f486f000-7f12f94e5000 rw-p 00000000 00:00 0 
7f12f94e5000-7f12f94e6000 ---p 00000000 00:00 0 
7f12f94e6000-7f12f95e7000 rw-p 00000000 00:00 0 
7f12f95e7000-7f12f95e8000 ---p 00000000 00:00 0 
7f12f95e8000-7f12f989e000 rw-p 00000000 00:00 0 
7f12f989e000-7f12f9994000 ---p 00000000 00:00 0 
7f12f9994000-7f12f9b49000 rw-p 00000000 00:00 0 
7f12f9b49000-7f12f9c3e000 ---p 00000000 00:00 0 
7f12f9c3e000-7f12f9db4000 rw-p 00000000 00:00 0 
7f12f9db4000-7f12fa155000 ---p 00000000 00:00 0 
7f12fa155000-7f12fa8e5000 rwxp 00000000 00:00 0 
7f12fa8e5000-7f1309155000 ---p 00000000 00:00 0 
7f1309155000-7f130935c000 r-xp 00000000 fd:03 30673717                   /usr/lib/jvm/java-1.8-openjdk/jre/lib/amd64/libzip.so
7f130935c000-7f130935d000 r--p 00007000 fd:03 30673717                   /usr/lib/jvm/java-1.8-openjdk/jre/lib/amd64/libzip.so
7f130935d000-7f130935e000 rw-p 00008000 fd:03 30673717                   /usr/lib/jvm/java-1.8-openjdk/jre/lib/amd64/libzip.so
7f130935e000-7f1309589000 r-xp 00000000 fd:03 30673698                   /usr/lib/jvm/java-1.8-openjdk/jre/lib/amd64/libjava.so
7f1309589000-7f130958a000 r--p 0002b000 fd:03 30673698                   /usr/lib/jvm/java-1.8-openjdk/jre/lib/amd64/libjava.so
7f130958a000-7f130958b000 rw-p 0002c000 fd:03 30673698                   /usr/lib/jvm/java-1.8-openjdk/jre/lib/amd64/libjava.so
7f130958b000-7f130958c000 rw-p 00000000 00:00 0 
7f130958c000-7f1309798000 r-xp 00000000 fd:03 30673716                   /usr/lib/jvm/java-1.8-openjdk/jre/lib/amd64/libverify.so
7f1309798000-7f130979a000 r--p 0000c000 fd:03 30673716                   /usr/lib/jvm/java-1.8-openjdk/jre/lib/amd64/libverify.so
7f130979a000-7f130979b000 rw-p 0000e000 fd:03 30673716                   /usr/lib/jvm/java-1.8-openjdk/jre/lib/amd64/libverify.so
7f130979b000-7f13099ab000 r-xp 00000000 fd:03 30673874                   /usr/lib/libgcc_s.so.1
7f13099ab000-7f13099ac000 r--p 00010000 fd:03 30673874                   /usr/lib/libgcc_s.so.1
7f13099ac000-7f13099ad000 rw-p 00011000 fd:03 30673874                   /usr/lib/libgcc_s.so.1
7f13099ad000-7f1309cee000 r-xp 00000000 fd:03 30673997                   /usr/lib/libstdc++.so.6.0.22
7f1309cee000-7f1309cfc000 r--p 00141000 fd:03 30673997                   /usr/lib/libstdc++.so.6.0.22
7f1309cfc000-7f1309cfd000 rw-p 0014f000 fd:03 30673997                   /usr/lib/libstdc++.so.6.0.22
7f1309cfd000-7f1309d00000 rw-p 00000000 00:00 0 
7f1309d00000-7f130a6d4000 r-xp 00000000 fd:03 30673721                   /usr/lib/jvm/java-1.8-openjdk/jre/lib/amd64/server/libjvm.so
7f130a6d4000-7f130a76a000 r--p 007d4000 fd:03 30673721                   /usr/lib/jvm/java-1.8-openjdk/jre/lib/amd64/server/libjvm.so
7f130a76a000-7f130a792000 rw-p 0086a000 fd:03 30673721                   /usr/lib/jvm/java-1.8-openjdk/jre/lib/amd64/server/libjvm.so
7f130a792000-7f130a7c3000 rw-p 00000000 00:00 0 
7f130a7c3000-7f130a9d8000 r-xp 00000000 fd:03 30540833                   /lib/libz.so.1.2.11
7f130a9d8000-7f130a9d9000 r--p 00015000 fd:03 30540833                   /lib/libz.so.1.2.11
7f130a9d9000-7f130a9da000 rw-p 00016000 fd:03 30540833                   /lib/libz.so.1.2.11
7f130a9da000-7f130abe6000 r-xp 00000000 fd:03 30673682                   /usr/lib/jvm/java-1.8-openjdk/jre/lib/amd64/jli/libjli.so
7f130abe6000-7f130abe7000 r--p 0000c000 fd:03 30673682                   /usr/lib/jvm/java-1.8-openjdk/jre/lib/amd64/jli/libjli.so
7f130abe7000-7f130abe8000 rw-p 0000d000 fd:03 30673682                   /usr/lib/jvm/java-1.8-openjdk/jre/lib/amd64/jli/libjli.so
7f130abe8000-7f130ac75000 r-xp 00000000 fd:03 30605398                   /lib/ld-musl-x86_64.so.1
7f130ac75000-7f130ac76000 r--s 00006000 fd:03 175180068                  /home/user/.m2/repository/org/apache/ratis/ratis-metrics/0.4.0/ratis-metrics-0.4.0.jar
7f130ac76000-7f130ac79000 r--s 0000e000 fd:03 175179885                  /home/user/.m2/repository/com/fasterxml/jackson/core/jackson-annotations/2.9.9/jackson-annotations-2.9.9.jar
7f130ac79000-7f130ac7c000 r--s 000fd000 fd:03 32637744                   /home/user/.m2/repository/org/fusesource/leveldbjni/leveldbjni-all/1.8/leveldbjni-all-1.8.jar
7f130ac7c000-7f130ac7d000 r--s 00005000 fd:03 32309451                   /home/user/.m2/repository/commons-daemon/commons-daemon/1.0.13/commons-daemon-1.0.13.jar
7f130ac7d000-7f130ac7f000 r--s 00008000 fd:03 175179882                  /home/user/.m2/repository/org/eclipse/jetty/jetty-util-ajax/9.3.25.v20180904/jetty-util-ajax-9.3.25.v20180904.jar
7f130ac7f000-7f130ac83000 r--s 00014000 fd:03 32768130                   /home/user/.m2/repository/org/tukaani/xz/1.0/xz-1.0.jar
7f130ac83000-7f130ac88000 r--s 00036000 fd:03 32375234                   /home/user/.m2/repository/org/apache/commons/commons-compress/1.4.1/commons-compress-1.4.1.jar
7f130ac88000-7f130ac8a000 r--s 00002000 fd:03 32571430                   /home/user/.m2/repository/org/apache/maven/surefire/surefire-logger-api/3.0.0-M1/surefire-logger-api-3.0.0-M1.jar
7f130ac8a000-7f130ac8f000 r--s 00027000 fd:03 32571412                   /home/user/.m2/repository/org/apache/maven/surefire/surefire-api/3.0.0-M1/surefire-api-3.0.0-M1.jar
7f130ac8f000-7f130ac95000 r--s 00047000 fd:03 32571421                   /home/user/.m2/repository/org/apache/maven/surefire/surefire-booter/3.0.0-M1/surefire-booter-3.0.0-M1.jar
7f130ac95000-7f130ac96000 r--s 00004000 fd:05 45880828                   /workdir/hadoop-ozone/ozone-manager/target/surefire/surefirebooter4854449823619171913.jar
7f130ac96000-7f130ac97000 r--s 00000000 fd:03 30540769                   /etc/localtime
7f130ac97000-7f130ad68000 rw-p 00000000 00:00 0 
7f130ad68000-7f130ad70000 rw-s 00000000 fd:03 173801648                  /tmp/hsperfdata_jenkins1000/13763
7f130ad70000-7f130ad71000 rw-p 00000000 00:00 0 
7f130ad71000-7f130ad72000 r--p 00000000 00:00 0 
7f130ad72000-7f130ad74000 ---p 00000000 00:00 0 
7f130ad74000-7f130ad77000 ---p 00000000 00:00 0 
7f130ad77000-7f130ae75000 rw-p 00000000 00:00 0 
7f130ae75000-7f130ae76000 r--p 0008d000 fd:03 30605398                   /lib/ld-musl-x86_64.so.1
7f130ae76000-7f130ae77000 rw-p 0008e000 fd:03 30605398                   /lib/ld-musl-x86_64.so.1
7f130ae77000-7f130ae7a000 rw-p 00000000 00:00 0 
7ffdbde33000-7ffdbde55000 rw-p 00000000 00:00 0                          [stack]
7ffdbde91000-7ffdbde93000 r-xp 00000000 00:00 0                          [vdso]
ffffffffff600000-ffffffffff601000 r-xp 00000000 00:00 0                  [vsyscall]

VM Arguments:
jvm_args: -Xmx2048m -XX:+HeapDumpOnOutOfMemoryError 
java_command: /workdir/hadoop-ozone/ozone-manager/target/surefire/surefirebooter4854449823619171913.jar /workdir/hadoop-ozone/ozone-manager/target/surefire 2019-09-26T11-33-04_100-jvmRun1 surefire650304955221840346tmp surefire_485709890970577302873tmp
java_class_path (initial): /workdir/hadoop-ozone/ozone-manager/target/surefire/surefirebooter4854449823619171913.jar
Launcher Type: SUN_STANDARD

Environment Variables:
PATH=/usr/local/sbin:/usr/local/bin:/usr/sbin:/usr/bin:/sbin:/bin:/opt/findbugs/bin:/opt/blockade/bin
LD_LIBRARY_PATH=/usr/lib/jvm/java-1.8-openjdk/jre/lib/amd64/server:/usr/lib/jvm/java-1.8-openjdk/jre/lib/amd64:/usr/lib/jvm/java-1.8-openjdk/jre/../lib/amd64:/workdir/hadoop-ozone/ozone-manager/target/native/target/usr/local/lib:/workdir/hadoop-ozone/ozone-manager/../../hadoop-common-project/hadoop-common/target/native/target/usr/local/lib
DYLD_LIBRARY_PATH=${env.DYLD_LIBRARY_PATH}:/workdir/hadoop-ozone/ozone-manager/target/native/target/usr/local/lib:/workdir/hadoop-ozone/ozone-manager/../../hadoop-common-project/hadoop-common/target/native/target/usr/local/lib

Signal Handlers:
SIGSEGV: [libjvm.so+0x600fd2], sa_mask[0]=11111111011111111101111111111110, sa_flags=SA_RESTART|SA_SIGINFO
SIGBUS: [libjvm.so+0x600fd2], sa_mask[0]=11111111011111111101111111111110, sa_flags=SA_RESTART|SA_SIGINFO
SIGFPE: [libjvm.so+0x539502], sa_mask[0]=11111111011111111101111111111110, sa_flags=SA_RESTART|SA_SIGINFO
SIGPIPE: [libjvm.so+0x539502], sa_mask[0]=11111111011111111101111111111110, sa_flags=SA_RESTART|SA_SIGINFO
SIGXFSZ: [libjvm.so+0x539502], sa_mask[0]=11111111011111111101111111111110, sa_flags=SA_RESTART|SA_SIGINFO
SIGILL: [libjvm.so+0x539502], sa_mask[0]=11111111011111111101111111111110, sa_flags=SA_RESTART|SA_SIGINFO
SIGUSR1: SIG_DFL, sa_mask[0]=00000000000000000000000000000000, sa_flags=none
SIGUSR2: [libjvm.so+0x5396a1], sa_mask[0]=00100000000000000000000000000000, sa_flags=SA_RESTART|SA_SIGINFO
SIGHUP: [libjvm.so+0x53b719], sa_mask[0]=11111111011111111101111111111110, sa_flags=SA_RESTART|SA_SIGINFO
SIGINT: [libjvm.so+0x53b719], sa_mask[0]=11111111011111111101111111111110, sa_flags=SA_RESTART|SA_SIGINFO
SIGTERM: [libjvm.so+0x53b719], sa_mask[0]=11111111011111111101111111111110, sa_flags=SA_RESTART|SA_SIGINFO
SIGQUIT: [libjvm.so+0x53b719], sa_mask[0]=11111111011111111101111111111110, sa_flags=SA_RESTART|SA_SIGINFO


---------------  S Y S T E M  ---------------

OS:NAME="Alpine Linux"
ID=alpine
VERSION_ID=3.8.2
PRETTY_NAME="Alpine Linux v3.8"
HOME_URL="http://alpinelinux.org"
BUG_REPORT_URL="http://bugs.alpinelinux.org"

uname:Linux 3.10.0-957.12.2.el7.x86_64 #1 SMP Tue May 14 21:24:32 UTC 2019 x86_64
libc:glibc 2.9 NPTL 
rlimit: STACK 8192k, CORE infinity, NPROC 1048576, NOFILE 1048576, AS infinity
load average:11.40 8.72 6.17

/proc/meminfo:
MemTotal:       263864180 kB
MemFree:         1517028 kB
MemAvailable:   155326436 kB
Buffers:         6619040 kB
Cached:         146310712 kB
SwapCached:            0 kB
Active:         170150468 kB
Inactive:       83330688 kB
Active(anon):   103149508 kB
Inactive(anon):  1876452 kB
Active(file):   67000960 kB
Inactive(file): 81454236 kB
Unevictable:          32 kB
Mlocked:              32 kB
SwapTotal:             0 kB
SwapFree:              0 kB
Dirty:            321108 kB
Writeback:             0 kB
AnonPages:      100555188 kB
Mapped:           293096 kB
Shmem:           4472416 kB
Slab:            6835728 kB
SReclaimable:    6237348 kB
SUnreclaim:       598380 kB
KernelStack:       78304 kB
PageTables:       271652 kB
NFS_Unstable:          0 kB
Bounce:                0 kB
WritebackTmp:          0 kB
CommitLimit:    131932088 kB
Committed_AS:   93507152 kB
VmallocTotal:   34359738367 kB
VmallocUsed:      791084 kB
VmallocChunk:   34224629700 kB
HardwareCorrupted:     0 kB
AnonHugePages:  34717696 kB
CmaTotal:              0 kB
CmaFree:               0 kB
HugePages_Total:       0
HugePages_Free:        0
HugePages_Rsvd:        0
HugePages_Surp:        0
Hugepagesize:       2048 kB
DirectMap4k:      473848 kB
DirectMap2M:    50798592 kB
DirectMap1G:    219152384 kB

container (cgroup) information:
container_type: cgroupv1
cpu_cpuset_cpus: 0-31
cpu_memory_nodes: 0-1
active_processor_count: 2
cpu_quota: -1
cpu_period: 100000
cpu_shares: 2048
memory_limit_in_bytes: -1
memory_and_swap_limit_in_bytes: -1
memory_soft_limit_in_bytes: -1
memory_usage_in_bytes: 10396659712
memory_max_usage_in_bytes: 13406953472


CPU:total 32 (initial active 2) (8 cores per cpu, 2 threads per core) family 6 model 63 stepping 2, cmov, cx8, fxsr, mmx, sse, sse2, sse3, ssse3, sse4.1, sse4.2, popcnt, avx, avx2, aes, clmul, erms, lzcnt, ht, tsc, tscinvbit, bmi1, bmi2

/proc/cpuinfo:
processor	: 0
vendor_id	: GenuineIntel
cpu family	: 6
model		: 63
model name	: Intel(R) Xeon(R) CPU E5-2630 v3 @ 2.40GHz
stepping	: 2
microcode	: 0x43
cpu MHz		: 2599.951
cache size	: 20480 KB
physical id	: 0
siblings	: 16
core id		: 0
cpu cores	: 8
apicid		: 0
initial apicid	: 0
fpu		: yes
fpu_exception	: yes
cpuid level	: 15
wp		: yes
flags		: fpu vme de pse tsc msr pae mce cx8 apic sep mtrr pge mca cmov pat pse36 clflush dts acpi mmx fxsr sse sse2 ss ht tm pbe syscall nx pdpe1gb rdtscp lm constant_tsc arch_perfmon pebs bts rep_good nopl xtopology nonstop_tsc aperfmperf eagerfpu pni pclmulqdq dtes64 monitor ds_cpl vmx smx est tm2 ssse3 sdbg fma cx16 xtpr pdcm pcid dca sse4_1 sse4_2 x2apic movbe popcnt tsc_deadline_timer aes xsave avx f16c rdrand lahf_lm abm epb intel_ppin ssbd ibrs ibpb stibp tpr_shadow vnmi flexpriority ept vpid fsgsbase tsc_adjust bmi1 avx2 smep bmi2 erms invpcid cqm xsaveopt cqm_llc cqm_occup_llc dtherm ida arat pln pts md_clear spec_ctrl intel_stibp flush_l1d
bogomips	: 4788.16
clflush size	: 64
cache_alignment	: 64
address sizes	: 46 bits physical, 48 bits virtual
power management:

processor	: 1
vendor_id	: GenuineIntel
cpu family	: 6
model		: 63
model name	: Intel(R) Xeon(R) CPU E5-2630 v3 @ 2.40GHz
stepping	: 2
microcode	: 0x43
cpu MHz		: 2399.853
cache size	: 20480 KB
physical id	: 0
siblings	: 16
core id		: 1
cpu cores	: 8
apicid		: 2
initial apicid	: 2
fpu		: yes
fpu_exception	: yes
cpuid level	: 15
wp		: yes
flags		: fpu vme de pse tsc msr pae mce cx8 apic sep mtrr pge mca cmov pat pse36 clflush dts acpi mmx fxsr sse sse2 ss ht tm pbe syscall nx pdpe1gb rdtscp lm constant_tsc arch_perfmon pebs bts rep_good nopl xtopology nonstop_tsc aperfmperf eagerfpu pni pclmulqdq dtes64 monitor ds_cpl vmx smx est tm2 ssse3 sdbg fma cx16 xtpr pdcm pcid dca sse4_1 sse4_2 x2apic movbe popcnt tsc_deadline_timer aes xsave avx f16c rdrand lahf_lm abm epb intel_ppin ssbd ibrs ibpb stibp tpr_shadow vnmi flexpriority ept vpid fsgsbase tsc_adjust bmi1 avx2 smep bmi2 erms invpcid cqm xsaveopt cqm_llc cqm_occup_llc dtherm ida arat pln pts md_clear spec_ctrl intel_stibp flush_l1d
bogomips	: 4788.16
clflush size	: 64
cache_alignment	: 64
address sizes	: 46 bits physical, 48 bits virtual
power management:

processor	: 2
vendor_id	: GenuineIntel
cpu family	: 6
model		: 63
model name	: Intel(R) Xeon(R) CPU E5-2630 v3 @ 2.40GHz
stepping	: 2
microcode	: 0x43
cpu MHz		: 2572.265
cache size	: 20480 KB
physical id	: 0
siblings	: 16
core id		: 2
cpu cores	: 8
apicid		: 4
initial apicid	: 4
fpu		: yes
fpu_exception	: yes
cpuid level	: 15
wp		: yes
flags		: fpu vme de pse tsc msr pae mce cx8 apic sep mtrr pge mca cmov pat pse36 clflush dts acpi mmx fxsr sse sse2 ss ht tm pbe syscall nx pdpe1gb rdtscp lm constant_tsc arch_perfmon pebs bts rep_good nopl xtopology nonstop_tsc aperfmperf eagerfpu pni pclmulqdq dtes64 monitor ds_cpl vmx smx est tm2 ssse3 sdbg fma cx16 xtpr pdcm pcid dca sse4_1 sse4_2 x2apic movbe popcnt tsc_deadline_timer aes xsave avx f16c rdrand lahf_lm abm epb intel_ppin ssbd ibrs ibpb stibp tpr_shadow vnmi flexpriority ept vpid fsgsbase tsc_adjust bmi1 avx2 smep bmi2 erms invpcid cqm xsaveopt cqm_llc cqm_occup_llc dtherm ida arat pln pts md_clear spec_ctrl intel_stibp flush_l1d
bogomips	: 4788.16
clflush size	: 64
cache_alignment	: 64
address sizes	: 46 bits physical, 48 bits virtual
power management:

processor	: 3
vendor_id	: GenuineIntel
cpu family	: 6
model		: 63
model name	: Intel(R) Xeon(R) CPU E5-2630 v3 @ 2.40GHz
stepping	: 2
microcode	: 0x43
cpu MHz		: 2599.951
cache size	: 20480 KB
physical id	: 0
siblings	: 16
core id		: 3
cpu cores	: 8
apicid		: 6
initial apicid	: 6
fpu		: yes
fpu_exception	: yes
cpuid level	: 15
wp		: yes
flags		: fpu vme de pse tsc msr pae mce cx8 apic sep mtrr pge mca cmov pat pse36 clflush dts acpi mmx fxsr sse sse2 ss ht tm pbe syscall nx pdpe1gb rdtscp lm constant_tsc arch_perfmon pebs bts rep_good nopl xtopology nonstop_tsc aperfmperf eagerfpu pni pclmulqdq dtes64 monitor ds_cpl vmx smx est tm2 ssse3 sdbg fma cx16 xtpr pdcm pcid dca sse4_1 sse4_2 x2apic movbe popcnt tsc_deadline_timer aes xsave avx f16c rdrand lahf_lm abm epb intel_ppin ssbd ibrs ibpb stibp tpr_shadow vnmi flexpriority ept vpid fsgsbase tsc_adjust bmi1 avx2 smep bmi2 erms invpcid cqm xsaveopt cqm_llc cqm_occup_llc dtherm ida arat pln pts md_clear spec_ctrl intel_stibp flush_l1d
bogomips	: 4788.16
clflush size	: 64
cache_alignment	: 64
address sizes	: 46 bits physical, 48 bits virtual
power management:

processor	: 4
vendor_id	: GenuineIntel
cpu family	: 6
model		: 63
model name	: Intel(R) Xeon(R) CPU E5-2630 v3 @ 2.40GHz
stepping	: 2
microcode	: 0x43
cpu MHz		: 2599.951
cache size	: 20480 KB
physical id	: 0
siblings	: 16
core id		: 4
cpu cores	: 8
apicid		: 8
initial apicid	: 8
fpu		: yes
fpu_exception	: yes
cpuid level	: 15
wp		: yes
flags		: fpu vme de pse tsc msr pae mce cx8 apic sep mtrr pge mca cmov pat pse36 clflush dts acpi mmx fxsr sse sse2 ss ht tm pbe syscall nx pdpe1gb rdtscp lm constant_tsc arch_perfmon pebs bts rep_good nopl xtopology nonstop_tsc aperfmperf eagerfpu pni pclmulqdq dtes64 monitor ds_cpl vmx smx est tm2 ssse3 sdbg fma cx16 xtpr pdcm pcid dca sse4_1 sse4_2 x2apic movbe popcnt tsc_deadline_timer aes xsave avx f16c rdrand lahf_lm abm epb intel_ppin ssbd ibrs ibpb stibp tpr_shadow vnmi flexpriority ept vpid fsgsbase tsc_adjust bmi1 avx2 smep bmi2 erms invpcid cqm xsaveopt cqm_llc cqm_occup_llc dtherm ida arat pln pts md_clear spec_ctrl intel_stibp flush_l1d
bogomips	: 4788.16
clflush size	: 64
cache_alignment	: 64
address sizes	: 46 bits physical, 48 bits virtual
power management:

processor	: 5
vendor_id	: GenuineIntel
cpu family	: 6
model		: 63
model name	: Intel(R) Xeon(R) CPU E5-2630 v3 @ 2.40GHz
stepping	: 2
microcode	: 0x43
cpu MHz		: 2603.906
cache size	: 20480 KB
physical id	: 0
siblings	: 16
core id		: 5
cpu cores	: 8
apicid		: 10
initial apicid	: 10
fpu		: yes
fpu_exception	: yes
cpuid level	: 15
wp		: yes
flags		: fpu vme de pse tsc msr pae mce cx8 apic sep mtrr pge mca cmov pat pse36 clflush dts acpi mmx fxsr sse sse2 ss ht tm pbe syscall nx pdpe1gb rdtscp lm constant_tsc arch_perfmon pebs bts rep_good nopl xtopology nonstop_tsc aperfmperf eagerfpu pni pclmulqdq dtes64 monitor ds_cpl vmx smx est tm2 ssse3 sdbg fma cx16 xtpr pdcm pcid dca sse4_1 sse4_2 x2apic movbe popcnt tsc_deadline_timer aes xsave avx f16c rdrand lahf_lm abm epb intel_ppin ssbd ibrs ibpb stibp tpr_shadow vnmi flexpriority ept vpid fsgsbase tsc_adjust bmi1 avx2 smep bmi2 erms invpcid cqm xsaveopt cqm_llc cqm_occup_llc dtherm ida arat pln pts md_clear spec_ctrl intel_stibp flush_l1d
bogomips	: 4788.16
clflush size	: 64
cache_alignment	: 64
address sizes	: 46 bits physical, 48 bits virtual
power management:

processor	: 6
vendor_id	: GenuineIntel
cpu family	: 6
model		: 63
model name	: Intel(R) Xeon(R) CPU E5-2630 v3 @ 2.40GHz
stepping	: 2
microcode	: 0x43
cpu MHz		: 2599.951
cache size	: 20480 KB
physical id	: 0
siblings	: 16
core id		: 6
cpu cores	: 8
apicid		: 12
initial apicid	: 12
fpu		: yes
fpu_exception	: yes
cpuid level	: 15
wp		: yes
flags		: fpu vme de pse tsc msr pae mce cx8 apic sep mtrr pge mca cmov pat pse36 clflush dts acpi mmx fxsr sse sse2 ss ht tm pbe syscall nx pdpe1gb rdtscp lm constant_tsc arch_perfmon pebs bts rep_good nopl xtopology nonstop_tsc aperfmperf eagerfpu pni pclmulqdq dtes64 monitor ds_cpl vmx smx est tm2 ssse3 sdbg fma cx16 xtpr pdcm pcid dca sse4_1 sse4_2 x2apic movbe popcnt tsc_deadline_timer aes xsave avx f16c rdrand lahf_lm abm epb intel_ppin ssbd ibrs ibpb stibp tpr_shadow vnmi flexpriority ept vpid fsgsbase tsc_adjust bmi1 avx2 smep bmi2 erms invpcid cqm xsaveopt cqm_llc cqm_occup_llc dtherm ida arat pln pts md_clear spec_ctrl intel_stibp flush_l1d
bogomips	: 4788.16
clflush size	: 64
cache_alignment	: 64
address sizes	: 46 bits physical, 48 bits virtual
power management:

processor	: 7
vendor_id	: GenuineIntel
cpu family	: 6
model		: 63
model name	: Intel(R) Xeon(R) CPU E5-2630 v3 @ 2.40GHz
stepping	: 2
microcode	: 0x43
cpu MHz		: 2599.951
cache size	: 20480 KB
physical id	: 0
siblings	: 16
core id		: 7
cpu cores	: 8
apicid		: 14
initial apicid	: 14
fpu		: yes
fpu_exception	: yes
cpuid level	: 15
wp		: yes
flags		: fpu vme de pse tsc msr pae mce cx8 apic sep mtrr pge mca cmov pat pse36 clflush dts acpi mmx fxsr sse sse2 ss ht tm pbe syscall nx pdpe1gb rdtscp lm constant_tsc arch_perfmon pebs bts rep_good nopl xtopology nonstop_tsc aperfmperf eagerfpu pni pclmulqdq dtes64 monitor ds_cpl vmx smx est tm2 ssse3 sdbg fma cx16 xtpr pdcm pcid dca sse4_1 sse4_2 x2apic movbe popcnt tsc_deadline_timer aes xsave avx f16c rdrand lahf_lm abm epb intel_ppin ssbd ibrs ibpb stibp tpr_shadow vnmi flexpriority ept vpid fsgsbase tsc_adjust bmi1 avx2 smep bmi2 erms invpcid cqm xsaveopt cqm_llc cqm_occup_llc dtherm ida arat pln pts md_clear spec_ctrl intel_stibp flush_l1d
bogomips	: 4788.16
clflush size	: 64
cache_alignment	: 64
address sizes	: 46 bits physical, 48 bits virtual
power management:

processor	: 8
vendor_id	: GenuineIntel
cpu family	: 6
model		: 63
model name	: Intel(R) Xeon(R) CPU E5-2630 v3 @ 2.40GHz
stepping	: 2
microcode	: 0x43
cpu MHz		: 2623.974
cache size	: 20480 KB
physical id	: 1
siblings	: 16
core id		: 0
cpu cores	: 8
apicid		: 16
initial apicid	: 16
fpu		: yes
fpu_exception	: yes
cpuid level	: 15
wp		: yes
flags		: fpu vme de pse tsc msr pae mce cx8 apic sep mtrr pge mca cmov pat pse36 clflush dts acpi mmx fxsr sse sse2 ss ht tm pbe syscall nx pdpe1gb rdtscp lm constant_tsc arch_perfmon pebs bts rep_good nopl xtopology nonstop_tsc aperfmperf eagerfpu pni pclmulqdq dtes64 monitor ds_cpl vmx smx est tm2 ssse3 sdbg fma cx16 xtpr pdcm pcid dca sse4_1 sse4_2 x2apic movbe popcnt tsc_deadline_timer aes xsave avx f16c rdrand lahf_lm abm epb intel_ppin ssbd ibrs ibpb stibp tpr_shadow vnmi flexpriority ept vpid fsgsbase tsc_adjust bmi1 avx2 smep bmi2 erms invpcid cqm xsaveopt cqm_llc cqm_occup_llc dtherm ida arat pln pts md_clear spec_ctrl intel_stibp flush_l1d
bogomips	: 4793.27
clflush size	: 64
cache_alignment	: 64
address sizes	: 46 bits physical, 48 bits virtual
power management:

processor	: 9
vendor_id	: GenuineIntel
cpu family	: 6
model		: 63
model name	: Intel(R) Xeon(R) CPU E5-2630 v3 @ 2.40GHz
stepping	: 2
microcode	: 0x43
cpu MHz		: 2609.472
cache size	: 20480 KB
physical id	: 1
siblings	: 16
core id		: 1
cpu cores	: 8
apicid		: 18
initial apicid	: 18
fpu		: yes
fpu_exception	: yes
cpuid level	: 15
wp		: yes
flags		: fpu vme de pse tsc msr pae mce cx8 apic sep mtrr pge mca cmov pat pse36 clflush dts acpi mmx fxsr sse sse2 ss ht tm pbe syscall nx pdpe1gb rdtscp lm constant_tsc arch_perfmon pebs bts rep_good nopl xtopology nonstop_tsc aperfmperf eagerfpu pni pclmulqdq dtes64 monitor ds_cpl vmx smx est tm2 ssse3 sdbg fma cx16 xtpr pdcm pcid dca sse4_1 sse4_2 x2apic movbe popcnt tsc_deadline_timer aes xsave avx f16c rdrand lahf_lm abm epb intel_ppin ssbd ibrs ibpb stibp tpr_shadow vnmi flexpriority ept vpid fsgsbase tsc_adjust bmi1 avx2 smep bmi2 erms invpcid cqm xsaveopt cqm_llc cqm_occup_llc dtherm ida arat pln pts md_clear spec_ctrl intel_stibp flush_l1d
bogomips	: 4793.27
clflush size	: 64
cache_alignment	: 64
address sizes	: 46 bits physical, 48 bits virtual
power management:

processor	: 10
vendor_id	: GenuineIntel
cpu family	: 6
model		: 63
model name	: Intel(R) Xeon(R) CPU E5-2630 v3 @ 2.40GHz
stepping	: 2
microcode	: 0x43
cpu MHz		: 2644.482
cache size	: 20480 KB
physical id	: 1
siblings	: 16
core id		: 2
cpu cores	: 8
apicid		: 20
initial apicid	: 20
fpu		: yes
fpu_exception	: yes
cpuid level	: 15
wp		: yes
flags		: fpu vme de pse tsc msr pae mce cx8 apic sep mtrr pge mca cmov pat pse36 clflush dts acpi mmx fxsr sse sse2 ss ht tm pbe syscall nx pdpe1gb rdtscp lm constant_tsc arch_perfmon pebs bts rep_good nopl xtopology nonstop_tsc aperfmperf eagerfpu pni pclmulqdq dtes64 monitor ds_cpl vmx smx est tm2 ssse3 sdbg fma cx16 xtpr pdcm pcid dca sse4_1 sse4_2 x2apic movbe popcnt tsc_deadline_timer aes xsave avx f16c rdrand lahf_lm abm epb intel_ppin ssbd ibrs ibpb stibp tpr_shadow vnmi flexpriority ept vpid fsgsbase tsc_adjust bmi1 avx2 smep bmi2 erms invpcid cqm xsaveopt cqm_llc cqm_occup_llc dtherm ida arat pln pts md_clear spec_ctrl intel_stibp flush_l1d
bogomips	: 4793.27
clflush size	: 64
cache_alignment	: 64
address sizes	: 46 bits physical, 48 bits virtual
power management:

processor	: 11
vendor_id	: GenuineIntel
cpu family	: 6
model		: 63
model name	: Intel(R) Xeon(R) CPU E5-2630 v3 @ 2.40GHz
stepping	: 2
microcode	: 0x43
cpu MHz		: 2605.224
cache size	: 20480 KB
physical id	: 1
siblings	: 16
core id		: 3
cpu cores	: 8
apicid		: 22
initial apicid	: 22
fpu		: yes
fpu_exception	: yes
cpuid level	: 15
wp		: yes
flags		: fpu vme de pse tsc msr pae mce cx8 apic sep mtrr pge mca cmov pat pse36 clflush dts acpi mmx fxsr sse sse2 ss ht tm pbe syscall nx pdpe1gb rdtscp lm constant_tsc arch_perfmon pebs bts rep_good nopl xtopology nonstop_tsc aperfmperf eagerfpu pni pclmulqdq dtes64 monitor ds_cpl vmx smx est tm2 ssse3 sdbg fma cx16 xtpr pdcm pcid dca sse4_1 sse4_2 x2apic movbe popcnt tsc_deadline_timer aes xsave avx f16c rdrand lahf_lm abm epb intel_ppin ssbd ibrs ibpb stibp tpr_shadow vnmi flexpriority ept vpid fsgsbase tsc_adjust bmi1 avx2 smep bmi2 erms invpcid cqm xsaveopt cqm_llc cqm_occup_llc dtherm ida arat pln pts md_clear spec_ctrl intel_stibp flush_l1d
bogomips	: 4793.27
clflush size	: 64
cache_alignment	: 64
address sizes	: 46 bits physical, 48 bits virtual
power management:

processor	: 12
vendor_id	: GenuineIntel
cpu family	: 6
model		: 63
model name	: Intel(R) Xeon(R) CPU E5-2630 v3 @ 2.40GHz
stepping	: 2
microcode	: 0x43
cpu MHz		: 2599.951
cache size	: 20480 KB
physical id	: 1
siblings	: 16
core id		: 4
cpu cores	: 8
apicid		: 24
initial apicid	: 24
fpu		: yes
fpu_exception	: yes
cpuid level	: 15
wp		: yes
flags		: fpu vme de pse tsc msr pae mce cx8 apic sep mtrr pge mca cmov pat pse36 clflush dts acpi mmx fxsr sse sse2 ss ht tm pbe syscall nx pdpe1gb rdtscp lm constant_tsc arch_perfmon pebs bts rep_good nopl xtopology nonstop_tsc aperfmperf eagerfpu pni pclmulqdq dtes64 monitor ds_cpl vmx smx est tm2 ssse3 sdbg fma cx16 xtpr pdcm pcid dca sse4_1 sse4_2 x2apic movbe popcnt tsc_deadline_timer aes xsave avx f16c rdrand lahf_lm abm epb intel_ppin ssbd ibrs ibpb stibp tpr_shadow vnmi flexpriority ept vpid fsgsbase tsc_adjust bmi1 avx2 smep bmi2 erms invpcid cqm xsaveopt cqm_llc cqm_occup_llc dtherm ida arat pln pts md_clear spec_ctrl intel_stibp flush_l1d
bogomips	: 4793.27
clflush size	: 64
cache_alignment	: 64
address sizes	: 46 bits physical, 48 bits virtual
power management:

processor	: 13
vendor_id	: GenuineIntel
cpu family	: 6
model		: 63
model name	: Intel(R) Xeon(R) CPU E5-2630 v3 @ 2.40GHz
stepping	: 2
microcode	: 0x43
cpu MHz		: 2599.951
cache size	: 20480 KB
physical id	: 1
siblings	: 16
core id		: 5
cpu cores	: 8
apicid		: 26
initial apicid	: 26
fpu		: yes
fpu_exception	: yes
cpuid level	: 15
wp		: yes
flags		: fpu vme de pse tsc msr pae mce cx8 apic sep mtrr pge mca cmov pat pse36 clflush dts acpi mmx fxsr sse sse2 ss ht tm pbe syscall nx pdpe1gb rdtscp lm constant_tsc arch_perfmon pebs bts rep_good nopl xtopology nonstop_tsc aperfmperf eagerfpu pni pclmulqdq dtes64 monitor ds_cpl vmx smx est tm2 ssse3 sdbg fma cx16 xtpr pdcm pcid dca sse4_1 sse4_2 x2apic movbe popcnt tsc_deadline_timer aes xsave avx f16c rdrand lahf_lm abm epb intel_ppin ssbd ibrs ibpb stibp tpr_shadow vnmi flexpriority ept vpid fsgsbase tsc_adjust bmi1 avx2 smep bmi2 erms invpcid cqm xsaveopt cqm_llc cqm_occup_llc dtherm ida arat pln pts md_clear spec_ctrl intel_stibp flush_l1d
bogomips	: 4793.27
clflush size	: 64
cache_alignment	: 64
address sizes	: 46 bits physical, 48 bits virtual
power management:

processor	: 14
vendor_id	: GenuineIntel
cpu family	: 6
model		: 63
model name	: Intel(R) Xeon(R) CPU E5-2630 v3 @ 2.40GHz
stepping	: 2
microcode	: 0x43
cpu MHz		: 2605.078
cache size	: 20480 KB
physical id	: 1
siblings	: 16
core id		: 6
cpu cores	: 8
apicid		: 28
initial apicid	: 28
fpu		: yes
fpu_exception	: yes
cpuid level	: 15
wp		: yes
flags		: fpu vme de pse tsc msr pae mce cx8 apic sep mtrr pge mca cmov pat pse36 clflush dts acpi mmx fxsr sse sse2 ss ht tm pbe syscall nx pdpe1gb rdtscp lm constant_tsc arch_perfmon pebs bts rep_good nopl xtopology nonstop_tsc aperfmperf eagerfpu pni pclmulqdq dtes64 monitor ds_cpl vmx smx est tm2 ssse3 sdbg fma cx16 xtpr pdcm pcid dca sse4_1 sse4_2 x2apic movbe popcnt tsc_deadline_timer aes xsave avx f16c rdrand lahf_lm abm epb intel_ppin ssbd ibrs ibpb stibp tpr_shadow vnmi flexpriority ept vpid fsgsbase tsc_adjust bmi1 avx2 smep bmi2 erms invpcid cqm xsaveopt cqm_llc cqm_occup_llc dtherm ida arat pln pts md_clear spec_ctrl intel_stibp flush_l1d
bogomips	: 4793.27
clflush size	: 64
cache_alignment	: 64
address sizes	: 46 bits physical, 48 bits virtual
power management:

processor	: 15
vendor_id	: GenuineIntel
cpu family	: 6
model		: 63
model name	: Intel(R) Xeon(R) CPU E5-2630 v3 @ 2.40GHz
stepping	: 2
microcode	: 0x43
cpu MHz		: 2599.951
cache size	: 20480 KB
physical id	: 1
siblings	: 16
core id		: 7
cpu cores	: 8
apicid		: 30
initial apicid	: 30
fpu		: yes
fpu_exception	: yes
cpuid level	: 15
wp		: yes
flags		: fpu vme de pse tsc msr pae mce cx8 apic sep mtrr pge mca cmov pat pse36 clflush dts acpi mmx fxsr sse sse2 ss ht tm pbe syscall nx pdpe1gb rdtscp lm constant_tsc arch_perfmon pebs bts rep_good nopl xtopology nonstop_tsc aperfmperf eagerfpu pni pclmulqdq dtes64 monitor ds_cpl vmx smx est tm2 ssse3 sdbg fma cx16 xtpr pdcm pcid dca sse4_1 sse4_2 x2apic movbe popcnt tsc_deadline_timer aes xsave avx f16c rdrand lahf_lm abm epb intel_ppin ssbd ibrs ibpb stibp tpr_shadow vnmi flexpriority ept vpid fsgsbase tsc_adjust bmi1 avx2 smep bmi2 erms invpcid cqm xsaveopt cqm_llc cqm_occup_llc dtherm ida arat pln pts md_clear spec_ctrl intel_stibp flush_l1d
bogomips	: 4793.27
clflush size	: 64
cache_alignment	: 64
address sizes	: 46 bits physical, 48 bits virtual
power management:

processor	: 16
vendor_id	: GenuineIntel
cpu family	: 6
model		: 63
model name	: Intel(R) Xeon(R) CPU E5-2630 v3 @ 2.40GHz
stepping	: 2
microcode	: 0x43
cpu MHz		: 2599.951
cache size	: 20480 KB
physical id	: 0
siblings	: 16
core id		: 0
cpu cores	: 8
apicid		: 1
initial apicid	: 1
fpu		: yes
fpu_exception	: yes
cpuid level	: 15
wp		: yes
flags		: fpu vme de pse tsc msr pae mce cx8 apic sep mtrr pge mca cmov pat pse36 clflush dts acpi mmx fxsr sse sse2 ss ht tm pbe syscall nx pdpe1gb rdtscp lm constant_tsc arch_perfmon pebs bts rep_good nopl xtopology nonstop_tsc aperfmperf eagerfpu pni pclmulqdq dtes64 monitor ds_cpl vmx smx est tm2 ssse3 sdbg fma cx16 xtpr pdcm pcid dca sse4_1 sse4_2 x2apic movbe popcnt tsc_deadline_timer aes xsave avx f16c rdrand lahf_lm abm epb intel_ppin ssbd ibrs ibpb stibp tpr_shadow vnmi flexpriority ept vpid fsgsbase tsc_adjust bmi1 avx2 smep bmi2 erms invpcid cqm xsaveopt cqm_llc cqm_occup_llc dtherm ida arat pln pts md_clear spec_ctrl intel_stibp flush_l1d
bogomips	: 4788.16
clflush size	: 64
cache_alignment	: 64
address sizes	: 46 bits physical, 48 bits virtual
power management:

processor	: 17
vendor_id	: GenuineIntel
cpu family	: 6
model		: 63
model name	: Intel(R) Xeon(R) CPU E5-2630 v3 @ 2.40GHz
stepping	: 2
microcode	: 0x43
cpu MHz		: 2400.000
cache size	: 20480 KB
physical id	: 0
siblings	: 16
core id		: 1
cpu cores	: 8
apicid		: 3
initial apicid	: 3
fpu		: yes
fpu_exception	: yes
cpuid level	: 15
wp		: yes
flags		: fpu vme de pse tsc msr pae mce cx8 apic sep mtrr pge mca cmov pat pse36 clflush dts acpi mmx fxsr sse sse2 ss ht tm pbe syscall nx pdpe1gb rdtscp lm constant_tsc arch_perfmon pebs bts rep_good nopl xtopology nonstop_tsc aperfmperf eagerfpu pni pclmulqdq dtes64 monitor ds_cpl vmx smx est tm2 ssse3 sdbg fma cx16 xtpr pdcm pcid dca sse4_1 sse4_2 x2apic movbe popcnt tsc_deadline_timer aes xsave avx f16c rdrand lahf_lm abm epb intel_ppin ssbd ibrs ibpb stibp tpr_shadow vnmi flexpriority ept vpid fsgsbase tsc_adjust bmi1 avx2 smep bmi2 erms invpcid cqm xsaveopt cqm_llc cqm_occup_llc dtherm ida arat pln pts md_clear spec_ctrl intel_stibp flush_l1d
bogomips	: 4788.16
clflush size	: 64
cache_alignment	: 64
address sizes	: 46 bits physical, 48 bits virtual
power management:

processor	: 18
vendor_id	: GenuineIntel
cpu family	: 6
model		: 63
model name	: Intel(R) Xeon(R) CPU E5-2630 v3 @ 2.40GHz
stepping	: 2
microcode	: 0x43
cpu MHz		: 2599.951
cache size	: 20480 KB
physical id	: 0
siblings	: 16
core id		: 2
cpu cores	: 8
apicid		: 5
initial apicid	: 5
fpu		: yes
fpu_exception	: yes
cpuid level	: 15
wp		: yes
flags		: fpu vme de pse tsc msr pae mce cx8 apic sep mtrr pge mca cmov pat pse36 clflush dts acpi mmx fxsr sse sse2 ss ht tm pbe syscall nx pdpe1gb rdtscp lm constant_tsc arch_perfmon pebs bts rep_good nopl xtopology nonstop_tsc aperfmperf eagerfpu pni pclmulqdq dtes64 monitor ds_cpl vmx smx est tm2 ssse3 sdbg fma cx16 xtpr pdcm pcid dca sse4_1 sse4_2 x2apic movbe popcnt tsc_deadline_timer aes xsave avx f16c rdrand lahf_lm abm epb intel_ppin ssbd ibrs ibpb stibp tpr_shadow vnmi flexpriority ept vpid fsgsbase tsc_adjust bmi1 avx2 smep bmi2 erms invpcid cqm xsaveopt cqm_llc cqm_occup_llc dtherm ida arat pln pts md_clear spec_ctrl intel_stibp flush_l1d
bogomips	: 4788.16
clflush size	: 64
cache_alignment	: 64
address sizes	: 46 bits physical, 48 bits virtual
power management:

processor	: 19
vendor_id	: GenuineIntel
cpu family	: 6
model		: 63
model name	: Intel(R) Xeon(R) CPU E5-2630 v3 @ 2.40GHz
stepping	: 2
microcode	: 0x43
cpu MHz		: 2599.951
cache size	: 20480 KB
physical id	: 0
siblings	: 16
core id		: 3
cpu cores	: 8
apicid		: 7
initial apicid	: 7
fpu		: yes
fpu_exception	: yes
cpuid level	: 15
wp		: yes
flags		: fpu vme de pse tsc msr pae mce cx8 apic sep mtrr pge mca cmov pat pse36 clflush dts acpi mmx fxsr sse sse2 ss ht tm pbe syscall nx pdpe1gb rdtscp lm constant_tsc arch_perfmon pebs bts rep_good nopl xtopology nonstop_tsc aperfmperf eagerfpu pni pclmulqdq dtes64 monitor ds_cpl vmx smx est tm2 ssse3 sdbg fma cx16 xtpr pdcm pcid dca sse4_1 sse4_2 x2apic movbe popcnt tsc_deadline_timer aes xsave avx f16c rdrand lahf_lm abm epb intel_ppin ssbd ibrs ibpb stibp tpr_shadow vnmi flexpriority ept vpid fsgsbase tsc_adjust bmi1 avx2 smep bmi2 erms invpcid cqm xsaveopt cqm_llc cqm_occup_llc dtherm ida arat pln pts md_clear spec_ctrl intel_stibp flush_l1d
bogomips	: 4788.16
clflush size	: 64
cache_alignment	: 64
address sizes	: 46 bits physical, 48 bits virtual
power management:

processor	: 20
vendor_id	: GenuineIntel
cpu family	: 6
model		: 63
model name	: Intel(R) Xeon(R) CPU E5-2630 v3 @ 2.40GHz
stepping	: 2
microcode	: 0x43
cpu MHz		: 2606.396
cache size	: 20480 KB
physical id	: 0
siblings	: 16
core id		: 4
cpu cores	: 8
apicid		: 9
initial apicid	: 9
fpu		: yes
fpu_exception	: yes
cpuid level	: 15
wp		: yes
flags		: fpu vme de pse tsc msr pae mce cx8 apic sep mtrr pge mca cmov pat pse36 clflush dts acpi mmx fxsr sse sse2 ss ht tm pbe syscall nx pdpe1gb rdtscp lm constant_tsc arch_perfmon pebs bts rep_good nopl xtopology nonstop_tsc aperfmperf eagerfpu pni pclmulqdq dtes64 monitor ds_cpl vmx smx est tm2 ssse3 sdbg fma cx16 xtpr pdcm pcid dca sse4_1 sse4_2 x2apic movbe popcnt tsc_deadline_timer aes xsave avx f16c rdrand lahf_lm abm epb intel_ppin ssbd ibrs ibpb stibp tpr_shadow vnmi flexpriority ept vpid fsgsbase tsc_adjust bmi1 avx2 smep bmi2 erms invpcid cqm xsaveopt cqm_llc cqm_occup_llc dtherm ida arat pln pts md_clear spec_ctrl intel_stibp flush_l1d
bogomips	: 4788.16
clflush size	: 64
cache_alignment	: 64
address sizes	: 46 bits physical, 48 bits virtual
power management:

processor	: 21
vendor_id	: GenuineIntel
cpu family	: 6
model		: 63
model name	: Intel(R) Xeon(R) CPU E5-2630 v3 @ 2.40GHz
stepping	: 2
microcode	: 0x43
cpu MHz		: 2599.951
cache size	: 20480 KB
physical id	: 0
siblings	: 16
core id		: 5
cpu cores	: 8
apicid		: 11
initial apicid	: 11
fpu		: yes
fpu_exception	: yes
cpuid level	: 15
wp		: yes
flags		: fpu vme de pse tsc msr pae mce cx8 apic sep mtrr pge mca cmov pat pse36 clflush dts acpi mmx fxsr sse sse2 ss ht tm pbe syscall nx pdpe1gb rdtscp lm constant_tsc arch_perfmon pebs bts rep_good nopl xtopology nonstop_tsc aperfmperf eagerfpu pni pclmulqdq dtes64 monitor ds_cpl vmx smx est tm2 ssse3 sdbg fma cx16 xtpr pdcm pcid dca sse4_1 sse4_2 x2apic movbe popcnt tsc_deadline_timer aes xsave avx f16c rdrand lahf_lm abm epb intel_ppin ssbd ibrs ibpb stibp tpr_shadow vnmi flexpriority ept vpid fsgsbase tsc_adjust bmi1 avx2 smep bmi2 erms invpcid cqm xsaveopt cqm_llc cqm_occup_llc dtherm ida arat pln pts md_clear spec_ctrl intel_stibp flush_l1d
bogomips	: 4788.16
clflush size	: 64
cache_alignment	: 64
address sizes	: 46 bits physical, 48 bits virtual
power management:

processor	: 22
vendor_id	: GenuineIntel
cpu family	: 6
model		: 63
model name	: Intel(R) Xeon(R) CPU E5-2630 v3 @ 2.40GHz
stepping	: 2
microcode	: 0x43
cpu MHz		: 2599.951
cache size	: 20480 KB
physical id	: 0
siblings	: 16
core id		: 6
cpu cores	: 8
apicid		: 13
initial apicid	: 13
fpu		: yes
fpu_exception	: yes
cpuid level	: 15
wp		: yes
flags		: fpu vme de pse tsc msr pae mce cx8 apic sep mtrr pge mca cmov pat pse36 clflush dts acpi mmx fxsr sse sse2 ss ht tm pbe syscall nx pdpe1gb rdtscp lm constant_tsc arch_perfmon pebs bts rep_good nopl xtopology nonstop_tsc aperfmperf eagerfpu pni pclmulqdq dtes64 monitor ds_cpl vmx smx est tm2 ssse3 sdbg fma cx16 xtpr pdcm pcid dca sse4_1 sse4_2 x2apic movbe popcnt tsc_deadline_timer aes xsave avx f16c rdrand lahf_lm abm epb intel_ppin ssbd ibrs ibpb stibp tpr_shadow vnmi flexpriority ept vpid fsgsbase tsc_adjust bmi1 avx2 smep bmi2 erms invpcid cqm xsaveopt cqm_llc cqm_occup_llc dtherm ida arat pln pts md_clear spec_ctrl intel_stibp flush_l1d
bogomips	: 4788.16
clflush size	: 64
cache_alignment	: 64
address sizes	: 46 bits physical, 48 bits virtual
power management:

processor	: 23
vendor_id	: GenuineIntel
cpu family	: 6
model		: 63
model name	: Intel(R) Xeon(R) CPU E5-2630 v3 @ 2.40GHz
stepping	: 2
microcode	: 0x43
cpu MHz		: 2599.951
cache size	: 20480 KB
physical id	: 0
siblings	: 16
core id		: 7
cpu cores	: 8
apicid		: 15
initial apicid	: 15
fpu		: yes
fpu_exception	: yes
cpuid level	: 15
wp		: yes
flags		: fpu vme de pse tsc msr pae mce cx8 apic sep mtrr pge mca cmov pat pse36 clflush dts acpi mmx fxsr sse sse2 ss ht tm pbe syscall nx pdpe1gb rdtscp lm constant_tsc arch_perfmon pebs bts rep_good nopl xtopology nonstop_tsc aperfmperf eagerfpu pni pclmulqdq dtes64 monitor ds_cpl vmx smx est tm2 ssse3 sdbg fma cx16 xtpr pdcm pcid dca sse4_1 sse4_2 x2apic movbe popcnt tsc_deadline_timer aes xsave avx f16c rdrand lahf_lm abm epb intel_ppin ssbd ibrs ibpb stibp tpr_shadow vnmi flexpriority ept vpid fsgsbase tsc_adjust bmi1 avx2 smep bmi2 erms invpcid cqm xsaveopt cqm_llc cqm_occup_llc dtherm ida arat pln pts md_clear spec_ctrl intel_stibp flush_l1d
bogomips	: 4788.16
clflush size	: 64
cache_alignment	: 64
address sizes	: 46 bits physical, 48 bits virtual
power management:

processor	: 24
vendor_id	: GenuineIntel
cpu family	: 6
model		: 63
model name	: Intel(R) Xeon(R) CPU E5-2630 v3 @ 2.40GHz
stepping	: 2
microcode	: 0x43
cpu MHz		: 2599.951
cache size	: 20480 KB
physical id	: 1
siblings	: 16
core id		: 0
cpu cores	: 8
apicid		: 17
initial apicid	: 17
fpu		: yes
fpu_exception	: yes
cpuid level	: 15
wp		: yes
flags		: fpu vme de pse tsc msr pae mce cx8 apic sep mtrr pge mca cmov pat pse36 clflush dts acpi mmx fxsr sse sse2 ss ht tm pbe syscall nx pdpe1gb rdtscp lm constant_tsc arch_perfmon pebs bts rep_good nopl xtopology nonstop_tsc aperfmperf eagerfpu pni pclmulqdq dtes64 monitor ds_cpl vmx smx est tm2 ssse3 sdbg fma cx16 xtpr pdcm pcid dca sse4_1 sse4_2 x2apic movbe popcnt tsc_deadline_timer aes xsave avx f16c rdrand lahf_lm abm epb intel_ppin ssbd ibrs ibpb stibp tpr_shadow vnmi flexpriority ept vpid fsgsbase tsc_adjust bmi1 avx2 smep bmi2 erms invpcid cqm xsaveopt cqm_llc cqm_occup_llc dtherm ida arat pln pts md_clear spec_ctrl intel_stibp flush_l1d
bogomips	: 4793.27
clflush size	: 64
cache_alignment	: 64
address sizes	: 46 bits physical, 48 bits virtual
power management:

processor	: 25
vendor_id	: GenuineIntel
cpu family	: 6
model		: 63
model name	: Intel(R) Xeon(R) CPU E5-2630 v3 @ 2.40GHz
stepping	: 2
microcode	: 0x43
cpu MHz		: 2604.638
cache size	: 20480 KB
physical id	: 1
siblings	: 16
core id		: 1
cpu cores	: 8
apicid		: 19
initial apicid	: 19
fpu		: yes
fpu_exception	: yes
cpuid level	: 15
wp		: yes
flags		: fpu vme de pse tsc msr pae mce cx8 apic sep mtrr pge mca cmov pat pse36 clflush dts acpi mmx fxsr sse sse2 ss ht tm pbe syscall nx pdpe1gb rdtscp lm constant_tsc arch_perfmon pebs bts rep_good nopl xtopology nonstop_tsc aperfmperf eagerfpu pni pclmulqdq dtes64 monitor ds_cpl vmx smx est tm2 ssse3 sdbg fma cx16 xtpr pdcm pcid dca sse4_1 sse4_2 x2apic movbe popcnt tsc_deadline_timer aes xsave avx f16c rdrand lahf_lm abm epb intel_ppin ssbd ibrs ibpb stibp tpr_shadow vnmi flexpriority ept vpid fsgsbase tsc_adjust bmi1 avx2 smep bmi2 erms invpcid cqm xsaveopt cqm_llc cqm_occup_llc dtherm ida arat pln pts md_clear spec_ctrl intel_stibp flush_l1d
bogomips	: 4793.27
clflush size	: 64
cache_alignment	: 64
address sizes	: 46 bits physical, 48 bits virtual
power management:

processor	: 26
vendor_id	: GenuineIntel
cpu family	: 6
model		: 63
model name	: Intel(R) Xeon(R) CPU E5-2630 v3 @ 2.40GHz
stepping	: 2
microcode	: 0x43
cpu MHz		: 2605.224
cache size	: 20480 KB
physical id	: 1
siblings	: 16
core id		: 2
cpu cores	: 8
apicid		: 21
initial apicid	: 21
fpu		: yes
fpu_exception	: yes
cpuid level	: 15
wp		: yes
flags		: fpu vme de pse tsc msr pae mce cx8 apic sep mtrr pge mca cmov pat pse36 clflush dts acpi mmx fxsr sse sse2 ss ht tm pbe syscall nx pdpe1gb rdtscp lm constant_tsc arch_perfmon pebs bts rep_good nopl xtopology nonstop_tsc aperfmperf eagerfpu pni pclmulqdq dtes64 monitor ds_cpl vmx smx est tm2 ssse3 sdbg fma cx16 xtpr pdcm pcid dca sse4_1 sse4_2 x2apic movbe popcnt tsc_deadline_timer aes xsave avx f16c rdrand lahf_lm abm epb intel_ppin ssbd ibrs ibpb stibp tpr_shadow vnmi flexpriority ept vpid fsgsbase tsc_adjust bmi1 avx2 smep bmi2 erms invpcid cqm xsaveopt cqm_llc cqm_occup_llc dtherm ida arat pln pts md_clear spec_ctrl intel_stibp flush_l1d
bogomips	: 4793.27
clflush size	: 64
cache_alignment	: 64
address sizes	: 46 bits physical, 48 bits virtual
power management:

processor	: 27
vendor_id	: GenuineIntel
cpu family	: 6
model		: 63
model name	: Intel(R) Xeon(R) CPU E5-2630 v3 @ 2.40GHz
stepping	: 2
microcode	: 0x43
cpu MHz		: 2639.648
cache size	: 20480 KB
physical id	: 1
siblings	: 16
core id		: 3
cpu cores	: 8
apicid		: 23
initial apicid	: 23
fpu		: yes
fpu_exception	: yes
cpuid level	: 15
wp		: yes
flags		: fpu vme de pse tsc msr pae mce cx8 apic sep mtrr pge mca cmov pat pse36 clflush dts acpi mmx fxsr sse sse2 ss ht tm pbe syscall nx pdpe1gb rdtscp lm constant_tsc arch_perfmon pebs bts rep_good nopl xtopology nonstop_tsc aperfmperf eagerfpu pni pclmulqdq dtes64 monitor ds_cpl vmx smx est tm2 ssse3 sdbg fma cx16 xtpr pdcm pcid dca sse4_1 sse4_2 x2apic movbe popcnt tsc_deadline_timer aes xsave avx f16c rdrand lahf_lm abm epb intel_ppin ssbd ibrs ibpb stibp tpr_shadow vnmi flexpriority ept vpid fsgsbase tsc_adjust bmi1 avx2 smep bmi2 erms invpcid cqm xsaveopt cqm_llc cqm_occup_llc dtherm ida arat pln pts md_clear spec_ctrl intel_stibp flush_l1d
bogomips	: 4793.27
clflush size	: 64
cache_alignment	: 64
address sizes	: 46 bits physical, 48 bits virtual
power management:

processor	: 28
vendor_id	: GenuineIntel
cpu family	: 6
model		: 63
model name	: Intel(R) Xeon(R) CPU E5-2630 v3 @ 2.40GHz
stepping	: 2
microcode	: 0x43
cpu MHz		: 2599.951
cache size	: 20480 KB
physical id	: 1
siblings	: 16
core id		: 4
cpu cores	: 8
apicid		: 25
initial apicid	: 25
fpu		: yes
fpu_exception	: yes
cpuid level	: 15
wp		: yes
flags		: fpu vme de pse tsc msr pae mce cx8 apic sep mtrr pge mca cmov pat pse36 clflush dts acpi mmx fxsr sse sse2 ss ht tm pbe syscall nx pdpe1gb rdtscp lm constant_tsc arch_perfmon pebs bts rep_good nopl xtopology nonstop_tsc aperfmperf eagerfpu pni pclmulqdq dtes64 monitor ds_cpl vmx smx est tm2 ssse3 sdbg fma cx16 xtpr pdcm pcid dca sse4_1 sse4_2 x2apic movbe popcnt tsc_deadline_timer aes xsave avx f16c rdrand lahf_lm abm epb intel_ppin ssbd ibrs ibpb stibp tpr_shadow vnmi flexpriority ept vpid fsgsbase tsc_adjust bmi1 avx2 smep bmi2 erms invpcid cqm xsaveopt cqm_llc cqm_occup_llc dtherm ida arat pln pts md_clear spec_ctrl intel_stibp flush_l1d
bogomips	: 4793.27
clflush size	: 64
cache_alignment	: 64
address sizes	: 46 bits physical, 48 bits virtual
power management:

processor	: 29
vendor_id	: GenuineIntel
cpu family	: 6
model		: 63
model name	: Intel(R) Xeon(R) CPU E5-2630 v3 @ 2.40GHz
stepping	: 2
microcode	: 0x43
cpu MHz		: 2599.951
cache size	: 20480 KB
physical id	: 1
siblings	: 16
core id		: 5
cpu cores	: 8
apicid		: 27
initial apicid	: 27
fpu		: yes
fpu_exception	: yes
cpuid level	: 15
wp		: yes
flags		: fpu vme de pse tsc msr pae mce cx8 apic sep mtrr pge mca cmov pat pse36 clflush dts acpi mmx fxsr sse sse2 ss ht tm pbe syscall nx pdpe1gb rdtscp lm constant_tsc arch_perfmon pebs bts rep_good nopl xtopology nonstop_tsc aperfmperf eagerfpu pni pclmulqdq dtes64 monitor ds_cpl vmx smx est tm2 ssse3 sdbg fma cx16 xtpr pdcm pcid dca sse4_1 sse4_2 x2apic movbe popcnt tsc_deadline_timer aes xsave avx f16c rdrand lahf_lm abm epb intel_ppin ssbd ibrs ibpb stibp tpr_shadow vnmi flexpriority ept vpid fsgsbase tsc_adjust bmi1 avx2 smep bmi2 erms invpcid cqm xsaveopt cqm_llc cqm_occup_llc dtherm ida arat pln pts md_clear spec_ctrl intel_stibp flush_l1d
bogomips	: 4793.27
clflush size	: 64
cache_alignment	: 64
address sizes	: 46 bits physical, 48 bits virtual
power management:

processor	: 30
vendor_id	: GenuineIntel
cpu family	: 6
model		: 63
model name	: Intel(R) Xeon(R) CPU E5-2630 v3 @ 2.40GHz
stepping	: 2
microcode	: 0x43
cpu MHz		: 2599.951
cache size	: 20480 KB
physical id	: 1
siblings	: 16
core id		: 6
cpu cores	: 8
apicid		: 29
initial apicid	: 29
fpu		: yes
fpu_exception	: yes
cpuid level	: 15
wp		: yes
flags		: fpu vme de pse tsc msr pae mce cx8 apic sep mtrr pge mca cmov pat pse36 clflush dts acpi mmx fxsr sse sse2 ss ht tm pbe syscall nx pdpe1gb rdtscp lm constant_tsc arch_perfmon pebs bts rep_good nopl xtopology nonstop_tsc aperfmperf eagerfpu pni pclmulqdq dtes64 monitor ds_cpl vmx smx est tm2 ssse3 sdbg fma cx16 xtpr pdcm pcid dca sse4_1 sse4_2 x2apic movbe popcnt tsc_deadline_timer aes xsave avx f16c rdrand lahf_lm abm epb intel_ppin ssbd ibrs ibpb stibp tpr_shadow vnmi flexpriority ept vpid fsgsbase tsc_adjust bmi1 avx2 smep bmi2 erms invpcid cqm xsaveopt cqm_llc cqm_occup_llc dtherm ida arat pln pts md_clear spec_ctrl intel_stibp flush_l1d
bogomips	: 4793.27
clflush size	: 64
cache_alignment	: 64
address sizes	: 46 bits physical, 48 bits virtual
power management:

processor	: 31
vendor_id	: GenuineIntel
cpu family	: 6
model		: 63
model name	: Intel(R) Xeon(R) CPU E5-2630 v3 @ 2.40GHz
stepping	: 2
microcode	: 0x43
cpu MHz		: 2599.951
cache size	: 20480 KB
physical id	: 1
siblings	: 16
core id		: 7
cpu cores	: 8
apicid		: 31
initial apicid	: 31
fpu		: yes
fpu_exception	: yes
cpuid level	: 15
wp		: yes
flags		: fpu vme de pse tsc msr pae mce cx8 apic sep mtrr pge mca cmov pat pse36 clflush dts acpi mmx fxsr sse sse2 ss ht tm pbe syscall nx pdpe1gb rdtscp lm constant_tsc arch_perfmon pebs bts rep_good nopl xtopology nonstop_tsc aperfmperf eagerfpu pni pclmulqdq dtes64 monitor ds_cpl vmx smx est tm2 ssse3 sdbg fma cx16 xtpr pdcm pcid dca sse4_1 sse4_2 x2apic movbe popcnt tsc_deadline_timer aes xsave avx f16c rdrand lahf_lm abm epb intel_ppin ssbd ibrs ibpb stibp tpr_shadow vnmi flexpriority ept vpid fsgsbase tsc_adjust bmi1 avx2 smep bmi2 erms invpcid cqm xsaveopt cqm_llc cqm_occup_llc dtherm ida arat pln pts md_clear spec_ctrl intel_stibp flush_l1d
bogomips	: 4793.27
clflush size	: 64
cache_alignment	: 64
address sizes	: 46 bits physical, 48 bits virtual
power management:



Memory: 4k page, physical 263864180k(1532880k free), swap 0k(0k free)

vm_info: OpenJDK 64-Bit Server VM (25.212-b04) for linux-amd64 JRE (1.8.0_212-b04), built on Aug 12 2019 13:15:31 by "buildozer" with gcc 6.4.0

time: Thu Sep 26 11:41:07 2019
timezone: UTC
elapsed time: 10 seconds (0d 0h 0m 10s)

