Distribution dir is missing. Doing a full build
[INFO] Scanning for projects...
[INFO] ------------------------------------------------------------------------
[INFO] Detecting the operating system and CPU architecture
[INFO] ------------------------------------------------------------------------
[INFO] os.detected.name: linux
[INFO] os.detected.arch: x86_64
[INFO] os.detected.version: 3.10
[INFO] os.detected.version.major: 3
[INFO] os.detected.version.minor: 10
[INFO] os.detected.release: alpine
[INFO] os.detected.release.version: 3.8.2
[INFO] os.detected.release.like.alpine: true
[INFO] os.detected.classifier: linux-x86_64
[INFO] ------------------------------------------------------------------------
[INFO] Reactor Build Order:
[INFO] 
[INFO] Apache Hadoop HDDS                                                 [pom]
[INFO] Apache Hadoop HDDS Config                                          [jar]
[INFO] Apache Hadoop HDDS Common                                          [jar]
[INFO] Apache Hadoop HDDS Client                                          [jar]
[INFO] Apache Hadoop HDDS Server Framework                                [jar]
[INFO] Apache Hadoop HDDS Container Service                               [jar]
[INFO] Apache Hadoop HDDS/Ozone Documentation                             [jar]
[INFO] Apache Hadoop HDDS SCM Server                                      [jar]
[INFO] Apache Hadoop HDDS Tools                                           [jar]
[INFO] Apache Hadoop Ozone                                                [pom]
[INFO] Apache Hadoop Ozone Common                                         [jar]
[INFO] Apache Hadoop Ozone Client                                         [jar]
[INFO] Apache Hadoop Ozone Manager Server                                 [jar]
[INFO] Apache Hadoop Ozone S3 Gateway                                     [jar]
[INFO] Apache Hadoop Ozone CSI service                                    [jar]
[INFO] Apache Hadoop Ozone Recon CodeGen                                  [jar]
[INFO] Apache Hadoop Ozone Recon                                          [jar]
[INFO] Apache Hadoop Ozone Integration Tests                              [jar]
[INFO] Apache Hadoop Ozone FileSystem                                     [jar]
[INFO] Apache Hadoop Ozone FileSystem Single Jar Library                  [jar]
[INFO] Apache Hadoop Ozone FileSystem Legacy Jar Library                  [jar]
[INFO] Apache Hadoop Ozone Tools                                          [jar]
[INFO] Apache Hadoop Ozone Datanode                                       [jar]
[INFO] Apache Hadoop Ozone In-Place Upgrade                               [jar]
[INFO] Apache Hadoop Ozone Insight Tool                                   [jar]
[INFO] Apache Hadoop Ozone Distribution                                   [pom]
[INFO] Apache Hadoop Ozone Fault Injection Tests                          [pom]
[INFO] Apache Hadoop Ozone Network Tests                                  [jar]
[INFO] Apache Hadoop Ozone Main                                           [pom]
[INFO] 
[INFO] -------------------< org.apache.hadoop:hadoop-hdds >--------------------
[INFO] Building Apache Hadoop HDDS 0.5.0-SNAPSHOT                        [1/29]
[INFO] --------------------------------[ pom ]---------------------------------
[INFO] 
[INFO] --- maven-clean-plugin:2.5:clean (default-clean) @ hadoop-hdds ---
[INFO] Deleting /workdir/hadoop-hdds/target
[INFO] Deleting /workdir/hadoop-hdds (includes = [dependency-reduced-pom.xml], excludes = [])
[INFO] 
[INFO] --- maven-antrun-plugin:1.7:run (create-testdirs) @ hadoop-hdds ---
[INFO] Executing tasks

main:
    [mkdir] Created dir: /workdir/hadoop-hdds/target/test-dir
[INFO] Executed tasks
[INFO] 
[INFO] --- maven-remote-resources-plugin:1.5:process (default) @ hadoop-hdds ---
[INFO] 
[INFO] --- maven-site-plugin:3.6:attach-descriptor (attach-descriptor) @ hadoop-hdds ---
[INFO] No site descriptor found: nothing to attach.
[INFO] 
[INFO] --- maven-dependency-plugin:3.0.2:build-classpath (add-classpath-descriptor) @ hadoop-hdds ---
[INFO] Wrote classpath file '/workdir/hadoop-hdds/target/classpath'.
[INFO] 
[INFO] --- build-helper-maven-plugin:1.9:attach-artifact (attach-classpath-artifact) @ hadoop-hdds ---
[INFO] 
[INFO] --- maven-jar-plugin:2.5:test-jar (default) @ hadoop-hdds ---
[WARNING] JAR will be empty - no content was marked for inclusion!
[INFO] Building jar: /workdir/hadoop-hdds/target/hadoop-hdds-0.5.0-SNAPSHOT-tests.jar
[INFO] 
[INFO] --- animal-sniffer-maven-plugin:1.16:check (signature-check) @ hadoop-hdds ---
[INFO] Checking unresolved references to org.codehaus.mojo.signature:java18:1.0
[INFO] 
[INFO] --- maven-enforcer-plugin:3.0.0-M1:enforce (depcheck) @ hadoop-hdds ---
[INFO] 
[INFO] --- maven-install-plugin:2.5.1:install (default-install) @ hadoop-hdds ---
[INFO] Installing /workdir/hadoop-hdds/pom.xml to /home/user/.m2/repository/org/apache/hadoop/hadoop-hdds/0.5.0-SNAPSHOT/hadoop-hdds-0.5.0-SNAPSHOT.pom
[INFO] Installing /workdir/hadoop-hdds/target/classpath to /home/user/.m2/repository/org/apache/hadoop/hadoop-hdds/0.5.0-SNAPSHOT/hadoop-hdds-0.5.0-SNAPSHOT-classpath.cp
[INFO] Installing /workdir/hadoop-hdds/target/hadoop-hdds-0.5.0-SNAPSHOT-tests.jar to /home/user/.m2/repository/org/apache/hadoop/hadoop-hdds/0.5.0-SNAPSHOT/hadoop-hdds-0.5.0-SNAPSHOT-tests.jar
[INFO] 
[INFO] ----------------< org.apache.hadoop:hadoop-hdds-config >----------------
[INFO] Building Apache Hadoop HDDS Config 0.5.0-SNAPSHOT                 [2/29]
[INFO] --------------------------------[ jar ]---------------------------------
[INFO] 
[INFO] --- maven-clean-plugin:2.5:clean (default-clean) @ hadoop-hdds-config ---
[INFO] Deleting /workdir/hadoop-hdds/config/target
[INFO] Deleting /workdir/hadoop-hdds/config (includes = [dependency-reduced-pom.xml], excludes = [])
[INFO] 
[INFO] --- maven-antrun-plugin:1.7:run (create-testdirs) @ hadoop-hdds-config ---
[INFO] Executing tasks

main:
    [mkdir] Created dir: /workdir/hadoop-hdds/config/target/test-dir
[INFO] Executed tasks
[INFO] 
[INFO] --- maven-remote-resources-plugin:1.5:process (default) @ hadoop-hdds-config ---
[INFO] 
[INFO] --- maven-resources-plugin:2.6:resources (default-resources) @ hadoop-hdds-config ---
[INFO] Using 'UTF-8' encoding to copy filtered resources.
[INFO] skip non existing resourceDirectory /workdir/hadoop-hdds/config/src/main/resources
[INFO] Copying 2 resources
[INFO] 
[INFO] --- maven-compiler-plugin:3.1:compile (default-compile) @ hadoop-hdds-config ---
[INFO] Compiling 8 source files to /workdir/hadoop-hdds/config/target/classes
[INFO] 
[INFO] --- maven-resources-plugin:2.6:testResources (default-testResources) @ hadoop-hdds-config ---
[INFO] Using 'UTF-8' encoding to copy filtered resources.
[INFO] Copying 1 resource
[INFO] Copying 2 resources
[INFO] 
[INFO] --- maven-compiler-plugin:3.1:testCompile (default-testCompile) @ hadoop-hdds-config ---
[INFO] Compiling 3 source files to /workdir/hadoop-hdds/config/target/test-classes
[INFO] 
[INFO] --- maven-surefire-plugin:3.0.0-M1:test (default-test) @ hadoop-hdds-config ---
[INFO] Tests are skipped.
[INFO] 
[INFO] --- maven-jar-plugin:2.5:jar (default-jar) @ hadoop-hdds-config ---
[INFO] Building jar: /workdir/hadoop-hdds/config/target/hadoop-hdds-config-0.5.0-SNAPSHOT.jar
[INFO] 
[INFO] --- maven-site-plugin:3.6:attach-descriptor (attach-descriptor) @ hadoop-hdds-config ---
[INFO] Skipping because packaging 'jar' is not pom.
[INFO] 
[INFO] --- maven-dependency-plugin:3.0.2:build-classpath (add-classpath-descriptor) @ hadoop-hdds-config ---
[INFO] Wrote classpath file '/workdir/hadoop-hdds/config/target/classpath'.
[INFO] 
[INFO] --- build-helper-maven-plugin:1.9:attach-artifact (attach-classpath-artifact) @ hadoop-hdds-config ---
[INFO] 
[INFO] --- maven-jar-plugin:2.5:test-jar (default) @ hadoop-hdds-config ---
[INFO] Building jar: /workdir/hadoop-hdds/config/target/hadoop-hdds-config-0.5.0-SNAPSHOT-tests.jar
[INFO] 
[INFO] --- animal-sniffer-maven-plugin:1.16:check (signature-check) @ hadoop-hdds-config ---
[INFO] Checking unresolved references to org.codehaus.mojo.signature:java18:1.0
[INFO] 
[INFO] --- maven-enforcer-plugin:3.0.0-M1:enforce (depcheck) @ hadoop-hdds-config ---
[INFO] 
[INFO] --- maven-install-plugin:2.5.1:install (default-install) @ hadoop-hdds-config ---
[INFO] Installing /workdir/hadoop-hdds/config/target/hadoop-hdds-config-0.5.0-SNAPSHOT.jar to /home/user/.m2/repository/org/apache/hadoop/hadoop-hdds-config/0.5.0-SNAPSHOT/hadoop-hdds-config-0.5.0-SNAPSHOT.jar
[INFO] Installing /workdir/hadoop-hdds/config/pom.xml to /home/user/.m2/repository/org/apache/hadoop/hadoop-hdds-config/0.5.0-SNAPSHOT/hadoop-hdds-config-0.5.0-SNAPSHOT.pom
[INFO] Installing /workdir/hadoop-hdds/config/target/classpath to /home/user/.m2/repository/org/apache/hadoop/hadoop-hdds-config/0.5.0-SNAPSHOT/hadoop-hdds-config-0.5.0-SNAPSHOT-classpath.cp
[INFO] Installing /workdir/hadoop-hdds/config/target/hadoop-hdds-config-0.5.0-SNAPSHOT-tests.jar to /home/user/.m2/repository/org/apache/hadoop/hadoop-hdds-config/0.5.0-SNAPSHOT/hadoop-hdds-config-0.5.0-SNAPSHOT-tests.jar
[INFO] 
[INFO] ----------------< org.apache.hadoop:hadoop-hdds-common >----------------
[INFO] Building Apache Hadoop HDDS Common 0.5.0-SNAPSHOT                 [3/29]
[INFO] --------------------------------[ jar ]---------------------------------
[INFO] 
[INFO] --- maven-clean-plugin:2.5:clean (default-clean) @ hadoop-hdds-common ---
[INFO] Deleting /workdir/hadoop-hdds/common/target
[INFO] Deleting /workdir/hadoop-hdds/common (includes = [dependency-reduced-pom.xml], excludes = [])
[INFO] 
[INFO] --- maven-antrun-plugin:1.7:run (create-testdirs) @ hadoop-hdds-common ---
[INFO] Executing tasks

main:
    [mkdir] Created dir: /workdir/hadoop-hdds/common/target/test-dir
[INFO] Executed tasks
[INFO] 
[INFO] --- hadoop-maven-plugins:3.2.0:protoc (compile-protoc) @ hadoop-hdds-common ---
[INFO] Wrote protoc checksums to file /workdir/hadoop-hdds/common/target/hadoop-maven-plugins-protoc-checksums.json
[INFO] 
[INFO] --- protobuf-maven-plugin:0.5.1:compile (compile-protoc) @ hadoop-hdds-common ---
[INFO] Compiling 1 proto file(s) to /workdir/hadoop-hdds/common/target/generated-sources/java
[INFO] 
[INFO] --- protobuf-maven-plugin:0.5.1:compile-custom (compile-protoc) @ hadoop-hdds-common ---
[INFO] Compiling 1 proto file(s) to /workdir/hadoop-hdds/common/target/generated-sources/java
[INFO] 
[INFO] --- maven-antrun-plugin:1.7:run (default) @ hadoop-hdds-common ---
[WARNING] Parameter tasks is deprecated, use target instead
[INFO] Executing tasks

main:
[INFO] Executed tasks
[INFO] 
[INFO] --- hadoop-maven-plugins:3.2.0:version-info (version-info) @ hadoop-hdds-common ---
[INFO] SCM: GIT
[INFO] Computed MD5: 7035949e6d7f26a81b3293580423d5a
[INFO] 
[INFO] --- maven-remote-resources-plugin:1.5:process (default) @ hadoop-hdds-common ---
[INFO] 
[INFO] --- maven-resources-plugin:2.6:resources (default-resources) @ hadoop-hdds-common ---
[INFO] Using 'UTF-8' encoding to copy filtered resources.
[INFO] Copying 5 resources
[INFO] Copying 1 resource
[INFO] Copying 1 resource
[INFO] Copying 1 resource
[INFO] Copying 2 resources
[INFO] 
[INFO] --- maven-compiler-plugin:3.1:compile (default-compile) @ hadoop-hdds-common ---
[INFO] Compiling 237 source files to /workdir/hadoop-hdds/common/target/classes
[WARNING] /workdir/hadoop-hdds/common/src/main/java/org/apache/hadoop/utils/MetadataStoreBuilder.java: Some input files use or override a deprecated API.
[WARNING] /workdir/hadoop-hdds/common/src/main/java/org/apache/hadoop/utils/MetadataStoreBuilder.java: Recompile with -Xlint:deprecation for details.
[WARNING] /workdir/hadoop-hdds/common/src/main/java/org/apache/hadoop/utils/db/TypedTable.java: Some input files use unchecked or unsafe operations.
[WARNING] /workdir/hadoop-hdds/common/src/main/java/org/apache/hadoop/utils/db/TypedTable.java: Recompile with -Xlint:unchecked for details.
[INFO] 
[INFO] --- protobuf-maven-plugin:0.5.1:test-compile (compile-protoc) @ hadoop-hdds-common ---
[INFO] /workdir/hadoop-hdds/common/src/test/proto does not exist. Review the configuration or consider disabling the plugin.
[INFO] 
[INFO] --- protobuf-maven-plugin:0.5.1:test-compile-custom (compile-protoc) @ hadoop-hdds-common ---
[INFO] /workdir/hadoop-hdds/common/src/test/proto does not exist. Review the configuration or consider disabling the plugin.
[INFO] 
[INFO] --- maven-resources-plugin:2.6:testResources (default-testResources) @ hadoop-hdds-common ---
[INFO] Using 'UTF-8' encoding to copy filtered resources.
[INFO] Copying 20 resources
[INFO] Copying 2 resources
[INFO] 
[INFO] --- maven-compiler-plugin:3.1:testCompile (default-testCompile) @ hadoop-hdds-common ---
[INFO] Compiling 54 source files to /workdir/hadoop-hdds/common/target/test-classes
[WARNING] /workdir/hadoop-hdds/common/src/test/java/org/apache/hadoop/utils/db/TestRDBStore.java: Some input files use unchecked or unsafe operations.
[WARNING] /workdir/hadoop-hdds/common/src/test/java/org/apache/hadoop/utils/db/TestRDBStore.java: Recompile with -Xlint:unchecked for details.
[INFO] 
[INFO] --- maven-surefire-plugin:3.0.0-M1:test (default-test) @ hadoop-hdds-common ---
[INFO] Tests are skipped.
[INFO] 
[INFO] --- maven-jar-plugin:2.5:jar (default-jar) @ hadoop-hdds-common ---
[INFO] Building jar: /workdir/hadoop-hdds/common/target/hadoop-hdds-common-0.5.0-SNAPSHOT.jar
[INFO] 
[INFO] --- maven-site-plugin:3.6:attach-descriptor (attach-descriptor) @ hadoop-hdds-common ---
[INFO] Skipping because packaging 'jar' is not pom.
[INFO] 
[INFO] --- maven-dependency-plugin:3.0.2:build-classpath (add-classpath-descriptor) @ hadoop-hdds-common ---
[INFO] Wrote classpath file '/workdir/hadoop-hdds/common/target/classpath'.
[INFO] 
[INFO] --- build-helper-maven-plugin:1.9:attach-artifact (attach-classpath-artifact) @ hadoop-hdds-common ---
[INFO] 
[INFO] --- maven-jar-plugin:2.5:test-jar (default) @ hadoop-hdds-common ---
[INFO] Building jar: /workdir/hadoop-hdds/common/target/hadoop-hdds-common-0.5.0-SNAPSHOT-tests.jar
[INFO] 
[INFO] --- animal-sniffer-maven-plugin:1.16:check (signature-check) @ hadoop-hdds-common ---
[INFO] Checking unresolved references to org.codehaus.mojo.signature:java18:1.0
[INFO] 
[INFO] --- maven-enforcer-plugin:3.0.0-M1:enforce (depcheck) @ hadoop-hdds-common ---
[INFO] 
[INFO] --- maven-install-plugin:2.5.1:install (default-install) @ hadoop-hdds-common ---
[INFO] Installing /workdir/hadoop-hdds/common/target/hadoop-hdds-common-0.5.0-SNAPSHOT.jar to /home/user/.m2/repository/org/apache/hadoop/hadoop-hdds-common/0.5.0-SNAPSHOT/hadoop-hdds-common-0.5.0-SNAPSHOT.jar
[INFO] Installing /workdir/hadoop-hdds/common/pom.xml to /home/user/.m2/repository/org/apache/hadoop/hadoop-hdds-common/0.5.0-SNAPSHOT/hadoop-hdds-common-0.5.0-SNAPSHOT.pom
[INFO] Installing /workdir/hadoop-hdds/common/target/classpath to /home/user/.m2/repository/org/apache/hadoop/hadoop-hdds-common/0.5.0-SNAPSHOT/hadoop-hdds-common-0.5.0-SNAPSHOT-classpath.cp
[INFO] Installing /workdir/hadoop-hdds/common/target/hadoop-hdds-common-0.5.0-SNAPSHOT-tests.jar to /home/user/.m2/repository/org/apache/hadoop/hadoop-hdds-common/0.5.0-SNAPSHOT/hadoop-hdds-common-0.5.0-SNAPSHOT-tests.jar
[INFO] 
[INFO] ----------------< org.apache.hadoop:hadoop-hdds-client >----------------
[INFO] Building Apache Hadoop HDDS Client 0.5.0-SNAPSHOT                 [4/29]
[INFO] --------------------------------[ jar ]---------------------------------
[INFO] 
[INFO] --- maven-clean-plugin:2.5:clean (default-clean) @ hadoop-hdds-client ---
[INFO] Deleting /workdir/hadoop-hdds/client/target
[INFO] Deleting /workdir/hadoop-hdds/client (includes = [dependency-reduced-pom.xml], excludes = [])
[INFO] 
[INFO] --- maven-antrun-plugin:1.7:run (create-testdirs) @ hadoop-hdds-client ---
[INFO] Executing tasks

main:
    [mkdir] Created dir: /workdir/hadoop-hdds/client/target/test-dir
[INFO] Executed tasks
[INFO] 
[INFO] --- maven-remote-resources-plugin:1.5:process (default) @ hadoop-hdds-client ---
[INFO] 
[INFO] --- maven-resources-plugin:2.6:resources (default-resources) @ hadoop-hdds-client ---
[INFO] Using 'UTF-8' encoding to copy filtered resources.
[INFO] skip non existing resourceDirectory /workdir/hadoop-hdds/client/src/main/resources
[INFO] Copying 2 resources
[INFO] 
[INFO] --- maven-compiler-plugin:3.1:compile (default-compile) @ hadoop-hdds-client ---
[INFO] Compiling 15 source files to /workdir/hadoop-hdds/client/target/classes
[WARNING] /workdir/hadoop-hdds/client/src/main/java/org/apache/hadoop/hdds/scm/XceiverClientGrpc.java: Some input files use unchecked or unsafe operations.
[WARNING] /workdir/hadoop-hdds/client/src/main/java/org/apache/hadoop/hdds/scm/XceiverClientGrpc.java: Recompile with -Xlint:unchecked for details.
[INFO] 
[INFO] --- maven-resources-plugin:2.6:testResources (default-testResources) @ hadoop-hdds-client ---
[INFO] Using 'UTF-8' encoding to copy filtered resources.
[INFO] skip non existing resourceDirectory /workdir/hadoop-hdds/client/src/test/resources
[INFO] Copying 2 resources
[INFO] 
[INFO] --- maven-compiler-plugin:3.1:testCompile (default-testCompile) @ hadoop-hdds-client ---
[INFO] Compiling 3 source files to /workdir/hadoop-hdds/client/target/test-classes
[INFO] 
[INFO] --- maven-surefire-plugin:3.0.0-M1:test (default-test) @ hadoop-hdds-client ---
[INFO] Tests are skipped.
[INFO] 
[INFO] --- maven-jar-plugin:2.5:jar (default-jar) @ hadoop-hdds-client ---
[INFO] Building jar: /workdir/hadoop-hdds/client/target/hadoop-hdds-client-0.5.0-SNAPSHOT.jar
[INFO] 
[INFO] --- maven-site-plugin:3.6:attach-descriptor (attach-descriptor) @ hadoop-hdds-client ---
[INFO] Skipping because packaging 'jar' is not pom.
[INFO] 
[INFO] --- maven-dependency-plugin:3.0.2:build-classpath (add-classpath-descriptor) @ hadoop-hdds-client ---
[INFO] Wrote classpath file '/workdir/hadoop-hdds/client/target/classpath'.
[INFO] 
[INFO] --- build-helper-maven-plugin:1.9:attach-artifact (attach-classpath-artifact) @ hadoop-hdds-client ---
[INFO] 
[INFO] --- maven-jar-plugin:2.5:test-jar (default) @ hadoop-hdds-client ---
[INFO] Building jar: /workdir/hadoop-hdds/client/target/hadoop-hdds-client-0.5.0-SNAPSHOT-tests.jar
[INFO] 
[INFO] --- animal-sniffer-maven-plugin:1.16:check (signature-check) @ hadoop-hdds-client ---
[INFO] Checking unresolved references to org.codehaus.mojo.signature:java18:1.0
[INFO] 
[INFO] --- maven-enforcer-plugin:3.0.0-M1:enforce (depcheck) @ hadoop-hdds-client ---
[INFO] 
[INFO] --- maven-install-plugin:2.5.1:install (default-install) @ hadoop-hdds-client ---
[INFO] Installing /workdir/hadoop-hdds/client/target/hadoop-hdds-client-0.5.0-SNAPSHOT.jar to /home/user/.m2/repository/org/apache/hadoop/hadoop-hdds-client/0.5.0-SNAPSHOT/hadoop-hdds-client-0.5.0-SNAPSHOT.jar
[INFO] Installing /workdir/hadoop-hdds/client/pom.xml to /home/user/.m2/repository/org/apache/hadoop/hadoop-hdds-client/0.5.0-SNAPSHOT/hadoop-hdds-client-0.5.0-SNAPSHOT.pom
[INFO] Installing /workdir/hadoop-hdds/client/target/classpath to /home/user/.m2/repository/org/apache/hadoop/hadoop-hdds-client/0.5.0-SNAPSHOT/hadoop-hdds-client-0.5.0-SNAPSHOT-classpath.cp
[INFO] Installing /workdir/hadoop-hdds/client/target/hadoop-hdds-client-0.5.0-SNAPSHOT-tests.jar to /home/user/.m2/repository/org/apache/hadoop/hadoop-hdds-client/0.5.0-SNAPSHOT/hadoop-hdds-client-0.5.0-SNAPSHOT-tests.jar
[INFO] 
[INFO] -----------< org.apache.hadoop:hadoop-hdds-server-framework >-----------
[INFO] Building Apache Hadoop HDDS Server Framework 0.5.0-SNAPSHOT       [5/29]
[INFO] --------------------------------[ jar ]---------------------------------
[INFO] 
[INFO] --- maven-clean-plugin:2.5:clean (default-clean) @ hadoop-hdds-server-framework ---
[INFO] Deleting /workdir/hadoop-hdds/framework/target
[INFO] Deleting /workdir/hadoop-hdds/framework (includes = [dependency-reduced-pom.xml], excludes = [])
[INFO] 
[INFO] --- maven-antrun-plugin:1.7:run (create-testdirs) @ hadoop-hdds-server-framework ---
[INFO] Executing tasks

main:
    [mkdir] Created dir: /workdir/hadoop-hdds/framework/target/test-dir
[INFO] Executed tasks
[INFO] 
[INFO] --- maven-remote-resources-plugin:1.5:process (default) @ hadoop-hdds-server-framework ---
[INFO] 
[INFO] --- maven-resources-plugin:2.6:resources (default-resources) @ hadoop-hdds-server-framework ---
[INFO] Using 'UTF-8' encoding to copy filtered resources.
[INFO] Copying 35 resources
[INFO] Copying 2 resources
[INFO] 
[INFO] --- maven-compiler-plugin:3.1:compile (default-compile) @ hadoop-hdds-server-framework ---
[INFO] Compiling 20 source files to /workdir/hadoop-hdds/framework/target/classes
[WARNING] /workdir/hadoop-hdds/framework/src/main/java/org/apache/hadoop/hdds/server/events/EventQueue.java: Some input files use unchecked or unsafe operations.
[WARNING] /workdir/hadoop-hdds/framework/src/main/java/org/apache/hadoop/hdds/server/events/EventQueue.java: Recompile with -Xlint:unchecked for details.
[INFO] 
[INFO] --- maven-resources-plugin:2.6:testResources (default-testResources) @ hadoop-hdds-server-framework ---
[INFO] Using 'UTF-8' encoding to copy filtered resources.
[INFO] Copying 1 resource
[INFO] Copying 2 resources
[INFO] 
[INFO] --- maven-compiler-plugin:3.1:testCompile (default-testCompile) @ hadoop-hdds-server-framework ---
[INFO] Compiling 8 source files to /workdir/hadoop-hdds/framework/target/test-classes
[INFO] 
[INFO] --- maven-surefire-plugin:3.0.0-M1:test (default-test) @ hadoop-hdds-server-framework ---
[INFO] Tests are skipped.
[INFO] 
[INFO] --- maven-jar-plugin:2.5:jar (default-jar) @ hadoop-hdds-server-framework ---
[INFO] Building jar: /workdir/hadoop-hdds/framework/target/hadoop-hdds-server-framework-0.5.0-SNAPSHOT.jar
[INFO] 
[INFO] --- maven-site-plugin:3.6:attach-descriptor (attach-descriptor) @ hadoop-hdds-server-framework ---
[INFO] Skipping because packaging 'jar' is not pom.
[INFO] 
[INFO] --- maven-dependency-plugin:3.0.2:build-classpath (add-classpath-descriptor) @ hadoop-hdds-server-framework ---
[INFO] Wrote classpath file '/workdir/hadoop-hdds/framework/target/classpath'.
[INFO] 
[INFO] --- build-helper-maven-plugin:1.9:attach-artifact (attach-classpath-artifact) @ hadoop-hdds-server-framework ---
[INFO] 
[INFO] --- maven-jar-plugin:2.5:test-jar (default) @ hadoop-hdds-server-framework ---
[INFO] Building jar: /workdir/hadoop-hdds/framework/target/hadoop-hdds-server-framework-0.5.0-SNAPSHOT-tests.jar
[INFO] 
[INFO] --- animal-sniffer-maven-plugin:1.16:check (signature-check) @ hadoop-hdds-server-framework ---
[INFO] Checking unresolved references to org.codehaus.mojo.signature:java18:1.0
[INFO] 
[INFO] --- maven-enforcer-plugin:3.0.0-M1:enforce (depcheck) @ hadoop-hdds-server-framework ---
[INFO] 
[INFO] --- maven-install-plugin:2.5.1:install (default-install) @ hadoop-hdds-server-framework ---
[INFO] Installing /workdir/hadoop-hdds/framework/target/hadoop-hdds-server-framework-0.5.0-SNAPSHOT.jar to /home/user/.m2/repository/org/apache/hadoop/hadoop-hdds-server-framework/0.5.0-SNAPSHOT/hadoop-hdds-server-framework-0.5.0-SNAPSHOT.jar
[INFO] Installing /workdir/hadoop-hdds/framework/pom.xml to /home/user/.m2/repository/org/apache/hadoop/hadoop-hdds-server-framework/0.5.0-SNAPSHOT/hadoop-hdds-server-framework-0.5.0-SNAPSHOT.pom
[INFO] Installing /workdir/hadoop-hdds/framework/target/classpath to /home/user/.m2/repository/org/apache/hadoop/hadoop-hdds-server-framework/0.5.0-SNAPSHOT/hadoop-hdds-server-framework-0.5.0-SNAPSHOT-classpath.cp
[INFO] Installing /workdir/hadoop-hdds/framework/target/hadoop-hdds-server-framework-0.5.0-SNAPSHOT-tests.jar to /home/user/.m2/repository/org/apache/hadoop/hadoop-hdds-server-framework/0.5.0-SNAPSHOT/hadoop-hdds-server-framework-0.5.0-SNAPSHOT-tests.jar
[INFO] 
[INFO] ----------< org.apache.hadoop:hadoop-hdds-container-service >-----------
[INFO] Building Apache Hadoop HDDS Container Service 0.5.0-SNAPSHOT      [6/29]
[INFO] --------------------------------[ jar ]---------------------------------
[INFO] 
[INFO] --- maven-clean-plugin:2.5:clean (default-clean) @ hadoop-hdds-container-service ---
[INFO] Deleting /workdir/hadoop-hdds/container-service/target
[INFO] Deleting /workdir/hadoop-hdds/container-service (includes = [dependency-reduced-pom.xml], excludes = [])
[INFO] 
[INFO] --- maven-antrun-plugin:1.7:run (create-testdirs) @ hadoop-hdds-container-service ---
[INFO] Executing tasks

main:
    [mkdir] Created dir: /workdir/hadoop-hdds/container-service/target/test-dir
[INFO] Executed tasks
[INFO] 
[INFO] --- hadoop-maven-plugins:3.2.0:protoc (compile-protoc) @ hadoop-hdds-container-service ---
[INFO] Wrote protoc checksums to file /workdir/hadoop-hdds/container-service/target/hadoop-maven-plugins-protoc-checksums.json
[INFO] 
[INFO] --- maven-remote-resources-plugin:1.5:process (default) @ hadoop-hdds-container-service ---
[INFO] 
[INFO] --- maven-resources-plugin:2.6:resources (default-resources) @ hadoop-hdds-container-service ---
[INFO] Using 'UTF-8' encoding to copy filtered resources.
[INFO] Copying 2 resources
[INFO] Copying 2 resources
[INFO] 
[INFO] --- maven-compiler-plugin:3.1:compile (default-compile) @ hadoop-hdds-container-service ---
[INFO] Compiling 158 source files to /workdir/hadoop-hdds/container-service/target/classes
[WARNING] /workdir/hadoop-hdds/container-service/src/main/java/org/apache/hadoop/ozone/container/common/volume/AbstractFuture.java:[1051,26] sun.misc.Unsafe is internal proprietary API and may be removed in a future release
[WARNING] /workdir/hadoop-hdds/container-service/src/main/java/org/apache/hadoop/ozone/container/common/volume/AbstractFuture.java:[1059,15] sun.misc.Unsafe is internal proprietary API and may be removed in a future release
[WARNING] /workdir/hadoop-hdds/container-service/src/main/java/org/apache/hadoop/ozone/container/common/volume/AbstractFuture.java:[1061,26] sun.misc.Unsafe is internal proprietary API and may be removed in a future release
[WARNING] /workdir/hadoop-hdds/container-service/src/main/java/org/apache/hadoop/ozone/container/common/volume/AbstractFuture.java:[1066,57] sun.misc.Unsafe is internal proprietary API and may be removed in a future release
[WARNING] /workdir/hadoop-hdds/container-service/src/main/java/org/apache/hadoop/ozone/container/common/volume/AbstractFuture.java:[1068,36] sun.misc.Unsafe is internal proprietary API and may be removed in a future release
[WARNING] /workdir/hadoop-hdds/container-service/src/main/java/org/apache/hadoop/ozone/container/common/volume/AbstractFuture.java:[1069,37] sun.misc.Unsafe is internal proprietary API and may be removed in a future release
[WARNING] /workdir/hadoop-hdds/container-service/src/main/java/org/apache/hadoop/ozone/container/common/volume/AbstractFuture.java:[1069,58] sun.misc.Unsafe is internal proprietary API and may be removed in a future release
[WARNING] /workdir/hadoop-hdds/container-service/src/main/java/org/apache/hadoop/ozone/container/common/impl/ContainerDataYaml.java: Some input files use unchecked or unsafe operations.
[WARNING] /workdir/hadoop-hdds/container-service/src/main/java/org/apache/hadoop/ozone/container/common/impl/ContainerDataYaml.java: Recompile with -Xlint:unchecked for details.
[INFO] 
[INFO] --- maven-resources-plugin:2.6:testResources (default-testResources) @ hadoop-hdds-container-service ---
[INFO] Using 'UTF-8' encoding to copy filtered resources.
[INFO] Copying 4 resources
[INFO] Copying 2 resources
[INFO] 
[INFO] --- maven-compiler-plugin:3.1:testCompile (default-testCompile) @ hadoop-hdds-container-service ---
[INFO] Compiling 48 source files to /workdir/hadoop-hdds/container-service/target/test-classes
[WARNING] /workdir/hadoop-hdds/container-service/src/test/java/org/apache/hadoop/ozone/container/common/volume/TestHddsVolumeChecker.java: /workdir/hadoop-hdds/container-service/src/test/java/org/apache/hadoop/ozone/container/common/volume/TestHddsVolumeChecker.java uses or overrides a deprecated API.
[WARNING] /workdir/hadoop-hdds/container-service/src/test/java/org/apache/hadoop/ozone/container/common/volume/TestHddsVolumeChecker.java: Recompile with -Xlint:deprecation for details.
[WARNING] /workdir/hadoop-hdds/container-service/src/test/java/org/apache/hadoop/ozone/container/common/ScmTestMock.java: Some input files use unchecked or unsafe operations.
[WARNING] /workdir/hadoop-hdds/container-service/src/test/java/org/apache/hadoop/ozone/container/common/ScmTestMock.java: Recompile with -Xlint:unchecked for details.
[INFO] 
[INFO] --- maven-surefire-plugin:3.0.0-M1:test (default-test) @ hadoop-hdds-container-service ---
[INFO] Tests are skipped.
[INFO] 
[INFO] --- maven-jar-plugin:2.5:jar (default-jar) @ hadoop-hdds-container-service ---
[INFO] Building jar: /workdir/hadoop-hdds/container-service/target/hadoop-hdds-container-service-0.5.0-SNAPSHOT.jar
[INFO] 
[INFO] --- maven-site-plugin:3.6:attach-descriptor (attach-descriptor) @ hadoop-hdds-container-service ---
[INFO] Skipping because packaging 'jar' is not pom.
[INFO] 
[INFO] --- maven-dependency-plugin:3.0.2:build-classpath (add-classpath-descriptor) @ hadoop-hdds-container-service ---
[INFO] Wrote classpath file '/workdir/hadoop-hdds/container-service/target/classpath'.
[INFO] 
[INFO] --- build-helper-maven-plugin:1.9:attach-artifact (attach-classpath-artifact) @ hadoop-hdds-container-service ---
[INFO] 
[INFO] --- maven-jar-plugin:2.5:test-jar (default) @ hadoop-hdds-container-service ---
[INFO] Building jar: /workdir/hadoop-hdds/container-service/target/hadoop-hdds-container-service-0.5.0-SNAPSHOT-tests.jar
[INFO] 
[INFO] --- animal-sniffer-maven-plugin:1.16:check (signature-check) @ hadoop-hdds-container-service ---
[INFO] Checking unresolved references to org.codehaus.mojo.signature:java18:1.0
[INFO] 
[INFO] --- maven-enforcer-plugin:3.0.0-M1:enforce (depcheck) @ hadoop-hdds-container-service ---
[INFO] 
[INFO] --- maven-install-plugin:2.5.1:install (default-install) @ hadoop-hdds-container-service ---
[INFO] Installing /workdir/hadoop-hdds/container-service/target/hadoop-hdds-container-service-0.5.0-SNAPSHOT.jar to /home/user/.m2/repository/org/apache/hadoop/hadoop-hdds-container-service/0.5.0-SNAPSHOT/hadoop-hdds-container-service-0.5.0-SNAPSHOT.jar
[INFO] Installing /workdir/hadoop-hdds/container-service/pom.xml to /home/user/.m2/repository/org/apache/hadoop/hadoop-hdds-container-service/0.5.0-SNAPSHOT/hadoop-hdds-container-service-0.5.0-SNAPSHOT.pom
[INFO] Installing /workdir/hadoop-hdds/container-service/target/classpath to /home/user/.m2/repository/org/apache/hadoop/hadoop-hdds-container-service/0.5.0-SNAPSHOT/hadoop-hdds-container-service-0.5.0-SNAPSHOT-classpath.cp
[INFO] Installing /workdir/hadoop-hdds/container-service/target/hadoop-hdds-container-service-0.5.0-SNAPSHOT-tests.jar to /home/user/.m2/repository/org/apache/hadoop/hadoop-hdds-container-service/0.5.0-SNAPSHOT/hadoop-hdds-container-service-0.5.0-SNAPSHOT-tests.jar
[INFO] 
[INFO] -----------------< org.apache.hadoop:hadoop-hdds-docs >-----------------
[INFO] Building Apache Hadoop HDDS/Ozone Documentation 0.5.0-SNAPSHOT    [7/29]
[INFO] --------------------------------[ jar ]---------------------------------
[INFO] 
[INFO] --- maven-clean-plugin:2.5:clean (default-clean) @ hadoop-hdds-docs ---
[INFO] Deleting /workdir/hadoop-hdds/docs/target
[INFO] Deleting /workdir/hadoop-hdds/docs (includes = [dependency-reduced-pom.xml], excludes = [])
[INFO] 
[INFO] --- maven-antrun-plugin:1.7:run (create-testdirs) @ hadoop-hdds-docs ---
[INFO] Executing tasks

main:
    [mkdir] Created dir: /workdir/hadoop-hdds/docs/target/test-dir
[INFO] Executed tasks
[INFO] 
[INFO] --- maven-remote-resources-plugin:1.5:process (default) @ hadoop-hdds-docs ---
[INFO] 
[INFO] --- maven-resources-plugin:2.6:resources (default-resources) @ hadoop-hdds-docs ---
[INFO] Using 'UTF-8' encoding to copy filtered resources.
[INFO] skip non existing resourceDirectory /workdir/hadoop-hdds/docs/src/main/resources
[INFO] Copying 2 resources
[INFO] 
[INFO] --- maven-compiler-plugin:3.1:compile (default-compile) @ hadoop-hdds-docs ---
[INFO] No sources to compile
[INFO] 
[INFO] --- exec-maven-plugin:1.6.0:exec (default) @ hadoop-hdds-docs ---
Hugo is not yet installed. Doc generation is skipped.
[INFO] 
[INFO] --- maven-resources-plugin:2.6:testResources (default-testResources) @ hadoop-hdds-docs ---
[INFO] Using 'UTF-8' encoding to copy filtered resources.
[INFO] skip non existing resourceDirectory /workdir/hadoop-hdds/docs/src/test/resources
[INFO] Copying 2 resources
[INFO] 
[INFO] --- maven-compiler-plugin:3.1:testCompile (default-testCompile) @ hadoop-hdds-docs ---
[INFO] No sources to compile
[INFO] 
[INFO] --- maven-surefire-plugin:3.0.0-M1:test (default-test) @ hadoop-hdds-docs ---
[INFO] Tests are skipped.
[INFO] 
[INFO] --- maven-jar-plugin:2.5:jar (default-jar) @ hadoop-hdds-docs ---
[INFO] Building jar: /workdir/hadoop-hdds/docs/target/hadoop-hdds-docs-0.5.0-SNAPSHOT.jar
[INFO] 
[INFO] --- maven-site-plugin:3.6:attach-descriptor (attach-descriptor) @ hadoop-hdds-docs ---
[INFO] Skipping because packaging 'jar' is not pom.
[INFO] 
[INFO] --- maven-dependency-plugin:3.0.2:build-classpath (add-classpath-descriptor) @ hadoop-hdds-docs ---
[INFO] Wrote classpath file '/workdir/hadoop-hdds/docs/target/classpath'.
[INFO] 
[INFO] --- build-helper-maven-plugin:1.9:attach-artifact (attach-classpath-artifact) @ hadoop-hdds-docs ---
[INFO] 
[INFO] --- maven-jar-plugin:2.5:test-jar (default) @ hadoop-hdds-docs ---
[INFO] Building jar: /workdir/hadoop-hdds/docs/target/hadoop-hdds-docs-0.5.0-SNAPSHOT-tests.jar
[INFO] 
[INFO] --- animal-sniffer-maven-plugin:1.16:check (signature-check) @ hadoop-hdds-docs ---
[INFO] Checking unresolved references to org.codehaus.mojo.signature:java18:1.0
[INFO] 
[INFO] --- maven-enforcer-plugin:3.0.0-M1:enforce (depcheck) @ hadoop-hdds-docs ---
[INFO] 
[INFO] --- maven-install-plugin:2.5.1:install (default-install) @ hadoop-hdds-docs ---
[INFO] Installing /workdir/hadoop-hdds/docs/target/hadoop-hdds-docs-0.5.0-SNAPSHOT.jar to /home/user/.m2/repository/org/apache/hadoop/hadoop-hdds-docs/0.5.0-SNAPSHOT/hadoop-hdds-docs-0.5.0-SNAPSHOT.jar
[INFO] Installing /workdir/hadoop-hdds/docs/pom.xml to /home/user/.m2/repository/org/apache/hadoop/hadoop-hdds-docs/0.5.0-SNAPSHOT/hadoop-hdds-docs-0.5.0-SNAPSHOT.pom
[INFO] Installing /workdir/hadoop-hdds/docs/target/classpath to /home/user/.m2/repository/org/apache/hadoop/hadoop-hdds-docs/0.5.0-SNAPSHOT/hadoop-hdds-docs-0.5.0-SNAPSHOT-classpath.cp
[INFO] Installing /workdir/hadoop-hdds/docs/target/hadoop-hdds-docs-0.5.0-SNAPSHOT-tests.jar to /home/user/.m2/repository/org/apache/hadoop/hadoop-hdds-docs/0.5.0-SNAPSHOT/hadoop-hdds-docs-0.5.0-SNAPSHOT-tests.jar
[INFO] 
[INFO] --------------< org.apache.hadoop:hadoop-hdds-server-scm >--------------
[INFO] Building Apache Hadoop HDDS SCM Server 0.5.0-SNAPSHOT             [8/29]
[INFO] --------------------------------[ jar ]---------------------------------
[INFO] 
[INFO] --- maven-clean-plugin:2.5:clean (default-clean) @ hadoop-hdds-server-scm ---
[INFO] Deleting /workdir/hadoop-hdds/server-scm/target
[INFO] Deleting /workdir/hadoop-hdds/server-scm (includes = [dependency-reduced-pom.xml], excludes = [])
[INFO] 
[INFO] --- maven-antrun-plugin:1.7:run (create-testdirs) @ hadoop-hdds-server-scm ---
[INFO] Executing tasks

main:
    [mkdir] Created dir: /workdir/hadoop-hdds/server-scm/target/test-dir
[INFO] Executed tasks
[INFO] 
[INFO] --- maven-remote-resources-plugin:1.5:process (default) @ hadoop-hdds-server-scm ---
[INFO] 
[INFO] --- maven-resources-plugin:2.6:resources (default-resources) @ hadoop-hdds-server-scm ---
[INFO] Using 'UTF-8' encoding to copy filtered resources.
[INFO] Copying 4 resources
[INFO] Copying 2 resources
[INFO] 
[INFO] --- maven-compiler-plugin:3.1:compile (default-compile) @ hadoop-hdds-server-scm ---
[INFO] Compiling 132 source files to /workdir/hadoop-hdds/server-scm/target/classes
[WARNING] /workdir/hadoop-hdds/server-scm/src/main/java/org/apache/hadoop/hdds/scm/safemode/SCMSafeModeManager.java: Some input files use unchecked or unsafe operations.
[WARNING] /workdir/hadoop-hdds/server-scm/src/main/java/org/apache/hadoop/hdds/scm/safemode/SCMSafeModeManager.java: Recompile with -Xlint:unchecked for details.
[INFO] 
[INFO] --- maven-resources-plugin:2.6:testResources (default-testResources) @ hadoop-hdds-server-scm ---
[INFO] Using 'UTF-8' encoding to copy filtered resources.
[INFO] Copying 6 resources
[INFO] Copying 2 resources
[INFO] Copying 2 resources
[INFO] 
[INFO] --- maven-compiler-plugin:3.1:testCompile (default-testCompile) @ hadoop-hdds-server-scm ---
[INFO] Compiling 60 source files to /workdir/hadoop-hdds/server-scm/target/test-classes
[WARNING] /workdir/hadoop-hdds/server-scm/src/test/java/org/apache/hadoop/hdds/scm/container/MockNodeManager.java: Some input files use unchecked or unsafe operations.
[WARNING] /workdir/hadoop-hdds/server-scm/src/test/java/org/apache/hadoop/hdds/scm/container/MockNodeManager.java: Recompile with -Xlint:unchecked for details.
[INFO] 
[INFO] --- maven-surefire-plugin:3.0.0-M1:test (default-test) @ hadoop-hdds-server-scm ---
[INFO] Tests are skipped.
[INFO] 
[INFO] --- maven-dependency-plugin:3.0.2:unpack (copy-common-html) @ hadoop-hdds-server-scm ---
[INFO] Configured Artifact: org.apache.hadoop:hadoop-hdds-server-framework:?:jar
[INFO] Configured Artifact: org.apache.hadoop:hadoop-hdds-docs:?:jar
[INFO] Unpacking /workdir/hadoop-hdds/framework/target/hadoop-hdds-server-framework-0.5.0-SNAPSHOT.jar to /workdir/hadoop-hdds/server-scm/target/classes with includes "webapps/static/**/*.*" and excludes ""
[INFO] Unpacking /workdir/hadoop-hdds/docs/target/hadoop-hdds-docs-0.5.0-SNAPSHOT.jar to /workdir/hadoop-hdds/server-scm/target/classes/webapps/scm with includes "docs/**/*.*" and excludes ""
[INFO] 
[INFO] --- maven-jar-plugin:2.5:jar (default-jar) @ hadoop-hdds-server-scm ---
[INFO] Building jar: /workdir/hadoop-hdds/server-scm/target/hadoop-hdds-server-scm-0.5.0-SNAPSHOT.jar
[INFO] 
[INFO] --- maven-site-plugin:3.6:attach-descriptor (attach-descriptor) @ hadoop-hdds-server-scm ---
[INFO] Skipping because packaging 'jar' is not pom.
[INFO] 
[INFO] --- maven-dependency-plugin:3.0.2:build-classpath (add-classpath-descriptor) @ hadoop-hdds-server-scm ---
[INFO] Wrote classpath file '/workdir/hadoop-hdds/server-scm/target/classpath'.
[INFO] 
[INFO] --- build-helper-maven-plugin:1.9:attach-artifact (attach-classpath-artifact) @ hadoop-hdds-server-scm ---
[INFO] 
[INFO] --- maven-jar-plugin:2.5:test-jar (default) @ hadoop-hdds-server-scm ---
[INFO] Building jar: /workdir/hadoop-hdds/server-scm/target/hadoop-hdds-server-scm-0.5.0-SNAPSHOT-tests.jar
[INFO] 
[INFO] --- animal-sniffer-maven-plugin:1.16:check (signature-check) @ hadoop-hdds-server-scm ---
[INFO] Checking unresolved references to org.codehaus.mojo.signature:java18:1.0
[INFO] 
[INFO] --- maven-enforcer-plugin:3.0.0-M1:enforce (depcheck) @ hadoop-hdds-server-scm ---
[INFO] 
[INFO] --- maven-install-plugin:2.5.1:install (default-install) @ hadoop-hdds-server-scm ---
[INFO] Installing /workdir/hadoop-hdds/server-scm/target/hadoop-hdds-server-scm-0.5.0-SNAPSHOT.jar to /home/user/.m2/repository/org/apache/hadoop/hadoop-hdds-server-scm/0.5.0-SNAPSHOT/hadoop-hdds-server-scm-0.5.0-SNAPSHOT.jar
[INFO] Installing /workdir/hadoop-hdds/server-scm/pom.xml to /home/user/.m2/repository/org/apache/hadoop/hadoop-hdds-server-scm/0.5.0-SNAPSHOT/hadoop-hdds-server-scm-0.5.0-SNAPSHOT.pom
[INFO] Installing /workdir/hadoop-hdds/server-scm/target/classpath to /home/user/.m2/repository/org/apache/hadoop/hadoop-hdds-server-scm/0.5.0-SNAPSHOT/hadoop-hdds-server-scm-0.5.0-SNAPSHOT-classpath.cp
[INFO] Installing /workdir/hadoop-hdds/server-scm/target/hadoop-hdds-server-scm-0.5.0-SNAPSHOT-tests.jar to /home/user/.m2/repository/org/apache/hadoop/hadoop-hdds-server-scm/0.5.0-SNAPSHOT/hadoop-hdds-server-scm-0.5.0-SNAPSHOT-tests.jar
[INFO] 
[INFO] ----------------< org.apache.hadoop:hadoop-hdds-tools >-----------------
[INFO] Building Apache Hadoop HDDS Tools 0.5.0-SNAPSHOT                  [9/29]
[INFO] --------------------------------[ jar ]---------------------------------
[INFO] 
[INFO] --- maven-clean-plugin:2.5:clean (default-clean) @ hadoop-hdds-tools ---
[INFO] Deleting /workdir/hadoop-hdds/tools/target
[INFO] Deleting /workdir/hadoop-hdds/tools (includes = [dependency-reduced-pom.xml], excludes = [])
[INFO] 
[INFO] --- maven-antrun-plugin:1.7:run (create-testdirs) @ hadoop-hdds-tools ---
[INFO] Executing tasks

main:
    [mkdir] Created dir: /workdir/hadoop-hdds/tools/target/test-dir
[INFO] Executed tasks
[INFO] 
[INFO] --- maven-remote-resources-plugin:1.5:process (default) @ hadoop-hdds-tools ---
[INFO] 
[INFO] --- maven-resources-plugin:2.6:resources (default-resources) @ hadoop-hdds-tools ---
[INFO] Using 'UTF-8' encoding to copy filtered resources.
[INFO] skip non existing resourceDirectory /workdir/hadoop-hdds/tools/src/main/resources
[INFO] Copying 2 resources
[INFO] 
[INFO] --- maven-compiler-plugin:3.1:compile (default-compile) @ hadoop-hdds-tools ---
[INFO] Compiling 21 source files to /workdir/hadoop-hdds/tools/target/classes
[INFO] 
[INFO] --- maven-resources-plugin:2.6:testResources (default-testResources) @ hadoop-hdds-tools ---
[INFO] Using 'UTF-8' encoding to copy filtered resources.
[INFO] skip non existing resourceDirectory /workdir/hadoop-hdds/tools/src/test/resources
[INFO] Copying 2 resources
[INFO] 
[INFO] --- maven-compiler-plugin:3.1:testCompile (default-testCompile) @ hadoop-hdds-tools ---
[INFO] No sources to compile
[INFO] 
[INFO] --- maven-surefire-plugin:3.0.0-M1:test (default-test) @ hadoop-hdds-tools ---
[INFO] Tests are skipped.
[INFO] 
[INFO] --- maven-jar-plugin:2.5:jar (default-jar) @ hadoop-hdds-tools ---
[INFO] Building jar: /workdir/hadoop-hdds/tools/target/hadoop-hdds-tools-0.5.0-SNAPSHOT.jar
[INFO] 
[INFO] --- maven-site-plugin:3.6:attach-descriptor (attach-descriptor) @ hadoop-hdds-tools ---
[INFO] Skipping because packaging 'jar' is not pom.
[INFO] 
[INFO] --- maven-dependency-plugin:3.0.2:build-classpath (add-classpath-descriptor) @ hadoop-hdds-tools ---
[INFO] Wrote classpath file '/workdir/hadoop-hdds/tools/target/classpath'.
[INFO] 
[INFO] --- build-helper-maven-plugin:1.9:attach-artifact (attach-classpath-artifact) @ hadoop-hdds-tools ---
[INFO] 
[INFO] --- maven-jar-plugin:2.5:test-jar (default) @ hadoop-hdds-tools ---
[INFO] Building jar: /workdir/hadoop-hdds/tools/target/hadoop-hdds-tools-0.5.0-SNAPSHOT-tests.jar
[INFO] 
[INFO] --- animal-sniffer-maven-plugin:1.16:check (signature-check) @ hadoop-hdds-tools ---
[INFO] Checking unresolved references to org.codehaus.mojo.signature:java18:1.0
[INFO] 
[INFO] --- maven-enforcer-plugin:3.0.0-M1:enforce (depcheck) @ hadoop-hdds-tools ---
[INFO] 
[INFO] --- maven-install-plugin:2.5.1:install (default-install) @ hadoop-hdds-tools ---
[INFO] Installing /workdir/hadoop-hdds/tools/target/hadoop-hdds-tools-0.5.0-SNAPSHOT.jar to /home/user/.m2/repository/org/apache/hadoop/hadoop-hdds-tools/0.5.0-SNAPSHOT/hadoop-hdds-tools-0.5.0-SNAPSHOT.jar
[INFO] Installing /workdir/hadoop-hdds/tools/pom.xml to /home/user/.m2/repository/org/apache/hadoop/hadoop-hdds-tools/0.5.0-SNAPSHOT/hadoop-hdds-tools-0.5.0-SNAPSHOT.pom
[INFO] Installing /workdir/hadoop-hdds/tools/target/classpath to /home/user/.m2/repository/org/apache/hadoop/hadoop-hdds-tools/0.5.0-SNAPSHOT/hadoop-hdds-tools-0.5.0-SNAPSHOT-classpath.cp
[INFO] Installing /workdir/hadoop-hdds/tools/target/hadoop-hdds-tools-0.5.0-SNAPSHOT-tests.jar to /home/user/.m2/repository/org/apache/hadoop/hadoop-hdds-tools/0.5.0-SNAPSHOT/hadoop-hdds-tools-0.5.0-SNAPSHOT-tests.jar
[INFO] 
[INFO] -------------------< org.apache.hadoop:hadoop-ozone >-------------------
[INFO] Building Apache Hadoop Ozone 0.5.0-SNAPSHOT                      [10/29]
[INFO] --------------------------------[ pom ]---------------------------------
[INFO] 
[INFO] --- maven-clean-plugin:2.5:clean (default-clean) @ hadoop-ozone ---
[INFO] Deleting /workdir/hadoop-ozone/target
[INFO] Deleting /workdir/hadoop-ozone (includes = [dependency-reduced-pom.xml], excludes = [])
[INFO] 
[INFO] --- maven-antrun-plugin:1.7:run (create-testdirs) @ hadoop-ozone ---
[INFO] Executing tasks

main:
    [mkdir] Created dir: /workdir/hadoop-ozone/target/test-dir
[INFO] Executed tasks
[INFO] 
[INFO] --- maven-remote-resources-plugin:1.5:process (default) @ hadoop-ozone ---
[INFO] 
[INFO] --- maven-site-plugin:3.6:attach-descriptor (attach-descriptor) @ hadoop-ozone ---
[INFO] No site descriptor found: nothing to attach.
[INFO] 
[INFO] --- maven-dependency-plugin:3.0.2:build-classpath (add-classpath-descriptor) @ hadoop-ozone ---
[INFO] No dependencies found.
[INFO] Wrote classpath file '/workdir/hadoop-ozone/target/classpath'.
[INFO] 
[INFO] --- build-helper-maven-plugin:1.9:attach-artifact (attach-classpath-artifact) @ hadoop-ozone ---
[INFO] 
[INFO] --- maven-jar-plugin:2.5:test-jar (default) @ hadoop-ozone ---
[WARNING] JAR will be empty - no content was marked for inclusion!
[INFO] Building jar: /workdir/hadoop-ozone/target/hadoop-ozone-0.5.0-SNAPSHOT-tests.jar
[INFO] 
[INFO] --- animal-sniffer-maven-plugin:1.16:check (signature-check) @ hadoop-ozone ---
[INFO] Checking unresolved references to org.codehaus.mojo.signature:java18:1.0
[INFO] 
[INFO] --- maven-enforcer-plugin:3.0.0-M1:enforce (depcheck) @ hadoop-ozone ---
[INFO] 
[INFO] --- maven-install-plugin:2.5.1:install (default-install) @ hadoop-ozone ---
[INFO] Installing /workdir/hadoop-ozone/pom.xml to /home/user/.m2/repository/org/apache/hadoop/hadoop-ozone/0.5.0-SNAPSHOT/hadoop-ozone-0.5.0-SNAPSHOT.pom
[INFO] Installing /workdir/hadoop-ozone/target/classpath to /home/user/.m2/repository/org/apache/hadoop/hadoop-ozone/0.5.0-SNAPSHOT/hadoop-ozone-0.5.0-SNAPSHOT-classpath.cp
[INFO] Installing /workdir/hadoop-ozone/target/hadoop-ozone-0.5.0-SNAPSHOT-tests.jar to /home/user/.m2/repository/org/apache/hadoop/hadoop-ozone/0.5.0-SNAPSHOT/hadoop-ozone-0.5.0-SNAPSHOT-tests.jar
[INFO] 
[INFO] ---------------< org.apache.hadoop:hadoop-ozone-common >----------------
[INFO] Building Apache Hadoop Ozone Common 0.5.0-SNAPSHOT               [11/29]
[INFO] --------------------------------[ jar ]---------------------------------
[INFO] 
[INFO] --- maven-clean-plugin:2.5:clean (default-clean) @ hadoop-ozone-common ---
[INFO] Deleting /workdir/hadoop-ozone/common/target
[INFO] Deleting /workdir/hadoop-ozone/common (includes = [dependency-reduced-pom.xml], excludes = [])
[INFO] 
[INFO] --- maven-antrun-plugin:1.7:run (create-testdirs) @ hadoop-ozone-common ---
[INFO] Executing tasks

main:
    [mkdir] Created dir: /workdir/hadoop-ozone/common/target/test-dir
[INFO] Executed tasks
[INFO] 
[INFO] --- hadoop-maven-plugins:3.2.0:protoc (compile-protoc) @ hadoop-ozone-common ---
[INFO] Wrote protoc checksums to file /workdir/hadoop-ozone/common/target/hadoop-maven-plugins-protoc-checksums.json
[INFO] 
[INFO] --- hadoop-maven-plugins:3.2.0:version-info (version-info) @ hadoop-ozone-common ---
[INFO] SCM: GIT
[INFO] Computed MD5: a5cfb8a54e79871bad11cdd5b6292
[INFO] 
[INFO] --- maven-remote-resources-plugin:1.5:process (default) @ hadoop-ozone-common ---
[INFO] 
[INFO] --- maven-resources-plugin:2.6:resources (default-resources) @ hadoop-ozone-common ---
[INFO] Using 'UTF-8' encoding to copy filtered resources.
[INFO] Copying 0 resource
[INFO] Copying 1 resource
[INFO] Copying 2 resources
[INFO] 
[INFO] --- maven-compiler-plugin:3.1:compile (default-compile) @ hadoop-ozone-common ---
[INFO] Compiling 102 source files to /workdir/hadoop-ozone/common/target/classes
[WARNING] /workdir/hadoop-ozone/common/src/main/java/org/apache/hadoop/ozone/om/ha/OMFailoverProxyProvider.java: Some input files use unchecked or unsafe operations.
[WARNING] /workdir/hadoop-ozone/common/src/main/java/org/apache/hadoop/ozone/om/ha/OMFailoverProxyProvider.java: Recompile with -Xlint:unchecked for details.
[INFO] 
[INFO] --- maven-resources-plugin:2.6:testResources (default-testResources) @ hadoop-ozone-common ---
[INFO] Using 'UTF-8' encoding to copy filtered resources.
[INFO] skip non existing resourceDirectory /workdir/hadoop-ozone/common/src/test/resources
[INFO] Copying 2 resources
[INFO] 
[INFO] --- maven-compiler-plugin:3.1:testCompile (default-testCompile) @ hadoop-ozone-common ---
[INFO] Compiling 19 source files to /workdir/hadoop-ozone/common/target/test-classes
[INFO] 
[INFO] --- maven-surefire-plugin:3.0.0-M1:test (default-test) @ hadoop-ozone-common ---
[INFO] Tests are skipped.
[INFO] 
[INFO] --- maven-jar-plugin:2.5:jar (default-jar) @ hadoop-ozone-common ---
[INFO] Building jar: /workdir/hadoop-ozone/common/target/hadoop-ozone-common-0.5.0-SNAPSHOT.jar
[INFO] 
[INFO] --- maven-site-plugin:3.6:attach-descriptor (attach-descriptor) @ hadoop-ozone-common ---
[INFO] Skipping because packaging 'jar' is not pom.
[INFO] 
[INFO] --- maven-dependency-plugin:3.0.2:build-classpath (add-classpath-descriptor) @ hadoop-ozone-common ---
[INFO] Wrote classpath file '/workdir/hadoop-ozone/common/target/classpath'.
[INFO] 
[INFO] --- build-helper-maven-plugin:1.9:attach-artifact (attach-classpath-artifact) @ hadoop-ozone-common ---
[INFO] 
[INFO] --- maven-jar-plugin:2.5:test-jar (default) @ hadoop-ozone-common ---
[INFO] Building jar: /workdir/hadoop-ozone/common/target/hadoop-ozone-common-0.5.0-SNAPSHOT-tests.jar
[INFO] 
[INFO] --- animal-sniffer-maven-plugin:1.16:check (signature-check) @ hadoop-ozone-common ---
[INFO] Checking unresolved references to org.codehaus.mojo.signature:java18:1.0
[INFO] 
[INFO] --- maven-enforcer-plugin:3.0.0-M1:enforce (depcheck) @ hadoop-ozone-common ---
[INFO] 
[INFO] --- maven-install-plugin:2.5.1:install (default-install) @ hadoop-ozone-common ---
[INFO] Installing /workdir/hadoop-ozone/common/target/hadoop-ozone-common-0.5.0-SNAPSHOT.jar to /home/user/.m2/repository/org/apache/hadoop/hadoop-ozone-common/0.5.0-SNAPSHOT/hadoop-ozone-common-0.5.0-SNAPSHOT.jar
[INFO] Installing /workdir/hadoop-ozone/common/pom.xml to /home/user/.m2/repository/org/apache/hadoop/hadoop-ozone-common/0.5.0-SNAPSHOT/hadoop-ozone-common-0.5.0-SNAPSHOT.pom
[INFO] Installing /workdir/hadoop-ozone/common/target/classpath to /home/user/.m2/repository/org/apache/hadoop/hadoop-ozone-common/0.5.0-SNAPSHOT/hadoop-ozone-common-0.5.0-SNAPSHOT-classpath.cp
[INFO] Installing /workdir/hadoop-ozone/common/target/hadoop-ozone-common-0.5.0-SNAPSHOT-tests.jar to /home/user/.m2/repository/org/apache/hadoop/hadoop-ozone-common/0.5.0-SNAPSHOT/hadoop-ozone-common-0.5.0-SNAPSHOT-tests.jar
[INFO] 
[INFO] ---------------< org.apache.hadoop:hadoop-ozone-client >----------------
[INFO] Building Apache Hadoop Ozone Client 0.5.0-SNAPSHOT               [12/29]
[INFO] --------------------------------[ jar ]---------------------------------
[INFO] 
[INFO] --- maven-clean-plugin:2.5:clean (default-clean) @ hadoop-ozone-client ---
[INFO] Deleting /workdir/hadoop-ozone/client/target
[INFO] Deleting /workdir/hadoop-ozone/client (includes = [dependency-reduced-pom.xml], excludes = [])
[INFO] 
[INFO] --- maven-antrun-plugin:1.7:run (create-testdirs) @ hadoop-ozone-client ---
[INFO] Executing tasks

main:
    [mkdir] Created dir: /workdir/hadoop-ozone/client/target/test-dir
[INFO] Executed tasks
[INFO] 
[INFO] --- maven-remote-resources-plugin:1.5:process (default) @ hadoop-ozone-client ---
[INFO] 
[INFO] --- maven-resources-plugin:2.6:resources (default-resources) @ hadoop-ozone-client ---
[INFO] Using 'UTF-8' encoding to copy filtered resources.
[INFO] skip non existing resourceDirectory /workdir/hadoop-ozone/client/src/main/resources
[INFO] Copying 2 resources
[INFO] 
[INFO] --- maven-compiler-plugin:3.1:compile (default-compile) @ hadoop-ozone-client ---
[INFO] Compiling 27 source files to /workdir/hadoop-ozone/client/target/classes
[WARNING] /workdir/hadoop-ozone/client/src/main/java/org/apache/hadoop/ozone/client/rpc/RpcClient.java: /workdir/hadoop-ozone/client/src/main/java/org/apache/hadoop/ozone/client/rpc/RpcClient.java uses unchecked or unsafe operations.
[WARNING] /workdir/hadoop-ozone/client/src/main/java/org/apache/hadoop/ozone/client/rpc/RpcClient.java: Recompile with -Xlint:unchecked for details.
[INFO] 
[INFO] --- maven-resources-plugin:2.6:testResources (default-testResources) @ hadoop-ozone-client ---
[INFO] Using 'UTF-8' encoding to copy filtered resources.
[INFO] skip non existing resourceDirectory /workdir/hadoop-ozone/client/src/test/resources
[INFO] Copying 2 resources
[INFO] 
[INFO] --- maven-compiler-plugin:3.1:testCompile (default-testCompile) @ hadoop-ozone-client ---
[INFO] Compiling 3 source files to /workdir/hadoop-ozone/client/target/test-classes
[INFO] 
[INFO] --- maven-surefire-plugin:3.0.0-M1:test (default-test) @ hadoop-ozone-client ---
[INFO] Tests are skipped.
[INFO] 
[INFO] --- maven-jar-plugin:2.5:jar (default-jar) @ hadoop-ozone-client ---
[INFO] Building jar: /workdir/hadoop-ozone/client/target/hadoop-ozone-client-0.5.0-SNAPSHOT.jar
[INFO] 
[INFO] --- maven-site-plugin:3.6:attach-descriptor (attach-descriptor) @ hadoop-ozone-client ---
[INFO] Skipping because packaging 'jar' is not pom.
[INFO] 
[INFO] --- maven-dependency-plugin:3.0.2:build-classpath (add-classpath-descriptor) @ hadoop-ozone-client ---
[INFO] Wrote classpath file '/workdir/hadoop-ozone/client/target/classpath'.
[INFO] 
[INFO] --- build-helper-maven-plugin:1.9:attach-artifact (attach-classpath-artifact) @ hadoop-ozone-client ---
[INFO] 
[INFO] --- maven-jar-plugin:2.5:test-jar (default) @ hadoop-ozone-client ---
[INFO] Building jar: /workdir/hadoop-ozone/client/target/hadoop-ozone-client-0.5.0-SNAPSHOT-tests.jar
[INFO] 
[INFO] --- animal-sniffer-maven-plugin:1.16:check (signature-check) @ hadoop-ozone-client ---
[INFO] Checking unresolved references to org.codehaus.mojo.signature:java18:1.0
[INFO] 
[INFO] --- maven-enforcer-plugin:3.0.0-M1:enforce (depcheck) @ hadoop-ozone-client ---
[INFO] 
[INFO] --- maven-install-plugin:2.5.1:install (default-install) @ hadoop-ozone-client ---
[INFO] Installing /workdir/hadoop-ozone/client/target/hadoop-ozone-client-0.5.0-SNAPSHOT.jar to /home/user/.m2/repository/org/apache/hadoop/hadoop-ozone-client/0.5.0-SNAPSHOT/hadoop-ozone-client-0.5.0-SNAPSHOT.jar
[INFO] Installing /workdir/hadoop-ozone/client/pom.xml to /home/user/.m2/repository/org/apache/hadoop/hadoop-ozone-client/0.5.0-SNAPSHOT/hadoop-ozone-client-0.5.0-SNAPSHOT.pom
[INFO] Installing /workdir/hadoop-ozone/client/target/classpath to /home/user/.m2/repository/org/apache/hadoop/hadoop-ozone-client/0.5.0-SNAPSHOT/hadoop-ozone-client-0.5.0-SNAPSHOT-classpath.cp
[INFO] Installing /workdir/hadoop-ozone/client/target/hadoop-ozone-client-0.5.0-SNAPSHOT-tests.jar to /home/user/.m2/repository/org/apache/hadoop/hadoop-ozone-client/0.5.0-SNAPSHOT/hadoop-ozone-client-0.5.0-SNAPSHOT-tests.jar
[INFO] 
[INFO] ------------< org.apache.hadoop:hadoop-ozone-ozone-manager >------------
[INFO] Building Apache Hadoop Ozone Manager Server 0.5.0-SNAPSHOT       [13/29]
[INFO] --------------------------------[ jar ]---------------------------------
[INFO] 
[INFO] --- maven-clean-plugin:2.5:clean (default-clean) @ hadoop-ozone-ozone-manager ---
[INFO] Deleting /workdir/hadoop-ozone/ozone-manager/target
[INFO] Deleting /workdir/hadoop-ozone/ozone-manager (includes = [dependency-reduced-pom.xml], excludes = [])
[INFO] 
[INFO] --- maven-antrun-plugin:1.7:run (create-testdirs) @ hadoop-ozone-ozone-manager ---
[INFO] Executing tasks

main:
    [mkdir] Created dir: /workdir/hadoop-ozone/ozone-manager/target/test-dir
[INFO] Executed tasks
[INFO] 
[INFO] --- maven-remote-resources-plugin:1.5:process (default) @ hadoop-ozone-ozone-manager ---
[INFO] 
[INFO] --- maven-resources-plugin:2.6:resources (default-resources) @ hadoop-ozone-ozone-manager ---
[INFO] Using 'UTF-8' encoding to copy filtered resources.
[INFO] Copying 5 resources
[INFO] Copying 2 resources
[INFO] 
[INFO] --- maven-compiler-plugin:3.1:compile (default-compile) @ hadoop-ozone-ozone-manager ---
[INFO] Compiling 207 source files to /workdir/hadoop-ozone/ozone-manager/target/classes
[WARNING] /workdir/hadoop-ozone/ozone-manager/src/main/java/org/apache/hadoop/ozone/web/ozShell/token/CancelTokenHandler.java: Some input files use unchecked or unsafe operations.
[WARNING] /workdir/hadoop-ozone/ozone-manager/src/main/java/org/apache/hadoop/ozone/web/ozShell/token/CancelTokenHandler.java: Recompile with -Xlint:unchecked for details.
[INFO] 
[INFO] --- maven-resources-plugin:2.6:testResources (default-testResources) @ hadoop-ozone-ozone-manager ---
[INFO] Using 'UTF-8' encoding to copy filtered resources.
[INFO] Copying 6 resources
[INFO] Copying 1 resource
[INFO] Copying 2 resources
[INFO] 
[INFO] --- maven-compiler-plugin:3.1:testCompile (default-testCompile) @ hadoop-ozone-ozone-manager ---
[INFO] Compiling 83 source files to /workdir/hadoop-ozone/ozone-manager/target/test-classes
[WARNING] /workdir/hadoop-ozone/ozone-manager/src/test/java/org/apache/hadoop/ozone/om/TestBucketManagerImpl.java: /workdir/hadoop-ozone/ozone-manager/src/test/java/org/apache/hadoop/ozone/om/TestBucketManagerImpl.java uses or overrides a deprecated API.
[WARNING] /workdir/hadoop-ozone/ozone-manager/src/test/java/org/apache/hadoop/ozone/om/TestBucketManagerImpl.java: Recompile with -Xlint:deprecation for details.
[INFO] 
[INFO] --- maven-surefire-plugin:3.0.0-M1:test (default-test) @ hadoop-ozone-ozone-manager ---
[INFO] Tests are skipped.
[INFO] 
[INFO] --- maven-dependency-plugin:3.0.2:unpack (copy-common-html) @ hadoop-ozone-ozone-manager ---
[INFO] Configured Artifact: org.apache.hadoop:hadoop-hdds-server-framework:?:jar
[INFO] Configured Artifact: org.apache.hadoop:hadoop-hdds-docs:?:jar
[INFO] Unpacking /workdir/hadoop-hdds/framework/target/hadoop-hdds-server-framework-0.5.0-SNAPSHOT.jar to /workdir/hadoop-ozone/ozone-manager/target/classes with includes "webapps/static/**/*.*" and excludes ""
[INFO] Unpacking /workdir/hadoop-hdds/docs/target/hadoop-hdds-docs-0.5.0-SNAPSHOT.jar to /workdir/hadoop-ozone/ozone-manager/target/classes/webapps/ozoneManager with includes "docs/**/*.*" and excludes ""
[INFO] 
[INFO] --- maven-jar-plugin:2.5:jar (default-jar) @ hadoop-ozone-ozone-manager ---
[INFO] Building jar: /workdir/hadoop-ozone/ozone-manager/target/hadoop-ozone-ozone-manager-0.5.0-SNAPSHOT.jar
[INFO] 
[INFO] --- maven-site-plugin:3.6:attach-descriptor (attach-descriptor) @ hadoop-ozone-ozone-manager ---
[INFO] Skipping because packaging 'jar' is not pom.
[INFO] 
[INFO] --- maven-dependency-plugin:3.0.2:build-classpath (add-classpath-descriptor) @ hadoop-ozone-ozone-manager ---
[INFO] Wrote classpath file '/workdir/hadoop-ozone/ozone-manager/target/classpath'.
[INFO] 
[INFO] --- build-helper-maven-plugin:1.9:attach-artifact (attach-classpath-artifact) @ hadoop-ozone-ozone-manager ---
[INFO] 
[INFO] --- maven-jar-plugin:2.5:test-jar (default) @ hadoop-ozone-ozone-manager ---
[INFO] Building jar: /workdir/hadoop-ozone/ozone-manager/target/hadoop-ozone-ozone-manager-0.5.0-SNAPSHOT-tests.jar
[INFO] 
[INFO] --- animal-sniffer-maven-plugin:1.16:check (signature-check) @ hadoop-ozone-ozone-manager ---
[INFO] Checking unresolved references to org.codehaus.mojo.signature:java18:1.0
[INFO] 
[INFO] --- maven-enforcer-plugin:3.0.0-M1:enforce (depcheck) @ hadoop-ozone-ozone-manager ---
[INFO] 
[INFO] --- maven-install-plugin:2.5.1:install (default-install) @ hadoop-ozone-ozone-manager ---
[INFO] Installing /workdir/hadoop-ozone/ozone-manager/target/hadoop-ozone-ozone-manager-0.5.0-SNAPSHOT.jar to /home/user/.m2/repository/org/apache/hadoop/hadoop-ozone-ozone-manager/0.5.0-SNAPSHOT/hadoop-ozone-ozone-manager-0.5.0-SNAPSHOT.jar
[INFO] Installing /workdir/hadoop-ozone/ozone-manager/pom.xml to /home/user/.m2/repository/org/apache/hadoop/hadoop-ozone-ozone-manager/0.5.0-SNAPSHOT/hadoop-ozone-ozone-manager-0.5.0-SNAPSHOT.pom
[INFO] Installing /workdir/hadoop-ozone/ozone-manager/target/classpath to /home/user/.m2/repository/org/apache/hadoop/hadoop-ozone-ozone-manager/0.5.0-SNAPSHOT/hadoop-ozone-ozone-manager-0.5.0-SNAPSHOT-classpath.cp
[INFO] Installing /workdir/hadoop-ozone/ozone-manager/target/hadoop-ozone-ozone-manager-0.5.0-SNAPSHOT-tests.jar to /home/user/.m2/repository/org/apache/hadoop/hadoop-ozone-ozone-manager/0.5.0-SNAPSHOT/hadoop-ozone-ozone-manager-0.5.0-SNAPSHOT-tests.jar
[INFO] 
[INFO] --------------< org.apache.hadoop:hadoop-ozone-s3gateway >--------------
[INFO] Building Apache Hadoop Ozone S3 Gateway 0.5.0-SNAPSHOT           [14/29]
[INFO] --------------------------------[ jar ]---------------------------------
[INFO] 
[INFO] --- maven-clean-plugin:2.5:clean (default-clean) @ hadoop-ozone-s3gateway ---
[INFO] Deleting /workdir/hadoop-ozone/s3gateway/target
[INFO] Deleting /workdir/hadoop-ozone/s3gateway (includes = [dependency-reduced-pom.xml], excludes = [])
[INFO] 
[INFO] --- maven-antrun-plugin:1.7:run (create-testdirs) @ hadoop-ozone-s3gateway ---
[INFO] Executing tasks

main:
    [mkdir] Created dir: /workdir/hadoop-ozone/s3gateway/target/test-dir
[INFO] Executed tasks
[INFO] 
[INFO] --- maven-remote-resources-plugin:1.5:process (default) @ hadoop-ozone-s3gateway ---
[INFO] 
[INFO] --- maven-resources-plugin:2.6:resources (default-resources) @ hadoop-ozone-s3gateway ---
[INFO] Using 'UTF-8' encoding to copy filtered resources.
[INFO] Copying 6 resources
[INFO] Copying 2 resources
[INFO] 
[INFO] --- maven-compiler-plugin:3.1:compile (default-compile) @ hadoop-ozone-s3gateway ---
[INFO] Compiling 57 source files to /workdir/hadoop-ozone/s3gateway/target/classes
[WARNING] /workdir/hadoop-ozone/s3gateway/src/main/java/org/apache/hadoop/ozone/s3/OzoneClientProducer.java: /workdir/hadoop-ozone/s3gateway/src/main/java/org/apache/hadoop/ozone/s3/OzoneClientProducer.java uses unchecked or unsafe operations.
[WARNING] /workdir/hadoop-ozone/s3gateway/src/main/java/org/apache/hadoop/ozone/s3/OzoneClientProducer.java: Recompile with -Xlint:unchecked for details.
[INFO] 
[INFO] --- maven-resources-plugin:2.6:testResources (default-testResources) @ hadoop-ozone-s3gateway ---
[INFO] Using 'UTF-8' encoding to copy filtered resources.
[INFO] Copying 1 resource
[INFO] Copying 2 resources
[INFO] 
[INFO] --- maven-compiler-plugin:3.1:testCompile (default-testCompile) @ hadoop-ozone-s3gateway ---
[INFO] Compiling 36 source files to /workdir/hadoop-ozone/s3gateway/target/test-classes
[INFO] 
[INFO] --- maven-surefire-plugin:3.0.0-M1:test (default-test) @ hadoop-ozone-s3gateway ---
[INFO] Tests are skipped.
[INFO] 
[INFO] --- maven-dependency-plugin:3.0.2:unpack (copy-common-html) @ hadoop-ozone-s3gateway ---
[INFO] Configured Artifact: org.apache.hadoop:hadoop-hdds-server-framework:?:jar
[INFO] Configured Artifact: org.apache.hadoop:hadoop-hdds-docs:?:jar
[INFO] Unpacking /workdir/hadoop-hdds/framework/target/hadoop-hdds-server-framework-0.5.0-SNAPSHOT.jar to /workdir/hadoop-ozone/s3gateway/target/classes with includes "webapps/static/**/*.*" and excludes ""
[INFO] Unpacking /workdir/hadoop-hdds/docs/target/hadoop-hdds-docs-0.5.0-SNAPSHOT.jar to /workdir/hadoop-ozone/s3gateway/target/classes/webapps/static with includes "docs/**/*.*" and excludes ""
[INFO] 
[INFO] --- maven-jar-plugin:2.5:jar (default-jar) @ hadoop-ozone-s3gateway ---
[INFO] Building jar: /workdir/hadoop-ozone/s3gateway/target/hadoop-ozone-s3gateway-0.5.0-SNAPSHOT.jar
[INFO] 
[INFO] --- maven-site-plugin:3.6:attach-descriptor (attach-descriptor) @ hadoop-ozone-s3gateway ---
[INFO] Skipping because packaging 'jar' is not pom.
[INFO] 
[INFO] --- maven-dependency-plugin:3.0.2:build-classpath (add-classpath-descriptor) @ hadoop-ozone-s3gateway ---
[INFO] Wrote classpath file '/workdir/hadoop-ozone/s3gateway/target/classpath'.
[INFO] 
[INFO] --- build-helper-maven-plugin:1.9:attach-artifact (attach-classpath-artifact) @ hadoop-ozone-s3gateway ---
[INFO] 
[INFO] --- maven-jar-plugin:2.5:test-jar (default) @ hadoop-ozone-s3gateway ---
[INFO] Building jar: /workdir/hadoop-ozone/s3gateway/target/hadoop-ozone-s3gateway-0.5.0-SNAPSHOT-tests.jar
[INFO] 
[INFO] --- animal-sniffer-maven-plugin:1.16:check (signature-check) @ hadoop-ozone-s3gateway ---
[INFO] Checking unresolved references to org.codehaus.mojo.signature:java18:1.0
[INFO] 
[INFO] --- maven-enforcer-plugin:3.0.0-M1:enforce (depcheck) @ hadoop-ozone-s3gateway ---
[INFO] 
[INFO] --- maven-install-plugin:2.5.1:install (default-install) @ hadoop-ozone-s3gateway ---
[INFO] Installing /workdir/hadoop-ozone/s3gateway/target/hadoop-ozone-s3gateway-0.5.0-SNAPSHOT.jar to /home/user/.m2/repository/org/apache/hadoop/hadoop-ozone-s3gateway/0.5.0-SNAPSHOT/hadoop-ozone-s3gateway-0.5.0-SNAPSHOT.jar
[INFO] Installing /workdir/hadoop-ozone/s3gateway/pom.xml to /home/user/.m2/repository/org/apache/hadoop/hadoop-ozone-s3gateway/0.5.0-SNAPSHOT/hadoop-ozone-s3gateway-0.5.0-SNAPSHOT.pom
[INFO] Installing /workdir/hadoop-ozone/s3gateway/target/classpath to /home/user/.m2/repository/org/apache/hadoop/hadoop-ozone-s3gateway/0.5.0-SNAPSHOT/hadoop-ozone-s3gateway-0.5.0-SNAPSHOT-classpath.cp
[INFO] Installing /workdir/hadoop-ozone/s3gateway/target/hadoop-ozone-s3gateway-0.5.0-SNAPSHOT-tests.jar to /home/user/.m2/repository/org/apache/hadoop/hadoop-ozone-s3gateway/0.5.0-SNAPSHOT/hadoop-ozone-s3gateway-0.5.0-SNAPSHOT-tests.jar
[INFO] 
[INFO] -----------------< org.apache.hadoop:hadoop-ozone-csi >-----------------
[INFO] Building Apache Hadoop Ozone CSI service 0.5.0-SNAPSHOT          [15/29]
[INFO] --------------------------------[ jar ]---------------------------------
[INFO] 
[INFO] --- maven-clean-plugin:2.5:clean (default-clean) @ hadoop-ozone-csi ---
[INFO] Deleting /workdir/hadoop-ozone/csi/target
[INFO] Deleting /workdir/hadoop-ozone/csi (includes = [dependency-reduced-pom.xml], excludes = [])
[INFO] 
[INFO] --- maven-antrun-plugin:1.7:run (create-testdirs) @ hadoop-ozone-csi ---
[INFO] Executing tasks

main:
    [mkdir] Created dir: /workdir/hadoop-ozone/csi/target/test-dir
[INFO] Executed tasks
[INFO] 
[INFO] --- protobuf-maven-plugin:0.5.1:compile (compile-protoc) @ hadoop-ozone-csi ---
[INFO] Compiling 1 proto file(s) to /workdir/hadoop-ozone/csi/target/generated-sources/java
[INFO] 
[INFO] --- protobuf-maven-plugin:0.5.1:compile-custom (compile-protoc) @ hadoop-ozone-csi ---
[INFO] Compiling 1 proto file(s) to /workdir/hadoop-ozone/csi/target/generated-sources/java
[INFO] 
[INFO] --- maven-remote-resources-plugin:1.5:process (default) @ hadoop-ozone-csi ---
[INFO] 
[INFO] --- maven-resources-plugin:2.6:resources (default-resources) @ hadoop-ozone-csi ---
[INFO] Using 'UTF-8' encoding to copy filtered resources.
[INFO] skip non existing resourceDirectory /workdir/hadoop-ozone/csi/src/main/resources
[INFO] Copying 1 resource
[INFO] Copying 1 resource
[INFO] Copying 2 resources
[INFO] 
[INFO] --- maven-compiler-plugin:3.1:compile (default-compile) @ hadoop-ozone-csi ---
[INFO] Compiling 9 source files to /workdir/hadoop-ozone/csi/target/classes
[INFO] 
[INFO] --- protobuf-maven-plugin:0.5.1:test-compile (compile-protoc) @ hadoop-ozone-csi ---
[INFO] /workdir/hadoop-ozone/csi/src/test/proto does not exist. Review the configuration or consider disabling the plugin.
[INFO] 
[INFO] --- protobuf-maven-plugin:0.5.1:test-compile-custom (compile-protoc) @ hadoop-ozone-csi ---
[INFO] /workdir/hadoop-ozone/csi/src/test/proto does not exist. Review the configuration or consider disabling the plugin.
[INFO] 
[INFO] --- maven-resources-plugin:2.6:testResources (default-testResources) @ hadoop-ozone-csi ---
[INFO] Using 'UTF-8' encoding to copy filtered resources.
[INFO] skip non existing resourceDirectory /workdir/hadoop-ozone/csi/src/test/resources
[INFO] Copying 2 resources
[INFO] 
[INFO] --- maven-compiler-plugin:3.1:testCompile (default-testCompile) @ hadoop-ozone-csi ---
[INFO] No sources to compile
[INFO] 
[INFO] --- maven-surefire-plugin:3.0.0-M1:test (default-test) @ hadoop-ozone-csi ---
[INFO] Tests are skipped.
[INFO] 
[INFO] --- maven-jar-plugin:2.5:jar (default-jar) @ hadoop-ozone-csi ---
[INFO] Building jar: /workdir/hadoop-ozone/csi/target/hadoop-ozone-csi-0.5.0-SNAPSHOT.jar
[INFO] 
[INFO] --- maven-site-plugin:3.6:attach-descriptor (attach-descriptor) @ hadoop-ozone-csi ---
[INFO] Skipping because packaging 'jar' is not pom.
[INFO] 
[INFO] --- maven-dependency-plugin:3.0.2:build-classpath (add-classpath-descriptor) @ hadoop-ozone-csi ---
[INFO] Wrote classpath file '/workdir/hadoop-ozone/csi/target/classpath'.
[INFO] 
[INFO] --- build-helper-maven-plugin:1.9:attach-artifact (attach-classpath-artifact) @ hadoop-ozone-csi ---
[INFO] 
[INFO] --- maven-jar-plugin:2.5:test-jar (default) @ hadoop-ozone-csi ---
[INFO] Building jar: /workdir/hadoop-ozone/csi/target/hadoop-ozone-csi-0.5.0-SNAPSHOT-tests.jar
[INFO] 
[INFO] --- animal-sniffer-maven-plugin:1.16:check (signature-check) @ hadoop-ozone-csi ---
[INFO] Checking unresolved references to org.codehaus.mojo.signature:java18:1.0
[INFO] 
[INFO] --- maven-install-plugin:2.5.1:install (default-install) @ hadoop-ozone-csi ---
[INFO] Installing /workdir/hadoop-ozone/csi/target/hadoop-ozone-csi-0.5.0-SNAPSHOT.jar to /home/user/.m2/repository/org/apache/hadoop/hadoop-ozone-csi/0.5.0-SNAPSHOT/hadoop-ozone-csi-0.5.0-SNAPSHOT.jar
[INFO] Installing /workdir/hadoop-ozone/csi/pom.xml to /home/user/.m2/repository/org/apache/hadoop/hadoop-ozone-csi/0.5.0-SNAPSHOT/hadoop-ozone-csi-0.5.0-SNAPSHOT.pom
[INFO] Installing /workdir/hadoop-ozone/csi/target/classpath to /home/user/.m2/repository/org/apache/hadoop/hadoop-ozone-csi/0.5.0-SNAPSHOT/hadoop-ozone-csi-0.5.0-SNAPSHOT-classpath.cp
[INFO] Installing /workdir/hadoop-ozone/csi/target/hadoop-ozone-csi-0.5.0-SNAPSHOT-tests.jar to /home/user/.m2/repository/org/apache/hadoop/hadoop-ozone-csi/0.5.0-SNAPSHOT/hadoop-ozone-csi-0.5.0-SNAPSHOT-tests.jar
[INFO] 
[INFO] ------------< org.apache.hadoop:hadoop-ozone-reconcodegen >-------------
[INFO] Building Apache Hadoop Ozone Recon CodeGen 0.5.0-SNAPSHOT        [16/29]
[INFO] --------------------------------[ jar ]---------------------------------
[INFO] 
[INFO] --- maven-clean-plugin:2.5:clean (default-clean) @ hadoop-ozone-reconcodegen ---
[INFO] Deleting /workdir/hadoop-ozone/ozone-recon-codegen/target
[INFO] Deleting /workdir/hadoop-ozone/ozone-recon-codegen (includes = [dependency-reduced-pom.xml], excludes = [])
[INFO] 
[INFO] --- maven-antrun-plugin:1.7:run (create-testdirs) @ hadoop-ozone-reconcodegen ---
[INFO] Executing tasks

main:
    [mkdir] Created dir: /workdir/hadoop-ozone/ozone-recon-codegen/target/test-dir
[INFO] Executed tasks
[INFO] 
[INFO] --- maven-remote-resources-plugin:1.5:process (default) @ hadoop-ozone-reconcodegen ---
[INFO] 
[INFO] --- maven-resources-plugin:2.6:resources (default-resources) @ hadoop-ozone-reconcodegen ---
[INFO] Using 'UTF-8' encoding to copy filtered resources.
[INFO] skip non existing resourceDirectory /workdir/hadoop-ozone/ozone-recon-codegen/src/main/resources
[INFO] Copying 2 resources
[INFO] 
[INFO] --- maven-compiler-plugin:3.1:compile (default-compile) @ hadoop-ozone-reconcodegen ---
[INFO] Compiling 9 source files to /workdir/hadoop-ozone/ozone-recon-codegen/target/classes
[INFO] 
[INFO] --- maven-resources-plugin:2.6:testResources (default-testResources) @ hadoop-ozone-reconcodegen ---
[INFO] Using 'UTF-8' encoding to copy filtered resources.
[INFO] skip non existing resourceDirectory /workdir/hadoop-ozone/ozone-recon-codegen/src/test/resources
[INFO] Copying 2 resources
[INFO] 
[INFO] --- maven-compiler-plugin:3.1:testCompile (default-testCompile) @ hadoop-ozone-reconcodegen ---
[INFO] No sources to compile
[INFO] 
[INFO] --- maven-surefire-plugin:3.0.0-M1:test (default-test) @ hadoop-ozone-reconcodegen ---
[INFO] Tests are skipped.
[INFO] 
[INFO] --- maven-jar-plugin:2.5:jar (default-jar) @ hadoop-ozone-reconcodegen ---
[INFO] Building jar: /workdir/hadoop-ozone/ozone-recon-codegen/target/hadoop-ozone-reconcodegen-0.5.0-SNAPSHOT.jar
[INFO] 
[INFO] --- maven-site-plugin:3.6:attach-descriptor (attach-descriptor) @ hadoop-ozone-reconcodegen ---
[INFO] Skipping because packaging 'jar' is not pom.
[INFO] 
[INFO] --- maven-dependency-plugin:3.0.2:build-classpath (add-classpath-descriptor) @ hadoop-ozone-reconcodegen ---
[INFO] Wrote classpath file '/workdir/hadoop-ozone/ozone-recon-codegen/target/classpath'.
[INFO] 
[INFO] --- build-helper-maven-plugin:1.9:attach-artifact (attach-classpath-artifact) @ hadoop-ozone-reconcodegen ---
[INFO] 
[INFO] --- maven-jar-plugin:2.5:test-jar (default) @ hadoop-ozone-reconcodegen ---
[INFO] Building jar: /workdir/hadoop-ozone/ozone-recon-codegen/target/hadoop-ozone-reconcodegen-0.5.0-SNAPSHOT-tests.jar
[INFO] 
[INFO] --- animal-sniffer-maven-plugin:1.16:check (signature-check) @ hadoop-ozone-reconcodegen ---
[INFO] Checking unresolved references to org.codehaus.mojo.signature:java18:1.0
[INFO] 
[INFO] --- maven-enforcer-plugin:3.0.0-M1:enforce (depcheck) @ hadoop-ozone-reconcodegen ---
[INFO] 
[INFO] --- maven-install-plugin:2.5.1:install (default-install) @ hadoop-ozone-reconcodegen ---
[INFO] Installing /workdir/hadoop-ozone/ozone-recon-codegen/target/hadoop-ozone-reconcodegen-0.5.0-SNAPSHOT.jar to /home/user/.m2/repository/org/apache/hadoop/hadoop-ozone-reconcodegen/0.5.0-SNAPSHOT/hadoop-ozone-reconcodegen-0.5.0-SNAPSHOT.jar
[INFO] Installing /workdir/hadoop-ozone/ozone-recon-codegen/pom.xml to /home/user/.m2/repository/org/apache/hadoop/hadoop-ozone-reconcodegen/0.5.0-SNAPSHOT/hadoop-ozone-reconcodegen-0.5.0-SNAPSHOT.pom
[INFO] Installing /workdir/hadoop-ozone/ozone-recon-codegen/target/classpath to /home/user/.m2/repository/org/apache/hadoop/hadoop-ozone-reconcodegen/0.5.0-SNAPSHOT/hadoop-ozone-reconcodegen-0.5.0-SNAPSHOT-classpath.cp
[INFO] Installing /workdir/hadoop-ozone/ozone-recon-codegen/target/hadoop-ozone-reconcodegen-0.5.0-SNAPSHOT-tests.jar to /home/user/.m2/repository/org/apache/hadoop/hadoop-ozone-reconcodegen/0.5.0-SNAPSHOT/hadoop-ozone-reconcodegen-0.5.0-SNAPSHOT-tests.jar
[INFO] 
[INFO] ----------------< org.apache.hadoop:hadoop-ozone-recon >----------------
[INFO] Building Apache Hadoop Ozone Recon 0.5.0-SNAPSHOT                [17/29]
[INFO] --------------------------------[ jar ]---------------------------------
[INFO] 
[INFO] --- maven-clean-plugin:2.5:clean (default-clean) @ hadoop-ozone-recon ---
[INFO] Deleting /workdir/hadoop-ozone/ozone-recon/target
[INFO] Deleting /workdir/hadoop-ozone/ozone-recon (includes = [dependency-reduced-pom.xml], excludes = [])
[INFO] 
[INFO] --- maven-antrun-plugin:1.7:run (create-testdirs) @ hadoop-ozone-recon ---
[INFO] Executing tasks

main:
    [mkdir] Created dir: /workdir/hadoop-ozone/ozone-recon/target/test-dir
[INFO] Executed tasks
[INFO] 
[INFO] --- build-helper-maven-plugin:1.9:add-source (add-source) @ hadoop-ozone-recon ---
[INFO] Source directory: /workdir/hadoop-ozone/ozone-recon/target/generated-sources/java added.
[INFO] 
[INFO] --- maven-remote-resources-plugin:1.5:process (default) @ hadoop-ozone-recon ---
[INFO] 
[INFO] --- exec-maven-plugin:1.3.1:java (default) @ hadoop-ozone-recon ---
[WARNING] Warning: killAfter is now deprecated. Do you need it ? Please comment on MEXEC-6.
log4j:WARN No appenders could be found for logger (org.jooq.Constants).
log4j:WARN Please initialize the log4j system properly.
log4j:WARN See http://logging.apache.org/log4j/1.2/faq.html#noconfig for more info.
[INFO] 
[INFO] --- frontend-maven-plugin:1.6:install-node-and-yarn (Install node and yarn locally to the project) @ hadoop-ozone-recon ---
[INFO] Installing node version v12.1.0
[INFO] Unpacking /home/user/.m2/repository/com/github/eirslett/node/12.1.0/node-12.1.0-linux-x64.tar.gz into /workdir/hadoop-ozone/ozone-recon/target/node/tmp
[INFO] Copying node binary from /workdir/hadoop-ozone/ozone-recon/target/node/tmp/node-v12.1.0-linux-x64/bin/node to /workdir/hadoop-ozone/ozone-recon/target/node/node
[INFO] Installed node locally.
[INFO] Installing Yarn version v1.9.2
[INFO] Unpacking /home/user/.m2/repository/com/github/eirslett/yarn/1.9.2/yarn-1.9.2.tar.gz into /workdir/hadoop-ozone/ozone-recon/target/node/yarn
[INFO] Installed Yarn locally.
[INFO] 
[INFO] --- frontend-maven-plugin:1.6:yarn (yarn install) @ hadoop-ozone-recon ---
[INFO] Running 'yarn install' in /workdir/hadoop-ozone/ozone-recon/src/main/resources/webapps/recon/ozone-recon-web
[ERROR] node: /usr/lib/libstdc++.so.6: no version information available (required by node)
[ERROR] node: /usr/lib/libstdc++.so.6: no version information available (required by node)
[ERROR] node: /usr/lib/libstdc++.so.6: no version information available (required by node)
[ERROR] node: /usr/lib/libstdc++.so.6: no version information available (required by node)
[ERROR] node: /usr/lib/libstdc++.so.6: no version information available (required by node)
[ERROR] node: /usr/lib/libstdc++.so.6: no version information available (required by node)
[ERROR] node: /usr/lib/libstdc++.so.6: no version information available (required by node)
[ERROR] node: /usr/lib/libstdc++.so.6: no version information available (required by node)
[INFO] yarn install v1.9.2
[INFO] [1/4] Resolving packages...
[INFO] success Already up-to-date.
[INFO] Done in 48.21s.
[INFO] 
[INFO] --- frontend-maven-plugin:1.6:yarn (Build frontend) @ hadoop-ozone-recon ---
[INFO] Running 'yarn run build' in /workdir/hadoop-ozone/ozone-recon/src/main/resources/webapps/recon/ozone-recon-web
[ERROR] node: /usr/lib/libstdc++.so.6: no version information available (required by node)
[ERROR] node: /usr/lib/libstdc++.so.6: no version information available (required by node)
[ERROR] node: /usr/lib/libstdc++.so.6: no version information available (required by node)
[ERROR] node: /usr/lib/libstdc++.so.6: no version information available (required by node)
[ERROR] node: /usr/lib/libstdc++.so.6: no version information available (required by node)
[ERROR] node: /usr/lib/libstdc++.so.6: no version information available (required by node)
[ERROR] node: /usr/lib/libstdc++.so.6: no version information available (required by node)
[ERROR] node: /usr/lib/libstdc++.so.6: no version information available (required by node)
[INFO] yarn run v1.9.2
[INFO] $ react-app-rewired build
[ERROR] node: /usr/lib/libstdc++.so.6: no version information available (required by node)
[ERROR] node: /usr/lib/libstdc++.so.6: no version information available (required by node)
[ERROR] node: /usr/lib/libstdc++.so.6: no version information available (required by node)
[ERROR] node: /usr/lib/libstdc++.so.6: no version information available (required by node)
[ERROR] node: /usr/lib/libstdc++.so.6: no version information available (required by node)
[ERROR] node: /usr/lib/libstdc++.so.6: no version information available (required by node)
[ERROR] node: /usr/lib/libstdc++.so.6: no version information available (required by node)
[ERROR] node: /usr/lib/libstdc++.so.6: no version information available (required by node)
[ERROR] node: /usr/lib/libstdc++.so.6: no version information available (required by node)
[ERROR] node: /usr/lib/libstdc++.so.6: no version information available (required by node)
[ERROR] node: /usr/lib/libstdc++.so.6: no version information available (required by node)
[ERROR] node: /usr/lib/libstdc++.so.6: no version information available (required by node)
[ERROR] node: /usr/lib/libstdc++.so.6: no version information available (required by node)
[ERROR] node: /usr/lib/libstdc++.so.6: no version information available (required by node)
[ERROR] node: /usr/lib/libstdc++.so.6: no version information available (required by node)
[ERROR] node: /usr/lib/libstdc++.so.6: no version information available (required by node)
[INFO] Creating an optimized production build...
[ERROR] /workdir/hadoop-ozone/ozone-recon/target/node/node: /usr/lib/libstdc++.so.6: no version information available (required by /workdir/hadoop-ozone/ozone-recon/target/node/node)
[ERROR] /workdir/hadoop-ozone/ozone-recon/target/node/node: /usr/lib/libstdc++.so.6: no version information available (required by /workdir/hadoop-ozone/ozone-recon/target/node/node)
[ERROR] /workdir/hadoop-ozone/ozone-recon/target/node/node: /usr/lib/libstdc++.so.6: no version information available (required by /workdir/hadoop-ozone/ozone-recon/target/node/node)
[ERROR] /workdir/hadoop-ozone/ozone-recon/target/node/node: /usr/lib/libstdc++.so.6: no version information available (required by /workdir/hadoop-ozone/ozone-recon/target/node/node)
[ERROR] /workdir/hadoop-ozone/ozone-recon/target/node/node: /usr/lib/libstdc++.so.6: no version information available (required by /workdir/hadoop-ozone/ozone-recon/target/node/node)
[ERROR] /workdir/hadoop-ozone/ozone-recon/target/node/node: /usr/lib/libstdc++.so.6: no version information available (required by /workdir/hadoop-ozone/ozone-recon/target/node/node)
[ERROR] /workdir/hadoop-ozone/ozone-recon/target/node/node: /usr/lib/libstdc++.so.6: no version information available (required by /workdir/hadoop-ozone/ozone-recon/target/node/node)
[ERROR] /workdir/hadoop-ozone/ozone-recon/target/node/node: /usr/lib/libstdc++.so.6: no version information available (required by /workdir/hadoop-ozone/ozone-recon/target/node/node)
[INFO] Compiled successfully.
[INFO] 
[INFO] File sizes after gzip:
[INFO] 
[INFO]   270.58 KB  build/static/js/2.ea549bfe.chunk.js
[INFO]   11.78 KB   build/static/css/2.8943d5a3.chunk.css
[INFO]   1.45 KB    build/static/js/main.95b0b67d.chunk.js
[INFO]   762 B      build/static/js/runtime~main.a8a9905a.js
[INFO]   503 B      build/static/css/main.96eebd44.chunk.css
[INFO] 
[INFO] The project was built assuming it is hosted at the server root.
[INFO] You can control this with the homepage field in your package.json.
[INFO] For example, add this to build it for GitHub Pages:
[INFO] 
[INFO]   "homepage" : "http://myname.github.io/myapp",
[INFO] 
[INFO] The build folder is ready to be deployed.
[INFO] You may serve it with a static server:
[INFO] 
[INFO]   yarn global add serve
[INFO]   serve -s build
[INFO] 
[INFO] Find out more about deployment here:
[INFO] 
[INFO]   https://bit.ly/CRA-deploy
[INFO] 
[INFO] Done in 30.40s.
[INFO] 
[INFO] --- maven-resources-plugin:2.6:resources (default-resources) @ hadoop-ozone-recon ---
[INFO] Using 'UTF-8' encoding to copy filtered resources.
[INFO] Copying 47 resources
[INFO] Copying 2 resources
[INFO] 
[INFO] --- maven-resources-plugin:2.6:copy-resources (Copy frontend build to target) @ hadoop-ozone-recon ---
[INFO] Using 'UTF-8' encoding to copy filtered resources.
[INFO] Copying 17 resources
[INFO] 
[INFO] --- maven-resources-plugin:2.6:copy-resources (Copy frontend static files to target) @ hadoop-ozone-recon ---
[INFO] Using 'UTF-8' encoding to copy filtered resources.
[INFO] Copying 11 resources
[INFO] 
[INFO] --- maven-compiler-plugin:3.1:compile (default-compile) @ hadoop-ozone-recon ---
[INFO] Compiling 69 source files to /workdir/hadoop-ozone/ozone-recon/target/classes
[WARNING] /workdir/hadoop-ozone/ozone-recon/src/main/java/org/apache/hadoop/ozone/recon/tasks/FileSizeCountTask.java: Some input files use unchecked or unsafe operations.
[WARNING] /workdir/hadoop-ozone/ozone-recon/src/main/java/org/apache/hadoop/ozone/recon/tasks/FileSizeCountTask.java: Recompile with -Xlint:unchecked for details.
[INFO] 
[INFO] --- maven-resources-plugin:2.6:testResources (default-testResources) @ hadoop-ozone-recon ---
[INFO] Using 'UTF-8' encoding to copy filtered resources.
[INFO] Copying 1 resource
[INFO] Copying 2 resources
[INFO] 
[INFO] --- maven-compiler-plugin:3.1:testCompile (default-testCompile) @ hadoop-ozone-recon ---
[INFO] Compiling 26 source files to /workdir/hadoop-ozone/ozone-recon/target/test-classes
[WARNING] /workdir/hadoop-ozone/ozone-recon/src/test/java/org/apache/hadoop/ozone/recon/AbstractOMMetadataManagerTest.java: Some input files use unchecked or unsafe operations.
[WARNING] /workdir/hadoop-ozone/ozone-recon/src/test/java/org/apache/hadoop/ozone/recon/AbstractOMMetadataManagerTest.java: Recompile with -Xlint:unchecked for details.
[INFO] 
[INFO] --- maven-surefire-plugin:3.0.0-M1:test (default-test) @ hadoop-ozone-recon ---
[INFO] Tests are skipped.
[INFO] 
[INFO] --- maven-jar-plugin:2.5:jar (default-jar) @ hadoop-ozone-recon ---
[INFO] Building jar: /workdir/hadoop-ozone/ozone-recon/target/hadoop-ozone-recon-0.5.0-SNAPSHOT.jar
[INFO] 
[INFO] --- maven-site-plugin:3.6:attach-descriptor (attach-descriptor) @ hadoop-ozone-recon ---
[INFO] Skipping because packaging 'jar' is not pom.
[INFO] 
[INFO] --- maven-dependency-plugin:3.0.2:build-classpath (add-classpath-descriptor) @ hadoop-ozone-recon ---
[INFO] Wrote classpath file '/workdir/hadoop-ozone/ozone-recon/target/classpath'.
[INFO] 
[INFO] --- build-helper-maven-plugin:1.9:attach-artifact (attach-classpath-artifact) @ hadoop-ozone-recon ---
[INFO] 
[INFO] --- maven-jar-plugin:2.5:test-jar (default) @ hadoop-ozone-recon ---
[INFO] Building jar: /workdir/hadoop-ozone/ozone-recon/target/hadoop-ozone-recon-0.5.0-SNAPSHOT-tests.jar
[INFO] 
[INFO] --- animal-sniffer-maven-plugin:1.16:check (signature-check) @ hadoop-ozone-recon ---
[INFO] Checking unresolved references to org.codehaus.mojo.signature:java18:1.0
[INFO] 
[INFO] --- maven-enforcer-plugin:3.0.0-M1:enforce (depcheck) @ hadoop-ozone-recon ---
[INFO] 
[INFO] --- maven-install-plugin:2.5.1:install (default-install) @ hadoop-ozone-recon ---
[INFO] Installing /workdir/hadoop-ozone/ozone-recon/target/hadoop-ozone-recon-0.5.0-SNAPSHOT.jar to /home/user/.m2/repository/org/apache/hadoop/hadoop-ozone-recon/0.5.0-SNAPSHOT/hadoop-ozone-recon-0.5.0-SNAPSHOT.jar
[INFO] Installing /workdir/hadoop-ozone/ozone-recon/pom.xml to /home/user/.m2/repository/org/apache/hadoop/hadoop-ozone-recon/0.5.0-SNAPSHOT/hadoop-ozone-recon-0.5.0-SNAPSHOT.pom
[INFO] Installing /workdir/hadoop-ozone/ozone-recon/target/classpath to /home/user/.m2/repository/org/apache/hadoop/hadoop-ozone-recon/0.5.0-SNAPSHOT/hadoop-ozone-recon-0.5.0-SNAPSHOT-classpath.cp
[INFO] Installing /workdir/hadoop-ozone/ozone-recon/target/hadoop-ozone-recon-0.5.0-SNAPSHOT-tests.jar to /home/user/.m2/repository/org/apache/hadoop/hadoop-ozone-recon/0.5.0-SNAPSHOT/hadoop-ozone-recon-0.5.0-SNAPSHOT-tests.jar
[INFO] 
[INFO] ----------< org.apache.hadoop:hadoop-ozone-integration-test >-----------
[INFO] Building Apache Hadoop Ozone Integration Tests 0.5.0-SNAPSHOT    [18/29]
[INFO] --------------------------------[ jar ]---------------------------------
[INFO] 
[INFO] --- maven-clean-plugin:2.5:clean (default-clean) @ hadoop-ozone-integration-test ---
[INFO] Deleting /workdir/hadoop-ozone/integration-test/target
[INFO] Deleting /workdir/hadoop-ozone/integration-test (includes = [dependency-reduced-pom.xml], excludes = [])
[INFO] 
[INFO] --- maven-antrun-plugin:1.7:run (create-testdirs) @ hadoop-ozone-integration-test ---
[INFO] Executing tasks

main:
    [mkdir] Created dir: /workdir/hadoop-ozone/integration-test/target/test-dir
[INFO] Executed tasks
[INFO] 
[INFO] --- maven-remote-resources-plugin:1.5:process (default) @ hadoop-ozone-integration-test ---
[INFO] 
[INFO] --- maven-resources-plugin:2.6:resources (default-resources) @ hadoop-ozone-integration-test ---
[INFO] Using 'UTF-8' encoding to copy filtered resources.
[INFO] skip non existing resourceDirectory /workdir/hadoop-ozone/integration-test/src/main/resources
[INFO] Copying 2 resources
[INFO] 
[INFO] --- maven-compiler-plugin:3.1:compile (default-compile) @ hadoop-ozone-integration-test ---
[INFO] No sources to compile
[INFO] 
[INFO] --- maven-resources-plugin:2.6:testResources (default-testResources) @ hadoop-ozone-integration-test ---
[INFO] Using 'UTF-8' encoding to copy filtered resources.
[INFO] Copying 17 resources
[INFO] Copying 2 resources
[INFO] 
[INFO] --- maven-compiler-plugin:3.1:testCompile (default-testCompile) @ hadoop-ozone-integration-test ---
[INFO] Compiling 112 source files to /workdir/hadoop-ozone/integration-test/target/test-classes
[INFO] -------------------------------------------------------------
[WARNING] COMPILATION WARNING : 
[INFO] -------------------------------------------------------------
[WARNING] /workdir/hadoop-ozone/integration-test/src/test/java/org/apache/hadoop/ozone/container/ozoneimpl/TestSecureOzoneContainer.java: Some input files use unchecked or unsafe operations.
[WARNING] /workdir/hadoop-ozone/integration-test/src/test/java/org/apache/hadoop/ozone/container/ozoneimpl/TestSecureOzoneContainer.java: Recompile with -Xlint:unchecked for details.
[WARNING] Some messages have been simplified; recompile with -Xdiags:verbose to get full output
[INFO] 3 warnings 
[INFO] -------------------------------------------------------------
[INFO] -------------------------------------------------------------
[ERROR] COMPILATION ERROR : 
[INFO] -------------------------------------------------------------
[ERROR] /workdir/hadoop-ozone/integration-test/src/test/java/org/apache/hadoop/ozone/TestStorageContainerManager.java:[356,41] incompatible types: org.apache.hadoop.hdds.protocol.proto.HddsProtos.NodeState cannot be converted to org.apache.hadoop.hdds.scm.node.NodeStatus
[INFO] 1 error
[INFO] -------------------------------------------------------------
[INFO] ------------------------------------------------------------------------
[INFO] Reactor Summary:
[INFO] 
[INFO] Apache Hadoop HDDS ................................. SUCCESS [  7.086 s]
[INFO] Apache Hadoop HDDS Config .......................... SUCCESS [  4.832 s]
[INFO] Apache Hadoop HDDS Common .......................... SUCCESS [ 17.770 s]
[INFO] Apache Hadoop HDDS Client .......................... SUCCESS [  5.870 s]
[INFO] Apache Hadoop HDDS Server Framework ................ SUCCESS [  5.931 s]
[INFO] Apache Hadoop HDDS Container Service ............... SUCCESS [ 10.186 s]
[INFO] Apache Hadoop HDDS/Ozone Documentation ............. SUCCESS [  3.925 s]
[INFO] Apache Hadoop HDDS SCM Server ...................... SUCCESS [  7.127 s]
[INFO] Apache Hadoop HDDS Tools ........................... SUCCESS [  4.166 s]
[INFO] Apache Hadoop Ozone ................................ SUCCESS [  1.745 s]
[INFO] Apache Hadoop Ozone Common ......................... SUCCESS [ 10.649 s]
[INFO] Apache Hadoop Ozone Client ......................... SUCCESS [  5.105 s]
[INFO] Apache Hadoop Ozone Manager Server ................. SUCCESS [  8.342 s]
[INFO] Apache Hadoop Ozone S3 Gateway ..................... SUCCESS [  7.269 s]
[INFO] Apache Hadoop Ozone CSI service .................... SUCCESS [ 11.092 s]
[INFO] Apache Hadoop Ozone Recon CodeGen .................. SUCCESS [  5.896 s]
[INFO] Apache Hadoop Ozone Recon .......................... SUCCESS [01:33 min]
[INFO] Apache Hadoop Ozone Integration Tests .............. FAILURE [  4.382 s]
[INFO] Apache Hadoop Ozone FileSystem ..................... SKIPPED
[INFO] Apache Hadoop Ozone FileSystem Single Jar Library .. SKIPPED
[INFO] Apache Hadoop Ozone FileSystem Legacy Jar Library .. SKIPPED
[INFO] Apache Hadoop Ozone Tools .......................... SKIPPED
[INFO] Apache Hadoop Ozone Datanode ....................... SKIPPED
[INFO] Apache Hadoop Ozone In-Place Upgrade ............... SKIPPED
[INFO] Apache Hadoop Ozone Insight Tool ................... SKIPPED
[INFO] Apache Hadoop Ozone Distribution ................... SKIPPED
[INFO] Apache Hadoop Ozone Fault Injection Tests .......... SKIPPED
[INFO] Apache Hadoop Ozone Network Tests .................. SKIPPED
[INFO] Apache Hadoop Ozone Main 0.5.0-SNAPSHOT ............ SKIPPED
[INFO] ------------------------------------------------------------------------
[INFO] BUILD FAILURE
[INFO] ------------------------------------------------------------------------
[INFO] Total time: 03:35 min
[INFO] Finished at: 2019-09-10T15:38:48Z
[INFO] ------------------------------------------------------------------------
[ERROR] Failed to execute goal org.apache.maven.plugins:maven-compiler-plugin:3.1:testCompile (default-testCompile) on project hadoop-ozone-integration-test: Compilation failure
[ERROR] /workdir/hadoop-ozone/integration-test/src/test/java/org/apache/hadoop/ozone/TestStorageContainerManager.java:[356,41] incompatible types: org.apache.hadoop.hdds.protocol.proto.HddsProtos.NodeState cannot be converted to org.apache.hadoop.hdds.scm.node.NodeStatus
[ERROR] -> [Help 1]
[ERROR] 
[ERROR] To see the full stack trace of the errors, re-run Maven with the -e switch.
[ERROR] Re-run Maven using the -X switch to enable full debug logging.
[ERROR] 
[ERROR] For more information about the errors and possible solutions, please read the following articles:
[ERROR] [Help 1] http://cwiki.apache.org/confluence/display/MAVEN/MojoFailureException
[ERROR] 
[ERROR] After correcting the problems, you can resume the build with the command
[ERROR]   mvn <goals> -rf :hadoop-ozone-integration-test
/workdir/hadoop-ozone/dev-support/checks/acceptance.sh: line 30: cd: /workdir/hadoop-ozone/dev-support/checks/../../dist/target/ozone-0.5.0-SNAPSHOT/compose: No such file or directory
