+ NAMESPACE=ozone-daily
+ echo 'Delete existing resources'
Delete existing resources
+ kubectl delete statefulset --all --namespace ozone-daily
statefulset.apps "datanode" deleted
statefulset.apps "jaeger" deleted
statefulset.apps "om" deleted
statefulset.apps "s3g" deleted
statefulset.apps "scm" deleted
+ kubectl delete daemonset --all --namespace ozone-daily
No resources found
+ kubectl delete deployment --all --namespace ozone-daily
deployment.extensions "prometheus" deleted
+ kubectl delete service --all --namespace ozone-daily
service "datanode" deleted
service "datanode-public" deleted
service "jaeger" deleted
service "jaeger-public" deleted
service "om" deleted
service "om-public" deleted
service "prometheus" deleted
service "s3g" deleted
service "s3g-public" deleted
service "scm" deleted
service "scm-public" deleted
+ kubectl delete configmap --all --namespace ozone-daily
configmap "config" deleted
configmap "prometheusconf" deleted
+ kubectl delete secret --all --namespace ozone-daily
secret "default-token-xx2fl" deleted
secret "prometheus-operator-token-jgv89" deleted
+ kubectl delete pod --all --namespace ozone-daily
pod "datanode-0" deleted
pod "datanode-1" deleted
pod "datanode-2" deleted
pod "jaeger-0" deleted
pod "om-0" deleted
pod "prometheus-6f8569bdcc-9ldv8" deleted
pod "s3g-0" deleted
pod "scm-0" deleted
+ sleep 60
+ sudo wget https://os.anzix.net/flekszible -O /usr/local/bin/flekszible
--2019-08-21 00:12:57--  https://os.anzix.net/flekszible
Resolving os.anzix.net... 95.216.65.49
Connecting to os.anzix.net|95.216.65.49|:443... connected.
HTTP request sent, awaiting response... 200 OK
Length: 18677882 (18M)
Saving to: '/usr/local/bin/flekszible'

     0K .......... .......... .......... .......... ..........  0%  144K 2m6s
    50K .......... .......... .......... .......... ..........  0%  291K 94s
   100K .......... .......... .......... .......... ..........  0% 33.2M 63s
   150K .......... .......... .......... .......... ..........  1%  293K 62s
   200K .......... .......... .......... .......... ..........  1% 20.6M 50s
   250K .......... .......... .......... .......... ..........  1% 54.9M 42s
   300K .......... .......... .......... .......... ..........  1% 64.0M 36s
   350K .......... .......... .......... .......... ..........  2% 1.34M 33s
   400K .......... .......... .......... .......... ..........  2%  368K 34s
   450K .......... .......... .......... .......... ..........  2% 63.0M 31s
   500K .......... .......... .......... .......... ..........  3% 65.6M 28s
   550K .......... .......... .......... .......... ..........  3% 67.6M 26s
   600K .......... .......... .......... .......... ..........  3% 62.3M 24s
   650K .......... .......... .......... .......... ..........  3% 66.2M 22s
   700K .......... .......... .......... .......... ..........  4% 1.54M 21s
   750K .......... .......... .......... .......... ..........  4% 26.8M 20s
   800K .......... .......... .......... .......... ..........  4%  382K 21s
   850K .......... .......... .......... .......... ..........  4% 14.6M 20s
   900K .......... .......... .......... .......... ..........  5% 12.9M 19s
   950K .......... .......... .......... .......... ..........  5% 28.6M 18s
  1000K .......... .......... .......... .......... ..........  5% 30.5M 17s
  1050K .......... .......... .......... .......... ..........  6% 71.4M 16s
  1100K .......... .......... .......... .......... ..........  6% 72.7M 16s
  1150K .......... .......... .......... .......... ..........  6% 74.3M 15s
  1200K .......... .......... .......... .......... ..........  6% 59.1M 14s
  1250K .......... .......... .......... .......... ..........  7% 73.2M 14s
  1300K .......... .......... .......... .......... ..........  7% 75.4M 13s
  1350K .......... .......... .......... .......... ..........  7% 73.4M 13s
  1400K .......... .......... .......... .......... ..........  7% 1.89M 12s
  1450K .......... .......... .......... .......... ..........  8% 35.0M 12s
  1500K .......... .......... .......... .......... ..........  8% 83.1M 12s
  1550K .......... .......... .......... .......... ..........  8% 86.7M 11s
  1600K .......... .......... .......... .......... ..........  9% 67.6M 11s
  1650K .......... .......... .......... .......... ..........  9%  391K 12s
  1700K .......... .......... .......... .......... ..........  9% 61.1M 11s
  1750K .......... .......... .......... .......... ..........  9% 48.2M 11s
  1800K .......... .......... .......... .......... .......... 10% 53.9M 11s
  1850K .......... .......... .......... .......... .......... 10% 65.9M 10s
  1900K .......... .......... .......... .......... .......... 10% 49.4M 10s
  1950K .......... .......... .......... .......... .......... 10% 59.5M 10s
  2000K .......... .......... .......... .......... .......... 11% 44.6M 10s
  2050K .......... .......... .......... .......... .......... 11% 66.9M 9s
  2100K .......... .......... .......... .......... .......... 11% 72.3M 9s
  2150K .......... .......... .......... .......... .......... 12% 83.5M 9s
  2200K .......... .......... .......... .......... .......... 12% 69.2M 9s
  2250K .......... .......... .......... .......... .......... 12% 63.7M 8s
  2300K .......... .......... .......... .......... .......... 12% 49.8M 8s
  2350K .......... .......... .......... .......... .......... 13% 45.0M 8s
  2400K .......... .......... .......... .......... .......... 13% 25.0M 8s
  2450K .......... .......... .......... .......... .......... 13% 32.1M 8s
  2500K .......... .......... .......... .......... .......... 13% 33.1M 8s
  2550K .......... .......... .......... .......... .......... 14% 35.5M 7s
  2600K .......... .......... .......... .......... .......... 14% 36.2M 7s
  2650K .......... .......... .......... .......... .......... 14% 82.2M 7s
  2700K .......... .......... .......... .......... .......... 15% 75.6M 7s
  2750K .......... .......... .......... .......... .......... 15% 82.4M 7s
  2800K .......... .......... .......... .......... .......... 15% 62.5M 7s
  2850K .......... .......... .......... .......... .......... 15% 2.77M 7s
  2900K .......... .......... .......... .......... .......... 16% 43.3M 6s
  2950K .......... .......... .......... .......... .......... 16% 38.7M 6s
  3000K .......... .......... .......... .......... .......... 16% 39.9M 6s
  3050K .......... .......... .......... .......... .......... 16% 55.1M 6s
  3100K .......... .......... .......... .......... .......... 17% 52.3M 6s
  3150K .......... .......... .......... .......... .......... 17% 52.0M 6s
  3200K .......... .......... .......... .......... .......... 17% 46.0M 6s
  3250K .......... .......... .......... .......... .......... 18%  105M 6s
  3300K .......... .......... .......... .......... .......... 18% 5.01M 6s
  3350K .......... .......... .......... .......... .......... 18%  436K 6s
  3400K .......... .......... .......... .......... .......... 18% 52.0M 6s
  3450K .......... .......... .......... .......... .......... 19% 61.1M 6s
  3500K .......... .......... .......... .......... .......... 19% 61.3M 6s
  3550K .......... .......... .......... .......... .......... 19% 49.1M 6s
  3600K .......... .......... .......... .......... .......... 20% 41.0M 6s
  3650K .......... .......... .......... .......... .......... 20% 59.0M 5s
  3700K .......... .......... .......... .......... .......... 20% 57.9M 5s
  3750K .......... .......... .......... .......... .......... 20% 55.4M 5s
  3800K .......... .......... .......... .......... .......... 21% 53.1M 5s
  3850K .......... .......... .......... .......... .......... 21% 57.6M 5s
  3900K .......... .......... .......... .......... .......... 21% 57.6M 5s
  3950K .......... .......... .......... .......... .......... 21% 58.2M 5s
  4000K .......... .......... .......... .......... .......... 22% 45.6M 5s
  4050K .......... .......... .......... .......... .......... 22% 67.0M 5s
  4100K .......... .......... .......... .......... .......... 22% 49.2M 5s
  4150K .......... .......... .......... .......... .......... 23% 50.2M 5s
  4200K .......... .......... .......... .......... .......... 23% 46.2M 5s
  4250K .......... .......... .......... .......... .......... 23% 61.2M 5s
  4300K .......... .......... .......... .......... .......... 23% 60.4M 4s
  4350K .......... .......... .......... .......... .......... 24% 65.3M 4s
  4400K .......... .......... .......... .......... .......... 24% 50.2M 4s
  4450K .......... .......... .......... .......... .......... 24% 63.2M 4s
  4500K .......... .......... .......... .......... .......... 24% 62.6M 4s
  4550K .......... .......... .......... .......... .......... 25% 64.2M 4s
  4600K .......... .......... .......... .......... .......... 25% 58.8M 4s
  4650K .......... .......... .......... .......... .......... 25% 61.5M 4s
  4700K .......... .......... .......... .......... .......... 26% 56.3M 4s
  4750K .......... .......... .......... .......... .......... 26% 61.9M 4s
  4800K .......... .......... .......... .......... .......... 26% 45.7M 4s
  4850K .......... .......... .......... .......... .......... 26% 61.0M 4s
  4900K .......... .......... .......... .......... .......... 27% 58.4M 4s
  4950K .......... .......... .......... .......... .......... 27% 55.9M 4s
  5000K .......... .......... .......... .......... .......... 27% 53.0M 4s
  5050K .......... .......... .......... .......... .......... 27% 57.9M 4s
  5100K .......... .......... .......... .......... .......... 28% 59.7M 4s
  5150K .......... .......... .......... .......... .......... 28% 54.5M 4s
  5200K .......... .......... .......... .......... .......... 28% 45.2M 3s
  5250K .......... .......... .......... .......... .......... 29% 58.2M 3s
  5300K .......... .......... .......... .......... .......... 29% 60.2M 3s
  5350K .......... .......... .......... .......... .......... 29% 59.0M 3s
  5400K .......... .......... .......... .......... .......... 29% 55.5M 3s
  5450K .......... .......... .......... .......... .......... 30% 61.3M 3s
  5500K .......... .......... .......... .......... .......... 30% 61.5M 3s
  5550K .......... .......... .......... .......... .......... 30% 63.9M 3s
  5600K .......... .......... .......... .......... .......... 30% 80.6M 3s
  5650K .......... .......... .......... .......... .......... 31% 89.1M 3s
  5700K .......... .......... .......... .......... .......... 31%  110M 3s
  5750K .......... .......... .......... .......... .......... 31% 59.7M 3s
  5800K .......... .......... .......... .......... .......... 32% 53.4M 3s
  5850K .......... .......... .......... .......... .......... 32% 57.7M 3s
  5900K .......... .......... .......... .......... .......... 32% 57.3M 3s
  5950K .......... .......... .......... .......... .......... 32% 56.4M 3s
  6000K .......... .......... .......... .......... .......... 33% 44.5M 3s
  6050K .......... .......... .......... .......... .......... 33% 53.4M 3s
  6100K .......... .......... .......... .......... .......... 33% 56.8M 3s
  6150K .......... .......... .......... .......... .......... 33% 93.2M 3s
  6200K .......... .......... .......... .......... .......... 34% 61.7M 3s
  6250K .......... .......... .......... .......... .......... 34% 89.2M 3s
  6300K .......... .......... .......... .......... .......... 34%  122M 3s
  6350K .......... .......... .......... .......... .......... 35% 5.84M 3s
  6400K .......... .......... .......... .......... .......... 35%  712K 3s
  6450K .......... .......... .......... .......... .......... 35% 1.04M 3s
  6500K .......... .......... .......... .......... .......... 35% 22.5M 3s
  6550K .......... .......... .......... .......... .......... 36% 25.2M 3s
  6600K .......... .......... .......... .......... .......... 36% 47.3M 3s
  6650K .......... .......... .......... .......... .......... 36% 68.2M 3s
  6700K .......... .......... .......... .......... .......... 37% 71.7M 3s
  6750K .......... .......... .......... .......... .......... 37% 71.3M 3s
  6800K .......... .......... .......... .......... .......... 37% 7.56M 3s
  6850K .......... .......... .......... .......... .......... 37% 21.2M 3s
  6900K .......... .......... .......... .......... .......... 38% 27.5M 3s
  6950K .......... .......... .......... .......... .......... 38% 35.5M 3s
  7000K .......... .......... .......... .......... .......... 38% 27.3M 3s
  7050K .......... .......... .......... .......... .......... 38% 29.8M 2s
  7100K .......... .......... .......... .......... .......... 39% 27.8M 2s
  7150K .......... .......... .......... .......... .......... 39% 26.0M 2s
  7200K .......... .......... .......... .......... .......... 39% 19.1M 2s
  7250K .......... .......... .......... .......... .......... 40% 23.3M 2s
  7300K .......... .......... .......... .......... .......... 40% 31.0M 2s
  7350K .......... .......... .......... .......... .......... 40% 33.3M 2s
  7400K .......... .......... .......... .......... .......... 40% 30.7M 2s
  7450K .......... .......... .......... .......... .......... 41% 33.3M 2s
  7500K .......... .......... .......... .......... .......... 41% 35.8M 2s
  7550K .......... .......... .......... .......... .......... 41% 37.8M 2s
  7600K .......... .......... .......... .......... .......... 41% 31.0M 2s
  7650K .......... .......... .......... .......... .......... 42% 35.9M 2s
  7700K .......... .......... .......... .......... .......... 42% 39.9M 2s
  7750K .......... .......... .......... .......... .......... 42% 40.4M 2s
  7800K .......... .......... .......... .......... .......... 43% 37.8M 2s
  7850K .......... .......... .......... .......... .......... 43% 33.0M 2s
  7900K .......... .......... .......... .......... .......... 43% 45.1M 2s
  7950K .......... .......... .......... .......... .......... 43% 95.5M 2s
  8000K .......... .......... .......... .......... .......... 44% 73.9M 2s
  8050K .......... .......... .......... .......... .......... 44% 95.7M 2s
  8100K .......... .......... .......... .......... .......... 44% 87.2M 2s
  8150K .......... .......... .......... .......... .......... 44% 90.4M 2s
  8200K .......... .......... .......... .......... .......... 45% 89.8M 2s
  8250K .......... .......... .......... .......... .......... 45% 89.7M 2s
  8300K .......... .......... .......... .......... .......... 45% 96.2M 2s
  8350K .......... .......... .......... .......... .......... 46% 98.2M 2s
  8400K .......... .......... .......... .......... .......... 46% 78.9M 2s
  8450K .......... .......... .......... .......... .......... 46% 98.1M 2s
  8500K .......... .......... .......... .......... .......... 46% 99.8M 2s
  8550K .......... .......... .......... .......... .......... 47% 99.5M 2s
  8600K .......... .......... .......... .......... .......... 47% 94.6M 2s
  8650K .......... .......... .......... .......... .......... 47% 99.5M 2s
  8700K .......... .......... .......... .......... .......... 47%  102M 2s
  8750K .......... .......... .......... .......... .......... 48% 98.6M 2s
  8800K .......... .......... .......... .......... .......... 48% 80.8M 2s
  8850K .......... .......... .......... .......... .......... 48% 98.8M 2s
  8900K .......... .......... .......... .......... .......... 49%  103M 2s
  8950K .......... .......... .......... .......... .......... 49%  101M 2s
  9000K .......... .......... .......... .......... .......... 49% 95.2M 2s
  9050K .......... .......... .......... .......... .......... 49%  100M 2s
  9100K .......... .......... .......... .......... .......... 50%  101M 2s
  9150K .......... .......... .......... .......... .......... 50%  100M 2s
  9200K .......... .......... .......... .......... .......... 50% 78.3M 2s
  9250K .......... .......... .......... .......... .......... 50% 99.0M 2s
  9300K .......... .......... .......... .......... .......... 51%  435K 2s
  9350K .......... .......... .......... .......... .......... 51% 17.9M 2s
  9400K .......... .......... .......... .......... .......... 51% 64.2M 2s
  9450K .......... .......... .......... .......... .......... 52% 70.0M 2s
  9500K .......... .......... .......... .......... .......... 52% 69.5M 2s
  9550K .......... .......... .......... .......... .......... 52% 71.5M 2s
  9600K .......... .......... .......... .......... .......... 52% 25.8M 2s
  9650K .......... .......... .......... .......... .......... 53% 28.9M 2s
  9700K .......... .......... .......... .......... .......... 53% 29.8M 2s
  9750K .......... .......... .......... .......... .......... 53% 51.5M 2s
  9800K .......... .......... .......... .......... .......... 54% 41.6M 1s
  9850K .......... .......... .......... .......... .......... 54% 35.6M 1s
  9900K .......... .......... .......... .......... .......... 54% 34.7M 1s
  9950K .......... .......... .......... .......... .......... 54% 43.5M 1s
 10000K .......... .......... .......... .......... .......... 55% 27.2M 1s
 10050K .......... .......... .......... .......... .......... 55% 45.7M 1s
 10100K .......... .......... .......... .......... .......... 55% 54.3M 1s
 10150K .......... .......... .......... .......... .......... 55% 40.5M 1s
 10200K .......... .......... .......... .......... .......... 56% 61.6M 1s
 10250K .......... .......... .......... .......... .......... 56% 39.2M 1s
 10300K .......... .......... .......... .......... .......... 56% 62.1M 1s
 10350K .......... .......... .......... .......... .......... 57% 28.9M 1s
 10400K .......... .......... .......... .......... .......... 57% 57.5M 1s
 10450K .......... .......... .......... .......... .......... 57% 71.1M 1s
 10500K .......... .......... .......... .......... .......... 57% 52.7M 1s
 10550K .......... .......... .......... .......... .......... 58% 38.4M 1s
 10600K .......... .......... .......... .......... .......... 58% 41.4M 1s
 10650K .......... .......... .......... .......... .......... 58% 85.8M 1s
 10700K .......... .......... .......... .......... .......... 58% 40.8M 1s
 10750K .......... .......... .......... .......... .......... 59% 40.0M 1s
 10800K .......... .......... .......... .......... .......... 59% 40.7M 1s
 10850K .......... .......... .......... .......... .......... 59% 65.9M 1s
 10900K .......... .......... .......... .......... .......... 60% 36.4M 1s
 10950K .......... .......... .......... .......... .......... 60% 54.7M 1s
 11000K .......... .......... .......... .......... .......... 60% 74.0M 1s
 11050K .......... .......... .......... .......... .......... 60% 36.3M 1s
 11100K .......... .......... .......... .......... .......... 61% 39.2M 1s
 11150K .......... .......... .......... .......... .......... 61% 60.4M 1s
 11200K .......... .......... .......... .......... .......... 61% 43.1M 1s
 11250K .......... .......... .......... .......... .......... 61% 54.7M 1s
 11300K .......... .......... .......... .......... .......... 62% 89.2M 1s
 11350K .......... .......... .......... .......... .......... 62% 90.3M 1s
 11400K .......... .......... .......... .......... .......... 62%  392K 1s
 11450K .......... .......... .......... .......... .......... 63% 20.3M 1s
 11500K .......... .......... .......... .......... .......... 63% 20.0M 1s
 11550K .......... .......... .......... .......... .......... 63% 21.0M 1s
 11600K .......... .......... .......... .......... .......... 63% 16.9M 1s
 11650K .......... .......... .......... .......... .......... 64% 25.3M 1s
 11700K .......... .......... .......... .......... .......... 64% 25.5M 1s
 11750K .......... .......... .......... .......... .......... 64% 24.3M 1s
 11800K .......... .......... .......... .......... .......... 64% 22.2M 1s
 11850K .......... .......... .......... .......... .......... 65% 25.3M 1s
 11900K .......... .......... .......... .......... .......... 65% 26.1M 1s
 11950K .......... .......... .......... .......... .......... 65% 26.8M 1s
 12000K .......... .......... .......... .......... .......... 66% 21.9M 1s
 12050K .......... .......... .......... .......... .......... 66% 26.2M 1s
 12100K .......... .......... .......... .......... .......... 66% 23.2M 1s
 12150K .......... .......... .......... .......... .......... 66% 22.0M 1s
 12200K .......... .......... .......... .......... .......... 67% 21.5M 1s
 12250K .......... .......... .......... .......... .......... 67% 24.3M 1s
 12300K .......... .......... .......... .......... .......... 67% 23.2M 1s
 12350K .......... .......... .......... .......... .......... 67% 20.1M 1s
 12400K .......... .......... .......... .......... .......... 68% 18.8M 1s
 12450K .......... .......... .......... .......... .......... 68% 29.6M 1s
 12500K .......... .......... .......... .......... .......... 68% 85.2M 1s
 12550K .......... .......... .......... .......... .......... 69% 83.2M 1s
 12600K .......... .......... .......... .......... .......... 69% 79.9M 1s
 12650K .......... .......... .......... .......... .......... 69% 82.5M 1s
 12700K .......... .......... .......... .......... .......... 69% 84.9M 1s
 12750K .......... .......... .......... .......... .......... 70% 86.8M 1s
 12800K .......... .......... .......... .......... .......... 70% 66.3M 1s
 12850K .......... .......... .......... .......... .......... 70% 85.2M 1s
 12900K .......... .......... .......... .......... .......... 70% 86.1M 1s
 12950K .......... .......... .......... .......... .......... 71% 85.7M 1s
 13000K .......... .......... .......... .......... .......... 71% 81.3M 1s
 13050K .......... .......... .......... .......... .......... 71% 84.2M 1s
 13100K .......... .......... .......... .......... .......... 72% 90.0M 1s
 13150K .......... .......... .......... .......... .......... 72% 90.0M 1s
 13200K .......... .......... .......... .......... .......... 72% 69.8M 1s
 13250K .......... .......... .......... .......... .......... 72% 90.3M 1s
 13300K .......... .......... .......... .......... .......... 73% 88.0M 1s
 13350K .......... .......... .......... .......... .......... 73% 91.3M 1s
 13400K .......... .......... .......... .......... .......... 73% 83.6M 1s
 13450K .......... .......... .......... .......... .......... 74% 89.7M 1s
 13500K .......... .......... .......... .......... .......... 74% 89.7M 1s
 13550K .......... .......... .......... .......... .......... 74% 90.0M 1s
 13600K .......... .......... .......... .......... .......... 74% 72.4M 1s
 13650K .......... .......... .......... .......... .......... 75% 88.7M 1s
 13700K .......... .......... .......... .......... .......... 75% 91.1M 1s
 13750K .......... .......... .......... .......... .......... 75% 89.4M 1s
 13800K .......... .......... .......... .......... .......... 75% 85.2M 1s
 13850K .......... .......... .......... .......... .......... 76% 91.2M 1s
 13900K .......... .......... .......... .......... .......... 76% 88.4M 1s
 13950K .......... .......... .......... .......... .......... 76% 91.3M 1s
 14000K .......... .......... .......... .......... .......... 77% 70.1M 1s
 14050K .......... .......... .......... .......... .......... 77% 93.6M 1s
 14100K .......... .......... .......... .......... .......... 77% 91.7M 1s
 14150K .......... .......... .......... .......... .......... 77% 95.8M 1s
 14200K .......... .......... .......... .......... .......... 78% 89.8M 1s
 14250K .......... .......... .......... .......... .......... 78% 95.8M 1s
 14300K .......... .......... .......... .......... .......... 78% 95.3M 1s
 14350K .......... .......... .......... .......... .......... 78%  477K 1s
 14400K .......... .......... .......... .......... .......... 79% 20.7M 1s
 14450K .......... .......... .......... .......... .......... 79% 40.8M 1s
 14500K .......... .......... .......... .......... .......... 79% 59.8M 1s
 14550K .......... .......... .......... .......... .......... 80% 23.6M 1s
 14600K .......... .......... .......... .......... .......... 80% 38.0M 1s
 14650K .......... .......... .......... .......... .......... 80% 60.8M 1s
 14700K .......... .......... .......... .......... .......... 80% 24.2M 0s
 14750K .......... .......... .......... .......... .......... 81% 40.6M 0s
 14800K .......... .......... .......... .......... .......... 81% 26.3M 0s
 14850K .......... .......... .......... .......... .......... 81% 33.7M 0s
 14900K .......... .......... .......... .......... .......... 81% 59.4M 0s
 14950K .......... .......... .......... .......... .......... 82% 30.6M 0s
 15000K .......... .......... .......... .......... .......... 82% 29.7M 0s
 15050K .......... .......... .......... .......... .......... 82% 28.9M 0s
 15100K .......... .......... .......... .......... .......... 83% 32.4M 0s
 15150K .......... .......... .......... .......... .......... 83% 47.1M 0s
 15200K .......... .......... .......... .......... .......... 83% 20.5M 0s
 15250K .......... .......... .......... .......... .......... 83% 48.7M 0s
 15300K .......... .......... .......... .......... .......... 84% 38.1M 0s
 15350K .......... .......... .......... .......... .......... 84% 34.5M 0s
 15400K .......... .......... .......... .......... .......... 84% 43.6M 0s
 15450K .......... .......... .......... .......... .......... 84% 33.8M 0s
 15500K .......... .......... .......... .......... .......... 85% 34.3M 0s
 15550K .......... .......... .......... .......... .......... 85% 55.6M 0s
 15600K .......... .......... .......... .......... .......... 85% 22.1M 0s
 15650K .......... .......... .......... .......... .......... 86% 27.5M 0s
 15700K .......... .......... .......... .......... .......... 86% 73.1M 0s
 15750K .......... .......... .......... .......... .......... 86% 36.4M 0s
 15800K .......... .......... .......... .......... .......... 86% 45.6M 0s
 15850K .......... .......... .......... .......... .......... 87% 51.3M 0s
 15900K .......... .......... .......... .......... .......... 87% 23.4M 0s
 15950K .......... .......... .......... .......... .......... 87% 38.9M 0s
 16000K .......... .......... .......... .......... .......... 87% 31.1M 0s
 16050K .......... .......... .......... .......... .......... 88%  401K 0s
 16100K .......... .......... .......... .......... .......... 88% 17.4M 0s
 16150K .......... .......... .......... .......... .......... 88% 17.8M 0s
 16200K .......... .......... .......... .......... .......... 89% 17.4M 0s
 16250K .......... .......... .......... .......... .......... 89% 24.4M 0s
 16300K .......... .......... .......... .......... .......... 89% 23.6M 0s
 16350K .......... .......... .......... .......... .......... 89% 24.4M 0s
 16400K .......... .......... .......... .......... .......... 90% 19.2M 0s
 16450K .......... .......... .......... .......... .......... 90% 29.0M 0s
 16500K .......... .......... .......... .......... .......... 90% 26.4M 0s
 16550K .......... .......... .......... .......... .......... 91% 27.6M 0s
 16600K .......... .......... .......... .......... .......... 91% 26.5M 0s
 16650K .......... .......... .......... .......... .......... 91% 28.6M 0s
 16700K .......... .......... .......... .......... .......... 91% 26.9M 0s
 16750K .......... .......... .......... .......... .......... 92% 31.1M 0s
 16800K .......... .......... .......... .......... .......... 92% 25.2M 0s
 16850K .......... .......... .......... .......... .......... 92% 34.1M 0s
 16900K .......... .......... .......... .......... .......... 92% 31.9M 0s
 16950K .......... .......... .......... .......... .......... 93% 32.3M 0s
 17000K .......... .......... .......... .......... .......... 93% 29.6M 0s
 17050K .......... .......... .......... .......... .......... 93% 51.9M 0s
 17100K .......... .......... .......... .......... .......... 94% 78.5M 0s
 17150K .......... .......... .......... .......... .......... 94% 75.9M 0s
 17200K .......... .......... .......... .......... .......... 94% 65.5M 0s
 17250K .......... .......... .......... .......... .......... 94% 83.0M 0s
 17300K .......... .......... .......... .......... .......... 95% 82.9M 0s
 17350K .......... .......... .......... .......... .......... 95% 83.7M 0s
 17400K .......... .......... .......... .......... .......... 95% 78.3M 0s
 17450K .......... .......... .......... .......... .......... 95% 81.8M 0s
 17500K .......... .......... .......... .......... .......... 96% 82.8M 0s
 17550K .......... .......... .......... .......... .......... 96% 81.3M 0s
 17600K .......... .......... .......... .......... .......... 96% 65.9M 0s
 17650K .......... .......... .......... .......... .......... 97% 83.3M 0s
 17700K .......... .......... .......... .......... .......... 97% 82.4M 0s
 17750K .......... .......... .......... .......... .......... 97% 82.3M 0s
 17800K .......... .......... .......... .......... .......... 97% 78.0M 0s
 17850K .......... .......... .......... .......... .......... 98% 82.8M 0s
 17900K .......... .......... .......... .......... .......... 98% 82.9M 0s
 17950K .......... .......... .......... .......... .......... 98% 82.1M 0s
 18000K .......... .......... .......... .......... .......... 98% 65.1M 0s
 18050K .......... .......... .......... .......... .......... 99% 85.7M 0s
 18100K .......... .......... .......... .......... .......... 99% 83.7M 0s
 18150K .......... .......... .......... .......... .......... 99% 87.9M 0s
 18200K .......... .......... .......... ..........           100% 85.4M=2.3s

2019-08-21 00:13:00 (7.74 MB/s) - '/usr/local/bin/flekszible' saved [18677882/18677882]

+ sudo chmod +x /usr/local/bin/flekszible
+ cd /workdir/examples/ozone-dev/
+ flekszible generate --namespace ozone-daily
+ kubectl apply -f .
configmap/config created
service/datanode-public created
service/datanode created
statefulset.apps/datanode created
service/jaeger-public created
service/jaeger created
statefulset.apps/jaeger created
service/om-public created
service/om created
statefulset.apps/om created
clusterrole.rbac.authorization.k8s.io/prometheus-default unchanged
deployment.apps/prometheus created
clusterrolebinding.rbac.authorization.k8s.io/prometheus-operator-default unchanged
serviceaccount/prometheus-operator unchanged
service/prometheus created
configmap/prometheusconf created
service/s3g-public created
service/s3g created
statefulset.apps/s3g created
service/scm-public created
service/scm created
statefulset.apps/scm created
+ sleep 300
