+ NAMESPACE=ozone-daily
+ echo 'Delete existing resources'
Delete existing resources
+ kubectl delete statefulset --all --namespace ozone-daily
statefulset.apps "datanode" deleted
statefulset.apps "jaeger" deleted
statefulset.apps "om" deleted
statefulset.apps "s3g" deleted
statefulset.apps "scm" deleted
+ kubectl delete daemonset --all --namespace ozone-daily
No resources found
+ kubectl delete deployment --all --namespace ozone-daily
deployment.extensions "prometheus" deleted
+ kubectl delete service --all --namespace ozone-daily
service "datanode" deleted
service "datanode-public" deleted
service "jaeger" deleted
service "jaeger-public" deleted
service "om" deleted
service "om-public" deleted
service "prometheus" deleted
service "s3g" deleted
service "s3g-public" deleted
service "scm" deleted
service "scm-public" deleted
+ kubectl delete configmap --all --namespace ozone-daily
configmap "config" deleted
configmap "prometheusconf" deleted
+ kubectl delete secret --all --namespace ozone-daily
secret "default-token-qp9w5" deleted
secret "prometheus-operator-token-wlxhr" deleted
+ kubectl delete pod --all --namespace ozone-daily
pod "datanode-0" deleted
pod "datanode-1" deleted
pod "datanode-2" deleted
pod "jaeger-0" deleted
pod "om-0" deleted
pod "prometheus-6f8569bdcc-kgtn4" deleted
pod "s3g-0" deleted
pod "scm-0" deleted
+ sleep 60
+ sudo wget https://os.anzix.net/flekszible -O /usr/local/bin/flekszible
--2019-08-22 00:13:59--  https://os.anzix.net/flekszible
Resolving os.anzix.net... 95.216.65.49
Connecting to os.anzix.net|95.216.65.49|:443... connected.
HTTP request sent, awaiting response... 200 OK
Length: 18677882 (18M)
Saving to: '/usr/local/bin/flekszible'

     0K .......... .......... .......... .......... ..........  0%  142K 2m8s
    50K .......... .......... .......... .......... ..........  0%  284K 96s
   100K .......... .......... .......... .......... ..........  0% 48.4M 64s
   150K .......... .......... .......... .......... ..........  1%  289K 63s
   200K .......... .......... .......... .......... ..........  1% 14.2M 51s
   250K .......... .......... .......... .......... ..........  1% 68.5M 42s
   300K .......... .......... .......... .......... ..........  1% 77.2M 36s
   350K .......... .......... .......... .......... ..........  2%  289K 39s
   400K .......... .......... .......... .......... ..........  2% 14.4M 35s
   450K .......... .......... .......... .......... ..........  2% 64.2M 31s
   500K .......... .......... .......... .......... ..........  3% 64.8M 28s
   550K .......... .......... .......... .......... ..........  3% 63.9M 26s
   600K .......... .......... .......... .......... ..........  3% 60.2M 24s
   650K .......... .......... .......... .......... ..........  3% 65.0M 22s
   700K .......... .......... .......... .......... ..........  4% 65.1M 21s
   750K .......... .......... .......... .......... ..........  4%  298K 23s
   800K .......... .......... .......... .......... ..........  4% 26.4M 22s
   850K .......... .......... .......... .......... ..........  4% 29.6M 20s
   900K .......... .......... .......... .......... ..........  5% 65.8M 19s
   950K .......... .......... .......... .......... ..........  5% 63.2M 18s
  1000K .......... .......... .......... .......... ..........  5% 62.1M 17s
  1050K .......... .......... .......... .......... ..........  6%  291K 19s
  1100K .......... .......... .......... .......... ..........  6% 28.1M 18s
  1150K .......... .......... .......... .......... ..........  6% 34.2M 18s
  1200K .......... .......... .......... .......... ..........  6% 31.0M 17s
  1250K .......... .......... .......... .......... ..........  7% 40.3M 16s
  1300K .......... .......... .......... .......... ..........  7% 37.7M 16s
  1350K .......... .......... .......... .......... ..........  7% 36.8M 15s
  1400K .......... .......... .......... .......... ..........  7% 36.8M 14s
  1450K .......... .......... .......... .......... ..........  8% 40.4M 14s
  1500K .......... .......... .......... .......... ..........  8% 39.7M 13s
  1550K .......... .......... .......... .......... ..........  8% 88.8M 13s
  1600K .......... .......... .......... .......... ..........  9% 71.1M 13s
  1650K .......... .......... .......... .......... ..........  9% 92.1M 12s
  1700K .......... .......... .......... .......... ..........  9% 95.0M 12s
  1750K .......... .......... .......... .......... ..........  9% 91.6M 11s
  1800K .......... .......... .......... .......... .......... 10% 89.1M 11s
  1850K .......... .......... .......... .......... .......... 10% 85.0M 11s
  1900K .......... .......... .......... .......... .......... 10% 73.6M 10s
  1950K .......... .......... .......... .......... .......... 10% 93.7M 10s
  2000K .......... .......... .......... .......... .......... 11%  322K 11s
  2050K .......... .......... .......... .......... .......... 11% 18.8M 11s
  2100K .......... .......... .......... .......... .......... 11% 34.9M 11s
  2150K .......... .......... .......... .......... .......... 12% 35.2M 10s
  2200K .......... .......... .......... .......... .......... 12% 36.1M 10s
  2250K .......... .......... .......... .......... .......... 12% 37.5M 10s
  2300K .......... .......... .......... .......... .......... 12% 38.7M 10s
  2350K .......... .......... .......... .......... .......... 13% 36.0M 9s
  2400K .......... .......... .......... .......... .......... 13% 27.8M 9s
  2450K .......... .......... .......... .......... .......... 13% 34.9M 9s
  2500K .......... .......... .......... .......... .......... 13% 38.4M 9s
  2550K .......... .......... .......... .......... .......... 14% 38.3M 9s
  2600K .......... .......... .......... .......... .......... 14% 36.8M 8s
  2650K .......... .......... .......... .......... .......... 14% 37.9M 8s
  2700K .......... .......... .......... .......... .......... 15% 38.4M 8s
  2750K .......... .......... .......... .......... .......... 15% 37.5M 8s
  2800K .......... .......... .......... .......... .......... 15% 31.1M 8s
  2850K .......... .......... .......... .......... .......... 15% 49.8M 8s
  2900K .......... .......... .......... .......... .......... 16% 67.8M 7s
  2950K .......... .......... .......... .......... .......... 16% 65.8M 7s
  3000K .......... .......... .......... .......... .......... 16% 64.8M 7s
  3050K .......... .......... .......... .......... .......... 16% 69.4M 7s
  3100K .......... .......... .......... .......... .......... 17% 72.3M 7s
  3150K .......... .......... .......... .......... .......... 17% 73.6M 7s
  3200K .......... .......... .......... .......... .......... 17% 58.3M 7s
  3250K .......... .......... .......... .......... .......... 18% 72.8M 6s
  3300K .......... .......... .......... .......... .......... 18% 72.8M 6s
  3350K .......... .......... .......... .......... .......... 18% 73.5M 6s
  3400K .......... .......... .......... .......... .......... 18% 3.60M 6s
  3450K .......... .......... .......... .......... .......... 19% 25.9M 6s
  3500K .......... .......... .......... .......... .......... 19% 60.4M 6s
  3550K .......... .......... .......... .......... .......... 19% 73.4M 6s
  3600K .......... .......... .......... .......... .......... 20%  396K 6s
  3650K .......... .......... .......... .......... .......... 20% 27.5M 6s
  3700K .......... .......... .......... .......... .......... 20% 26.1M 6s
  3750K .......... .......... .......... .......... .......... 20% 24.6M 6s
  3800K .......... .......... .......... .......... .......... 21% 25.1M 6s
  3850K .......... .......... .......... .......... .......... 21% 22.1M 6s
  3900K .......... .......... .......... .......... .......... 21% 26.8M 6s
  3950K .......... .......... .......... .......... .......... 21% 35.9M 6s
  4000K .......... .......... .......... .......... .......... 22% 61.4M 6s
  4050K .......... .......... .......... .......... .......... 22% 80.6M 5s
  4100K .......... .......... .......... .......... .......... 22% 81.5M 5s
  4150K .......... .......... .......... .......... .......... 23% 55.1M 5s
  4200K .......... .......... .......... .......... .......... 23% 15.3M 5s
  4250K .......... .......... .......... .......... .......... 23% 33.9M 5s
  4300K .......... .......... .......... .......... .......... 23% 22.7M 5s
  4350K .......... .......... .......... .......... .......... 24% 26.1M 5s
  4400K .......... .......... .......... .......... .......... 24% 17.5M 5s
  4450K .......... .......... .......... .......... .......... 24% 24.3M 5s
  4500K .......... .......... .......... .......... .......... 24% 28.2M 5s
  4550K .......... .......... .......... .......... .......... 25% 25.0M 5s
  4600K .......... .......... .......... .......... .......... 25% 26.0M 5s
  4650K .......... .......... .......... .......... .......... 25% 29.3M 5s
  4700K .......... .......... .......... .......... .......... 26% 28.3M 5s
  4750K .......... .......... .......... .......... .......... 26% 30.1M 5s
  4800K .......... .......... .......... .......... .......... 26% 24.2M 4s
  4850K .......... .......... .......... .......... .......... 26% 30.7M 4s
  4900K .......... .......... .......... .......... .......... 27% 32.1M 4s
  4950K .......... .......... .......... .......... .......... 27% 30.1M 4s
  5000K .......... .......... .......... .......... .......... 27% 30.0M 4s
  5050K .......... .......... .......... .......... .......... 27% 32.7M 4s
  5100K .......... .......... .......... .......... .......... 28% 35.6M 4s
  5150K .......... .......... .......... .......... .......... 28% 47.6M 4s
  5200K .......... .......... .......... .......... .......... 28% 37.6M 4s
  5250K .......... .......... .......... .......... .......... 29% 47.6M 4s
  5300K .......... .......... .......... .......... .......... 29% 47.5M 4s
  5350K .......... .......... .......... .......... .......... 29% 67.9M 4s
  5400K .......... .......... .......... .......... .......... 29% 92.3M 4s
  5450K .......... .......... .......... .......... .......... 30% 76.4M 4s
  5500K .......... .......... .......... .......... .......... 30% 99.9M 4s
  5550K .......... .......... .......... .......... .......... 30% 97.8M 4s
  5600K .......... .......... .......... .......... .......... 30% 80.9M 4s
  5650K .......... .......... .......... .......... .......... 31% 99.3M 4s
  5700K .......... .......... .......... .......... .......... 31%  101M 4s
  5750K .......... .......... .......... .......... .......... 31% 99.7M 4s
  5800K .......... .......... .......... .......... .......... 32% 94.9M 3s
  5850K .......... .......... .......... .......... .......... 32%  100M 3s
  5900K .......... .......... .......... .......... .......... 32%  103M 3s
  5950K .......... .......... .......... .......... .......... 32% 98.1M 3s
  6000K .......... .......... .......... .......... .......... 33% 82.7M 3s
  6050K .......... .......... .......... .......... .......... 33% 97.6M 3s
  6100K .......... .......... .......... .......... .......... 33%  108M 3s
  6150K .......... .......... .......... .......... .......... 33%  104M 3s
  6200K .......... .......... .......... .......... .......... 34% 98.6M 3s
  6250K .......... .......... .......... .......... .......... 34%  105M 3s
  6300K .......... .......... .......... .......... .......... 34%  107M 3s
  6350K .......... .......... .......... .......... .......... 35%  105M 3s
  6400K .......... .......... .......... .......... .......... 35% 83.5M 3s
  6450K .......... .......... .......... .......... .......... 35% 93.3M 3s
  6500K .......... .......... .......... .......... .......... 35%  105M 3s
  6550K .......... .......... .......... .......... .......... 36%  104M 3s
  6600K .......... .......... .......... .......... .......... 36%  464K 3s
  6650K .......... .......... .......... .......... .......... 36% 6.67M 3s
  6700K .......... .......... .......... .......... .......... 37% 43.9M 3s
  6750K .......... .......... .......... .......... .......... 37% 44.4M 3s
  6800K .......... .......... .......... .......... .......... 37% 44.8M 3s
  6850K .......... .......... .......... .......... .......... 37% 47.2M 3s
  6900K .......... .......... .......... .......... .......... 38% 52.5M 3s
  6950K .......... .......... .......... .......... .......... 38% 45.0M 3s
  7000K .......... .......... .......... .......... .......... 38%  104M 3s
  7050K .......... .......... .......... .......... .......... 38%  111M 3s
  7100K .......... .......... .......... .......... .......... 39% 56.3M 3s
  7150K .......... .......... .......... .......... .......... 39% 62.4M 3s
  7200K .......... .......... .......... .......... .......... 39% 32.3M 3s
  7250K .......... .......... .......... .......... .......... 40% 52.4M 3s
  7300K .......... .......... .......... .......... .......... 40% 90.0M 3s
  7350K .......... .......... .......... .......... .......... 40% 75.2M 3s
  7400K .......... .......... .......... .......... .......... 40% 46.7M 3s
  7450K .......... .......... .......... .......... .......... 41% 43.1M 3s
  7500K .......... .......... .......... .......... .......... 41% 23.2M 3s
  7550K .......... .......... .......... .......... .......... 41% 30.4M 2s
  7600K .......... .......... .......... .......... .......... 41% 31.5M 2s
  7650K .......... .......... .......... .......... .......... 42% 28.0M 2s
  7700K .......... .......... .......... .......... .......... 42% 77.2M 2s
  7750K .......... .......... .......... .......... .......... 42% 24.6M 2s
  7800K .......... .......... .......... .......... .......... 43% 26.9M 2s
  7850K .......... .......... .......... .......... .......... 43% 53.0M 2s
  7900K .......... .......... .......... .......... .......... 43% 58.3M 2s
  7950K .......... .......... .......... .......... .......... 43% 30.9M 2s
  8000K .......... .......... .......... .......... .......... 44% 23.0M 2s
  8050K .......... .......... .......... .......... .......... 44% 36.0M 2s
  8100K .......... .......... .......... .......... .......... 44% 56.6M 2s
  8150K .......... .......... .......... .......... .......... 44% 64.9M 2s
  8200K .......... .......... .......... .......... .......... 45% 24.9M 2s
  8250K .......... .......... .......... .......... .......... 45% 33.6M 2s
  8300K .......... .......... .......... .......... .......... 45% 54.9M 2s
  8350K .......... .......... .......... .......... .......... 46% 30.2M 2s
  8400K .......... .......... .......... .......... .......... 46% 40.2M 2s
  8450K .......... .......... .......... .......... .......... 46% 55.0M 2s
  8500K .......... .......... .......... .......... .......... 46% 24.9M 2s
  8550K .......... .......... .......... .......... .......... 47% 47.9M 2s
  8600K .......... .......... .......... .......... .......... 47% 49.5M 2s
  8650K .......... .......... .......... .......... .......... 47%  105M 2s
  8700K .......... .......... .......... .......... .......... 47% 35.9M 2s
  8750K .......... .......... .......... .......... .......... 48% 70.5M 2s
  8800K .......... .......... .......... .......... .......... 48%  419K 2s
  8850K .......... .......... .......... .......... .......... 48% 45.1M 2s
  8900K .......... .......... .......... .......... .......... 49% 49.1M 2s
  8950K .......... .......... .......... .......... .......... 49% 46.7M 2s
  9000K .......... .......... .......... .......... .......... 49% 42.8M 2s
  9050K .......... .......... .......... .......... .......... 49% 47.8M 2s
  9100K .......... .......... .......... .......... .......... 50% 47.8M 2s
  9150K .......... .......... .......... .......... .......... 50% 43.2M 2s
  9200K .......... .......... .......... .......... .......... 50% 36.0M 2s
  9250K .......... .......... .......... .......... .......... 50% 48.6M 2s
  9300K .......... .......... .......... .......... .......... 51% 50.7M 2s
  9350K .......... .......... .......... .......... .......... 51% 52.5M 2s
  9400K .......... .......... .......... .......... .......... 51% 49.5M 2s
  9450K .......... .......... .......... .......... .......... 52% 54.3M 2s
  9500K .......... .......... .......... .......... .......... 52% 52.8M 2s
  9550K .......... .......... .......... .......... .......... 52% 52.8M 2s
  9600K .......... .......... .......... .......... .......... 52% 41.6M 2s
  9650K .......... .......... .......... .......... .......... 53% 51.6M 2s
  9700K .......... .......... .......... .......... .......... 53% 51.4M 2s
  9750K .......... .......... .......... .......... .......... 53% 47.0M 2s
  9800K .......... .......... .......... .......... .......... 54% 43.5M 2s
  9850K .......... .......... .......... .......... .......... 54% 43.4M 2s
  9900K .......... .......... .......... .......... .......... 54% 48.2M 2s
  9950K .......... .......... .......... .......... .......... 54% 54.6M 2s
 10000K .......... .......... .......... .......... .......... 55% 46.1M 2s
 10050K .......... .......... .......... .......... .......... 55% 48.1M 2s
 10100K .......... .......... .......... .......... .......... 55% 51.9M 2s
 10150K .......... .......... .......... .......... .......... 55% 52.9M 2s
 10200K .......... .......... .......... .......... .......... 56% 52.7M 2s
 10250K .......... .......... .......... .......... .......... 56% 53.1M 2s
 10300K .......... .......... .......... .......... .......... 56% 50.9M 1s
 10350K .......... .......... .......... .......... .......... 57% 55.2M 1s
 10400K .......... .......... .......... .......... .......... 57% 43.5M 1s
 10450K .......... .......... .......... .......... .......... 57% 49.9M 1s
 10500K .......... .......... .......... .......... .......... 57% 52.2M 1s
 10550K .......... .......... .......... .......... .......... 58% 54.1M 1s
 10600K .......... .......... .......... .......... .......... 58% 36.9M 1s
 10650K .......... .......... .......... .......... .......... 58% 53.1M 1s
 10700K .......... .......... .......... .......... .......... 58% 44.7M 1s
 10750K .......... .......... .......... .......... .......... 59% 65.7M 1s
 10800K .......... .......... .......... .......... .......... 59% 40.7M 1s
 10850K .......... .......... .......... .......... .......... 59% 82.9M 1s
 10900K .......... .......... .......... .......... .......... 60% 57.8M 1s
 10950K .......... .......... .......... .......... .......... 60% 91.6M 1s
 11000K .......... .......... .......... .......... .......... 60% 52.6M 1s
 11050K .......... .......... .......... .......... .......... 60% 95.1M 1s
 11100K .......... .......... .......... .......... .......... 61% 68.5M 1s
 11150K .......... .......... .......... .......... .......... 61% 56.3M 1s
 11200K .......... .......... .......... .......... .......... 61% 48.9M 1s
 11250K .......... .......... .......... .......... .......... 61%  113M 1s
 11300K .......... .......... .......... .......... .......... 62%  112M 1s
 11350K .......... .......... .......... .......... .......... 62% 66.2M 1s
 11400K .......... .......... .......... .......... .......... 62% 66.2M 1s
 11450K .......... .......... .......... .......... .......... 63% 33.8M 1s
 11500K .......... .......... .......... .......... .......... 63%  399K 1s
 11550K .......... .......... .......... .......... .......... 63% 35.7M 1s
 11600K .......... .......... .......... .......... .......... 63% 29.2M 1s
 11650K .......... .......... .......... .......... .......... 64% 53.1M 1s
 11700K .......... .......... .......... .......... .......... 64% 58.4M 1s
 11750K .......... .......... .......... .......... .......... 64% 68.5M 1s
 11800K .......... .......... .......... .......... .......... 64% 65.1M 1s
 11850K .......... .......... .......... .......... .......... 65% 67.5M 1s
 11900K .......... .......... .......... .......... .......... 65% 67.0M 1s
 11950K .......... .......... .......... .......... .......... 65% 68.1M 1s
 12000K .......... .......... .......... .......... .......... 66% 50.9M 1s
 12050K .......... .......... .......... .......... .......... 66% 56.9M 1s
 12100K .......... .......... .......... .......... .......... 66% 68.5M 1s
 12150K .......... .......... .......... .......... .......... 66% 68.6M 1s
 12200K .......... .......... .......... .......... .......... 67% 64.2M 1s
 12250K .......... .......... .......... .......... .......... 67% 69.9M 1s
 12300K .......... .......... .......... .......... .......... 67% 66.5M 1s
 12350K .......... .......... .......... .......... .......... 67% 29.1M 1s
 12400K .......... .......... .......... .......... .......... 68% 19.9M 1s
 12450K .......... .......... .......... .......... .......... 68% 25.3M 1s
 12500K .......... .......... .......... .......... .......... 68% 25.5M 1s
 12550K .......... .......... .......... .......... .......... 69% 25.6M 1s
 12600K .......... .......... .......... .......... .......... 69% 24.4M 1s
 12650K .......... .......... .......... .......... .......... 69% 28.7M 1s
 12700K .......... .......... .......... .......... .......... 69% 29.1M 1s
 12750K .......... .......... .......... .......... .......... 70% 29.7M 1s
 12800K .......... .......... .......... .......... .......... 70% 22.9M 1s
 12850K .......... .......... .......... .......... .......... 70% 28.1M 1s
 12900K .......... .......... .......... .......... .......... 70% 33.5M 1s
 12950K .......... .......... .......... .......... .......... 71% 31.3M 1s
 13000K .......... .......... .......... .......... .......... 71% 29.9M 1s
 13050K .......... .......... .......... .......... .......... 71% 30.5M 1s
 13100K .......... .......... .......... .......... .......... 72% 32.0M 1s
 13150K .......... .......... .......... .......... .......... 72% 31.8M 1s
 13200K .......... .......... .......... .......... .......... 72% 24.5M 1s
 13250K .......... .......... .......... .......... .......... 72% 38.3M 1s
 13300K .......... .......... .......... .......... .......... 73% 34.3M 1s
 13350K .......... .......... .......... .......... .......... 73% 38.1M 1s
 13400K .......... .......... .......... .......... .......... 73% 72.4M 1s
 13450K .......... .......... .......... .......... .......... 74% 87.8M 1s
 13500K .......... .......... .......... .......... .......... 74% 84.2M 1s
 13550K .......... .......... .......... .......... .......... 74% 89.3M 1s
 13600K .......... .......... .......... .......... .......... 74% 67.5M 1s
 13650K .......... .......... .......... .......... .......... 75% 85.4M 1s
 13700K .......... .......... .......... .......... .......... 75% 87.3M 1s
 13750K .......... .......... .......... .......... .......... 75% 87.0M 1s
 13800K .......... .......... .......... .......... .......... 75% 82.7M 1s
 13850K .......... .......... .......... .......... .......... 76% 87.7M 1s
 13900K .......... .......... .......... .......... .......... 76% 88.1M 1s
 13950K .......... .......... .......... .......... .......... 76% 86.1M 1s
 14000K .......... .......... .......... .......... .......... 77% 72.8M 1s
 14050K .......... .......... .......... .......... .......... 77% 92.4M 1s
 14100K .......... .......... .......... .......... .......... 77% 88.9M 1s
 14150K .......... .......... .......... .......... .......... 77% 93.6M 1s
 14200K .......... .......... .......... .......... .......... 78% 85.3M 1s
 14250K .......... .......... .......... .......... .......... 78% 92.1M 1s
 14300K .......... .......... .......... .......... .......... 78% 86.1M 1s
 14350K .......... .......... .......... .......... .......... 78% 91.6M 1s
 14400K .......... .......... .......... .......... .......... 79%  418K 1s
 14450K .......... .......... .......... .......... .......... 79% 24.3M 1s
 14500K .......... .......... .......... .......... .......... 79% 32.8M 1s
 14550K .......... .......... .......... .......... .......... 80% 36.1M 1s
 14600K .......... .......... .......... .......... .......... 80% 32.5M 1s
 14650K .......... .......... .......... .......... .......... 80% 34.7M 1s
 14700K .......... .......... .......... .......... .......... 80% 35.2M 1s
 14750K .......... .......... .......... .......... .......... 81% 36.6M 1s
 14800K .......... .......... .......... .......... .......... 81% 29.6M 1s
 14850K .......... .......... .......... .......... .......... 81% 37.2M 1s
 14900K .......... .......... .......... .......... .......... 81% 38.7M 1s
 14950K .......... .......... .......... .......... .......... 82% 37.8M 0s
 15000K .......... .......... .......... .......... .......... 82% 36.1M 0s
 15050K .......... .......... .......... .......... .......... 82% 36.1M 0s
 15100K .......... .......... .......... .......... .......... 83% 40.5M 0s
 15150K .......... .......... .......... .......... .......... 83% 42.3M 0s
 15200K .......... .......... .......... .......... .......... 83% 31.6M 0s
 15250K .......... .......... .......... .......... .......... 83% 45.2M 0s
 15300K .......... .......... .......... .......... .......... 84% 42.2M 0s
 15350K .......... .......... .......... .......... .......... 84% 47.5M 0s
 15400K .......... .......... .......... .......... .......... 84% 87.4M 0s
 15450K .......... .......... .......... .......... .......... 84% 74.5M 0s
 15500K .......... .......... .......... .......... .......... 85% 48.3M 0s
 15550K .......... .......... .......... .......... .......... 85% 52.9M 0s
 15600K .......... .......... .......... .......... .......... 85% 54.0M 0s
 15650K .......... .......... .......... .......... .......... 86% 60.8M 0s
 15700K .......... .......... .......... .......... .......... 86% 57.5M 0s
 15750K .......... .......... .......... .......... .......... 86% 52.0M 0s
 15800K .......... .......... .......... .......... .......... 86% 46.5M 0s
 15850K .......... .......... .......... .......... .......... 87% 64.4M 0s
 15900K .......... .......... .......... .......... .......... 87% 82.8M 0s
 15950K .......... .......... .......... .......... .......... 87% 48.1M 0s
 16000K .......... .......... .......... .......... .......... 87% 52.2M 0s
 16050K .......... .......... .......... .......... .......... 88% 62.1M 0s
 16100K .......... .......... .......... .......... .......... 88% 63.5M 0s
 16150K .......... .......... .......... .......... .......... 88% 61.2M 0s
 16200K .......... .......... .......... .......... .......... 89% 51.4M 0s
 16250K .......... .......... .......... .......... .......... 89% 55.8M 0s
 16300K .......... .......... .......... .......... .......... 89% 76.6M 0s
 16350K .......... .......... .......... .......... .......... 89% 63.9M 0s
 16400K .......... .......... .......... .......... .......... 90% 85.6M 0s
 16450K .......... .......... .......... .......... .......... 90% 51.1M 0s
 16500K .......... .......... .......... .......... .......... 90% 59.3M 0s
 16550K .......... .......... .......... .......... .......... 91% 57.9M 0s
 16600K .......... .......... .......... .......... .......... 91% 98.6M 0s
 16650K .......... .......... .......... .......... .......... 91%  105M 0s
 16700K .......... .......... .......... .......... .......... 91%  105M 0s
 16750K .......... .......... .......... .......... .......... 92%  389K 0s
 16800K .......... .......... .......... .......... .......... 92% 19.5M 0s
 16850K .......... .......... .......... .......... .......... 92% 23.6M 0s
 16900K .......... .......... .......... .......... .......... 92% 19.2M 0s
 16950K .......... .......... .......... .......... .......... 93% 26.4M 0s
 17000K .......... .......... .......... .......... .......... 93% 29.5M 0s
 17050K .......... .......... .......... .......... .......... 93% 30.1M 0s
 17100K .......... .......... .......... .......... .......... 94% 20.2M 0s
 17150K .......... .......... .......... .......... .......... 94% 30.9M 0s
 17200K .......... .......... .......... .......... .......... 94% 24.3M 0s
 17250K .......... .......... .......... .......... .......... 94% 37.1M 0s
 17300K .......... .......... .......... .......... .......... 95% 36.6M 0s
 17350K .......... .......... .......... .......... .......... 95% 36.4M 0s
 17400K .......... .......... .......... .......... .......... 95% 34.1M 0s
 17450K .......... .......... .......... .......... .......... 95% 51.4M 0s
 17500K .......... .......... .......... .......... .......... 96% 84.4M 0s
 17550K .......... .......... .......... .......... .......... 96% 85.5M 0s
 17600K .......... .......... .......... .......... .......... 96% 68.5M 0s
 17650K .......... .......... .......... .......... .......... 97% 84.9M 0s
 17700K .......... .......... .......... .......... .......... 97% 89.3M 0s
 17750K .......... .......... .......... .......... .......... 97% 84.9M 0s
 17800K .......... .......... .......... .......... .......... 97% 80.7M 0s
 17850K .......... .......... .......... .......... .......... 98% 88.7M 0s
 17900K .......... .......... .......... .......... .......... 98% 89.7M 0s
 17950K .......... .......... .......... .......... .......... 98% 92.2M 0s
 18000K .......... .......... .......... .......... .......... 98% 71.3M 0s
 18050K .......... .......... .......... .......... .......... 99% 93.1M 0s
 18100K .......... .......... .......... .......... .......... 99% 91.2M 0s
 18150K .......... .......... .......... .......... .......... 99% 91.7M 0s
 18200K .......... .......... .......... ..........           100% 89.6M=2.5s

2019-08-22 00:14:02 (7.13 MB/s) - '/usr/local/bin/flekszible' saved [18677882/18677882]

+ sudo chmod +x /usr/local/bin/flekszible
+ cd /workdir/examples/ozone-dev/
+ flekszible generate --namespace ozone-daily
+ kubectl apply -f .
configmap/config created
service/datanode-public created
service/datanode created
statefulset.apps/datanode created
service/jaeger-public created
service/jaeger created
statefulset.apps/jaeger created
service/om-public created
service/om created
statefulset.apps/om created
clusterrole.rbac.authorization.k8s.io/prometheus-default unchanged
deployment.apps/prometheus created
clusterrolebinding.rbac.authorization.k8s.io/prometheus-operator-default unchanged
serviceaccount/prometheus-operator unchanged
service/prometheus created
configmap/prometheusconf created
service/s3g-public created
service/s3g created
statefulset.apps/s3g created
service/scm-public created
service/scm created
statefulset.apps/scm created
+ sleep 300
