+ NAMESPACE=ozone-daily
+ echo 'Delete existing resources'
Delete existing resources
+ kubectl delete statefulset --all --namespace ozone-daily
statefulset.apps "datanode" deleted
statefulset.apps "jaeger" deleted
statefulset.apps "om" deleted
statefulset.apps "s3g" deleted
statefulset.apps "scm" deleted
+ kubectl delete daemonset --all --namespace ozone-daily
No resources found
+ kubectl delete deployment --all --namespace ozone-daily
deployment.extensions "prometheus" deleted
+ kubectl delete service --all --namespace ozone-daily
service "datanode" deleted
service "datanode-public" deleted
service "jaeger" deleted
service "jaeger-public" deleted
service "om" deleted
service "om-public" deleted
service "prometheus" deleted
service "s3g" deleted
service "s3g-public" deleted
service "scm" deleted
service "scm-public" deleted
+ kubectl delete configmap --all --namespace ozone-daily
configmap "config" deleted
configmap "prometheusconf" deleted
+ kubectl delete secret --all --namespace ozone-daily
secret "default-token-7lmv9" deleted
secret "prometheus-operator-token-67t94" deleted
+ kubectl delete pod --all --namespace ozone-daily
pod "datanode-0" deleted
pod "datanode-1" deleted
pod "datanode-2" deleted
pod "jaeger-0" deleted
pod "om-0" deleted
pod "prometheus-6f8569bdcc-c988f" deleted
pod "s3g-0" deleted
pod "scm-0" deleted
+ sleep 60
+ sudo wget https://os.anzix.net/flekszible -O /usr/local/bin/flekszible
--2019-08-24 00:14:39--  https://os.anzix.net/flekszible
Resolving os.anzix.net... 95.216.65.49
Connecting to os.anzix.net|95.216.65.49|:443... connected.
HTTP request sent, awaiting response... 200 OK
Length: 18677882 (18M)
Saving to: '/usr/local/bin/flekszible'

     0K .......... .......... .......... .......... ..........  0%  146K 2m5s
    50K .......... .......... .......... .......... ..........  0%  292K 93s
   100K .......... .......... .......... .......... ..........  0% 66.5M 62s
   150K .......... .......... .......... .......... ..........  1%  294K 62s
   200K .......... .......... .......... .......... ..........  1% 60.9M 49s
   250K .......... .......... .......... .......... ..........  1% 34.3M 41s
   300K .......... .......... .......... .......... ..........  1% 67.2M 35s
   350K .......... .......... .......... .......... ..........  2% 1.30M 32s
   400K .......... .......... .......... .......... ..........  2%  376K 34s
   450K .......... .......... .......... .......... ..........  2% 70.5M 31s
   500K .......... .......... .......... .......... ..........  3% 84.0M 28s
   550K .......... .......... .......... .......... ..........  3% 86.3M 25s
   600K .......... .......... .......... .......... ..........  3% 1.35M 24s
   650K .......... .......... .......... .......... ..........  3%  107M 22s
   700K .......... .......... .......... .......... ..........  4% 89.2M 21s
   750K .......... .......... .......... .......... ..........  4% 99.1M 20s
   800K .......... .......... .......... .......... ..........  4%  385K 21s
   850K .......... .......... .......... .......... ..........  4% 48.8M 20s
   900K .......... .......... .......... .......... ..........  5% 29.9M 19s
   950K .......... .......... .......... .......... ..........  5%  120M 18s
  1000K .......... .......... .......... .......... ..........  5% 18.9M 17s
  1050K .......... .......... .......... .......... ..........  6% 53.5M 16s
  1100K .......... .......... .......... .......... ..........  6% 40.9M 15s
  1150K .......... .......... .......... .......... ..........  6% 41.1M 15s
  1200K .......... .......... .......... .......... ..........  6% 1.59M 15s
  1250K .......... .......... .......... .......... ..........  7% 45.6M 14s
  1300K .......... .......... .......... .......... ..........  7% 53.5M 13s
  1350K .......... .......... .......... .......... ..........  7% 69.3M 13s
  1400K .......... .......... .......... .......... ..........  7% 62.9M 12s
  1450K .......... .......... .......... .......... ..........  8% 63.9M 12s
  1500K .......... .......... .......... .......... ..........  8% 62.2M 12s
  1550K .......... .......... .......... .......... ..........  8% 44.8M 11s
  1600K .......... .......... .......... .......... ..........  9% 47.0M 11s
  1650K .......... .......... .......... .......... ..........  9%  398K 12s
  1700K .......... .......... .......... .......... ..........  9% 14.6M 11s
  1750K .......... .......... .......... .......... ..........  9% 35.1M 11s
  1800K .......... .......... .......... .......... .......... 10% 34.3M 11s
  1850K .......... .......... .......... .......... .......... 10% 37.0M 10s
  1900K .......... .......... .......... .......... .......... 10% 33.3M 10s
  1950K .......... .......... .......... .......... .......... 10% 36.2M 10s
  2000K .......... .......... .......... .......... .......... 11% 28.6M 10s
  2050K .......... .......... .......... .......... .......... 11% 51.8M 9s
  2100K .......... .......... .......... .......... .......... 11% 66.6M 9s
  2150K .......... .......... .......... .......... .......... 12% 66.8M 9s
  2200K .......... .......... .......... .......... .......... 12% 61.9M 9s
  2250K .......... .......... .......... .......... .......... 12% 65.4M 8s
  2300K .......... .......... .......... .......... .......... 12% 66.7M 8s
  2350K .......... .......... .......... .......... .......... 13% 68.3M 8s
  2400K .......... .......... .......... .......... .......... 13% 52.6M 8s
  2450K .......... .......... .......... .......... .......... 13% 2.37M 8s
  2500K .......... .......... .......... .......... .......... 13% 22.2M 8s
  2550K .......... .......... .......... .......... .......... 14% 25.5M 7s
  2600K .......... .......... .......... .......... .......... 14% 35.7M 7s
  2650K .......... .......... .......... .......... .......... 14% 43.5M 7s
  2700K .......... .......... .......... .......... .......... 15% 44.2M 7s
  2750K .......... .......... .......... .......... .......... 15% 42.6M 7s
  2800K .......... .......... .......... .......... .......... 15% 34.1M 7s
  2850K .......... .......... .......... .......... .......... 15% 42.8M 7s
  2900K .......... .......... .......... .......... .......... 16% 45.4M 6s
  2950K .......... .......... .......... .......... .......... 16% 46.1M 6s
  3000K .......... .......... .......... .......... .......... 16% 46.1M 6s
  3050K .......... .......... .......... .......... .......... 16% 48.1M 6s
  3100K .......... .......... .......... .......... .......... 17% 56.1M 6s
  3150K .......... .......... .......... .......... .......... 17% 76.5M 6s
  3200K .......... .......... .......... .......... .......... 17% 61.3M 6s
  3250K .......... .......... .......... .......... .......... 18% 77.6M 6s
  3300K .......... .......... .......... .......... .......... 18% 76.1M 6s
  3350K .......... .......... .......... .......... .......... 18%  443K 6s
  3400K .......... .......... .......... .......... .......... 18% 19.5M 6s
  3450K .......... .......... .......... .......... .......... 19% 43.5M 6s
  3500K .......... .......... .......... .......... .......... 19% 30.5M 6s
  3550K .......... .......... .......... .......... .......... 19% 34.2M 6s
  3600K .......... .......... .......... .......... .......... 20% 31.5M 6s
  3650K .......... .......... .......... .......... .......... 20% 43.4M 5s
  3700K .......... .......... .......... .......... .......... 20% 38.4M 5s
  3750K .......... .......... .......... .......... .......... 20% 33.2M 5s
  3800K .......... .......... .......... .......... .......... 21% 32.9M 5s
  3850K .......... .......... .......... .......... .......... 21% 39.2M 5s
  3900K .......... .......... .......... .......... .......... 21% 33.8M 5s
  3950K .......... .......... .......... .......... .......... 21% 37.8M 5s
  4000K .......... .......... .......... .......... .......... 22% 23.1M 5s
  4050K .......... .......... .......... .......... .......... 22% 39.1M 5s
  4100K .......... .......... .......... .......... .......... 22% 44.6M 5s
  4150K .......... .......... .......... .......... .......... 23% 47.1M 5s
  4200K .......... .......... .......... .......... .......... 23% 44.5M 5s
  4250K .......... .......... .......... .......... .......... 23% 48.6M 5s
  4300K .......... .......... .......... .......... .......... 23% 39.9M 4s
  4350K .......... .......... .......... .......... .......... 24% 43.3M 4s
  4400K .......... .......... .......... .......... .......... 24% 49.3M 4s
  4450K .......... .......... .......... .......... .......... 24% 86.7M 4s
  4500K .......... .......... .......... .......... .......... 24% 90.9M 4s
  4550K .......... .......... .......... .......... .......... 25% 72.1M 4s
  4600K .......... .......... .......... .......... .......... 25% 69.9M 4s
  4650K .......... .......... .......... .......... .......... 25% 81.0M 4s
  4700K .......... .......... .......... .......... .......... 26% 77.8M 4s
  4750K .......... .......... .......... .......... .......... 26% 77.4M 4s
  4800K .......... .......... .......... .......... .......... 26% 70.4M 4s
  4850K .......... .......... .......... .......... .......... 26% 83.1M 4s
  4900K .......... .......... .......... .......... .......... 27% 83.0M 4s
  4950K .......... .......... .......... .......... .......... 27% 81.2M 4s
  5000K .......... .......... .......... .......... .......... 27% 10.6M 4s
  5050K .......... .......... .......... .......... .......... 27% 61.4M 4s
  5100K .......... .......... .......... .......... .......... 28% 57.4M 4s
  5150K .......... .......... .......... .......... .......... 28% 44.4M 4s
  5200K .......... .......... .......... .......... .......... 28% 33.1M 4s
  5250K .......... .......... .......... .......... .......... 29% 64.5M 3s
  5300K .......... .......... .......... .......... .......... 29% 58.9M 3s
  5350K .......... .......... .......... .......... .......... 29% 49.3M 3s
  5400K .......... .......... .......... .......... .......... 29% 47.0M 3s
  5450K .......... .......... .......... .......... .......... 30% 62.3M 3s
  5500K .......... .......... .......... .......... .......... 30% 46.8M 3s
  5550K .......... .......... .......... .......... .......... 30% 60.3M 3s
  5600K .......... .......... .......... .......... .......... 30% 49.9M 3s
  5650K .......... .......... .......... .......... .......... 31% 50.3M 3s
  5700K .......... .......... .......... .......... .......... 31% 43.2M 3s
  5750K .......... .......... .......... .......... .......... 31% 55.3M 3s
  5800K .......... .......... .......... .......... .......... 32% 51.2M 3s
  5850K .......... .......... .......... .......... .......... 32% 51.2M 3s
  5900K .......... .......... .......... .......... .......... 32% 63.3M 3s
  5950K .......... .......... .......... .......... .......... 32% 57.4M 3s
  6000K .......... .......... .......... .......... .......... 33% 46.8M 3s
  6050K .......... .......... .......... .......... .......... 33% 66.5M 3s
  6100K .......... .......... .......... .......... .......... 33% 92.4M 3s
  6150K .......... .......... .......... .......... .......... 33%  110M 3s
  6200K .......... .......... .......... .......... .......... 34%  105M 3s
  6250K .......... .......... .......... .......... .......... 34% 2.34M 3s
  6300K .......... .......... .......... .......... .......... 34% 49.9M 3s
  6350K .......... .......... .......... .......... .......... 35% 61.1M 3s
  6400K .......... .......... .......... .......... .......... 35%  571K 3s
  6450K .......... .......... .......... .......... .......... 35% 16.4M 3s
  6500K .......... .......... .......... .......... .......... 35% 46.8M 3s
  6550K .......... .......... .......... .......... .......... 36% 38.4M 3s
  6600K .......... .......... .......... .......... .......... 36% 49.2M 3s
  6650K .......... .......... .......... .......... .......... 36% 46.2M 3s
  6700K .......... .......... .......... .......... .......... 37% 38.6M 3s
  6750K .......... .......... .......... .......... .......... 37% 9.78M 3s
  6800K .......... .......... .......... .......... .......... 37% 33.3M 3s
  6850K .......... .......... .......... .......... .......... 37% 39.4M 3s
  6900K .......... .......... .......... .......... .......... 38% 37.5M 3s
  6950K .......... .......... .......... .......... .......... 38% 55.9M 3s
  7000K .......... .......... .......... .......... .......... 38% 57.5M 2s
  7050K .......... .......... .......... .......... .......... 38% 96.8M 2s
  7100K .......... .......... .......... .......... .......... 39% 61.6M 2s
  7150K .......... .......... .......... .......... .......... 39% 61.3M 2s
  7200K .......... .......... .......... .......... .......... 39% 44.2M 2s
  7250K .......... .......... .......... .......... .......... 40% 91.4M 2s
  7300K .......... .......... .......... .......... .......... 40% 63.8M 2s
  7350K .......... .......... .......... .......... .......... 40% 75.6M 2s
  7400K .......... .......... .......... .......... .......... 40% 58.2M 2s
  7450K .......... .......... .......... .......... .......... 41% 56.6M 2s
  7500K .......... .......... .......... .......... .......... 41% 48.0M 2s
  7550K .......... .......... .......... .......... .......... 41% 4.08M 2s
  7600K .......... .......... .......... .......... .......... 41% 44.1M 2s
  7650K .......... .......... .......... .......... .......... 42% 55.4M 2s
  7700K .......... .......... .......... .......... .......... 42% 57.3M 2s
  7750K .......... .......... .......... .......... .......... 42% 10.4M 2s
  7800K .......... .......... .......... .......... .......... 43% 37.6M 2s
  7850K .......... .......... .......... .......... .......... 43% 50.9M 2s
  7900K .......... .......... .......... .......... .......... 43% 53.5M 2s
  7950K .......... .......... .......... .......... .......... 43% 61.8M 2s
  8000K .......... .......... .......... .......... .......... 44% 44.8M 2s
  8050K .......... .......... .......... .......... .......... 44% 59.0M 2s
  8100K .......... .......... .......... .......... .......... 44% 45.5M 2s
  8150K .......... .......... .......... .......... .......... 44% 52.2M 2s
  8200K .......... .......... .......... .......... .......... 45% 60.8M 2s
  8250K .......... .......... .......... .......... .......... 45% 52.7M 2s
  8300K .......... .......... .......... .......... .......... 45% 47.4M 2s
  8350K .......... .......... .......... .......... .......... 46% 52.7M 2s
  8400K .......... .......... .......... .......... .......... 46% 49.8M 2s
  8450K .......... .......... .......... .......... .......... 46% 57.2M 2s
  8500K .......... .......... .......... .......... .......... 46% 54.0M 2s
  8550K .......... .......... .......... .......... .......... 47% 58.9M 2s
  8600K .......... .......... .......... .......... .......... 47% 57.6M 2s
  8650K .......... .......... .......... .......... .......... 47% 59.1M 2s
  8700K .......... .......... .......... .......... .......... 47% 61.6M 2s
  8750K .......... .......... .......... .......... .......... 48% 60.1M 2s
  8800K .......... .......... .......... .......... .......... 48% 65.1M 2s
  8850K .......... .......... .......... .......... .......... 48%  120M 2s
  8900K .......... .......... .......... .......... .......... 49%  117M 2s
  8950K .......... .......... .......... .......... .......... 49%  122M 2s
  9000K .......... .......... .......... .......... .......... 49%  113M 2s
  9050K .......... .......... .......... .......... .......... 49%  122M 2s
  9100K .......... .......... .......... .......... .......... 50%  121M 2s
  9150K .......... .......... .......... .......... .......... 50% 3.60M 2s
  9200K .......... .......... .......... .......... .......... 50% 45.4M 2s
  9250K .......... .......... .......... .......... .......... 50% 56.6M 2s
  9300K .......... .......... .......... .......... .......... 51% 57.7M 2s
  9350K .......... .......... .......... .......... .......... 51% 58.4M 2s
  9400K .......... .......... .......... .......... .......... 51% 1.24M 2s
  9450K .......... .......... .......... .......... .......... 52% 1.05M 2s
  9500K .......... .......... .......... .......... .......... 52% 14.7M 2s
  9550K .......... .......... .......... .......... .......... 52% 54.8M 2s
  9600K .......... .......... .......... .......... .......... 52% 22.0M 2s
  9650K .......... .......... .......... .......... .......... 53% 36.1M 2s
  9700K .......... .......... .......... .......... .......... 53% 41.1M 2s
  9750K .......... .......... .......... .......... .......... 53% 10.7M 1s
  9800K .......... .......... .......... .......... .......... 54% 41.3M 1s
  9850K .......... .......... .......... .......... .......... 54% 54.1M 1s
  9900K .......... .......... .......... .......... .......... 54% 48.2M 1s
  9950K .......... .......... .......... .......... .......... 54% 42.9M 1s
 10000K .......... .......... .......... .......... .......... 55% 35.5M 1s
 10050K .......... .......... .......... .......... .......... 55% 7.90M 1s
 10100K .......... .......... .......... .......... .......... 55% 61.8M 1s
 10150K .......... .......... .......... .......... .......... 55% 67.4M 1s
 10200K .......... .......... .......... .......... .......... 56% 67.2M 1s
 10250K .......... .......... .......... .......... .......... 56% 60.4M 1s
 10300K .......... .......... .......... .......... .......... 56% 54.7M 1s
 10350K .......... .......... .......... .......... .......... 57% 66.2M 1s
 10400K .......... .......... .......... .......... .......... 57% 54.0M 1s
 10450K .......... .......... .......... .......... .......... 57% 69.1M 1s
 10500K .......... .......... .......... .......... .......... 57% 69.5M 1s
 10550K .......... .......... .......... .......... .......... 58% 75.3M 1s
 10600K .......... .......... .......... .......... .......... 58% 7.44M 1s
 10650K .......... .......... .......... .......... .......... 58% 32.4M 1s
 10700K .......... .......... .......... .......... .......... 58% 58.5M 1s
 10750K .......... .......... .......... .......... .......... 59% 37.1M 1s
 10800K .......... .......... .......... .......... .......... 59% 17.3M 1s
 10850K .......... .......... .......... .......... .......... 59% 32.1M 1s
 10900K .......... .......... .......... .......... .......... 60% 41.4M 1s
 10950K .......... .......... .......... .......... .......... 60% 56.7M 1s
 11000K .......... .......... .......... .......... .......... 60% 40.4M 1s
 11050K .......... .......... .......... .......... .......... 60% 30.7M 1s
 11100K .......... .......... .......... .......... .......... 61% 53.7M 1s
 11150K .......... .......... .......... .......... .......... 61% 19.9M 1s
 11200K .......... .......... .......... .......... .......... 61% 28.2M 1s
 11250K .......... .......... .......... .......... .......... 61% 26.1M 1s
 11300K .......... .......... .......... .......... .......... 62% 32.1M 1s
 11350K .......... .......... .......... .......... .......... 62% 56.2M 1s
 11400K .......... .......... .......... .......... .......... 62% 68.3M 1s
 11450K .......... .......... .......... .......... .......... 63% 35.3M 1s
 11500K .......... .......... .......... .......... .......... 63% 50.5M 1s
 11550K .......... .......... .......... .......... .......... 63% 52.7M 1s
 11600K .......... .......... .......... .......... .......... 63% 43.7M 1s
 11650K .......... .......... .......... .......... .......... 64% 51.5M 1s
 11700K .......... .......... .......... .......... .......... 64%  105M 1s
 11750K .......... .......... .......... .......... .......... 64%  117M 1s
 11800K .......... .......... .......... .......... .......... 64%  108M 1s
 11850K .......... .......... .......... .......... .......... 65%  119M 1s
 11900K .......... .......... .......... .......... .......... 65%  107M 1s
 11950K .......... .......... .......... .......... .......... 65% 4.26M 1s
 12000K .......... .......... .......... .......... .......... 66% 35.0M 1s
 12050K .......... .......... .......... .......... .......... 66% 36.8M 1s
 12100K .......... .......... .......... .......... .......... 66% 44.2M 1s
 12150K .......... .......... .......... .......... .......... 66% 43.8M 1s
 12200K .......... .......... .......... .......... .......... 67% 46.9M 1s
 12250K .......... .......... .......... .......... .......... 67% 92.0M 1s
 12300K .......... .......... .......... .......... .......... 67% 83.8M 1s
 12350K .......... .......... .......... .......... .......... 67% 92.1M 1s
 12400K .......... .......... .......... .......... .......... 68% 1.36M 1s
 12450K .......... .......... .......... .......... .......... 68% 1.05M 1s
 12500K .......... .......... .......... .......... .......... 68% 15.1M 1s
 12550K .......... .......... .......... .......... .......... 69% 25.5M 1s
 12600K .......... .......... .......... .......... .......... 69% 52.6M 1s
 12650K .......... .......... .......... .......... .......... 69% 36.6M 1s
 12700K .......... .......... .......... .......... .......... 69% 56.1M 1s
 12750K .......... .......... .......... .......... .......... 70% 9.67M 1s
 12800K .......... .......... .......... .......... .......... 70% 36.7M 1s
 12850K .......... .......... .......... .......... .......... 70% 53.5M 1s
 12900K .......... .......... .......... .......... .......... 70% 45.6M 1s
 12950K .......... .......... .......... .......... .......... 71% 29.6M 1s
 13000K .......... .......... .......... .......... .......... 71% 34.0M 1s
 13050K .......... .......... .......... .......... .......... 71% 67.4M 1s
 13100K .......... .......... .......... .......... .......... 72% 9.10M 1s
 13150K .......... .......... .......... .......... .......... 72% 7.80M 1s
 13200K .......... .......... .......... .......... .......... 72% 28.0M 1s
 13250K .......... .......... .......... .......... .......... 72% 43.5M 1s
 13300K .......... .......... .......... .......... .......... 73% 41.3M 1s
 13350K .......... .......... .......... .......... .......... 73% 40.4M 1s
 13400K .......... .......... .......... .......... .......... 73% 80.9M 1s
 13450K .......... .......... .......... .......... .......... 74% 82.2M 1s
 13500K .......... .......... .......... .......... .......... 74% 56.2M 1s
 13550K .......... .......... .......... .......... .......... 74% 39.3M 1s
 13600K .......... .......... .......... .......... .......... 74% 72.3M 1s
 13650K .......... .......... .......... .......... .......... 75% 45.2M 1s
 13700K .......... .......... .......... .......... .......... 75% 87.9M 1s
 13750K .......... .......... .......... .......... .......... 75% 46.9M 1s
 13800K .......... .......... .......... .......... .......... 75% 94.6M 1s
 13850K .......... .......... .......... .......... .......... 76% 21.2M 1s
 13900K .......... .......... .......... .......... .......... 76% 57.2M 1s
 13950K .......... .......... .......... .......... .......... 76% 24.4M 1s
 14000K .......... .......... .......... .......... .......... 77% 35.4M 1s
 14050K .......... .......... .......... .......... .......... 77% 49.0M 1s
 14100K .......... .......... .......... .......... .......... 77% 60.7M 1s
 14150K .......... .......... .......... .......... .......... 77% 37.7M 1s
 14200K .......... .......... .......... .......... .......... 78% 28.9M 1s
 14250K .......... .......... .......... .......... .......... 78% 30.0M 1s
 14300K .......... .......... .......... .......... .......... 78% 56.4M 1s
 14350K .......... .......... .......... .......... .......... 78% 29.9M 1s
 14400K .......... .......... .......... .......... .......... 79% 34.9M 1s
 14450K .......... .......... .......... .......... .......... 79% 27.1M 1s
 14500K .......... .......... .......... .......... .......... 79% 52.5M 0s
 14550K .......... .......... .......... .......... .......... 80% 31.5M 0s
 14600K .......... .......... .......... .......... .......... 80% 78.8M 0s
 14650K .......... .......... .......... .......... .......... 80% 2.90M 0s
 14700K .......... .......... .......... .......... .......... 80% 35.7M 0s
 14750K .......... .......... .......... .......... .......... 81% 44.0M 0s
 14800K .......... .......... .......... .......... .......... 81% 32.9M 0s
 14850K .......... .......... .......... .......... .......... 81% 39.7M 0s
 14900K .......... .......... .......... .......... .......... 81% 38.7M 0s
 14950K .......... .......... .......... .......... .......... 82% 39.8M 0s
 15000K .......... .......... .......... .......... .......... 82% 71.3M 0s
 15050K .......... .......... .......... .......... .......... 82% 99.8M 0s
 15100K .......... .......... .......... .......... .......... 83%  104M 0s
 15150K .......... .......... .......... .......... .......... 83%  101M 0s
 15200K .......... .......... .......... .......... .......... 83% 76.2M 0s
 15250K .......... .......... .......... .......... .......... 83% 1.57M 0s
 15300K .......... .......... .......... .......... .......... 84% 53.7M 0s
 15350K .......... .......... .......... .......... .......... 84% 61.5M 0s
 15400K .......... .......... .......... .......... .......... 84% 52.3M 0s
 15450K .......... .......... .......... .......... .......... 84% 1.09M 0s
 15500K .......... .......... .......... .......... .......... 85% 39.4M 0s
 15550K .......... .......... .......... .......... .......... 85% 25.7M 0s
 15600K .......... .......... .......... .......... .......... 85% 17.9M 0s
 15650K .......... .......... .......... .......... .......... 86% 55.3M 0s
 15700K .......... .......... .......... .......... .......... 86% 53.6M 0s
 15750K .......... .......... .......... .......... .......... 86% 9.25M 0s
 15800K .......... .......... .......... .......... .......... 86% 41.7M 0s
 15850K .......... .......... .......... .......... .......... 87% 49.5M 0s
 15900K .......... .......... .......... .......... .......... 87% 48.7M 0s
 15950K .......... .......... .......... .......... .......... 87% 45.8M 0s
 16000K .......... .......... .......... .......... .......... 87% 30.1M 0s
 16050K .......... .......... .......... .......... .......... 88% 48.9M 0s
 16100K .......... .......... .......... .......... .......... 88% 9.59M 0s
 16150K .......... .......... .......... .......... .......... 88% 7.53M 0s
 16200K .......... .......... .......... .......... .......... 89% 43.0M 0s
 16250K .......... .......... .......... .......... .......... 89% 45.7M 0s
 16300K .......... .......... .......... .......... .......... 89% 7.49M 0s
 16350K .......... .......... .......... .......... .......... 89% 38.2M 0s
 16400K .......... .......... .......... .......... .......... 90% 33.0M 0s
 16450K .......... .......... .......... .......... .......... 90% 41.3M 0s
 16500K .......... .......... .......... .......... .......... 90% 44.9M 0s
 16550K .......... .......... .......... .......... .......... 91% 42.5M 0s
 16600K .......... .......... .......... .......... .......... 91% 36.8M 0s
 16650K .......... .......... .......... .......... .......... 91% 34.2M 0s
 16700K .......... .......... .......... .......... .......... 91% 45.0M 0s
 16750K .......... .......... .......... .......... .......... 92% 37.9M 0s
 16800K .......... .......... .......... .......... .......... 92% 36.8M 0s
 16850K .......... .......... .......... .......... .......... 92% 64.3M 0s
 16900K .......... .......... .......... .......... .......... 92% 57.2M 0s
 16950K .......... .......... .......... .......... .......... 93% 49.6M 0s
 17000K .......... .......... .......... .......... .......... 93% 68.0M 0s
 17050K .......... .......... .......... .......... .......... 93%  102M 0s
 17100K .......... .......... .......... .......... .......... 94% 49.5M 0s
 17150K .......... .......... .......... .......... .......... 94% 95.4M 0s
 17200K .......... .......... .......... .......... .......... 94% 44.0M 0s
 17250K .......... .......... .......... .......... .......... 94% 68.9M 0s
 17300K .......... .......... .......... .......... .......... 95% 54.8M 0s
 17350K .......... .......... .......... .......... .......... 95% 96.1M 0s
 17400K .......... .......... .......... .......... .......... 95% 95.0M 0s
 17450K .......... .......... .......... .......... .......... 95% 51.8M 0s
 17500K .......... .......... .......... .......... .......... 96% 46.1M 0s
 17550K .......... .......... .......... .......... .......... 96% 82.0M 0s
 17600K .......... .......... .......... .......... .......... 96% 2.75M 0s
 17650K .......... .......... .......... .......... .......... 97% 45.4M 0s
 17700K .......... .......... .......... .......... .......... 97% 45.0M 0s
 17750K .......... .......... .......... .......... .......... 97% 49.3M 0s
 17800K .......... .......... .......... .......... .......... 97% 63.7M 0s
 17850K .......... .......... .......... .......... .......... 98% 12.8M 0s
 17900K .......... .......... .......... .......... .......... 98% 71.0M 0s
 17950K .......... .......... .......... .......... .......... 98% 59.7M 0s
 18000K .......... .......... .......... .......... .......... 98% 47.4M 0s
 18050K .......... .......... .......... .......... .......... 99% 69.0M 0s
 18100K .......... .......... .......... .......... .......... 99% 1.59M 0s
 18150K .......... .......... .......... .......... .......... 99% 55.7M 0s
 18200K .......... .......... .......... ..........           100% 65.7M=2.2s

2019-08-24 00:14:42 (8.16 MB/s) - '/usr/local/bin/flekszible' saved [18677882/18677882]

+ sudo chmod +x /usr/local/bin/flekszible
+ cd /workdir/examples/ozone-dev/
+ flekszible generate --namespace ozone-daily
+ kubectl apply -f .
configmap/config created
service/datanode-public created
service/datanode created
statefulset.apps/datanode created
service/jaeger-public created
service/jaeger created
statefulset.apps/jaeger created
service/om-public created
service/om created
statefulset.apps/om created
clusterrole.rbac.authorization.k8s.io/prometheus-default unchanged
deployment.apps/prometheus created
clusterrolebinding.rbac.authorization.k8s.io/prometheus-operator-default unchanged
serviceaccount/prometheus-operator unchanged
service/prometheus created
configmap/prometheusconf created
service/s3g-public created
service/s3g created
statefulset.apps/s3g created
service/scm-public created
service/scm created
statefulset.apps/scm created
+ sleep 300
