rm: cannot remove '/workdir/hadoop-ozone/dist/target/ozone-0.5.0-SNAPSHOT/compose/result/*': No such file or directory
Executing test in /workdir/hadoop-ozone/dist/target/ozone-0.5.0-SNAPSHOT/compose/ozones3
Couldn't connect to Docker daemon at http://0.0.0.0:2375 - is it running?

If it's at a non-standard location, specify the URL with the DOCKER_HOST environment variable.
ERROR: Test execution of /workdir/hadoop-ozone/dist/target/ozone-0.5.0-SNAPSHOT/compose/ozones3 is FAILED!!!!
cp: cannot stat '/workdir/hadoop-ozone/dist/target/ozone-0.5.0-SNAPSHOT/compose/ozones3/result/robot-*.xml': No such file or directory
Executing test in /workdir/hadoop-ozone/dist/target/ozone-0.5.0-SNAPSHOT/compose/ozonesecure
Couldn't connect to Docker daemon at http://0.0.0.0:2375 - is it running?

If it's at a non-standard location, specify the URL with the DOCKER_HOST environment variable.
ERROR: Test execution of /workdir/hadoop-ozone/dist/target/ozone-0.5.0-SNAPSHOT/compose/ozonesecure is FAILED!!!!
cp: cannot stat '/workdir/hadoop-ozone/dist/target/ozone-0.5.0-SNAPSHOT/compose/ozonesecure/result/robot-*.xml': No such file or directory
Executing test in /workdir/hadoop-ozone/dist/target/ozone-0.5.0-SNAPSHOT/compose/ozone-recon
Couldn't connect to Docker daemon at http://0.0.0.0:2375 - is it running?

If it's at a non-standard location, specify the URL with the DOCKER_HOST environment variable.
ERROR: Test execution of /workdir/hadoop-ozone/dist/target/ozone-0.5.0-SNAPSHOT/compose/ozone-recon is FAILED!!!!
cp: cannot stat '/workdir/hadoop-ozone/dist/target/ozone-0.5.0-SNAPSHOT/compose/ozone-recon/result/robot-*.xml': No such file or directory
Executing test in /workdir/hadoop-ozone/dist/target/ozone-0.5.0-SNAPSHOT/compose/ozone
Couldn't connect to Docker daemon at http://0.0.0.0:2375 - is it running?

If it's at a non-standard location, specify the URL with the DOCKER_HOST environment variable.
ERROR: Test execution of /workdir/hadoop-ozone/dist/target/ozone-0.5.0-SNAPSHOT/compose/ozone is FAILED!!!!
cp: cannot stat '/workdir/hadoop-ozone/dist/target/ozone-0.5.0-SNAPSHOT/compose/ozone/result/robot-*.xml': No such file or directory
Executing test in /workdir/hadoop-ozone/dist/target/ozone-0.5.0-SNAPSHOT/compose/ozone-topology
Couldn't connect to Docker daemon at http://0.0.0.0:2375 - is it running?

If it's at a non-standard location, specify the URL with the DOCKER_HOST environment variable.
ERROR: Test execution of /workdir/hadoop-ozone/dist/target/ozone-0.5.0-SNAPSHOT/compose/ozone-topology is FAILED!!!!
cp: cannot stat '/workdir/hadoop-ozone/dist/target/ozone-0.5.0-SNAPSHOT/compose/ozone-topology/result/robot-*.xml': No such file or directory
Executing test in /workdir/hadoop-ozone/dist/target/ozone-0.5.0-SNAPSHOT/compose/ozone-mr/hadoop32
Couldn't connect to Docker daemon at http://0.0.0.0:2375 - is it running?

If it's at a non-standard location, specify the URL with the DOCKER_HOST environment variable.
ERROR: Test execution of /workdir/hadoop-ozone/dist/target/ozone-0.5.0-SNAPSHOT/compose/ozone-mr/hadoop32 is FAILED!!!!
cp: cannot stat '/workdir/hadoop-ozone/dist/target/ozone-0.5.0-SNAPSHOT/compose/ozone-mr/hadoop32/result/robot-*.xml': No such file or directory
Executing test in /workdir/hadoop-ozone/dist/target/ozone-0.5.0-SNAPSHOT/compose/ozone-mr/hadoop31
Couldn't connect to Docker daemon at http://0.0.0.0:2375 - is it running?

If it's at a non-standard location, specify the URL with the DOCKER_HOST environment variable.
ERROR: Test execution of /workdir/hadoop-ozone/dist/target/ozone-0.5.0-SNAPSHOT/compose/ozone-mr/hadoop31 is FAILED!!!!
cp: cannot stat '/workdir/hadoop-ozone/dist/target/ozone-0.5.0-SNAPSHOT/compose/ozone-mr/hadoop31/result/robot-*.xml': No such file or directory
Executing test in /workdir/hadoop-ozone/dist/target/ozone-0.5.0-SNAPSHOT/compose/ozone-mr/hadoop27
Couldn't connect to Docker daemon at http://0.0.0.0:2375 - is it running?

If it's at a non-standard location, specify the URL with the DOCKER_HOST environment variable.
ERROR: Test execution of /workdir/hadoop-ozone/dist/target/ozone-0.5.0-SNAPSHOT/compose/ozone-mr/hadoop27 is FAILED!!!!
cp: cannot stat '/workdir/hadoop-ozone/dist/target/ozone-0.5.0-SNAPSHOT/compose/ozone-mr/hadoop27/result/robot-*.xml': No such file or directory
Executing test in /workdir/hadoop-ozone/dist/target/ozone-0.5.0-SNAPSHOT/compose/ozones3-haproxy
Couldn't connect to Docker daemon at http://0.0.0.0:2375 - is it running?

If it's at a non-standard location, specify the URL with the DOCKER_HOST environment variable.
ERROR: Test execution of /workdir/hadoop-ozone/dist/target/ozone-0.5.0-SNAPSHOT/compose/ozones3-haproxy is FAILED!!!!
cp: cannot stat '/workdir/hadoop-ozone/dist/target/ozone-0.5.0-SNAPSHOT/compose/ozones3-haproxy/result/robot-*.xml': No such file or directory
Executing test in /workdir/hadoop-ozone/dist/target/ozone-0.5.0-SNAPSHOT/compose/ozoneperf
Couldn't connect to Docker daemon at http://0.0.0.0:2375 - is it running?

If it's at a non-standard location, specify the URL with the DOCKER_HOST environment variable.
ERROR: Test execution of /workdir/hadoop-ozone/dist/target/ozone-0.5.0-SNAPSHOT/compose/ozoneperf is FAILED!!!!
cp: cannot stat '/workdir/hadoop-ozone/dist/target/ozone-0.5.0-SNAPSHOT/compose/ozoneperf/result/robot-*.xml': No such file or directory
[ ERROR ] Reading XML source '/workdir/hadoop-ozone/dist/target/ozone-0.5.0-SNAPSHOT/compose/result/robot-*.xml' failed: No such file or directory

Try --help for usage information.
cp: cannot stat 'result/*': No such file or directory
cp: cannot stat '/tmp/log/pr/pr-hdds-2111-hlhfn/acceptance/log.html': No such file or directory
