+ mvn install -B -f pom.ozone.xml -DskipTests
[INFO] Scanning for projects...
[WARNING] 
[WARNING] Some problems were encountered while building the effective model for org.apache.hadoop:hadoop-ozone-recon:jar:0.5.0-SNAPSHOT
[WARNING] The expression ${version} is deprecated. Please use ${project.version} instead.
[WARNING] 
[WARNING] Some problems were encountered while building the effective model for org.apache.hadoop:hadoop-hdds-server-scm:jar:0.5.0-SNAPSHOT
[WARNING] 'dependencies.dependency.(groupId:artifactId:type:classifier)' must be unique: io.dropwizard.metrics:metrics-core:jar -> duplicate declaration of version (?) @ line 103, column 17
[WARNING] 
[WARNING] It is highly recommended to fix these problems because they threaten the stability of your build.
[WARNING] 
[WARNING] For this reason, future Maven versions might no longer support building such malformed projects.
[WARNING] 
[INFO] ------------------------------------------------------------------------
[INFO] Detecting the operating system and CPU architecture
[INFO] ------------------------------------------------------------------------
[INFO] os.detected.name: linux
[INFO] os.detected.arch: x86_64
[INFO] os.detected.version: 3.10
[INFO] os.detected.version.major: 3
[INFO] os.detected.version.minor: 10
[INFO] os.detected.release: alpine
[INFO] os.detected.release.version: 3.8.2
[INFO] os.detected.release.like.alpine: true
[INFO] os.detected.classifier: linux-x86_64
[INFO] ------------------------------------------------------------------------
[INFO] Reactor Build Order:
[INFO] 
[INFO] Apache Hadoop HDDS                                                 [pom]
[INFO] Apache Hadoop HDDS Config                                          [jar]
[INFO] Apache Hadoop HDDS Common                                          [jar]
[INFO] Apache Hadoop HDDS Server Framework                                [jar]
[INFO] Apache Hadoop HDDS Container Service                               [jar]
[INFO] Apache Hadoop HDDS Client                                          [jar]
[INFO] Apache Hadoop HDDS Tools                                           [jar]
[INFO] Apache Hadoop Ozone                                                [pom]
[INFO] Apache Hadoop Ozone Common                                         [jar]
[INFO] Apache Hadoop Ozone Client                                         [jar]
[INFO] Apache Hadoop HDDS/Ozone Documentation                             [jar]
[INFO] Apache Hadoop HDDS SCM Server                                      [jar]
[INFO] Apache Hadoop Ozone Manager Server                                 [jar]
[INFO] Apache Hadoop Ozone Object Store REST Service                      [jar]
[INFO] Apache Hadoop Ozone S3 Gateway                                     [jar]
[INFO] Apache Hadoop Ozone CSI service                                    [jar]
[INFO] Apache Hadoop Ozone Recon CodeGen                                  [jar]
[INFO] Apache Hadoop Ozone Recon                                          [jar]
[INFO] Apache Hadoop Ozone Integration Tests                              [jar]
[INFO] Apache Hadoop Ozone FileSystem                                     [jar]
[INFO] Apache Hadoop Ozone FileSystem Single Jar Library                  [jar]
[INFO] Apache Hadoop Ozone FileSystem Legacy Jar Library                  [jar]
[INFO] Apache Hadoop Ozone Tools                                          [jar]
[INFO] Apache Hadoop Ozone Datanode                                       [jar]
[INFO] Apache Hadoop Ozone In-Place Upgrade                               [jar]
[INFO] Apache Hadoop Ozone Distribution                                   [pom]
[INFO] Apache Hadoop Ozone Fault Injection Tests                          [pom]
[INFO] Apache Hadoop Ozone Network Tests                                  [jar]
[INFO] Apache Hadoop Ozone Main                                           [pom]
[INFO] 
[INFO] -------------------< org.apache.hadoop:hadoop-hdds >--------------------
[INFO] Building Apache Hadoop HDDS 0.5.0-SNAPSHOT                        [1/29]
[INFO] --------------------------------[ pom ]---------------------------------
[INFO] 
[INFO] --- maven-antrun-plugin:1.7:run (create-testdirs) @ hadoop-hdds ---
[INFO] Executing tasks

main:
    [mkdir] Created dir: /workdir/hadoop-hdds/target/test-dir
[INFO] Executed tasks
[INFO] 
[INFO] --- maven-remote-resources-plugin:1.5:process (default) @ hadoop-hdds ---
[INFO] 
[INFO] --- maven-site-plugin:3.6:attach-descriptor (attach-descriptor) @ hadoop-hdds ---
[INFO] No site descriptor found: nothing to attach.
[INFO] 
[INFO] --- maven-dependency-plugin:3.0.2:build-classpath (add-classpath-descriptor) @ hadoop-hdds ---
[INFO] Wrote classpath file '/workdir/hadoop-hdds/target/classpath'.
[INFO] 
[INFO] --- build-helper-maven-plugin:1.9:attach-artifact (attach-classpath-artifact) @ hadoop-hdds ---
[INFO] 
[INFO] --- maven-jar-plugin:2.5:test-jar (default) @ hadoop-hdds ---
[WARNING] JAR will be empty - no content was marked for inclusion!
[INFO] Building jar: /workdir/hadoop-hdds/target/hadoop-hdds-0.5.0-SNAPSHOT-tests.jar
[INFO] 
[INFO] --- animal-sniffer-maven-plugin:1.16:check (signature-check) @ hadoop-hdds ---
[INFO] Checking unresolved references to org.codehaus.mojo.signature:java18:1.0
[INFO] Downloading from apache.snapshots.https: https://repository.apache.org/content/repositories/snapshots/org/codehaus/mojo/signature/java18/1.0/java18-1.0.signature
[INFO] Downloading from repository.jboss.org: http://repository.jboss.org/nexus/content/groups/public/org/codehaus/mojo/signature/java18/1.0/java18-1.0.signature
[INFO] Downloading from central: https://repo.maven.apache.org/maven2/org/codehaus/mojo/signature/java18/1.0/java18-1.0.signature
[INFO] Downloaded from central: https://repo.maven.apache.org/maven2/org/codehaus/mojo/signature/java18/1.0/java18-1.0.signature (2.0 MB at 4.4 MB/s)
[INFO] 
[INFO] --- maven-enforcer-plugin:3.0.0-M1:enforce (depcheck) @ hadoop-hdds ---
[INFO] 
[INFO] --- maven-install-plugin:2.5.1:install (default-install) @ hadoop-hdds ---
[INFO] Installing /workdir/hadoop-hdds/pom.xml to /home/user/.m2/repository/org/apache/hadoop/hadoop-hdds/0.5.0-SNAPSHOT/hadoop-hdds-0.5.0-SNAPSHOT.pom
[INFO] Installing /workdir/hadoop-hdds/target/classpath to /home/user/.m2/repository/org/apache/hadoop/hadoop-hdds/0.5.0-SNAPSHOT/hadoop-hdds-0.5.0-SNAPSHOT-classpath.cp
[INFO] Installing /workdir/hadoop-hdds/target/hadoop-hdds-0.5.0-SNAPSHOT-tests.jar to /home/user/.m2/repository/org/apache/hadoop/hadoop-hdds/0.5.0-SNAPSHOT/hadoop-hdds-0.5.0-SNAPSHOT-tests.jar
[INFO] 
[INFO] ----------------< org.apache.hadoop:hadoop-hdds-config >----------------
[INFO] Building Apache Hadoop HDDS Config 0.5.0-SNAPSHOT                 [2/29]
[INFO] --------------------------------[ jar ]---------------------------------
[INFO] 
[INFO] --- maven-antrun-plugin:1.7:run (create-testdirs) @ hadoop-hdds-config ---
[INFO] Executing tasks

main:
    [mkdir] Created dir: /workdir/hadoop-hdds/config/target/test-dir
[INFO] Executed tasks
[INFO] 
[INFO] --- maven-remote-resources-plugin:1.5:process (default) @ hadoop-hdds-config ---
[INFO] 
[INFO] --- maven-resources-plugin:2.6:resources (default-resources) @ hadoop-hdds-config ---
[INFO] Using 'UTF-8' encoding to copy filtered resources.
[INFO] skip non existing resourceDirectory /workdir/hadoop-hdds/config/src/main/resources
[INFO] Copying 2 resources
[INFO] 
[INFO] --- maven-compiler-plugin:3.1:compile (default-compile) @ hadoop-hdds-config ---
[INFO] Compiling 8 source files to /workdir/hadoop-hdds/config/target/classes
[INFO] 
[INFO] --- maven-resources-plugin:2.6:testResources (default-testResources) @ hadoop-hdds-config ---
[INFO] Using 'UTF-8' encoding to copy filtered resources.
[INFO] Copying 1 resource
[INFO] Copying 2 resources
[INFO] 
[INFO] --- maven-compiler-plugin:3.1:testCompile (default-testCompile) @ hadoop-hdds-config ---
[INFO] Compiling 3 source files to /workdir/hadoop-hdds/config/target/test-classes
[INFO] 
[INFO] --- maven-surefire-plugin:3.0.0-M1:test (default-test) @ hadoop-hdds-config ---
[INFO] Tests are skipped.
[INFO] 
[INFO] --- maven-jar-plugin:2.5:jar (default-jar) @ hadoop-hdds-config ---
[INFO] Building jar: /workdir/hadoop-hdds/config/target/hadoop-hdds-config-0.5.0-SNAPSHOT.jar
[INFO] 
[INFO] --- maven-site-plugin:3.6:attach-descriptor (attach-descriptor) @ hadoop-hdds-config ---
[INFO] Skipping because packaging 'jar' is not pom.
[INFO] 
[INFO] --- maven-dependency-plugin:3.0.2:build-classpath (add-classpath-descriptor) @ hadoop-hdds-config ---
[INFO] Wrote classpath file '/workdir/hadoop-hdds/config/target/classpath'.
[INFO] 
[INFO] --- build-helper-maven-plugin:1.9:attach-artifact (attach-classpath-artifact) @ hadoop-hdds-config ---
[INFO] 
[INFO] --- maven-jar-plugin:2.5:test-jar (default) @ hadoop-hdds-config ---
[INFO] Building jar: /workdir/hadoop-hdds/config/target/hadoop-hdds-config-0.5.0-SNAPSHOT-tests.jar
[INFO] 
[INFO] --- animal-sniffer-maven-plugin:1.16:check (signature-check) @ hadoop-hdds-config ---
[INFO] Checking unresolved references to org.codehaus.mojo.signature:java18:1.0
[INFO] 
[INFO] --- maven-enforcer-plugin:3.0.0-M1:enforce (depcheck) @ hadoop-hdds-config ---
[INFO] 
[INFO] --- maven-install-plugin:2.5.1:install (default-install) @ hadoop-hdds-config ---
[INFO] Installing /workdir/hadoop-hdds/config/target/hadoop-hdds-config-0.5.0-SNAPSHOT.jar to /home/user/.m2/repository/org/apache/hadoop/hadoop-hdds-config/0.5.0-SNAPSHOT/hadoop-hdds-config-0.5.0-SNAPSHOT.jar
[INFO] Installing /workdir/hadoop-hdds/config/pom.xml to /home/user/.m2/repository/org/apache/hadoop/hadoop-hdds-config/0.5.0-SNAPSHOT/hadoop-hdds-config-0.5.0-SNAPSHOT.pom
[INFO] Installing /workdir/hadoop-hdds/config/target/classpath to /home/user/.m2/repository/org/apache/hadoop/hadoop-hdds-config/0.5.0-SNAPSHOT/hadoop-hdds-config-0.5.0-SNAPSHOT-classpath.cp
[INFO] Installing /workdir/hadoop-hdds/config/target/hadoop-hdds-config-0.5.0-SNAPSHOT-tests.jar to /home/user/.m2/repository/org/apache/hadoop/hadoop-hdds-config/0.5.0-SNAPSHOT/hadoop-hdds-config-0.5.0-SNAPSHOT-tests.jar
[INFO] 
[INFO] ----------------< org.apache.hadoop:hadoop-hdds-common >----------------
[INFO] Building Apache Hadoop HDDS Common 0.5.0-SNAPSHOT                 [3/29]
[INFO] --------------------------------[ jar ]---------------------------------
[INFO] Downloading from apache.snapshots.https: https://repository.apache.org/content/repositories/snapshots/org/apache/ratis/ratis-server/0.4.0-2337318-SNAPSHOT/maven-metadata.xml
[INFO] Downloaded from apache.snapshots.https: https://repository.apache.org/content/repositories/snapshots/org/apache/ratis/ratis-server/0.4.0-2337318-SNAPSHOT/maven-metadata.xml (1.0 kB at 1.6 kB/s)
[INFO] Downloading from apache.snapshots.https: https://repository.apache.org/content/repositories/snapshots/org/apache/ratis/ratis-server/0.4.0-2337318-SNAPSHOT/ratis-server-0.4.0-2337318-20190628.085515-1.pom
[INFO] Downloaded from apache.snapshots.https: https://repository.apache.org/content/repositories/snapshots/org/apache/ratis/ratis-server/0.4.0-2337318-SNAPSHOT/ratis-server-0.4.0-2337318-20190628.085515-1.pom (2.7 kB at 4.4 kB/s)
[INFO] Downloading from apache.snapshots.https: https://repository.apache.org/content/repositories/snapshots/org/apache/ratis/ratis/0.4.0-2337318-SNAPSHOT/maven-metadata.xml
[INFO] Downloaded from apache.snapshots.https: https://repository.apache.org/content/repositories/snapshots/org/apache/ratis/ratis/0.4.0-2337318-SNAPSHOT/maven-metadata.xml (614 B at 1.0 kB/s)
[INFO] Downloading from apache.snapshots.https: https://repository.apache.org/content/repositories/snapshots/org/apache/ratis/ratis/0.4.0-2337318-SNAPSHOT/ratis-0.4.0-2337318-20190628.085254-1.pom
[INFO] Downloaded from apache.snapshots.https: https://repository.apache.org/content/repositories/snapshots/org/apache/ratis/ratis/0.4.0-2337318-SNAPSHOT/ratis-0.4.0-2337318-20190628.085254-1.pom (33 kB at 48 kB/s)
[INFO] Downloading from apache.snapshots.https: https://repository.apache.org/content/repositories/snapshots/org/apache/ratis/ratis-proto/0.4.0-2337318-SNAPSHOT/maven-metadata.xml
[INFO] Downloading from apache.snapshots: https://repository.apache.org/snapshots/org/apache/ratis/ratis-proto/0.4.0-2337318-SNAPSHOT/maven-metadata.xml
[INFO] Downloaded from apache.snapshots.https: https://repository.apache.org/content/repositories/snapshots/org/apache/ratis/ratis-proto/0.4.0-2337318-SNAPSHOT/maven-metadata.xml (1.2 kB at 1.9 kB/s)
[INFO] Downloaded from apache.snapshots: https://repository.apache.org/snapshots/org/apache/ratis/ratis-proto/0.4.0-2337318-SNAPSHOT/maven-metadata.xml (1.2 kB at 1.9 kB/s)
[INFO] Downloading from apache.snapshots.https: https://repository.apache.org/content/repositories/snapshots/org/apache/ratis/ratis-proto/0.4.0-2337318-SNAPSHOT/ratis-proto-0.4.0-2337318-20190628.085316-1.pom
[INFO] Downloaded from apache.snapshots.https: https://repository.apache.org/content/repositories/snapshots/org/apache/ratis/ratis-proto/0.4.0-2337318-SNAPSHOT/ratis-proto-0.4.0-2337318-20190628.085316-1.pom (6.9 kB at 11 kB/s)
[INFO] Downloading from apache.snapshots.https: https://repository.apache.org/content/repositories/snapshots/org/apache/ratis/ratis-common/0.4.0-2337318-SNAPSHOT/maven-metadata.xml
[INFO] Downloading from apache.snapshots: https://repository.apache.org/snapshots/org/apache/ratis/ratis-common/0.4.0-2337318-SNAPSHOT/maven-metadata.xml
[INFO] Downloaded from apache.snapshots: https://repository.apache.org/snapshots/org/apache/ratis/ratis-common/0.4.0-2337318-SNAPSHOT/maven-metadata.xml (1.0 kB at 1.5 kB/s)
[INFO] Downloaded from apache.snapshots.https: https://repository.apache.org/content/repositories/snapshots/org/apache/ratis/ratis-common/0.4.0-2337318-SNAPSHOT/maven-metadata.xml (1.0 kB at 1.5 kB/s)
[INFO] Downloading from apache.snapshots.https: https://repository.apache.org/content/repositories/snapshots/org/apache/ratis/ratis-common/0.4.0-2337318-SNAPSHOT/ratis-common-0.4.0-2337318-20190628.085351-1.pom
[INFO] Downloaded from apache.snapshots.https: https://repository.apache.org/content/repositories/snapshots/org/apache/ratis/ratis-common/0.4.0-2337318-SNAPSHOT/ratis-common-0.4.0-2337318-20190628.085351-1.pom (5.0 kB at 8.4 kB/s)
[INFO] Downloading from apache.snapshots.https: https://repository.apache.org/content/repositories/snapshots/org/apache/ratis/ratis-client/0.4.0-2337318-SNAPSHOT/maven-metadata.xml
[INFO] Downloading from apache.snapshots: https://repository.apache.org/snapshots/org/apache/ratis/ratis-client/0.4.0-2337318-SNAPSHOT/maven-metadata.xml
[INFO] Downloaded from apache.snapshots.https: https://repository.apache.org/content/repositories/snapshots/org/apache/ratis/ratis-client/0.4.0-2337318-SNAPSHOT/maven-metadata.xml (1.0 kB at 1.7 kB/s)
[INFO] Downloaded from apache.snapshots: https://repository.apache.org/snapshots/org/apache/ratis/ratis-client/0.4.0-2337318-SNAPSHOT/maven-metadata.xml (1.0 kB at 1.7 kB/s)
[INFO] Downloading from apache.snapshots.https: https://repository.apache.org/content/repositories/snapshots/org/apache/ratis/ratis-client/0.4.0-2337318-SNAPSHOT/ratis-client-0.4.0-2337318-20190628.085420-1.pom
[INFO] Downloaded from apache.snapshots.https: https://repository.apache.org/content/repositories/snapshots/org/apache/ratis/ratis-client/0.4.0-2337318-SNAPSHOT/ratis-client-0.4.0-2337318-20190628.085420-1.pom (1.6 kB at 2.6 kB/s)
[INFO] Downloading from apache.snapshots: https://repository.apache.org/snapshots/org/apache/ratis/ratis-metrics/0.4.0-2337318-SNAPSHOT/maven-metadata.xml
[INFO] Downloading from apache.snapshots.https: https://repository.apache.org/content/repositories/snapshots/org/apache/ratis/ratis-metrics/0.4.0-2337318-SNAPSHOT/maven-metadata.xml
[INFO] Downloaded from apache.snapshots.https: https://repository.apache.org/content/repositories/snapshots/org/apache/ratis/ratis-metrics/0.4.0-2337318-SNAPSHOT/maven-metadata.xml (1.0 kB at 1.7 kB/s)
[INFO] Downloaded from apache.snapshots: https://repository.apache.org/snapshots/org/apache/ratis/ratis-metrics/0.4.0-2337318-SNAPSHOT/maven-metadata.xml (1.0 kB at 1.7 kB/s)
[INFO] Downloading from apache.snapshots.https: https://repository.apache.org/content/repositories/snapshots/org/apache/ratis/ratis-metrics/0.4.0-2337318-SNAPSHOT/ratis-metrics-0.4.0-2337318-20190628.085448-1.pom
[INFO] Downloaded from apache.snapshots.https: https://repository.apache.org/content/repositories/snapshots/org/apache/ratis/ratis-metrics/0.4.0-2337318-SNAPSHOT/ratis-metrics-0.4.0-2337318-20190628.085448-1.pom (2.1 kB at 3.3 kB/s)
[INFO] Downloading from apache.snapshots.https: https://repository.apache.org/content/repositories/snapshots/org/apache/ratis/ratis-netty/0.4.0-2337318-SNAPSHOT/maven-metadata.xml
[INFO] Downloaded from apache.snapshots.https: https://repository.apache.org/content/repositories/snapshots/org/apache/ratis/ratis-netty/0.4.0-2337318-SNAPSHOT/maven-metadata.xml (1.0 kB at 1.7 kB/s)
[INFO] Downloading from apache.snapshots.https: https://repository.apache.org/content/repositories/snapshots/org/apache/ratis/ratis-netty/0.4.0-2337318-SNAPSHOT/ratis-netty-0.4.0-2337318-20190628.085613-1.pom
[INFO] Downloaded from apache.snapshots.https: https://repository.apache.org/content/repositories/snapshots/org/apache/ratis/ratis-netty/0.4.0-2337318-SNAPSHOT/ratis-netty-0.4.0-2337318-20190628.085613-1.pom (2.4 kB at 4.0 kB/s)
[INFO] Downloading from apache.snapshots.https: https://repository.apache.org/content/repositories/snapshots/org/apache/ratis/ratis-grpc/0.4.0-2337318-SNAPSHOT/maven-metadata.xml
[INFO] Downloaded from apache.snapshots.https: https://repository.apache.org/content/repositories/snapshots/org/apache/ratis/ratis-grpc/0.4.0-2337318-SNAPSHOT/maven-metadata.xml (1.0 kB at 1.7 kB/s)
[INFO] Downloading from apache.snapshots.https: https://repository.apache.org/content/repositories/snapshots/org/apache/ratis/ratis-grpc/0.4.0-2337318-SNAPSHOT/ratis-grpc-0.4.0-2337318-20190628.085545-1.pom
[INFO] Downloaded from apache.snapshots.https: https://repository.apache.org/content/repositories/snapshots/org/apache/ratis/ratis-grpc/0.4.0-2337318-SNAPSHOT/ratis-grpc-0.4.0-2337318-20190628.085545-1.pom (2.4 kB at 4.0 kB/s)
[INFO] Downloading from apache.snapshots.https: https://repository.apache.org/content/repositories/snapshots/org/rocksdb/rocksdbjni/6.0.1/rocksdbjni-6.0.1.pom
[INFO] Downloading from repository.jboss.org: http://repository.jboss.org/nexus/content/groups/public/org/rocksdb/rocksdbjni/6.0.1/rocksdbjni-6.0.1.pom
[INFO] Downloading from central: https://repo.maven.apache.org/maven2/org/rocksdb/rocksdbjni/6.0.1/rocksdbjni-6.0.1.pom
[INFO] Downloaded from central: https://repo.maven.apache.org/maven2/org/rocksdb/rocksdbjni/6.0.1/rocksdbjni-6.0.1.pom (6.4 kB at 267 kB/s)
[INFO] Downloading from apache.snapshots.https: https://repository.apache.org/content/repositories/snapshots/org/apache/ratis/ratis-server/0.4.0-2337318-SNAPSHOT/ratis-server-0.4.0-2337318-20190628.085515-1.jar
[INFO] Downloading from apache.snapshots.https: https://repository.apache.org/content/repositories/snapshots/org/apache/ratis/ratis-metrics/0.4.0-2337318-SNAPSHOT/ratis-metrics-0.4.0-2337318-20190628.085448-1.jar
[INFO] Downloading from apache.snapshots.https: https://repository.apache.org/content/repositories/snapshots/org/apache/ratis/ratis-client/0.4.0-2337318-SNAPSHOT/ratis-client-0.4.0-2337318-20190628.085420-1.jar
[INFO] Downloading from apache.snapshots.https: https://repository.apache.org/content/repositories/snapshots/org/apache/ratis/ratis-common/0.4.0-2337318-SNAPSHOT/ratis-common-0.4.0-2337318-20190628.085351-1.jar
[INFO] Downloading from apache.snapshots.https: https://repository.apache.org/content/repositories/snapshots/org/apache/ratis/ratis-proto/0.4.0-2337318-SNAPSHOT/ratis-proto-0.4.0-2337318-20190628.085316-1.jar
[INFO] Downloaded from apache.snapshots.https: https://repository.apache.org/content/repositories/snapshots/org/apache/ratis/ratis-metrics/0.4.0-2337318-SNAPSHOT/ratis-metrics-0.4.0-2337318-20190628.085448-1.jar (19 kB at 28 kB/s)
[INFO] Downloading from apache.snapshots.https: https://repository.apache.org/content/repositories/snapshots/org/apache/ratis/ratis-netty/0.4.0-2337318-SNAPSHOT/ratis-netty-0.4.0-2337318-20190628.085613-1.jar
[INFO] Downloaded from apache.snapshots.https: https://repository.apache.org/content/repositories/snapshots/org/apache/ratis/ratis-client/0.4.0-2337318-SNAPSHOT/ratis-client-0.4.0-2337318-20190628.085420-1.jar (56 kB at 73 kB/s)
[INFO] Downloading from apache.snapshots.https: https://repository.apache.org/content/repositories/snapshots/org/apache/ratis/ratis-grpc/0.4.0-2337318-SNAPSHOT/ratis-grpc-0.4.0-2337318-20190628.085545-1.jar
[INFO] Downloaded from apache.snapshots.https: https://repository.apache.org/content/repositories/snapshots/org/apache/ratis/ratis-common/0.4.0-2337318-SNAPSHOT/ratis-common-0.4.0-2337318-20190628.085351-1.jar (253 kB at 281 kB/s)
[INFO] Downloaded from apache.snapshots.https: https://repository.apache.org/content/repositories/snapshots/org/apache/ratis/ratis-server/0.4.0-2337318-SNAPSHOT/ratis-server-0.4.0-2337318-20190628.085515-1.jar (335 kB at 371 kB/s)
[INFO] Downloading from apache.snapshots.https: https://repository.apache.org/content/repositories/snapshots/org/rocksdb/rocksdbjni/6.0.1/rocksdbjni-6.0.1.jar
[INFO] Downloaded from apache.snapshots.https: https://repository.apache.org/content/repositories/snapshots/org/apache/ratis/ratis-proto/0.4.0-2337318-SNAPSHOT/ratis-proto-0.4.0-2337318-20190628.085316-1.jar (1.1 MB at 1.1 MB/s)
[INFO] Downloaded from apache.snapshots.https: https://repository.apache.org/content/repositories/snapshots/org/apache/ratis/ratis-netty/0.4.0-2337318-SNAPSHOT/ratis-netty-0.4.0-2337318-20190628.085613-1.jar (34 kB at 25 kB/s)
[INFO] Downloaded from apache.snapshots.https: https://repository.apache.org/content/repositories/snapshots/org/apache/ratis/ratis-grpc/0.4.0-2337318-SNAPSHOT/ratis-grpc-0.4.0-2337318-20190628.085545-1.jar (105 kB at 67 kB/s)
[INFO] Downloading from repository.jboss.org: http://repository.jboss.org/nexus/content/groups/public/org/rocksdb/rocksdbjni/6.0.1/rocksdbjni-6.0.1.jar
[INFO] Downloading from central: https://repo.maven.apache.org/maven2/org/rocksdb/rocksdbjni/6.0.1/rocksdbjni-6.0.1.jar
[INFO] Downloaded from central: https://repo.maven.apache.org/maven2/org/rocksdb/rocksdbjni/6.0.1/rocksdbjni-6.0.1.jar (13 MB at 20 MB/s)
[INFO] 
[INFO] --- maven-antrun-plugin:1.7:run (create-testdirs) @ hadoop-hdds-common ---
[INFO] Executing tasks

main:
    [mkdir] Created dir: /workdir/hadoop-hdds/common/target/test-dir
[INFO] Executed tasks
[INFO] 
[INFO] --- hadoop-maven-plugins:3.2.0:protoc (compile-protoc) @ hadoop-hdds-common ---
[INFO] Wrote protoc checksums to file /workdir/hadoop-hdds/common/target/hadoop-maven-plugins-protoc-checksums.json
[INFO] 
[INFO] --- protobuf-maven-plugin:0.5.1:compile (compile-protoc) @ hadoop-hdds-common ---
[INFO] Compiling 1 proto file(s) to /workdir/hadoop-hdds/common/target/generated-sources/java
[INFO] 
[INFO] --- protobuf-maven-plugin:0.5.1:compile-custom (compile-protoc) @ hadoop-hdds-common ---
[INFO] Compiling 1 proto file(s) to /workdir/hadoop-hdds/common/target/generated-sources/java
[INFO] 
[INFO] --- maven-antrun-plugin:1.7:run (default) @ hadoop-hdds-common ---
[WARNING] Parameter tasks is deprecated, use target instead
[INFO] Executing tasks

main:
[INFO] Executed tasks
[INFO] 
[INFO] --- hadoop-maven-plugins:3.2.0:version-info (version-info) @ hadoop-hdds-common ---
[INFO] SCM: GIT
[INFO] Computed MD5: a65f23bb42a38272e89f1cbbe50dacb
[INFO] 
[INFO] --- maven-remote-resources-plugin:1.5:process (default) @ hadoop-hdds-common ---
[INFO] Downloading from apache.snapshots: https://repository.apache.org/snapshots/org/apache/ratis/ratis/0.4.0-2337318-SNAPSHOT/maven-metadata.xml
[INFO] Downloaded from apache.snapshots: https://repository.apache.org/snapshots/org/apache/ratis/ratis/0.4.0-2337318-SNAPSHOT/maven-metadata.xml (614 B at 1.0 kB/s)
[INFO] Downloading from apache.snapshots: https://repository.apache.org/snapshots/org/apache/ratis/ratis/0.4.0-2337318-SNAPSHOT/ratis-0.4.0-2337318-20190628.085254-1.pom
[INFO] Downloaded from apache.snapshots: https://repository.apache.org/snapshots/org/apache/ratis/ratis/0.4.0-2337318-SNAPSHOT/ratis-0.4.0-2337318-20190628.085254-1.pom (0 B at 0 B/s)
[INFO] 
[INFO] --- maven-resources-plugin:2.6:resources (default-resources) @ hadoop-hdds-common ---
[INFO] Using 'UTF-8' encoding to copy filtered resources.
[INFO] Copying 5 resources
[INFO] Copying 1 resource
[INFO] Copying 1 resource
[INFO] Copying 1 resource
[INFO] Copying 2 resources
[INFO] 
[INFO] --- maven-compiler-plugin:3.1:compile (default-compile) @ hadoop-hdds-common ---
[INFO] Compiling 236 source files to /workdir/hadoop-hdds/common/target/classes
[WARNING] /workdir/hadoop-hdds/common/src/main/java/org/apache/hadoop/utils/MetadataStoreBuilder.java: Some input files use or override a deprecated API.
[WARNING] /workdir/hadoop-hdds/common/src/main/java/org/apache/hadoop/utils/MetadataStoreBuilder.java: Recompile with -Xlint:deprecation for details.
[WARNING] /workdir/hadoop-hdds/common/src/main/java/org/apache/hadoop/utils/db/TypedTable.java: Some input files use unchecked or unsafe operations.
[WARNING] /workdir/hadoop-hdds/common/src/main/java/org/apache/hadoop/utils/db/TypedTable.java: Recompile with -Xlint:unchecked for details.
[INFO] 
[INFO] --- protobuf-maven-plugin:0.5.1:test-compile (compile-protoc) @ hadoop-hdds-common ---
[INFO] /workdir/hadoop-hdds/common/src/test/proto does not exist. Review the configuration or consider disabling the plugin.
[INFO] 
[INFO] --- protobuf-maven-plugin:0.5.1:test-compile-custom (compile-protoc) @ hadoop-hdds-common ---
[INFO] /workdir/hadoop-hdds/common/src/test/proto does not exist. Review the configuration or consider disabling the plugin.
[INFO] 
[INFO] --- maven-resources-plugin:2.6:testResources (default-testResources) @ hadoop-hdds-common ---
[INFO] Using 'UTF-8' encoding to copy filtered resources.
[INFO] Copying 20 resources
[INFO] Copying 2 resources
[INFO] 
[INFO] --- maven-compiler-plugin:3.1:testCompile (default-testCompile) @ hadoop-hdds-common ---
[INFO] Compiling 54 source files to /workdir/hadoop-hdds/common/target/test-classes
[WARNING] /workdir/hadoop-hdds/common/src/test/java/org/apache/hadoop/utils/db/TestRDBStore.java: Some input files use unchecked or unsafe operations.
[WARNING] /workdir/hadoop-hdds/common/src/test/java/org/apache/hadoop/utils/db/TestRDBStore.java: Recompile with -Xlint:unchecked for details.
[INFO] 
[INFO] --- maven-surefire-plugin:3.0.0-M1:test (default-test) @ hadoop-hdds-common ---
[INFO] Tests are skipped.
[INFO] 
[INFO] --- maven-jar-plugin:2.5:jar (default-jar) @ hadoop-hdds-common ---
[INFO] Building jar: /workdir/hadoop-hdds/common/target/hadoop-hdds-common-0.5.0-SNAPSHOT.jar
[INFO] 
[INFO] --- maven-site-plugin:3.6:attach-descriptor (attach-descriptor) @ hadoop-hdds-common ---
[INFO] Skipping because packaging 'jar' is not pom.
[INFO] 
[INFO] --- maven-dependency-plugin:3.0.2:build-classpath (add-classpath-descriptor) @ hadoop-hdds-common ---
[INFO] Wrote classpath file '/workdir/hadoop-hdds/common/target/classpath'.
[INFO] 
[INFO] --- build-helper-maven-plugin:1.9:attach-artifact (attach-classpath-artifact) @ hadoop-hdds-common ---
[INFO] 
[INFO] --- maven-jar-plugin:2.5:test-jar (default) @ hadoop-hdds-common ---
[INFO] Building jar: /workdir/hadoop-hdds/common/target/hadoop-hdds-common-0.5.0-SNAPSHOT-tests.jar
[INFO] 
[INFO] --- animal-sniffer-maven-plugin:1.16:check (signature-check) @ hadoop-hdds-common ---
[INFO] Checking unresolved references to org.codehaus.mojo.signature:java18:1.0
[INFO] 
[INFO] --- maven-enforcer-plugin:3.0.0-M1:enforce (depcheck) @ hadoop-hdds-common ---
[WARNING] 
Dependency convergence error for com.google.errorprone:error_prone_annotations:2.2.0 paths to dependency are:
+-org.apache.hadoop:hadoop-hdds-common:0.5.0-SNAPSHOT
  +-com.google.errorprone:error_prone_annotations:2.2.0
and
+-org.apache.hadoop:hadoop-hdds-common:0.5.0-SNAPSHOT
  +-com.google.guava:guava:26.0-android
    +-com.google.errorprone:error_prone_annotations:2.1.3

[WARNING] Rule 0: org.apache.maven.plugins.enforcer.DependencyConvergence failed with message:
Failed while enforcing releasability. See above detailed error message.
[INFO] ------------------------------------------------------------------------
[INFO] Reactor Summary:
[INFO] 
[INFO] Apache Hadoop HDDS ................................. SUCCESS [ 11.011 s]
[INFO] Apache Hadoop HDDS Config .......................... SUCCESS [  8.128 s]
[INFO] Apache Hadoop HDDS Common .......................... FAILURE [ 41.649 s]
[INFO] Apache Hadoop HDDS Server Framework ................ SKIPPED
[INFO] Apache Hadoop HDDS Container Service ............... SKIPPED
[INFO] Apache Hadoop HDDS Client .......................... SKIPPED
[INFO] Apache Hadoop HDDS Tools ........................... SKIPPED
[INFO] Apache Hadoop Ozone ................................ SKIPPED
[INFO] Apache Hadoop Ozone Common ......................... SKIPPED
[INFO] Apache Hadoop Ozone Client ......................... SKIPPED
[INFO] Apache Hadoop HDDS/Ozone Documentation ............. SKIPPED
[INFO] Apache Hadoop HDDS SCM Server ...................... SKIPPED
[INFO] Apache Hadoop Ozone Manager Server ................. SKIPPED
[INFO] Apache Hadoop Ozone Object Store REST Service ...... SKIPPED
[INFO] Apache Hadoop Ozone S3 Gateway ..................... SKIPPED
[INFO] Apache Hadoop Ozone CSI service .................... SKIPPED
[INFO] Apache Hadoop Ozone Recon CodeGen .................. SKIPPED
[INFO] Apache Hadoop Ozone Recon .......................... SKIPPED
[INFO] Apache Hadoop Ozone Integration Tests .............. SKIPPED
[INFO] Apache Hadoop Ozone FileSystem ..................... SKIPPED
[INFO] Apache Hadoop Ozone FileSystem Single Jar Library .. SKIPPED
[INFO] Apache Hadoop Ozone FileSystem Legacy Jar Library .. SKIPPED
[INFO] Apache Hadoop Ozone Tools .......................... SKIPPED
[INFO] Apache Hadoop Ozone Datanode ....................... SKIPPED
[INFO] Apache Hadoop Ozone In-Place Upgrade ............... SKIPPED
[INFO] Apache Hadoop Ozone Distribution ................... SKIPPED
[INFO] Apache Hadoop Ozone Fault Injection Tests .......... SKIPPED
[INFO] Apache Hadoop Ozone Network Tests .................. SKIPPED
[INFO] Apache Hadoop Ozone Main 0.5.0-SNAPSHOT ............ SKIPPED
[INFO] ------------------------------------------------------------------------
[INFO] BUILD FAILURE
[INFO] ------------------------------------------------------------------------
[INFO] Total time: 01:02 min
[INFO] Finished at: 2019-08-23T10:39:03Z
[INFO] ------------------------------------------------------------------------
[ERROR] Failed to execute goal org.apache.maven.plugins:maven-enforcer-plugin:3.0.0-M1:enforce (depcheck) on project hadoop-hdds-common: Some Enforcer rules have failed. Look above for specific messages explaining why the rule failed. -> [Help 1]
[ERROR] 
[ERROR] To see the full stack trace of the errors, re-run Maven with the -e switch.
[ERROR] Re-run Maven using the -X switch to enable full debug logging.
[ERROR] 
[ERROR] For more information about the errors and possible solutions, please read the following articles:
[ERROR] [Help 1] http://cwiki.apache.org/confluence/display/MAVEN/MojoExecutionException
[ERROR] 
[ERROR] After correcting the problems, you can resume the build with the command
[ERROR]   mvn <goals> -rf :hadoop-hdds-common
+ hadoop-ozone/dev-support/checks/acceptance.sh
hadoop-ozone/dev-support/checks/acceptance.sh: line 20: cd: /workdir/hadoop-ozone/dev-support/checks/../../dist/target/ozone-0.5.0-SNAPSHOT/compose: No such file or directory
+ RET=1
+ cp -r 'hadoop-ozone/dist/target/ozone-*/compose/result' /tmp/log/pr/pr-hdds-2021-rfm2m/acceptance/smokeresult
cp: cannot stat 'hadoop-ozone/dist/target/ozone-*/compose/result': No such file or directory
+ exit 1
