#
# A fatal error has been detected by the Java Runtime Environment:
#
#  SIGSEGV (0xb) at pc=0x00007f48ed6d2810, pid=3028, tid=0x00007f48d1ec6ae0
#
# JRE version: OpenJDK Runtime Environment (8.0_212-b04) (build 1.8.0_212-b04)
# Java VM: OpenJDK 64-Bit Server VM (25.212-b04 mixed mode linux-amd64 compressed oops)
# Derivative: IcedTea 3.12.0
# Distribution: Custom build (Sat May  4 17:31:12 UTC 2019)
# Problematic frame:
# C  [ld-musl-x86_64.so.1+0x53810]  pthread_setname_np+0x5e
#
# Core dump written. Default location: /workdir/hadoop-hdds/container-service/core or core.3028
#
# If you would like to submit a bug report, please include
# instructions on how to reproduce the bug and visit:
#   https://icedtea.classpath.org/bugzilla
#

---------------  T H R E A D  ---------------

Current thread is native thread

siginfo: si_signo: 11 (SIGSEGV), si_code: 1 (SEGV_MAPERR), si_addr: 0x0000000000000038

Registers:
RAX=0x00007f48d1ec6ae0, RBX=0x0000000000000022, RCX=0x0000000000000000, RDX=0x0000000000000000
RSP=0x00007f48d1ec6680, RBP=0x0000000000000000, RSI=0x0000000000000000, RDI=0xfeff73725e73726f
R8 =0x0000000000000000, R9 =0x8080808080808080, R10=0xfefefefefefefeff, R11=0x0000000000000212
R12=0x00005580aa3b9418, R13=0x000000000000000e, R14=0x00007f48d1ec6ae0, R15=0x00007f48ed90bae8
RIP=0x00007f48ed6d2810, EFLAGS=0x0000000000010202, CSGSFS=0x0000000000000033, ERR=0x0000000000000004
  TRAPNO=0x000000000000000e

Top of Stack: (sp=0x00007f48d1ec6680)
0x00007f48d1ec6680:   0000000000000000 0000000000000000
0x00007f48d1ec6690:   0000000000000000 0000000000000000
0x00007f48d1ec66a0:   0000000000000000 0000000000000000
0x00007f48d1ec66b0:   0000000000000000 00005580aa3b9340
0x00007f48d1ec66c0:   00007f48d1ec6710 0000000000000000
0x00007f48d1ec66d0:   00005580aa3b9380 00007f48d1213ec9
0x00007f48d1ec66e0:   0000000000000000 00005580aa3b9440
0x00007f48d1ec66f0:   0000000000000000 00007f48d1ec6760
0x00007f48d1ec6700:   00007f48d1ec6ae0 00007f48ed90bae8
0x00007f48d1ec6710:   0000000000000000 00007f48ec502f41
0x00007f48d1ec6720:   0000000000000000 00007f48d1ec6ae0
0x00007f48d1ec6730:   0000000000000000 00007f48ed6d16c2
0x00007f48d1ec6740:   0000000000000000 0000000000000000
0x00007f48d1ec6750:   0000000000017000 00007f48ed6d35b1
0x00007f48d1ec6760:   0000000000000002 00007f48d1ec6ac0
0x00007f48d1ec6770:   00007f48d1ec6790 0000000000000000
0x00007f48d1ec6780:   0000000000000000 0000000000000000
0x00007f48d1ec6790:   0000000000000002 0000000000000000
0x00007f48d1ec67a0:   0000000000000000 0000000000000000
0x00007f48d1ec67b0:   0000000000000000 0000000000000000
0x00007f48d1ec67c0:   0000000000000000 0000000000000000
0x00007f48d1ec67d0:   0000000000000000 0000000000000000
0x00007f48d1ec67e0:   0000000000000000 0000000000000000
0x00007f48d1ec67f0:   0000000000000000 0000000000000000
0x00007f48d1ec6800:   0000000000000000 0000000000000000
0x00007f48d1ec6810:   0000000000000000 0000000000000000
0x00007f48d1ec6820:   0000000000000000 0000000000000000
0x00007f48d1ec6830:   0000000000000000 0000000000000000
0x00007f48d1ec6840:   0000000000000000 0000000000000000
0x00007f48d1ec6850:   0000000000000000 0000000000000000
0x00007f48d1ec6860:   0000000000000000 0000000000000000
0x00007f48d1ec6870:   0000000000000000 0000000000000000 

Instructions: (pc=0x00007f48ed6d2810)
0x00007f48ed6d27f0:   31 d2 31 c0 4c 89 e6 bf 0f 00 00 00 e8 65 d8 fc
0x00007f48ed6d2800:   ff 85 c0 89 c3 74 7e e8 25 a7 fc ff 8b 18 eb 75
0x00007f48ed6d2810:   8b 4d 38 48 8d 5c 24 0e 48 8d 15 f2 92 03 00 be
0x00007f48ed6d2820:   22 00 00 00 31 c0 48 89 df e8 35 68 ff ff 48 8d 

Register to memory mapping:

RAX=0x00007f48d1ec6ae0 is an unknown value
RBX=0x0000000000000022 is an unknown value
RCX=0x0000000000000000 is an unknown value
RDX=0x0000000000000000 is an unknown value
RSP=0x00007f48d1ec6680 is an unknown value
RBP=0x0000000000000000 is an unknown value
RSI=0x0000000000000000 is an unknown value
RDI=0xfeff73725e73726f is an unknown value
R8 =0x0000000000000000 is an unknown value
R9 =0x8080808080808080 is an unknown value
R10=0xfefefefefefefeff is an unknown value
R11=0x0000000000000212 is an unknown value
R12=0x00005580aa3b9418 is an unknown value
R13=0x000000000000000e is an unknown value
R14=0x00007f48d1ec6ae0 is an unknown value
R15=0x00007f48ed90bae8: __utc+0x1fff68 in /lib/ld-musl-x86_64.so.1 at 0x00007f48ed67f000


Stack: [0x00007f48d1eb2000,0x00007f48d1ec6760],  sp=0x00007f48d1ec6680,  free space=81k
Native frames: (J=compiled Java code, j=interpreted, Vv=VM code, C=native code)
C  [ld-musl-x86_64.so.1+0x53810]  pthread_setname_np+0x5e

[error occurred during error reporting (printing native stack), id 0xb]


---------------  P R O C E S S  ---------------

VM state:not at safepoint (normal execution)

VM Mutex/Monitor currently owned by a thread: None

heap address: 0x0000000080000000, size: 2048 MB, Compressed Oops mode: 32-bit
Narrow klass base: 0x0000000000000000, Narrow klass shift: 3
Compressed class space size: 1073741824 Address: 0x0000000100000000

Heap:
 PSYoungGen      total 611840K, used 178433K [0x00000000d5580000, 0x0000000100000000, 0x0000000100000000)
  eden space 524800K, 34% used [0x00000000d5580000,0x00000000e03c0470,0x00000000f5600000)
  from space 87040K, 0% used [0x00000000fab00000,0x00000000fab00000,0x0000000100000000)
  to   space 87040K, 0% used [0x00000000f5600000,0x00000000f5600000,0x00000000fab00000)
 ParOldGen       total 1398272K, used 0K [0x0000000080000000, 0x00000000d5580000, 0x00000000d5580000)
  object space 1398272K, 0% used [0x0000000080000000,0x0000000080000000,0x00000000d5580000)
 Metaspace       used 16007K, capacity 16254K, committed 16512K, reserved 1062912K
  class space    used 1972K, capacity 2073K, committed 2176K, reserved 1048576K

Card table byte_map: [0x00007f48dc42b000,0x00007f48dc82c000] byte_map_base: 0x00007f48dc02b000

Marking Bits: (ParMarkBitMap*) 0x00007f48ed23d200
 Begin Bits: [0x00007f48d7f7c000, 0x00007f48d9f7c000)
 End Bits:   [0x00007f48d9f7c000, 0x00007f48dbf7c000)

Polling page: 0x00007f48ed808000

CodeCache: size=245760Kb used=4643Kb max_used=4655Kb free=241116Kb
 bounds [0x00007f48dcbec000, 0x00007f48dd07c000, 0x00007f48ebbec000]
 total_blobs=1887 nmethods=1470 adapters=331
 compilation: enabled

Compilation events (10 events):
Event: 1.438 Thread 0x00005580a8f06000 1470       3       sun.nio.ch.Util$BufferCache::get (164 bytes)
Event: 1.438 Thread 0x00005580a8f06000 nmethod 1470 0x00007f48dd074950 code [0x00007f48dd074b40, 0x00007f48dd075688]
Event: 1.442 Thread 0x00005580a8f06000 1471   !   3       sun.nio.ch.NativeThreadSet::remove (50 bytes)
Event: 1.442 Thread 0x00005580a8f06000 nmethod 1471 0x00007f48dd075b50 code [0x00007f48dd075cc0, 0x00007f48dd076108]
Event: 1.442 Thread 0x00005580a8f06000 1472       3       java.nio.channels.spi.AbstractInterruptibleChannel::end (50 bytes)
Event: 1.443 Thread 0x00005580a8f06000 nmethod 1472 0x00007f48dd0762d0 code [0x00007f48dd0764a0, 0x00007f48dd076c18]
Event: 1.448 Thread 0x00005580a8ef9000 1473       4       java.nio.Buffer::position (43 bytes)
Event: 1.448 Thread 0x00005580a8ef9000 nmethod 1473 0x00007f48dd079c50 code [0x00007f48dd079da0, 0x00007f48dd079e78]
Event: 1.456 Thread 0x00005580a8ef9000 1474   !   4       java.util.zip.Inflater::inflate (113 bytes)
Event: 1.459 Thread 0x00005580a8ef9000 nmethod 1474 0x00007f48dd077e50 code [0x00007f48dd077fc0, 0x00007f48dd078488]

GC Heap History (0 events):
No events

Deoptimization events (4 events):
Event: 0.373 Thread 0x00005580a8db2800 Uncommon trap: reason=unstable_if action=reinterpret pc=0x00007f48dcd0c394 method=java.lang.String.indexOf([CII[CIII)I @ 3
Event: 0.434 Thread 0x00005580a8db2800 Uncommon trap: reason=unstable_if action=reinterpret pc=0x00007f48dce303a4 method=sun.misc.MetaIndex.mayContain(Ljava/lang/String;)Z @ 13
Event: 1.314 Thread 0x00005580a8db2800 Uncommon trap: reason=range_check action=make_not_entrant pc=0x00007f48dcf5ee40 method=sun.reflect.generics.parser.SignatureParser.current()C @ 34
Event: 1.366 Thread 0x00005580a91dc800 Uncommon trap: reason=unstable_if action=reinterpret pc=0x00007f48dd044e5c method=java.util.regex.Matcher.search(I)Z @ 91

Classes redefined (0 events):
No events

Internal exceptions (10 events):
Event: 0.974 Thread 0x00005580a8db2800 Exception <a 'java/lang/ArrayIndexOutOfBoundsException'> (0x00000000dd164bb0) thrown at [/home/buildozer/aports/community/openjdk8/src/icedtea-3.12.0/openjdk/hotspot/src/share/vm/runtime/sharedRuntime.cpp, line 613]
Event: 0.976 Thread 0x00005580a8db2800 Exception <a 'java/lang/ArrayIndexOutOfBoundsException'> (0x00000000dd16dc20) thrown at [/home/buildozer/aports/community/openjdk8/src/icedtea-3.12.0/openjdk/hotspot/src/share/vm/runtime/sharedRuntime.cpp, line 613]
Event: 0.976 Thread 0x00005580a8db2800 Exception <a 'java/lang/ArrayIndexOutOfBoundsException'> (0x00000000dd1702b0) thrown at [/home/buildozer/aports/community/openjdk8/src/icedtea-3.12.0/openjdk/hotspot/src/share/vm/runtime/sharedRuntime.cpp, line 613]
Event: 0.977 Thread 0x00005580a8db2800 Exception <a 'java/lang/ArrayIndexOutOfBoundsException'> (0x00000000dd1717b0) thrown at [/home/buildozer/aports/community/openjdk8/src/icedtea-3.12.0/openjdk/hotspot/src/share/vm/runtime/sharedRuntime.cpp, line 613]
Event: 0.977 Thread 0x00005580a8db2800 Exception <a 'java/lang/ArrayIndexOutOfBoundsException'> (0x00000000dd174188) thrown at [/home/buildozer/aports/community/openjdk8/src/icedtea-3.12.0/openjdk/hotspot/src/share/vm/runtime/sharedRuntime.cpp, line 613]
Event: 1.118 Thread 0x00005580a8db2800 Exception <a 'java/lang/ArrayIndexOutOfBoundsException'> (0x00000000ddc20c00) thrown at [/home/buildozer/aports/community/openjdk8/src/icedtea-3.12.0/openjdk/hotspot/src/share/vm/runtime/sharedRuntime.cpp, line 613]
Event: 1.122 Thread 0x00005580a8db2800 Exception <a 'java/lang/ArrayIndexOutOfBoundsException'> (0x00000000ddc4fea8) thrown at [/home/buildozer/aports/community/openjdk8/src/icedtea-3.12.0/openjdk/hotspot/src/share/vm/runtime/sharedRuntime.cpp, line 613]
Event: 1.314 Thread 0x00005580a8db2800 Exception <a 'java/lang/ArrayIndexOutOfBoundsException': 22> (0x00000000debe0078) thrown at [/home/buildozer/aports/community/openjdk8/src/icedtea-3.12.0/openjdk/hotspot/src/share/vm/interpreter/interpreterRuntime.cpp, line 371]
Event: 1.316 Thread 0x00005580a8db2800 Exception <a 'java/lang/ArrayIndexOutOfBoundsException': 141> (0x00000000dec08120) thrown at [/home/buildozer/aports/community/openjdk8/src/icedtea-3.12.0/openjdk/hotspot/src/share/vm/interpreter/interpreterRuntime.cpp, line 371]
Event: 1.316 Thread 0x00005580a8db2800 Exception <a 'java/lang/ArrayIndexOutOfBoundsException': 141> (0x00000000dec0b430) thrown at [/home/buildozer/aports/community/openjdk8/src/icedtea-3.12.0/openjdk/hotspot/src/share/vm/interpreter/interpreterRuntime.cpp, line 371]

Events (10 events):
Event: 1.404 loading class java/nio/DirectByteBuffer$Deallocator
Event: 1.404 loading class java/nio/DirectByteBuffer$Deallocator done
Event: 1.404 loading class sun/nio/ch/IOStatus
Event: 1.404 loading class sun/nio/ch/IOStatus done
Event: 1.477 loading class org/apache/hadoop/hdds/utils/RocksDBStore
Event: 1.477 loading class org/apache/hadoop/hdds/utils/RocksDBStore done
Event: 1.478 loading class org/apache/hadoop/hdds/utils/MetaStoreIterator
Event: 1.478 loading class org/apache/hadoop/hdds/utils/MetaStoreIterator done
Event: 1.479 loading class org/rocksdb/WriteOptions
Event: 1.479 loading class org/rocksdb/WriteOptions done


Dynamic libraries:
80000000-100220000 rw-p 00000000 00:00 0 
100220000-140000000 ---p 00000000 00:00 0 
5580a8065000-5580a8066000 r-xp 00000000 fd:02 14287556                   /usr/lib/jvm/java-1.8-openjdk/jre/bin/java
5580a8265000-5580a8266000 r--p 00000000 fd:02 14287556                   /usr/lib/jvm/java-1.8-openjdk/jre/bin/java
5580a8266000-5580a8267000 rw-p 00001000 fd:02 14287556                   /usr/lib/jvm/java-1.8-openjdk/jre/bin/java
5580a8d9b000-5580aa3ea000 rw-p 00000000 00:00 0                          [heap]
7f48d0b25000-7f48d0d94000 rw-p 00000000 00:00 0 
7f48d0d94000-7f48d0fba000 r-xp 00000000 fd:02 14420611                   /usr/glibc-compat/lib/ld-2.28.so
7f48d0fba000-7f48d0fbb000 r--p 00026000 fd:02 14420611                   /usr/glibc-compat/lib/ld-2.28.so
7f48d0fbb000-7f48d0fbc000 rw-p 00027000 fd:02 14420611                   /usr/glibc-compat/lib/ld-2.28.so
7f48d0fbc000-7f48d0fbd000 rw-p 00000000 00:00 0 
7f48d0fbd000-7f48d1855000 r-xp 00000000 fd:02 300975627                  /tmp/librocksdbjni7183266858642591710.so
7f48d1855000-7f48d1866000 r--p 00698000 fd:02 300975627                  /tmp/librocksdbjni7183266858642591710.so
7f48d1866000-7f48d186f000 rw-p 006a9000 fd:02 300975627                  /tmp/librocksdbjni7183266858642591710.so
7f48d186f000-7f48d1a75000 rw-p 00000000 00:00 0 
7f48d1b29000-7f48d1d29000 rw-p 00000000 00:00 0 
7f48d1d29000-7f48d1d2c000 ---p 00000000 00:00 0 
7f48d1d2c000-7f48d1e2a000 rw-p 00000000 00:00 0 
7f48d1eb0000-7f48d1eb2000 ---p 00000000 00:00 0 
7f48d1eb2000-7f48d1ec7000 rw-p 00000000 00:00 0 
7f48d1ede000-7f48d1ee0000 ---p 00000000 00:00 0 
7f48d1ee0000-7f48d20f5000 rw-p 00000000 00:00 0 
7f48d20f5000-7f48d2306000 r-xp 00000000 fd:02 14287599                   /usr/lib/jvm/java-1.8-openjdk/jre/lib/amd64/libnio.so
7f48d2306000-7f48d2307000 r--p 00011000 fd:02 14287599                   /usr/lib/jvm/java-1.8-openjdk/jre/lib/amd64/libnio.so
7f48d2307000-7f48d2308000 rw-p 00012000 fd:02 14287599                   /usr/lib/jvm/java-1.8-openjdk/jre/lib/amd64/libnio.so
7f48d2308000-7f48d5309000 rw-p 00000000 00:00 0 
7f48d5309000-7f48d551f000 r-xp 00000000 fd:02 14287598                   /usr/lib/jvm/java-1.8-openjdk/jre/lib/amd64/libnet.so
7f48d551f000-7f48d5520000 r--p 00016000 fd:02 14287598                   /usr/lib/jvm/java-1.8-openjdk/jre/lib/amd64/libnet.so
7f48d5520000-7f48d5521000 rw-p 00017000 fd:02 14287598                   /usr/lib/jvm/java-1.8-openjdk/jre/lib/amd64/libnet.so
7f48d5521000-7f48d5525000 r--s 00058000 fd:02 14287647                   /usr/lib/jvm/java-1.8-openjdk/jre/lib/jsse.jar
7f48d552f000-7f48d5531000 ---p 00000000 00:00 0 
7f48d5531000-7f48d5546000 rw-p 00000000 00:00 0 
7f48d5546000-7f48d5548000 ---p 00000000 00:00 0 
7f48d5548000-7f48d555d000 rw-p 00000000 00:00 0 
7f48d555d000-7f48d5560000 r--s 00025000 fd:02 16253492                   /home/user/.m2/repository/org/apache/maven/shared/maven-shared-utils/3.1.0/maven-shared-utils-3.1.0.jar
7f48d5560000-7f48d5563000 ---p 00000000 00:00 0 
7f48d5563000-7f48d559a000 rw-p 00000000 00:00 0 
7f48d559a000-7f48d559b000 r--s 00006000 fd:02 66858118                   /home/user/.m2/repository/org/apache/maven/surefire/common-junit4/3.0.0-M1/common-junit4-3.0.0-M1.jar
7f48d559b000-7f48d559c000 r--s 00002000 fd:02 66858120                   /home/user/.m2/repository/org/apache/maven/surefire/common-junit3/3.0.0-M1/common-junit3-3.0.0-M1.jar
7f48d559c000-7f48d559d000 r--s 00007000 fd:02 66858116                   /home/user/.m2/repository/org/apache/maven/surefire/common-java5/3.0.0-M1/common-java5-3.0.0-M1.jar
7f48d559d000-7f48d559f000 r--s 00003000 fd:02 66858082                   /home/user/.m2/repository/org/apache/maven/surefire/surefire-junit4/3.0.0-M1/surefire-junit4-3.0.0-M1.jar
7f48d559f000-7f48d55a1000 r--s 00009000 fd:02 16384434                   /home/user/.m2/repository/org/hamcrest/hamcrest-core/1.3/hamcrest-core-1.3.jar
7f48d55a1000-7f48d55a7000 r--s 00036000 fd:02 16056792                   /home/user/.m2/repository/junit/junit/4.11/junit-4.11.jar
7f48d55a7000-7f48d55c8000 r--s 00172000 fd:02 15926075                   /home/user/.m2/repository/com/google/guava/guava/11.0.2/guava-11.0.2.jar
7f48d55c8000-7f48d55d0000 r--s 0007b000 fd:02 15926191                   /home/user/.m2/repository/com/google/protobuf/protobuf-java/2.5.0/protobuf-java-2.5.0.jar
7f48d55d0000-7f48d55d5000 r--s 0003c000 fd:02 15991741                   /home/user/.m2/repository/info/picocli/picocli/3.9.6/picocli-3.9.6.jar
7f48d55d5000-7f48d5609000 r--s 0051e000 fd:02 16122096                   /home/user/.m2/repository/org/apache/hadoop/hadoop-hdfs/3.2.0/hadoop-hdfs-3.2.0-tests.jar
7f48d5609000-7f48d5634000 r--s 00297000 fd:02 16122072                   /home/user/.m2/repository/org/apache/hadoop/hadoop-common/3.2.0/hadoop-common-3.2.0-tests.jar
7f48d5634000-7f48d5637000 r--s 0000e000 fd:02 66858007                   /home/user/.m2/repository/com/fasterxml/jackson/core/jackson-annotations/2.9.9/jackson-annotations-2.9.9.jar
7f48d5637000-7f48d567c000 r--s 00486000 fd:02 16122108                   /home/user/.m2/repository/org/apache/hadoop/hadoop-hdfs-client/3.2.0/hadoop-hdfs-client-3.2.0.jar
7f48d567c000-7f48d56a3000 r--s 00205000 fd:02 16056360                   /home/user/.m2/repository/io/netty/netty-all/4.0.52.Final/netty-all-4.0.52.Final.jar
7f48d56a3000-7f48d56bc000 r--s 0012c000 fd:02 16056351                   /home/user/.m2/repository/io/netty/netty/3.10.5.Final/netty-3.10.5.Final.jar
7f48d56bc000-7f48d56bd000 r--s 00005000 fd:02 15991479                   /home/user/.m2/repository/commons-daemon/commons-daemon/1.0.13/commons-daemon-1.0.13.jar
7f48d56bd000-7f48d56bf000 r--s 00008000 fd:02 16384066                   /home/user/.m2/repository/org/eclipse/jetty/jetty-util-ajax/9.3.24.v20180605/jetty-util-ajax-9.3.24.v20180605.jar
7f48d56bf000-7f48d5707000 r--s 00557000 fd:02 16122099                   /home/user/.m2/repository/org/apache/hadoop/hadoop-hdfs/3.2.0/hadoop-hdfs-3.2.0.jar
7f48d5707000-7f48d570c000 r--s 00047000 fd:02 15991712                   /home/user/.m2/repository/dnsjava/dnsjava/2.1.7/dnsjava-2.1.7.jar
7f48d570c000-7f48d5712000 r--s 00078000 fd:02 15925897                   /home/user/.m2/repository/com/fasterxml/woodstox/woodstox-core/5.0.3/woodstox-core-5.0.3.jar
7f48d5712000-7f48d5716000 r--s 00024000 fd:02 16319584                   /home/user/.m2/repository/org/codehaus/woodstox/stax2-api/3.1.4/stax2-api-3.1.4.jar
7f48d5716000-7f48d571a000 r--s 0004c000 fd:02 66858009                   /home/user/.m2/repository/com/fasterxml/jackson/core/jackson-core/2.9.9/jackson-core-2.9.9.jar
7f48d571a000-7f48d572d000 r--s 00137000 fd:02 66858011                   /home/user/.m2/repository/com/fasterxml/jackson/core/jackson-databind/2.9.9/jackson-databind-2.9.9.jar
7f48d572d000-7f48d572f000 r--s 00006000 fd:02 16122507                   /home/user/.m2/repository/org/apache/kerby/kerby-xdr/1.0.1/kerby-xdr-1.0.1.jar
7f48d572f000-7f48d5730000 r--s 00004000 fd:02 16122411                   /home/user/.m2/repository/org/apache/kerby/kerb-identity/1.0.1/kerb-identity-1.0.1.jar
7f48d5730000-7f48d5733000 r--s 00012000 fd:02 16122420                   /home/user/.m2/repository/org/apache/kerby/kerb-server/1.0.1/kerb-server-1.0.1.jar
7f48d5733000-7f48d5736000 r--s 00011000 fd:02 16122366                   /home/user/.m2/repository/org/apache/kerby/kerb-admin/1.0.1/kerb-admin-1.0.1.jar
7f48d5736000-7f48d5737000 r--s 00004000 fd:02 16122516                   /home/user/.m2/repository/org/apache/kerby/token-provider/1.0.1/token-provider-1.0.1.jar
7f48d5737000-7f48d5738000 r--s 00008000 fd:02 16122438                   /home/user/.m2/repository/org/apache/kerby/kerb-util/1.0.1/kerb-util-1.0.1.jar
7f48d5738000-7f48d573c000 r--s 00019000 fd:02 16122402                   /home/user/.m2/repository/org/apache/kerby/kerb-crypto/1.0.1/kerb-crypto-1.0.1.jar
7f48d573c000-7f48d573e000 r--s 0000e000 fd:02 16122384                   /home/user/.m2/repository/org/apache/kerby/kerb-common/1.0.1/kerb-common-1.0.1.jar
7f48d573e000-7f48d573f000 r--s 00009000 fd:02 16122498                   /home/user/.m2/repository/org/apache/kerby/kerby-util/1.0.1/kerby-util-1.0.1.jar
7f48d573f000-7f48d5741000 r--s 00017000 fd:02 16122453                   /home/user/.m2/repository/org/apache/kerby/kerby-asn1/1.0.1/kerby-asn1-1.0.1.jar
7f48d5741000-7f48d5748000 r--s 0002b000 fd:02 16122483                   /home/user/.m2/repository/org/apache/kerby/kerby-pkix/1.0.1/kerby-pkix-1.0.1.jar
7f48d5748000-7f48d574f000 r--s 00031000 fd:02 16122393                   /home/user/.m2/repository/org/apache/kerby/kerb-core/1.0.1/kerb-core-1.0.1.jar
7f48d574f000-7f48d5751000 r--s 00006000 fd:02 16122468                   /home/user/.m2/repository/org/apache/kerby/kerby-config/1.0.1/kerby-config-1.0.1.jar
7f48d5751000-7f48d5754000 r--s 00019000 fd:02 16122375                   /home/user/.m2/repository/org/apache/kerby/kerb-client/1.0.1/kerb-client-1.0.1.jar
7f48d5754000-7f48d5755000 r--s 00004000 fd:02 16122429                   /home/user/.m2/repository/org/apache/kerby/kerb-simplekdc/1.0.1/kerb-simplekdc-1.0.1.jar
7f48d5755000-7f48d5759000 r--s 00014000 fd:02 16450207                   /home/user/.m2/repository/org/tukaani/xz/1.0/xz-1.0.jar
7f48d5759000-7f48d575e000 r--s 00036000 fd:02 16057236                   /home/user/.m2/repository/org/apache/commons/commons-compress/1.4.1/commons-compress-1.4.1.jar
7f48d575e000-7f48d575f000 r--s 00004000 fd:02 16318550                   /home/user/.m2/repository/org/apache/yetus/audience-annotations/0.5.0/audience-annotations-0.5.0.jar
7f48d575f000-7f48d576c000 r--s 000d1000 fd:02 16318566                   /home/user/.m2/repository/org/apache/zookeeper/zookeeper/3.4.13/zookeeper-3.4.13.jar
7f48d576c000-7f48d5786000 r--s 00155000 fd:02 16122238                   /home/user/.m2/repository/org/apache/htrace/htrace-core4/4.1.0-incubating/htrace-core4-4.1.0-incubating.jar
7f48d5786000-7f48d578e000 r--s 0003e000 fd:02 16121981                   /home/user/.m2/repository/org/apache/curator/curator-recipes/2.12.0/curator-recipes-2.12.0.jar
7f48d578e000-7f48d57c5000 r--s 00219000 fd:02 16121963                   /home/user/.m2/repository/org/apache/curator/curator-client/2.12.0/curator-client-2.12.0.jar
7f48d57c5000-7f48d57ca000 r--s 00040000 fd:02 15926288                   /home/user/.m2/repository/com/jcraft/jsch/0.1.54/jsch-0.1.54.jar
7f48d57ca000-7f48d57d0000 r--s 0002c000 fd:02 16121972                   /home/user/.m2/repository/org/apache/curator/curator-framework/2.12.0/curator-framework-2.12.0.jar
7f48d57d0000-7f48d57d2000 r--s 00006000 fd:02 16056964                   /home/user/.m2/repository/net/minidev/accessors-smart/1.2/accessors-smart-1.2.jar
7f48d57d2000-7f48d57d5000 r--s 0001b000 fd:02 16056973                   /home/user/.m2/repository/net/minidev/json-smart/2.3/json-smart-2.3.jar
7f48d57d5000-7f48d57d7000 r--s 00000000 fd:02 15925935                   /home/user/.m2/repository/com/github/stephenc/jcip/jcip-annotations/1.0-1/jcip-annotations-1.0-1.jar
7f48d57d7000-7f48d57dd000 r--s 00044000 fd:02 15926334                   /home/user/.m2/repository/com/nimbusds/nimbus-jose-jwt/4.41.1/nimbus-jose-jwt-4.41.1.jar
7f48d57dd000-7f48d57df000 r--s 00020000 fd:02 16122054                   /home/user/.m2/repository/org/apache/hadoop/hadoop-auth/3.2.0/hadoop-auth-3.2.0.jar
7f48d57df000-7f48d57e4000 r--s 0002a000 fd:02 15926009                   /home/user/.m2/repository/com/google/code/gson/gson/2.2.4/gson-2.2.4.jar
7f48d57e4000-7f48d57e6000 r--s 0001e000 fd:02 15926233                   /home/user/.m2/repository/com/google/re2j/re2j/1.1/re2j-1.1.jar
7f48d57e6000-7f48d57e8000 r--s 00130000 fd:02 16450242                   /home/user/.m2/repository/org/xerial/snappy/snappy-java/1.0.5/snappy-java-1.0.5.jar
7f48d57e8000-7f48d57ea000 r--s 00006000 fd:02 15990989                   /home/user/.m2/repository/com/thoughtworks/paranamer/paranamer/2.3/paranamer-2.3.jar
7f48d57ea000-7f48d57f3000 r--s 00062000 fd:02 16057190                   /home/user/.m2/repository/org/apache/avro/avro/1.7.7/avro-1.7.7.jar
7f48d57f3000-7f48d57f4000 r--s 00002000 fd:02 16449828                   /home/user/.m2/repository/org/slf4j/slf4j-log4j12/1.7.25/slf4j-log4j12-1.7.25.jar
7f48d57f4000-7f48d57f8000 r--s 00029000 fd:02 16121947                   /home/user/.m2/repository/org/apache/commons/commons-text/1.4/commons-text-1.4.jar
7f48d57f8000-7f48d5800000 r--s 00072000 fd:02 16057301                   /home/user/.m2/repository/org/apache/commons/commons-lang3/3.7/commons-lang3-3.7.jar
7f48d5800000-7f48d580c000 r--s 0008b000 fd:02 16057253                   /home/user/.m2/repository/org/apache/commons/commons-configuration2/2.1.1/commons-configuration2-2.1.1.jar
7f48d580c000-7f48d5811000 r--s 00038000 fd:02 66858005                   /home/user/.m2/repository/commons-beanutils/commons-beanutils/1.9.4/commons-beanutils-1.9.4.jar
7f48d5811000-7f48d581a000 r--s 0006f000 fd:02 16056828                   /home/user/.m2/repository/log4j/log4j/1.2.17/log4j-1.2.17.jar
7f48d581a000-7f48d581c000 r--s 0000e000 fd:02 15991638                   /home/user/.m2/repository/commons-logging/commons-logging/1.1.3/commons-logging-1.1.3.jar
7f48d581c000-7f48d582c000 r--s 0009c000 fd:02 15990906                   /home/user/.m2/repository/com/sun/jersey/jersey-server/1.19/jersey-server-1.19.jar
7f48d582c000-7f48d582d000 r--s 00006000 fd:02 16318732                   /home/user/.m2/repository/org/codehaus/jackson/jackson-xc/1.9.13/jackson-xc-1.9.13.jar
7f48d582d000-7f48d582e000 r--s 00004000 fd:02 16318714                   /home/user/.m2/repository/org/codehaus/jackson/jackson-jaxrs/1.9.13/jackson-jaxrs-1.9.13.jar
7f48d582e000-7f48d583c000 r--s 000b1000 fd:02 16318723                   /home/user/.m2/repository/org/codehaus/jackson/jackson-mapper-asl/1.9.13/jackson-mapper-asl-1.9.13.jar
7f48d583c000-7f48d5840000 r--s 00035000 fd:02 16318705                   /home/user/.m2/repository/org/codehaus/jackson/jackson-core-asl/1.9.13/jackson-core-asl-1.9.13.jar
7f48d5840000-7f48d5843000 r--s 00016000 fd:02 16056724                   /home/user/.m2/repository/javax/xml/bind/jaxb-api/2.2.11/jaxb-api-2.2.11.jar
7f48d5843000-7f48d5856000 r--s 000c7000 fd:02 15990957                   /home/user/.m2/repository/com/sun/xml/bind/jaxb-impl/2.2.3-1/jaxb-impl-2.2.3-1.jar
7f48d5856000-7f48d5858000 r--s 0000f000 fd:02 16318742                   /home/user/.m2/repository/org/codehaus/jettison/jettison/1.1/jettison-1.1.jar
7f48d5858000-7f48d585c000 r--s 00025000 fd:02 15990891                   /home/user/.m2/repository/com/sun/jersey/jersey-json/1.19/jersey-json-1.19.jar
7f48d585c000-7f48d5860000 r--s 0001c000 fd:02 15990915                   /home/user/.m2/repository/com/sun/jersey/jersey-servlet/1.19/jersey-servlet-1.19.jar
7f48d5860000-7f48d5862000 r--s 0000a000 fd:02 16056713                   /home/user/.m2/repository/javax/ws/rs/jsr311-api/1.1.1/jsr311-api-1.1.1.jar
7f48d5862000-7f48d586c000 r--s 00061000 fd:02 15990882                   /home/user/.m2/repository/com/sun/jersey/jersey-core/1.19/jersey-core-1.19.jar
7f48d586c000-7f48d586f000 r--s 00016000 fd:02 16056669                   /home/user/.m2/repository/javax/servlet/jsp/jsp-api/2.1/jsp-api-2.1.jar
7f48d586f000-7f48d5870000 r--s 0000c000 fd:02 16384084                   /home/user/.m2/repository/org/eclipse/jetty/jetty-xml/9.3.24.v20180605/jetty-xml-9.3.24.v20180605.jar
7f48d5870000-7f48d5873000 r--s 0001a000 fd:02 16384075                   /home/user/.m2/repository/org/eclipse/jetty/jetty-webapp/9.3.24.v20180605/jetty-webapp-9.3.24.v20180605.jar
7f48d5873000-7f48d5876000 r--s 00015000 fd:02 16384030                   /home/user/.m2/repository/org/eclipse/jetty/jetty-security/9.3.24.v20180605/jetty-security-9.3.24.v20180605.jar
7f48d5876000-7f48d5879000 r--s 0001b000 fd:02 16384048                   /home/user/.m2/repository/org/eclipse/jetty/jetty-servlet/9.3.24.v20180605/jetty-servlet-9.3.24.v20180605.jar
7f48d5879000-7f48d5880000 r--s 00069000 fd:02 16384057                   /home/user/.m2/repository/org/eclipse/jetty/jetty-util/9.3.24.v20180605/jetty-util-9.3.24.v20180605.jar
7f48d5880000-7f48d5883000 r--s 0001b000 fd:02 16384004                   /home/user/.m2/repository/org/eclipse/jetty/jetty-io/9.3.24.v20180605/jetty-io-9.3.24.v20180605.jar
7f48d5883000-7f48d5886000 r--s 00022000 fd:02 16319628                   /home/user/.m2/repository/org/eclipse/jetty/jetty-http/9.3.24.v20180605/jetty-http-9.3.24.v20180605.jar
7f48d5886000-7f48d588e000 r--s 00078000 fd:02 16384039                   /home/user/.m2/repository/org/eclipse/jetty/jetty-server/9.3.24.v20180605/jetty-server-9.3.24.v20180605.jar
7f48d588e000-7f48d5891000 r--s 00015000 fd:02 16056659                   /home/user/.m2/repository/javax/servlet/javax.servlet-api/3.1.0/javax.servlet-api-3.1.0.jar
7f48d5891000-7f48d589e000 r--s 00083000 fd:02 15991459                   /home/user/.m2/repository/commons-collections/commons-collections/3.2.2/commons-collections-3.2.2.jar
7f48d589e000-7f48d58a4000 r--s 00046000 fd:02 15991664                   /home/user/.m2/repository/commons-net/commons-net/3.6/commons-net-3.6.jar
7f48d58a4000-7f48d58a8000 r--s 0002f000 fd:02 15991570                   /home/user/.m2/repository/commons-io/commons-io/2.5/commons-io-2.5.jar
7f48d58a8000-7f48d58af000 r--s 0004b000 fd:02 15991391                   /home/user/.m2/repository/commons-codec/commons-codec/1.11/commons-codec-1.11.jar
7f48d58af000-7f48d58b6000 r--s 00049000 fd:02 16122315                   /home/user/.m2/repository/org/apache/httpcomponents/httpcore/4.4.4/httpcore-4.4.4.jar
7f48d58b6000-7f48d58c3000 r--s 000a7000 fd:02 16122262                   /home/user/.m2/repository/org/apache/httpcomponents/httpclient/4.5.2/httpclient-4.5.2.jar
7f48d58c3000-7f48d58e0000 r--s 0016a000 fd:02 16057310                   /home/user/.m2/repository/org/apache/commons/commons-math3/3.1.1/commons-math3-3.1.1.jar
7f48d58e0000-7f48d58e2000 r--s 00009000 fd:02 15991373                   /home/user/.m2/repository/commons-cli/commons-cli/1.2/commons-cli-1.2.jar
7f48d58e2000-7f48d595b000 r--s 007c0000 fd:02 14287689                   /usr/lib/jvm/java-1.8-openjdk/lib/tools.jar
7f48d595b000-7f48d595c000 r--s 0000e000 fd:02 16122045                   /home/user/.m2/repository/org/apache/hadoop/hadoop-annotations/3.2.0/hadoop-annotations-3.2.0.jar
7f48d595c000-7f48d599a000 r--s 003aa000 fd:02 16122075                   /home/user/.m2/repository/org/apache/hadoop/hadoop-common/3.2.0/hadoop-common-3.2.0.jar
7f48d599a000-7f48d59a0000 r--s 00033000 fd:02 16056748                   /home/user/.m2/repository/jaxen/jaxen/1.1.6/jaxen-1.1.6.jar
7f48d59a0000-7f48d59a1000 r--s 00002000 fd:02 15925761                   /home/user/.m2/repository/com/apple/AppleJavaExtensions/1.4/AppleJavaExtensions-1.4.jar
7f48d59a1000-7f48d59a6000 r--s 00041000 fd:02 15991594                   /home/user/.m2/repository/commons-lang/commons-lang/2.6/commons-lang-2.6.jar
7f48d59a6000-7f48d59a8000 r--s 0000c000 fd:02 16384826                   /home/user/.m2/repository/org/ow2/asm/asm/5.0.4/asm-5.0.4.jar
7f48d59a8000-7f48d59aa000 r--s 00006000 fd:02 16384942                   /home/user/.m2/repository/org/ow2/asm/asm-tree/5.0.2/asm-tree-5.0.2.jar
7f48d59aa000-7f48d59ac000 r--s 00009000 fd:02 16384877                   /home/user/.m2/repository/org/ow2/asm/asm-commons/5.0.2/asm-commons-5.0.2.jar
7f48d59ac000-7f48d59b1000 r--s 00058000 fd:02 16384896                   /home/user/.m2/repository/org/ow2/asm/asm-debug-all/5.0.2/asm-debug-all-5.0.2.jar
7f48d59b1000-7f48d59b6000 r--s 00016000 fd:02 16450358                   /home/user/.m2/repository/xml-apis/xml-apis/1.0.b2/xml-apis-1.0.b2.jar
7f48d59b6000-7f48d59bb000 r--s 00048000 fd:02 15991730                   /home/user/.m2/repository/dom4j/dom4j/1.6.1/dom4j-1.6.1.jar
7f48d59bb000-7f48d59bd000 r--s 00005000 fd:02 15925976                   /home/user/.m2/repository/com/google/code/findbugs/jFormatString/2.0.1/jFormatString-2.0.1.jar
7f48d59bd000-7f48d59c7000 r--s 0008c000 fd:02 15925958                   /home/user/.m2/repository/com/google/code/findbugs/bcel-findbugs/6.0/bcel-findbugs-6.0.jar
7f48d59c7000-7f48d59ca000 r--s 00006000 fd:02 15925999                   /home/user/.m2/repository/com/google/code/findbugs/jsr305/3.0.0/jsr305-3.0.0.jar
7f48d59ca000-7f48d59cb000 r--s 00000000 fd:02 16056954                   /home/user/.m2/repository/net/jcip/jcip-annotations/1.0/jcip-annotations-1.0.jar
7f48d59cb000-7f48d59fa000 r--s 00371000 fd:02 15925967                   /home/user/.m2/repository/com/google/code/findbugs/findbugs/3.0.1/findbugs-3.0.1.jar
7f48d59fa000-7f48d5a00000 r--s 0003c000 fd:02 16450271                   /home/user/.m2/repository/org/yaml/snakeyaml/1.16/snakeyaml-1.16.jar
7f48d5a00000-7f48d5a02000 r--s 00005000 fd:02 16384744                   /home/user/.m2/repository/org/objenesis/objenesis/1.0/objenesis-1.0.jar
7f48d5a02000-7f48d5a04000 r--s 00005000 fd:02 16056890                   /home/user/.m2/repository/net/bytebuddy/byte-buddy-agent/1.4.26/byte-buddy-agent-1.4.26.jar
7f48d5a04000-7f48d5a3a000 r--s 00241000 fd:02 16056865                   /home/user/.m2/repository/net/bytebuddy/byte-buddy/1.4.26/byte-buddy-1.4.26.jar
7f48d5a3a000-7f48d5a52000 r--s 000bc000 fd:02 16384669                   /home/user/.m2/repository/org/mockito/mockito-core/2.2.0/mockito-core-2.2.0.jar
7f48d5a52000-7f48d5a54000 r--s 00009000 fd:02 16449802                   /home/user/.m2/repository/org/slf4j/slf4j-api/1.7.25/slf4j-api-1.7.25.jar
7f48d5a54000-7f48d5a58000 r--s 0001e000 fd:02 15991753                   /home/user/.m2/repository/io/dropwizard/metrics/metrics-core/3.2.4/metrics-core-3.2.4.jar
7f48d5a58000-7f48d5a59000 r--s 00002000 fd:02 16056535                   /home/user/.m2/repository/io/opentracing/opentracing-noop/0.31.0/opentracing-noop-0.31.0.jar
7f48d5a59000-7f48d5a5b000 r--s 00002000 fd:02 16056526                   /home/user/.m2/repository/io/opentracing/opentracing-api/0.31.0/opentracing-api-0.31.0.jar
7f48d5a5b000-7f48d5a5c000 r--s 00001000 fd:02 16056544                   /home/user/.m2/repository/io/opentracing/opentracing-util/0.31.0/opentracing-util-0.31.0.jar
7f48d5a5c000-7f48d5a5d000 r--s 00001000 fd:02 16056511                   /home/user/.m2/repository/io/opentracing/contrib/opentracing-tracerresolver/0.1.5/opentracing-tracerresolver-0.1.5.jar
7f48d5a5d000-7f48d5a5e000 r--s 00000000 fd:02 16056341                   /home/user/.m2/repository/io/jaegertracing/jaeger-tracerresolver/0.33.1/jaeger-tracerresolver-0.33.1.jar
7f48d5a5e000-7f48d5a62000 r--s 0001c000 fd:02 16056323                   /home/user/.m2/repository/io/jaegertracing/jaeger-core/0.33.1/jaeger-core-0.33.1.jar
7f48d5a62000-7f48d5a63000 r--s 00013000 fd:02 15990830                   /home/user/.m2/repository/com/squareup/okio/okio/1.13.0/okio-1.13.0.jar
7f48d5a63000-7f48d5a69000 r--s 0005e000 fd:02 15990814                   /home/user/.m2/repository/com/squareup/okhttp3/okhttp/3.9.0/okhttp-3.9.0.jar
7f48d5a69000-7f48d5a6f000 r--s 00035000 fd:02 16253980                   /home/user/.m2/repository/org/apache/thrift/libthrift/0.11.0/libthrift-0.11.0.jar
7f48d5a6f000-7f48d5a7e000 r--s 0009c000 fd:02 16056332                   /home/user/.m2/repository/io/jaegertracing/jaeger-thrift/0.33.1/jaeger-thrift-0.33.1.jar
7f48d5a7e000-7f48d5a7f000 r--s 00000000 fd:02 15991843                   /home/user/.m2/repository/io/jaegertracing/jaeger-client/0.33.1/jaeger-client-0.33.1.jar
7f48d5a7f000-7f48d5a83000 r--s 00020000 fd:02 15991505                   /home/user/.m2/repository/commons-digester/commons-digester/1.8.1/commons-digester-1.8.1.jar
7f48d5a83000-7f48d5a87000 r--s 0002a000 fd:02 15991690                   /home/user/.m2/repository/commons-validator/commons-validator/1.6/commons-validator-1.6.jar
7f48d5a87000-7f48d5adf000 r--s 003a7000 fd:02 16318627                   /home/user/.m2/repository/org/bouncycastle/bcprov-jdk15on/1.60/bcprov-jdk15on-1.60.jar
7f48d5adf000-7f48d5af2000 r--s 000b0000 fd:02 16318618                   /home/user/.m2/repository/org/bouncycastle/bcpkix-jdk15on/1.60/bcpkix-jdk15on-1.60.jar
7f48d5af2000-7f48d5af5000 r--s 0001d000 fd:02 16121938                   /home/user/.m2/repository/org/apache/commons/commons-pool2/2.6.0/commons-pool2-2.6.0.jar
7f48d5af5000-7f48d5af8000 r--s 00012000 fd:02 15926314                   /home/user/.m2/repository/com/lmax/disruptor/3.4.2/disruptor-3.4.2.jar
7f48d5af8000-7f48d5b18000 r--s 00167000 fd:02 16122542                   /home/user/.m2/repository/org/apache/logging/log4j/log4j-core/2.11.0/log4j-core-2.11.0.jar
7f48d5b18000-7f48d5b1e000 r--s 0003b000 fd:02 16122533                   /home/user/.m2/repository/org/apache/logging/log4j/log4j-api/2.11.0/log4j-api-2.11.0.jar
7f48d5b1e000-7f48d5b23000 r--s 00c4f000 fd:02 66858453                   /home/user/.m2/repository/org/rocksdb/rocksdbjni/6.0.1/rocksdbjni-6.0.1.jar
7f48d5b23000-7f48d5b26000 r--s 00018000 fd:02 66858446                   /home/user/.m2/repository/org/apache/ratis/ratis-grpc/0.4.0-78e95b9-SNAPSHOT/ratis-grpc-0.4.0-78e95b9-SNAPSHOT.jar
7f48d5b26000-7f48d5b28000 r--s 00007000 fd:02 66858445                   /home/user/.m2/repository/org/apache/ratis/ratis-netty/0.4.0-78e95b9-SNAPSHOT/ratis-netty-0.4.0-78e95b9-SNAPSHOT.jar
7f48d5b28000-7f48d5b2a000 r--s 00009000 fd:02 66858455                   /home/user/.m2/repository/info/ganglia/gmetric4j/gmetric4j/1.0.7/gmetric4j-1.0.7.jar
7f48d5b2a000-7f48d5b2b000 r--s 00002000 fd:02 66858457                   /home/user/.m2/repository/io/dropwizard/metrics/metrics-ganglia/3.2.5/metrics-ganglia-3.2.5.jar
7f48d5b2b000-7f48d5b2d000 r--s 00008000 fd:02 66858451                   /home/user/.m2/repository/io/dropwizard/metrics/metrics-jvm/3.2.5/metrics-jvm-3.2.5.jar
7f48d5b2d000-7f48d5b2e000 r--s 00003000 fd:02 66858449                   /home/user/.m2/repository/com/github/joshelser/dropwizard-metrics-hadoop-metrics2-reporter/0.1.2/dropwizard-metrics-hadoop-metrics2-reporter-0.1.2.jar
7f48d5b2e000-7f48d5b3c000 r--s 0010d000 fd:02 66858437                   /home/user/.m2/repository/org/apache/ratis/ratis-proto/0.4.0-78e95b9-SNAPSHOT/ratis-proto-0.4.0-78e95b9-SNAPSHOT.jar
7f48d5b3c000-7f48d5c16000 r--s 00cc8000 fd:02 16253930                   /home/user/.m2/repository/org/apache/ratis/ratis-thirdparty-misc/0.2.0/ratis-thirdparty-misc-0.2.0.jar
7f48d5c16000-7f48d5c19000 ---p 00000000 00:00 0 
7f48d5c19000-7f48d5d17000 rw-p 00000000 00:00 0 
7f48d5d17000-7f48d5f1e000 r-xp 00000000 fd:02 14287596                   /usr/lib/jvm/java-1.8-openjdk/jre/lib/amd64/libmanagement.so
7f48d5f1e000-7f48d5f1f000 r--p 00007000 fd:02 14287596                   /usr/lib/jvm/java-1.8-openjdk/jre/lib/amd64/libmanagement.so
7f48d5f1f000-7f48d5f20000 rw-p 00008000 fd:02 14287596                   /usr/lib/jvm/java-1.8-openjdk/jre/lib/amd64/libmanagement.so
7f48d5f20000-7f48d5f23000 ---p 00000000 00:00 0 
7f48d5f23000-7f48d6021000 rw-p 00000000 00:00 0 
7f48d6021000-7f48d6022000 ---p 00000000 00:00 0 
7f48d6022000-7f48d6123000 rw-p 00000000 00:00 0 
7f48d6123000-7f48d6126000 ---p 00000000 00:00 0 
7f48d6126000-7f48d6224000 rw-p 00000000 00:00 0 
7f48d6224000-7f48d6225000 ---p 00000000 00:00 0 
7f48d6225000-7f48d6228000 ---p 00000000 00:00 0 
7f48d6228000-7f48d6326000 rw-p 00000000 00:00 0 
7f48d6326000-7f48d6327000 ---p 00000000 00:00 0 
7f48d6327000-7f48d632a000 ---p 00000000 00:00 0 
7f48d632a000-7f48d6428000 rw-p 00000000 00:00 0 
7f48d6428000-7f48d642b000 ---p 00000000 00:00 0 
7f48d642b000-7f48d6529000 rw-p 00000000 00:00 0 
7f48d6529000-7f48d652c000 ---p 00000000 00:00 0 
7f48d652c000-7f48d662a000 rw-p 00000000 00:00 0 
7f48d662a000-7f48d662d000 ---p 00000000 00:00 0 
7f48d662d000-7f48d672b000 rw-p 00000000 00:00 0 
7f48d672b000-7f48d672c000 ---p 00000000 00:00 0 
7f48d672c000-7f48d7136000 rw-p 00000000 00:00 0 
7f48d7136000-7f48d7306000 r--s 01f56000 fd:02 14287661                   /usr/lib/jvm/java-1.8-openjdk/jre/lib/rt.jar
7f48d7306000-7f48dbf7c000 rw-p 00000000 00:00 0 
7f48dbf7c000-7f48dbf7d000 ---p 00000000 00:00 0 
7f48dbf7d000-7f48dc07e000 rw-p 00000000 00:00 0 
7f48dc07e000-7f48dc07f000 ---p 00000000 00:00 0 
7f48dc07f000-7f48dc83f000 rw-p 00000000 00:00 0 
7f48dc83f000-7f48dcbec000 ---p 00000000 00:00 0 
7f48dcbec000-7f48dd07c000 rwxp 00000000 00:00 0 
7f48dd07c000-7f48ebbec000 ---p 00000000 00:00 0 
7f48ebbec000-7f48ebdf3000 r-xp 00000000 fd:02 14287605                   /usr/lib/jvm/java-1.8-openjdk/jre/lib/amd64/libzip.so
7f48ebdf3000-7f48ebdf4000 r--p 00007000 fd:02 14287605                   /usr/lib/jvm/java-1.8-openjdk/jre/lib/amd64/libzip.so
7f48ebdf4000-7f48ebdf5000 rw-p 00008000 fd:02 14287605                   /usr/lib/jvm/java-1.8-openjdk/jre/lib/amd64/libzip.so
7f48ebdf5000-7f48ec020000 r-xp 00000000 fd:02 14287586                   /usr/lib/jvm/java-1.8-openjdk/jre/lib/amd64/libjava.so
7f48ec020000-7f48ec021000 r--p 0002b000 fd:02 14287586                   /usr/lib/jvm/java-1.8-openjdk/jre/lib/amd64/libjava.so
7f48ec021000-7f48ec022000 rw-p 0002c000 fd:02 14287586                   /usr/lib/jvm/java-1.8-openjdk/jre/lib/amd64/libjava.so
7f48ec022000-7f48ec023000 rw-p 00000000 00:00 0 
7f48ec023000-7f48ec22f000 r-xp 00000000 fd:02 14287604                   /usr/lib/jvm/java-1.8-openjdk/jre/lib/amd64/libverify.so
7f48ec22f000-7f48ec231000 r--p 0000c000 fd:02 14287604                   /usr/lib/jvm/java-1.8-openjdk/jre/lib/amd64/libverify.so
7f48ec231000-7f48ec232000 rw-p 0000e000 fd:02 14287604                   /usr/lib/jvm/java-1.8-openjdk/jre/lib/amd64/libverify.so
7f48ec232000-7f48ec442000 r-xp 00000000 fd:02 14287751                   /usr/lib/libgcc_s.so.1
7f48ec442000-7f48ec443000 r--p 00010000 fd:02 14287751                   /usr/lib/libgcc_s.so.1
7f48ec443000-7f48ec444000 rw-p 00011000 fd:02 14287751                   /usr/lib/libgcc_s.so.1
7f48ec444000-7f48ec785000 r-xp 00000000 fd:02 14287854                   /usr/lib/libstdc++.so.6.0.22
7f48ec785000-7f48ec793000 r--p 00141000 fd:02 14287854                   /usr/lib/libstdc++.so.6.0.22
7f48ec793000-7f48ec794000 rw-p 0014f000 fd:02 14287854                   /usr/lib/libstdc++.so.6.0.22
7f48ec794000-7f48ec797000 rw-p 00000000 00:00 0 
7f48ec797000-7f48ed16b000 r-xp 00000000 fd:02 14287609                   /usr/lib/jvm/java-1.8-openjdk/jre/lib/amd64/server/libjvm.so
7f48ed16b000-7f48ed201000 r--p 007d4000 fd:02 14287609                   /usr/lib/jvm/java-1.8-openjdk/jre/lib/amd64/server/libjvm.so
7f48ed201000-7f48ed229000 rw-p 0086a000 fd:02 14287609                   /usr/lib/jvm/java-1.8-openjdk/jre/lib/amd64/server/libjvm.so
7f48ed229000-7f48ed25a000 rw-p 00000000 00:00 0 
7f48ed25a000-7f48ed46f000 r-xp 00000000 fd:02 14091800                   /lib/libz.so.1.2.11
7f48ed46f000-7f48ed470000 r--p 00015000 fd:02 14091800                   /lib/libz.so.1.2.11
7f48ed470000-7f48ed471000 rw-p 00016000 fd:02 14091800                   /lib/libz.so.1.2.11
7f48ed471000-7f48ed67d000 r-xp 00000000 fd:02 14287570                   /usr/lib/jvm/java-1.8-openjdk/jre/lib/amd64/jli/libjli.so
7f48ed67d000-7f48ed67e000 r--p 0000c000 fd:02 14287570                   /usr/lib/jvm/java-1.8-openjdk/jre/lib/amd64/jli/libjli.so
7f48ed67e000-7f48ed67f000 rw-p 0000d000 fd:02 14287570                   /usr/lib/jvm/java-1.8-openjdk/jre/lib/amd64/jli/libjli.so
7f48ed67f000-7f48ed70c000 r-xp 00000000 fd:02 14091791                   /lib/ld-musl-x86_64.so.1
7f48ed70c000-7f48ed70d000 r--s 00006000 fd:02 66858440                   /home/user/.m2/repository/org/apache/ratis/ratis-metrics/0.4.0-78e95b9-SNAPSHOT/ratis-metrics-0.4.0-78e95b9-SNAPSHOT.jar
7f48ed70d000-7f48ed70f000 r--s 0000c000 fd:02 66858439                   /home/user/.m2/repository/org/apache/ratis/ratis-client/0.4.0-78e95b9-SNAPSHOT/ratis-client-0.4.0-78e95b9-SNAPSHOT.jar
7f48ed70f000-7f48ed714000 r--s 0003a000 fd:02 66858438                   /home/user/.m2/repository/org/apache/ratis/ratis-common/0.4.0-78e95b9-SNAPSHOT/ratis-common-0.4.0-78e95b9-SNAPSHOT.jar
7f48ed714000-7f48ed71a000 r--s 00050000 fd:02 66858401                   /home/user/.m2/repository/org/apache/ratis/ratis-server/0.4.0-78e95b9-SNAPSHOT/ratis-server-0.4.0-78e95b9-SNAPSHOT.jar
7f48ed71a000-7f48ed71d000 r--s 000fd000 fd:02 16384146                   /home/user/.m2/repository/org/fusesource/leveldbjni/leveldbjni-all/1.8/leveldbjni-all-1.8.jar
7f48ed71d000-7f48ed71f000 r--s 00005000 fd:02 16056598                   /home/user/.m2/repository/javax/annotation/javax.annotation-api/1.2/javax.annotation-api-1.2.jar
7f48ed71f000-7f48ed721000 r--s 00002000 fd:02 16253543                   /home/user/.m2/repository/org/apache/maven/surefire/surefire-logger-api/3.0.0-M1/surefire-logger-api-3.0.0-M1.jar
7f48ed721000-7f48ed726000 r--s 00027000 fd:02 16253525                   /home/user/.m2/repository/org/apache/maven/surefire/surefire-api/3.0.0-M1/surefire-api-3.0.0-M1.jar
7f48ed726000-7f48ed72c000 r--s 00047000 fd:02 16253534                   /home/user/.m2/repository/org/apache/maven/surefire/surefire-booter/3.0.0-M1/surefire-booter-3.0.0-M1.jar
7f48ed72c000-7f48ed72d000 r--s 00004000 fd:05 30542417                   /workdir/hadoop-hdds/container-service/target/surefire/surefirebooter6570683921232273429.jar
7f48ed72d000-7f48ed72e000 r--s 00000000 fd:02 14091742                   /etc/localtime
7f48ed72e000-7f48ed7ff000 rw-p 00000000 00:00 0 
7f48ed7ff000-7f48ed807000 rw-s 00000000 fd:02 323365296                  /tmp/hsperfdata_jenkins1000/3028
7f48ed807000-7f48ed808000 rw-p 00000000 00:00 0 
7f48ed808000-7f48ed809000 r--p 00000000 00:00 0 
7f48ed809000-7f48ed80b000 ---p 00000000 00:00 0 
7f48ed80b000-7f48ed80e000 ---p 00000000 00:00 0 
7f48ed80e000-7f48ed90c000 rw-p 00000000 00:00 0 
7f48ed90c000-7f48ed90d000 r--p 0008d000 fd:02 14091791                   /lib/ld-musl-x86_64.so.1
7f48ed90d000-7f48ed90e000 rw-p 0008e000 fd:02 14091791                   /lib/ld-musl-x86_64.so.1
7f48ed90e000-7f48ed911000 rw-p 00000000 00:00 0 
7ffc88756000-7ffc88778000 rw-p 00000000 00:00 0                          [stack]
7ffc887d4000-7ffc887d6000 r-xp 00000000 00:00 0                          [vdso]
ffffffffff600000-ffffffffff601000 r-xp 00000000 00:00 0                  [vsyscall]

VM Arguments:
jvm_args: -Xmx2048m -XX:+HeapDumpOnOutOfMemoryError 
java_command: /workdir/hadoop-hdds/container-service/target/surefire/surefirebooter6570683921232273429.jar /workdir/hadoop-hdds/container-service/target/surefire 2019-09-19T08-27-40_868-jvmRun1 surefire9087982970517906705tmp surefire_141774107941126002183tmp
java_class_path (initial): /workdir/hadoop-hdds/container-service/target/surefire/surefirebooter6570683921232273429.jar
Launcher Type: SUN_STANDARD

Environment Variables:
PATH=/usr/local/sbin:/usr/local/bin:/usr/sbin:/usr/bin:/sbin:/bin:/opt/findbugs/bin:/opt/blockade/bin
LD_LIBRARY_PATH=/usr/lib/jvm/java-1.8-openjdk/jre/lib/amd64/server:/usr/lib/jvm/java-1.8-openjdk/jre/lib/amd64:/usr/lib/jvm/java-1.8-openjdk/jre/../lib/amd64:/workdir/hadoop-hdds/container-service/target/native/target/usr/local/lib:/workdir/hadoop-hdds/container-service/../../hadoop-common-project/hadoop-common/target/native/target/usr/local/lib
DYLD_LIBRARY_PATH=${env.DYLD_LIBRARY_PATH}:/workdir/hadoop-hdds/container-service/target/native/target/usr/local/lib:/workdir/hadoop-hdds/container-service/../../hadoop-common-project/hadoop-common/target/native/target/usr/local/lib

Signal Handlers:
SIGSEGV: [libjvm.so+0x600fd2], sa_mask[0]=11111111011111111101111111111110, sa_flags=SA_RESTART|SA_SIGINFO
SIGBUS: [libjvm.so+0x600fd2], sa_mask[0]=11111111011111111101111111111110, sa_flags=SA_RESTART|SA_SIGINFO
SIGFPE: [libjvm.so+0x539502], sa_mask[0]=11111111011111111101111111111110, sa_flags=SA_RESTART|SA_SIGINFO
SIGPIPE: [libjvm.so+0x539502], sa_mask[0]=11111111011111111101111111111110, sa_flags=SA_RESTART|SA_SIGINFO
SIGXFSZ: [libjvm.so+0x539502], sa_mask[0]=11111111011111111101111111111110, sa_flags=SA_RESTART|SA_SIGINFO
SIGILL: [libjvm.so+0x539502], sa_mask[0]=11111111011111111101111111111110, sa_flags=SA_RESTART|SA_SIGINFO
SIGUSR1: SIG_DFL, sa_mask[0]=00000000000000000000000000000000, sa_flags=none
SIGUSR2: [libjvm.so+0x5396a1], sa_mask[0]=00100000000000000000000000000000, sa_flags=SA_RESTART|SA_SIGINFO
SIGHUP: [libjvm.so+0x53b719], sa_mask[0]=11111111011111111101111111111110, sa_flags=SA_RESTART|SA_SIGINFO
SIGINT: [libjvm.so+0x53b719], sa_mask[0]=11111111011111111101111111111110, sa_flags=SA_RESTART|SA_SIGINFO
SIGTERM: [libjvm.so+0x53b719], sa_mask[0]=11111111011111111101111111111110, sa_flags=SA_RESTART|SA_SIGINFO
SIGQUIT: [libjvm.so+0x53b719], sa_mask[0]=11111111011111111101111111111110, sa_flags=SA_RESTART|SA_SIGINFO


---------------  S Y S T E M  ---------------

OS:NAME="Alpine Linux"
ID=alpine
VERSION_ID=3.8.2
PRETTY_NAME="Alpine Linux v3.8"
HOME_URL="http://alpinelinux.org"
BUG_REPORT_URL="http://bugs.alpinelinux.org"

uname:Linux 3.10.0-957.12.2.el7.x86_64 #1 SMP Tue May 14 21:24:32 UTC 2019 x86_64
libc:glibc 2.9 NPTL 
rlimit: STACK 8192k, CORE infinity, NPROC 1048576, NOFILE 1048576, AS infinity
load average:18.47 16.45 12.72

/proc/meminfo:
MemTotal:       263864184 kB
MemFree:         1600608 kB
MemAvailable:   238386116 kB
Buffers:        20639412 kB
Cached:         199699256 kB
SwapCached:            0 kB
Active:         139606744 kB
Inactive:       97816412 kB
Active(anon):   19736732 kB
Inactive(anon):  1696652 kB
Active(file):   119870012 kB
Inactive(file): 96119760 kB
Unevictable:       13856 kB
Mlocked:           13856 kB
SwapTotal:             0 kB
SwapFree:              0 kB
Dirty:            172640 kB
Writeback:             0 kB
AnonPages:      17101688 kB
Mapped:           349920 kB
Shmem:           4345428 kB
Slab:           22842984 kB
SReclaimable:   21680288 kB
SUnreclaim:      1162696 kB
KernelStack:       78240 kB
PageTables:        69888 kB
NFS_Unstable:          0 kB
Bounce:                0 kB
WritebackTmp:          0 kB
CommitLimit:    131932092 kB
Committed_AS:   57335284 kB
VmallocTotal:   34359738367 kB
VmallocUsed:      730928 kB
VmallocChunk:   34224708600 kB
HardwareCorrupted:     0 kB
AnonHugePages:   6049792 kB
CmaTotal:              0 kB
CmaFree:               0 kB
HugePages_Total:       0
HugePages_Free:        0
HugePages_Rsvd:        0
HugePages_Surp:        0
Hugepagesize:       2048 kB
DirectMap4k:      457464 kB
DirectMap2M:    13066240 kB
DirectMap1G:    256901120 kB

container (cgroup) information:
container_type: cgroupv1
cpu_cpuset_cpus: 0-31
cpu_memory_nodes: 0-1
active_processor_count: 2
cpu_quota: -1
cpu_period: 100000
cpu_shares: 2048
memory_limit_in_bytes: -1
memory_and_swap_limit_in_bytes: -1
memory_soft_limit_in_bytes: -1
memory_usage_in_bytes: 7982653440
memory_max_usage_in_bytes: 8501911552


CPU:total 32 (initial active 2) (8 cores per cpu, 2 threads per core) family 6 model 63 stepping 2, cmov, cx8, fxsr, mmx, sse, sse2, sse3, ssse3, sse4.1, sse4.2, popcnt, avx, avx2, aes, clmul, erms, lzcnt, ht, tsc, tscinvbit, bmi1, bmi2

/proc/cpuinfo:
processor	: 0
vendor_id	: GenuineIntel
cpu family	: 6
model		: 63
model name	: Intel(R) Xeon(R) CPU E5-2630 v3 @ 2.40GHz
stepping	: 2
microcode	: 0x43
cpu MHz		: 2657.812
cache size	: 20480 KB
physical id	: 0
siblings	: 16
core id		: 0
cpu cores	: 8
apicid		: 0
initial apicid	: 0
fpu		: yes
fpu_exception	: yes
cpuid level	: 15
wp		: yes
flags		: fpu vme de pse tsc msr pae mce cx8 apic sep mtrr pge mca cmov pat pse36 clflush dts acpi mmx fxsr sse sse2 ss ht tm pbe syscall nx pdpe1gb rdtscp lm constant_tsc arch_perfmon pebs bts rep_good nopl xtopology nonstop_tsc aperfmperf eagerfpu pni pclmulqdq dtes64 monitor ds_cpl vmx smx est tm2 ssse3 sdbg fma cx16 xtpr pdcm pcid dca sse4_1 sse4_2 x2apic movbe popcnt tsc_deadline_timer aes xsave avx f16c rdrand lahf_lm abm epb intel_ppin ssbd ibrs ibpb stibp tpr_shadow vnmi flexpriority ept vpid fsgsbase tsc_adjust bmi1 avx2 smep bmi2 erms invpcid cqm xsaveopt cqm_llc cqm_occup_llc dtherm ida arat pln pts md_clear spec_ctrl intel_stibp flush_l1d
bogomips	: 4788.66
clflush size	: 64
cache_alignment	: 64
address sizes	: 46 bits physical, 48 bits virtual
power management:

processor	: 1
vendor_id	: GenuineIntel
cpu family	: 6
model		: 63
model name	: Intel(R) Xeon(R) CPU E5-2630 v3 @ 2.40GHz
stepping	: 2
microcode	: 0x43
cpu MHz		: 2616.357
cache size	: 20480 KB
physical id	: 0
siblings	: 16
core id		: 1
cpu cores	: 8
apicid		: 2
initial apicid	: 2
fpu		: yes
fpu_exception	: yes
cpuid level	: 15
wp		: yes
flags		: fpu vme de pse tsc msr pae mce cx8 apic sep mtrr pge mca cmov pat pse36 clflush dts acpi mmx fxsr sse sse2 ss ht tm pbe syscall nx pdpe1gb rdtscp lm constant_tsc arch_perfmon pebs bts rep_good nopl xtopology nonstop_tsc aperfmperf eagerfpu pni pclmulqdq dtes64 monitor ds_cpl vmx smx est tm2 ssse3 sdbg fma cx16 xtpr pdcm pcid dca sse4_1 sse4_2 x2apic movbe popcnt tsc_deadline_timer aes xsave avx f16c rdrand lahf_lm abm epb intel_ppin ssbd ibrs ibpb stibp tpr_shadow vnmi flexpriority ept vpid fsgsbase tsc_adjust bmi1 avx2 smep bmi2 erms invpcid cqm xsaveopt cqm_llc cqm_occup_llc dtherm ida arat pln pts md_clear spec_ctrl intel_stibp flush_l1d
bogomips	: 4788.66
clflush size	: 64
cache_alignment	: 64
address sizes	: 46 bits physical, 48 bits virtual
power management:

processor	: 2
vendor_id	: GenuineIntel
cpu family	: 6
model		: 63
model name	: Intel(R) Xeon(R) CPU E5-2630 v3 @ 2.40GHz
stepping	: 2
microcode	: 0x43
cpu MHz		: 2298.193
cache size	: 20480 KB
physical id	: 0
siblings	: 16
core id		: 2
cpu cores	: 8
apicid		: 4
initial apicid	: 4
fpu		: yes
fpu_exception	: yes
cpuid level	: 15
wp		: yes
flags		: fpu vme de pse tsc msr pae mce cx8 apic sep mtrr pge mca cmov pat pse36 clflush dts acpi mmx fxsr sse sse2 ss ht tm pbe syscall nx pdpe1gb rdtscp lm constant_tsc arch_perfmon pebs bts rep_good nopl xtopology nonstop_tsc aperfmperf eagerfpu pni pclmulqdq dtes64 monitor ds_cpl vmx smx est tm2 ssse3 sdbg fma cx16 xtpr pdcm pcid dca sse4_1 sse4_2 x2apic movbe popcnt tsc_deadline_timer aes xsave avx f16c rdrand lahf_lm abm epb intel_ppin ssbd ibrs ibpb stibp tpr_shadow vnmi flexpriority ept vpid fsgsbase tsc_adjust bmi1 avx2 smep bmi2 erms invpcid cqm xsaveopt cqm_llc cqm_occup_llc dtherm ida arat pln pts md_clear spec_ctrl intel_stibp flush_l1d
bogomips	: 4788.66
clflush size	: 64
cache_alignment	: 64
address sizes	: 46 bits physical, 48 bits virtual
power management:

processor	: 3
vendor_id	: GenuineIntel
cpu family	: 6
model		: 63
model name	: Intel(R) Xeon(R) CPU E5-2630 v3 @ 2.40GHz
stepping	: 2
microcode	: 0x43
cpu MHz		: 2641.406
cache size	: 20480 KB
physical id	: 0
siblings	: 16
core id		: 3
cpu cores	: 8
apicid		: 6
initial apicid	: 6
fpu		: yes
fpu_exception	: yes
cpuid level	: 15
wp		: yes
flags		: fpu vme de pse tsc msr pae mce cx8 apic sep mtrr pge mca cmov pat pse36 clflush dts acpi mmx fxsr sse sse2 ss ht tm pbe syscall nx pdpe1gb rdtscp lm constant_tsc arch_perfmon pebs bts rep_good nopl xtopology nonstop_tsc aperfmperf eagerfpu pni pclmulqdq dtes64 monitor ds_cpl vmx smx est tm2 ssse3 sdbg fma cx16 xtpr pdcm pcid dca sse4_1 sse4_2 x2apic movbe popcnt tsc_deadline_timer aes xsave avx f16c rdrand lahf_lm abm epb intel_ppin ssbd ibrs ibpb stibp tpr_shadow vnmi flexpriority ept vpid fsgsbase tsc_adjust bmi1 avx2 smep bmi2 erms invpcid cqm xsaveopt cqm_llc cqm_occup_llc dtherm ida arat pln pts md_clear spec_ctrl intel_stibp flush_l1d
bogomips	: 4788.66
clflush size	: 64
cache_alignment	: 64
address sizes	: 46 bits physical, 48 bits virtual
power management:

processor	: 4
vendor_id	: GenuineIntel
cpu family	: 6
model		: 63
model name	: Intel(R) Xeon(R) CPU E5-2630 v3 @ 2.40GHz
stepping	: 2
microcode	: 0x43
cpu MHz		: 2095.312
cache size	: 20480 KB
physical id	: 0
siblings	: 16
core id		: 4
cpu cores	: 8
apicid		: 8
initial apicid	: 8
fpu		: yes
fpu_exception	: yes
cpuid level	: 15
wp		: yes
flags		: fpu vme de pse tsc msr pae mce cx8 apic sep mtrr pge mca cmov pat pse36 clflush dts acpi mmx fxsr sse sse2 ss ht tm pbe syscall nx pdpe1gb rdtscp lm constant_tsc arch_perfmon pebs bts rep_good nopl xtopology nonstop_tsc aperfmperf eagerfpu pni pclmulqdq dtes64 monitor ds_cpl vmx smx est tm2 ssse3 sdbg fma cx16 xtpr pdcm pcid dca sse4_1 sse4_2 x2apic movbe popcnt tsc_deadline_timer aes xsave avx f16c rdrand lahf_lm abm epb intel_ppin ssbd ibrs ibpb stibp tpr_shadow vnmi flexpriority ept vpid fsgsbase tsc_adjust bmi1 avx2 smep bmi2 erms invpcid cqm xsaveopt cqm_llc cqm_occup_llc dtherm ida arat pln pts md_clear spec_ctrl intel_stibp flush_l1d
bogomips	: 4788.66
clflush size	: 64
cache_alignment	: 64
address sizes	: 46 bits physical, 48 bits virtual
power management:

processor	: 5
vendor_id	: GenuineIntel
cpu family	: 6
model		: 63
model name	: Intel(R) Xeon(R) CPU E5-2630 v3 @ 2.40GHz
stepping	: 2
microcode	: 0x43
cpu MHz		: 2600.097
cache size	: 20480 KB
physical id	: 0
siblings	: 16
core id		: 5
cpu cores	: 8
apicid		: 10
initial apicid	: 10
fpu		: yes
fpu_exception	: yes
cpuid level	: 15
wp		: yes
flags		: fpu vme de pse tsc msr pae mce cx8 apic sep mtrr pge mca cmov pat pse36 clflush dts acpi mmx fxsr sse sse2 ss ht tm pbe syscall nx pdpe1gb rdtscp lm constant_tsc arch_perfmon pebs bts rep_good nopl xtopology nonstop_tsc aperfmperf eagerfpu pni pclmulqdq dtes64 monitor ds_cpl vmx smx est tm2 ssse3 sdbg fma cx16 xtpr pdcm pcid dca sse4_1 sse4_2 x2apic movbe popcnt tsc_deadline_timer aes xsave avx f16c rdrand lahf_lm abm epb intel_ppin ssbd ibrs ibpb stibp tpr_shadow vnmi flexpriority ept vpid fsgsbase tsc_adjust bmi1 avx2 smep bmi2 erms invpcid cqm xsaveopt cqm_llc cqm_occup_llc dtherm ida arat pln pts md_clear spec_ctrl intel_stibp flush_l1d
bogomips	: 4788.66
clflush size	: 64
cache_alignment	: 64
address sizes	: 46 bits physical, 48 bits virtual
power management:

processor	: 6
vendor_id	: GenuineIntel
cpu family	: 6
model		: 63
model name	: Intel(R) Xeon(R) CPU E5-2630 v3 @ 2.40GHz
stepping	: 2
microcode	: 0x43
cpu MHz		: 1499.560
cache size	: 20480 KB
physical id	: 0
siblings	: 16
core id		: 6
cpu cores	: 8
apicid		: 12
initial apicid	: 12
fpu		: yes
fpu_exception	: yes
cpuid level	: 15
wp		: yes
flags		: fpu vme de pse tsc msr pae mce cx8 apic sep mtrr pge mca cmov pat pse36 clflush dts acpi mmx fxsr sse sse2 ss ht tm pbe syscall nx pdpe1gb rdtscp lm constant_tsc arch_perfmon pebs bts rep_good nopl xtopology nonstop_tsc aperfmperf eagerfpu pni pclmulqdq dtes64 monitor ds_cpl vmx smx est tm2 ssse3 sdbg fma cx16 xtpr pdcm pcid dca sse4_1 sse4_2 x2apic movbe popcnt tsc_deadline_timer aes xsave avx f16c rdrand lahf_lm abm epb intel_ppin ssbd ibrs ibpb stibp tpr_shadow vnmi flexpriority ept vpid fsgsbase tsc_adjust bmi1 avx2 smep bmi2 erms invpcid cqm xsaveopt cqm_llc cqm_occup_llc dtherm ida arat pln pts md_clear spec_ctrl intel_stibp flush_l1d
bogomips	: 4788.66
clflush size	: 64
cache_alignment	: 64
address sizes	: 46 bits physical, 48 bits virtual
power management:

processor	: 7
vendor_id	: GenuineIntel
cpu family	: 6
model		: 63
model name	: Intel(R) Xeon(R) CPU E5-2630 v3 @ 2.40GHz
stepping	: 2
microcode	: 0x43
cpu MHz		: 1417.968
cache size	: 20480 KB
physical id	: 0
siblings	: 16
core id		: 7
cpu cores	: 8
apicid		: 14
initial apicid	: 14
fpu		: yes
fpu_exception	: yes
cpuid level	: 15
wp		: yes
flags		: fpu vme de pse tsc msr pae mce cx8 apic sep mtrr pge mca cmov pat pse36 clflush dts acpi mmx fxsr sse sse2 ss ht tm pbe syscall nx pdpe1gb rdtscp lm constant_tsc arch_perfmon pebs bts rep_good nopl xtopology nonstop_tsc aperfmperf eagerfpu pni pclmulqdq dtes64 monitor ds_cpl vmx smx est tm2 ssse3 sdbg fma cx16 xtpr pdcm pcid dca sse4_1 sse4_2 x2apic movbe popcnt tsc_deadline_timer aes xsave avx f16c rdrand lahf_lm abm epb intel_ppin ssbd ibrs ibpb stibp tpr_shadow vnmi flexpriority ept vpid fsgsbase tsc_adjust bmi1 avx2 smep bmi2 erms invpcid cqm xsaveopt cqm_llc cqm_occup_llc dtherm ida arat pln pts md_clear spec_ctrl intel_stibp flush_l1d
bogomips	: 4788.66
clflush size	: 64
cache_alignment	: 64
address sizes	: 46 bits physical, 48 bits virtual
power management:

processor	: 8
vendor_id	: GenuineIntel
cpu family	: 6
model		: 63
model name	: Intel(R) Xeon(R) CPU E5-2630 v3 @ 2.40GHz
stepping	: 2
microcode	: 0x43
cpu MHz		: 2734.863
cache size	: 20480 KB
physical id	: 1
siblings	: 16
core id		: 0
cpu cores	: 8
apicid		: 16
initial apicid	: 16
fpu		: yes
fpu_exception	: yes
cpuid level	: 15
wp		: yes
flags		: fpu vme de pse tsc msr pae mce cx8 apic sep mtrr pge mca cmov pat pse36 clflush dts acpi mmx fxsr sse sse2 ss ht tm pbe syscall nx pdpe1gb rdtscp lm constant_tsc arch_perfmon pebs bts rep_good nopl xtopology nonstop_tsc aperfmperf eagerfpu pni pclmulqdq dtes64 monitor ds_cpl vmx smx est tm2 ssse3 sdbg fma cx16 xtpr pdcm pcid dca sse4_1 sse4_2 x2apic movbe popcnt tsc_deadline_timer aes xsave avx f16c rdrand lahf_lm abm epb intel_ppin ssbd ibrs ibpb stibp tpr_shadow vnmi flexpriority ept vpid fsgsbase tsc_adjust bmi1 avx2 smep bmi2 erms invpcid cqm xsaveopt cqm_llc cqm_occup_llc dtherm ida arat pln pts md_clear spec_ctrl intel_stibp flush_l1d
bogomips	: 4793.73
clflush size	: 64
cache_alignment	: 64
address sizes	: 46 bits physical, 48 bits virtual
power management:

processor	: 9
vendor_id	: GenuineIntel
cpu family	: 6
model		: 63
model name	: Intel(R) Xeon(R) CPU E5-2630 v3 @ 2.40GHz
stepping	: 2
microcode	: 0x43
cpu MHz		: 2599.951
cache size	: 20480 KB
physical id	: 1
siblings	: 16
core id		: 1
cpu cores	: 8
apicid		: 18
initial apicid	: 18
fpu		: yes
fpu_exception	: yes
cpuid level	: 15
wp		: yes
flags		: fpu vme de pse tsc msr pae mce cx8 apic sep mtrr pge mca cmov pat pse36 clflush dts acpi mmx fxsr sse sse2 ss ht tm pbe syscall nx pdpe1gb rdtscp lm constant_tsc arch_perfmon pebs bts rep_good nopl xtopology nonstop_tsc aperfmperf eagerfpu pni pclmulqdq dtes64 monitor ds_cpl vmx smx est tm2 ssse3 sdbg fma cx16 xtpr pdcm pcid dca sse4_1 sse4_2 x2apic movbe popcnt tsc_deadline_timer aes xsave avx f16c rdrand lahf_lm abm epb intel_ppin ssbd ibrs ibpb stibp tpr_shadow vnmi flexpriority ept vpid fsgsbase tsc_adjust bmi1 avx2 smep bmi2 erms invpcid cqm xsaveopt cqm_llc cqm_occup_llc dtherm ida arat pln pts md_clear spec_ctrl intel_stibp flush_l1d
bogomips	: 4793.73
clflush size	: 64
cache_alignment	: 64
address sizes	: 46 bits physical, 48 bits virtual
power management:

processor	: 10
vendor_id	: GenuineIntel
cpu family	: 6
model		: 63
model name	: Intel(R) Xeon(R) CPU E5-2630 v3 @ 2.40GHz
stepping	: 2
microcode	: 0x43
cpu MHz		: 2613.427
cache size	: 20480 KB
physical id	: 1
siblings	: 16
core id		: 2
cpu cores	: 8
apicid		: 20
initial apicid	: 20
fpu		: yes
fpu_exception	: yes
cpuid level	: 15
wp		: yes
flags		: fpu vme de pse tsc msr pae mce cx8 apic sep mtrr pge mca cmov pat pse36 clflush dts acpi mmx fxsr sse sse2 ss ht tm pbe syscall nx pdpe1gb rdtscp lm constant_tsc arch_perfmon pebs bts rep_good nopl xtopology nonstop_tsc aperfmperf eagerfpu pni pclmulqdq dtes64 monitor ds_cpl vmx smx est tm2 ssse3 sdbg fma cx16 xtpr pdcm pcid dca sse4_1 sse4_2 x2apic movbe popcnt tsc_deadline_timer aes xsave avx f16c rdrand lahf_lm abm epb intel_ppin ssbd ibrs ibpb stibp tpr_shadow vnmi flexpriority ept vpid fsgsbase tsc_adjust bmi1 avx2 smep bmi2 erms invpcid cqm xsaveopt cqm_llc cqm_occup_llc dtherm ida arat pln pts md_clear spec_ctrl intel_stibp flush_l1d
bogomips	: 4793.73
clflush size	: 64
cache_alignment	: 64
address sizes	: 46 bits physical, 48 bits virtual
power management:

processor	: 11
vendor_id	: GenuineIntel
cpu family	: 6
model		: 63
model name	: Intel(R) Xeon(R) CPU E5-2630 v3 @ 2.40GHz
stepping	: 2
microcode	: 0x43
cpu MHz		: 2602.001
cache size	: 20480 KB
physical id	: 1
siblings	: 16
core id		: 3
cpu cores	: 8
apicid		: 22
initial apicid	: 22
fpu		: yes
fpu_exception	: yes
cpuid level	: 15
wp		: yes
flags		: fpu vme de pse tsc msr pae mce cx8 apic sep mtrr pge mca cmov pat pse36 clflush dts acpi mmx fxsr sse sse2 ss ht tm pbe syscall nx pdpe1gb rdtscp lm constant_tsc arch_perfmon pebs bts rep_good nopl xtopology nonstop_tsc aperfmperf eagerfpu pni pclmulqdq dtes64 monitor ds_cpl vmx smx est tm2 ssse3 sdbg fma cx16 xtpr pdcm pcid dca sse4_1 sse4_2 x2apic movbe popcnt tsc_deadline_timer aes xsave avx f16c rdrand lahf_lm abm epb intel_ppin ssbd ibrs ibpb stibp tpr_shadow vnmi flexpriority ept vpid fsgsbase tsc_adjust bmi1 avx2 smep bmi2 erms invpcid cqm xsaveopt cqm_llc cqm_occup_llc dtherm ida arat pln pts md_clear spec_ctrl intel_stibp flush_l1d
bogomips	: 4793.73
clflush size	: 64
cache_alignment	: 64
address sizes	: 46 bits physical, 48 bits virtual
power management:

processor	: 12
vendor_id	: GenuineIntel
cpu family	: 6
model		: 63
model name	: Intel(R) Xeon(R) CPU E5-2630 v3 @ 2.40GHz
stepping	: 2
microcode	: 0x43
cpu MHz		: 2400.000
cache size	: 20480 KB
physical id	: 1
siblings	: 16
core id		: 4
cpu cores	: 8
apicid		: 24
initial apicid	: 24
fpu		: yes
fpu_exception	: yes
cpuid level	: 15
wp		: yes
flags		: fpu vme de pse tsc msr pae mce cx8 apic sep mtrr pge mca cmov pat pse36 clflush dts acpi mmx fxsr sse sse2 ss ht tm pbe syscall nx pdpe1gb rdtscp lm constant_tsc arch_perfmon pebs bts rep_good nopl xtopology nonstop_tsc aperfmperf eagerfpu pni pclmulqdq dtes64 monitor ds_cpl vmx smx est tm2 ssse3 sdbg fma cx16 xtpr pdcm pcid dca sse4_1 sse4_2 x2apic movbe popcnt tsc_deadline_timer aes xsave avx f16c rdrand lahf_lm abm epb intel_ppin ssbd ibrs ibpb stibp tpr_shadow vnmi flexpriority ept vpid fsgsbase tsc_adjust bmi1 avx2 smep bmi2 erms invpcid cqm xsaveopt cqm_llc cqm_occup_llc dtherm ida arat pln pts md_clear spec_ctrl intel_stibp flush_l1d
bogomips	: 4793.73
clflush size	: 64
cache_alignment	: 64
address sizes	: 46 bits physical, 48 bits virtual
power management:

processor	: 13
vendor_id	: GenuineIntel
cpu family	: 6
model		: 63
model name	: Intel(R) Xeon(R) CPU E5-2630 v3 @ 2.40GHz
stepping	: 2
microcode	: 0x43
cpu MHz		: 1473.632
cache size	: 20480 KB
physical id	: 1
siblings	: 16
core id		: 5
cpu cores	: 8
apicid		: 26
initial apicid	: 26
fpu		: yes
fpu_exception	: yes
cpuid level	: 15
wp		: yes
flags		: fpu vme de pse tsc msr pae mce cx8 apic sep mtrr pge mca cmov pat pse36 clflush dts acpi mmx fxsr sse sse2 ss ht tm pbe syscall nx pdpe1gb rdtscp lm constant_tsc arch_perfmon pebs bts rep_good nopl xtopology nonstop_tsc aperfmperf eagerfpu pni pclmulqdq dtes64 monitor ds_cpl vmx smx est tm2 ssse3 sdbg fma cx16 xtpr pdcm pcid dca sse4_1 sse4_2 x2apic movbe popcnt tsc_deadline_timer aes xsave avx f16c rdrand lahf_lm abm epb intel_ppin ssbd ibrs ibpb stibp tpr_shadow vnmi flexpriority ept vpid fsgsbase tsc_adjust bmi1 avx2 smep bmi2 erms invpcid cqm xsaveopt cqm_llc cqm_occup_llc dtherm ida arat pln pts md_clear spec_ctrl intel_stibp flush_l1d
bogomips	: 4793.73
clflush size	: 64
cache_alignment	: 64
address sizes	: 46 bits physical, 48 bits virtual
power management:

processor	: 14
vendor_id	: GenuineIntel
cpu family	: 6
model		: 63
model name	: Intel(R) Xeon(R) CPU E5-2630 v3 @ 2.40GHz
stepping	: 2
microcode	: 0x43
cpu MHz		: 2626.464
cache size	: 20480 KB
physical id	: 1
siblings	: 16
core id		: 6
cpu cores	: 8
apicid		: 28
initial apicid	: 28
fpu		: yes
fpu_exception	: yes
cpuid level	: 15
wp		: yes
flags		: fpu vme de pse tsc msr pae mce cx8 apic sep mtrr pge mca cmov pat pse36 clflush dts acpi mmx fxsr sse sse2 ss ht tm pbe syscall nx pdpe1gb rdtscp lm constant_tsc arch_perfmon pebs bts rep_good nopl xtopology nonstop_tsc aperfmperf eagerfpu pni pclmulqdq dtes64 monitor ds_cpl vmx smx est tm2 ssse3 sdbg fma cx16 xtpr pdcm pcid dca sse4_1 sse4_2 x2apic movbe popcnt tsc_deadline_timer aes xsave avx f16c rdrand lahf_lm abm epb intel_ppin ssbd ibrs ibpb stibp tpr_shadow vnmi flexpriority ept vpid fsgsbase tsc_adjust bmi1 avx2 smep bmi2 erms invpcid cqm xsaveopt cqm_llc cqm_occup_llc dtherm ida arat pln pts md_clear spec_ctrl intel_stibp flush_l1d
bogomips	: 4793.73
clflush size	: 64
cache_alignment	: 64
address sizes	: 46 bits physical, 48 bits virtual
power management:

processor	: 15
vendor_id	: GenuineIntel
cpu family	: 6
model		: 63
model name	: Intel(R) Xeon(R) CPU E5-2630 v3 @ 2.40GHz
stepping	: 2
microcode	: 0x43
cpu MHz		: 2610.058
cache size	: 20480 KB
physical id	: 1
siblings	: 16
core id		: 7
cpu cores	: 8
apicid		: 30
initial apicid	: 30
fpu		: yes
fpu_exception	: yes
cpuid level	: 15
wp		: yes
flags		: fpu vme de pse tsc msr pae mce cx8 apic sep mtrr pge mca cmov pat pse36 clflush dts acpi mmx fxsr sse sse2 ss ht tm pbe syscall nx pdpe1gb rdtscp lm constant_tsc arch_perfmon pebs bts rep_good nopl xtopology nonstop_tsc aperfmperf eagerfpu pni pclmulqdq dtes64 monitor ds_cpl vmx smx est tm2 ssse3 sdbg fma cx16 xtpr pdcm pcid dca sse4_1 sse4_2 x2apic movbe popcnt tsc_deadline_timer aes xsave avx f16c rdrand lahf_lm abm epb intel_ppin ssbd ibrs ibpb stibp tpr_shadow vnmi flexpriority ept vpid fsgsbase tsc_adjust bmi1 avx2 smep bmi2 erms invpcid cqm xsaveopt cqm_llc cqm_occup_llc dtherm ida arat pln pts md_clear spec_ctrl intel_stibp flush_l1d
bogomips	: 4793.73
clflush size	: 64
cache_alignment	: 64
address sizes	: 46 bits physical, 48 bits virtual
power management:

processor	: 16
vendor_id	: GenuineIntel
cpu family	: 6
model		: 63
model name	: Intel(R) Xeon(R) CPU E5-2630 v3 @ 2.40GHz
stepping	: 2
microcode	: 0x43
cpu MHz		: 2600.097
cache size	: 20480 KB
physical id	: 0
siblings	: 16
core id		: 0
cpu cores	: 8
apicid		: 1
initial apicid	: 1
fpu		: yes
fpu_exception	: yes
cpuid level	: 15
wp		: yes
flags		: fpu vme de pse tsc msr pae mce cx8 apic sep mtrr pge mca cmov pat pse36 clflush dts acpi mmx fxsr sse sse2 ss ht tm pbe syscall nx pdpe1gb rdtscp lm constant_tsc arch_perfmon pebs bts rep_good nopl xtopology nonstop_tsc aperfmperf eagerfpu pni pclmulqdq dtes64 monitor ds_cpl vmx smx est tm2 ssse3 sdbg fma cx16 xtpr pdcm pcid dca sse4_1 sse4_2 x2apic movbe popcnt tsc_deadline_timer aes xsave avx f16c rdrand lahf_lm abm epb intel_ppin ssbd ibrs ibpb stibp tpr_shadow vnmi flexpriority ept vpid fsgsbase tsc_adjust bmi1 avx2 smep bmi2 erms invpcid cqm xsaveopt cqm_llc cqm_occup_llc dtherm ida arat pln pts md_clear spec_ctrl intel_stibp flush_l1d
bogomips	: 4788.66
clflush size	: 64
cache_alignment	: 64
address sizes	: 46 bits physical, 48 bits virtual
power management:

processor	: 17
vendor_id	: GenuineIntel
cpu family	: 6
model		: 63
model name	: Intel(R) Xeon(R) CPU E5-2630 v3 @ 2.40GHz
stepping	: 2
microcode	: 0x43
cpu MHz		: 2600.390
cache size	: 20480 KB
physical id	: 0
siblings	: 16
core id		: 1
cpu cores	: 8
apicid		: 3
initial apicid	: 3
fpu		: yes
fpu_exception	: yes
cpuid level	: 15
wp		: yes
flags		: fpu vme de pse tsc msr pae mce cx8 apic sep mtrr pge mca cmov pat pse36 clflush dts acpi mmx fxsr sse sse2 ss ht tm pbe syscall nx pdpe1gb rdtscp lm constant_tsc arch_perfmon pebs bts rep_good nopl xtopology nonstop_tsc aperfmperf eagerfpu pni pclmulqdq dtes64 monitor ds_cpl vmx smx est tm2 ssse3 sdbg fma cx16 xtpr pdcm pcid dca sse4_1 sse4_2 x2apic movbe popcnt tsc_deadline_timer aes xsave avx f16c rdrand lahf_lm abm epb intel_ppin ssbd ibrs ibpb stibp tpr_shadow vnmi flexpriority ept vpid fsgsbase tsc_adjust bmi1 avx2 smep bmi2 erms invpcid cqm xsaveopt cqm_llc cqm_occup_llc dtherm ida arat pln pts md_clear spec_ctrl intel_stibp flush_l1d
bogomips	: 4788.66
clflush size	: 64
cache_alignment	: 64
address sizes	: 46 bits physical, 48 bits virtual
power management:

processor	: 18
vendor_id	: GenuineIntel
cpu family	: 6
model		: 63
model name	: Intel(R) Xeon(R) CPU E5-2630 v3 @ 2.40GHz
stepping	: 2
microcode	: 0x43
cpu MHz		: 2302.294
cache size	: 20480 KB
physical id	: 0
siblings	: 16
core id		: 2
cpu cores	: 8
apicid		: 5
initial apicid	: 5
fpu		: yes
fpu_exception	: yes
cpuid level	: 15
wp		: yes
flags		: fpu vme de pse tsc msr pae mce cx8 apic sep mtrr pge mca cmov pat pse36 clflush dts acpi mmx fxsr sse sse2 ss ht tm pbe syscall nx pdpe1gb rdtscp lm constant_tsc arch_perfmon pebs bts rep_good nopl xtopology nonstop_tsc aperfmperf eagerfpu pni pclmulqdq dtes64 monitor ds_cpl vmx smx est tm2 ssse3 sdbg fma cx16 xtpr pdcm pcid dca sse4_1 sse4_2 x2apic movbe popcnt tsc_deadline_timer aes xsave avx f16c rdrand lahf_lm abm epb intel_ppin ssbd ibrs ibpb stibp tpr_shadow vnmi flexpriority ept vpid fsgsbase tsc_adjust bmi1 avx2 smep bmi2 erms invpcid cqm xsaveopt cqm_llc cqm_occup_llc dtherm ida arat pln pts md_clear spec_ctrl intel_stibp flush_l1d
bogomips	: 4788.66
clflush size	: 64
cache_alignment	: 64
address sizes	: 46 bits physical, 48 bits virtual
power management:

processor	: 19
vendor_id	: GenuineIntel
cpu family	: 6
model		: 63
model name	: Intel(R) Xeon(R) CPU E5-2630 v3 @ 2.40GHz
stepping	: 2
microcode	: 0x43
cpu MHz		: 2563.769
cache size	: 20480 KB
physical id	: 0
siblings	: 16
core id		: 3
cpu cores	: 8
apicid		: 7
initial apicid	: 7
fpu		: yes
fpu_exception	: yes
cpuid level	: 15
wp		: yes
flags		: fpu vme de pse tsc msr pae mce cx8 apic sep mtrr pge mca cmov pat pse36 clflush dts acpi mmx fxsr sse sse2 ss ht tm pbe syscall nx pdpe1gb rdtscp lm constant_tsc arch_perfmon pebs bts rep_good nopl xtopology nonstop_tsc aperfmperf eagerfpu pni pclmulqdq dtes64 monitor ds_cpl vmx smx est tm2 ssse3 sdbg fma cx16 xtpr pdcm pcid dca sse4_1 sse4_2 x2apic movbe popcnt tsc_deadline_timer aes xsave avx f16c rdrand lahf_lm abm epb intel_ppin ssbd ibrs ibpb stibp tpr_shadow vnmi flexpriority ept vpid fsgsbase tsc_adjust bmi1 avx2 smep bmi2 erms invpcid cqm xsaveopt cqm_llc cqm_occup_llc dtherm ida arat pln pts md_clear spec_ctrl intel_stibp flush_l1d
bogomips	: 4788.66
clflush size	: 64
cache_alignment	: 64
address sizes	: 46 bits physical, 48 bits virtual
power management:

processor	: 20
vendor_id	: GenuineIntel
cpu family	: 6
model		: 63
model name	: Intel(R) Xeon(R) CPU E5-2630 v3 @ 2.40GHz
stepping	: 2
microcode	: 0x43
cpu MHz		: 1214.355
cache size	: 20480 KB
physical id	: 0
siblings	: 16
core id		: 4
cpu cores	: 8
apicid		: 9
initial apicid	: 9
fpu		: yes
fpu_exception	: yes
cpuid level	: 15
wp		: yes
flags		: fpu vme de pse tsc msr pae mce cx8 apic sep mtrr pge mca cmov pat pse36 clflush dts acpi mmx fxsr sse sse2 ss ht tm pbe syscall nx pdpe1gb rdtscp lm constant_tsc arch_perfmon pebs bts rep_good nopl xtopology nonstop_tsc aperfmperf eagerfpu pni pclmulqdq dtes64 monitor ds_cpl vmx smx est tm2 ssse3 sdbg fma cx16 xtpr pdcm pcid dca sse4_1 sse4_2 x2apic movbe popcnt tsc_deadline_timer aes xsave avx f16c rdrand lahf_lm abm epb intel_ppin ssbd ibrs ibpb stibp tpr_shadow vnmi flexpriority ept vpid fsgsbase tsc_adjust bmi1 avx2 smep bmi2 erms invpcid cqm xsaveopt cqm_llc cqm_occup_llc dtherm ida arat pln pts md_clear spec_ctrl intel_stibp flush_l1d
bogomips	: 4788.66
clflush size	: 64
cache_alignment	: 64
address sizes	: 46 bits physical, 48 bits virtual
power management:

processor	: 21
vendor_id	: GenuineIntel
cpu family	: 6
model		: 63
model name	: Intel(R) Xeon(R) CPU E5-2630 v3 @ 2.40GHz
stepping	: 2
microcode	: 0x43
cpu MHz		: 2626.464
cache size	: 20480 KB
physical id	: 0
siblings	: 16
core id		: 5
cpu cores	: 8
apicid		: 11
initial apicid	: 11
fpu		: yes
fpu_exception	: yes
cpuid level	: 15
wp		: yes
flags		: fpu vme de pse tsc msr pae mce cx8 apic sep mtrr pge mca cmov pat pse36 clflush dts acpi mmx fxsr sse sse2 ss ht tm pbe syscall nx pdpe1gb rdtscp lm constant_tsc arch_perfmon pebs bts rep_good nopl xtopology nonstop_tsc aperfmperf eagerfpu pni pclmulqdq dtes64 monitor ds_cpl vmx smx est tm2 ssse3 sdbg fma cx16 xtpr pdcm pcid dca sse4_1 sse4_2 x2apic movbe popcnt tsc_deadline_timer aes xsave avx f16c rdrand lahf_lm abm epb intel_ppin ssbd ibrs ibpb stibp tpr_shadow vnmi flexpriority ept vpid fsgsbase tsc_adjust bmi1 avx2 smep bmi2 erms invpcid cqm xsaveopt cqm_llc cqm_occup_llc dtherm ida arat pln pts md_clear spec_ctrl intel_stibp flush_l1d
bogomips	: 4788.66
clflush size	: 64
cache_alignment	: 64
address sizes	: 46 bits physical, 48 bits virtual
power management:

processor	: 22
vendor_id	: GenuineIntel
cpu family	: 6
model		: 63
model name	: Intel(R) Xeon(R) CPU E5-2630 v3 @ 2.40GHz
stepping	: 2
microcode	: 0x43
cpu MHz		: 1638.281
cache size	: 20480 KB
physical id	: 0
siblings	: 16
core id		: 6
cpu cores	: 8
apicid		: 13
initial apicid	: 13
fpu		: yes
fpu_exception	: yes
cpuid level	: 15
wp		: yes
flags		: fpu vme de pse tsc msr pae mce cx8 apic sep mtrr pge mca cmov pat pse36 clflush dts acpi mmx fxsr sse sse2 ss ht tm pbe syscall nx pdpe1gb rdtscp lm constant_tsc arch_perfmon pebs bts rep_good nopl xtopology nonstop_tsc aperfmperf eagerfpu pni pclmulqdq dtes64 monitor ds_cpl vmx smx est tm2 ssse3 sdbg fma cx16 xtpr pdcm pcid dca sse4_1 sse4_2 x2apic movbe popcnt tsc_deadline_timer aes xsave avx f16c rdrand lahf_lm abm epb intel_ppin ssbd ibrs ibpb stibp tpr_shadow vnmi flexpriority ept vpid fsgsbase tsc_adjust bmi1 avx2 smep bmi2 erms invpcid cqm xsaveopt cqm_llc cqm_occup_llc dtherm ida arat pln pts md_clear spec_ctrl intel_stibp flush_l1d
bogomips	: 4788.66
clflush size	: 64
cache_alignment	: 64
address sizes	: 46 bits physical, 48 bits virtual
power management:

processor	: 23
vendor_id	: GenuineIntel
cpu family	: 6
model		: 63
model name	: Intel(R) Xeon(R) CPU E5-2630 v3 @ 2.40GHz
stepping	: 2
microcode	: 0x43
cpu MHz		: 1589.648
cache size	: 20480 KB
physical id	: 0
siblings	: 16
core id		: 7
cpu cores	: 8
apicid		: 15
initial apicid	: 15
fpu		: yes
fpu_exception	: yes
cpuid level	: 15
wp		: yes
flags		: fpu vme de pse tsc msr pae mce cx8 apic sep mtrr pge mca cmov pat pse36 clflush dts acpi mmx fxsr sse sse2 ss ht tm pbe syscall nx pdpe1gb rdtscp lm constant_tsc arch_perfmon pebs bts rep_good nopl xtopology nonstop_tsc aperfmperf eagerfpu pni pclmulqdq dtes64 monitor ds_cpl vmx smx est tm2 ssse3 sdbg fma cx16 xtpr pdcm pcid dca sse4_1 sse4_2 x2apic movbe popcnt tsc_deadline_timer aes xsave avx f16c rdrand lahf_lm abm epb intel_ppin ssbd ibrs ibpb stibp tpr_shadow vnmi flexpriority ept vpid fsgsbase tsc_adjust bmi1 avx2 smep bmi2 erms invpcid cqm xsaveopt cqm_llc cqm_occup_llc dtherm ida arat pln pts md_clear spec_ctrl intel_stibp flush_l1d
bogomips	: 4788.66
clflush size	: 64
cache_alignment	: 64
address sizes	: 46 bits physical, 48 bits virtual
power management:

processor	: 24
vendor_id	: GenuineIntel
cpu family	: 6
model		: 63
model name	: Intel(R) Xeon(R) CPU E5-2630 v3 @ 2.40GHz
stepping	: 2
microcode	: 0x43
cpu MHz		: 2832.568
cache size	: 20480 KB
physical id	: 1
siblings	: 16
core id		: 0
cpu cores	: 8
apicid		: 17
initial apicid	: 17
fpu		: yes
fpu_exception	: yes
cpuid level	: 15
wp		: yes
flags		: fpu vme de pse tsc msr pae mce cx8 apic sep mtrr pge mca cmov pat pse36 clflush dts acpi mmx fxsr sse sse2 ss ht tm pbe syscall nx pdpe1gb rdtscp lm constant_tsc arch_perfmon pebs bts rep_good nopl xtopology nonstop_tsc aperfmperf eagerfpu pni pclmulqdq dtes64 monitor ds_cpl vmx smx est tm2 ssse3 sdbg fma cx16 xtpr pdcm pcid dca sse4_1 sse4_2 x2apic movbe popcnt tsc_deadline_timer aes xsave avx f16c rdrand lahf_lm abm epb intel_ppin ssbd ibrs ibpb stibp tpr_shadow vnmi flexpriority ept vpid fsgsbase tsc_adjust bmi1 avx2 smep bmi2 erms invpcid cqm xsaveopt cqm_llc cqm_occup_llc dtherm ida arat pln pts md_clear spec_ctrl intel_stibp flush_l1d
bogomips	: 4793.73
clflush size	: 64
cache_alignment	: 64
address sizes	: 46 bits physical, 48 bits virtual
power management:

processor	: 25
vendor_id	: GenuineIntel
cpu family	: 6
model		: 63
model name	: Intel(R) Xeon(R) CPU E5-2630 v3 @ 2.40GHz
stepping	: 2
microcode	: 0x43
cpu MHz		: 2815.722
cache size	: 20480 KB
physical id	: 1
siblings	: 16
core id		: 1
cpu cores	: 8
apicid		: 19
initial apicid	: 19
fpu		: yes
fpu_exception	: yes
cpuid level	: 15
wp		: yes
flags		: fpu vme de pse tsc msr pae mce cx8 apic sep mtrr pge mca cmov pat pse36 clflush dts acpi mmx fxsr sse sse2 ss ht tm pbe syscall nx pdpe1gb rdtscp lm constant_tsc arch_perfmon pebs bts rep_good nopl xtopology nonstop_tsc aperfmperf eagerfpu pni pclmulqdq dtes64 monitor ds_cpl vmx smx est tm2 ssse3 sdbg fma cx16 xtpr pdcm pcid dca sse4_1 sse4_2 x2apic movbe popcnt tsc_deadline_timer aes xsave avx f16c rdrand lahf_lm abm epb intel_ppin ssbd ibrs ibpb stibp tpr_shadow vnmi flexpriority ept vpid fsgsbase tsc_adjust bmi1 avx2 smep bmi2 erms invpcid cqm xsaveopt cqm_llc cqm_occup_llc dtherm ida arat pln pts md_clear spec_ctrl intel_stibp flush_l1d
bogomips	: 4793.73
clflush size	: 64
cache_alignment	: 64
address sizes	: 46 bits physical, 48 bits virtual
power management:

processor	: 26
vendor_id	: GenuineIntel
cpu family	: 6
model		: 63
model name	: Intel(R) Xeon(R) CPU E5-2630 v3 @ 2.40GHz
stepping	: 2
microcode	: 0x43
cpu MHz		: 2634.814
cache size	: 20480 KB
physical id	: 1
siblings	: 16
core id		: 2
cpu cores	: 8
apicid		: 21
initial apicid	: 21
fpu		: yes
fpu_exception	: yes
cpuid level	: 15
wp		: yes
flags		: fpu vme de pse tsc msr pae mce cx8 apic sep mtrr pge mca cmov pat pse36 clflush dts acpi mmx fxsr sse sse2 ss ht tm pbe syscall nx pdpe1gb rdtscp lm constant_tsc arch_perfmon pebs bts rep_good nopl xtopology nonstop_tsc aperfmperf eagerfpu pni pclmulqdq dtes64 monitor ds_cpl vmx smx est tm2 ssse3 sdbg fma cx16 xtpr pdcm pcid dca sse4_1 sse4_2 x2apic movbe popcnt tsc_deadline_timer aes xsave avx f16c rdrand lahf_lm abm epb intel_ppin ssbd ibrs ibpb stibp tpr_shadow vnmi flexpriority ept vpid fsgsbase tsc_adjust bmi1 avx2 smep bmi2 erms invpcid cqm xsaveopt cqm_llc cqm_occup_llc dtherm ida arat pln pts md_clear spec_ctrl intel_stibp flush_l1d
bogomips	: 4793.73
clflush size	: 64
cache_alignment	: 64
address sizes	: 46 bits physical, 48 bits virtual
power management:

processor	: 27
vendor_id	: GenuineIntel
cpu family	: 6
model		: 63
model name	: Intel(R) Xeon(R) CPU E5-2630 v3 @ 2.40GHz
stepping	: 2
microcode	: 0x43
cpu MHz		: 2697.070
cache size	: 20480 KB
physical id	: 1
siblings	: 16
core id		: 3
cpu cores	: 8
apicid		: 23
initial apicid	: 23
fpu		: yes
fpu_exception	: yes
cpuid level	: 15
wp		: yes
flags		: fpu vme de pse tsc msr pae mce cx8 apic sep mtrr pge mca cmov pat pse36 clflush dts acpi mmx fxsr sse sse2 ss ht tm pbe syscall nx pdpe1gb rdtscp lm constant_tsc arch_perfmon pebs bts rep_good nopl xtopology nonstop_tsc aperfmperf eagerfpu pni pclmulqdq dtes64 monitor ds_cpl vmx smx est tm2 ssse3 sdbg fma cx16 xtpr pdcm pcid dca sse4_1 sse4_2 x2apic movbe popcnt tsc_deadline_timer aes xsave avx f16c rdrand lahf_lm abm epb intel_ppin ssbd ibrs ibpb stibp tpr_shadow vnmi flexpriority ept vpid fsgsbase tsc_adjust bmi1 avx2 smep bmi2 erms invpcid cqm xsaveopt cqm_llc cqm_occup_llc dtherm ida arat pln pts md_clear spec_ctrl intel_stibp flush_l1d
bogomips	: 4793.73
clflush size	: 64
cache_alignment	: 64
address sizes	: 46 bits physical, 48 bits virtual
power management:

processor	: 28
vendor_id	: GenuineIntel
cpu family	: 6
model		: 63
model name	: Intel(R) Xeon(R) CPU E5-2630 v3 @ 2.40GHz
stepping	: 2
microcode	: 0x43
cpu MHz		: 2400.585
cache size	: 20480 KB
physical id	: 1
siblings	: 16
core id		: 4
cpu cores	: 8
apicid		: 25
initial apicid	: 25
fpu		: yes
fpu_exception	: yes
cpuid level	: 15
wp		: yes
flags		: fpu vme de pse tsc msr pae mce cx8 apic sep mtrr pge mca cmov pat pse36 clflush dts acpi mmx fxsr sse sse2 ss ht tm pbe syscall nx pdpe1gb rdtscp lm constant_tsc arch_perfmon pebs bts rep_good nopl xtopology nonstop_tsc aperfmperf eagerfpu pni pclmulqdq dtes64 monitor ds_cpl vmx smx est tm2 ssse3 sdbg fma cx16 xtpr pdcm pcid dca sse4_1 sse4_2 x2apic movbe popcnt tsc_deadline_timer aes xsave avx f16c rdrand lahf_lm abm epb intel_ppin ssbd ibrs ibpb stibp tpr_shadow vnmi flexpriority ept vpid fsgsbase tsc_adjust bmi1 avx2 smep bmi2 erms invpcid cqm xsaveopt cqm_llc cqm_occup_llc dtherm ida arat pln pts md_clear spec_ctrl intel_stibp flush_l1d
bogomips	: 4793.73
clflush size	: 64
cache_alignment	: 64
address sizes	: 46 bits physical, 48 bits virtual
power management:

processor	: 29
vendor_id	: GenuineIntel
cpu family	: 6
model		: 63
model name	: Intel(R) Xeon(R) CPU E5-2630 v3 @ 2.40GHz
stepping	: 2
microcode	: 0x43
cpu MHz		: 1902.099
cache size	: 20480 KB
physical id	: 1
siblings	: 16
core id		: 5
cpu cores	: 8
apicid		: 27
initial apicid	: 27
fpu		: yes
fpu_exception	: yes
cpuid level	: 15
wp		: yes
flags		: fpu vme de pse tsc msr pae mce cx8 apic sep mtrr pge mca cmov pat pse36 clflush dts acpi mmx fxsr sse sse2 ss ht tm pbe syscall nx pdpe1gb rdtscp lm constant_tsc arch_perfmon pebs bts rep_good nopl xtopology nonstop_tsc aperfmperf eagerfpu pni pclmulqdq dtes64 monitor ds_cpl vmx smx est tm2 ssse3 sdbg fma cx16 xtpr pdcm pcid dca sse4_1 sse4_2 x2apic movbe popcnt tsc_deadline_timer aes xsave avx f16c rdrand lahf_lm abm epb intel_ppin ssbd ibrs ibpb stibp tpr_shadow vnmi flexpriority ept vpid fsgsbase tsc_adjust bmi1 avx2 smep bmi2 erms invpcid cqm xsaveopt cqm_llc cqm_occup_llc dtherm ida arat pln pts md_clear spec_ctrl intel_stibp flush_l1d
bogomips	: 4793.73
clflush size	: 64
cache_alignment	: 64
address sizes	: 46 bits physical, 48 bits virtual
power management:

processor	: 30
vendor_id	: GenuineIntel
cpu family	: 6
model		: 63
model name	: Intel(R) Xeon(R) CPU E5-2630 v3 @ 2.40GHz
stepping	: 2
microcode	: 0x43
cpu MHz		: 2077.441
cache size	: 20480 KB
physical id	: 1
siblings	: 16
core id		: 6
cpu cores	: 8
apicid		: 29
initial apicid	: 29
fpu		: yes
fpu_exception	: yes
cpuid level	: 15
wp		: yes
flags		: fpu vme de pse tsc msr pae mce cx8 apic sep mtrr pge mca cmov pat pse36 clflush dts acpi mmx fxsr sse sse2 ss ht tm pbe syscall nx pdpe1gb rdtscp lm constant_tsc arch_perfmon pebs bts rep_good nopl xtopology nonstop_tsc aperfmperf eagerfpu pni pclmulqdq dtes64 monitor ds_cpl vmx smx est tm2 ssse3 sdbg fma cx16 xtpr pdcm pcid dca sse4_1 sse4_2 x2apic movbe popcnt tsc_deadline_timer aes xsave avx f16c rdrand lahf_lm abm epb intel_ppin ssbd ibrs ibpb stibp tpr_shadow vnmi flexpriority ept vpid fsgsbase tsc_adjust bmi1 avx2 smep bmi2 erms invpcid cqm xsaveopt cqm_llc cqm_occup_llc dtherm ida arat pln pts md_clear spec_ctrl intel_stibp flush_l1d
bogomips	: 4793.73
clflush size	: 64
cache_alignment	: 64
address sizes	: 46 bits physical, 48 bits virtual
power management:

processor	: 31
vendor_id	: GenuineIntel
cpu family	: 6
model		: 63
model name	: Intel(R) Xeon(R) CPU E5-2630 v3 @ 2.40GHz
stepping	: 2
microcode	: 0x43
cpu MHz		: 2512.939
cache size	: 20480 KB
physical id	: 1
siblings	: 16
core id		: 7
cpu cores	: 8
apicid		: 31
initial apicid	: 31
fpu		: yes
fpu_exception	: yes
cpuid level	: 15
wp		: yes
flags		: fpu vme de pse tsc msr pae mce cx8 apic sep mtrr pge mca cmov pat pse36 clflush dts acpi mmx fxsr sse sse2 ss ht tm pbe syscall nx pdpe1gb rdtscp lm constant_tsc arch_perfmon pebs bts rep_good nopl xtopology nonstop_tsc aperfmperf eagerfpu pni pclmulqdq dtes64 monitor ds_cpl vmx smx est tm2 ssse3 sdbg fma cx16 xtpr pdcm pcid dca sse4_1 sse4_2 x2apic movbe popcnt tsc_deadline_timer aes xsave avx f16c rdrand lahf_lm abm epb intel_ppin ssbd ibrs ibpb stibp tpr_shadow vnmi flexpriority ept vpid fsgsbase tsc_adjust bmi1 avx2 smep bmi2 erms invpcid cqm xsaveopt cqm_llc cqm_occup_llc dtherm ida arat pln pts md_clear spec_ctrl intel_stibp flush_l1d
bogomips	: 4793.73
clflush size	: 64
cache_alignment	: 64
address sizes	: 46 bits physical, 48 bits virtual
power management:



Memory: 4k page, physical 263864184k(1598728k free), swap 0k(0k free)

vm_info: OpenJDK 64-Bit Server VM (25.212-b04) for linux-amd64 JRE (1.8.0_212-b04), built on May  4 2019 17:50:21 by "buildozer" with gcc 6.4.0

time: Thu Sep 19 08:33:56 2019
timezone: UTC
elapsed time: 1 seconds (0d 0h 0m 1s)

