#
# A fatal error has been detected by the Java Runtime Environment:
#
#  SIGSEGV (0xb) at pc=0x00007f81a8c58810, pid=684, tid=0x00007f818c2e1ae0
#
# JRE version: OpenJDK Runtime Environment (8.0_212-b04) (build 1.8.0_212-b04)
# Java VM: OpenJDK 64-Bit Server VM (25.212-b04 mixed mode linux-amd64 compressed oops)
# Derivative: IcedTea 3.12.0
# Distribution: Custom build (Sat May  4 17:31:12 UTC 2019)
# Problematic frame:
# C  [ld-musl-x86_64.so.1+0x53810]  pthread_setname_np+0x5e
#
# Core dump written. Default location: /workdir/hadoop-hdds/common/core or core.684
#
# If you would like to submit a bug report, please include
# instructions on how to reproduce the bug and visit:
#   https://icedtea.classpath.org/bugzilla
#

---------------  T H R E A D  ---------------

Current thread is native thread

siginfo: si_signo: 11 (SIGSEGV), si_code: 1 (SEGV_MAPERR), si_addr: 0x0000000000000038

Registers:
RAX=0x00007f818c2e1ae0, RBX=0x0000000000000022, RCX=0x0000000000000000, RDX=0x0000000000000000
RSP=0x00007f818c2e1680, RBP=0x0000000000000000, RSI=0x0000000000000000, RDI=0xfeff73725e73726f
R8 =0x0000000000000000, R9 =0x8080808080808080, R10=0xfefefefefefefeff, R11=0x0000000000000212
R12=0x000055c1f65d6558, R13=0x000000000000000e, R14=0x00007f818c2e1ae0, R15=0x00007f81a8e91ae8
RIP=0x00007f81a8c58810, EFLAGS=0x0000000000010202, CSGSFS=0x0000000000000033, ERR=0x0000000000000004
  TRAPNO=0x000000000000000e

Top of Stack: (sp=0x00007f818c2e1680)
0x00007f818c2e1680:   0000000000000000 0000000000000000
0x00007f818c2e1690:   0000000000000000 0000000000000000
0x00007f818c2e16a0:   0000000000000000 0000000000000000
0x00007f818c2e16b0:   0000000000000000 000055c1f65d6480
0x00007f818c2e16c0:   00007f818c2e1710 0000000000000000
0x00007f818c2e16d0:   000055c1f65d64c0 00007f818cc5aec9
0x00007f818c2e16e0:   0000000000000000 000055c1f65d6580
0x00007f818c2e16f0:   0000000000000000 00007f818c2e1760
0x00007f818c2e1700:   00007f818c2e1ae0 00007f81a8e91ae8
0x00007f818c2e1710:   0000000000000000 00007f81a7a88f41
0x00007f818c2e1720:   0000000000000000 00007f818c2e1ae0
0x00007f818c2e1730:   0000000000000000 00007f81a8c576c2
0x00007f818c2e1740:   0000000000000000 0000000000000000
0x00007f818c2e1750:   0000000000017000 00007f81a8c595b1
0x00007f818c2e1760:   0000000000000002 00007f818c2e1ac0
0x00007f818c2e1770:   00007f818c2e1790 0000000000000000
0x00007f818c2e1780:   0000000000000000 0000000000000000
0x00007f818c2e1790:   0000000000000002 0000000000000000
0x00007f818c2e17a0:   0000000000000000 0000000000000000
0x00007f818c2e17b0:   0000000000000000 0000000000000000
0x00007f818c2e17c0:   0000000000000000 0000000000000000
0x00007f818c2e17d0:   0000000000000000 0000000000000000
0x00007f818c2e17e0:   0000000000000000 0000000000000000
0x00007f818c2e17f0:   0000000000000000 0000000000000000
0x00007f818c2e1800:   0000000000000000 0000000000000000
0x00007f818c2e1810:   0000000000000000 0000000000000000
0x00007f818c2e1820:   0000000000000000 0000000000000000
0x00007f818c2e1830:   0000000000000000 0000000000000000
0x00007f818c2e1840:   0000000000000000 0000000000000000
0x00007f818c2e1850:   0000000000000000 0000000000000000
0x00007f818c2e1860:   0000000000000000 0000000000000000
0x00007f818c2e1870:   0000000000000000 0000000000000000 

Instructions: (pc=0x00007f81a8c58810)
0x00007f81a8c587f0:   31 d2 31 c0 4c 89 e6 bf 0f 00 00 00 e8 65 d8 fc
0x00007f81a8c58800:   ff 85 c0 89 c3 74 7e e8 25 a7 fc ff 8b 18 eb 75
0x00007f81a8c58810:   8b 4d 38 48 8d 5c 24 0e 48 8d 15 f2 92 03 00 be
0x00007f81a8c58820:   22 00 00 00 31 c0 48 89 df e8 35 68 ff ff 48 8d 

Register to memory mapping:

RAX=0x00007f818c2e1ae0 is an unknown value
RBX=0x0000000000000022 is an unknown value
RCX=0x0000000000000000 is an unknown value
RDX=0x0000000000000000 is an unknown value
RSP=0x00007f818c2e1680 is an unknown value
RBP=0x0000000000000000 is an unknown value
RSI=0x0000000000000000 is an unknown value
RDI=0xfeff73725e73726f is an unknown value
R8 =0x0000000000000000 is an unknown value
R9 =0x8080808080808080 is an unknown value
R10=0xfefefefefefefeff is an unknown value
R11=0x0000000000000212 is an unknown value
R12=0x000055c1f65d6558 is an unknown value
R13=0x000000000000000e is an unknown value
R14=0x00007f818c2e1ae0 is an unknown value
R15=0x00007f81a8e91ae8: __utc+0x1fff68 in /lib/ld-musl-x86_64.so.1 at 0x00007f81a8c05000


Stack: [0x00007f818c2cd000,0x00007f818c2e1760],  sp=0x00007f818c2e1680,  free space=81k
Native frames: (J=compiled Java code, j=interpreted, Vv=VM code, C=native code)
C  [ld-musl-x86_64.so.1+0x53810]  pthread_setname_np+0x5e

[error occurred during error reporting (printing native stack), id 0xb]


---------------  P R O C E S S  ---------------

VM state:not at safepoint (normal execution)

VM Mutex/Monitor currently owned by a thread: None

heap address: 0x0000000080000000, size: 2048 MB, Compressed Oops mode: 32-bit
Narrow klass base: 0x0000000000000000, Narrow klass shift: 3
Compressed class space size: 1073741824 Address: 0x0000000100000000

Heap:
 PSYoungGen      total 611840K, used 125952K [0x00000000d5580000, 0x0000000100000000, 0x0000000100000000)
  eden space 524800K, 24% used [0x00000000d5580000,0x00000000dd080170,0x00000000f5600000)
  from space 87040K, 0% used [0x00000000fab00000,0x00000000fab00000,0x0000000100000000)
  to   space 87040K, 0% used [0x00000000f5600000,0x00000000f5600000,0x00000000fab00000)
 ParOldGen       total 1398272K, used 0K [0x0000000080000000, 0x00000000d5580000, 0x00000000d5580000)
  object space 1398272K, 0% used [0x0000000080000000,0x0000000080000000,0x00000000d5580000)
 Metaspace       used 11505K, capacity 11750K, committed 11904K, reserved 1060864K
  class space    used 1221K, capacity 1309K, committed 1408K, reserved 1048576K

Card table byte_map: [0x00007f81979b1000,0x00007f8197db2000] byte_map_base: 0x00007f81975b1000

Marking Bits: (ParMarkBitMap*) 0x00007f81a87c3200
 Begin Bits: [0x00007f8193502000, 0x00007f8195502000)
 End Bits:   [0x00007f8195502000, 0x00007f8197502000)

Polling page: 0x00007f81a8d8e000

CodeCache: size=245760Kb used=4134Kb max_used=4141Kb free=241625Kb
 bounds [0x00007f8198172000, 0x00007f8198582000, 0x00007f81a7172000]
 total_blobs=1490 nmethods=1113 adapters=292
 compilation: enabled

Compilation events (10 events):
Event: 9.213 Thread 0x000055c1f56fc800 nmethod 1112 0x00007f8198574d10 code [0x00007f8198574e60, 0x00007f8198574f90]
Event: 9.222 Thread 0x000055c1f56f9800 nmethod 1107 0x00007f819857ea90 code [0x00007f819857eca0, 0x00007f819857f6a0]
Event: 9.222 Thread 0x000055c1f56f9800 1111       4       java.util.ArrayList::grow (45 bytes)
Event: 9.226 Thread 0x000055c1f56f9800 nmethod 1111 0x00007f8198574810 code [0x00007f8198574960, 0x00007f8198574bb8]
Event: 9.404 Thread 0x000055c1f56fc800 1113       1       java.net.URLConnection::getUseCaches (5 bytes)
Event: 9.405 Thread 0x000055c1f56fc800 nmethod 1113 0x00007f819857e7d0 code [0x00007f819857e920, 0x00007f819857ea30]
Event: 9.414 Thread 0x000055c1f56fc800 1114       3       java.lang.ClassLoader::getResource (36 bytes)
Event: 9.415 Thread 0x000055c1f56fc800 nmethod 1114 0x00007f819857dd10 code [0x00007f819857dee0, 0x00007f819857e558]
Event: 9.415 Thread 0x000055c1f56fc800 1115       3       java.net.URLClassLoader::findResource (37 bytes)
Event: 9.415 Thread 0x000055c1f56fc800 nmethod 1115 0x00007f819857d450 code [0x00007f819857d600, 0x00007f819857daf8]

GC Heap History (0 events):
No events

Deoptimization events (4 events):
Event: 0.490 Thread 0x000055c1f55bb800 Uncommon trap: reason=unstable_if action=reinterpret pc=0x00007f81983331c8 method=java.lang.AbstractStringBuilder.append(Ljava/lang/String;)Ljava/lang/AbstractStringBuilder; @ 1
Event: 3.064 Thread 0x000055c1f55bb800 Uncommon trap: reason=unstable_if action=reinterpret pc=0x00007f81982927d4 method=java.lang.String.indexOf([CII[CIII)I @ 3
Event: 3.488 Thread 0x000055c1f55bb800 Uncommon trap: reason=unstable_if action=reinterpret pc=0x00007f81984726e4 method=com.ctc.wstx.sr.BasicStreamReader.readIndentation(CI)I @ 141
Event: 5.747 Thread 0x000055c1f55bb800 Uncommon trap: reason=unstable_if action=reinterpret pc=0x00007f81984cf73c method=java.util.ArrayList.clear()V @ 17

Classes redefined (0 events):
No events

Internal exceptions (10 events):
Event: 0.358 Thread 0x000055c1f55bb800 Exception <a 'java/lang/NoSuchMethodError': org.junit.runner.Description.createSuiteDescription(Ljava/lang/String;)Lorg/junit/runner/Description;> (0x00000000d7f9afd8) thrown at [/home/buildozer/aports/community/openjdk8/src/icedtea-3.12.0/openjdk/hotspot
Event: 0.402 Thread 0x000055c1f5a2d800 Exception <a 'java/security/PrivilegedActionException'> (0x00000000d75e4bc8) thrown at [/home/buildozer/aports/community/openjdk8/src/icedtea-3.12.0/openjdk/hotspot/src/share/vm/prims/jvm.cpp, line 1512]
Event: 0.402 Thread 0x000055c1f5a2d800 Exception <a 'java/security/PrivilegedActionException'> (0x00000000d75e4fc0) thrown at [/home/buildozer/aports/community/openjdk8/src/icedtea-3.12.0/openjdk/hotspot/src/share/vm/prims/jvm.cpp, line 1512]
Event: 0.402 Thread 0x000055c1f5a2d800 Exception <a 'java/security/PrivilegedActionException'> (0x00000000d75e72c8) thrown at [/home/buildozer/aports/community/openjdk8/src/icedtea-3.12.0/openjdk/hotspot/src/share/vm/prims/jvm.cpp, line 1512]
Event: 0.402 Thread 0x000055c1f5a2d800 Exception <a 'java/security/PrivilegedActionException'> (0x00000000d75e76c0) thrown at [/home/buildozer/aports/community/openjdk8/src/icedtea-3.12.0/openjdk/hotspot/src/share/vm/prims/jvm.cpp, line 1512]
Event: 0.402 Thread 0x000055c1f5a2d800 Exception <a 'java/security/PrivilegedActionException'> (0x00000000d75e8520) thrown at [/home/buildozer/aports/community/openjdk8/src/icedtea-3.12.0/openjdk/hotspot/src/share/vm/prims/jvm.cpp, line 1512]
Event: 0.402 Thread 0x000055c1f5a2d800 Exception <a 'java/security/PrivilegedActionException'> (0x00000000d75e8918) thrown at [/home/buildozer/aports/community/openjdk8/src/icedtea-3.12.0/openjdk/hotspot/src/share/vm/prims/jvm.cpp, line 1512]
Event: 0.490 Thread 0x000055c1f55bb800 Implicit null exception at 0x00007f8198332df6 to 0x00007f81983331b1
Event: 3.064 Thread 0x000055c1f55bb800 Exception <a 'java/io/FileNotFoundException'> (0x00000000da48d688) thrown at [/home/buildozer/aports/community/openjdk8/src/icedtea-3.12.0/openjdk/hotspot/src/share/vm/prims/jni.cpp, line 710]
Event: 7.719 Thread 0x000055c1f55bb800 Exception <a 'java/lang/reflect/InvocationTargetException'> (0x00000000dc171ed8) thrown at [/home/buildozer/aports/community/openjdk8/src/icedtea-3.12.0/openjdk/hotspot/src/share/vm/runtime/reflection.cpp, line 1092]

Events (10 events):
Event: 9.472 Executing VM operation: RevokeBias
Event: 9.472 Executing VM operation: RevokeBias done
Event: 9.472 Executing VM operation: RevokeBias
Event: 9.472 Executing VM operation: RevokeBias done
Event: 9.472 Executing VM operation: RevokeBias
Event: 9.472 Executing VM operation: RevokeBias done
Event: 9.472 Executing VM operation: RevokeBias
Event: 9.472 Executing VM operation: RevokeBias done
Event: 9.472 Executing VM operation: RevokeBias
Event: 9.472 Executing VM operation: RevokeBias done


Dynamic libraries:
80000000-100160000 rw-p 00000000 00:00 0 
100160000-140000000 ---p 00000000 00:00 0 
55c1f4cd1000-55c1f4cd2000 r-xp 00000000 fd:02 14287556                   /usr/lib/jvm/java-1.8-openjdk/jre/bin/java
55c1f4ed1000-55c1f4ed2000 r--p 00000000 fd:02 14287556                   /usr/lib/jvm/java-1.8-openjdk/jre/bin/java
55c1f4ed2000-55c1f4ed3000 rw-p 00001000 fd:02 14287556                   /usr/lib/jvm/java-1.8-openjdk/jre/bin/java
55c1f55a4000-55c1f6872000 rw-p 00000000 00:00 0                          [heap]
7f818c2cb000-7f818c2cd000 ---p 00000000 00:00 0 
7f818c2cd000-7f818c2e2000 rw-p 00000000 00:00 0 
7f818c2e2000-7f818c2e4000 ---p 00000000 00:00 0 
7f818c2e4000-7f818c2f9000 rw-p 00000000 00:00 0 
7f818c2f9000-7f818c2fb000 ---p 00000000 00:00 0 
7f818c2fb000-7f818c310000 rw-p 00000000 00:00 0 
7f818c310000-7f818c312000 ---p 00000000 00:00 0 
7f818c312000-7f818c327000 rw-p 00000000 00:00 0 
7f818c327000-7f818c329000 ---p 00000000 00:00 0 
7f818c329000-7f818c37e000 rw-p 00000000 00:00 0 
7f818c37e000-7f818c53e000 ---p 00000000 00:00 0 
7f818c53e000-7f818c540000 ---p 00000000 00:00 0 
7f818c540000-7f818c555000 rw-p 00000000 00:00 0 
7f818c555000-7f818c557000 ---p 00000000 00:00 0 
7f818c557000-7f818c7db000 rw-p 00000000 00:00 0 
7f818c7db000-7f818ca01000 r-xp 00000000 fd:02 14420611                   /usr/glibc-compat/lib/ld-2.28.so
7f818ca01000-7f818ca02000 r--p 00026000 fd:02 14420611                   /usr/glibc-compat/lib/ld-2.28.so
7f818ca02000-7f818ca03000 rw-p 00027000 fd:02 14420611                   /usr/glibc-compat/lib/ld-2.28.so
7f818ca03000-7f818ca04000 rw-p 00000000 00:00 0 
7f818ca04000-7f818d29c000 r-xp 00000000 fd:02 300975569                  /tmp/librocksdbjni6163354502937863350.so
7f818d29c000-7f818d2ad000 r--p 00698000 fd:02 300975569                  /tmp/librocksdbjni6163354502937863350.so
7f818d2ad000-7f818d2b6000 rw-p 006a9000 fd:02 300975569                  /tmp/librocksdbjni6163354502937863350.so
7f818d2b6000-7f818d2bc000 rw-p 00000000 00:00 0 
7f818d2bc000-7f818d2cc000 rw-s 00000000 fd:05 30934576                   /workdir/hadoop-hdds/common/target/test-dir/TestMetadataStore-leveldb-batchWrite/000003.log
7f818d2cc000-7f818d2dc000 rw-s 00000000 fd:05 30934577                   /workdir/hadoop-hdds/common/target/test-dir/TestMetadataStore-leveldb-batchWrite/MANIFEST-000002
7f818d2e5000-7f818d2e7000 ---p 00000000 00:00 0 
7f818d2e7000-7f818d2fc000 rw-p 00000000 00:00 0 
7f818d2fc000-7f818d556000 r-xp 00000000 fd:02 300975566                  /tmp/libleveldbjni-64-1-5431564764955923172.8
7f818d556000-7f818d559000 rw-p 0005a000 fd:02 300975566                  /tmp/libleveldbjni-64-1-5431564764955923172.8
7f818d559000-7f818d76a000 r-xp 00000000 fd:02 14287599                   /usr/lib/jvm/java-1.8-openjdk/jre/lib/amd64/libnio.so
7f818d76a000-7f818d76b000 r--p 00011000 fd:02 14287599                   /usr/lib/jvm/java-1.8-openjdk/jre/lib/amd64/libnio.so
7f818d76b000-7f818d76c000 rw-p 00012000 fd:02 14287599                   /usr/lib/jvm/java-1.8-openjdk/jre/lib/amd64/libnio.so
7f818d76c000-7f819076d000 rw-p 00000000 00:00 0 
7f819076d000-7f8190983000 r-xp 00000000 fd:02 14287598                   /usr/lib/jvm/java-1.8-openjdk/jre/lib/amd64/libnet.so
7f8190983000-7f8190984000 r--p 00016000 fd:02 14287598                   /usr/lib/jvm/java-1.8-openjdk/jre/lib/amd64/libnet.so
7f8190984000-7f8190985000 rw-p 00017000 fd:02 14287598                   /usr/lib/jvm/java-1.8-openjdk/jre/lib/amd64/libnet.so
7f8190985000-7f8190989000 r--s 00058000 fd:02 14287647                   /usr/lib/jvm/java-1.8-openjdk/jre/lib/jsse.jar
7f8190989000-7f8190b89000 rw-p 00000000 00:00 0 
7f8190b89000-7f8190b8c000 r--s 00025000 fd:02 16253492                   /home/user/.m2/repository/org/apache/maven/shared/maven-shared-utils/3.1.0/maven-shared-utils-3.1.0.jar
7f8190b8c000-7f8190b8f000 ---p 00000000 00:00 0 
7f8190b8f000-7f8190bc6000 rw-p 00000000 00:00 0 
7f8190bc6000-7f8190bc7000 r--s 00006000 fd:02 66858118                   /home/user/.m2/repository/org/apache/maven/surefire/common-junit4/3.0.0-M1/common-junit4-3.0.0-M1.jar
7f8190bc7000-7f8190bc8000 r--s 00002000 fd:02 66858120                   /home/user/.m2/repository/org/apache/maven/surefire/common-junit3/3.0.0-M1/common-junit3-3.0.0-M1.jar
7f8190bc8000-7f8190bc9000 r--s 00007000 fd:02 66858116                   /home/user/.m2/repository/org/apache/maven/surefire/common-java5/3.0.0-M1/common-java5-3.0.0-M1.jar
7f8190bc9000-7f8190bcb000 r--s 00003000 fd:02 66858082                   /home/user/.m2/repository/org/apache/maven/surefire/surefire-junit4/3.0.0-M1/surefire-junit4-3.0.0-M1.jar
7f8190bcb000-7f8190bcd000 r--s 00009000 fd:02 16384434                   /home/user/.m2/repository/org/hamcrest/hamcrest-core/1.3/hamcrest-core-1.3.jar
7f8190bcd000-7f8190bd3000 r--s 00036000 fd:02 16056792                   /home/user/.m2/repository/junit/junit/4.11/junit-4.11.jar
7f8190bd3000-7f8190bf4000 r--s 00172000 fd:02 15926075                   /home/user/.m2/repository/com/google/guava/guava/11.0.2/guava-11.0.2.jar
7f8190bf4000-7f8190bfc000 r--s 0007b000 fd:02 15926191                   /home/user/.m2/repository/com/google/protobuf/protobuf-java/2.5.0/protobuf-java-2.5.0.jar
7f8190bfc000-7f8190c01000 r--s 0003c000 fd:02 15991741                   /home/user/.m2/repository/info/picocli/picocli/3.9.6/picocli-3.9.6.jar
7f8190c01000-7f8190c35000 r--s 0051e000 fd:02 16122096                   /home/user/.m2/repository/org/apache/hadoop/hadoop-hdfs/3.2.0/hadoop-hdfs-3.2.0-tests.jar
7f8190c35000-7f8190c38000 r--s 0000e000 fd:02 66858007                   /home/user/.m2/repository/com/fasterxml/jackson/core/jackson-annotations/2.9.9/jackson-annotations-2.9.9.jar
7f8190c38000-7f8190c7d000 r--s 00486000 fd:02 16122108                   /home/user/.m2/repository/org/apache/hadoop/hadoop-hdfs-client/3.2.0/hadoop-hdfs-client-3.2.0.jar
7f8190c7d000-7f8190ca4000 r--s 00205000 fd:02 16056360                   /home/user/.m2/repository/io/netty/netty-all/4.0.52.Final/netty-all-4.0.52.Final.jar
7f8190ca4000-7f8190cbd000 r--s 0012c000 fd:02 16056351                   /home/user/.m2/repository/io/netty/netty/3.10.5.Final/netty-3.10.5.Final.jar
7f8190cbd000-7f8190cbe000 r--s 00005000 fd:02 15991479                   /home/user/.m2/repository/commons-daemon/commons-daemon/1.0.13/commons-daemon-1.0.13.jar
7f8190cbe000-7f8190cc0000 r--s 00008000 fd:02 16384066                   /home/user/.m2/repository/org/eclipse/jetty/jetty-util-ajax/9.3.24.v20180605/jetty-util-ajax-9.3.24.v20180605.jar
7f8190cc0000-7f8190d08000 r--s 00557000 fd:02 16122099                   /home/user/.m2/repository/org/apache/hadoop/hadoop-hdfs/3.2.0/hadoop-hdfs-3.2.0.jar
7f8190d08000-7f8190d46000 r--s 003aa000 fd:02 16122075                   /home/user/.m2/repository/org/apache/hadoop/hadoop-common/3.2.0/hadoop-common-3.2.0.jar
7f8190d46000-7f8190d4c000 r--s 0003c000 fd:02 16450271                   /home/user/.m2/repository/org/yaml/snakeyaml/1.16/snakeyaml-1.16.jar
7f8190d4c000-7f8190d4d000 r--s 00002000 fd:02 16056535                   /home/user/.m2/repository/io/opentracing/opentracing-noop/0.31.0/opentracing-noop-0.31.0.jar
7f8190d4d000-7f8190d4f000 r--s 00002000 fd:02 16056526                   /home/user/.m2/repository/io/opentracing/opentracing-api/0.31.0/opentracing-api-0.31.0.jar
7f8190d4f000-7f8190d50000 r--s 00001000 fd:02 16056544                   /home/user/.m2/repository/io/opentracing/opentracing-util/0.31.0/opentracing-util-0.31.0.jar
7f8190d50000-7f8190d51000 r--s 00001000 fd:02 16056511                   /home/user/.m2/repository/io/opentracing/contrib/opentracing-tracerresolver/0.1.5/opentracing-tracerresolver-0.1.5.jar
7f8190d51000-7f8190d52000 r--s 00000000 fd:02 16056341                   /home/user/.m2/repository/io/jaegertracing/jaeger-tracerresolver/0.33.1/jaeger-tracerresolver-0.33.1.jar
7f8190d52000-7f8190d56000 r--s 0001c000 fd:02 16056323                   /home/user/.m2/repository/io/jaegertracing/jaeger-core/0.33.1/jaeger-core-0.33.1.jar
7f8190d56000-7f8190d57000 r--s 00013000 fd:02 15990830                   /home/user/.m2/repository/com/squareup/okio/okio/1.13.0/okio-1.13.0.jar
7f8190d57000-7f8190d5d000 r--s 0005e000 fd:02 15990814                   /home/user/.m2/repository/com/squareup/okhttp3/okhttp/3.9.0/okhttp-3.9.0.jar
7f8190d5d000-7f8190d63000 r--s 00035000 fd:02 16253980                   /home/user/.m2/repository/org/apache/thrift/libthrift/0.11.0/libthrift-0.11.0.jar
7f8190d63000-7f8190d72000 r--s 0009c000 fd:02 16056332                   /home/user/.m2/repository/io/jaegertracing/jaeger-thrift/0.33.1/jaeger-thrift-0.33.1.jar
7f8190d72000-7f8190d73000 r--s 00000000 fd:02 15991843                   /home/user/.m2/repository/io/jaegertracing/jaeger-client/0.33.1/jaeger-client-0.33.1.jar
7f8190d73000-7f8190d76000 r--s 00011000 fd:02 16384626                   /home/user/.m2/repository/org/junit/platform/junit-platform-commons/1.3.1/junit-platform-commons-1.3.1.jar
7f8190d76000-7f8190d77000 r--s 00001000 fd:02 16384780                   /home/user/.m2/repository/org/opentest4j/opentest4j/1.1.1/opentest4j-1.1.1.jar
7f8190d77000-7f8190d78000 r--s 00000000 fd:02 16318576                   /home/user/.m2/repository/org/apiguardian/apiguardian-api/1.0.0/apiguardian-api-1.0.0.jar
7f8190d78000-7f8190d7c000 r--s 00019000 fd:02 16384616                   /home/user/.m2/repository/org/junit/jupiter/junit-jupiter-api/5.3.1/junit-jupiter-api-5.3.1.jar
7f8190d7c000-7f8190d80000 r--s 00020000 fd:02 15991505                   /home/user/.m2/repository/commons-digester/commons-digester/1.8.1/commons-digester-1.8.1.jar
7f8190d80000-7f8190d84000 r--s 0002a000 fd:02 15991690                   /home/user/.m2/repository/commons-validator/commons-validator/1.6/commons-validator-1.6.jar
7f8190d84000-7f8190ddc000 r--s 003a7000 fd:02 16318627                   /home/user/.m2/repository/org/bouncycastle/bcprov-jdk15on/1.60/bcprov-jdk15on-1.60.jar
7f8190ddc000-7f8190def000 r--s 000b0000 fd:02 16318618                   /home/user/.m2/repository/org/bouncycastle/bcpkix-jdk15on/1.60/bcpkix-jdk15on-1.60.jar
7f8190def000-7f8190df2000 r--s 0001d000 fd:02 16121938                   /home/user/.m2/repository/org/apache/commons/commons-pool2/2.6.0/commons-pool2-2.6.0.jar
7f8190df2000-7f8190df5000 r--s 00012000 fd:02 15926314                   /home/user/.m2/repository/com/lmax/disruptor/3.4.2/disruptor-3.4.2.jar
7f8190df5000-7f8190e15000 r--s 00167000 fd:02 16122542                   /home/user/.m2/repository/org/apache/logging/log4j/log4j-core/2.11.0/log4j-core-2.11.0.jar
7f8190e15000-7f8190e1b000 r--s 0003b000 fd:02 16122533                   /home/user/.m2/repository/org/apache/logging/log4j/log4j-api/2.11.0/log4j-api-2.11.0.jar
7f8190e1b000-7f8190e20000 r--s 00047000 fd:02 15991712                   /home/user/.m2/repository/dnsjava/dnsjava/2.1.7/dnsjava-2.1.7.jar
7f8190e20000-7f8190e26000 r--s 00078000 fd:02 15925897                   /home/user/.m2/repository/com/fasterxml/woodstox/woodstox-core/5.0.3/woodstox-core-5.0.3.jar
7f8190e26000-7f8190e2a000 r--s 00024000 fd:02 16319584                   /home/user/.m2/repository/org/codehaus/woodstox/stax2-api/3.1.4/stax2-api-3.1.4.jar
7f8190e2a000-7f8190e2e000 r--s 0004c000 fd:02 66858009                   /home/user/.m2/repository/com/fasterxml/jackson/core/jackson-core/2.9.9/jackson-core-2.9.9.jar
7f8190e2e000-7f8190e41000 r--s 00137000 fd:02 66858011                   /home/user/.m2/repository/com/fasterxml/jackson/core/jackson-databind/2.9.9/jackson-databind-2.9.9.jar
7f8190e41000-7f8190e43000 r--s 00006000 fd:02 16122507                   /home/user/.m2/repository/org/apache/kerby/kerby-xdr/1.0.1/kerby-xdr-1.0.1.jar
7f8190e43000-7f8190e44000 r--s 00004000 fd:02 16122411                   /home/user/.m2/repository/org/apache/kerby/kerb-identity/1.0.1/kerb-identity-1.0.1.jar
7f8190e44000-7f8190e47000 r--s 00012000 fd:02 16122420                   /home/user/.m2/repository/org/apache/kerby/kerb-server/1.0.1/kerb-server-1.0.1.jar
7f8190e47000-7f8190e4a000 r--s 00011000 fd:02 16122366                   /home/user/.m2/repository/org/apache/kerby/kerb-admin/1.0.1/kerb-admin-1.0.1.jar
7f8190e4a000-7f8190e4b000 r--s 00004000 fd:02 16122516                   /home/user/.m2/repository/org/apache/kerby/token-provider/1.0.1/token-provider-1.0.1.jar
7f8190e4b000-7f8190e4c000 r--s 00008000 fd:02 16122438                   /home/user/.m2/repository/org/apache/kerby/kerb-util/1.0.1/kerb-util-1.0.1.jar
7f8190e4c000-7f8190e50000 r--s 00019000 fd:02 16122402                   /home/user/.m2/repository/org/apache/kerby/kerb-crypto/1.0.1/kerb-crypto-1.0.1.jar
7f8190e50000-7f8190e52000 r--s 0000e000 fd:02 16122384                   /home/user/.m2/repository/org/apache/kerby/kerb-common/1.0.1/kerb-common-1.0.1.jar
7f8190e52000-7f8190e53000 r--s 00009000 fd:02 16122498                   /home/user/.m2/repository/org/apache/kerby/kerby-util/1.0.1/kerby-util-1.0.1.jar
7f8190e53000-7f8190e55000 r--s 00017000 fd:02 16122453                   /home/user/.m2/repository/org/apache/kerby/kerby-asn1/1.0.1/kerby-asn1-1.0.1.jar
7f8190e55000-7f8190e5c000 r--s 0002b000 fd:02 16122483                   /home/user/.m2/repository/org/apache/kerby/kerby-pkix/1.0.1/kerby-pkix-1.0.1.jar
7f8190e5c000-7f8190e63000 r--s 00031000 fd:02 16122393                   /home/user/.m2/repository/org/apache/kerby/kerb-core/1.0.1/kerb-core-1.0.1.jar
7f8190e63000-7f8190e65000 r--s 00006000 fd:02 16122468                   /home/user/.m2/repository/org/apache/kerby/kerby-config/1.0.1/kerby-config-1.0.1.jar
7f8190e65000-7f8190e68000 r--s 00019000 fd:02 16122375                   /home/user/.m2/repository/org/apache/kerby/kerb-client/1.0.1/kerb-client-1.0.1.jar
7f8190e68000-7f8190e69000 r--s 00004000 fd:02 16122429                   /home/user/.m2/repository/org/apache/kerby/kerb-simplekdc/1.0.1/kerb-simplekdc-1.0.1.jar
7f8190e69000-7f8190e6d000 r--s 00014000 fd:02 16450207                   /home/user/.m2/repository/org/tukaani/xz/1.0/xz-1.0.jar
7f8190e6d000-7f8190e72000 r--s 00036000 fd:02 16057236                   /home/user/.m2/repository/org/apache/commons/commons-compress/1.4.1/commons-compress-1.4.1.jar
7f8190e72000-7f8190e73000 r--s 00004000 fd:02 16318550                   /home/user/.m2/repository/org/apache/yetus/audience-annotations/0.5.0/audience-annotations-0.5.0.jar
7f8190e73000-7f8190e80000 r--s 000d1000 fd:02 16318566                   /home/user/.m2/repository/org/apache/zookeeper/zookeeper/3.4.13/zookeeper-3.4.13.jar
7f8190e80000-7f8190e9a000 r--s 00155000 fd:02 16122238                   /home/user/.m2/repository/org/apache/htrace/htrace-core4/4.1.0-incubating/htrace-core4-4.1.0-incubating.jar
7f8190e9a000-7f8190e9d000 r--s 00006000 fd:02 15925999                   /home/user/.m2/repository/com/google/code/findbugs/jsr305/3.0.0/jsr305-3.0.0.jar
7f8190e9d000-7f8190ea5000 r--s 0003e000 fd:02 16121981                   /home/user/.m2/repository/org/apache/curator/curator-recipes/2.12.0/curator-recipes-2.12.0.jar
7f8190ea5000-7f8190edc000 r--s 00219000 fd:02 16121963                   /home/user/.m2/repository/org/apache/curator/curator-client/2.12.0/curator-client-2.12.0.jar
7f8190edc000-7f8190ee1000 r--s 00040000 fd:02 15926288                   /home/user/.m2/repository/com/jcraft/jsch/0.1.54/jsch-0.1.54.jar
7f8190ee1000-7f8190ee7000 r--s 0002c000 fd:02 16121972                   /home/user/.m2/repository/org/apache/curator/curator-framework/2.12.0/curator-framework-2.12.0.jar
7f8190ee7000-7f8190ee9000 r--s 0000c000 fd:02 16384826                   /home/user/.m2/repository/org/ow2/asm/asm/5.0.4/asm-5.0.4.jar
7f8190ee9000-7f8190eeb000 r--s 00006000 fd:02 16056964                   /home/user/.m2/repository/net/minidev/accessors-smart/1.2/accessors-smart-1.2.jar
7f8190eeb000-7f8190eee000 r--s 0001b000 fd:02 16056973                   /home/user/.m2/repository/net/minidev/json-smart/2.3/json-smart-2.3.jar
7f8190eee000-7f8190ef0000 r--s 00000000 fd:02 15925935                   /home/user/.m2/repository/com/github/stephenc/jcip/jcip-annotations/1.0-1/jcip-annotations-1.0-1.jar
7f8190ef0000-7f8190ef6000 r--s 00044000 fd:02 15926334                   /home/user/.m2/repository/com/nimbusds/nimbus-jose-jwt/4.41.1/nimbus-jose-jwt-4.41.1.jar
7f8190ef6000-7f8190ef8000 r--s 00020000 fd:02 16122054                   /home/user/.m2/repository/org/apache/hadoop/hadoop-auth/3.2.0/hadoop-auth-3.2.0.jar
7f8190ef8000-7f8190efd000 r--s 0002a000 fd:02 15926009                   /home/user/.m2/repository/com/google/code/gson/gson/2.2.4/gson-2.2.4.jar
7f8190efd000-7f8190eff000 r--s 0001e000 fd:02 15926233                   /home/user/.m2/repository/com/google/re2j/re2j/1.1/re2j-1.1.jar
7f8190eff000-7f8190f01000 r--s 00130000 fd:02 16450242                   /home/user/.m2/repository/org/xerial/snappy/snappy-java/1.0.5/snappy-java-1.0.5.jar
7f8190f01000-7f8190f03000 r--s 00006000 fd:02 15990989                   /home/user/.m2/repository/com/thoughtworks/paranamer/paranamer/2.3/paranamer-2.3.jar
7f8190f03000-7f8190f0c000 r--s 00062000 fd:02 16057190                   /home/user/.m2/repository/org/apache/avro/avro/1.7.7/avro-1.7.7.jar
7f8190f0c000-7f8190f0d000 r--s 00002000 fd:02 16449828                   /home/user/.m2/repository/org/slf4j/slf4j-log4j12/1.7.25/slf4j-log4j12-1.7.25.jar
7f8190f0d000-7f8190f11000 r--s 00029000 fd:02 16121947                   /home/user/.m2/repository/org/apache/commons/commons-text/1.4/commons-text-1.4.jar
7f8190f11000-7f8190f19000 r--s 00072000 fd:02 16057301                   /home/user/.m2/repository/org/apache/commons/commons-lang3/3.7/commons-lang3-3.7.jar
7f8190f19000-7f8190f25000 r--s 0008b000 fd:02 16057253                   /home/user/.m2/repository/org/apache/commons/commons-configuration2/2.1.1/commons-configuration2-2.1.1.jar
7f8190f25000-7f8190f2a000 r--s 00038000 fd:02 66858005                   /home/user/.m2/repository/commons-beanutils/commons-beanutils/1.9.4/commons-beanutils-1.9.4.jar
7f8190f2a000-7f8190f33000 r--s 0006f000 fd:02 16056828                   /home/user/.m2/repository/log4j/log4j/1.2.17/log4j-1.2.17.jar
7f8190f33000-7f8190f35000 r--s 0000e000 fd:02 15991638                   /home/user/.m2/repository/commons-logging/commons-logging/1.1.3/commons-logging-1.1.3.jar
7f8190f35000-7f8190f45000 r--s 0009c000 fd:02 15990906                   /home/user/.m2/repository/com/sun/jersey/jersey-server/1.19/jersey-server-1.19.jar
7f8190f45000-7f8190f46000 r--s 00006000 fd:02 16318732                   /home/user/.m2/repository/org/codehaus/jackson/jackson-xc/1.9.13/jackson-xc-1.9.13.jar
7f8190f46000-7f8190f47000 r--s 00004000 fd:02 16318714                   /home/user/.m2/repository/org/codehaus/jackson/jackson-jaxrs/1.9.13/jackson-jaxrs-1.9.13.jar
7f8190f47000-7f8190f55000 r--s 000b1000 fd:02 16318723                   /home/user/.m2/repository/org/codehaus/jackson/jackson-mapper-asl/1.9.13/jackson-mapper-asl-1.9.13.jar
7f8190f55000-7f8190f59000 r--s 00035000 fd:02 16318705                   /home/user/.m2/repository/org/codehaus/jackson/jackson-core-asl/1.9.13/jackson-core-asl-1.9.13.jar
7f8190f59000-7f8190f5c000 r--s 00016000 fd:02 16056724                   /home/user/.m2/repository/javax/xml/bind/jaxb-api/2.2.11/jaxb-api-2.2.11.jar
7f8190f5c000-7f8190f6f000 r--s 000c7000 fd:02 15990957                   /home/user/.m2/repository/com/sun/xml/bind/jaxb-impl/2.2.3-1/jaxb-impl-2.2.3-1.jar
7f8190f6f000-7f8190f71000 r--s 0000f000 fd:02 16318742                   /home/user/.m2/repository/org/codehaus/jettison/jettison/1.1/jettison-1.1.jar
7f8190f71000-7f8190f75000 r--s 00025000 fd:02 15990891                   /home/user/.m2/repository/com/sun/jersey/jersey-json/1.19/jersey-json-1.19.jar
7f8190f75000-7f8190f79000 r--s 0001c000 fd:02 15990915                   /home/user/.m2/repository/com/sun/jersey/jersey-servlet/1.19/jersey-servlet-1.19.jar
7f8190f79000-7f8190f7b000 r--s 0000a000 fd:02 16056713                   /home/user/.m2/repository/javax/ws/rs/jsr311-api/1.1.1/jsr311-api-1.1.1.jar
7f8190f7b000-7f8190f85000 r--s 00061000 fd:02 15990882                   /home/user/.m2/repository/com/sun/jersey/jersey-core/1.19/jersey-core-1.19.jar
7f8190f85000-7f8190f88000 r--s 00016000 fd:02 16056669                   /home/user/.m2/repository/javax/servlet/jsp/jsp-api/2.1/jsp-api-2.1.jar
7f8190f88000-7f8190f89000 r--s 0000c000 fd:02 16384084                   /home/user/.m2/repository/org/eclipse/jetty/jetty-xml/9.3.24.v20180605/jetty-xml-9.3.24.v20180605.jar
7f8190f89000-7f8190f8c000 r--s 0001a000 fd:02 16384075                   /home/user/.m2/repository/org/eclipse/jetty/jetty-webapp/9.3.24.v20180605/jetty-webapp-9.3.24.v20180605.jar
7f8190f8c000-7f8190f8f000 r--s 00015000 fd:02 16384030                   /home/user/.m2/repository/org/eclipse/jetty/jetty-security/9.3.24.v20180605/jetty-security-9.3.24.v20180605.jar
7f8190f8f000-7f8190f92000 r--s 0001b000 fd:02 16384048                   /home/user/.m2/repository/org/eclipse/jetty/jetty-servlet/9.3.24.v20180605/jetty-servlet-9.3.24.v20180605.jar
7f8190f92000-7f8190f99000 r--s 00069000 fd:02 16384057                   /home/user/.m2/repository/org/eclipse/jetty/jetty-util/9.3.24.v20180605/jetty-util-9.3.24.v20180605.jar
7f8190f99000-7f8190f9c000 r--s 0001b000 fd:02 16384004                   /home/user/.m2/repository/org/eclipse/jetty/jetty-io/9.3.24.v20180605/jetty-io-9.3.24.v20180605.jar
7f8190f9c000-7f8190f9f000 r--s 00022000 fd:02 16319628                   /home/user/.m2/repository/org/eclipse/jetty/jetty-http/9.3.24.v20180605/jetty-http-9.3.24.v20180605.jar
7f8190f9f000-7f8190fa7000 r--s 00078000 fd:02 16384039                   /home/user/.m2/repository/org/eclipse/jetty/jetty-server/9.3.24.v20180605/jetty-server-9.3.24.v20180605.jar
7f8190fa7000-7f8190faa000 r--s 00015000 fd:02 16056659                   /home/user/.m2/repository/javax/servlet/javax.servlet-api/3.1.0/javax.servlet-api-3.1.0.jar
7f8190faa000-7f8190fb7000 r--s 00083000 fd:02 15991459                   /home/user/.m2/repository/commons-collections/commons-collections/3.2.2/commons-collections-3.2.2.jar
7f8190fb7000-7f8190fbd000 r--s 00046000 fd:02 15991664                   /home/user/.m2/repository/commons-net/commons-net/3.6/commons-net-3.6.jar
7f8190fbd000-7f8190fc1000 r--s 0002f000 fd:02 15991570                   /home/user/.m2/repository/commons-io/commons-io/2.5/commons-io-2.5.jar
7f8190fc1000-7f8190fc8000 r--s 0004b000 fd:02 15991391                   /home/user/.m2/repository/commons-codec/commons-codec/1.11/commons-codec-1.11.jar
7f8190fc8000-7f8190fcf000 r--s 00049000 fd:02 16122315                   /home/user/.m2/repository/org/apache/httpcomponents/httpcore/4.4.4/httpcore-4.4.4.jar
7f8190fcf000-7f8190fdc000 r--s 000a7000 fd:02 16122262                   /home/user/.m2/repository/org/apache/httpcomponents/httpclient/4.5.2/httpclient-4.5.2.jar
7f8190fdc000-7f8190ff9000 r--s 0016a000 fd:02 16057310                   /home/user/.m2/repository/org/apache/commons/commons-math3/3.1.1/commons-math3-3.1.1.jar
7f8190ff9000-7f8190ffb000 r--s 00009000 fd:02 15991373                   /home/user/.m2/repository/commons-cli/commons-cli/1.2/commons-cli-1.2.jar
7f8190ffb000-7f8191074000 r--s 007c0000 fd:02 14287689                   /usr/lib/jvm/java-1.8-openjdk/lib/tools.jar
7f8191074000-7f8191075000 r--s 0000e000 fd:02 16122045                   /home/user/.m2/repository/org/apache/hadoop/hadoop-annotations/3.2.0/hadoop-annotations-3.2.0.jar
7f8191075000-7f81910a0000 r--s 00297000 fd:02 16122072                   /home/user/.m2/repository/org/apache/hadoop/hadoop-common/3.2.0/hadoop-common-3.2.0-tests.jar
7f81910a0000-7f81910a5000 r--s 00c4f000 fd:02 66858453                   /home/user/.m2/repository/org/rocksdb/rocksdbjni/6.0.1/rocksdbjni-6.0.1.jar
7f81910a5000-7f81910a7000 r--s 00002000 fd:02 15926037                   /home/user/.m2/repository/com/google/errorprone/error_prone_annotations/2.2.0/error_prone_annotations-2.2.0.jar
7f81910a7000-7f81910aa000 r--s 00018000 fd:02 66858446                   /home/user/.m2/repository/org/apache/ratis/ratis-grpc/0.4.0-78e95b9-SNAPSHOT/ratis-grpc-0.4.0-78e95b9-SNAPSHOT.jar
7f81910aa000-7f81910ac000 r--s 00007000 fd:02 66858445                   /home/user/.m2/repository/org/apache/ratis/ratis-netty/0.4.0-78e95b9-SNAPSHOT/ratis-netty-0.4.0-78e95b9-SNAPSHOT.jar
7f81910ac000-7f81910ae000 r--s 00009000 fd:02 66858455                   /home/user/.m2/repository/info/ganglia/gmetric4j/gmetric4j/1.0.7/gmetric4j-1.0.7.jar
7f81910ae000-7f81910af000 r--s 00002000 fd:02 66858457                   /home/user/.m2/repository/io/dropwizard/metrics/metrics-ganglia/3.2.5/metrics-ganglia-3.2.5.jar
7f81910af000-7f81910b1000 r--s 00008000 fd:02 66858451                   /home/user/.m2/repository/io/dropwizard/metrics/metrics-jvm/3.2.5/metrics-jvm-3.2.5.jar
7f81910b1000-7f81910b2000 r--s 00003000 fd:02 66858449                   /home/user/.m2/repository/com/github/joshelser/dropwizard-metrics-hadoop-metrics2-reporter/0.1.2/dropwizard-metrics-hadoop-metrics2-reporter-0.1.2.jar
7f81910b2000-7f81910b4000 r--s 00009000 fd:02 16449802                   /home/user/.m2/repository/org/slf4j/slf4j-api/1.7.25/slf4j-api-1.7.25.jar
7f81910b4000-7f81910c2000 r--s 0010d000 fd:02 66858437                   /home/user/.m2/repository/org/apache/ratis/ratis-proto/0.4.0-78e95b9-SNAPSHOT/ratis-proto-0.4.0-78e95b9-SNAPSHOT.jar
7f81910c2000-7f819119c000 r--s 00cc8000 fd:02 16253930                   /home/user/.m2/repository/org/apache/ratis/ratis-thirdparty-misc/0.2.0/ratis-thirdparty-misc-0.2.0.jar
7f819119c000-7f819119f000 ---p 00000000 00:00 0 
7f819119f000-7f819129d000 rw-p 00000000 00:00 0 
7f819129d000-7f81914a4000 r-xp 00000000 fd:02 14287596                   /usr/lib/jvm/java-1.8-openjdk/jre/lib/amd64/libmanagement.so
7f81914a4000-7f81914a5000 r--p 00007000 fd:02 14287596                   /usr/lib/jvm/java-1.8-openjdk/jre/lib/amd64/libmanagement.so
7f81914a5000-7f81914a6000 rw-p 00008000 fd:02 14287596                   /usr/lib/jvm/java-1.8-openjdk/jre/lib/amd64/libmanagement.so
7f81914a6000-7f81914a9000 ---p 00000000 00:00 0 
7f81914a9000-7f81915a7000 rw-p 00000000 00:00 0 
7f81915a7000-7f81915a8000 ---p 00000000 00:00 0 
7f81915a8000-7f81916a9000 rw-p 00000000 00:00 0 
7f81916a9000-7f81916ac000 ---p 00000000 00:00 0 
7f81916ac000-7f81917aa000 rw-p 00000000 00:00 0 
7f81917aa000-7f81917ab000 ---p 00000000 00:00 0 
7f81917ab000-7f81917ae000 ---p 00000000 00:00 0 
7f81917ae000-7f81918ac000 rw-p 00000000 00:00 0 
7f81918ac000-7f81918ad000 ---p 00000000 00:00 0 
7f81918ad000-7f81918b0000 ---p 00000000 00:00 0 
7f81918b0000-7f81919ae000 rw-p 00000000 00:00 0 
7f81919ae000-7f81919b1000 ---p 00000000 00:00 0 
7f81919b1000-7f8191aaf000 rw-p 00000000 00:00 0 
7f8191aaf000-7f8191ab2000 ---p 00000000 00:00 0 
7f8191ab2000-7f8191bb0000 rw-p 00000000 00:00 0 
7f8191bb0000-7f8191bb3000 ---p 00000000 00:00 0 
7f8191bb3000-7f8191cb1000 rw-p 00000000 00:00 0 
7f8191cb1000-7f8191cb2000 ---p 00000000 00:00 0 
7f8191cb2000-7f81926bc000 rw-p 00000000 00:00 0 
7f81926bc000-7f819288c000 r--s 01f56000 fd:02 14287661                   /usr/lib/jvm/java-1.8-openjdk/jre/lib/rt.jar
7f819288c000-7f8197502000 rw-p 00000000 00:00 0 
7f8197502000-7f8197503000 ---p 00000000 00:00 0 
7f8197503000-7f8197604000 rw-p 00000000 00:00 0 
7f8197604000-7f8197605000 ---p 00000000 00:00 0 
7f8197605000-7f8197dc3000 rw-p 00000000 00:00 0 
7f8197dc3000-7f8198172000 ---p 00000000 00:00 0 
7f8198172000-7f8198582000 rwxp 00000000 00:00 0 
7f8198582000-7f81a7172000 ---p 00000000 00:00 0 
7f81a7172000-7f81a7379000 r-xp 00000000 fd:02 14287605                   /usr/lib/jvm/java-1.8-openjdk/jre/lib/amd64/libzip.so
7f81a7379000-7f81a737a000 r--p 00007000 fd:02 14287605                   /usr/lib/jvm/java-1.8-openjdk/jre/lib/amd64/libzip.so
7f81a737a000-7f81a737b000 rw-p 00008000 fd:02 14287605                   /usr/lib/jvm/java-1.8-openjdk/jre/lib/amd64/libzip.so
7f81a737b000-7f81a75a6000 r-xp 00000000 fd:02 14287586                   /usr/lib/jvm/java-1.8-openjdk/jre/lib/amd64/libjava.so
7f81a75a6000-7f81a75a7000 r--p 0002b000 fd:02 14287586                   /usr/lib/jvm/java-1.8-openjdk/jre/lib/amd64/libjava.so
7f81a75a7000-7f81a75a8000 rw-p 0002c000 fd:02 14287586                   /usr/lib/jvm/java-1.8-openjdk/jre/lib/amd64/libjava.so
7f81a75a8000-7f81a75a9000 rw-p 00000000 00:00 0 
7f81a75a9000-7f81a77b5000 r-xp 00000000 fd:02 14287604                   /usr/lib/jvm/java-1.8-openjdk/jre/lib/amd64/libverify.so
7f81a77b5000-7f81a77b7000 r--p 0000c000 fd:02 14287604                   /usr/lib/jvm/java-1.8-openjdk/jre/lib/amd64/libverify.so
7f81a77b7000-7f81a77b8000 rw-p 0000e000 fd:02 14287604                   /usr/lib/jvm/java-1.8-openjdk/jre/lib/amd64/libverify.so
7f81a77b8000-7f81a79c8000 r-xp 00000000 fd:02 14287751                   /usr/lib/libgcc_s.so.1
7f81a79c8000-7f81a79c9000 r--p 00010000 fd:02 14287751                   /usr/lib/libgcc_s.so.1
7f81a79c9000-7f81a79ca000 rw-p 00011000 fd:02 14287751                   /usr/lib/libgcc_s.so.1
7f81a79ca000-7f81a7d0b000 r-xp 00000000 fd:02 14287854                   /usr/lib/libstdc++.so.6.0.22
7f81a7d0b000-7f81a7d19000 r--p 00141000 fd:02 14287854                   /usr/lib/libstdc++.so.6.0.22
7f81a7d19000-7f81a7d1a000 rw-p 0014f000 fd:02 14287854                   /usr/lib/libstdc++.so.6.0.22
7f81a7d1a000-7f81a7d1d000 rw-p 00000000 00:00 0 
7f81a7d1d000-7f81a86f1000 r-xp 00000000 fd:02 14287609                   /usr/lib/jvm/java-1.8-openjdk/jre/lib/amd64/server/libjvm.so
7f81a86f1000-7f81a8787000 r--p 007d4000 fd:02 14287609                   /usr/lib/jvm/java-1.8-openjdk/jre/lib/amd64/server/libjvm.so
7f81a8787000-7f81a87af000 rw-p 0086a000 fd:02 14287609                   /usr/lib/jvm/java-1.8-openjdk/jre/lib/amd64/server/libjvm.so
7f81a87af000-7f81a87e0000 rw-p 00000000 00:00 0 
7f81a87e0000-7f81a89f5000 r-xp 00000000 fd:02 14091800                   /lib/libz.so.1.2.11
7f81a89f5000-7f81a89f6000 r--p 00015000 fd:02 14091800                   /lib/libz.so.1.2.11
7f81a89f6000-7f81a89f7000 rw-p 00016000 fd:02 14091800                   /lib/libz.so.1.2.11
7f81a89f7000-7f81a8c03000 r-xp 00000000 fd:02 14287570                   /usr/lib/jvm/java-1.8-openjdk/jre/lib/amd64/jli/libjli.so
7f81a8c03000-7f81a8c04000 r--p 0000c000 fd:02 14287570                   /usr/lib/jvm/java-1.8-openjdk/jre/lib/amd64/jli/libjli.so
7f81a8c04000-7f81a8c05000 rw-p 0000d000 fd:02 14287570                   /usr/lib/jvm/java-1.8-openjdk/jre/lib/amd64/jli/libjli.so
7f81a8c05000-7f81a8c92000 r-xp 00000000 fd:02 14091791                   /lib/ld-musl-x86_64.so.1
7f81a8c92000-7f81a8c93000 r--s 00006000 fd:02 66858440                   /home/user/.m2/repository/org/apache/ratis/ratis-metrics/0.4.0-78e95b9-SNAPSHOT/ratis-metrics-0.4.0-78e95b9-SNAPSHOT.jar
7f81a8c93000-7f81a8c95000 r--s 0000c000 fd:02 66858439                   /home/user/.m2/repository/org/apache/ratis/ratis-client/0.4.0-78e95b9-SNAPSHOT/ratis-client-0.4.0-78e95b9-SNAPSHOT.jar
7f81a8c95000-7f81a8c9a000 r--s 0003a000 fd:02 66858438                   /home/user/.m2/repository/org/apache/ratis/ratis-common/0.4.0-78e95b9-SNAPSHOT/ratis-common-0.4.0-78e95b9-SNAPSHOT.jar
7f81a8c9a000-7f81a8ca0000 r--s 00050000 fd:02 66858401                   /home/user/.m2/repository/org/apache/ratis/ratis-server/0.4.0-78e95b9-SNAPSHOT/ratis-server-0.4.0-78e95b9-SNAPSHOT.jar
7f81a8ca0000-7f81a8ca3000 r--s 000fd000 fd:02 16384146                   /home/user/.m2/repository/org/fusesource/leveldbjni/leveldbjni-all/1.8/leveldbjni-all-1.8.jar
7f81a8ca3000-7f81a8ca5000 r--s 00005000 fd:02 16056598                   /home/user/.m2/repository/javax/annotation/javax.annotation-api/1.2/javax.annotation-api-1.2.jar
7f81a8ca5000-7f81a8ca7000 r--s 00002000 fd:02 16253543                   /home/user/.m2/repository/org/apache/maven/surefire/surefire-logger-api/3.0.0-M1/surefire-logger-api-3.0.0-M1.jar
7f81a8ca7000-7f81a8cac000 r--s 00027000 fd:02 16253525                   /home/user/.m2/repository/org/apache/maven/surefire/surefire-api/3.0.0-M1/surefire-api-3.0.0-M1.jar
7f81a8cac000-7f81a8cb2000 r--s 00047000 fd:02 16253534                   /home/user/.m2/repository/org/apache/maven/surefire/surefire-booter/3.0.0-M1/surefire-booter-3.0.0-M1.jar
7f81a8cb2000-7f81a8cb3000 r--s 00003000 fd:05 30934537                   /workdir/hadoop-hdds/common/target/surefire/surefirebooter5705828694174170645.jar
7f81a8cb3000-7f81a8cb4000 r--s 00000000 fd:02 14091742                   /etc/localtime
7f81a8cb4000-7f81a8d85000 rw-p 00000000 00:00 0 
7f81a8d85000-7f81a8d8d000 rw-s 00000000 fd:02 323365296                  /tmp/hsperfdata_jenkins1000/684
7f81a8d8d000-7f81a8d8e000 rw-p 00000000 00:00 0 
7f81a8d8e000-7f81a8d8f000 r--p 00000000 00:00 0 
7f81a8d8f000-7f81a8d91000 ---p 00000000 00:00 0 
7f81a8d91000-7f81a8d94000 ---p 00000000 00:00 0 
7f81a8d94000-7f81a8e92000 rw-p 00000000 00:00 0 
7f81a8e92000-7f81a8e93000 r--p 0008d000 fd:02 14091791                   /lib/ld-musl-x86_64.so.1
7f81a8e93000-7f81a8e94000 rw-p 0008e000 fd:02 14091791                   /lib/ld-musl-x86_64.so.1
7f81a8e94000-7f81a8e97000 rw-p 00000000 00:00 0 
7ffd235b9000-7ffd235db000 rw-p 00000000 00:00 0                          [stack]
7ffd235e6000-7ffd235e8000 r-xp 00000000 00:00 0                          [vdso]
ffffffffff600000-ffffffffff601000 r-xp 00000000 00:00 0                  [vsyscall]

VM Arguments:
jvm_args: -Xmx2048m -XX:+HeapDumpOnOutOfMemoryError 
java_command: /workdir/hadoop-hdds/common/target/surefire/surefirebooter5705828694174170645.jar /workdir/hadoop-hdds/common/target/surefire 2019-09-19T08-28-29_929-jvmRun1 surefire1799423953332051884tmp surefire_131292594156663722716tmp
java_class_path (initial): /workdir/hadoop-hdds/common/target/surefire/surefirebooter5705828694174170645.jar
Launcher Type: SUN_STANDARD

Environment Variables:
PATH=/usr/local/sbin:/usr/local/bin:/usr/sbin:/usr/bin:/sbin:/bin:/opt/findbugs/bin:/opt/blockade/bin
LD_LIBRARY_PATH=/usr/lib/jvm/java-1.8-openjdk/jre/lib/amd64/server:/usr/lib/jvm/java-1.8-openjdk/jre/lib/amd64:/usr/lib/jvm/java-1.8-openjdk/jre/../lib/amd64:/workdir/hadoop-hdds/common/target/native/target/usr/local/lib:/workdir/hadoop-hdds/common/../../hadoop-common-project/hadoop-common/target/native/target/usr/local/lib
DYLD_LIBRARY_PATH=${env.DYLD_LIBRARY_PATH}:/workdir/hadoop-hdds/common/target/native/target/usr/local/lib:/workdir/hadoop-hdds/common/../../hadoop-common-project/hadoop-common/target/native/target/usr/local/lib

Signal Handlers:
SIGSEGV: [libjvm.so+0x600fd2], sa_mask[0]=11111111011111111101111111111110, sa_flags=SA_RESTART|SA_SIGINFO
SIGBUS: [libjvm.so+0x600fd2], sa_mask[0]=11111111011111111101111111111110, sa_flags=SA_RESTART|SA_SIGINFO
SIGFPE: [libjvm.so+0x539502], sa_mask[0]=11111111011111111101111111111110, sa_flags=SA_RESTART|SA_SIGINFO
SIGPIPE: [libjvm.so+0x539502], sa_mask[0]=11111111011111111101111111111110, sa_flags=SA_RESTART|SA_SIGINFO
SIGXFSZ: [libjvm.so+0x539502], sa_mask[0]=11111111011111111101111111111110, sa_flags=SA_RESTART|SA_SIGINFO
SIGILL: [libjvm.so+0x539502], sa_mask[0]=11111111011111111101111111111110, sa_flags=SA_RESTART|SA_SIGINFO
SIGUSR1: SIG_DFL, sa_mask[0]=00000000000000000000000000000000, sa_flags=none
SIGUSR2: [libjvm.so+0x5396a1], sa_mask[0]=00100000000000000000000000000000, sa_flags=SA_RESTART|SA_SIGINFO
SIGHUP: [libjvm.so+0x53b719], sa_mask[0]=11111111011111111101111111111110, sa_flags=SA_RESTART|SA_SIGINFO
SIGINT: [libjvm.so+0x53b719], sa_mask[0]=11111111011111111101111111111110, sa_flags=SA_RESTART|SA_SIGINFO
SIGTERM: [libjvm.so+0x53b719], sa_mask[0]=11111111011111111101111111111110, sa_flags=SA_RESTART|SA_SIGINFO
SIGQUIT: [libjvm.so+0x53b719], sa_mask[0]=11111111011111111101111111111110, sa_flags=SA_RESTART|SA_SIGINFO


---------------  S Y S T E M  ---------------

OS:NAME="Alpine Linux"
ID=alpine
VERSION_ID=3.8.2
PRETTY_NAME="Alpine Linux v3.8"
HOME_URL="http://alpinelinux.org"
BUG_REPORT_URL="http://bugs.alpinelinux.org"

uname:Linux 3.10.0-957.12.2.el7.x86_64 #1 SMP Tue May 14 21:24:32 UTC 2019 x86_64
libc:glibc 2.9 NPTL 
rlimit: STACK 8192k, CORE infinity, NPROC 1048576, NOFILE 1048576, AS infinity
load average:13.96 13.16 10.86

/proc/meminfo:
MemTotal:       263864184 kB
MemFree:         3101612 kB
MemAvailable:   241503816 kB
Buffers:        20795448 kB
Cached:         201248336 kB
SwapCached:            0 kB
Active:         128925952 kB
Inactive:       107130608 kB
Active(anon):   16667604 kB
Inactive(anon):  1696660 kB
Active(file):   112258348 kB
Inactive(file): 105433948 kB
Unevictable:       13856 kB
Mlocked:           13856 kB
SwapTotal:             0 kB
SwapFree:              0 kB
Dirty:           5363568 kB
Writeback:         35696 kB
AnonPages:      14028584 kB
Mapped:           301572 kB
Shmem:           4345460 kB
Slab:           22736872 kB
SReclaimable:   21594088 kB
SUnreclaim:      1142784 kB
KernelStack:       72128 kB
PageTables:        56816 kB
NFS_Unstable:          0 kB
Bounce:                0 kB
WritebackTmp:          0 kB
CommitLimit:    131932092 kB
Committed_AS:   53674856 kB
VmallocTotal:   34359738367 kB
VmallocUsed:      724768 kB
VmallocChunk:   34224717656 kB
HardwareCorrupted:     0 kB
AnonHugePages:   6027264 kB
CmaTotal:              0 kB
CmaFree:               0 kB
HugePages_Total:       0
HugePages_Free:        0
HugePages_Rsvd:        0
HugePages_Surp:        0
Hugepagesize:       2048 kB
DirectMap4k:      457464 kB
DirectMap2M:    13066240 kB
DirectMap1G:    256901120 kB

container (cgroup) information:
container_type: cgroupv1
cpu_cpuset_cpus: 0-31
cpu_memory_nodes: 0-1
active_processor_count: 2
cpu_quota: -1
cpu_period: 100000
cpu_shares: 2048
memory_limit_in_bytes: -1
memory_and_swap_limit_in_bytes: -1
memory_soft_limit_in_bytes: -1
memory_usage_in_bytes: 8014848000
memory_max_usage_in_bytes: 8501911552


CPU:total 32 (initial active 2) (8 cores per cpu, 2 threads per core) family 6 model 63 stepping 2, cmov, cx8, fxsr, mmx, sse, sse2, sse3, ssse3, sse4.1, sse4.2, popcnt, avx, avx2, aes, clmul, erms, lzcnt, ht, tsc, tscinvbit, bmi1, bmi2

/proc/cpuinfo:
processor	: 0
vendor_id	: GenuineIntel
cpu family	: 6
model		: 63
model name	: Intel(R) Xeon(R) CPU E5-2630 v3 @ 2.40GHz
stepping	: 2
microcode	: 0x43
cpu MHz		: 1398.925
cache size	: 20480 KB
physical id	: 0
siblings	: 16
core id		: 0
cpu cores	: 8
apicid		: 0
initial apicid	: 0
fpu		: yes
fpu_exception	: yes
cpuid level	: 15
wp		: yes
flags		: fpu vme de pse tsc msr pae mce cx8 apic sep mtrr pge mca cmov pat pse36 clflush dts acpi mmx fxsr sse sse2 ss ht tm pbe syscall nx pdpe1gb rdtscp lm constant_tsc arch_perfmon pebs bts rep_good nopl xtopology nonstop_tsc aperfmperf eagerfpu pni pclmulqdq dtes64 monitor ds_cpl vmx smx est tm2 ssse3 sdbg fma cx16 xtpr pdcm pcid dca sse4_1 sse4_2 x2apic movbe popcnt tsc_deadline_timer aes xsave avx f16c rdrand lahf_lm abm epb intel_ppin ssbd ibrs ibpb stibp tpr_shadow vnmi flexpriority ept vpid fsgsbase tsc_adjust bmi1 avx2 smep bmi2 erms invpcid cqm xsaveopt cqm_llc cqm_occup_llc dtherm ida arat pln pts md_clear spec_ctrl intel_stibp flush_l1d
bogomips	: 4788.66
clflush size	: 64
cache_alignment	: 64
address sizes	: 46 bits physical, 48 bits virtual
power management:

processor	: 1
vendor_id	: GenuineIntel
cpu family	: 6
model		: 63
model name	: Intel(R) Xeon(R) CPU E5-2630 v3 @ 2.40GHz
stepping	: 2
microcode	: 0x43
cpu MHz		: 1348.388
cache size	: 20480 KB
physical id	: 0
siblings	: 16
core id		: 1
cpu cores	: 8
apicid		: 2
initial apicid	: 2
fpu		: yes
fpu_exception	: yes
cpuid level	: 15
wp		: yes
flags		: fpu vme de pse tsc msr pae mce cx8 apic sep mtrr pge mca cmov pat pse36 clflush dts acpi mmx fxsr sse sse2 ss ht tm pbe syscall nx pdpe1gb rdtscp lm constant_tsc arch_perfmon pebs bts rep_good nopl xtopology nonstop_tsc aperfmperf eagerfpu pni pclmulqdq dtes64 monitor ds_cpl vmx smx est tm2 ssse3 sdbg fma cx16 xtpr pdcm pcid dca sse4_1 sse4_2 x2apic movbe popcnt tsc_deadline_timer aes xsave avx f16c rdrand lahf_lm abm epb intel_ppin ssbd ibrs ibpb stibp tpr_shadow vnmi flexpriority ept vpid fsgsbase tsc_adjust bmi1 avx2 smep bmi2 erms invpcid cqm xsaveopt cqm_llc cqm_occup_llc dtherm ida arat pln pts md_clear spec_ctrl intel_stibp flush_l1d
bogomips	: 4788.66
clflush size	: 64
cache_alignment	: 64
address sizes	: 46 bits physical, 48 bits virtual
power management:

processor	: 2
vendor_id	: GenuineIntel
cpu family	: 6
model		: 63
model name	: Intel(R) Xeon(R) CPU E5-2630 v3 @ 2.40GHz
stepping	: 2
microcode	: 0x43
cpu MHz		: 1697.900
cache size	: 20480 KB
physical id	: 0
siblings	: 16
core id		: 2
cpu cores	: 8
apicid		: 4
initial apicid	: 4
fpu		: yes
fpu_exception	: yes
cpuid level	: 15
wp		: yes
flags		: fpu vme de pse tsc msr pae mce cx8 apic sep mtrr pge mca cmov pat pse36 clflush dts acpi mmx fxsr sse sse2 ss ht tm pbe syscall nx pdpe1gb rdtscp lm constant_tsc arch_perfmon pebs bts rep_good nopl xtopology nonstop_tsc aperfmperf eagerfpu pni pclmulqdq dtes64 monitor ds_cpl vmx smx est tm2 ssse3 sdbg fma cx16 xtpr pdcm pcid dca sse4_1 sse4_2 x2apic movbe popcnt tsc_deadline_timer aes xsave avx f16c rdrand lahf_lm abm epb intel_ppin ssbd ibrs ibpb stibp tpr_shadow vnmi flexpriority ept vpid fsgsbase tsc_adjust bmi1 avx2 smep bmi2 erms invpcid cqm xsaveopt cqm_llc cqm_occup_llc dtherm ida arat pln pts md_clear spec_ctrl intel_stibp flush_l1d
bogomips	: 4788.66
clflush size	: 64
cache_alignment	: 64
address sizes	: 46 bits physical, 48 bits virtual
power management:

processor	: 3
vendor_id	: GenuineIntel
cpu family	: 6
model		: 63
model name	: Intel(R) Xeon(R) CPU E5-2630 v3 @ 2.40GHz
stepping	: 2
microcode	: 0x43
cpu MHz		: 1300.195
cache size	: 20480 KB
physical id	: 0
siblings	: 16
core id		: 3
cpu cores	: 8
apicid		: 6
initial apicid	: 6
fpu		: yes
fpu_exception	: yes
cpuid level	: 15
wp		: yes
flags		: fpu vme de pse tsc msr pae mce cx8 apic sep mtrr pge mca cmov pat pse36 clflush dts acpi mmx fxsr sse sse2 ss ht tm pbe syscall nx pdpe1gb rdtscp lm constant_tsc arch_perfmon pebs bts rep_good nopl xtopology nonstop_tsc aperfmperf eagerfpu pni pclmulqdq dtes64 monitor ds_cpl vmx smx est tm2 ssse3 sdbg fma cx16 xtpr pdcm pcid dca sse4_1 sse4_2 x2apic movbe popcnt tsc_deadline_timer aes xsave avx f16c rdrand lahf_lm abm epb intel_ppin ssbd ibrs ibpb stibp tpr_shadow vnmi flexpriority ept vpid fsgsbase tsc_adjust bmi1 avx2 smep bmi2 erms invpcid cqm xsaveopt cqm_llc cqm_occup_llc dtherm ida arat pln pts md_clear spec_ctrl intel_stibp flush_l1d
bogomips	: 4788.66
clflush size	: 64
cache_alignment	: 64
address sizes	: 46 bits physical, 48 bits virtual
power management:

processor	: 4
vendor_id	: GenuineIntel
cpu family	: 6
model		: 63
model name	: Intel(R) Xeon(R) CPU E5-2630 v3 @ 2.40GHz
stepping	: 2
microcode	: 0x43
cpu MHz		: 1747.998
cache size	: 20480 KB
physical id	: 0
siblings	: 16
core id		: 4
cpu cores	: 8
apicid		: 8
initial apicid	: 8
fpu		: yes
fpu_exception	: yes
cpuid level	: 15
wp		: yes
flags		: fpu vme de pse tsc msr pae mce cx8 apic sep mtrr pge mca cmov pat pse36 clflush dts acpi mmx fxsr sse sse2 ss ht tm pbe syscall nx pdpe1gb rdtscp lm constant_tsc arch_perfmon pebs bts rep_good nopl xtopology nonstop_tsc aperfmperf eagerfpu pni pclmulqdq dtes64 monitor ds_cpl vmx smx est tm2 ssse3 sdbg fma cx16 xtpr pdcm pcid dca sse4_1 sse4_2 x2apic movbe popcnt tsc_deadline_timer aes xsave avx f16c rdrand lahf_lm abm epb intel_ppin ssbd ibrs ibpb stibp tpr_shadow vnmi flexpriority ept vpid fsgsbase tsc_adjust bmi1 avx2 smep bmi2 erms invpcid cqm xsaveopt cqm_llc cqm_occup_llc dtherm ida arat pln pts md_clear spec_ctrl intel_stibp flush_l1d
bogomips	: 4788.66
clflush size	: 64
cache_alignment	: 64
address sizes	: 46 bits physical, 48 bits virtual
power management:

processor	: 5
vendor_id	: GenuineIntel
cpu family	: 6
model		: 63
model name	: Intel(R) Xeon(R) CPU E5-2630 v3 @ 2.40GHz
stepping	: 2
microcode	: 0x43
cpu MHz		: 1222.705
cache size	: 20480 KB
physical id	: 0
siblings	: 16
core id		: 5
cpu cores	: 8
apicid		: 10
initial apicid	: 10
fpu		: yes
fpu_exception	: yes
cpuid level	: 15
wp		: yes
flags		: fpu vme de pse tsc msr pae mce cx8 apic sep mtrr pge mca cmov pat pse36 clflush dts acpi mmx fxsr sse sse2 ss ht tm pbe syscall nx pdpe1gb rdtscp lm constant_tsc arch_perfmon pebs bts rep_good nopl xtopology nonstop_tsc aperfmperf eagerfpu pni pclmulqdq dtes64 monitor ds_cpl vmx smx est tm2 ssse3 sdbg fma cx16 xtpr pdcm pcid dca sse4_1 sse4_2 x2apic movbe popcnt tsc_deadline_timer aes xsave avx f16c rdrand lahf_lm abm epb intel_ppin ssbd ibrs ibpb stibp tpr_shadow vnmi flexpriority ept vpid fsgsbase tsc_adjust bmi1 avx2 smep bmi2 erms invpcid cqm xsaveopt cqm_llc cqm_occup_llc dtherm ida arat pln pts md_clear spec_ctrl intel_stibp flush_l1d
bogomips	: 4788.66
clflush size	: 64
cache_alignment	: 64
address sizes	: 46 bits physical, 48 bits virtual
power management:

processor	: 6
vendor_id	: GenuineIntel
cpu family	: 6
model		: 63
model name	: Intel(R) Xeon(R) CPU E5-2630 v3 @ 2.40GHz
stepping	: 2
microcode	: 0x43
cpu MHz		: 2479.541
cache size	: 20480 KB
physical id	: 0
siblings	: 16
core id		: 6
cpu cores	: 8
apicid		: 12
initial apicid	: 12
fpu		: yes
fpu_exception	: yes
cpuid level	: 15
wp		: yes
flags		: fpu vme de pse tsc msr pae mce cx8 apic sep mtrr pge mca cmov pat pse36 clflush dts acpi mmx fxsr sse sse2 ss ht tm pbe syscall nx pdpe1gb rdtscp lm constant_tsc arch_perfmon pebs bts rep_good nopl xtopology nonstop_tsc aperfmperf eagerfpu pni pclmulqdq dtes64 monitor ds_cpl vmx smx est tm2 ssse3 sdbg fma cx16 xtpr pdcm pcid dca sse4_1 sse4_2 x2apic movbe popcnt tsc_deadline_timer aes xsave avx f16c rdrand lahf_lm abm epb intel_ppin ssbd ibrs ibpb stibp tpr_shadow vnmi flexpriority ept vpid fsgsbase tsc_adjust bmi1 avx2 smep bmi2 erms invpcid cqm xsaveopt cqm_llc cqm_occup_llc dtherm ida arat pln pts md_clear spec_ctrl intel_stibp flush_l1d
bogomips	: 4788.66
clflush size	: 64
cache_alignment	: 64
address sizes	: 46 bits physical, 48 bits virtual
power management:

processor	: 7
vendor_id	: GenuineIntel
cpu family	: 6
model		: 63
model name	: Intel(R) Xeon(R) CPU E5-2630 v3 @ 2.40GHz
stepping	: 2
microcode	: 0x43
cpu MHz		: 2759.619
cache size	: 20480 KB
physical id	: 0
siblings	: 16
core id		: 7
cpu cores	: 8
apicid		: 14
initial apicid	: 14
fpu		: yes
fpu_exception	: yes
cpuid level	: 15
wp		: yes
flags		: fpu vme de pse tsc msr pae mce cx8 apic sep mtrr pge mca cmov pat pse36 clflush dts acpi mmx fxsr sse sse2 ss ht tm pbe syscall nx pdpe1gb rdtscp lm constant_tsc arch_perfmon pebs bts rep_good nopl xtopology nonstop_tsc aperfmperf eagerfpu pni pclmulqdq dtes64 monitor ds_cpl vmx smx est tm2 ssse3 sdbg fma cx16 xtpr pdcm pcid dca sse4_1 sse4_2 x2apic movbe popcnt tsc_deadline_timer aes xsave avx f16c rdrand lahf_lm abm epb intel_ppin ssbd ibrs ibpb stibp tpr_shadow vnmi flexpriority ept vpid fsgsbase tsc_adjust bmi1 avx2 smep bmi2 erms invpcid cqm xsaveopt cqm_llc cqm_occup_llc dtherm ida arat pln pts md_clear spec_ctrl intel_stibp flush_l1d
bogomips	: 4788.66
clflush size	: 64
cache_alignment	: 64
address sizes	: 46 bits physical, 48 bits virtual
power management:

processor	: 8
vendor_id	: GenuineIntel
cpu family	: 6
model		: 63
model name	: Intel(R) Xeon(R) CPU E5-2630 v3 @ 2.40GHz
stepping	: 2
microcode	: 0x43
cpu MHz		: 2599.951
cache size	: 20480 KB
physical id	: 1
siblings	: 16
core id		: 0
cpu cores	: 8
apicid		: 16
initial apicid	: 16
fpu		: yes
fpu_exception	: yes
cpuid level	: 15
wp		: yes
flags		: fpu vme de pse tsc msr pae mce cx8 apic sep mtrr pge mca cmov pat pse36 clflush dts acpi mmx fxsr sse sse2 ss ht tm pbe syscall nx pdpe1gb rdtscp lm constant_tsc arch_perfmon pebs bts rep_good nopl xtopology nonstop_tsc aperfmperf eagerfpu pni pclmulqdq dtes64 monitor ds_cpl vmx smx est tm2 ssse3 sdbg fma cx16 xtpr pdcm pcid dca sse4_1 sse4_2 x2apic movbe popcnt tsc_deadline_timer aes xsave avx f16c rdrand lahf_lm abm epb intel_ppin ssbd ibrs ibpb stibp tpr_shadow vnmi flexpriority ept vpid fsgsbase tsc_adjust bmi1 avx2 smep bmi2 erms invpcid cqm xsaveopt cqm_llc cqm_occup_llc dtherm ida arat pln pts md_clear spec_ctrl intel_stibp flush_l1d
bogomips	: 4793.73
clflush size	: 64
cache_alignment	: 64
address sizes	: 46 bits physical, 48 bits virtual
power management:

processor	: 9
vendor_id	: GenuineIntel
cpu family	: 6
model		: 63
model name	: Intel(R) Xeon(R) CPU E5-2630 v3 @ 2.40GHz
stepping	: 2
microcode	: 0x43
cpu MHz		: 2603.759
cache size	: 20480 KB
physical id	: 1
siblings	: 16
core id		: 1
cpu cores	: 8
apicid		: 18
initial apicid	: 18
fpu		: yes
fpu_exception	: yes
cpuid level	: 15
wp		: yes
flags		: fpu vme de pse tsc msr pae mce cx8 apic sep mtrr pge mca cmov pat pse36 clflush dts acpi mmx fxsr sse sse2 ss ht tm pbe syscall nx pdpe1gb rdtscp lm constant_tsc arch_perfmon pebs bts rep_good nopl xtopology nonstop_tsc aperfmperf eagerfpu pni pclmulqdq dtes64 monitor ds_cpl vmx smx est tm2 ssse3 sdbg fma cx16 xtpr pdcm pcid dca sse4_1 sse4_2 x2apic movbe popcnt tsc_deadline_timer aes xsave avx f16c rdrand lahf_lm abm epb intel_ppin ssbd ibrs ibpb stibp tpr_shadow vnmi flexpriority ept vpid fsgsbase tsc_adjust bmi1 avx2 smep bmi2 erms invpcid cqm xsaveopt cqm_llc cqm_occup_llc dtherm ida arat pln pts md_clear spec_ctrl intel_stibp flush_l1d
bogomips	: 4793.73
clflush size	: 64
cache_alignment	: 64
address sizes	: 46 bits physical, 48 bits virtual
power management:

processor	: 10
vendor_id	: GenuineIntel
cpu family	: 6
model		: 63
model name	: Intel(R) Xeon(R) CPU E5-2630 v3 @ 2.40GHz
stepping	: 2
microcode	: 0x43
cpu MHz		: 2604.199
cache size	: 20480 KB
physical id	: 1
siblings	: 16
core id		: 2
cpu cores	: 8
apicid		: 20
initial apicid	: 20
fpu		: yes
fpu_exception	: yes
cpuid level	: 15
wp		: yes
flags		: fpu vme de pse tsc msr pae mce cx8 apic sep mtrr pge mca cmov pat pse36 clflush dts acpi mmx fxsr sse sse2 ss ht tm pbe syscall nx pdpe1gb rdtscp lm constant_tsc arch_perfmon pebs bts rep_good nopl xtopology nonstop_tsc aperfmperf eagerfpu pni pclmulqdq dtes64 monitor ds_cpl vmx smx est tm2 ssse3 sdbg fma cx16 xtpr pdcm pcid dca sse4_1 sse4_2 x2apic movbe popcnt tsc_deadline_timer aes xsave avx f16c rdrand lahf_lm abm epb intel_ppin ssbd ibrs ibpb stibp tpr_shadow vnmi flexpriority ept vpid fsgsbase tsc_adjust bmi1 avx2 smep bmi2 erms invpcid cqm xsaveopt cqm_llc cqm_occup_llc dtherm ida arat pln pts md_clear spec_ctrl intel_stibp flush_l1d
bogomips	: 4793.73
clflush size	: 64
cache_alignment	: 64
address sizes	: 46 bits physical, 48 bits virtual
power management:

processor	: 11
vendor_id	: GenuineIntel
cpu family	: 6
model		: 63
model name	: Intel(R) Xeon(R) CPU E5-2630 v3 @ 2.40GHz
stepping	: 2
microcode	: 0x43
cpu MHz		: 2599.951
cache size	: 20480 KB
physical id	: 1
siblings	: 16
core id		: 3
cpu cores	: 8
apicid		: 22
initial apicid	: 22
fpu		: yes
fpu_exception	: yes
cpuid level	: 15
wp		: yes
flags		: fpu vme de pse tsc msr pae mce cx8 apic sep mtrr pge mca cmov pat pse36 clflush dts acpi mmx fxsr sse sse2 ss ht tm pbe syscall nx pdpe1gb rdtscp lm constant_tsc arch_perfmon pebs bts rep_good nopl xtopology nonstop_tsc aperfmperf eagerfpu pni pclmulqdq dtes64 monitor ds_cpl vmx smx est tm2 ssse3 sdbg fma cx16 xtpr pdcm pcid dca sse4_1 sse4_2 x2apic movbe popcnt tsc_deadline_timer aes xsave avx f16c rdrand lahf_lm abm epb intel_ppin ssbd ibrs ibpb stibp tpr_shadow vnmi flexpriority ept vpid fsgsbase tsc_adjust bmi1 avx2 smep bmi2 erms invpcid cqm xsaveopt cqm_llc cqm_occup_llc dtherm ida arat pln pts md_clear spec_ctrl intel_stibp flush_l1d
bogomips	: 4793.73
clflush size	: 64
cache_alignment	: 64
address sizes	: 46 bits physical, 48 bits virtual
power management:

processor	: 12
vendor_id	: GenuineIntel
cpu family	: 6
model		: 63
model name	: Intel(R) Xeon(R) CPU E5-2630 v3 @ 2.40GHz
stepping	: 2
microcode	: 0x43
cpu MHz		: 1713.574
cache size	: 20480 KB
physical id	: 1
siblings	: 16
core id		: 4
cpu cores	: 8
apicid		: 24
initial apicid	: 24
fpu		: yes
fpu_exception	: yes
cpuid level	: 15
wp		: yes
flags		: fpu vme de pse tsc msr pae mce cx8 apic sep mtrr pge mca cmov pat pse36 clflush dts acpi mmx fxsr sse sse2 ss ht tm pbe syscall nx pdpe1gb rdtscp lm constant_tsc arch_perfmon pebs bts rep_good nopl xtopology nonstop_tsc aperfmperf eagerfpu pni pclmulqdq dtes64 monitor ds_cpl vmx smx est tm2 ssse3 sdbg fma cx16 xtpr pdcm pcid dca sse4_1 sse4_2 x2apic movbe popcnt tsc_deadline_timer aes xsave avx f16c rdrand lahf_lm abm epb intel_ppin ssbd ibrs ibpb stibp tpr_shadow vnmi flexpriority ept vpid fsgsbase tsc_adjust bmi1 avx2 smep bmi2 erms invpcid cqm xsaveopt cqm_llc cqm_occup_llc dtherm ida arat pln pts md_clear spec_ctrl intel_stibp flush_l1d
bogomips	: 4793.73
clflush size	: 64
cache_alignment	: 64
address sizes	: 46 bits physical, 48 bits virtual
power management:

processor	: 13
vendor_id	: GenuineIntel
cpu family	: 6
model		: 63
model name	: Intel(R) Xeon(R) CPU E5-2630 v3 @ 2.40GHz
stepping	: 2
microcode	: 0x43
cpu MHz		: 2399.853
cache size	: 20480 KB
physical id	: 1
siblings	: 16
core id		: 5
cpu cores	: 8
apicid		: 26
initial apicid	: 26
fpu		: yes
fpu_exception	: yes
cpuid level	: 15
wp		: yes
flags		: fpu vme de pse tsc msr pae mce cx8 apic sep mtrr pge mca cmov pat pse36 clflush dts acpi mmx fxsr sse sse2 ss ht tm pbe syscall nx pdpe1gb rdtscp lm constant_tsc arch_perfmon pebs bts rep_good nopl xtopology nonstop_tsc aperfmperf eagerfpu pni pclmulqdq dtes64 monitor ds_cpl vmx smx est tm2 ssse3 sdbg fma cx16 xtpr pdcm pcid dca sse4_1 sse4_2 x2apic movbe popcnt tsc_deadline_timer aes xsave avx f16c rdrand lahf_lm abm epb intel_ppin ssbd ibrs ibpb stibp tpr_shadow vnmi flexpriority ept vpid fsgsbase tsc_adjust bmi1 avx2 smep bmi2 erms invpcid cqm xsaveopt cqm_llc cqm_occup_llc dtherm ida arat pln pts md_clear spec_ctrl intel_stibp flush_l1d
bogomips	: 4793.73
clflush size	: 64
cache_alignment	: 64
address sizes	: 46 bits physical, 48 bits virtual
power management:

processor	: 14
vendor_id	: GenuineIntel
cpu family	: 6
model		: 63
model name	: Intel(R) Xeon(R) CPU E5-2630 v3 @ 2.40GHz
stepping	: 2
microcode	: 0x43
cpu MHz		: 2399.853
cache size	: 20480 KB
physical id	: 1
siblings	: 16
core id		: 6
cpu cores	: 8
apicid		: 28
initial apicid	: 28
fpu		: yes
fpu_exception	: yes
cpuid level	: 15
wp		: yes
flags		: fpu vme de pse tsc msr pae mce cx8 apic sep mtrr pge mca cmov pat pse36 clflush dts acpi mmx fxsr sse sse2 ss ht tm pbe syscall nx pdpe1gb rdtscp lm constant_tsc arch_perfmon pebs bts rep_good nopl xtopology nonstop_tsc aperfmperf eagerfpu pni pclmulqdq dtes64 monitor ds_cpl vmx smx est tm2 ssse3 sdbg fma cx16 xtpr pdcm pcid dca sse4_1 sse4_2 x2apic movbe popcnt tsc_deadline_timer aes xsave avx f16c rdrand lahf_lm abm epb intel_ppin ssbd ibrs ibpb stibp tpr_shadow vnmi flexpriority ept vpid fsgsbase tsc_adjust bmi1 avx2 smep bmi2 erms invpcid cqm xsaveopt cqm_llc cqm_occup_llc dtherm ida arat pln pts md_clear spec_ctrl intel_stibp flush_l1d
bogomips	: 4793.73
clflush size	: 64
cache_alignment	: 64
address sizes	: 46 bits physical, 48 bits virtual
power management:

processor	: 15
vendor_id	: GenuineIntel
cpu family	: 6
model		: 63
model name	: Intel(R) Xeon(R) CPU E5-2630 v3 @ 2.40GHz
stepping	: 2
microcode	: 0x43
cpu MHz		: 2599.951
cache size	: 20480 KB
physical id	: 1
siblings	: 16
core id		: 7
cpu cores	: 8
apicid		: 30
initial apicid	: 30
fpu		: yes
fpu_exception	: yes
cpuid level	: 15
wp		: yes
flags		: fpu vme de pse tsc msr pae mce cx8 apic sep mtrr pge mca cmov pat pse36 clflush dts acpi mmx fxsr sse sse2 ss ht tm pbe syscall nx pdpe1gb rdtscp lm constant_tsc arch_perfmon pebs bts rep_good nopl xtopology nonstop_tsc aperfmperf eagerfpu pni pclmulqdq dtes64 monitor ds_cpl vmx smx est tm2 ssse3 sdbg fma cx16 xtpr pdcm pcid dca sse4_1 sse4_2 x2apic movbe popcnt tsc_deadline_timer aes xsave avx f16c rdrand lahf_lm abm epb intel_ppin ssbd ibrs ibpb stibp tpr_shadow vnmi flexpriority ept vpid fsgsbase tsc_adjust bmi1 avx2 smep bmi2 erms invpcid cqm xsaveopt cqm_llc cqm_occup_llc dtherm ida arat pln pts md_clear spec_ctrl intel_stibp flush_l1d
bogomips	: 4793.73
clflush size	: 64
cache_alignment	: 64
address sizes	: 46 bits physical, 48 bits virtual
power management:

processor	: 16
vendor_id	: GenuineIntel
cpu family	: 6
model		: 63
model name	: Intel(R) Xeon(R) CPU E5-2630 v3 @ 2.40GHz
stepping	: 2
microcode	: 0x43
cpu MHz		: 1384.863
cache size	: 20480 KB
physical id	: 0
siblings	: 16
core id		: 0
cpu cores	: 8
apicid		: 1
initial apicid	: 1
fpu		: yes
fpu_exception	: yes
cpuid level	: 15
wp		: yes
flags		: fpu vme de pse tsc msr pae mce cx8 apic sep mtrr pge mca cmov pat pse36 clflush dts acpi mmx fxsr sse sse2 ss ht tm pbe syscall nx pdpe1gb rdtscp lm constant_tsc arch_perfmon pebs bts rep_good nopl xtopology nonstop_tsc aperfmperf eagerfpu pni pclmulqdq dtes64 monitor ds_cpl vmx smx est tm2 ssse3 sdbg fma cx16 xtpr pdcm pcid dca sse4_1 sse4_2 x2apic movbe popcnt tsc_deadline_timer aes xsave avx f16c rdrand lahf_lm abm epb intel_ppin ssbd ibrs ibpb stibp tpr_shadow vnmi flexpriority ept vpid fsgsbase tsc_adjust bmi1 avx2 smep bmi2 erms invpcid cqm xsaveopt cqm_llc cqm_occup_llc dtherm ida arat pln pts md_clear spec_ctrl intel_stibp flush_l1d
bogomips	: 4788.66
clflush size	: 64
cache_alignment	: 64
address sizes	: 46 bits physical, 48 bits virtual
power management:

processor	: 17
vendor_id	: GenuineIntel
cpu family	: 6
model		: 63
model name	: Intel(R) Xeon(R) CPU E5-2630 v3 @ 2.40GHz
stepping	: 2
microcode	: 0x43
cpu MHz		: 1237.792
cache size	: 20480 KB
physical id	: 0
siblings	: 16
core id		: 1
cpu cores	: 8
apicid		: 3
initial apicid	: 3
fpu		: yes
fpu_exception	: yes
cpuid level	: 15
wp		: yes
flags		: fpu vme de pse tsc msr pae mce cx8 apic sep mtrr pge mca cmov pat pse36 clflush dts acpi mmx fxsr sse sse2 ss ht tm pbe syscall nx pdpe1gb rdtscp lm constant_tsc arch_perfmon pebs bts rep_good nopl xtopology nonstop_tsc aperfmperf eagerfpu pni pclmulqdq dtes64 monitor ds_cpl vmx smx est tm2 ssse3 sdbg fma cx16 xtpr pdcm pcid dca sse4_1 sse4_2 x2apic movbe popcnt tsc_deadline_timer aes xsave avx f16c rdrand lahf_lm abm epb intel_ppin ssbd ibrs ibpb stibp tpr_shadow vnmi flexpriority ept vpid fsgsbase tsc_adjust bmi1 avx2 smep bmi2 erms invpcid cqm xsaveopt cqm_llc cqm_occup_llc dtherm ida arat pln pts md_clear spec_ctrl intel_stibp flush_l1d
bogomips	: 4788.66
clflush size	: 64
cache_alignment	: 64
address sizes	: 46 bits physical, 48 bits virtual
power management:

processor	: 18
vendor_id	: GenuineIntel
cpu family	: 6
model		: 63
model name	: Intel(R) Xeon(R) CPU E5-2630 v3 @ 2.40GHz
stepping	: 2
microcode	: 0x43
cpu MHz		: 1402.001
cache size	: 20480 KB
physical id	: 0
siblings	: 16
core id		: 2
cpu cores	: 8
apicid		: 5
initial apicid	: 5
fpu		: yes
fpu_exception	: yes
cpuid level	: 15
wp		: yes
flags		: fpu vme de pse tsc msr pae mce cx8 apic sep mtrr pge mca cmov pat pse36 clflush dts acpi mmx fxsr sse sse2 ss ht tm pbe syscall nx pdpe1gb rdtscp lm constant_tsc arch_perfmon pebs bts rep_good nopl xtopology nonstop_tsc aperfmperf eagerfpu pni pclmulqdq dtes64 monitor ds_cpl vmx smx est tm2 ssse3 sdbg fma cx16 xtpr pdcm pcid dca sse4_1 sse4_2 x2apic movbe popcnt tsc_deadline_timer aes xsave avx f16c rdrand lahf_lm abm epb intel_ppin ssbd ibrs ibpb stibp tpr_shadow vnmi flexpriority ept vpid fsgsbase tsc_adjust bmi1 avx2 smep bmi2 erms invpcid cqm xsaveopt cqm_llc cqm_occup_llc dtherm ida arat pln pts md_clear spec_ctrl intel_stibp flush_l1d
bogomips	: 4788.66
clflush size	: 64
cache_alignment	: 64
address sizes	: 46 bits physical, 48 bits virtual
power management:

processor	: 19
vendor_id	: GenuineIntel
cpu family	: 6
model		: 63
model name	: Intel(R) Xeon(R) CPU E5-2630 v3 @ 2.40GHz
stepping	: 2
microcode	: 0x43
cpu MHz		: 1299.169
cache size	: 20480 KB
physical id	: 0
siblings	: 16
core id		: 3
cpu cores	: 8
apicid		: 7
initial apicid	: 7
fpu		: yes
fpu_exception	: yes
cpuid level	: 15
wp		: yes
flags		: fpu vme de pse tsc msr pae mce cx8 apic sep mtrr pge mca cmov pat pse36 clflush dts acpi mmx fxsr sse sse2 ss ht tm pbe syscall nx pdpe1gb rdtscp lm constant_tsc arch_perfmon pebs bts rep_good nopl xtopology nonstop_tsc aperfmperf eagerfpu pni pclmulqdq dtes64 monitor ds_cpl vmx smx est tm2 ssse3 sdbg fma cx16 xtpr pdcm pcid dca sse4_1 sse4_2 x2apic movbe popcnt tsc_deadline_timer aes xsave avx f16c rdrand lahf_lm abm epb intel_ppin ssbd ibrs ibpb stibp tpr_shadow vnmi flexpriority ept vpid fsgsbase tsc_adjust bmi1 avx2 smep bmi2 erms invpcid cqm xsaveopt cqm_llc cqm_occup_llc dtherm ida arat pln pts md_clear spec_ctrl intel_stibp flush_l1d
bogomips	: 4788.66
clflush size	: 64
cache_alignment	: 64
address sizes	: 46 bits physical, 48 bits virtual
power management:

processor	: 20
vendor_id	: GenuineIntel
cpu family	: 6
model		: 63
model name	: Intel(R) Xeon(R) CPU E5-2630 v3 @ 2.40GHz
stepping	: 2
microcode	: 0x43
cpu MHz		: 1871.923
cache size	: 20480 KB
physical id	: 0
siblings	: 16
core id		: 4
cpu cores	: 8
apicid		: 9
initial apicid	: 9
fpu		: yes
fpu_exception	: yes
cpuid level	: 15
wp		: yes
flags		: fpu vme de pse tsc msr pae mce cx8 apic sep mtrr pge mca cmov pat pse36 clflush dts acpi mmx fxsr sse sse2 ss ht tm pbe syscall nx pdpe1gb rdtscp lm constant_tsc arch_perfmon pebs bts rep_good nopl xtopology nonstop_tsc aperfmperf eagerfpu pni pclmulqdq dtes64 monitor ds_cpl vmx smx est tm2 ssse3 sdbg fma cx16 xtpr pdcm pcid dca sse4_1 sse4_2 x2apic movbe popcnt tsc_deadline_timer aes xsave avx f16c rdrand lahf_lm abm epb intel_ppin ssbd ibrs ibpb stibp tpr_shadow vnmi flexpriority ept vpid fsgsbase tsc_adjust bmi1 avx2 smep bmi2 erms invpcid cqm xsaveopt cqm_llc cqm_occup_llc dtherm ida arat pln pts md_clear spec_ctrl intel_stibp flush_l1d
bogomips	: 4788.66
clflush size	: 64
cache_alignment	: 64
address sizes	: 46 bits physical, 48 bits virtual
power management:

processor	: 21
vendor_id	: GenuineIntel
cpu family	: 6
model		: 63
model name	: Intel(R) Xeon(R) CPU E5-2630 v3 @ 2.40GHz
stepping	: 2
microcode	: 0x43
cpu MHz		: 1214.355
cache size	: 20480 KB
physical id	: 0
siblings	: 16
core id		: 5
cpu cores	: 8
apicid		: 11
initial apicid	: 11
fpu		: yes
fpu_exception	: yes
cpuid level	: 15
wp		: yes
flags		: fpu vme de pse tsc msr pae mce cx8 apic sep mtrr pge mca cmov pat pse36 clflush dts acpi mmx fxsr sse sse2 ss ht tm pbe syscall nx pdpe1gb rdtscp lm constant_tsc arch_perfmon pebs bts rep_good nopl xtopology nonstop_tsc aperfmperf eagerfpu pni pclmulqdq dtes64 monitor ds_cpl vmx smx est tm2 ssse3 sdbg fma cx16 xtpr pdcm pcid dca sse4_1 sse4_2 x2apic movbe popcnt tsc_deadline_timer aes xsave avx f16c rdrand lahf_lm abm epb intel_ppin ssbd ibrs ibpb stibp tpr_shadow vnmi flexpriority ept vpid fsgsbase tsc_adjust bmi1 avx2 smep bmi2 erms invpcid cqm xsaveopt cqm_llc cqm_occup_llc dtherm ida arat pln pts md_clear spec_ctrl intel_stibp flush_l1d
bogomips	: 4788.66
clflush size	: 64
cache_alignment	: 64
address sizes	: 46 bits physical, 48 bits virtual
power management:

processor	: 22
vendor_id	: GenuineIntel
cpu family	: 6
model		: 63
model name	: Intel(R) Xeon(R) CPU E5-2630 v3 @ 2.40GHz
stepping	: 2
microcode	: 0x43
cpu MHz		: 2792.724
cache size	: 20480 KB
physical id	: 0
siblings	: 16
core id		: 6
cpu cores	: 8
apicid		: 13
initial apicid	: 13
fpu		: yes
fpu_exception	: yes
cpuid level	: 15
wp		: yes
flags		: fpu vme de pse tsc msr pae mce cx8 apic sep mtrr pge mca cmov pat pse36 clflush dts acpi mmx fxsr sse sse2 ss ht tm pbe syscall nx pdpe1gb rdtscp lm constant_tsc arch_perfmon pebs bts rep_good nopl xtopology nonstop_tsc aperfmperf eagerfpu pni pclmulqdq dtes64 monitor ds_cpl vmx smx est tm2 ssse3 sdbg fma cx16 xtpr pdcm pcid dca sse4_1 sse4_2 x2apic movbe popcnt tsc_deadline_timer aes xsave avx f16c rdrand lahf_lm abm epb intel_ppin ssbd ibrs ibpb stibp tpr_shadow vnmi flexpriority ept vpid fsgsbase tsc_adjust bmi1 avx2 smep bmi2 erms invpcid cqm xsaveopt cqm_llc cqm_occup_llc dtherm ida arat pln pts md_clear spec_ctrl intel_stibp flush_l1d
bogomips	: 4788.66
clflush size	: 64
cache_alignment	: 64
address sizes	: 46 bits physical, 48 bits virtual
power management:

processor	: 23
vendor_id	: GenuineIntel
cpu family	: 6
model		: 63
model name	: Intel(R) Xeon(R) CPU E5-2630 v3 @ 2.40GHz
stepping	: 2
microcode	: 0x43
cpu MHz		: 2703.515
cache size	: 20480 KB
physical id	: 0
siblings	: 16
core id		: 7
cpu cores	: 8
apicid		: 15
initial apicid	: 15
fpu		: yes
fpu_exception	: yes
cpuid level	: 15
wp		: yes
flags		: fpu vme de pse tsc msr pae mce cx8 apic sep mtrr pge mca cmov pat pse36 clflush dts acpi mmx fxsr sse sse2 ss ht tm pbe syscall nx pdpe1gb rdtscp lm constant_tsc arch_perfmon pebs bts rep_good nopl xtopology nonstop_tsc aperfmperf eagerfpu pni pclmulqdq dtes64 monitor ds_cpl vmx smx est tm2 ssse3 sdbg fma cx16 xtpr pdcm pcid dca sse4_1 sse4_2 x2apic movbe popcnt tsc_deadline_timer aes xsave avx f16c rdrand lahf_lm abm epb intel_ppin ssbd ibrs ibpb stibp tpr_shadow vnmi flexpriority ept vpid fsgsbase tsc_adjust bmi1 avx2 smep bmi2 erms invpcid cqm xsaveopt cqm_llc cqm_occup_llc dtherm ida arat pln pts md_clear spec_ctrl intel_stibp flush_l1d
bogomips	: 4788.66
clflush size	: 64
cache_alignment	: 64
address sizes	: 46 bits physical, 48 bits virtual
power management:

processor	: 24
vendor_id	: GenuineIntel
cpu family	: 6
model		: 63
model name	: Intel(R) Xeon(R) CPU E5-2630 v3 @ 2.40GHz
stepping	: 2
microcode	: 0x43
cpu MHz		: 2599.951
cache size	: 20480 KB
physical id	: 1
siblings	: 16
core id		: 0
cpu cores	: 8
apicid		: 17
initial apicid	: 17
fpu		: yes
fpu_exception	: yes
cpuid level	: 15
wp		: yes
flags		: fpu vme de pse tsc msr pae mce cx8 apic sep mtrr pge mca cmov pat pse36 clflush dts acpi mmx fxsr sse sse2 ss ht tm pbe syscall nx pdpe1gb rdtscp lm constant_tsc arch_perfmon pebs bts rep_good nopl xtopology nonstop_tsc aperfmperf eagerfpu pni pclmulqdq dtes64 monitor ds_cpl vmx smx est tm2 ssse3 sdbg fma cx16 xtpr pdcm pcid dca sse4_1 sse4_2 x2apic movbe popcnt tsc_deadline_timer aes xsave avx f16c rdrand lahf_lm abm epb intel_ppin ssbd ibrs ibpb stibp tpr_shadow vnmi flexpriority ept vpid fsgsbase tsc_adjust bmi1 avx2 smep bmi2 erms invpcid cqm xsaveopt cqm_llc cqm_occup_llc dtherm ida arat pln pts md_clear spec_ctrl intel_stibp flush_l1d
bogomips	: 4793.73
clflush size	: 64
cache_alignment	: 64
address sizes	: 46 bits physical, 48 bits virtual
power management:

processor	: 25
vendor_id	: GenuineIntel
cpu family	: 6
model		: 63
model name	: Intel(R) Xeon(R) CPU E5-2630 v3 @ 2.40GHz
stepping	: 2
microcode	: 0x43
cpu MHz		: 2842.236
cache size	: 20480 KB
physical id	: 1
siblings	: 16
core id		: 1
cpu cores	: 8
apicid		: 19
initial apicid	: 19
fpu		: yes
fpu_exception	: yes
cpuid level	: 15
wp		: yes
flags		: fpu vme de pse tsc msr pae mce cx8 apic sep mtrr pge mca cmov pat pse36 clflush dts acpi mmx fxsr sse sse2 ss ht tm pbe syscall nx pdpe1gb rdtscp lm constant_tsc arch_perfmon pebs bts rep_good nopl xtopology nonstop_tsc aperfmperf eagerfpu pni pclmulqdq dtes64 monitor ds_cpl vmx smx est tm2 ssse3 sdbg fma cx16 xtpr pdcm pcid dca sse4_1 sse4_2 x2apic movbe popcnt tsc_deadline_timer aes xsave avx f16c rdrand lahf_lm abm epb intel_ppin ssbd ibrs ibpb stibp tpr_shadow vnmi flexpriority ept vpid fsgsbase tsc_adjust bmi1 avx2 smep bmi2 erms invpcid cqm xsaveopt cqm_llc cqm_occup_llc dtherm ida arat pln pts md_clear spec_ctrl intel_stibp flush_l1d
bogomips	: 4793.73
clflush size	: 64
cache_alignment	: 64
address sizes	: 46 bits physical, 48 bits virtual
power management:

processor	: 26
vendor_id	: GenuineIntel
cpu family	: 6
model		: 63
model name	: Intel(R) Xeon(R) CPU E5-2630 v3 @ 2.40GHz
stepping	: 2
microcode	: 0x43
cpu MHz		: 2040.966
cache size	: 20480 KB
physical id	: 1
siblings	: 16
core id		: 2
cpu cores	: 8
apicid		: 21
initial apicid	: 21
fpu		: yes
fpu_exception	: yes
cpuid level	: 15
wp		: yes
flags		: fpu vme de pse tsc msr pae mce cx8 apic sep mtrr pge mca cmov pat pse36 clflush dts acpi mmx fxsr sse sse2 ss ht tm pbe syscall nx pdpe1gb rdtscp lm constant_tsc arch_perfmon pebs bts rep_good nopl xtopology nonstop_tsc aperfmperf eagerfpu pni pclmulqdq dtes64 monitor ds_cpl vmx smx est tm2 ssse3 sdbg fma cx16 xtpr pdcm pcid dca sse4_1 sse4_2 x2apic movbe popcnt tsc_deadline_timer aes xsave avx f16c rdrand lahf_lm abm epb intel_ppin ssbd ibrs ibpb stibp tpr_shadow vnmi flexpriority ept vpid fsgsbase tsc_adjust bmi1 avx2 smep bmi2 erms invpcid cqm xsaveopt cqm_llc cqm_occup_llc dtherm ida arat pln pts md_clear spec_ctrl intel_stibp flush_l1d
bogomips	: 4793.73
clflush size	: 64
cache_alignment	: 64
address sizes	: 46 bits physical, 48 bits virtual
power management:

processor	: 27
vendor_id	: GenuineIntel
cpu family	: 6
model		: 63
model name	: Intel(R) Xeon(R) CPU E5-2630 v3 @ 2.40GHz
stepping	: 2
microcode	: 0x43
cpu MHz		: 2599.951
cache size	: 20480 KB
physical id	: 1
siblings	: 16
core id		: 3
cpu cores	: 8
apicid		: 23
initial apicid	: 23
fpu		: yes
fpu_exception	: yes
cpuid level	: 15
wp		: yes
flags		: fpu vme de pse tsc msr pae mce cx8 apic sep mtrr pge mca cmov pat pse36 clflush dts acpi mmx fxsr sse sse2 ss ht tm pbe syscall nx pdpe1gb rdtscp lm constant_tsc arch_perfmon pebs bts rep_good nopl xtopology nonstop_tsc aperfmperf eagerfpu pni pclmulqdq dtes64 monitor ds_cpl vmx smx est tm2 ssse3 sdbg fma cx16 xtpr pdcm pcid dca sse4_1 sse4_2 x2apic movbe popcnt tsc_deadline_timer aes xsave avx f16c rdrand lahf_lm abm epb intel_ppin ssbd ibrs ibpb stibp tpr_shadow vnmi flexpriority ept vpid fsgsbase tsc_adjust bmi1 avx2 smep bmi2 erms invpcid cqm xsaveopt cqm_llc cqm_occup_llc dtherm ida arat pln pts md_clear spec_ctrl intel_stibp flush_l1d
bogomips	: 4793.73
clflush size	: 64
cache_alignment	: 64
address sizes	: 46 bits physical, 48 bits virtual
power management:

processor	: 28
vendor_id	: GenuineIntel
cpu family	: 6
model		: 63
model name	: Intel(R) Xeon(R) CPU E5-2630 v3 @ 2.40GHz
stepping	: 2
microcode	: 0x43
cpu MHz		: 1854.785
cache size	: 20480 KB
physical id	: 1
siblings	: 16
core id		: 4
cpu cores	: 8
apicid		: 25
initial apicid	: 25
fpu		: yes
fpu_exception	: yes
cpuid level	: 15
wp		: yes
flags		: fpu vme de pse tsc msr pae mce cx8 apic sep mtrr pge mca cmov pat pse36 clflush dts acpi mmx fxsr sse sse2 ss ht tm pbe syscall nx pdpe1gb rdtscp lm constant_tsc arch_perfmon pebs bts rep_good nopl xtopology nonstop_tsc aperfmperf eagerfpu pni pclmulqdq dtes64 monitor ds_cpl vmx smx est tm2 ssse3 sdbg fma cx16 xtpr pdcm pcid dca sse4_1 sse4_2 x2apic movbe popcnt tsc_deadline_timer aes xsave avx f16c rdrand lahf_lm abm epb intel_ppin ssbd ibrs ibpb stibp tpr_shadow vnmi flexpriority ept vpid fsgsbase tsc_adjust bmi1 avx2 smep bmi2 erms invpcid cqm xsaveopt cqm_llc cqm_occup_llc dtherm ida arat pln pts md_clear spec_ctrl intel_stibp flush_l1d
bogomips	: 4793.73
clflush size	: 64
cache_alignment	: 64
address sizes	: 46 bits physical, 48 bits virtual
power management:

processor	: 29
vendor_id	: GenuineIntel
cpu family	: 6
model		: 63
model name	: Intel(R) Xeon(R) CPU E5-2630 v3 @ 2.40GHz
stepping	: 2
microcode	: 0x43
cpu MHz		: 2400.000
cache size	: 20480 KB
physical id	: 1
siblings	: 16
core id		: 5
cpu cores	: 8
apicid		: 27
initial apicid	: 27
fpu		: yes
fpu_exception	: yes
cpuid level	: 15
wp		: yes
flags		: fpu vme de pse tsc msr pae mce cx8 apic sep mtrr pge mca cmov pat pse36 clflush dts acpi mmx fxsr sse sse2 ss ht tm pbe syscall nx pdpe1gb rdtscp lm constant_tsc arch_perfmon pebs bts rep_good nopl xtopology nonstop_tsc aperfmperf eagerfpu pni pclmulqdq dtes64 monitor ds_cpl vmx smx est tm2 ssse3 sdbg fma cx16 xtpr pdcm pcid dca sse4_1 sse4_2 x2apic movbe popcnt tsc_deadline_timer aes xsave avx f16c rdrand lahf_lm abm epb intel_ppin ssbd ibrs ibpb stibp tpr_shadow vnmi flexpriority ept vpid fsgsbase tsc_adjust bmi1 avx2 smep bmi2 erms invpcid cqm xsaveopt cqm_llc cqm_occup_llc dtherm ida arat pln pts md_clear spec_ctrl intel_stibp flush_l1d
bogomips	: 4793.73
clflush size	: 64
cache_alignment	: 64
address sizes	: 46 bits physical, 48 bits virtual
power management:

processor	: 30
vendor_id	: GenuineIntel
cpu family	: 6
model		: 63
model name	: Intel(R) Xeon(R) CPU E5-2630 v3 @ 2.40GHz
stepping	: 2
microcode	: 0x43
cpu MHz		: 2399.853
cache size	: 20480 KB
physical id	: 1
siblings	: 16
core id		: 6
cpu cores	: 8
apicid		: 29
initial apicid	: 29
fpu		: yes
fpu_exception	: yes
cpuid level	: 15
wp		: yes
flags		: fpu vme de pse tsc msr pae mce cx8 apic sep mtrr pge mca cmov pat pse36 clflush dts acpi mmx fxsr sse sse2 ss ht tm pbe syscall nx pdpe1gb rdtscp lm constant_tsc arch_perfmon pebs bts rep_good nopl xtopology nonstop_tsc aperfmperf eagerfpu pni pclmulqdq dtes64 monitor ds_cpl vmx smx est tm2 ssse3 sdbg fma cx16 xtpr pdcm pcid dca sse4_1 sse4_2 x2apic movbe popcnt tsc_deadline_timer aes xsave avx f16c rdrand lahf_lm abm epb intel_ppin ssbd ibrs ibpb stibp tpr_shadow vnmi flexpriority ept vpid fsgsbase tsc_adjust bmi1 avx2 smep bmi2 erms invpcid cqm xsaveopt cqm_llc cqm_occup_llc dtherm ida arat pln pts md_clear spec_ctrl intel_stibp flush_l1d
bogomips	: 4793.73
clflush size	: 64
cache_alignment	: 64
address sizes	: 46 bits physical, 48 bits virtual
power management:

processor	: 31
vendor_id	: GenuineIntel
cpu family	: 6
model		: 63
model name	: Intel(R) Xeon(R) CPU E5-2630 v3 @ 2.40GHz
stepping	: 2
microcode	: 0x43
cpu MHz		: 2600.830
cache size	: 20480 KB
physical id	: 1
siblings	: 16
core id		: 7
cpu cores	: 8
apicid		: 31
initial apicid	: 31
fpu		: yes
fpu_exception	: yes
cpuid level	: 15
wp		: yes
flags		: fpu vme de pse tsc msr pae mce cx8 apic sep mtrr pge mca cmov pat pse36 clflush dts acpi mmx fxsr sse sse2 ss ht tm pbe syscall nx pdpe1gb rdtscp lm constant_tsc arch_perfmon pebs bts rep_good nopl xtopology nonstop_tsc aperfmperf eagerfpu pni pclmulqdq dtes64 monitor ds_cpl vmx smx est tm2 ssse3 sdbg fma cx16 xtpr pdcm pcid dca sse4_1 sse4_2 x2apic movbe popcnt tsc_deadline_timer aes xsave avx f16c rdrand lahf_lm abm epb intel_ppin ssbd ibrs ibpb stibp tpr_shadow vnmi flexpriority ept vpid fsgsbase tsc_adjust bmi1 avx2 smep bmi2 erms invpcid cqm xsaveopt cqm_llc cqm_occup_llc dtherm ida arat pln pts md_clear spec_ctrl intel_stibp flush_l1d
bogomips	: 4793.73
clflush size	: 64
cache_alignment	: 64
address sizes	: 46 bits physical, 48 bits virtual
power management:



Memory: 4k page, physical 263864184k(3100276k free), swap 0k(0k free)

vm_info: OpenJDK 64-Bit Server VM (25.212-b04) for linux-amd64 JRE (1.8.0_212-b04), built on May  4 2019 17:50:21 by "buildozer" with gcc 6.4.0

time: Thu Sep 19 08:29:51 2019
timezone: UTC
elapsed time: 12 seconds (0d 0h 0m 12s)

