[INFO] Scanning for projects...
[WARNING] 
[WARNING] Some problems were encountered while building the effective model for org.apache.hadoop:hadoop-ozone-recon:jar:0.4.1-SNAPSHOT
[WARNING] The expression ${version} is deprecated. Please use ${project.version} instead.
[WARNING] 
[WARNING] Some problems were encountered while building the effective model for org.apache.hadoop:hadoop-hdds-server-scm:jar:0.4.1-SNAPSHOT
[WARNING] 'dependencies.dependency.(groupId:artifactId:type:classifier)' must be unique: io.dropwizard.metrics:metrics-core:jar -> duplicate declaration of version (?) @ line 103, column 17
[WARNING] 
[WARNING] It is highly recommended to fix these problems because they threaten the stability of your build.
[WARNING] 
[WARNING] For this reason, future Maven versions might no longer support building such malformed projects.
[WARNING] 
[INFO] ------------------------------------------------------------------------
[INFO] Detecting the operating system and CPU architecture
[INFO] ------------------------------------------------------------------------
[INFO] os.detected.name: linux
[INFO] os.detected.arch: x86_64
[INFO] os.detected.version: 3.10
[INFO] os.detected.version.major: 3
[INFO] os.detected.version.minor: 10
[INFO] os.detected.release: alpine
[INFO] os.detected.release.version: 3.8.2
[INFO] os.detected.release.like.alpine: true
[INFO] os.detected.classifier: linux-x86_64
[INFO] ------------------------------------------------------------------------
[INFO] Reactor Build Order:
[INFO] 
[INFO] Apache Hadoop HDDS                                                 [pom]
[INFO] Apache Hadoop HDDS Config                                          [jar]
[INFO] Apache Hadoop HDDS Common                                          [jar]
[INFO] Apache Hadoop HDDS Server Framework                                [jar]
[INFO] Apache Hadoop HDDS Container Service                               [jar]
[INFO] Apache Hadoop HDDS Client                                          [jar]
[INFO] Apache Hadoop HDDS Tools                                           [jar]
[INFO] Apache Hadoop Ozone                                                [pom]
[INFO] Apache Hadoop Ozone Common                                         [jar]
[INFO] Apache Hadoop Ozone Client                                         [jar]
[INFO] Apache Hadoop HDDS/Ozone Documentation                             [jar]
[INFO] Apache Hadoop HDDS SCM Server                                      [jar]
[INFO] Apache Hadoop Ozone Manager Server                                 [jar]
[INFO] Apache Hadoop Ozone Object Store REST Service                      [jar]
[INFO] Apache Hadoop Ozone S3 Gateway                                     [jar]
[INFO] Apache Hadoop Ozone CSI service                                    [jar]
[INFO] Apache Hadoop Ozone Recon CodeGen                                  [jar]
[INFO] Apache Hadoop Ozone Recon                                          [jar]
[INFO] Apache Hadoop Ozone Integration Tests                              [jar]
[INFO] Apache Hadoop Ozone FileSystem                                     [jar]
[INFO] Apache Hadoop Ozone FileSystem Single Jar Library                  [jar]
[INFO] Apache Hadoop Ozone FileSystem Legacy Jar Library                  [jar]
[INFO] Apache Hadoop Ozone Tools                                          [jar]
[INFO] Apache Hadoop Ozone Datanode                                       [jar]
[INFO] Apache Hadoop Ozone In-Place Upgrade                               [jar]
[INFO] Apache Hadoop Ozone Distribution                                   [pom]
[INFO] Apache Hadoop Ozone Fault Injection Tests                          [pom]
[INFO] Apache Hadoop Ozone Network Tests                                  [jar]
[INFO] Apache Hadoop Ozone Main                                           [pom]
[INFO] Downloading from central: https://repo.maven.apache.org/maven2/org/apache/maven/plugins/maven-checkstyle-plugin/maven-metadata.xml
[INFO] Downloaded from central: https://repo.maven.apache.org/maven2/org/apache/maven/plugins/maven-checkstyle-plugin/maven-metadata.xml (1.1 kB at 1.4 kB/s)
[INFO] Downloading from central: https://repo.maven.apache.org/maven2/org/apache/maven/plugins/maven-checkstyle-plugin/3.1.0/maven-checkstyle-plugin-3.1.0.pom
[INFO] Downloaded from central: https://repo.maven.apache.org/maven2/org/apache/maven/plugins/maven-checkstyle-plugin/3.1.0/maven-checkstyle-plugin-3.1.0.pom (14 kB at 414 kB/s)
[INFO] Downloading from central: https://repo.maven.apache.org/maven2/org/apache/maven/plugins/maven-plugins/33/maven-plugins-33.pom
[INFO] Downloaded from central: https://repo.maven.apache.org/maven2/org/apache/maven/plugins/maven-plugins/33/maven-plugins-33.pom (11 kB at 289 kB/s)
[INFO] Downloading from central: https://repo.maven.apache.org/maven2/org/apache/maven/plugins/maven-checkstyle-plugin/3.1.0/maven-checkstyle-plugin-3.1.0.jar
[INFO] Downloaded from central: https://repo.maven.apache.org/maven2/org/apache/maven/plugins/maven-checkstyle-plugin/3.1.0/maven-checkstyle-plugin-3.1.0.jar (110 kB at 2.3 MB/s)
[INFO] 
[INFO] -------------------< org.apache.hadoop:hadoop-hdds >--------------------
[INFO] Building Apache Hadoop HDDS 0.4.1-SNAPSHOT                        [1/29]
[INFO] --------------------------------[ pom ]---------------------------------
[INFO] 
[INFO] --- maven-checkstyle-plugin:3.0.0:check (default-cli) @ hadoop-hdds ---
[INFO] Downloading from apache.snapshots.https: https://repository.apache.org/content/repositories/snapshots/com/puppycrawl/tools/checkstyle/8.8/checkstyle-8.8.pom
[INFO] Downloading from central: https://repo.maven.apache.org/maven2/com/puppycrawl/tools/checkstyle/8.8/checkstyle-8.8.pom
[INFO] Downloaded from central: https://repo.maven.apache.org/maven2/com/puppycrawl/tools/checkstyle/8.8/checkstyle-8.8.pom (100 kB at 2.4 MB/s)
[INFO] Downloading from apache.snapshots.https: https://repository.apache.org/content/repositories/snapshots/org/antlr/antlr4-runtime/4.7.1/antlr4-runtime-4.7.1.pom
[INFO] Downloading from central: https://repo.maven.apache.org/maven2/org/antlr/antlr4-runtime/4.7.1/antlr4-runtime-4.7.1.pom
[INFO] Downloaded from central: https://repo.maven.apache.org/maven2/org/antlr/antlr4-runtime/4.7.1/antlr4-runtime-4.7.1.pom (3.5 kB at 141 kB/s)
[INFO] Downloading from apache.snapshots.https: https://repository.apache.org/content/repositories/snapshots/org/antlr/antlr4-master/4.7.1/antlr4-master-4.7.1.pom
[INFO] Downloading from central: https://repo.maven.apache.org/maven2/org/antlr/antlr4-master/4.7.1/antlr4-master-4.7.1.pom
[INFO] Downloaded from central: https://repo.maven.apache.org/maven2/org/antlr/antlr4-master/4.7.1/antlr4-master-4.7.1.pom (4.4 kB at 162 kB/s)
[INFO] Downloading from apache.snapshots.https: https://repository.apache.org/content/repositories/snapshots/commons-cli/commons-cli/1.4/commons-cli-1.4.pom
[INFO] Downloading from central: https://repo.maven.apache.org/maven2/commons-cli/commons-cli/1.4/commons-cli-1.4.pom
[INFO] Downloaded from central: https://repo.maven.apache.org/maven2/commons-cli/commons-cli/1.4/commons-cli-1.4.pom (11 kB at 428 kB/s)
[INFO] Downloading from apache.snapshots.https: https://repository.apache.org/content/repositories/snapshots/com/google/guava/guava/23.6-jre/guava-23.6-jre.pom
[INFO] Downloading from central: https://repo.maven.apache.org/maven2/com/google/guava/guava/23.6-jre/guava-23.6-jre.pom
[INFO] Downloaded from central: https://repo.maven.apache.org/maven2/com/google/guava/guava/23.6-jre/guava-23.6-jre.pom (7.8 kB at 313 kB/s)
[INFO] Downloading from apache.snapshots.https: https://repository.apache.org/content/repositories/snapshots/com/google/guava/guava-parent/23.6-jre/guava-parent-23.6-jre.pom
[INFO] Downloading from central: https://repo.maven.apache.org/maven2/com/google/guava/guava-parent/23.6-jre/guava-parent-23.6-jre.pom
[INFO] Downloaded from central: https://repo.maven.apache.org/maven2/com/google/guava/guava-parent/23.6-jre/guava-parent-23.6-jre.pom (10 kB at 389 kB/s)
[INFO] Downloading from apache.snapshots.https: https://repository.apache.org/content/repositories/snapshots/org/checkerframework/checker-compat-qual/2.0.0/checker-compat-qual-2.0.0.pom
[INFO] Downloading from central: https://repo.maven.apache.org/maven2/org/checkerframework/checker-compat-qual/2.0.0/checker-compat-qual-2.0.0.pom
[INFO] Downloaded from central: https://repo.maven.apache.org/maven2/org/checkerframework/checker-compat-qual/2.0.0/checker-compat-qual-2.0.0.pom (4.2 kB at 168 kB/s)
[INFO] Downloading from apache.snapshots.https: https://repository.apache.org/content/repositories/snapshots/net/sf/saxon/Saxon-HE/9.8.0-7/Saxon-HE-9.8.0-7.pom
[INFO] Downloading from central: https://repo.maven.apache.org/maven2/net/sf/saxon/Saxon-HE/9.8.0-7/Saxon-HE-9.8.0-7.pom
[INFO] Downloaded from central: https://repo.maven.apache.org/maven2/net/sf/saxon/Saxon-HE/9.8.0-7/Saxon-HE-9.8.0-7.pom (3.4 kB at 116 kB/s)
[INFO] Downloading from apache.snapshots.https: https://repository.apache.org/content/repositories/snapshots/com/puppycrawl/tools/checkstyle/8.8/checkstyle-8.8.jar
[INFO] Downloading from apache.snapshots.https: https://repository.apache.org/content/repositories/snapshots/commons-cli/commons-cli/1.4/commons-cli-1.4.jar
[INFO] Downloading from apache.snapshots.https: https://repository.apache.org/content/repositories/snapshots/org/antlr/antlr4-runtime/4.7.1/antlr4-runtime-4.7.1.jar
[INFO] Downloading from apache.snapshots.https: https://repository.apache.org/content/repositories/snapshots/org/checkerframework/checker-compat-qual/2.0.0/checker-compat-qual-2.0.0.jar
[INFO] Downloading from apache.snapshots.https: https://repository.apache.org/content/repositories/snapshots/com/google/guava/guava/23.6-jre/guava-23.6-jre.jar
[INFO] Downloading from apache.snapshots.https: https://repository.apache.org/content/repositories/snapshots/net/sf/saxon/Saxon-HE/9.8.0-7/Saxon-HE-9.8.0-7.jar
[INFO] Downloading from central: https://repo.maven.apache.org/maven2/com/puppycrawl/tools/checkstyle/8.8/checkstyle-8.8.jar
[INFO] Downloading from central: https://repo.maven.apache.org/maven2/commons-cli/commons-cli/1.4/commons-cli-1.4.jar
[INFO] Downloading from central: https://repo.maven.apache.org/maven2/org/antlr/antlr4-runtime/4.7.1/antlr4-runtime-4.7.1.jar
[INFO] Downloading from central: https://repo.maven.apache.org/maven2/org/checkerframework/checker-compat-qual/2.0.0/checker-compat-qual-2.0.0.jar
[INFO] Downloading from central: https://repo.maven.apache.org/maven2/com/google/guava/guava/23.6-jre/guava-23.6-jre.jar
[INFO] Downloaded from central: https://repo.maven.apache.org/maven2/commons-cli/commons-cli/1.4/commons-cli-1.4.jar (54 kB at 1.7 MB/s)
[INFO] Downloading from central: https://repo.maven.apache.org/maven2/net/sf/saxon/Saxon-HE/9.8.0-7/Saxon-HE-9.8.0-7.jar
[INFO] Downloaded from central: https://repo.maven.apache.org/maven2/org/checkerframework/checker-compat-qual/2.0.0/checker-compat-qual-2.0.0.jar (32 kB at 535 kB/s)
[INFO] Downloaded from central: https://repo.maven.apache.org/maven2/org/antlr/antlr4-runtime/4.7.1/antlr4-runtime-4.7.1.jar (337 kB at 3.2 MB/s)
[INFO] Downloaded from central: https://repo.maven.apache.org/maven2/com/puppycrawl/tools/checkstyle/8.8/checkstyle-8.8.jar (1.3 MB at 7.3 MB/s)
[INFO] Downloaded from central: https://repo.maven.apache.org/maven2/com/google/guava/guava/23.6-jre/guava-23.6-jre.jar (2.7 MB at 12 MB/s)
[INFO] Downloaded from central: https://repo.maven.apache.org/maven2/net/sf/saxon/Saxon-HE/9.8.0-7/Saxon-HE-9.8.0-7.jar (5.0 MB at 17 MB/s)
[INFO] 
[INFO] ----------------< org.apache.hadoop:hadoop-hdds-config >----------------
[INFO] Building Apache Hadoop HDDS Config 0.4.1-SNAPSHOT                 [2/29]
[INFO] --------------------------------[ jar ]---------------------------------
[INFO] 
[INFO] --- maven-checkstyle-plugin:3.0.0:check (default-cli) @ hadoop-hdds-config ---
[INFO] 
[INFO] ----------------< org.apache.hadoop:hadoop-hdds-common >----------------
[INFO] Building Apache Hadoop HDDS Common 0.4.1-SNAPSHOT                 [3/29]
[INFO] --------------------------------[ jar ]---------------------------------
[INFO] Downloading from apache.snapshots.https: https://repository.apache.org/content/repositories/snapshots/org/apache/hadoop/hadoop-hdds-config/0.4.1-SNAPSHOT/maven-metadata.xml
[INFO] Downloading from apache.snapshots.https: https://repository.apache.org/content/repositories/snapshots/org/apache/ratis/ratis-server/0.4.0-2337318-SNAPSHOT/maven-metadata.xml
[INFO] Downloaded from apache.snapshots.https: https://repository.apache.org/content/repositories/snapshots/org/apache/ratis/ratis-server/0.4.0-2337318-SNAPSHOT/maven-metadata.xml (1.0 kB at 1.6 kB/s)
[INFO] Downloading from apache.snapshots.https: https://repository.apache.org/content/repositories/snapshots/org/apache/ratis/ratis-server/0.4.0-2337318-SNAPSHOT/ratis-server-0.4.0-2337318-20190628.085515-1.pom
[INFO] Downloaded from apache.snapshots.https: https://repository.apache.org/content/repositories/snapshots/org/apache/ratis/ratis-server/0.4.0-2337318-SNAPSHOT/ratis-server-0.4.0-2337318-20190628.085515-1.pom (2.7 kB at 4.1 kB/s)
[INFO] Downloading from apache.snapshots.https: https://repository.apache.org/content/repositories/snapshots/org/apache/ratis/ratis/0.4.0-2337318-SNAPSHOT/maven-metadata.xml
[INFO] Downloaded from apache.snapshots.https: https://repository.apache.org/content/repositories/snapshots/org/apache/ratis/ratis/0.4.0-2337318-SNAPSHOT/maven-metadata.xml (614 B at 938 B/s)
[INFO] Downloading from apache.snapshots.https: https://repository.apache.org/content/repositories/snapshots/org/apache/ratis/ratis/0.4.0-2337318-SNAPSHOT/ratis-0.4.0-2337318-20190628.085254-1.pom
[INFO] Downloaded from apache.snapshots.https: https://repository.apache.org/content/repositories/snapshots/org/apache/ratis/ratis/0.4.0-2337318-SNAPSHOT/ratis-0.4.0-2337318-20190628.085254-1.pom (33 kB at 44 kB/s)
[INFO] Downloading from apache.snapshots: https://repository.apache.org/snapshots/org/apache/ratis/ratis-proto/0.4.0-2337318-SNAPSHOT/maven-metadata.xml
[INFO] Downloading from apache.snapshots.https: https://repository.apache.org/content/repositories/snapshots/org/apache/ratis/ratis-proto/0.4.0-2337318-SNAPSHOT/maven-metadata.xml
[INFO] Downloaded from apache.snapshots.https: https://repository.apache.org/content/repositories/snapshots/org/apache/ratis/ratis-proto/0.4.0-2337318-SNAPSHOT/maven-metadata.xml (1.2 kB at 1.9 kB/s)
[INFO] Downloaded from apache.snapshots: https://repository.apache.org/snapshots/org/apache/ratis/ratis-proto/0.4.0-2337318-SNAPSHOT/maven-metadata.xml (1.2 kB at 1.9 kB/s)
[INFO] Downloading from apache.snapshots.https: https://repository.apache.org/content/repositories/snapshots/org/apache/ratis/ratis-proto/0.4.0-2337318-SNAPSHOT/ratis-proto-0.4.0-2337318-20190628.085316-1.pom
[INFO] Downloaded from apache.snapshots.https: https://repository.apache.org/content/repositories/snapshots/org/apache/ratis/ratis-proto/0.4.0-2337318-SNAPSHOT/ratis-proto-0.4.0-2337318-20190628.085316-1.pom (6.9 kB at 11 kB/s)
[INFO] Downloading from apache.snapshots: https://repository.apache.org/snapshots/org/apache/ratis/ratis-common/0.4.0-2337318-SNAPSHOT/maven-metadata.xml
[INFO] Downloading from apache.snapshots.https: https://repository.apache.org/content/repositories/snapshots/org/apache/ratis/ratis-common/0.4.0-2337318-SNAPSHOT/maven-metadata.xml
[INFO] Downloaded from apache.snapshots.https: https://repository.apache.org/content/repositories/snapshots/org/apache/ratis/ratis-common/0.4.0-2337318-SNAPSHOT/maven-metadata.xml (1.0 kB at 1.6 kB/s)
[INFO] Downloaded from apache.snapshots: https://repository.apache.org/snapshots/org/apache/ratis/ratis-common/0.4.0-2337318-SNAPSHOT/maven-metadata.xml (1.0 kB at 1.6 kB/s)
[INFO] Downloading from apache.snapshots.https: https://repository.apache.org/content/repositories/snapshots/org/apache/ratis/ratis-common/0.4.0-2337318-SNAPSHOT/ratis-common-0.4.0-2337318-20190628.085351-1.pom
[INFO] Downloaded from apache.snapshots.https: https://repository.apache.org/content/repositories/snapshots/org/apache/ratis/ratis-common/0.4.0-2337318-SNAPSHOT/ratis-common-0.4.0-2337318-20190628.085351-1.pom (5.0 kB at 7.7 kB/s)
[INFO] Downloading from apache.snapshots.https: https://repository.apache.org/content/repositories/snapshots/org/apache/ratis/ratis-client/0.4.0-2337318-SNAPSHOT/maven-metadata.xml
[INFO] Downloading from apache.snapshots: https://repository.apache.org/snapshots/org/apache/ratis/ratis-client/0.4.0-2337318-SNAPSHOT/maven-metadata.xml
[INFO] Downloaded from apache.snapshots: https://repository.apache.org/snapshots/org/apache/ratis/ratis-client/0.4.0-2337318-SNAPSHOT/maven-metadata.xml (1.0 kB at 1.6 kB/s)
[INFO] Downloaded from apache.snapshots.https: https://repository.apache.org/content/repositories/snapshots/org/apache/ratis/ratis-client/0.4.0-2337318-SNAPSHOT/maven-metadata.xml (1.0 kB at 1.6 kB/s)
[INFO] Downloading from apache.snapshots.https: https://repository.apache.org/content/repositories/snapshots/org/apache/ratis/ratis-client/0.4.0-2337318-SNAPSHOT/ratis-client-0.4.0-2337318-20190628.085420-1.pom
[INFO] Downloaded from apache.snapshots.https: https://repository.apache.org/content/repositories/snapshots/org/apache/ratis/ratis-client/0.4.0-2337318-SNAPSHOT/ratis-client-0.4.0-2337318-20190628.085420-1.pom (1.6 kB at 2.5 kB/s)
[INFO] Downloading from apache.snapshots.https: https://repository.apache.org/content/repositories/snapshots/org/apache/ratis/ratis-metrics/0.4.0-2337318-SNAPSHOT/maven-metadata.xml
[INFO] Downloading from apache.snapshots: https://repository.apache.org/snapshots/org/apache/ratis/ratis-metrics/0.4.0-2337318-SNAPSHOT/maven-metadata.xml
[INFO] Downloaded from apache.snapshots.https: https://repository.apache.org/content/repositories/snapshots/org/apache/ratis/ratis-metrics/0.4.0-2337318-SNAPSHOT/maven-metadata.xml (1.0 kB at 1.6 kB/s)
[INFO] Downloaded from apache.snapshots: https://repository.apache.org/snapshots/org/apache/ratis/ratis-metrics/0.4.0-2337318-SNAPSHOT/maven-metadata.xml (1.0 kB at 1.6 kB/s)
[INFO] Downloading from apache.snapshots.https: https://repository.apache.org/content/repositories/snapshots/org/apache/ratis/ratis-metrics/0.4.0-2337318-SNAPSHOT/ratis-metrics-0.4.0-2337318-20190628.085448-1.pom
[INFO] Downloaded from apache.snapshots.https: https://repository.apache.org/content/repositories/snapshots/org/apache/ratis/ratis-metrics/0.4.0-2337318-SNAPSHOT/ratis-metrics-0.4.0-2337318-20190628.085448-1.pom (2.1 kB at 3.2 kB/s)
[INFO] Downloading from apache.snapshots.https: https://repository.apache.org/content/repositories/snapshots/org/apache/ratis/ratis-netty/0.4.0-2337318-SNAPSHOT/maven-metadata.xml
[INFO] Downloaded from apache.snapshots.https: https://repository.apache.org/content/repositories/snapshots/org/apache/ratis/ratis-netty/0.4.0-2337318-SNAPSHOT/maven-metadata.xml (1.0 kB at 1.5 kB/s)
[INFO] Downloading from apache.snapshots.https: https://repository.apache.org/content/repositories/snapshots/org/apache/ratis/ratis-netty/0.4.0-2337318-SNAPSHOT/ratis-netty-0.4.0-2337318-20190628.085613-1.pom
[INFO] Downloaded from apache.snapshots.https: https://repository.apache.org/content/repositories/snapshots/org/apache/ratis/ratis-netty/0.4.0-2337318-SNAPSHOT/ratis-netty-0.4.0-2337318-20190628.085613-1.pom (2.4 kB at 3.8 kB/s)
[INFO] Downloading from apache.snapshots.https: https://repository.apache.org/content/repositories/snapshots/org/apache/ratis/ratis-grpc/0.4.0-2337318-SNAPSHOT/maven-metadata.xml
[INFO] Downloaded from apache.snapshots.https: https://repository.apache.org/content/repositories/snapshots/org/apache/ratis/ratis-grpc/0.4.0-2337318-SNAPSHOT/maven-metadata.xml (1.0 kB at 1.6 kB/s)
[INFO] Downloading from apache.snapshots.https: https://repository.apache.org/content/repositories/snapshots/org/apache/ratis/ratis-grpc/0.4.0-2337318-SNAPSHOT/ratis-grpc-0.4.0-2337318-20190628.085545-1.pom
[INFO] Downloaded from apache.snapshots.https: https://repository.apache.org/content/repositories/snapshots/org/apache/ratis/ratis-grpc/0.4.0-2337318-SNAPSHOT/ratis-grpc-0.4.0-2337318-20190628.085545-1.pom (2.4 kB at 3.8 kB/s)
[INFO] Downloading from apache.snapshots.https: https://repository.apache.org/content/repositories/snapshots/org/rocksdb/rocksdbjni/6.0.1/rocksdbjni-6.0.1.pom
[INFO] Downloading from repository.jboss.org: http://repository.jboss.org/nexus/content/groups/public/org/rocksdb/rocksdbjni/6.0.1/rocksdbjni-6.0.1.pom
[INFO] Downloading from central: https://repo.maven.apache.org/maven2/org/rocksdb/rocksdbjni/6.0.1/rocksdbjni-6.0.1.pom
[INFO] Downloaded from central: https://repo.maven.apache.org/maven2/org/rocksdb/rocksdbjni/6.0.1/rocksdbjni-6.0.1.pom (6.4 kB at 229 kB/s)
[INFO] Downloading from apache.snapshots.https: https://repository.apache.org/content/repositories/snapshots/org/apache/hadoop/hadoop-hdds-config/0.4.1-SNAPSHOT/hadoop-hdds-config-0.4.1-SNAPSHOT.jar
[INFO] Downloading from apache.snapshots.https: https://repository.apache.org/content/repositories/snapshots/org/apache/ratis/ratis-client/0.4.0-2337318-SNAPSHOT/ratis-client-0.4.0-2337318-20190628.085420-1.jar
[INFO] Downloading from apache.snapshots.https: https://repository.apache.org/content/repositories/snapshots/org/apache/ratis/ratis-common/0.4.0-2337318-SNAPSHOT/ratis-common-0.4.0-2337318-20190628.085351-1.jar
[INFO] Downloading from apache.snapshots.https: https://repository.apache.org/content/repositories/snapshots/org/apache/ratis/ratis-proto/0.4.0-2337318-SNAPSHOT/ratis-proto-0.4.0-2337318-20190628.085316-1.jar
[INFO] Downloading from apache.snapshots.https: https://repository.apache.org/content/repositories/snapshots/org/apache/ratis/ratis-server/0.4.0-2337318-SNAPSHOT/ratis-server-0.4.0-2337318-20190628.085515-1.jar
[INFO] Downloading from apache.snapshots.https: https://repository.apache.org/content/repositories/snapshots/org/apache/ratis/ratis-metrics/0.4.0-2337318-SNAPSHOT/ratis-metrics-0.4.0-2337318-20190628.085448-1.jar
[INFO] Downloaded from apache.snapshots.https: https://repository.apache.org/content/repositories/snapshots/org/apache/ratis/ratis-client/0.4.0-2337318-SNAPSHOT/ratis-client-0.4.0-2337318-20190628.085420-1.jar (56 kB at 68 kB/s)
[INFO] Downloading from apache.snapshots.https: https://repository.apache.org/content/repositories/snapshots/org/apache/ratis/ratis-netty/0.4.0-2337318-SNAPSHOT/ratis-netty-0.4.0-2337318-20190628.085613-1.jar
[INFO] Downloaded from apache.snapshots.https: https://repository.apache.org/content/repositories/snapshots/org/apache/ratis/ratis-common/0.4.0-2337318-SNAPSHOT/ratis-common-0.4.0-2337318-20190628.085351-1.jar (253 kB at 261 kB/s)
[INFO] Downloading from apache.snapshots.https: https://repository.apache.org/content/repositories/snapshots/org/apache/ratis/ratis-grpc/0.4.0-2337318-SNAPSHOT/ratis-grpc-0.4.0-2337318-20190628.085545-1.jar
[INFO] Downloaded from apache.snapshots.https: https://repository.apache.org/content/repositories/snapshots/org/apache/ratis/ratis-server/0.4.0-2337318-SNAPSHOT/ratis-server-0.4.0-2337318-20190628.085515-1.jar (335 kB at 343 kB/s)
[INFO] Downloading from apache.snapshots.https: https://repository.apache.org/content/repositories/snapshots/org/rocksdb/rocksdbjni/6.0.1/rocksdbjni-6.0.1.jar
[INFO] Downloaded from apache.snapshots.https: https://repository.apache.org/content/repositories/snapshots/org/apache/ratis/ratis-metrics/0.4.0-2337318-SNAPSHOT/ratis-metrics-0.4.0-2337318-20190628.085448-1.jar (19 kB at 18 kB/s)
[INFO] Downloaded from apache.snapshots.https: https://repository.apache.org/content/repositories/snapshots/org/apache/ratis/ratis-proto/0.4.0-2337318-SNAPSHOT/ratis-proto-0.4.0-2337318-20190628.085316-1.jar (1.1 MB at 954 kB/s)
[INFO] Downloaded from apache.snapshots.https: https://repository.apache.org/content/repositories/snapshots/org/apache/ratis/ratis-netty/0.4.0-2337318-SNAPSHOT/ratis-netty-0.4.0-2337318-20190628.085613-1.jar (34 kB at 22 kB/s)
[INFO] Downloaded from apache.snapshots.https: https://repository.apache.org/content/repositories/snapshots/org/apache/ratis/ratis-grpc/0.4.0-2337318-SNAPSHOT/ratis-grpc-0.4.0-2337318-20190628.085545-1.jar (105 kB at 57 kB/s)
[INFO] Downloading from repository.jboss.org: http://repository.jboss.org/nexus/content/groups/public/org/rocksdb/rocksdbjni/6.0.1/rocksdbjni-6.0.1.jar
[INFO] Downloading from central: https://repo.maven.apache.org/maven2/org/rocksdb/rocksdbjni/6.0.1/rocksdbjni-6.0.1.jar
[INFO] Downloaded from central: https://repo.maven.apache.org/maven2/org/rocksdb/rocksdbjni/6.0.1/rocksdbjni-6.0.1.jar (13 MB at 19 MB/s)
[INFO] 
[INFO] -----------< org.apache.hadoop:hadoop-hdds-server-framework >-----------
[INFO] Building Apache Hadoop HDDS Server Framework 0.4.1-SNAPSHOT       [4/29]
[INFO] --------------------------------[ jar ]---------------------------------
[INFO] Downloading from apache.snapshots.https: https://repository.apache.org/content/repositories/snapshots/org/apache/hadoop/hadoop-hdds-common/0.4.1-SNAPSHOT/maven-metadata.xml
[INFO] Downloading from apache.snapshots.https: https://repository.apache.org/content/repositories/snapshots/org/apache/hadoop/hadoop-hdds-common/0.4.1-SNAPSHOT/hadoop-hdds-common-0.4.1-SNAPSHOT.jar
[INFO] 
[INFO] ----------< org.apache.hadoop:hadoop-hdds-container-service >-----------
[INFO] Building Apache Hadoop HDDS Container Service 0.4.1-SNAPSHOT      [5/29]
[INFO] --------------------------------[ jar ]---------------------------------
[INFO] Downloading from apache.snapshots.https: https://repository.apache.org/content/repositories/snapshots/org/apache/hadoop/hadoop-hdds-server-framework/0.4.1-SNAPSHOT/maven-metadata.xml
[INFO] Downloading from apache.snapshots.https: https://repository.apache.org/content/repositories/snapshots/org/apache/hadoop/hadoop-hdds-server-framework/0.4.1-SNAPSHOT/hadoop-hdds-server-framework-0.4.1-SNAPSHOT.jar
[INFO] 
[INFO] ----------------< org.apache.hadoop:hadoop-hdds-client >----------------
[INFO] Building Apache Hadoop HDDS Client 0.4.1-SNAPSHOT                 [6/29]
[INFO] --------------------------------[ jar ]---------------------------------
[INFO] 
[INFO] ----------------< org.apache.hadoop:hadoop-hdds-tools >-----------------
[INFO] Building Apache Hadoop HDDS Tools 0.4.1-SNAPSHOT                  [7/29]
[INFO] --------------------------------[ jar ]---------------------------------
[INFO] Downloading from apache.snapshots.https: https://repository.apache.org/content/repositories/snapshots/org/apache/hadoop/hadoop-hdds-client/0.4.1-SNAPSHOT/maven-metadata.xml
[INFO] Downloading from apache.snapshots.https: https://repository.apache.org/content/repositories/snapshots/org/apache/hadoop/hadoop-hdds-client/0.4.1-SNAPSHOT/hadoop-hdds-client-0.4.1-SNAPSHOT.jar
[INFO] 
[INFO] -------------------< org.apache.hadoop:hadoop-ozone >-------------------
[INFO] Building Apache Hadoop Ozone 0.4.1-SNAPSHOT                       [8/29]
[INFO] --------------------------------[ pom ]---------------------------------
[INFO] 
[INFO] --- maven-checkstyle-plugin:3.0.0:check (default-cli) @ hadoop-ozone ---
[INFO] 
[INFO] ---------------< org.apache.hadoop:hadoop-ozone-common >----------------
[INFO] Building Apache Hadoop Ozone Common 0.4.1-SNAPSHOT                [9/29]
[INFO] --------------------------------[ jar ]---------------------------------
[INFO] Downloading from apache.snapshots.https: https://repository.apache.org/content/repositories/snapshots/org/apache/hadoop/hadoop-hdds-container-service/0.4.1-SNAPSHOT/maven-metadata.xml
[INFO] Downloading from apache.snapshots.https: https://repository.apache.org/content/repositories/snapshots/org/apache/hadoop/hadoop-hdds-tools/0.4.1-SNAPSHOT/maven-metadata.xml
[INFO] Downloading from apache.snapshots.https: https://repository.apache.org/content/repositories/snapshots/org/apache/hadoop/hadoop-hdds-container-service/0.4.1-SNAPSHOT/hadoop-hdds-container-service-0.4.1-SNAPSHOT.jar
[INFO] Downloading from apache.snapshots.https: https://repository.apache.org/content/repositories/snapshots/org/apache/hadoop/hadoop-hdds-tools/0.4.1-SNAPSHOT/hadoop-hdds-tools-0.4.1-SNAPSHOT.jar
[INFO] 
[INFO] ---------------< org.apache.hadoop:hadoop-ozone-client >----------------
[INFO] Building Apache Hadoop Ozone Client 0.4.1-SNAPSHOT               [10/29]
[INFO] --------------------------------[ jar ]---------------------------------
[INFO] Downloading from apache.snapshots.https: https://repository.apache.org/content/repositories/snapshots/org/apache/hadoop/hadoop-ozone-common/0.4.1-SNAPSHOT/maven-metadata.xml
[INFO] Downloading from apache.snapshots.https: https://repository.apache.org/content/repositories/snapshots/org/apache/hadoop/hadoop-ozone-common/0.4.1-SNAPSHOT/hadoop-ozone-common-0.4.1-SNAPSHOT.jar
[INFO] 
[INFO] -----------------< org.apache.hadoop:hadoop-hdds-docs >-----------------
[INFO] Building Apache Hadoop HDDS/Ozone Documentation 0.4.1-SNAPSHOT   [11/29]
[INFO] --------------------------------[ jar ]---------------------------------
[INFO] 
[INFO] --- maven-checkstyle-plugin:3.0.0:check (default-cli) @ hadoop-hdds-docs ---
[INFO] 
[INFO] --------------< org.apache.hadoop:hadoop-hdds-server-scm >--------------
[INFO] Building Apache Hadoop HDDS SCM Server 0.4.1-SNAPSHOT            [12/29]
[INFO] --------------------------------[ jar ]---------------------------------
[INFO] Downloading from apache.snapshots.https: https://repository.apache.org/content/repositories/snapshots/org/apache/hadoop/hadoop-hdds-docs/0.4.1-SNAPSHOT/maven-metadata.xml
[INFO] Downloading from apache.snapshots.https: https://repository.apache.org/content/repositories/snapshots/org/apache/hadoop/hadoop-hdds-docs/0.4.1-SNAPSHOT/hadoop-hdds-docs-0.4.1-SNAPSHOT.jar
[INFO] Downloading from apache.snapshots.https: https://repository.apache.org/content/repositories/snapshots/org/apache/hadoop/hadoop-hdds-container-service/0.4.1-SNAPSHOT/hadoop-hdds-container-service-0.4.1-SNAPSHOT-tests.jar
[INFO] 
[INFO] ------------< org.apache.hadoop:hadoop-ozone-ozone-manager >------------
[INFO] Building Apache Hadoop Ozone Manager Server 0.4.1-SNAPSHOT       [13/29]
[INFO] --------------------------------[ jar ]---------------------------------
[INFO] Downloading from apache.snapshots.https: https://repository.apache.org/content/repositories/snapshots/org/apache/hadoop/hadoop-ozone-client/0.4.1-SNAPSHOT/maven-metadata.xml
[INFO] Downloading from apache.snapshots.https: https://repository.apache.org/content/repositories/snapshots/org/mockito/mockito-core/2.28.2/mockito-core-2.28.2.pom
[INFO] Downloading from repository.jboss.org: http://repository.jboss.org/nexus/content/groups/public/org/mockito/mockito-core/2.28.2/mockito-core-2.28.2.pom
[INFO] Downloading from central: https://repo.maven.apache.org/maven2/org/mockito/mockito-core/2.28.2/mockito-core-2.28.2.pom
[INFO] Downloaded from central: https://repo.maven.apache.org/maven2/org/mockito/mockito-core/2.28.2/mockito-core-2.28.2.pom (20 kB at 670 kB/s)
[INFO] Downloading from apache.snapshots.https: https://repository.apache.org/content/repositories/snapshots/net/bytebuddy/byte-buddy/1.9.10/byte-buddy-1.9.10.pom
[INFO] Downloading from repository.jboss.org: http://repository.jboss.org/nexus/content/groups/public/net/bytebuddy/byte-buddy/1.9.10/byte-buddy-1.9.10.pom
[INFO] Downloading from central: https://repo.maven.apache.org/maven2/net/bytebuddy/byte-buddy/1.9.10/byte-buddy-1.9.10.pom
[INFO] Downloaded from central: https://repo.maven.apache.org/maven2/net/bytebuddy/byte-buddy/1.9.10/byte-buddy-1.9.10.pom (10 kB at 430 kB/s)
[INFO] Downloading from apache.snapshots.https: https://repository.apache.org/content/repositories/snapshots/net/bytebuddy/byte-buddy-parent/1.9.10/byte-buddy-parent-1.9.10.pom
[INFO] Downloading from repository.jboss.org: http://repository.jboss.org/nexus/content/groups/public/net/bytebuddy/byte-buddy-parent/1.9.10/byte-buddy-parent-1.9.10.pom
[INFO] Downloading from central: https://repo.maven.apache.org/maven2/net/bytebuddy/byte-buddy-parent/1.9.10/byte-buddy-parent-1.9.10.pom
[INFO] Downloaded from central: https://repo.maven.apache.org/maven2/net/bytebuddy/byte-buddy-parent/1.9.10/byte-buddy-parent-1.9.10.pom (36 kB at 1.3 MB/s)
[INFO] Downloading from apache.snapshots.https: https://repository.apache.org/content/repositories/snapshots/net/bytebuddy/byte-buddy-agent/1.9.10/byte-buddy-agent-1.9.10.pom
[INFO] Downloading from repository.jboss.org: http://repository.jboss.org/nexus/content/groups/public/net/bytebuddy/byte-buddy-agent/1.9.10/byte-buddy-agent-1.9.10.pom
[INFO] Downloading from central: https://repo.maven.apache.org/maven2/net/bytebuddy/byte-buddy-agent/1.9.10/byte-buddy-agent-1.9.10.pom
[INFO] Downloaded from central: https://repo.maven.apache.org/maven2/net/bytebuddy/byte-buddy-agent/1.9.10/byte-buddy-agent-1.9.10.pom (6.0 kB at 274 kB/s)
[INFO] Downloading from apache.snapshots.https: https://repository.apache.org/content/repositories/snapshots/org/apache/hadoop/hadoop-hdds-server-scm/0.4.1-SNAPSHOT/maven-metadata.xml
[INFO] Downloading from apache.snapshots.https: https://repository.apache.org/content/repositories/snapshots/org/apache/hadoop/hadoop-ozone-client/0.4.1-SNAPSHOT/hadoop-ozone-client-0.4.1-SNAPSHOT.jar
[INFO] Downloading from apache.snapshots.https: https://repository.apache.org/content/repositories/snapshots/org/apache/hadoop/hadoop-hdds-server-scm/0.4.1-SNAPSHOT/hadoop-hdds-server-scm-0.4.1-SNAPSHOT-tests.jar
[INFO] Downloading from apache.snapshots.https: https://repository.apache.org/content/repositories/snapshots/net/bytebuddy/byte-buddy-agent/1.9.10/byte-buddy-agent-1.9.10.jar
[INFO] Downloading from apache.snapshots.https: https://repository.apache.org/content/repositories/snapshots/net/bytebuddy/byte-buddy/1.9.10/byte-buddy-1.9.10.jar
[INFO] Downloading from apache.snapshots.https: https://repository.apache.org/content/repositories/snapshots/org/mockito/mockito-core/2.28.2/mockito-core-2.28.2.jar
[INFO] Downloading from repository.jboss.org: http://repository.jboss.org/nexus/content/groups/public/net/bytebuddy/byte-buddy/1.9.10/byte-buddy-1.9.10.jar
[INFO] Downloading from repository.jboss.org: http://repository.jboss.org/nexus/content/groups/public/net/bytebuddy/byte-buddy-agent/1.9.10/byte-buddy-agent-1.9.10.jar
[INFO] Downloading from repository.jboss.org: http://repository.jboss.org/nexus/content/groups/public/org/mockito/mockito-core/2.28.2/mockito-core-2.28.2.jar
[INFO] Downloading from central: https://repo.maven.apache.org/maven2/org/mockito/mockito-core/2.28.2/mockito-core-2.28.2.jar
[INFO] Downloading from central: https://repo.maven.apache.org/maven2/net/bytebuddy/byte-buddy-agent/1.9.10/byte-buddy-agent-1.9.10.jar
[INFO] Downloading from central: https://repo.maven.apache.org/maven2/net/bytebuddy/byte-buddy/1.9.10/byte-buddy-1.9.10.jar
[INFO] Downloaded from central: https://repo.maven.apache.org/maven2/net/bytebuddy/byte-buddy-agent/1.9.10/byte-buddy-agent-1.9.10.jar (43 kB at 1.7 MB/s)
[INFO] Downloaded from central: https://repo.maven.apache.org/maven2/org/mockito/mockito-core/2.28.2/mockito-core-2.28.2.jar (591 kB at 8.6 MB/s)
[INFO] Downloaded from central: https://repo.maven.apache.org/maven2/net/bytebuddy/byte-buddy/1.9.10/byte-buddy-1.9.10.jar (3.3 MB at 16 MB/s)
[INFO] 
[INFO] ---------< org.apache.hadoop:hadoop-ozone-objectstore-service >---------
[INFO] Building Apache Hadoop Ozone Object Store REST Service 0.4.1-SNAPSHOT [14/29]
[INFO] --------------------------------[ jar ]---------------------------------
[INFO] 
[INFO] --------------< org.apache.hadoop:hadoop-ozone-s3gateway >--------------
[INFO] Building Apache Hadoop Ozone S3 Gateway 0.4.1-SNAPSHOT           [15/29]
[INFO] --------------------------------[ jar ]---------------------------------
[INFO] 
[INFO] -----------------< org.apache.hadoop:hadoop-ozone-csi >-----------------
[INFO] Building Apache Hadoop Ozone CSI service 0.4.1-SNAPSHOT          [16/29]
[INFO] --------------------------------[ jar ]---------------------------------
[INFO] Downloading from repository.jboss.org: http://repository.jboss.org/nexus/content/groups/public/io/grpc/grpc-core/maven-metadata.xml
[INFO] Downloading from apache.snapshots.https: https://repository.apache.org/content/repositories/snapshots/io/grpc/grpc-core/maven-metadata.xml
[INFO] Downloading from central: https://repo.maven.apache.org/maven2/io/grpc/grpc-core/maven-metadata.xml
[INFO] Downloaded from central: https://repo.maven.apache.org/maven2/io/grpc/grpc-core/maven-metadata.xml (2.0 kB at 82 kB/s)
[INFO] Downloading from apache.snapshots.https: https://repository.apache.org/content/repositories/snapshots/io/netty/netty-codec-http2/maven-metadata.xml
[INFO] Downloading from central: https://repo.maven.apache.org/maven2/io/netty/netty-codec-http2/maven-metadata.xml
[INFO] Downloading from repository.jboss.org: http://repository.jboss.org/nexus/content/groups/public/io/netty/netty-codec-http2/maven-metadata.xml
[INFO] Downloaded from central: https://repo.maven.apache.org/maven2/io/netty/netty-codec-http2/maven-metadata.xml (2.3 kB at 90 kB/s)
[INFO] 
[INFO] ------------< org.apache.hadoop:hadoop-ozone-reconcodegen >-------------
[INFO] Building Apache Hadoop Ozone Recon CodeGen 0.4.1-SNAPSHOT        [17/29]
[INFO] --------------------------------[ jar ]---------------------------------
[INFO] 
[INFO] ----------------< org.apache.hadoop:hadoop-ozone-recon >----------------
[INFO] Building Apache Hadoop Ozone Recon 0.4.1-SNAPSHOT                [18/29]
[INFO] --------------------------------[ jar ]---------------------------------
[INFO] Downloading from apache.snapshots.https: https://repository.apache.org/content/repositories/snapshots/org/apache/hadoop/hadoop-ozone-reconcodegen/0.4.1-SNAPSHOT/maven-metadata.xml
[INFO] Downloading from apache.snapshots.https: https://repository.apache.org/content/repositories/snapshots/org/apache/hadoop/hadoop-ozone-ozone-manager/0.4.1-SNAPSHOT/maven-metadata.xml
[INFO] Downloading from apache.snapshots.https: https://repository.apache.org/content/repositories/snapshots/org/apache/hadoop/hadoop-ozone-reconcodegen/0.4.1-SNAPSHOT/hadoop-ozone-reconcodegen-0.4.1-SNAPSHOT.jar
[INFO] Downloading from apache.snapshots.https: https://repository.apache.org/content/repositories/snapshots/org/apache/hadoop/hadoop-ozone-ozone-manager/0.4.1-SNAPSHOT/hadoop-ozone-ozone-manager-0.4.1-SNAPSHOT.jar
[INFO] 
[INFO] ----------< org.apache.hadoop:hadoop-ozone-integration-test >-----------
[INFO] Building Apache Hadoop Ozone Integration Tests 0.4.1-SNAPSHOT    [19/29]
[INFO] --------------------------------[ jar ]---------------------------------
[INFO] Downloading from apache.snapshots.https: https://repository.apache.org/content/repositories/snapshots/org/apache/hadoop/hadoop-ozone-objectstore-service/0.4.1-SNAPSHOT/maven-metadata.xml
[INFO] Downloading from apache.snapshots.https: https://repository.apache.org/content/repositories/snapshots/org/apache/hadoop/hadoop-ozone-s3gateway/0.4.1-SNAPSHOT/maven-metadata.xml
[INFO] Downloading from apache.snapshots.https: https://repository.apache.org/content/repositories/snapshots/org/apache/hadoop/hadoop-ozone-csi/0.4.1-SNAPSHOT/maven-metadata.xml
[INFO] Downloading from apache.snapshots.https: https://repository.apache.org/content/repositories/snapshots/org/apache/hadoop/hadoop-ozone-recon/0.4.1-SNAPSHOT/maven-metadata.xml
[INFO] Downloading from apache.snapshots.https: https://repository.apache.org/content/repositories/snapshots/org/apache/hadoop/hadoop-hdds-server-scm/0.4.1-SNAPSHOT/hadoop-hdds-server-scm-0.4.1-SNAPSHOT.jar
[INFO] Downloading from apache.snapshots.https: https://repository.apache.org/content/repositories/snapshots/org/apache/hadoop/hadoop-ozone-csi/0.4.1-SNAPSHOT/hadoop-ozone-csi-0.4.1-SNAPSHOT.jar
[INFO] Downloading from apache.snapshots.https: https://repository.apache.org/content/repositories/snapshots/org/apache/hadoop/hadoop-ozone-s3gateway/0.4.1-SNAPSHOT/hadoop-ozone-s3gateway-0.4.1-SNAPSHOT.jar
[INFO] Downloading from apache.snapshots.https: https://repository.apache.org/content/repositories/snapshots/org/apache/hadoop/hadoop-ozone-objectstore-service/0.4.1-SNAPSHOT/hadoop-ozone-objectstore-service-0.4.1-SNAPSHOT.jar
[INFO] Downloading from apache.snapshots.https: https://repository.apache.org/content/repositories/snapshots/org/apache/hadoop/hadoop-ozone-recon/0.4.1-SNAPSHOT/hadoop-ozone-recon-0.4.1-SNAPSHOT.jar
[INFO] Downloading from apache.snapshots.https: https://repository.apache.org/content/repositories/snapshots/org/apache/hadoop/hadoop-ozone-ozone-manager/0.4.1-SNAPSHOT/hadoop-ozone-ozone-manager-0.4.1-SNAPSHOT-tests.jar
[INFO] 
[INFO] -------------< org.apache.hadoop:hadoop-ozone-filesystem >--------------
[INFO] Building Apache Hadoop Ozone FileSystem 0.4.1-SNAPSHOT           [20/29]
[INFO] --------------------------------[ jar ]---------------------------------
[INFO] Downloading from apache.snapshots.https: https://repository.apache.org/content/repositories/snapshots/org/apache/hadoop/hadoop-ozone-integration-test/0.4.1-SNAPSHOT/maven-metadata.xml
[INFO] Downloading from apache.snapshots.https: https://repository.apache.org/content/repositories/snapshots/org/apache/hadoop/hadoop-ozone-integration-test/0.4.1-SNAPSHOT/hadoop-ozone-integration-test-0.4.1-SNAPSHOT-tests.jar
[INFO] 
[INFO] -------< org.apache.hadoop:hadoop-ozone-filesystem-lib-current >--------
[INFO] Building Apache Hadoop Ozone FileSystem Single Jar Library 0.4.1-SNAPSHOT [21/29]
[INFO] --------------------------------[ jar ]---------------------------------
[INFO] Downloading from apache.snapshots.https: https://repository.apache.org/content/repositories/snapshots/org/apache/hadoop/hadoop-ozone-filesystem/0.4.1-SNAPSHOT/maven-metadata.xml
[INFO] Downloading from apache.snapshots.https: https://repository.apache.org/content/repositories/snapshots/org/apache/hadoop/hadoop-ozone-filesystem/0.4.1-SNAPSHOT/hadoop-ozone-filesystem-0.4.1-SNAPSHOT.jar
[INFO] 
[INFO] --------< org.apache.hadoop:hadoop-ozone-filesystem-lib-legacy >--------
[INFO] Building Apache Hadoop Ozone FileSystem Legacy Jar Library 0.4.1-SNAPSHOT [22/29]
[INFO] --------------------------------[ jar ]---------------------------------
[INFO] 
[INFO] ----------------< org.apache.hadoop:hadoop-ozone-tools >----------------
[INFO] Building Apache Hadoop Ozone Tools 0.4.1-SNAPSHOT                [23/29]
[INFO] --------------------------------[ jar ]---------------------------------
[INFO] 
[INFO] --------------< org.apache.hadoop:hadoop-ozone-datanode >---------------
[INFO] Building Apache Hadoop Ozone Datanode 0.4.1-SNAPSHOT             [24/29]
[INFO] --------------------------------[ jar ]---------------------------------
[INFO] 
[INFO] ---------------< org.apache.hadoop:hadoop-ozone-upgrade >---------------
[INFO] Building Apache Hadoop Ozone In-Place Upgrade 0.4.1-SNAPSHOT     [25/29]
[INFO] --------------------------------[ jar ]---------------------------------
[INFO] 
[INFO] ----------------< org.apache.hadoop:hadoop-ozone-dist >-----------------
[INFO] Building Apache Hadoop Ozone Distribution 0.4.1-SNAPSHOT         [26/29]
[INFO] --------------------------------[ pom ]---------------------------------
[INFO] Downloading from apache.snapshots.https: https://repository.apache.org/content/repositories/snapshots/org/apache/hadoop/hadoop-ozone-tools/0.4.1-SNAPSHOT/maven-metadata.xml
[INFO] Downloading from apache.snapshots.https: https://repository.apache.org/content/repositories/snapshots/org/apache/hadoop/hadoop-ozone-filesystem-lib-current/0.4.1-SNAPSHOT/maven-metadata.xml
[INFO] Downloading from apache.snapshots.https: https://repository.apache.org/content/repositories/snapshots/org/apache/hadoop/hadoop-ozone-filesystem-lib-legacy/0.4.1-SNAPSHOT/maven-metadata.xml
[INFO] Downloading from apache.snapshots.https: https://repository.apache.org/content/repositories/snapshots/org/apache/hadoop/hadoop-ozone-datanode/0.4.1-SNAPSHOT/maven-metadata.xml
[INFO] Downloading from apache.snapshots.https: https://repository.apache.org/content/repositories/snapshots/org/apache/hadoop/hadoop-ozone-upgrade/0.4.1-SNAPSHOT/maven-metadata.xml
[INFO] Downloading from apache.snapshots.https: https://repository.apache.org/content/repositories/snapshots/org/apache/hadoop/hadoop-ozone-tools/0.4.1-SNAPSHOT/hadoop-ozone-tools-0.4.1-SNAPSHOT.jar
[INFO] Downloading from apache.snapshots.https: https://repository.apache.org/content/repositories/snapshots/org/apache/hadoop/hadoop-ozone-upgrade/0.4.1-SNAPSHOT/hadoop-ozone-upgrade-0.4.1-SNAPSHOT.jar
[INFO] Downloading from apache.snapshots.https: https://repository.apache.org/content/repositories/snapshots/org/apache/hadoop/hadoop-ozone-datanode/0.4.1-SNAPSHOT/hadoop-ozone-datanode-0.4.1-SNAPSHOT.jar
[INFO] Downloading from apache.snapshots.https: https://repository.apache.org/content/repositories/snapshots/org/apache/hadoop/hadoop-ozone-filesystem-lib-legacy/0.4.1-SNAPSHOT/hadoop-ozone-filesystem-lib-legacy-0.4.1-SNAPSHOT.jar
[INFO] Downloading from apache.snapshots.https: https://repository.apache.org/content/repositories/snapshots/org/apache/hadoop/hadoop-ozone-filesystem-lib-current/0.4.1-SNAPSHOT/hadoop-ozone-filesystem-lib-current-0.4.1-SNAPSHOT.jar
[INFO] 
[INFO] --------< org.apache.hadoop:hadoop-ozone-fault-injection-test >---------
[INFO] Building Apache Hadoop Ozone Fault Injection Tests 0.4.1-SNAPSHOT [27/29]
[INFO] --------------------------------[ pom ]---------------------------------
[INFO] 
[INFO] --- maven-checkstyle-plugin:3.0.0:check (default-cli) @ hadoop-ozone-fault-injection-test ---
[INFO] 
[INFO] ------------< org.apache.hadoop:hadoop-ozone-network-tests >------------
[INFO] Building Apache Hadoop Ozone Network Tests 0.4.1-SNAPSHOT        [28/29]
[INFO] --------------------------------[ jar ]---------------------------------
[INFO] 
[INFO] --- maven-checkstyle-plugin:3.0.0:check (default-cli) @ hadoop-ozone-network-tests ---
[INFO] 
[INFO] ----------------< org.apache.hadoop:hadoop-main-ozone >-----------------
[INFO] Building Apache Hadoop Ozone Main 0.4.1-SNAPSHOT                 [29/29]
[INFO] --------------------------------[ pom ]---------------------------------
[INFO] Downloading from central: https://repo.maven.apache.org/maven2/org/apache/maven/plugins/maven-install-plugin/2.4/maven-install-plugin-2.4.pom
[INFO] Downloaded from central: https://repo.maven.apache.org/maven2/org/apache/maven/plugins/maven-install-plugin/2.4/maven-install-plugin-2.4.pom (6.4 kB at 255 kB/s)
[INFO] Downloading from central: https://repo.maven.apache.org/maven2/org/apache/maven/plugins/maven-install-plugin/2.4/maven-install-plugin-2.4.jar
[INFO] Downloaded from central: https://repo.maven.apache.org/maven2/org/apache/maven/plugins/maven-install-plugin/2.4/maven-install-plugin-2.4.jar (27 kB at 1.1 MB/s)
[INFO] Downloading from central: https://repo.maven.apache.org/maven2/org/apache/maven/plugins/maven-deploy-plugin/2.7/maven-deploy-plugin-2.7.pom
[INFO] Downloaded from central: https://repo.maven.apache.org/maven2/org/apache/maven/plugins/maven-deploy-plugin/2.7/maven-deploy-plugin-2.7.pom (5.6 kB at 255 kB/s)
[INFO] Downloading from central: https://repo.maven.apache.org/maven2/org/apache/maven/plugins/maven-deploy-plugin/2.7/maven-deploy-plugin-2.7.jar
[INFO] Downloaded from central: https://repo.maven.apache.org/maven2/org/apache/maven/plugins/maven-deploy-plugin/2.7/maven-deploy-plugin-2.7.jar (27 kB at 1.1 MB/s)
[INFO] Downloading from central: https://repo.maven.apache.org/maven2/org/apache/maven/plugins/maven-site-plugin/3.3/maven-site-plugin-3.3.pom
[INFO] Downloaded from central: https://repo.maven.apache.org/maven2/org/apache/maven/plugins/maven-site-plugin/3.3/maven-site-plugin-3.3.pom (21 kB at 563 kB/s)
[INFO] Downloading from central: https://repo.maven.apache.org/maven2/org/apache/maven/plugins/maven-site-plugin/3.3/maven-site-plugin-3.3.jar
[INFO] Downloaded from central: https://repo.maven.apache.org/maven2/org/apache/maven/plugins/maven-site-plugin/3.3/maven-site-plugin-3.3.jar (124 kB at 4.4 MB/s)
[INFO] Downloading from central: https://repo.maven.apache.org/maven2/org/apache/maven/plugins/maven-antrun-plugin/1.3/maven-antrun-plugin-1.3.pom
[INFO] Downloaded from central: https://repo.maven.apache.org/maven2/org/apache/maven/plugins/maven-antrun-plugin/1.3/maven-antrun-plugin-1.3.pom (4.7 kB at 158 kB/s)
[INFO] Downloading from central: https://repo.maven.apache.org/maven2/org/apache/maven/plugins/maven-plugins/12/maven-plugins-12.pom
[INFO] Downloaded from central: https://repo.maven.apache.org/maven2/org/apache/maven/plugins/maven-plugins/12/maven-plugins-12.pom (12 kB at 511 kB/s)
[INFO] Downloading from central: https://repo.maven.apache.org/maven2/org/apache/maven/plugins/maven-antrun-plugin/1.3/maven-antrun-plugin-1.3.jar
[INFO] Downloaded from central: https://repo.maven.apache.org/maven2/org/apache/maven/plugins/maven-antrun-plugin/1.3/maven-antrun-plugin-1.3.jar (24 kB at 943 kB/s)
[INFO] Downloading from central: https://repo.maven.apache.org/maven2/org/apache/maven/plugins/maven-assembly-plugin/2.2-beta-5/maven-assembly-plugin-2.2-beta-5.pom
[INFO] Downloaded from central: https://repo.maven.apache.org/maven2/org/apache/maven/plugins/maven-assembly-plugin/2.2-beta-5/maven-assembly-plugin-2.2-beta-5.pom (15 kB at 632 kB/s)
[INFO] Downloading from central: https://repo.maven.apache.org/maven2/org/apache/maven/plugins/maven-plugins/16/maven-plugins-16.pom
[INFO] Downloaded from central: https://repo.maven.apache.org/maven2/org/apache/maven/plugins/maven-plugins/16/maven-plugins-16.pom (13 kB at 540 kB/s)
[INFO] Downloading from central: https://repo.maven.apache.org/maven2/org/apache/maven/plugins/maven-assembly-plugin/2.2-beta-5/maven-assembly-plugin-2.2-beta-5.jar
[INFO] Downloaded from central: https://repo.maven.apache.org/maven2/org/apache/maven/plugins/maven-assembly-plugin/2.2-beta-5/maven-assembly-plugin-2.2-beta-5.jar (209 kB at 6.1 MB/s)
[INFO] Downloading from central: https://repo.maven.apache.org/maven2/org/apache/maven/plugins/maven-dependency-plugin/2.8/maven-dependency-plugin-2.8.pom
[INFO] Downloaded from central: https://repo.maven.apache.org/maven2/org/apache/maven/plugins/maven-dependency-plugin/2.8/maven-dependency-plugin-2.8.pom (11 kB at 477 kB/s)
[INFO] Downloading from central: https://repo.maven.apache.org/maven2/org/apache/maven/plugins/maven-dependency-plugin/2.8/maven-dependency-plugin-2.8.jar
[INFO] Downloaded from central: https://repo.maven.apache.org/maven2/org/apache/maven/plugins/maven-dependency-plugin/2.8/maven-dependency-plugin-2.8.jar (153 kB at 5.3 MB/s)
[INFO] Downloading from central: https://repo.maven.apache.org/maven2/org/apache/maven/plugins/maven-release-plugin/2.5.3/maven-release-plugin-2.5.3.pom
[INFO] Downloaded from central: https://repo.maven.apache.org/maven2/org/apache/maven/plugins/maven-release-plugin/2.5.3/maven-release-plugin-2.5.3.pom (11 kB at 504 kB/s)
[INFO] Downloading from central: https://repo.maven.apache.org/maven2/org/apache/maven/release/maven-release/2.5.3/maven-release-2.5.3.pom
[INFO] Downloaded from central: https://repo.maven.apache.org/maven2/org/apache/maven/release/maven-release/2.5.3/maven-release-2.5.3.pom (5.0 kB at 228 kB/s)
[INFO] Downloading from central: https://repo.maven.apache.org/maven2/org/apache/maven/plugins/maven-release-plugin/2.5.3/maven-release-plugin-2.5.3.jar
[INFO] Downloaded from central: https://repo.maven.apache.org/maven2/org/apache/maven/plugins/maven-release-plugin/2.5.3/maven-release-plugin-2.5.3.jar (53 kB at 2.1 MB/s)
[INFO] Downloading from central: https://repo.maven.apache.org/maven2/org/apache/maven/plugins/maven-metadata.xml
[INFO] Downloading from central: https://repo.maven.apache.org/maven2/org/codehaus/mojo/maven-metadata.xml
[INFO] Downloaded from central: https://repo.maven.apache.org/maven2/org/apache/maven/plugins/maven-metadata.xml (14 kB at 619 kB/s)
[INFO] Downloaded from central: https://repo.maven.apache.org/maven2/org/codehaus/mojo/maven-metadata.xml (20 kB at 787 kB/s)
[INFO] 
[INFO] --- maven-checkstyle-plugin:3.1.0:check (default-cli) @ hadoop-main-ozone ---
[INFO] Downloading from central: https://repo.maven.apache.org/maven2/com/puppycrawl/tools/checkstyle/8.19/checkstyle-8.19.pom
[INFO] Downloaded from central: https://repo.maven.apache.org/maven2/com/puppycrawl/tools/checkstyle/8.19/checkstyle-8.19.pom (126 kB at 4.3 MB/s)
[INFO] Downloading from central: https://repo.maven.apache.org/maven2/info/picocli/picocli/3.9.5/picocli-3.9.5.pom
[INFO] Downloaded from central: https://repo.maven.apache.org/maven2/info/picocli/picocli/3.9.5/picocli-3.9.5.pom (1.4 kB at 63 kB/s)
[INFO] Downloading from central: https://repo.maven.apache.org/maven2/org/antlr/antlr4-runtime/4.7.2/antlr4-runtime-4.7.2.pom
[INFO] Downloaded from central: https://repo.maven.apache.org/maven2/org/antlr/antlr4-runtime/4.7.2/antlr4-runtime-4.7.2.pom (3.6 kB at 157 kB/s)
[INFO] Downloading from central: https://repo.maven.apache.org/maven2/org/antlr/antlr4-master/4.7.2/antlr4-master-4.7.2.pom
[INFO] Downloaded from central: https://repo.maven.apache.org/maven2/org/antlr/antlr4-master/4.7.2/antlr4-master-4.7.2.pom (4.4 kB at 191 kB/s)
[INFO] Downloading from central: https://repo.maven.apache.org/maven2/com/google/guava/guava/27.1-jre/guava-27.1-jre.pom
[INFO] Downloaded from central: https://repo.maven.apache.org/maven2/com/google/guava/guava/27.1-jre/guava-27.1-jre.pom (8.4 kB at 366 kB/s)
[INFO] Downloading from central: https://repo.maven.apache.org/maven2/com/google/guava/guava-parent/27.1-jre/guava-parent-27.1-jre.pom
[INFO] Downloaded from central: https://repo.maven.apache.org/maven2/com/google/guava/guava-parent/27.1-jre/guava-parent-27.1-jre.pom (10 kB at 455 kB/s)
[INFO] Downloading from central: https://repo.maven.apache.org/maven2/com/google/guava/failureaccess/1.0.1/failureaccess-1.0.1.pom
[INFO] Downloaded from central: https://repo.maven.apache.org/maven2/com/google/guava/failureaccess/1.0.1/failureaccess-1.0.1.pom (2.4 kB at 105 kB/s)
[INFO] Downloading from central: https://repo.maven.apache.org/maven2/com/google/guava/listenablefuture/9999.0-empty-to-avoid-conflict-with-guava/listenablefuture-9999.0-empty-to-avoid-conflict-with-guava.pom
[INFO] Downloaded from central: https://repo.maven.apache.org/maven2/com/google/guava/listenablefuture/9999.0-empty-to-avoid-conflict-with-guava/listenablefuture-9999.0-empty-to-avoid-conflict-with-guava.pom (2.3 kB at 104 kB/s)
[INFO] Downloading from central: https://repo.maven.apache.org/maven2/com/google/code/findbugs/jsr305/3.0.2/jsr305-3.0.2.pom
[INFO] Downloaded from central: https://repo.maven.apache.org/maven2/com/google/code/findbugs/jsr305/3.0.2/jsr305-3.0.2.pom (4.3 kB at 195 kB/s)
[INFO] Downloading from central: https://repo.maven.apache.org/maven2/org/checkerframework/checker-qual/2.5.2/checker-qual-2.5.2.pom
[INFO] Downloaded from central: https://repo.maven.apache.org/maven2/org/checkerframework/checker-qual/2.5.2/checker-qual-2.5.2.pom (2.5 kB at 108 kB/s)
[INFO] Downloading from central: https://repo.maven.apache.org/maven2/net/sf/saxon/Saxon-HE/9.9.1-2/Saxon-HE-9.9.1-2.pom
[INFO] Downloaded from central: https://repo.maven.apache.org/maven2/net/sf/saxon/Saxon-HE/9.9.1-2/Saxon-HE-9.9.1-2.pom (3.9 kB at 163 kB/s)
[INFO] Downloading from central: https://repo.maven.apache.org/maven2/com/ibm/icu/icu4j/63.1/icu4j-63.1.pom
[INFO] Downloaded from central: https://repo.maven.apache.org/maven2/com/ibm/icu/icu4j/63.1/icu4j-63.1.pom (4.9 kB at 224 kB/s)
[INFO] Downloading from central: https://repo.maven.apache.org/maven2/com/puppycrawl/tools/checkstyle/8.19/checkstyle-8.19.jar
[INFO] Downloading from central: https://repo.maven.apache.org/maven2/com/google/guava/failureaccess/1.0.1/failureaccess-1.0.1.jar
[INFO] Downloading from central: https://repo.maven.apache.org/maven2/com/google/guava/guava/27.1-jre/guava-27.1-jre.jar
[INFO] Downloading from central: https://repo.maven.apache.org/maven2/org/antlr/antlr4-runtime/4.7.2/antlr4-runtime-4.7.2.jar
[INFO] Downloading from central: https://repo.maven.apache.org/maven2/info/picocli/picocli/3.9.5/picocli-3.9.5.jar
[INFO] Downloaded from central: https://repo.maven.apache.org/maven2/com/google/guava/failureaccess/1.0.1/failureaccess-1.0.1.jar (4.6 kB at 165 kB/s)
[INFO] Downloading from central: https://repo.maven.apache.org/maven2/com/google/guava/listenablefuture/9999.0-empty-to-avoid-conflict-with-guava/listenablefuture-9999.0-empty-to-avoid-conflict-with-guava.jar
[INFO] Downloaded from central: https://repo.maven.apache.org/maven2/org/antlr/antlr4-runtime/4.7.2/antlr4-runtime-4.7.2.jar (338 kB at 7.3 MB/s)
[INFO] Downloading from central: https://repo.maven.apache.org/maven2/org/checkerframework/checker-qual/2.5.2/checker-qual-2.5.2.jar
[INFO] Downloaded from central: https://repo.maven.apache.org/maven2/com/google/guava/listenablefuture/9999.0-empty-to-avoid-conflict-with-guava/listenablefuture-9999.0-empty-to-avoid-conflict-with-guava.jar (2.2 kB at 45 kB/s)
[INFO] Downloading from central: https://repo.maven.apache.org/maven2/net/sf/saxon/Saxon-HE/9.9.1-2/Saxon-HE-9.9.1-2.jar
[INFO] Downloaded from central: https://repo.maven.apache.org/maven2/info/picocli/picocli/3.9.5/picocli-3.9.5.jar (263 kB at 4.7 MB/s)
[INFO] Downloading from central: https://repo.maven.apache.org/maven2/com/ibm/icu/icu4j/63.1/icu4j-63.1.jar
[INFO] Downloaded from central: https://repo.maven.apache.org/maven2/org/checkerframework/checker-qual/2.5.2/checker-qual-2.5.2.jar (193 kB at 2.6 MB/s)
[INFO] Downloaded from central: https://repo.maven.apache.org/maven2/com/puppycrawl/tools/checkstyle/8.19/checkstyle-8.19.jar (1.3 MB at 14 MB/s)
[INFO] Downloaded from central: https://repo.maven.apache.org/maven2/com/google/guava/guava/27.1-jre/guava-27.1-jre.jar (2.7 MB at 17 MB/s)
[INFO] Downloaded from central: https://repo.maven.apache.org/maven2/net/sf/saxon/Saxon-HE/9.9.1-2/Saxon-HE-9.9.1-2.jar (5.5 MB at 19 MB/s)
[INFO] Downloaded from central: https://repo.maven.apache.org/maven2/com/ibm/icu/icu4j/63.1/icu4j-63.1.jar (13 MB at 21 MB/s)
[INFO] ------------------------------------------------------------------------
[INFO] Reactor Summary:
[INFO] 
[INFO] Apache Hadoop HDDS ................................. SUCCESS [  6.075 s]
[INFO] Apache Hadoop HDDS Config .......................... SUCCESS [  0.487 s]
[INFO] Apache Hadoop HDDS Common .......................... FAILURE [ 14.300 s]
[INFO] Apache Hadoop HDDS Server Framework ................ FAILURE [  0.726 s]
[INFO] Apache Hadoop HDDS Container Service ............... FAILURE [  0.751 s]
[INFO] Apache Hadoop HDDS Client .......................... FAILURE [  0.039 s]
[INFO] Apache Hadoop HDDS Tools ........................... FAILURE [  0.695 s]
[INFO] Apache Hadoop Ozone ................................ SUCCESS [  0.873 s]
[INFO] Apache Hadoop Ozone Common ......................... FAILURE [  1.090 s]
[INFO] Apache Hadoop Ozone Client ......................... FAILURE [  0.920 s]
[INFO] Apache Hadoop HDDS/Ozone Documentation ............. SUCCESS [  0.190 s]
[INFO] Apache Hadoop HDDS SCM Server ...................... FAILURE [  0.709 s]
[INFO] Apache Hadoop Ozone Manager Server ................. FAILURE [  2.916 s]
[INFO] Apache Hadoop Ozone Object Store REST Service ...... FAILURE [  0.081 s]
[INFO] Apache Hadoop Ozone S3 Gateway ..................... FAILURE [  0.345 s]
[INFO] Apache Hadoop Ozone CSI service .................... FAILURE [  2.284 s]
[INFO] Apache Hadoop Ozone Recon CodeGen .................. FAILURE [  0.094 s]
[INFO] Apache Hadoop Ozone Recon .......................... FAILURE [  1.231 s]
[INFO] Apache Hadoop Ozone Integration Tests .............. FAILURE [  2.076 s]
[INFO] Apache Hadoop Ozone FileSystem ..................... FAILURE [  0.972 s]
[INFO] Apache Hadoop Ozone FileSystem Single Jar Library .. FAILURE [  0.680 s]
[INFO] Apache Hadoop Ozone FileSystem Legacy Jar Library .. FAILURE [  0.033 s]
[INFO] Apache Hadoop Ozone Tools .......................... FAILURE [  0.047 s]
[INFO] Apache Hadoop Ozone Datanode ....................... FAILURE [  0.025 s]
[INFO] Apache Hadoop Ozone In-Place Upgrade ............... FAILURE [  0.018 s]
[INFO] Apache Hadoop Ozone Distribution ................... FAILURE [  2.055 s]
[INFO] Apache Hadoop Ozone Fault Injection Tests .......... SUCCESS [  0.081 s]
[INFO] Apache Hadoop Ozone Network Tests .................. SUCCESS [  0.075 s]
[INFO] Apache Hadoop Ozone Main 0.4.1-SNAPSHOT ............ SUCCESS [  2.236 s]
[INFO] ------------------------------------------------------------------------
[INFO] BUILD FAILURE
[INFO] ------------------------------------------------------------------------
[INFO] Total time: 46.348 s
[INFO] Finished at: 2019-07-29T12:22:28Z
[INFO] ------------------------------------------------------------------------
[ERROR] Failed to execute goal on project hadoop-hdds-common: Could not resolve dependencies for project org.apache.hadoop:hadoop-hdds-common:jar:0.4.1-SNAPSHOT: Could not find artifact org.apache.hadoop:hadoop-hdds-config:jar:0.4.1-SNAPSHOT in apache.snapshots.https (https://repository.apache.org/content/repositories/snapshots) -> [Help 1]
[ERROR] Failed to execute goal on project hadoop-hdds-server-framework: Could not resolve dependencies for project org.apache.hadoop:hadoop-hdds-server-framework:jar:0.4.1-SNAPSHOT: The following artifacts could not be resolved: org.apache.hadoop:hadoop-hdds-common:jar:0.4.1-SNAPSHOT, org.apache.hadoop:hadoop-hdds-config:jar:0.4.1-SNAPSHOT: Could not find artifact org.apache.hadoop:hadoop-hdds-common:jar:0.4.1-SNAPSHOT in apache.snapshots.https (https://repository.apache.org/content/repositories/snapshots) -> [Help 1]
[ERROR] Failed to execute goal on project hadoop-hdds-container-service: Could not resolve dependencies for project org.apache.hadoop:hadoop-hdds-container-service:jar:0.4.1-SNAPSHOT: The following artifacts could not be resolved: org.apache.hadoop:hadoop-hdds-common:jar:0.4.1-SNAPSHOT, org.apache.hadoop:hadoop-hdds-config:jar:0.4.1-SNAPSHOT, org.apache.hadoop:hadoop-hdds-server-framework:jar:0.4.1-SNAPSHOT: Failure to find org.apache.hadoop:hadoop-hdds-common:jar:0.4.1-SNAPSHOT in https://repository.apache.org/content/repositories/snapshots was cached in the local repository, resolution will not be reattempted until the update interval of apache.snapshots.https has elapsed or updates are forced -> [Help 1]
[ERROR] Failed to execute goal on project hadoop-hdds-client: Could not resolve dependencies for project org.apache.hadoop:hadoop-hdds-client:jar:0.4.1-SNAPSHOT: The following artifacts could not be resolved: org.apache.hadoop:hadoop-hdds-common:jar:0.4.1-SNAPSHOT, org.apache.hadoop:hadoop-hdds-config:jar:0.4.1-SNAPSHOT: Failure to find org.apache.hadoop:hadoop-hdds-common:jar:0.4.1-SNAPSHOT in https://repository.apache.org/content/repositories/snapshots was cached in the local repository, resolution will not be reattempted until the update interval of apache.snapshots.https has elapsed or updates are forced -> [Help 1]
[ERROR] Failed to execute goal on project hadoop-hdds-tools: Could not resolve dependencies for project org.apache.hadoop:hadoop-hdds-tools:jar:0.4.1-SNAPSHOT: The following artifacts could not be resolved: org.apache.hadoop:hadoop-hdds-common:jar:0.4.1-SNAPSHOT, org.apache.hadoop:hadoop-hdds-config:jar:0.4.1-SNAPSHOT, org.apache.hadoop:hadoop-hdds-client:jar:0.4.1-SNAPSHOT: Failure to find org.apache.hadoop:hadoop-hdds-common:jar:0.4.1-SNAPSHOT in https://repository.apache.org/content/repositories/snapshots was cached in the local repository, resolution will not be reattempted until the update interval of apache.snapshots.https has elapsed or updates are forced -> [Help 1]
[ERROR] Failed to execute goal on project hadoop-ozone-common: Could not resolve dependencies for project org.apache.hadoop:hadoop-ozone-common:jar:0.4.1-SNAPSHOT: The following artifacts could not be resolved: org.apache.hadoop:hadoop-hdds-common:jar:0.4.1-SNAPSHOT, org.apache.hadoop:hadoop-hdds-config:jar:0.4.1-SNAPSHOT, org.apache.hadoop:hadoop-hdds-server-framework:jar:0.4.1-SNAPSHOT, org.apache.hadoop:hadoop-hdds-container-service:jar:0.4.1-SNAPSHOT, org.apache.hadoop:hadoop-hdds-client:jar:0.4.1-SNAPSHOT, org.apache.hadoop:hadoop-hdds-tools:jar:0.4.1-SNAPSHOT: Failure to find org.apache.hadoop:hadoop-hdds-common:jar:0.4.1-SNAPSHOT in https://repository.apache.org/content/repositories/snapshots was cached in the local repository, resolution will not be reattempted until the update interval of apache.snapshots.https has elapsed or updates are forced -> [Help 1]
[ERROR] Failed to execute goal on project hadoop-ozone-client: Could not resolve dependencies for project org.apache.hadoop:hadoop-ozone-client:jar:0.4.1-SNAPSHOT: The following artifacts could not be resolved: org.apache.hadoop:hadoop-ozone-common:jar:0.4.1-SNAPSHOT, org.apache.hadoop:hadoop-hdds-common:jar:0.4.1-SNAPSHOT, org.apache.hadoop:hadoop-hdds-config:jar:0.4.1-SNAPSHOT, org.apache.hadoop:hadoop-hdds-server-framework:jar:0.4.1-SNAPSHOT, org.apache.hadoop:hadoop-hdds-container-service:jar:0.4.1-SNAPSHOT, org.apache.hadoop:hadoop-hdds-client:jar:0.4.1-SNAPSHOT, org.apache.hadoop:hadoop-hdds-tools:jar:0.4.1-SNAPSHOT: Could not find artifact org.apache.hadoop:hadoop-ozone-common:jar:0.4.1-SNAPSHOT in apache.snapshots.https (https://repository.apache.org/content/repositories/snapshots) -> [Help 1]
[ERROR] Failed to execute goal on project hadoop-hdds-server-scm: Could not resolve dependencies for project org.apache.hadoop:hadoop-hdds-server-scm:jar:0.4.1-SNAPSHOT: The following artifacts could not be resolved: org.apache.hadoop:hadoop-hdds-common:jar:0.4.1-SNAPSHOT, org.apache.hadoop:hadoop-hdds-config:jar:0.4.1-SNAPSHOT, org.apache.hadoop:hadoop-hdds-container-service:jar:0.4.1-SNAPSHOT, org.apache.hadoop:hadoop-hdds-client:jar:0.4.1-SNAPSHOT, org.apache.hadoop:hadoop-hdds-server-framework:jar:0.4.1-SNAPSHOT, org.apache.hadoop:hadoop-hdds-docs:jar:0.4.1-SNAPSHOT, org.apache.hadoop:hadoop-hdds-container-service:jar:tests:0.4.1-SNAPSHOT: Failure to find org.apache.hadoop:hadoop-hdds-common:jar:0.4.1-SNAPSHOT in https://repository.apache.org/content/repositories/snapshots was cached in the local repository, resolution will not be reattempted until the update interval of apache.snapshots.https has elapsed or updates are forced -> [Help 1]
[ERROR] Failed to execute goal on project hadoop-ozone-ozone-manager: Could not resolve dependencies for project org.apache.hadoop:hadoop-ozone-ozone-manager:jar:0.4.1-SNAPSHOT: The following artifacts could not be resolved: org.apache.hadoop:hadoop-ozone-common:jar:0.4.1-SNAPSHOT, org.apache.hadoop:hadoop-hdds-common:jar:0.4.1-SNAPSHOT, org.apache.hadoop:hadoop-hdds-config:jar:0.4.1-SNAPSHOT, org.apache.hadoop:hadoop-hdds-server-framework:jar:0.4.1-SNAPSHOT, org.apache.hadoop:hadoop-hdds-container-service:jar:0.4.1-SNAPSHOT, org.apache.hadoop:hadoop-hdds-client:jar:0.4.1-SNAPSHOT, org.apache.hadoop:hadoop-hdds-tools:jar:0.4.1-SNAPSHOT, org.apache.hadoop:hadoop-ozone-client:jar:0.4.1-SNAPSHOT, org.apache.hadoop:hadoop-hdds-docs:jar:0.4.1-SNAPSHOT, org.apache.hadoop:hadoop-hdds-server-scm:jar:tests:0.4.1-SNAPSHOT: Failure to find org.apache.hadoop:hadoop-ozone-common:jar:0.4.1-SNAPSHOT in https://repository.apache.org/content/repositories/snapshots was cached in the local repository, resolution will not be reattempted until the update interval of apache.snapshots.https has elapsed or updates are forced -> [Help 1]
[ERROR] Failed to execute goal on project hadoop-ozone-objectstore-service: Could not resolve dependencies for project org.apache.hadoop:hadoop-ozone-objectstore-service:jar:0.4.1-SNAPSHOT: The following artifacts could not be resolved: org.apache.hadoop:hadoop-ozone-common:jar:0.4.1-SNAPSHOT, org.apache.hadoop:hadoop-hdds-common:jar:0.4.1-SNAPSHOT, org.apache.hadoop:hadoop-hdds-config:jar:0.4.1-SNAPSHOT, org.apache.hadoop:hadoop-hdds-server-framework:jar:0.4.1-SNAPSHOT, org.apache.hadoop:hadoop-hdds-container-service:jar:0.4.1-SNAPSHOT, org.apache.hadoop:hadoop-hdds-client:jar:0.4.1-SNAPSHOT, org.apache.hadoop:hadoop-hdds-tools:jar:0.4.1-SNAPSHOT, org.apache.hadoop:hadoop-ozone-client:jar:0.4.1-SNAPSHOT: Failure to find org.apache.hadoop:hadoop-ozone-common:jar:0.4.1-SNAPSHOT in https://repository.apache.org/content/repositories/snapshots was cached in the local repository, resolution will not be reattempted until the update interval of apache.snapshots.https has elapsed or updates are forced -> [Help 1]
[ERROR] Failed to execute goal on project hadoop-ozone-s3gateway: Could not resolve dependencies for project org.apache.hadoop:hadoop-ozone-s3gateway:jar:0.4.1-SNAPSHOT: The following artifacts could not be resolved: org.apache.hadoop:hadoop-ozone-common:jar:0.4.1-SNAPSHOT, org.apache.hadoop:hadoop-hdds-common:jar:0.4.1-SNAPSHOT, org.apache.hadoop:hadoop-hdds-config:jar:0.4.1-SNAPSHOT, org.apache.hadoop:hadoop-hdds-server-framework:jar:0.4.1-SNAPSHOT, org.apache.hadoop:hadoop-hdds-container-service:jar:0.4.1-SNAPSHOT, org.apache.hadoop:hadoop-hdds-client:jar:0.4.1-SNAPSHOT, org.apache.hadoop:hadoop-hdds-tools:jar:0.4.1-SNAPSHOT, org.apache.hadoop:hadoop-ozone-client:jar:0.4.1-SNAPSHOT: Failure to find org.apache.hadoop:hadoop-ozone-common:jar:0.4.1-SNAPSHOT in https://repository.apache.org/content/repositories/snapshots was cached in the local repository, resolution will not be reattempted until the update interval of apache.snapshots.https has elapsed or updates are forced -> [Help 1]
[ERROR] Failed to execute goal on project hadoop-ozone-csi: Could not resolve dependencies for project org.apache.hadoop:hadoop-ozone-csi:jar:0.4.1-SNAPSHOT: The following artifacts could not be resolved: org.apache.hadoop:hadoop-hdds-config:jar:0.4.1-SNAPSHOT, org.apache.hadoop:hadoop-ozone-client:jar:0.4.1-SNAPSHOT, org.apache.hadoop:hadoop-ozone-common:jar:0.4.1-SNAPSHOT, org.apache.hadoop:hadoop-hdds-common:jar:0.4.1-SNAPSHOT, org.apache.hadoop:hadoop-hdds-server-framework:jar:0.4.1-SNAPSHOT, org.apache.hadoop:hadoop-hdds-container-service:jar:0.4.1-SNAPSHOT, org.apache.hadoop:hadoop-hdds-client:jar:0.4.1-SNAPSHOT, org.apache.hadoop:hadoop-hdds-tools:jar:0.4.1-SNAPSHOT: Failure to find org.apache.hadoop:hadoop-hdds-config:jar:0.4.1-SNAPSHOT in https://repository.apache.org/content/repositories/snapshots was cached in the local repository, resolution will not be reattempted until the update interval of apache.snapshots.https has elapsed or updates are forced -> [Help 1]
[ERROR] Failed to execute goal on project hadoop-ozone-reconcodegen: Could not resolve dependencies for project org.apache.hadoop:hadoop-ozone-reconcodegen:jar:0.4.1-SNAPSHOT: The following artifacts could not be resolved: org.apache.hadoop:hadoop-ozone-common:jar:0.4.1-SNAPSHOT, org.apache.hadoop:hadoop-hdds-common:jar:0.4.1-SNAPSHOT, org.apache.hadoop:hadoop-hdds-config:jar:0.4.1-SNAPSHOT, org.apache.hadoop:hadoop-hdds-server-framework:jar:0.4.1-SNAPSHOT, org.apache.hadoop:hadoop-hdds-container-service:jar:0.4.1-SNAPSHOT, org.apache.hadoop:hadoop-hdds-client:jar:0.4.1-SNAPSHOT, org.apache.hadoop:hadoop-hdds-tools:jar:0.4.1-SNAPSHOT: Failure to find org.apache.hadoop:hadoop-ozone-common:jar:0.4.1-SNAPSHOT in https://repository.apache.org/content/repositories/snapshots was cached in the local repository, resolution will not be reattempted until the update interval of apache.snapshots.https has elapsed or updates are forced -> [Help 1]
[ERROR] Failed to execute goal on project hadoop-ozone-recon: Could not resolve dependencies for project org.apache.hadoop:hadoop-ozone-recon:jar:0.4.1-SNAPSHOT: The following artifacts could not be resolved: org.apache.hadoop:hadoop-ozone-common:jar:0.4.1-SNAPSHOT, org.apache.hadoop:hadoop-hdds-common:jar:0.4.1-SNAPSHOT, org.apache.hadoop:hadoop-hdds-config:jar:0.4.1-SNAPSHOT, org.apache.hadoop:hadoop-hdds-server-framework:jar:0.4.1-SNAPSHOT, org.apache.hadoop:hadoop-hdds-container-service:jar:0.4.1-SNAPSHOT, org.apache.hadoop:hadoop-hdds-client:jar:0.4.1-SNAPSHOT, org.apache.hadoop:hadoop-hdds-tools:jar:0.4.1-SNAPSHOT, org.apache.hadoop:hadoop-ozone-reconcodegen:jar:0.4.1-SNAPSHOT, org.apache.hadoop:hadoop-ozone-ozone-manager:jar:0.4.1-SNAPSHOT, org.apache.hadoop:hadoop-ozone-client:jar:0.4.1-SNAPSHOT, org.apache.hadoop:hadoop-hdds-docs:jar:0.4.1-SNAPSHOT: Failure to find org.apache.hadoop:hadoop-ozone-common:jar:0.4.1-SNAPSHOT in https://repository.apache.org/content/repositories/snapshots was cached in the local repository, resolution will not be reattempted until the update interval of apache.snapshots.https has elapsed or updates are forced -> [Help 1]
[ERROR] Failed to execute goal on project hadoop-ozone-integration-test: Could not resolve dependencies for project org.apache.hadoop:hadoop-ozone-integration-test:jar:0.4.1-SNAPSHOT: The following artifacts could not be resolved: org.apache.hadoop:hadoop-ozone-common:jar:0.4.1-SNAPSHOT, org.apache.hadoop:hadoop-hdds-common:jar:0.4.1-SNAPSHOT, org.apache.hadoop:hadoop-hdds-server-framework:jar:0.4.1-SNAPSHOT, org.apache.hadoop:hadoop-hdds-container-service:jar:0.4.1-SNAPSHOT, org.apache.hadoop:hadoop-hdds-client:jar:0.4.1-SNAPSHOT, org.apache.hadoop:hadoop-hdds-tools:jar:0.4.1-SNAPSHOT, org.apache.hadoop:hadoop-hdds-server-scm:jar:0.4.1-SNAPSHOT, org.apache.hadoop:hadoop-hdds-docs:jar:0.4.1-SNAPSHOT, org.apache.hadoop:hadoop-ozone-ozone-manager:jar:0.4.1-SNAPSHOT, org.apache.hadoop:hadoop-ozone-objectstore-service:jar:0.4.1-SNAPSHOT, org.apache.hadoop:hadoop-ozone-s3gateway:jar:0.4.1-SNAPSHOT, org.apache.hadoop:hadoop-ozone-csi:jar:0.4.1-SNAPSHOT, org.apache.hadoop:hadoop-hdds-config:jar:0.4.1-SNAPSHOT, org.apache.hadoop:hadoop-ozone-recon:jar:0.4.1-SNAPSHOT, org.apache.hadoop:hadoop-ozone-reconcodegen:jar:0.4.1-SNAPSHOT, org.apache.hadoop:hadoop-ozone-client:jar:0.4.1-SNAPSHOT, org.apache.hadoop:hadoop-ozone-ozone-manager:jar:tests:0.4.1-SNAPSHOT, org.apache.hadoop:hadoop-hdds-server-scm:jar:tests:0.4.1-SNAPSHOT, org.apache.hadoop:hadoop-hdds-container-service:jar:tests:0.4.1-SNAPSHOT: Failure to find org.apache.hadoop:hadoop-ozone-common:jar:0.4.1-SNAPSHOT in https://repository.apache.org/content/repositories/snapshots was cached in the local repository, resolution will not be reattempted until the update interval of apache.snapshots.https has elapsed or updates are forced -> [Help 1]
[ERROR] Failed to execute goal on project hadoop-ozone-filesystem: Could not resolve dependencies for project org.apache.hadoop:hadoop-ozone-filesystem:jar:0.4.1-SNAPSHOT: The following artifacts could not be resolved: org.apache.hadoop:hadoop-hdds-common:jar:0.4.1-SNAPSHOT, org.apache.hadoop:hadoop-hdds-config:jar:0.4.1-SNAPSHOT, org.apache.hadoop:hadoop-hdds-server-scm:jar:0.4.1-SNAPSHOT, org.apache.hadoop:hadoop-hdds-docs:jar:0.4.1-SNAPSHOT, org.apache.hadoop:hadoop-hdds-server-framework:jar:0.4.1-SNAPSHOT, org.apache.hadoop:hadoop-ozone-ozone-manager:jar:0.4.1-SNAPSHOT, org.apache.hadoop:hadoop-hdds-container-service:jar:0.4.1-SNAPSHOT, org.apache.hadoop:hadoop-hdds-client:jar:0.4.1-SNAPSHOT, org.apache.hadoop:hadoop-ozone-common:jar:0.4.1-SNAPSHOT, org.apache.hadoop:hadoop-hdds-tools:jar:0.4.1-SNAPSHOT, org.apache.hadoop:hadoop-ozone-objectstore-service:jar:0.4.1-SNAPSHOT, org.apache.hadoop:hadoop-ozone-client:jar:0.4.1-SNAPSHOT, org.apache.hadoop:hadoop-ozone-integration-test:jar:tests:0.4.1-SNAPSHOT, org.apache.hadoop:hadoop-ozone-s3gateway:jar:0.4.1-SNAPSHOT, org.apache.hadoop:hadoop-ozone-csi:jar:0.4.1-SNAPSHOT, org.apache.hadoop:hadoop-ozone-recon:jar:0.4.1-SNAPSHOT, org.apache.hadoop:hadoop-ozone-reconcodegen:jar:0.4.1-SNAPSHOT: Failure to find org.apache.hadoop:hadoop-hdds-common:jar:0.4.1-SNAPSHOT in https://repository.apache.org/content/repositories/snapshots was cached in the local repository, resolution will not be reattempted until the update interval of apache.snapshots.https has elapsed or updates are forced -> [Help 1]
[ERROR] Failed to execute goal on project hadoop-ozone-filesystem-lib-current: Could not resolve dependencies for project org.apache.hadoop:hadoop-ozone-filesystem-lib-current:jar:0.4.1-SNAPSHOT: The following artifacts could not be resolved: org.apache.hadoop:hadoop-ozone-filesystem:jar:0.4.1-SNAPSHOT, org.apache.hadoop:hadoop-hdds-common:jar:0.4.1-SNAPSHOT, org.apache.hadoop:hadoop-hdds-config:jar:0.4.1-SNAPSHOT, org.apache.hadoop:hadoop-hdds-client:jar:0.4.1-SNAPSHOT, org.apache.hadoop:hadoop-ozone-common:jar:0.4.1-SNAPSHOT, org.apache.hadoop:hadoop-hdds-server-framework:jar:0.4.1-SNAPSHOT, org.apache.hadoop:hadoop-hdds-container-service:jar:0.4.1-SNAPSHOT, org.apache.hadoop:hadoop-hdds-tools:jar:0.4.1-SNAPSHOT, org.apache.hadoop:hadoop-ozone-client:jar:0.4.1-SNAPSHOT: Could not find artifact org.apache.hadoop:hadoop-ozone-filesystem:jar:0.4.1-SNAPSHOT in apache.snapshots.https (https://repository.apache.org/content/repositories/snapshots) -> [Help 1]
[ERROR] Failed to execute goal on project hadoop-ozone-filesystem-lib-legacy: Could not resolve dependencies for project org.apache.hadoop:hadoop-ozone-filesystem-lib-legacy:jar:0.4.1-SNAPSHOT: The following artifacts could not be resolved: org.apache.hadoop:hadoop-ozone-filesystem:jar:0.4.1-SNAPSHOT, org.apache.hadoop:hadoop-hdds-common:jar:0.4.1-SNAPSHOT, org.apache.hadoop:hadoop-hdds-config:jar:0.4.1-SNAPSHOT, org.apache.hadoop:hadoop-hdds-client:jar:0.4.1-SNAPSHOT, org.apache.hadoop:hadoop-ozone-common:jar:0.4.1-SNAPSHOT, org.apache.hadoop:hadoop-hdds-server-framework:jar:0.4.1-SNAPSHOT, org.apache.hadoop:hadoop-hdds-container-service:jar:0.4.1-SNAPSHOT, org.apache.hadoop:hadoop-hdds-tools:jar:0.4.1-SNAPSHOT, org.apache.hadoop:hadoop-ozone-client:jar:0.4.1-SNAPSHOT: Failure to find org.apache.hadoop:hadoop-ozone-filesystem:jar:0.4.1-SNAPSHOT in https://repository.apache.org/content/repositories/snapshots was cached in the local repository, resolution will not be reattempted until the update interval of apache.snapshots.https has elapsed or updates are forced -> [Help 1]
[ERROR] Failed to execute goal on project hadoop-ozone-tools: Could not resolve dependencies for project org.apache.hadoop:hadoop-ozone-tools:jar:0.4.1-SNAPSHOT: The following artifacts could not be resolved: org.apache.hadoop:hadoop-ozone-ozone-manager:jar:0.4.1-SNAPSHOT, org.apache.hadoop:hadoop-hdds-docs:jar:0.4.1-SNAPSHOT, org.apache.hadoop:hadoop-ozone-common:jar:0.4.1-SNAPSHOT, org.apache.hadoop:hadoop-hdds-common:jar:0.4.1-SNAPSHOT, org.apache.hadoop:hadoop-hdds-config:jar:0.4.1-SNAPSHOT, org.apache.hadoop:hadoop-hdds-container-service:jar:0.4.1-SNAPSHOT, org.apache.hadoop:hadoop-hdds-client:jar:0.4.1-SNAPSHOT, org.apache.hadoop:hadoop-hdds-tools:jar:0.4.1-SNAPSHOT, org.apache.hadoop:hadoop-hdds-server-scm:jar:0.4.1-SNAPSHOT, org.apache.hadoop:hadoop-ozone-client:jar:0.4.1-SNAPSHOT, org.apache.hadoop:hadoop-ozone-filesystem:jar:0.4.1-SNAPSHOT, org.apache.hadoop:hadoop-hdds-server-framework:jar:0.4.1-SNAPSHOT, org.apache.hadoop:hadoop-ozone-integration-test:jar:tests:0.4.1-SNAPSHOT, org.apache.hadoop:hadoop-ozone-objectstore-service:jar:0.4.1-SNAPSHOT, org.apache.hadoop:hadoop-ozone-s3gateway:jar:0.4.1-SNAPSHOT, org.apache.hadoop:hadoop-ozone-csi:jar:0.4.1-SNAPSHOT, org.apache.hadoop:hadoop-ozone-recon:jar:0.4.1-SNAPSHOT, org.apache.hadoop:hadoop-ozone-reconcodegen:jar:0.4.1-SNAPSHOT: Failure to find org.apache.hadoop:hadoop-ozone-ozone-manager:jar:0.4.1-SNAPSHOT in https://repository.apache.org/content/repositories/snapshots was cached in the local repository, resolution will not be reattempted until the update interval of apache.snapshots.https has elapsed or updates are forced -> [Help 1]
[ERROR] Failed to execute goal on project hadoop-ozone-datanode: Could not resolve dependencies for project org.apache.hadoop:hadoop-ozone-datanode:jar:0.4.1-SNAPSHOT: The following artifacts could not be resolved: org.apache.hadoop:hadoop-hdds-container-service:jar:0.4.1-SNAPSHOT, org.apache.hadoop:hadoop-hdds-common:jar:0.4.1-SNAPSHOT, org.apache.hadoop:hadoop-hdds-config:jar:0.4.1-SNAPSHOT, org.apache.hadoop:hadoop-hdds-server-framework:jar:0.4.1-SNAPSHOT, org.apache.hadoop:hadoop-ozone-objectstore-service:jar:0.4.1-SNAPSHOT, org.apache.hadoop:hadoop-ozone-common:jar:0.4.1-SNAPSHOT, org.apache.hadoop:hadoop-hdds-client:jar:0.4.1-SNAPSHOT, org.apache.hadoop:hadoop-hdds-tools:jar:0.4.1-SNAPSHOT, org.apache.hadoop:hadoop-ozone-client:jar:0.4.1-SNAPSHOT: Failure to find org.apache.hadoop:hadoop-hdds-container-service:jar:0.4.1-SNAPSHOT in https://repository.apache.org/content/repositories/snapshots was cached in the local repository, resolution will not be reattempted until the update interval of apache.snapshots.https has elapsed or updates are forced -> [Help 1]
[ERROR] Failed to execute goal on project hadoop-ozone-upgrade: Could not resolve dependencies for project org.apache.hadoop:hadoop-ozone-upgrade:jar:0.4.1-SNAPSHOT: The following artifacts could not be resolved: org.apache.hadoop:hadoop-hdds-common:jar:0.4.1-SNAPSHOT, org.apache.hadoop:hadoop-hdds-config:jar:0.4.1-SNAPSHOT: Failure to find org.apache.hadoop:hadoop-hdds-common:jar:0.4.1-SNAPSHOT in https://repository.apache.org/content/repositories/snapshots was cached in the local repository, resolution will not be reattempted until the update interval of apache.snapshots.https has elapsed or updates are forced -> [Help 1]
[ERROR] Failed to execute goal on project hadoop-ozone-dist: Could not resolve dependencies for project org.apache.hadoop:hadoop-ozone-dist:pom:0.4.1-SNAPSHOT: The following artifacts could not be resolved: org.apache.hadoop:hadoop-hdds-tools:jar:0.4.1-SNAPSHOT, org.apache.hadoop:hadoop-hdds-common:jar:0.4.1-SNAPSHOT, org.apache.hadoop:hadoop-hdds-client:jar:0.4.1-SNAPSHOT, org.apache.hadoop:hadoop-hdds-server-scm:jar:0.4.1-SNAPSHOT, org.apache.hadoop:hadoop-hdds-server-framework:jar:0.4.1-SNAPSHOT, org.apache.hadoop:hadoop-hdds-container-service:jar:0.4.1-SNAPSHOT, org.apache.hadoop:hadoop-ozone-s3gateway:jar:0.4.1-SNAPSHOT, org.apache.hadoop:hadoop-ozone-client:jar:0.4.1-SNAPSHOT, org.apache.hadoop:hadoop-ozone-csi:jar:0.4.1-SNAPSHOT, org.apache.hadoop:hadoop-hdds-config:jar:0.4.1-SNAPSHOT, org.apache.hadoop:hadoop-ozone-ozone-manager:jar:0.4.1-SNAPSHOT, org.apache.hadoop:hadoop-ozone-tools:jar:0.4.1-SNAPSHOT, org.apache.hadoop:hadoop-ozone-filesystem:jar:0.4.1-SNAPSHOT, org.apache.hadoop:hadoop-ozone-filesystem-lib-current:jar:0.4.1-SNAPSHOT, org.apache.hadoop:hadoop-ozone-filesystem-lib-legacy:jar:0.4.1-SNAPSHOT, org.apache.hadoop:hadoop-ozone-common:jar:0.4.1-SNAPSHOT, org.apache.hadoop:hadoop-ozone-datanode:jar:0.4.1-SNAPSHOT, org.apache.hadoop:hadoop-ozone-objectstore-service:jar:0.4.1-SNAPSHOT, org.apache.hadoop:hadoop-ozone-recon:jar:0.4.1-SNAPSHOT, org.apache.hadoop:hadoop-ozone-reconcodegen:jar:0.4.1-SNAPSHOT, org.apache.hadoop:hadoop-hdds-docs:jar:0.4.1-SNAPSHOT, org.apache.hadoop:hadoop-ozone-upgrade:jar:0.4.1-SNAPSHOT: Failure to find org.apache.hadoop:hadoop-hdds-tools:jar:0.4.1-SNAPSHOT in https://repository.apache.org/content/repositories/snapshots was cached in the local repository, resolution will not be reattempted until the update interval of apache.snapshots.https has elapsed or updates are forced -> [Help 1]
[ERROR] 
[ERROR] To see the full stack trace of the errors, re-run Maven with the -e switch.
[ERROR] Re-run Maven using the -X switch to enable full debug logging.
[ERROR] 
[ERROR] For more information about the errors and possible solutions, please read the following articles:
[ERROR] [Help 1] http://cwiki.apache.org/confluence/display/MAVEN/DependencyResolutionException
[ERROR] 
[ERROR] After correcting the problems, you can resume the build with the command
[ERROR]   mvn <goals> -rf :hadoop-hdds-common
[INFO] Build failures were ignored.
