#
# A fatal error has been detected by the Java Runtime Environment:
#
#  SIGSEGV (0xb) at pc=0x00007fa52296b810, pid=6465, tid=0x00007fa505c79ae0
#
# JRE version: OpenJDK Runtime Environment (8.0_212-b04) (build 1.8.0_212-b04)
# Java VM: OpenJDK 64-Bit Server VM (25.212-b04 mixed mode linux-amd64 compressed oops)
# Derivative: IcedTea 3.12.0
# Distribution: Custom build (Mon Aug 12 12:56:32 UTC 2019)
# Problematic frame:
# C  [ld-musl-x86_64.so.1+0x53810]  pthread_setname_np+0x5e
#
# Core dump written. Default location: /workdir/hadoop-hdds/server-scm/core or core.6465
#
# If you would like to submit a bug report, please include
# instructions on how to reproduce the bug and visit:
#   https://icedtea.classpath.org/bugzilla
#

---------------  T H R E A D  ---------------

Current thread is native thread

siginfo: si_signo: 11 (SIGSEGV), si_code: 1 (SEGV_MAPERR), si_addr: 0x0000000000000038

Registers:
RAX=0x00007fa505c79ae0, RBX=0x0000000000000022, RCX=0x0000000000000000, RDX=0x0000000000000000
RSP=0x00007fa505c79680, RBP=0x0000000000000000, RSI=0x0000000000000000, RDI=0xfeff73725e73726f
R8 =0x0000000000000000, R9 =0x8080808080808080, R10=0xfefefefefefefeff, R11=0x0000000000000212
R12=0x0000562ba658e5d8, R13=0x000000000000000e, R14=0x00007fa505c79ae0, R15=0x00007fa522ba4ae8
RIP=0x00007fa52296b810, EFLAGS=0x0000000000010202, CSGSFS=0x0000000000000033, ERR=0x0000000000000004
  TRAPNO=0x000000000000000e

Top of Stack: (sp=0x00007fa505c79680)
0x00007fa505c79680:   0000000000000000 0000000000000000
0x00007fa505c79690:   0000000000000000 0000000000000000
0x00007fa505c796a0:   0000000000000000 0000000000000000
0x00007fa505c796b0:   0000000000000000 0000562ba65934e0
0x00007fa505c796c0:   00007fa505c79710 0000000000000000
0x00007fa505c796d0:   0000562ba6593520 00007fa506938ec9
0x00007fa505c796e0:   0000000000000000 0000562ba658e600
0x00007fa505c796f0:   0000000000000000 00007fa505c79760
0x00007fa505c79700:   00007fa505c79ae0 00007fa522ba4ae8
0x00007fa505c79710:   0000000000000000 00007fa52179bf41
0x00007fa505c79720:   0000000000000000 00007fa505c79ae0
0x00007fa505c79730:   0000000000000000 00007fa52296a6c2
0x00007fa505c79740:   0000000000000000 0000000000000000
0x00007fa505c79750:   0000000000017000 00007fa52296c5b1
0x00007fa505c79760:   0000000000000002 00007fa505c79ac0
0x00007fa505c79770:   00007fa505c79790 0000000000000000
0x00007fa505c79780:   0000000000000000 0000000000000000
0x00007fa505c79790:   0000000000000002 0000000000000000
0x00007fa505c797a0:   0000000000000000 0000000000000000
0x00007fa505c797b0:   0000000000000000 0000000000000000
0x00007fa505c797c0:   0000000000000000 0000000000000000
0x00007fa505c797d0:   0000000000000000 0000000000000000
0x00007fa505c797e0:   0000000000000000 0000000000000000
0x00007fa505c797f0:   0000000000000000 0000000000000000
0x00007fa505c79800:   0000000000000000 0000000000000000
0x00007fa505c79810:   0000000000000000 0000000000000000
0x00007fa505c79820:   0000000000000000 0000000000000000
0x00007fa505c79830:   0000000000000000 0000000000000000
0x00007fa505c79840:   0000000000000000 0000000000000000
0x00007fa505c79850:   0000000000000000 0000000000000000
0x00007fa505c79860:   0000000000000000 0000000000000000
0x00007fa505c79870:   0000000000000000 0000000000000000 

Instructions: (pc=0x00007fa52296b810)
0x00007fa52296b7f0:   31 d2 31 c0 4c 89 e6 bf 0f 00 00 00 e8 65 d8 fc
0x00007fa52296b800:   ff 85 c0 89 c3 74 7e e8 25 a7 fc ff 8b 18 eb 75
0x00007fa52296b810:   8b 4d 38 48 8d 5c 24 0e 48 8d 15 f2 92 03 00 be
0x00007fa52296b820:   22 00 00 00 31 c0 48 89 df e8 35 68 ff ff 48 8d 

Register to memory mapping:

RAX=0x00007fa505c79ae0 is an unknown value
RBX=0x0000000000000022 is an unknown value
RCX=0x0000000000000000 is an unknown value
RDX=0x0000000000000000 is an unknown value
RSP=0x00007fa505c79680 is an unknown value
RBP=0x0000000000000000 is an unknown value
RSI=0x0000000000000000 is an unknown value
RDI=0xfeff73725e73726f is an unknown value
R8 =0x0000000000000000 is an unknown value
R9 =0x8080808080808080 is an unknown value
R10=0xfefefefefefefeff is an unknown value
R11=0x0000000000000212 is an unknown value
R12=0x0000562ba658e5d8 is an unknown value
R13=0x000000000000000e is an unknown value
R14=0x00007fa505c79ae0 is an unknown value
R15=0x00007fa522ba4ae8: __utc+0x1fff68 in /lib/ld-musl-x86_64.so.1 at 0x00007fa522918000


Stack: [0x00007fa505c65000,0x00007fa505c79760],  sp=0x00007fa505c79680,  free space=81k
Native frames: (J=compiled Java code, j=interpreted, Vv=VM code, C=native code)
C  [ld-musl-x86_64.so.1+0x53810]  pthread_setname_np+0x5e

[error occurred during error reporting (printing native stack), id 0xb]


---------------  P R O C E S S  ---------------

VM state:not at safepoint (normal execution)

VM Mutex/Monitor currently owned by a thread: None

heap address: 0x0000000080000000, size: 2048 MB, Compressed Oops mode: 32-bit
Narrow klass base: 0x0000000000000000, Narrow klass shift: 3
Compressed class space size: 1073741824 Address: 0x0000000100000000

Heap:
 PSYoungGen      total 611840K, used 146984K [0x00000000d5580000, 0x0000000100000000, 0x0000000100000000)
  eden space 524800K, 28% used [0x00000000d5580000,0x00000000de50a198,0x00000000f5600000)
  from space 87040K, 0% used [0x00000000fab00000,0x00000000fab00000,0x0000000100000000)
  to   space 87040K, 0% used [0x00000000f5600000,0x00000000f5600000,0x00000000fab00000)
 ParOldGen       total 1398272K, used 0K [0x0000000080000000, 0x00000000d5580000, 0x00000000d5580000)
  object space 1398272K, 0% used [0x0000000080000000,0x0000000080000000,0x00000000d5580000)
 Metaspace       used 16390K, capacity 16672K, committed 17024K, reserved 1064960K
  class space    used 1794K, capacity 1886K, committed 1920K, reserved 1048576K

Card table byte_map: [0x00007fa5116c4000,0x00007fa511ac5000] byte_map_base: 0x00007fa5112c4000

Marking Bits: (ParMarkBitMap*) 0x00007fa5224d6200
 Begin Bits: [0x00007fa50d215000, 0x00007fa50f215000)
 End Bits:   [0x00007fa50f215000, 0x00007fa511215000)

Polling page: 0x00007fa522aa1000

CodeCache: size=245760Kb used=3705Kb max_used=3705Kb free=242054Kb
 bounds [0x00007fa511e85000, 0x00007fa512235000, 0x00007fa520e85000]
 total_blobs=1433 nmethods=986 adapters=361
 compilation: enabled

Compilation events (10 events):
Event: 1.635 Thread 0x0000562ba50ec000  982       1       java.lang.reflect.Field::getType (5 bytes)
Event: 1.636 Thread 0x0000562ba50ec000 nmethod 982 0x00007fa51221e890 code [0x00007fa51221e9e0, 0x00007fa51221eaf0]
Event: 1.637 Thread 0x0000562ba50ec000  984       3       java.lang.reflect.Executable::getDeclaredAnnotations (8 bytes)
Event: 1.637 Thread 0x0000562ba50ec000 nmethod 984 0x00007fa512224310 code [0x00007fa5122244c0, 0x00007fa512224928]
Event: 1.637 Thread 0x0000562ba50ec000  985       3       java.lang.reflect.Method::getDeclaredAnnotations (5 bytes)
Event: 1.638 Thread 0x0000562ba50ec000 nmethod 985 0x00007fa512224a90 code [0x00007fa512224c40, 0x00007fa512225108]
Event: 1.638 Thread 0x0000562ba50ec000  986       3       java.lang.Class::getInterfaces (41 bytes)
Event: 1.639 Thread 0x0000562ba50ec000 nmethod 986 0x00007fa512225310 code [0x00007fa5122254c0, 0x00007fa512225918]
Event: 1.643 Thread 0x0000562ba50ec000  987       3       java.util.regex.Pattern$BitClass::isSatisfiedBy (22 bytes)
Event: 1.643 Thread 0x0000562ba50ec000 nmethod 987 0x00007fa51221e410 code [0x00007fa51221e580, 0x00007fa51221e790]

GC Heap History (0 events):
No events

Deoptimization events (7 events):
Event: 0.629 Thread 0x0000562ba4f98800 Uncommon trap: reason=unstable_if action=reinterpret pc=0x00007fa511fa3f94 method=java.lang.String.indexOf([CII[CIII)I @ 3
Event: 1.419 Thread 0x0000562ba4f98800 Uncommon trap: reason=unstable_if action=reinterpret pc=0x00007fa5121a8444 method=java.lang.ThreadLocal$ThreadLocalMap.getEntry(Ljava/lang/ThreadLocal;)Ljava/lang/ThreadLocal$ThreadLocalMap$Entry; @ 29
Event: 1.465 Thread 0x0000562ba4f98800 Uncommon trap: reason=unstable_if action=reinterpret pc=0x00007fa51212f2c4 method=java.lang.String.lastIndexOf([CII[CIII)I @ 118
Event: 1.506 Thread 0x0000562ba4f98800 Uncommon trap: reason=class_check action=maybe_recompile pc=0x00007fa5121c9910 method=java.util.HashMap.putVal(ILjava/lang/Object;Ljava/lang/Object;ZZ)Ljava/lang/Object; @ 203
Event: 1.515 Thread 0x0000562ba4f98800 Uncommon trap: reason=class_check action=maybe_recompile pc=0x00007fa5121c9910 method=java.util.HashMap.putVal(ILjava/lang/Object;Ljava/lang/Object;ZZ)Ljava/lang/Object; @ 203
Event: 1.517 Thread 0x0000562ba4f98800 Uncommon trap: reason=range_check action=make_not_entrant pc=0x00007fa5121ea180 method=sun.reflect.generics.parser.SignatureParser.current()C @ 34
Event: 1.520 Thread 0x0000562ba6531000 Uncommon trap: reason=unstable_if action=reinterpret pc=0x00007fa5121c6b78 method=java.lang.ThreadLocal.get()Ljava/lang/Object; @ 11

Classes redefined (0 events):
No events

Internal exceptions (10 events):
Event: 0.629 Thread 0x0000562ba4f98800 Exception <a 'java/io/FileNotFoundException'> (0x00000000da551e18) thrown at [/home/buildozer/aports/community/openjdk8/src/icedtea-3.12.0/openjdk/hotspot/src/share/vm/prims/jni.cpp, line 710]
Event: 1.503 Thread 0x0000562ba4f98800 Exception <a 'java/lang/ArrayIndexOutOfBoundsException'> (0x00000000dccf1f58) thrown at [/home/buildozer/aports/community/openjdk8/src/icedtea-3.12.0/openjdk/hotspot/src/share/vm/runtime/sharedRuntime.cpp, line 613]
Event: 1.503 Thread 0x0000562ba4f98800 Exception <a 'java/lang/ArrayIndexOutOfBoundsException'> (0x00000000dccf33e8) thrown at [/home/buildozer/aports/community/openjdk8/src/icedtea-3.12.0/openjdk/hotspot/src/share/vm/runtime/sharedRuntime.cpp, line 613]
Event: 1.503 Thread 0x0000562ba4f98800 Exception <a 'java/lang/ArrayIndexOutOfBoundsException'> (0x00000000dccf4b90) thrown at [/home/buildozer/aports/community/openjdk8/src/icedtea-3.12.0/openjdk/hotspot/src/share/vm/runtime/sharedRuntime.cpp, line 613]
Event: 1.510 Thread 0x0000562ba4f98800 Exception <a 'java/lang/ArrayIndexOutOfBoundsException'> (0x00000000dcd1c5d0) thrown at [/home/buildozer/aports/community/openjdk8/src/icedtea-3.12.0/openjdk/hotspot/src/share/vm/runtime/sharedRuntime.cpp, line 613]
Event: 1.511 Thread 0x0000562ba4f98800 Exception <a 'java/lang/ArrayIndexOutOfBoundsException'> (0x00000000dcd1db40) thrown at [/home/buildozer/aports/community/openjdk8/src/icedtea-3.12.0/openjdk/hotspot/src/share/vm/runtime/sharedRuntime.cpp, line 613]
Event: 1.511 Thread 0x0000562ba4f98800 Exception <a 'java/lang/ArrayIndexOutOfBoundsException'> (0x00000000dcd1ef90) thrown at [/home/buildozer/aports/community/openjdk8/src/icedtea-3.12.0/openjdk/hotspot/src/share/vm/runtime/sharedRuntime.cpp, line 613]
Event: 1.517 Thread 0x0000562ba4f98800 Exception <a 'java/lang/ArrayIndexOutOfBoundsException': 38> (0x00000000dcd44360) thrown at [/home/buildozer/aports/community/openjdk8/src/icedtea-3.12.0/openjdk/hotspot/src/share/vm/interpreter/interpreterRuntime.cpp, line 371]
Event: 1.520 Thread 0x0000562ba6531000 Implicit null exception at 0x00007fa5121c6449 to 0x00007fa5121c6b51
Event: 1.521 Thread 0x0000562ba4f98800 Exception <a 'java/lang/ArrayIndexOutOfBoundsException': 49> (0x00000000dcd52900) thrown at [/home/buildozer/aports/community/openjdk8/src/icedtea-3.12.0/openjdk/hotspot/src/share/vm/interpreter/interpreterRuntime.cpp, line 371]

Events (10 events):
Event: 1.636 loading class org/apache/hadoop/hdds/scm/pipeline/PipelineID
Event: 1.636 loading class org/apache/hadoop/hdds/scm/pipeline/PipelineID done
Event: 1.638 loading class org/apache/ratis/grpc/GrpcTlsConfig
Event: 1.638 loading class org/apache/ratis/grpc/GrpcTlsConfig done
Event: 1.640 loading class org/apache/hadoop/hdds/scm/container/SCMContainerManager
Event: 1.640 loading class org/apache/hadoop/hdds/scm/container/SCMContainerManager done
Event: 1.641 loading class org/apache/hadoop/hdds/scm/container/ContainerNotFoundException
Event: 1.641 loading class org/apache/hadoop/hdds/scm/container/ContainerNotFoundException done
Event: 1.641 loading class org/apache/hadoop/hdds/scm/container/ContainerException
Event: 1.641 loading class org/apache/hadoop/hdds/scm/container/ContainerException done


Dynamic libraries:
80000000-1001e0000 rw-p 00000000 00:00 0 
1001e0000-140000000 ---p 00000000 00:00 0 
562ba2fcb000-562ba2fcc000 r-xp 00000000 fd:02 161099709                  /usr/lib/jvm/java-1.8-openjdk/jre/bin/java
562ba31cb000-562ba31cc000 r--p 00000000 fd:02 161099709                  /usr/lib/jvm/java-1.8-openjdk/jre/bin/java
562ba31cc000-562ba31cd000 rw-p 00001000 fd:02 161099709                  /usr/lib/jvm/java-1.8-openjdk/jre/bin/java
562ba4f81000-562ba65ef000 rw-p 00000000 00:00 0                          [heap]
7fa505c4c000-7fa505c4e000 ---p 00000000 00:00 0 
7fa505c4e000-7fa505c63000 rw-p 00000000 00:00 0 
7fa505c63000-7fa505c65000 ---p 00000000 00:00 0 
7fa505c65000-7fa505c7a000 rw-p 00000000 00:00 0 
7fa505c7a000-7fa505c7c000 ---p 00000000 00:00 0 
7fa505c7c000-7fa505c91000 rw-p 00000000 00:00 0 
7fa505c91000-7fa505c93000 ---p 00000000 00:00 0 
7fa505c93000-7fa505d68000 rw-p 00000000 00:00 0 
7fa505d68000-7fa505ea8000 ---p 00000000 00:00 0 
7fa505ea8000-7fa505eab000 ---p 00000000 00:00 0 
7fa505eab000-7fa5061a9000 rw-p 00000000 00:00 0 
7fa5061a9000-7fa5061ab000 ---p 00000000 00:00 0 
7fa5061ab000-7fa5061c0000 rw-p 00000000 00:00 0 
7fa5061c0000-7fa5061c2000 ---p 00000000 00:00 0 
7fa5061c2000-7fa5061d7000 rw-p 00000000 00:00 0 
7fa5061d7000-7fa5061d9000 ---p 00000000 00:00 0 
7fa5061d9000-7fa5061ee000 rw-p 00000000 00:00 0 
7fa5061ee000-7fa5061f0000 ---p 00000000 00:00 0 
7fa5061f0000-7fa506205000 rw-p 00000000 00:00 0 
7fa506205000-7fa506207000 ---p 00000000 00:00 0 
7fa506207000-7fa50621c000 rw-p 00000000 00:00 0 
7fa50621c000-7fa50621e000 ---p 00000000 00:00 0 
7fa50621e000-7fa506233000 rw-p 00000000 00:00 0 
7fa506233000-7fa506235000 ---p 00000000 00:00 0 
7fa506235000-7fa5064b9000 rw-p 00000000 00:00 0 
7fa5064b9000-7fa5066df000 r-xp 00000000 fd:02 161166160                  /usr/glibc-compat/lib/ld-2.28.so
7fa5066df000-7fa5066e0000 r--p 00026000 fd:02 161166160                  /usr/glibc-compat/lib/ld-2.28.so
7fa5066e0000-7fa5066e1000 rw-p 00027000 fd:02 161166160                  /usr/glibc-compat/lib/ld-2.28.so
7fa5066e1000-7fa5066e2000 rw-p 00000000 00:00 0 
7fa5066e2000-7fa506f7a000 r-xp 00000000 fd:02 44437665                   /tmp/librocksdbjni4266481112416786048.so
7fa506f7a000-7fa506f8b000 r--p 00698000 fd:02 44437665                   /tmp/librocksdbjni4266481112416786048.so
7fa506f8b000-7fa506f94000 rw-p 006a9000 fd:02 44437665                   /tmp/librocksdbjni4266481112416786048.so
7fa506f94000-7fa50719a000 rw-p 00000000 00:00 0 
7fa50719a000-7fa5073ab000 r-xp 00000000 fd:02 161099752                  /usr/lib/jvm/java-1.8-openjdk/jre/lib/amd64/libnio.so
7fa5073ab000-7fa5073ac000 r--p 00011000 fd:02 161099752                  /usr/lib/jvm/java-1.8-openjdk/jre/lib/amd64/libnio.so
7fa5073ac000-7fa5073ad000 rw-p 00012000 fd:02 161099752                  /usr/lib/jvm/java-1.8-openjdk/jre/lib/amd64/libnio.so
7fa5073ad000-7fa50a3ae000 rw-p 00000000 00:00 0 
7fa50a3ae000-7fa50a5c4000 r-xp 00000000 fd:02 161099751                  /usr/lib/jvm/java-1.8-openjdk/jre/lib/amd64/libnet.so
7fa50a5c4000-7fa50a5c5000 r--p 00016000 fd:02 161099751                  /usr/lib/jvm/java-1.8-openjdk/jre/lib/amd64/libnet.so
7fa50a5c5000-7fa50a5c6000 rw-p 00017000 fd:02 161099751                  /usr/lib/jvm/java-1.8-openjdk/jre/lib/amd64/libnet.so
7fa50a5c6000-7fa50a7c6000 rw-p 00000000 00:00 0 
7fa50a7c6000-7fa50a7c9000 r--s 00025000 fd:02 161881387                  /home/user/.m2/repository/org/apache/maven/shared/maven-shared-utils/3.1.0/maven-shared-utils-3.1.0.jar
7fa50a7d1000-7fa50a7d3000 ---p 00000000 00:00 0 
7fa50a7d3000-7fa50a7e8000 rw-p 00000000 00:00 0 
7fa50a7e8000-7fa50a7ea000 ---p 00000000 00:00 0 
7fa50a7ea000-7fa50a7ff000 rw-p 00000000 00:00 0 
7fa50a7ff000-7fa50a803000 r--s 00058000 fd:02 161099800                  /usr/lib/jvm/java-1.8-openjdk/jre/lib/jsse.jar
7fa50a803000-7fa50a806000 ---p 00000000 00:00 0 
7fa50a806000-7fa50a83d000 rw-p 00000000 00:00 0 
7fa50a83d000-7fa50a83e000 r--s 00006000 fd:02 47321405                   /home/user/.m2/repository/org/apache/maven/surefire/common-junit4/3.0.0-M1/common-junit4-3.0.0-M1.jar
7fa50a83e000-7fa50a83f000 r--s 00002000 fd:02 47321407                   /home/user/.m2/repository/org/apache/maven/surefire/common-junit3/3.0.0-M1/common-junit3-3.0.0-M1.jar
7fa50a83f000-7fa50a840000 r--s 00007000 fd:02 47386203                   /home/user/.m2/repository/org/apache/maven/surefire/common-java5/3.0.0-M1/common-java5-3.0.0-M1.jar
7fa50a840000-7fa50a842000 r--s 00003000 fd:02 47255273                   /home/user/.m2/repository/org/apache/maven/surefire/surefire-junit4/3.0.0-M1/surefire-junit4-3.0.0-M1.jar
7fa50a842000-7fa50a848000 r--s 00036000 fd:02 161815077                  /home/user/.m2/repository/junit/junit/4.11/junit-4.11.jar
7fa50a848000-7fa50a869000 r--s 00172000 fd:02 161750329                  /home/user/.m2/repository/com/google/guava/guava/11.0.2/guava-11.0.2.jar
7fa50a869000-7fa50a871000 r--s 0007b000 fd:02 161750445                  /home/user/.m2/repository/com/google/protobuf/protobuf-java/2.5.0/protobuf-java-2.5.0.jar
7fa50a871000-7fa50a876000 r--s 0003c000 fd:02 161814497                  /home/user/.m2/repository/info/picocli/picocli/3.9.6/picocli-3.9.6.jar
7fa50a876000-7fa50a8aa000 r--s 0051e000 fd:02 161815892                  /home/user/.m2/repository/org/apache/hadoop/hadoop-hdfs/3.2.0/hadoop-hdfs-3.2.0-tests.jar
7fa50a8aa000-7fa50a8d5000 r--s 00297000 fd:02 161815868                  /home/user/.m2/repository/org/apache/hadoop/hadoop-common/3.2.0/hadoop-common-3.2.0-tests.jar
7fa50a8d5000-7fa50a8d8000 r--s 0000e000 fd:02 46796522                   /home/user/.m2/repository/com/fasterxml/jackson/core/jackson-annotations/2.9.9/jackson-annotations-2.9.9.jar
7fa50a8d8000-7fa50a91d000 r--s 00486000 fd:02 161815904                  /home/user/.m2/repository/org/apache/hadoop/hadoop-hdfs-client/3.2.0/hadoop-hdfs-client-3.2.0.jar
7fa50a91d000-7fa50a936000 r--s 0012c000 fd:02 161814636                  /home/user/.m2/repository/io/netty/netty/3.10.5.Final/netty-3.10.5.Final.jar
7fa50a936000-7fa50a937000 r--s 00005000 fd:02 161751331                  /home/user/.m2/repository/commons-daemon/commons-daemon/1.0.13/commons-daemon-1.0.13.jar
7fa50a937000-7fa50a939000 r--s 00008000 fd:02 46928276                   /home/user/.m2/repository/org/eclipse/jetty/jetty-util-ajax/9.3.25.v20180904/jetty-util-ajax-9.3.25.v20180904.jar
7fa50a939000-7fa50a981000 r--s 00557000 fd:02 161815895                  /home/user/.m2/repository/org/apache/hadoop/hadoop-hdfs/3.2.0/hadoop-hdfs-3.2.0.jar
7fa50a981000-7fa50a986000 r--s 00047000 fd:02 161814468                  /home/user/.m2/repository/dnsjava/dnsjava/2.1.7/dnsjava-2.1.7.jar
7fa50a986000-7fa50a98c000 r--s 00078000 fd:02 161750151                  /home/user/.m2/repository/com/fasterxml/woodstox/woodstox-core/5.0.3/woodstox-core-5.0.3.jar
7fa50a98c000-7fa50a990000 r--s 00024000 fd:02 161944849                  /home/user/.m2/repository/org/codehaus/woodstox/stax2-api/3.1.4/stax2-api-3.1.4.jar
7fa50a990000-7fa50a994000 r--s 0004c000 fd:02 46861723                   /home/user/.m2/repository/com/fasterxml/jackson/core/jackson-core/2.9.9/jackson-core-2.9.9.jar
7fa50a994000-7fa50a9a7000 r--s 00137000 fd:02 46404178                   /home/user/.m2/repository/com/fasterxml/jackson/core/jackson-databind/2.9.9/jackson-databind-2.9.9.jar
7fa50a9a7000-7fa50a9a9000 r--s 00006000 fd:02 161816303                  /home/user/.m2/repository/org/apache/kerby/kerby-xdr/1.0.1/kerby-xdr-1.0.1.jar
7fa50a9a9000-7fa50a9aa000 r--s 00004000 fd:02 161816207                  /home/user/.m2/repository/org/apache/kerby/kerb-identity/1.0.1/kerb-identity-1.0.1.jar
7fa50a9aa000-7fa50a9ad000 r--s 00012000 fd:02 161816216                  /home/user/.m2/repository/org/apache/kerby/kerb-server/1.0.1/kerb-server-1.0.1.jar
7fa50a9ad000-7fa50a9b0000 r--s 00011000 fd:02 161816162                  /home/user/.m2/repository/org/apache/kerby/kerb-admin/1.0.1/kerb-admin-1.0.1.jar
7fa50a9b0000-7fa50a9b1000 r--s 00004000 fd:02 161816312                  /home/user/.m2/repository/org/apache/kerby/token-provider/1.0.1/token-provider-1.0.1.jar
7fa50a9b1000-7fa50a9b2000 r--s 00008000 fd:02 161816234                  /home/user/.m2/repository/org/apache/kerby/kerb-util/1.0.1/kerb-util-1.0.1.jar
7fa50a9b2000-7fa50a9b6000 r--s 00019000 fd:02 161816198                  /home/user/.m2/repository/org/apache/kerby/kerb-crypto/1.0.1/kerb-crypto-1.0.1.jar
7fa50a9b6000-7fa50a9b8000 r--s 0000e000 fd:02 161816180                  /home/user/.m2/repository/org/apache/kerby/kerb-common/1.0.1/kerb-common-1.0.1.jar
7fa50a9b8000-7fa50a9b9000 r--s 00009000 fd:02 161816294                  /home/user/.m2/repository/org/apache/kerby/kerby-util/1.0.1/kerby-util-1.0.1.jar
7fa50a9b9000-7fa50a9bb000 r--s 00017000 fd:02 161816249                  /home/user/.m2/repository/org/apache/kerby/kerby-asn1/1.0.1/kerby-asn1-1.0.1.jar
7fa50a9bb000-7fa50a9c2000 r--s 0002b000 fd:02 161816279                  /home/user/.m2/repository/org/apache/kerby/kerby-pkix/1.0.1/kerby-pkix-1.0.1.jar
7fa50a9c2000-7fa50a9c9000 r--s 00031000 fd:02 161816189                  /home/user/.m2/repository/org/apache/kerby/kerb-core/1.0.1/kerb-core-1.0.1.jar
7fa50a9c9000-7fa50a9cb000 r--s 00006000 fd:02 161816264                  /home/user/.m2/repository/org/apache/kerby/kerby-config/1.0.1/kerby-config-1.0.1.jar
7fa50a9cb000-7fa50a9ce000 r--s 00019000 fd:02 161816171                  /home/user/.m2/repository/org/apache/kerby/kerb-client/1.0.1/kerb-client-1.0.1.jar
7fa50a9ce000-7fa50a9cf000 r--s 00004000 fd:02 161816225                  /home/user/.m2/repository/org/apache/kerby/kerb-simplekdc/1.0.1/kerb-simplekdc-1.0.1.jar
7fa50a9cf000-7fa50a9d3000 r--s 00014000 fd:02 161946488                  /home/user/.m2/repository/org/tukaani/xz/1.0/xz-1.0.jar
7fa50a9d3000-7fa50a9d8000 r--s 00036000 fd:02 161815542                  /home/user/.m2/repository/org/apache/commons/commons-compress/1.4.1/commons-compress-1.4.1.jar
7fa50a9d8000-7fa50a9d9000 r--s 00004000 fd:02 161882118                  /home/user/.m2/repository/org/apache/yetus/audience-annotations/0.5.0/audience-annotations-0.5.0.jar
7fa50a9d9000-7fa50a9db000 r--s 00014000 fd:02 46272052                   /home/user/.m2/repository/jline/jline/0.9.94/jline-0.9.94.jar
7fa50a9db000-7fa50a9e8000 r--s 000d1000 fd:02 161882134                  /home/user/.m2/repository/org/apache/zookeeper/zookeeper/3.4.13/zookeeper-3.4.13.jar
7fa50a9e8000-7fa50aa02000 r--s 00155000 fd:02 161816034                  /home/user/.m2/repository/org/apache/htrace/htrace-core4/4.1.0-incubating/htrace-core4-4.1.0-incubating.jar
7fa50aa02000-7fa50aa0a000 r--s 0003e000 fd:02 161815777                  /home/user/.m2/repository/org/apache/curator/curator-recipes/2.12.0/curator-recipes-2.12.0.jar
7fa50aa0a000-7fa50aa41000 r--s 00219000 fd:02 161815759                  /home/user/.m2/repository/org/apache/curator/curator-client/2.12.0/curator-client-2.12.0.jar
7fa50aa41000-7fa50aa46000 r--s 00040000 fd:02 161750542                  /home/user/.m2/repository/com/jcraft/jsch/0.1.54/jsch-0.1.54.jar
7fa50aa46000-7fa50aa4c000 r--s 0002c000 fd:02 161815768                  /home/user/.m2/repository/org/apache/curator/curator-framework/2.12.0/curator-framework-2.12.0.jar
7fa50aa4c000-7fa50aa4e000 r--s 00006000 fd:02 161815270                  /home/user/.m2/repository/net/minidev/accessors-smart/1.2/accessors-smart-1.2.jar
7fa50aa4e000-7fa50aa51000 r--s 0001b000 fd:02 161815279                  /home/user/.m2/repository/net/minidev/json-smart/2.3/json-smart-2.3.jar
7fa50aa51000-7fa50aa53000 r--s 00000000 fd:02 161750189                  /home/user/.m2/repository/com/github/stephenc/jcip/jcip-annotations/1.0-1/jcip-annotations-1.0-1.jar
7fa50aa53000-7fa50aa59000 r--s 00044000 fd:02 161750588                  /home/user/.m2/repository/com/nimbusds/nimbus-jose-jwt/4.41.1/nimbus-jose-jwt-4.41.1.jar
7fa50aa59000-7fa50aa5b000 r--s 00020000 fd:02 161815850                  /home/user/.m2/repository/org/apache/hadoop/hadoop-auth/3.2.0/hadoop-auth-3.2.0.jar
7fa50aa5b000-7fa50aa60000 r--s 0002a000 fd:02 161750263                  /home/user/.m2/repository/com/google/code/gson/gson/2.2.4/gson-2.2.4.jar
7fa50aa60000-7fa50aa62000 r--s 0001e000 fd:02 161750487                  /home/user/.m2/repository/com/google/re2j/re2j/1.1/re2j-1.1.jar
7fa50aa62000-7fa50aa64000 r--s 00130000 fd:02 161946523                  /home/user/.m2/repository/org/xerial/snappy/snappy-java/1.0.5/snappy-java-1.0.5.jar
7fa50aa64000-7fa50aa66000 r--s 00006000 fd:02 161750841                  /home/user/.m2/repository/com/thoughtworks/paranamer/paranamer/2.3/paranamer-2.3.jar
7fa50aa66000-7fa50aa6f000 r--s 00062000 fd:02 161815496                  /home/user/.m2/repository/org/apache/avro/avro/1.7.7/avro-1.7.7.jar
7fa50aa6f000-7fa50aa70000 r--s 00002000 fd:02 161946109                  /home/user/.m2/repository/org/slf4j/slf4j-log4j12/1.7.25/slf4j-log4j12-1.7.25.jar
7fa50aa70000-7fa50aa74000 r--s 00029000 fd:02 161815743                  /home/user/.m2/repository/org/apache/commons/commons-text/1.4/commons-text-1.4.jar
7fa50aa74000-7fa50aa7c000 r--s 00072000 fd:02 161815607                  /home/user/.m2/repository/org/apache/commons/commons-lang3/3.7/commons-lang3-3.7.jar
7fa50aa7c000-7fa50aa88000 r--s 0008b000 fd:02 161815559                  /home/user/.m2/repository/org/apache/commons/commons-configuration2/2.1.1/commons-configuration2-2.1.1.jar
7fa50aa88000-7fa50aa8d000 r--s 00038000 fd:02 46076220                   /home/user/.m2/repository/commons-beanutils/commons-beanutils/1.9.4/commons-beanutils-1.9.4.jar
7fa50aa8d000-7fa50aa96000 r--s 0006f000 fd:02 161815113                  /home/user/.m2/repository/log4j/log4j/1.2.17/log4j-1.2.17.jar
7fa50aa96000-7fa50aa98000 r--s 0000e000 fd:02 161751490                  /home/user/.m2/repository/commons-logging/commons-logging/1.1.3/commons-logging-1.1.3.jar
7fa50aa98000-7fa50aaa8000 r--s 0009c000 fd:02 161750758                  /home/user/.m2/repository/com/sun/jersey/jersey-server/1.19/jersey-server-1.19.jar
7fa50aaa8000-7fa50aaa9000 r--s 00006000 fd:02 161882300                  /home/user/.m2/repository/org/codehaus/jackson/jackson-xc/1.9.13/jackson-xc-1.9.13.jar
7fa50aaa9000-7fa50aaaa000 r--s 00004000 fd:02 161882282                  /home/user/.m2/repository/org/codehaus/jackson/jackson-jaxrs/1.9.13/jackson-jaxrs-1.9.13.jar
7fa50aaaa000-7fa50aab8000 r--s 000b1000 fd:02 161882291                  /home/user/.m2/repository/org/codehaus/jackson/jackson-mapper-asl/1.9.13/jackson-mapper-asl-1.9.13.jar
7fa50aab8000-7fa50aabc000 r--s 00035000 fd:02 161882273                  /home/user/.m2/repository/org/codehaus/jackson/jackson-core-asl/1.9.13/jackson-core-asl-1.9.13.jar
7fa50aabc000-7fa50aabf000 r--s 00016000 fd:02 161815009                  /home/user/.m2/repository/javax/xml/bind/jaxb-api/2.2.11/jaxb-api-2.2.11.jar
7fa50aabf000-7fa50aad2000 r--s 000c7000 fd:02 161750809                  /home/user/.m2/repository/com/sun/xml/bind/jaxb-impl/2.2.3-1/jaxb-impl-2.2.3-1.jar
7fa50aad2000-7fa50aad4000 r--s 0000f000 fd:02 161882310                  /home/user/.m2/repository/org/codehaus/jettison/jettison/1.1/jettison-1.1.jar
7fa50aad4000-7fa50aad8000 r--s 00025000 fd:02 161750743                  /home/user/.m2/repository/com/sun/jersey/jersey-json/1.19/jersey-json-1.19.jar
7fa50aad8000-7fa50aadc000 r--s 0001c000 fd:02 161750767                  /home/user/.m2/repository/com/sun/jersey/jersey-servlet/1.19/jersey-servlet-1.19.jar
7fa50aadc000-7fa50aade000 r--s 0000a000 fd:02 161814998                  /home/user/.m2/repository/javax/ws/rs/jsr311-api/1.1.1/jsr311-api-1.1.1.jar
7fa50aade000-7fa50aae8000 r--s 00061000 fd:02 161750734                  /home/user/.m2/repository/com/sun/jersey/jersey-core/1.19/jersey-core-1.19.jar
7fa50aae8000-7fa50aaeb000 r--s 00016000 fd:02 161814954                  /home/user/.m2/repository/javax/servlet/jsp/jsp-api/2.1/jsp-api-2.1.jar
7fa50aaeb000-7fa50aaec000 r--s 0000c000 fd:02 46010123                   /home/user/.m2/repository/org/eclipse/jetty/jetty-xml/9.3.25.v20180904/jetty-xml-9.3.25.v20180904.jar
7fa50aaec000-7fa50aaef000 r--s 0001a000 fd:02 45946072                   /home/user/.m2/repository/org/eclipse/jetty/jetty-webapp/9.3.25.v20180904/jetty-webapp-9.3.25.v20180904.jar
7fa50aaef000-7fa50aaf2000 r--s 00015000 fd:02 45882274                   /home/user/.m2/repository/org/eclipse/jetty/jetty-security/9.3.25.v20180904/jetty-security-9.3.25.v20180904.jar
7fa50aaf2000-7fa50aaf5000 r--s 0001b000 fd:02 45813346                   /home/user/.m2/repository/org/eclipse/jetty/jetty-servlet/9.3.25.v20180904/jetty-servlet-9.3.25.v20180904.jar
7fa50aaf5000-7fa50aafc000 r--s 00069000 fd:02 45617710                   /home/user/.m2/repository/org/eclipse/jetty/jetty-util/9.3.25.v20180904/jetty-util-9.3.25.v20180904.jar
7fa50aafc000-7fa50ab00000 r--s 0001b000 fd:02 45749114                   /home/user/.m2/repository/org/eclipse/jetty/jetty-io/9.3.25.v20180904/jetty-io-9.3.25.v20180904.jar
7fa50ab00000-7fa50ab03000 r--s 00022000 fd:02 45551935                   /home/user/.m2/repository/org/eclipse/jetty/jetty-http/9.3.25.v20180904/jetty-http-9.3.25.v20180904.jar
7fa50ab03000-7fa50ab0b000 r--s 00078000 fd:02 44371083                   /home/user/.m2/repository/org/eclipse/jetty/jetty-server/9.3.25.v20180904/jetty-server-9.3.25.v20180904.jar
7fa50ab0b000-7fa50ab0e000 r--s 00015000 fd:02 161814944                  /home/user/.m2/repository/javax/servlet/javax.servlet-api/3.1.0/javax.servlet-api-3.1.0.jar
7fa50ab0e000-7fa50ab1b000 r--s 00083000 fd:02 161751311                  /home/user/.m2/repository/commons-collections/commons-collections/3.2.2/commons-collections-3.2.2.jar
7fa50ab1b000-7fa50ab21000 r--s 00046000 fd:02 161751516                  /home/user/.m2/repository/commons-net/commons-net/3.6/commons-net-3.6.jar
7fa50ab21000-7fa50ab25000 r--s 0002f000 fd:02 161751422                  /home/user/.m2/repository/commons-io/commons-io/2.5/commons-io-2.5.jar
7fa50ab25000-7fa50ab2c000 r--s 0004b000 fd:02 161751243                  /home/user/.m2/repository/commons-codec/commons-codec/1.11/commons-codec-1.11.jar
7fa50ab2c000-7fa50ab33000 r--s 00049000 fd:02 161816111                  /home/user/.m2/repository/org/apache/httpcomponents/httpcore/4.4.4/httpcore-4.4.4.jar
7fa50ab33000-7fa50ab40000 r--s 000a7000 fd:02 161816058                  /home/user/.m2/repository/org/apache/httpcomponents/httpclient/4.5.2/httpclient-4.5.2.jar
7fa50ab40000-7fa50ab42000 r--s 00009000 fd:02 161751225                  /home/user/.m2/repository/commons-cli/commons-cli/1.2/commons-cli-1.2.jar
7fa50ab42000-7fa50abbb000 r--s 007c0000 fd:02 161099842                  /usr/lib/jvm/java-1.8-openjdk/lib/tools.jar
7fa50abbb000-7fa50abbc000 r--s 0000e000 fd:02 161815841                  /home/user/.m2/repository/org/apache/hadoop/hadoop-annotations/3.2.0/hadoop-annotations-3.2.0.jar
7fa50abbc000-7fa50abfa000 r--s 003aa000 fd:02 161815871                  /home/user/.m2/repository/org/apache/hadoop/hadoop-common/3.2.0/hadoop-common-3.2.0.jar
7fa50abfa000-7fa50ac00000 r--s 00033000 fd:02 161815033                  /home/user/.m2/repository/jaxen/jaxen/1.1.6/jaxen-1.1.6.jar
7fa50ac00000-7fa50ac01000 r--s 00002000 fd:02 161750015                  /home/user/.m2/repository/com/apple/AppleJavaExtensions/1.4/AppleJavaExtensions-1.4.jar
7fa50ac01000-7fa50ac06000 r--s 00041000 fd:02 161751446                  /home/user/.m2/repository/commons-lang/commons-lang/2.6/commons-lang-2.6.jar
7fa50ac06000-7fa50ac08000 r--s 0000c000 fd:02 161945727                  /home/user/.m2/repository/org/ow2/asm/asm/5.0.4/asm-5.0.4.jar
7fa50ac08000-7fa50ac0a000 r--s 00006000 fd:02 161945843                  /home/user/.m2/repository/org/ow2/asm/asm-tree/5.0.2/asm-tree-5.0.2.jar
7fa50ac0a000-7fa50ac0c000 r--s 00009000 fd:02 161945778                  /home/user/.m2/repository/org/ow2/asm/asm-commons/5.0.2/asm-commons-5.0.2.jar
7fa50ac0c000-7fa50ac11000 r--s 00058000 fd:02 161945797                  /home/user/.m2/repository/org/ow2/asm/asm-debug-all/5.0.2/asm-debug-all-5.0.2.jar
7fa50ac11000-7fa50ac16000 r--s 00016000 fd:02 161946639                  /home/user/.m2/repository/xml-apis/xml-apis/1.0.b2/xml-apis-1.0.b2.jar
7fa50ac16000-7fa50ac1b000 r--s 00048000 fd:02 161814486                  /home/user/.m2/repository/dom4j/dom4j/1.6.1/dom4j-1.6.1.jar
7fa50ac1b000-7fa50ac1d000 r--s 00005000 fd:02 161750230                  /home/user/.m2/repository/com/google/code/findbugs/jFormatString/2.0.1/jFormatString-2.0.1.jar
7fa50ac1d000-7fa50ac27000 r--s 0008c000 fd:02 161750212                  /home/user/.m2/repository/com/google/code/findbugs/bcel-findbugs/6.0/bcel-findbugs-6.0.jar
7fa50ac27000-7fa50ac2a000 r--s 00006000 fd:02 161750253                  /home/user/.m2/repository/com/google/code/findbugs/jsr305/3.0.0/jsr305-3.0.0.jar
7fa50ac2a000-7fa50ac2b000 r--s 00000000 fd:02 161815260                  /home/user/.m2/repository/net/jcip/jcip-annotations/1.0/jcip-annotations-1.0.jar
7fa50ac2b000-7fa50ac5a000 r--s 00371000 fd:02 161750221                  /home/user/.m2/repository/com/google/code/findbugs/findbugs/3.0.1/findbugs-3.0.1.jar
7fa50ac5a000-7fa50acb2000 r--s 003a7000 fd:02 161882195                  /home/user/.m2/repository/org/bouncycastle/bcprov-jdk15on/1.60/bcprov-jdk15on-1.60.jar
7fa50acb2000-7fa50acb8000 r--s 00045000 fd:02 161945323                  /home/user/.m2/repository/org/hamcrest/hamcrest-all/1.3/hamcrest-all-1.3.jar
7fa50acb8000-7fa50acd5000 r--s 0013e000 fd:02 161945537                  /home/user/.m2/repository/org/mockito/mockito-all/1.8.5/mockito-all-1.8.5.jar
7fa50acd5000-7fa50acd6000 r--s 00007000 fd:02 161945665                  /home/user/.m2/repository/org/openjdk/jmh/jmh-generator-annprocess/1.19/jmh-generator-annprocess-1.19.jar
7fa50acd6000-7fa50acf3000 r--s 0016a000 fd:02 161815616                  /home/user/.m2/repository/org/apache/commons/commons-math3/3.1.1/commons-math3-3.1.1.jar
7fa50acf3000-7fa50acf5000 r--s 0000e000 fd:02 161815296                  /home/user/.m2/repository/net/sf/jopt-simple/jopt-simple/4.6/jopt-simple-4.6.jar
7fa50acf5000-7fa50acfe000 r--s 00072000 fd:02 161945656                  /home/user/.m2/repository/org/openjdk/jmh/jmh-core/1.19/jmh-core-1.19.jar
7fa50acfe000-7fa50ad15000 r--s 00115000 fd:02 161882154                  /home/user/.m2/repository/org/assertj/assertj-core/3.8.0/assertj-core-3.8.0.jar
7fa50ad15000-7fa50ad17000 r--s 00009000 fd:02 161946083                  /home/user/.m2/repository/org/slf4j/slf4j-api/1.7.25/slf4j-api-1.7.25.jar
7fa50ad17000-7fa50ad1b000 r--s 0001e000 fd:02 161814509                  /home/user/.m2/repository/io/dropwizard/metrics/metrics-core/3.2.4/metrics-core-3.2.4.jar
7fa50ad1b000-7fa50ad1d000 r--s 00009000 fd:02 161945332                  /home/user/.m2/repository/org/hamcrest/hamcrest-core/1.3/hamcrest-core-1.3.jar
7fa50ad1d000-7fa50ad44000 r--s 00205000 fd:02 161814645                  /home/user/.m2/repository/io/netty/netty-all/4.0.52.Final/netty-all-4.0.52.Final.jar
7fa50ad44000-7fa50ad4a000 r--s 0003c000 fd:02 161946552                  /home/user/.m2/repository/org/yaml/snakeyaml/1.16/snakeyaml-1.16.jar
7fa50ad4a000-7fa50ad4b000 r--s 00002000 fd:02 161814820                  /home/user/.m2/repository/io/opentracing/opentracing-noop/0.31.0/opentracing-noop-0.31.0.jar
7fa50ad4b000-7fa50ad4d000 r--s 00002000 fd:02 161814811                  /home/user/.m2/repository/io/opentracing/opentracing-api/0.31.0/opentracing-api-0.31.0.jar
7fa50ad4d000-7fa50ad4e000 r--s 00001000 fd:02 161814829                  /home/user/.m2/repository/io/opentracing/opentracing-util/0.31.0/opentracing-util-0.31.0.jar
7fa50ad4e000-7fa50ad4f000 r--s 00001000 fd:02 161814796                  /home/user/.m2/repository/io/opentracing/contrib/opentracing-tracerresolver/0.1.5/opentracing-tracerresolver-0.1.5.jar
7fa50ad4f000-7fa50ad50000 r--s 00000000 fd:02 47779334                   /home/user/.m2/repository/io/jaegertracing/jaeger-tracerresolver/0.34.0/jaeger-tracerresolver-0.34.0.jar
7fa50ad50000-7fa50ad54000 r--s 0001c000 fd:02 47779332                   /home/user/.m2/repository/io/jaegertracing/jaeger-core/0.34.0/jaeger-core-0.34.0.jar
7fa50ad54000-7fa50ad55000 r--s 00013000 fd:02 161750682                  /home/user/.m2/repository/com/squareup/okio/okio/1.13.0/okio-1.13.0.jar
7fa50ad55000-7fa50ad5b000 r--s 0005e000 fd:02 161750666                  /home/user/.m2/repository/com/squareup/okhttp3/okhttp/3.9.0/okhttp-3.9.0.jar
7fa50ad5b000-7fa50ad61000 r--s 00037000 fd:02 47779330                   /home/user/.m2/repository/org/apache/thrift/libthrift/0.12.0/libthrift-0.12.0.jar
7fa50ad61000-7fa50ad6f000 r--s 0009e000 fd:02 47779328                   /home/user/.m2/repository/io/jaegertracing/jaeger-thrift/0.34.0/jaeger-thrift-0.34.0.jar
7fa50ad6f000-7fa50ad70000 r--s 00000000 fd:02 47715587                   /home/user/.m2/repository/io/jaegertracing/jaeger-client/0.34.0/jaeger-client-0.34.0.jar
7fa50ad70000-7fa50ad74000 r--s 00020000 fd:02 161751357                  /home/user/.m2/repository/commons-digester/commons-digester/1.8.1/commons-digester-1.8.1.jar
7fa50ad74000-7fa50ad78000 r--s 0002a000 fd:02 161814446                  /home/user/.m2/repository/commons-validator/commons-validator/1.6/commons-validator-1.6.jar
7fa50ad78000-7fa50ad8b000 r--s 000b0000 fd:02 161882186                  /home/user/.m2/repository/org/bouncycastle/bcpkix-jdk15on/1.60/bcpkix-jdk15on-1.60.jar
7fa50ad8b000-7fa50ad8e000 r--s 0001d000 fd:02 161815734                  /home/user/.m2/repository/org/apache/commons/commons-pool2/2.6.0/commons-pool2-2.6.0.jar
7fa50ad8e000-7fa50ad91000 r--s 00012000 fd:02 161750568                  /home/user/.m2/repository/com/lmax/disruptor/3.4.2/disruptor-3.4.2.jar
7fa50ad91000-7fa50adb1000 r--s 00167000 fd:02 161816338                  /home/user/.m2/repository/org/apache/logging/log4j/log4j-core/2.11.0/log4j-core-2.11.0.jar
7fa50adb1000-7fa50adb7000 r--s 0003b000 fd:02 161816329                  /home/user/.m2/repository/org/apache/logging/log4j/log4j-api/2.11.0/log4j-api-2.11.0.jar
7fa50adb7000-7fa50adbc000 r--s 00c4f000 fd:02 161946034                  /home/user/.m2/repository/org/rocksdb/rocksdbjni/6.0.1/rocksdbjni-6.0.1.jar
7fa50adbc000-7fa50adbf000 r--s 00018000 fd:02 47715584                   /home/user/.m2/repository/org/apache/ratis/ratis-grpc/0.4.0/ratis-grpc-0.4.0.jar
7fa50adbf000-7fa50adc1000 r--s 00007000 fd:02 47715582                   /home/user/.m2/repository/org/apache/ratis/ratis-netty/0.4.0/ratis-netty-0.4.0.jar
7fa50adc1000-7fa50adc3000 r--s 00009000 fd:02 47648658                   /home/user/.m2/repository/info/ganglia/gmetric4j/gmetric4j/1.0.7/gmetric4j-1.0.7.jar
7fa50adc3000-7fa50adc4000 r--s 00002000 fd:02 47648656                   /home/user/.m2/repository/io/dropwizard/metrics/metrics-ganglia/3.2.5/metrics-ganglia-3.2.5.jar
7fa50adc4000-7fa50adc6000 r--s 00008000 fd:02 47583099                   /home/user/.m2/repository/io/dropwizard/metrics/metrics-jvm/3.2.5/metrics-jvm-3.2.5.jar
7fa50adc6000-7fa50adc7000 r--s 00003000 fd:02 47517254                   /home/user/.m2/repository/com/github/joshelser/dropwizard-metrics-hadoop-metrics2-reporter/0.1.2/dropwizard-metrics-hadoop-metrics2-reporter-0.1.2.jar
7fa50adc7000-7fa50add5000 r--s 0010d000 fd:02 47452928                   /home/user/.m2/repository/org/apache/ratis/ratis-proto/0.4.0/ratis-proto-0.4.0.jar
7fa50add5000-7fa50aeaf000 r--s 00cc8000 fd:02 161881839                  /home/user/.m2/repository/org/apache/ratis/ratis-thirdparty-misc/0.2.0/ratis-thirdparty-misc-0.2.0.jar
7fa50aeaf000-7fa50aeb2000 ---p 00000000 00:00 0 
7fa50aeb2000-7fa50afb0000 rw-p 00000000 00:00 0 
7fa50afb0000-7fa50b1b7000 r-xp 00000000 fd:02 161099749                  /usr/lib/jvm/java-1.8-openjdk/jre/lib/amd64/libmanagement.so
7fa50b1b7000-7fa50b1b8000 r--p 00007000 fd:02 161099749                  /usr/lib/jvm/java-1.8-openjdk/jre/lib/amd64/libmanagement.so
7fa50b1b8000-7fa50b1b9000 rw-p 00008000 fd:02 161099749                  /usr/lib/jvm/java-1.8-openjdk/jre/lib/amd64/libmanagement.so
7fa50b1b9000-7fa50b1bc000 ---p 00000000 00:00 0 
7fa50b1bc000-7fa50b2ba000 rw-p 00000000 00:00 0 
7fa50b2ba000-7fa50b2bb000 ---p 00000000 00:00 0 
7fa50b2bb000-7fa50b3bc000 rw-p 00000000 00:00 0 
7fa50b3bc000-7fa50b3bf000 ---p 00000000 00:00 0 
7fa50b3bf000-7fa50b4bd000 rw-p 00000000 00:00 0 
7fa50b4bd000-7fa50b4be000 ---p 00000000 00:00 0 
7fa50b4be000-7fa50b4c1000 ---p 00000000 00:00 0 
7fa50b4c1000-7fa50b5bf000 rw-p 00000000 00:00 0 
7fa50b5bf000-7fa50b5c0000 ---p 00000000 00:00 0 
7fa50b5c0000-7fa50b5c3000 ---p 00000000 00:00 0 
7fa50b5c3000-7fa50b6c1000 rw-p 00000000 00:00 0 
7fa50b6c1000-7fa50b6c4000 ---p 00000000 00:00 0 
7fa50b6c4000-7fa50b7c2000 rw-p 00000000 00:00 0 
7fa50b7c2000-7fa50b7c5000 ---p 00000000 00:00 0 
7fa50b7c5000-7fa50b8c3000 rw-p 00000000 00:00 0 
7fa50b8c3000-7fa50b8c6000 ---p 00000000 00:00 0 
7fa50b8c6000-7fa50b9c4000 rw-p 00000000 00:00 0 
7fa50b9c4000-7fa50b9c5000 ---p 00000000 00:00 0 
7fa50b9c5000-7fa50c3cf000 rw-p 00000000 00:00 0 
7fa50c3cf000-7fa50c59f000 r--s 01f56000 fd:02 161099814                  /usr/lib/jvm/java-1.8-openjdk/jre/lib/rt.jar
7fa50c59f000-7fa511215000 rw-p 00000000 00:00 0 
7fa511215000-7fa511216000 ---p 00000000 00:00 0 
7fa511216000-7fa511317000 rw-p 00000000 00:00 0 
7fa511317000-7fa511318000 ---p 00000000 00:00 0 
7fa511318000-7fa511ad4000 rw-p 00000000 00:00 0 
7fa511ad4000-7fa511e85000 ---p 00000000 00:00 0 
7fa511e85000-7fa512235000 rwxp 00000000 00:00 0 
7fa512235000-7fa520e85000 ---p 00000000 00:00 0 
7fa520e85000-7fa52108c000 r-xp 00000000 fd:02 161099758                  /usr/lib/jvm/java-1.8-openjdk/jre/lib/amd64/libzip.so
7fa52108c000-7fa52108d000 r--p 00007000 fd:02 161099758                  /usr/lib/jvm/java-1.8-openjdk/jre/lib/amd64/libzip.so
7fa52108d000-7fa52108e000 rw-p 00008000 fd:02 161099758                  /usr/lib/jvm/java-1.8-openjdk/jre/lib/amd64/libzip.so
7fa52108e000-7fa5212b9000 r-xp 00000000 fd:02 161099739                  /usr/lib/jvm/java-1.8-openjdk/jre/lib/amd64/libjava.so
7fa5212b9000-7fa5212ba000 r--p 0002b000 fd:02 161099739                  /usr/lib/jvm/java-1.8-openjdk/jre/lib/amd64/libjava.so
7fa5212ba000-7fa5212bb000 rw-p 0002c000 fd:02 161099739                  /usr/lib/jvm/java-1.8-openjdk/jre/lib/amd64/libjava.so
7fa5212bb000-7fa5212bc000 rw-p 00000000 00:00 0 
7fa5212bc000-7fa5214c8000 r-xp 00000000 fd:02 161099757                  /usr/lib/jvm/java-1.8-openjdk/jre/lib/amd64/libverify.so
7fa5214c8000-7fa5214ca000 r--p 0000c000 fd:02 161099757                  /usr/lib/jvm/java-1.8-openjdk/jre/lib/amd64/libverify.so
7fa5214ca000-7fa5214cb000 rw-p 0000e000 fd:02 161099757                  /usr/lib/jvm/java-1.8-openjdk/jre/lib/amd64/libverify.so
7fa5214cb000-7fa5216db000 r-xp 00000000 fd:02 161099915                  /usr/lib/libgcc_s.so.1
7fa5216db000-7fa5216dc000 r--p 00010000 fd:02 161099915                  /usr/lib/libgcc_s.so.1
7fa5216dc000-7fa5216dd000 rw-p 00011000 fd:02 161099915                  /usr/lib/libgcc_s.so.1
7fa5216dd000-7fa521a1e000 r-xp 00000000 fd:02 161100038                  /usr/lib/libstdc++.so.6.0.22
7fa521a1e000-7fa521a2c000 r--p 00141000 fd:02 161100038                  /usr/lib/libstdc++.so.6.0.22
7fa521a2c000-7fa521a2d000 rw-p 0014f000 fd:02 161100038                  /usr/lib/libstdc++.so.6.0.22
7fa521a2d000-7fa521a30000 rw-p 00000000 00:00 0 
7fa521a30000-7fa522404000 r-xp 00000000 fd:02 161099762                  /usr/lib/jvm/java-1.8-openjdk/jre/lib/amd64/server/libjvm.so
7fa522404000-7fa52249a000 r--p 007d4000 fd:02 161099762                  /usr/lib/jvm/java-1.8-openjdk/jre/lib/amd64/server/libjvm.so
7fa52249a000-7fa5224c2000 rw-p 0086a000 fd:02 161099762                  /usr/lib/jvm/java-1.8-openjdk/jre/lib/amd64/server/libjvm.so
7fa5224c2000-7fa5224f3000 rw-p 00000000 00:00 0 
7fa5224f3000-7fa522708000 r-xp 00000000 fd:02 140248038                  /lib/libz.so.1.2.11
7fa522708000-7fa522709000 r--p 00015000 fd:02 140248038                  /lib/libz.so.1.2.11
7fa522709000-7fa52270a000 rw-p 00016000 fd:02 140248038                  /lib/libz.so.1.2.11
7fa52270a000-7fa522916000 r-xp 00000000 fd:02 161099723                  /usr/lib/jvm/java-1.8-openjdk/jre/lib/amd64/jli/libjli.so
7fa522916000-7fa522917000 r--p 0000c000 fd:02 161099723                  /usr/lib/jvm/java-1.8-openjdk/jre/lib/amd64/jli/libjli.so
7fa522917000-7fa522918000 rw-p 0000d000 fd:02 161099723                  /usr/lib/jvm/java-1.8-openjdk/jre/lib/amd64/jli/libjli.so
7fa522918000-7fa5229a5000 r-xp 00000000 fd:02 161093890                  /lib/ld-musl-x86_64.so.1
7fa5229a5000-7fa5229a6000 r--s 00006000 fd:02 47517251                   /home/user/.m2/repository/org/apache/ratis/ratis-metrics/0.4.0/ratis-metrics-0.4.0.jar
7fa5229a6000-7fa5229a8000 r--s 0000c000 fd:02 47517249                   /home/user/.m2/repository/org/apache/ratis/ratis-client/0.4.0/ratis-client-0.4.0.jar
7fa5229a8000-7fa5229ad000 r--s 0003a000 fd:02 47452930                   /home/user/.m2/repository/org/apache/ratis/ratis-common/0.4.0/ratis-common-0.4.0.jar
7fa5229ad000-7fa5229b3000 r--s 00050000 fd:02 47452926                   /home/user/.m2/repository/org/apache/ratis/ratis-server/0.4.0/ratis-server-0.4.0.jar
7fa5229b3000-7fa5229b6000 r--s 000fd000 fd:02 161945044                  /home/user/.m2/repository/org/fusesource/leveldbjni/leveldbjni-all/1.8/leveldbjni-all-1.8.jar
7fa5229b6000-7fa5229b8000 r--s 00005000 fd:02 161814883                  /home/user/.m2/repository/javax/annotation/javax.annotation-api/1.2/javax.annotation-api-1.2.jar
7fa5229b8000-7fa5229ba000 r--s 00002000 fd:02 161881438                  /home/user/.m2/repository/org/apache/maven/surefire/surefire-logger-api/3.0.0-M1/surefire-logger-api-3.0.0-M1.jar
7fa5229ba000-7fa5229bf000 r--s 00027000 fd:02 161881420                  /home/user/.m2/repository/org/apache/maven/surefire/surefire-api/3.0.0-M1/surefire-api-3.0.0-M1.jar
7fa5229bf000-7fa5229c5000 r--s 00047000 fd:02 161881429                  /home/user/.m2/repository/org/apache/maven/surefire/surefire-booter/3.0.0-M1/surefire-booter-3.0.0-M1.jar
7fa5229c5000-7fa5229c6000 r--s 00004000 fd:05 16646194                   /workdir/hadoop-hdds/server-scm/target/surefire/surefirebooter2011018062081560085.jar
7fa5229c6000-7fa5229c7000 r--s 00000000 fd:02 140247974                  /etc/localtime
7fa5229c7000-7fa522a98000 rw-p 00000000 00:00 0 
7fa522a98000-7fa522aa0000 rw-s 00000000 fd:02 44437630                   /tmp/hsperfdata_jenkins1000/6465
7fa522aa0000-7fa522aa1000 rw-p 00000000 00:00 0 
7fa522aa1000-7fa522aa2000 r--p 00000000 00:00 0 
7fa522aa2000-7fa522aa4000 ---p 00000000 00:00 0 
7fa522aa4000-7fa522aa7000 ---p 00000000 00:00 0 
7fa522aa7000-7fa522ba5000 rw-p 00000000 00:00 0 
7fa522ba5000-7fa522ba6000 r--p 0008d000 fd:02 161093890                  /lib/ld-musl-x86_64.so.1
7fa522ba6000-7fa522ba7000 rw-p 0008e000 fd:02 161093890                  /lib/ld-musl-x86_64.so.1
7fa522ba7000-7fa522baa000 rw-p 00000000 00:00 0 
7ffee4502000-7ffee4524000 rw-p 00000000 00:00 0                          [stack]
7ffee45ec000-7ffee45ee000 r-xp 00000000 00:00 0                          [vdso]
ffffffffff600000-ffffffffff601000 r-xp 00000000 00:00 0                  [vsyscall]

VM Arguments:
jvm_args: -Xmx2048m -XX:+HeapDumpOnOutOfMemoryError 
java_command: /workdir/hadoop-hdds/server-scm/target/surefire/surefirebooter2011018062081560085.jar /workdir/hadoop-hdds/server-scm/target/surefire 2019-09-24T01-05-57_067-jvmRun1 surefire4055575664122475311tmp surefire_656178157961239775475tmp
java_class_path (initial): /workdir/hadoop-hdds/server-scm/target/surefire/surefirebooter2011018062081560085.jar
Launcher Type: SUN_STANDARD

Environment Variables:
PATH=/usr/local/sbin:/usr/local/bin:/usr/sbin:/usr/bin:/sbin:/bin:/opt/findbugs/bin:/opt/blockade/bin
LD_LIBRARY_PATH=/usr/lib/jvm/java-1.8-openjdk/jre/lib/amd64/server:/usr/lib/jvm/java-1.8-openjdk/jre/lib/amd64:/usr/lib/jvm/java-1.8-openjdk/jre/../lib/amd64:/workdir/hadoop-hdds/server-scm/target/native/target/usr/local/lib:/workdir/hadoop-hdds/server-scm/../../hadoop-common-project/hadoop-common/target/native/target/usr/local/lib
DYLD_LIBRARY_PATH=${env.DYLD_LIBRARY_PATH}:/workdir/hadoop-hdds/server-scm/target/native/target/usr/local/lib:/workdir/hadoop-hdds/server-scm/../../hadoop-common-project/hadoop-common/target/native/target/usr/local/lib

Signal Handlers:
SIGSEGV: [libjvm.so+0x600fd2], sa_mask[0]=11111111011111111101111111111110, sa_flags=SA_RESTART|SA_SIGINFO
SIGBUS: [libjvm.so+0x600fd2], sa_mask[0]=11111111011111111101111111111110, sa_flags=SA_RESTART|SA_SIGINFO
SIGFPE: [libjvm.so+0x539502], sa_mask[0]=11111111011111111101111111111110, sa_flags=SA_RESTART|SA_SIGINFO
SIGPIPE: [libjvm.so+0x539502], sa_mask[0]=11111111011111111101111111111110, sa_flags=SA_RESTART|SA_SIGINFO
SIGXFSZ: [libjvm.so+0x539502], sa_mask[0]=11111111011111111101111111111110, sa_flags=SA_RESTART|SA_SIGINFO
SIGILL: [libjvm.so+0x539502], sa_mask[0]=11111111011111111101111111111110, sa_flags=SA_RESTART|SA_SIGINFO
SIGUSR1: SIG_DFL, sa_mask[0]=00000000000000000000000000000000, sa_flags=none
SIGUSR2: [libjvm.so+0x5396a1], sa_mask[0]=00100000000000000000000000000000, sa_flags=SA_RESTART|SA_SIGINFO
SIGHUP: [libjvm.so+0x53b719], sa_mask[0]=11111111011111111101111111111110, sa_flags=SA_RESTART|SA_SIGINFO
SIGINT: [libjvm.so+0x53b719], sa_mask[0]=11111111011111111101111111111110, sa_flags=SA_RESTART|SA_SIGINFO
SIGTERM: [libjvm.so+0x53b719], sa_mask[0]=11111111011111111101111111111110, sa_flags=SA_RESTART|SA_SIGINFO
SIGQUIT: [libjvm.so+0x53b719], sa_mask[0]=11111111011111111101111111111110, sa_flags=SA_RESTART|SA_SIGINFO


---------------  S Y S T E M  ---------------

OS:NAME="Alpine Linux"
ID=alpine
VERSION_ID=3.8.2
PRETTY_NAME="Alpine Linux v3.8"
HOME_URL="http://alpinelinux.org"
BUG_REPORT_URL="http://bugs.alpinelinux.org"

uname:Linux 3.10.0-957.12.2.el7.x86_64 #1 SMP Tue May 14 21:24:32 UTC 2019 x86_64
libc:glibc 2.9 NPTL 
rlimit: STACK 8192k, CORE infinity, NPROC 1048576, NOFILE 1048576, AS infinity
load average:7.34 6.99 4.96

/proc/meminfo:
MemTotal:       263864160 kB
MemFree:        10838180 kB
MemAvailable:   191228416 kB
Buffers:         2763180 kB
Cached:         82352832 kB
SwapCached:            0 kB
Active:         49891980 kB
Inactive:       46833372 kB
Active(anon):   13801636 kB
Inactive(anon):  2325920 kB
Active(file):   36090344 kB
Inactive(file): 44507452 kB
Unevictable:       13856 kB
Mlocked:           13856 kB
SwapTotal:             0 kB
SwapFree:              0 kB
Dirty:             32680 kB
Writeback:             4 kB
AnonPages:      11624052 kB
Mapped:           266244 kB
Shmem:           4514120 kB
Slab:           149396488 kB
SReclaimable:   100676532 kB
SUnreclaim:     48719956 kB
KernelStack:       40976 kB
PageTables:        39752 kB
NFS_Unstable:          0 kB
Bounce:                0 kB
WritebackTmp:          0 kB
CommitLimit:    131932080 kB
Committed_AS:   27822540 kB
VmallocTotal:   34359738367 kB
VmallocUsed:      755576 kB
VmallocChunk:   34224591456 kB
HardwareCorrupted:     0 kB
AnonHugePages:   7331840 kB
CmaTotal:              0 kB
CmaFree:               0 kB
HugePages_Total:       0
HugePages_Free:        0
HugePages_Rsvd:        0
HugePages_Surp:        0
Hugepagesize:       2048 kB
DirectMap4k:      377576 kB
DirectMap2M:    18388992 kB
DirectMap1G:    251658240 kB

container (cgroup) information:
container_type: cgroupv1
cpu_cpuset_cpus: 0-31
cpu_memory_nodes: 0-1
active_processor_count: 2
cpu_quota: -1
cpu_period: 100000
cpu_shares: 2048
memory_limit_in_bytes: -1
memory_and_swap_limit_in_bytes: -1
memory_soft_limit_in_bytes: -1
memory_usage_in_bytes: 7336329216
memory_max_usage_in_bytes: 8548724736


CPU:total 32 (initial active 2) (8 cores per cpu, 2 threads per core) family 6 model 63 stepping 2, cmov, cx8, fxsr, mmx, sse, sse2, sse3, ssse3, sse4.1, sse4.2, popcnt, avx, avx2, aes, clmul, erms, lzcnt, ht, tsc, tscinvbit, bmi1, bmi2

/proc/cpuinfo:
processor	: 0
vendor_id	: GenuineIntel
cpu family	: 6
model		: 63
model name	: Intel(R) Xeon(R) CPU E5-2630 v3 @ 2.40GHz
stepping	: 2
microcode	: 0x43
cpu MHz		: 2399.853
cache size	: 20480 KB
physical id	: 0
siblings	: 16
core id		: 0
cpu cores	: 8
apicid		: 0
initial apicid	: 0
fpu		: yes
fpu_exception	: yes
cpuid level	: 15
wp		: yes
flags		: fpu vme de pse tsc msr pae mce cx8 apic sep mtrr pge mca cmov pat pse36 clflush dts acpi mmx fxsr sse sse2 ss ht tm pbe syscall nx pdpe1gb rdtscp lm constant_tsc arch_perfmon pebs bts rep_good nopl xtopology nonstop_tsc aperfmperf eagerfpu pni pclmulqdq dtes64 monitor ds_cpl vmx smx est tm2 ssse3 sdbg fma cx16 xtpr pdcm pcid dca sse4_1 sse4_2 x2apic movbe popcnt tsc_deadline_timer aes xsave avx f16c rdrand lahf_lm abm epb intel_ppin ssbd ibrs ibpb stibp tpr_shadow vnmi flexpriority ept vpid fsgsbase tsc_adjust bmi1 avx2 smep bmi2 erms invpcid cqm xsaveopt cqm_llc cqm_occup_llc dtherm ida arat pln pts md_clear spec_ctrl intel_stibp flush_l1d
bogomips	: 4788.77
clflush size	: 64
cache_alignment	: 64
address sizes	: 46 bits physical, 48 bits virtual
power management:

processor	: 1
vendor_id	: GenuineIntel
cpu family	: 6
model		: 63
model name	: Intel(R) Xeon(R) CPU E5-2630 v3 @ 2.40GHz
stepping	: 2
microcode	: 0x43
cpu MHz		: 1943.554
cache size	: 20480 KB
physical id	: 0
siblings	: 16
core id		: 1
cpu cores	: 8
apicid		: 2
initial apicid	: 2
fpu		: yes
fpu_exception	: yes
cpuid level	: 15
wp		: yes
flags		: fpu vme de pse tsc msr pae mce cx8 apic sep mtrr pge mca cmov pat pse36 clflush dts acpi mmx fxsr sse sse2 ss ht tm pbe syscall nx pdpe1gb rdtscp lm constant_tsc arch_perfmon pebs bts rep_good nopl xtopology nonstop_tsc aperfmperf eagerfpu pni pclmulqdq dtes64 monitor ds_cpl vmx smx est tm2 ssse3 sdbg fma cx16 xtpr pdcm pcid dca sse4_1 sse4_2 x2apic movbe popcnt tsc_deadline_timer aes xsave avx f16c rdrand lahf_lm abm epb intel_ppin ssbd ibrs ibpb stibp tpr_shadow vnmi flexpriority ept vpid fsgsbase tsc_adjust bmi1 avx2 smep bmi2 erms invpcid cqm xsaveopt cqm_llc cqm_occup_llc dtherm ida arat pln pts md_clear spec_ctrl intel_stibp flush_l1d
bogomips	: 4788.77
clflush size	: 64
cache_alignment	: 64
address sizes	: 46 bits physical, 48 bits virtual
power management:

processor	: 2
vendor_id	: GenuineIntel
cpu family	: 6
model		: 63
model name	: Intel(R) Xeon(R) CPU E5-2630 v3 @ 2.40GHz
stepping	: 2
microcode	: 0x43
cpu MHz		: 1222.265
cache size	: 20480 KB
physical id	: 0
siblings	: 16
core id		: 2
cpu cores	: 8
apicid		: 4
initial apicid	: 4
fpu		: yes
fpu_exception	: yes
cpuid level	: 15
wp		: yes
flags		: fpu vme de pse tsc msr pae mce cx8 apic sep mtrr pge mca cmov pat pse36 clflush dts acpi mmx fxsr sse sse2 ss ht tm pbe syscall nx pdpe1gb rdtscp lm constant_tsc arch_perfmon pebs bts rep_good nopl xtopology nonstop_tsc aperfmperf eagerfpu pni pclmulqdq dtes64 monitor ds_cpl vmx smx est tm2 ssse3 sdbg fma cx16 xtpr pdcm pcid dca sse4_1 sse4_2 x2apic movbe popcnt tsc_deadline_timer aes xsave avx f16c rdrand lahf_lm abm epb intel_ppin ssbd ibrs ibpb stibp tpr_shadow vnmi flexpriority ept vpid fsgsbase tsc_adjust bmi1 avx2 smep bmi2 erms invpcid cqm xsaveopt cqm_llc cqm_occup_llc dtherm ida arat pln pts md_clear spec_ctrl intel_stibp flush_l1d
bogomips	: 4788.77
clflush size	: 64
cache_alignment	: 64
address sizes	: 46 bits physical, 48 bits virtual
power management:

processor	: 3
vendor_id	: GenuineIntel
cpu family	: 6
model		: 63
model name	: Intel(R) Xeon(R) CPU E5-2630 v3 @ 2.40GHz
stepping	: 2
microcode	: 0x43
cpu MHz		: 2896.728
cache size	: 20480 KB
physical id	: 0
siblings	: 16
core id		: 3
cpu cores	: 8
apicid		: 6
initial apicid	: 6
fpu		: yes
fpu_exception	: yes
cpuid level	: 15
wp		: yes
flags		: fpu vme de pse tsc msr pae mce cx8 apic sep mtrr pge mca cmov pat pse36 clflush dts acpi mmx fxsr sse sse2 ss ht tm pbe syscall nx pdpe1gb rdtscp lm constant_tsc arch_perfmon pebs bts rep_good nopl xtopology nonstop_tsc aperfmperf eagerfpu pni pclmulqdq dtes64 monitor ds_cpl vmx smx est tm2 ssse3 sdbg fma cx16 xtpr pdcm pcid dca sse4_1 sse4_2 x2apic movbe popcnt tsc_deadline_timer aes xsave avx f16c rdrand lahf_lm abm epb intel_ppin ssbd ibrs ibpb stibp tpr_shadow vnmi flexpriority ept vpid fsgsbase tsc_adjust bmi1 avx2 smep bmi2 erms invpcid cqm xsaveopt cqm_llc cqm_occup_llc dtherm ida arat pln pts md_clear spec_ctrl intel_stibp flush_l1d
bogomips	: 4788.77
clflush size	: 64
cache_alignment	: 64
address sizes	: 46 bits physical, 48 bits virtual
power management:

processor	: 4
vendor_id	: GenuineIntel
cpu family	: 6
model		: 63
model name	: Intel(R) Xeon(R) CPU E5-2630 v3 @ 2.40GHz
stepping	: 2
microcode	: 0x43
cpu MHz		: 1222.412
cache size	: 20480 KB
physical id	: 0
siblings	: 16
core id		: 4
cpu cores	: 8
apicid		: 8
initial apicid	: 8
fpu		: yes
fpu_exception	: yes
cpuid level	: 15
wp		: yes
flags		: fpu vme de pse tsc msr pae mce cx8 apic sep mtrr pge mca cmov pat pse36 clflush dts acpi mmx fxsr sse sse2 ss ht tm pbe syscall nx pdpe1gb rdtscp lm constant_tsc arch_perfmon pebs bts rep_good nopl xtopology nonstop_tsc aperfmperf eagerfpu pni pclmulqdq dtes64 monitor ds_cpl vmx smx est tm2 ssse3 sdbg fma cx16 xtpr pdcm pcid dca sse4_1 sse4_2 x2apic movbe popcnt tsc_deadline_timer aes xsave avx f16c rdrand lahf_lm abm epb intel_ppin ssbd ibrs ibpb stibp tpr_shadow vnmi flexpriority ept vpid fsgsbase tsc_adjust bmi1 avx2 smep bmi2 erms invpcid cqm xsaveopt cqm_llc cqm_occup_llc dtherm ida arat pln pts md_clear spec_ctrl intel_stibp flush_l1d
bogomips	: 4788.77
clflush size	: 64
cache_alignment	: 64
address sizes	: 46 bits physical, 48 bits virtual
power management:

processor	: 5
vendor_id	: GenuineIntel
cpu family	: 6
model		: 63
model name	: Intel(R) Xeon(R) CPU E5-2630 v3 @ 2.40GHz
stepping	: 2
microcode	: 0x43
cpu MHz		: 1298.291
cache size	: 20480 KB
physical id	: 0
siblings	: 16
core id		: 5
cpu cores	: 8
apicid		: 10
initial apicid	: 10
fpu		: yes
fpu_exception	: yes
cpuid level	: 15
wp		: yes
flags		: fpu vme de pse tsc msr pae mce cx8 apic sep mtrr pge mca cmov pat pse36 clflush dts acpi mmx fxsr sse sse2 ss ht tm pbe syscall nx pdpe1gb rdtscp lm constant_tsc arch_perfmon pebs bts rep_good nopl xtopology nonstop_tsc aperfmperf eagerfpu pni pclmulqdq dtes64 monitor ds_cpl vmx smx est tm2 ssse3 sdbg fma cx16 xtpr pdcm pcid dca sse4_1 sse4_2 x2apic movbe popcnt tsc_deadline_timer aes xsave avx f16c rdrand lahf_lm abm epb intel_ppin ssbd ibrs ibpb stibp tpr_shadow vnmi flexpriority ept vpid fsgsbase tsc_adjust bmi1 avx2 smep bmi2 erms invpcid cqm xsaveopt cqm_llc cqm_occup_llc dtherm ida arat pln pts md_clear spec_ctrl intel_stibp flush_l1d
bogomips	: 4788.77
clflush size	: 64
cache_alignment	: 64
address sizes	: 46 bits physical, 48 bits virtual
power management:

processor	: 6
vendor_id	: GenuineIntel
cpu family	: 6
model		: 63
model name	: Intel(R) Xeon(R) CPU E5-2630 v3 @ 2.40GHz
stepping	: 2
microcode	: 0x43
cpu MHz		: 1208.203
cache size	: 20480 KB
physical id	: 0
siblings	: 16
core id		: 6
cpu cores	: 8
apicid		: 12
initial apicid	: 12
fpu		: yes
fpu_exception	: yes
cpuid level	: 15
wp		: yes
flags		: fpu vme de pse tsc msr pae mce cx8 apic sep mtrr pge mca cmov pat pse36 clflush dts acpi mmx fxsr sse sse2 ss ht tm pbe syscall nx pdpe1gb rdtscp lm constant_tsc arch_perfmon pebs bts rep_good nopl xtopology nonstop_tsc aperfmperf eagerfpu pni pclmulqdq dtes64 monitor ds_cpl vmx smx est tm2 ssse3 sdbg fma cx16 xtpr pdcm pcid dca sse4_1 sse4_2 x2apic movbe popcnt tsc_deadline_timer aes xsave avx f16c rdrand lahf_lm abm epb intel_ppin ssbd ibrs ibpb stibp tpr_shadow vnmi flexpriority ept vpid fsgsbase tsc_adjust bmi1 avx2 smep bmi2 erms invpcid cqm xsaveopt cqm_llc cqm_occup_llc dtherm ida arat pln pts md_clear spec_ctrl intel_stibp flush_l1d
bogomips	: 4788.77
clflush size	: 64
cache_alignment	: 64
address sizes	: 46 bits physical, 48 bits virtual
power management:

processor	: 7
vendor_id	: GenuineIntel
cpu family	: 6
model		: 63
model name	: Intel(R) Xeon(R) CPU E5-2630 v3 @ 2.40GHz
stepping	: 2
microcode	: 0x43
cpu MHz		: 1485.058
cache size	: 20480 KB
physical id	: 0
siblings	: 16
core id		: 7
cpu cores	: 8
apicid		: 14
initial apicid	: 14
fpu		: yes
fpu_exception	: yes
cpuid level	: 15
wp		: yes
flags		: fpu vme de pse tsc msr pae mce cx8 apic sep mtrr pge mca cmov pat pse36 clflush dts acpi mmx fxsr sse sse2 ss ht tm pbe syscall nx pdpe1gb rdtscp lm constant_tsc arch_perfmon pebs bts rep_good nopl xtopology nonstop_tsc aperfmperf eagerfpu pni pclmulqdq dtes64 monitor ds_cpl vmx smx est tm2 ssse3 sdbg fma cx16 xtpr pdcm pcid dca sse4_1 sse4_2 x2apic movbe popcnt tsc_deadline_timer aes xsave avx f16c rdrand lahf_lm abm epb intel_ppin ssbd ibrs ibpb stibp tpr_shadow vnmi flexpriority ept vpid fsgsbase tsc_adjust bmi1 avx2 smep bmi2 erms invpcid cqm xsaveopt cqm_llc cqm_occup_llc dtherm ida arat pln pts md_clear spec_ctrl intel_stibp flush_l1d
bogomips	: 4788.77
clflush size	: 64
cache_alignment	: 64
address sizes	: 46 bits physical, 48 bits virtual
power management:

processor	: 8
vendor_id	: GenuineIntel
cpu family	: 6
model		: 63
model name	: Intel(R) Xeon(R) CPU E5-2630 v3 @ 2.40GHz
stepping	: 2
microcode	: 0x43
cpu MHz		: 2254.687
cache size	: 20480 KB
physical id	: 1
siblings	: 16
core id		: 0
cpu cores	: 8
apicid		: 16
initial apicid	: 16
fpu		: yes
fpu_exception	: yes
cpuid level	: 15
wp		: yes
flags		: fpu vme de pse tsc msr pae mce cx8 apic sep mtrr pge mca cmov pat pse36 clflush dts acpi mmx fxsr sse sse2 ss ht tm pbe syscall nx pdpe1gb rdtscp lm constant_tsc arch_perfmon pebs bts rep_good nopl xtopology nonstop_tsc aperfmperf eagerfpu pni pclmulqdq dtes64 monitor ds_cpl vmx smx est tm2 ssse3 sdbg fma cx16 xtpr pdcm pcid dca sse4_1 sse4_2 x2apic movbe popcnt tsc_deadline_timer aes xsave avx f16c rdrand lahf_lm abm epb intel_ppin ssbd ibrs ibpb stibp tpr_shadow vnmi flexpriority ept vpid fsgsbase tsc_adjust bmi1 avx2 smep bmi2 erms invpcid cqm xsaveopt cqm_llc cqm_occup_llc dtherm ida arat pln pts md_clear spec_ctrl intel_stibp flush_l1d
bogomips	: 4794.61
clflush size	: 64
cache_alignment	: 64
address sizes	: 46 bits physical, 48 bits virtual
power management:

processor	: 9
vendor_id	: GenuineIntel
cpu family	: 6
model		: 63
model name	: Intel(R) Xeon(R) CPU E5-2630 v3 @ 2.40GHz
stepping	: 2
microcode	: 0x43
cpu MHz		: 2400.146
cache size	: 20480 KB
physical id	: 1
siblings	: 16
core id		: 1
cpu cores	: 8
apicid		: 18
initial apicid	: 18
fpu		: yes
fpu_exception	: yes
cpuid level	: 15
wp		: yes
flags		: fpu vme de pse tsc msr pae mce cx8 apic sep mtrr pge mca cmov pat pse36 clflush dts acpi mmx fxsr sse sse2 ss ht tm pbe syscall nx pdpe1gb rdtscp lm constant_tsc arch_perfmon pebs bts rep_good nopl xtopology nonstop_tsc aperfmperf eagerfpu pni pclmulqdq dtes64 monitor ds_cpl vmx smx est tm2 ssse3 sdbg fma cx16 xtpr pdcm pcid dca sse4_1 sse4_2 x2apic movbe popcnt tsc_deadline_timer aes xsave avx f16c rdrand lahf_lm abm epb intel_ppin ssbd ibrs ibpb stibp tpr_shadow vnmi flexpriority ept vpid fsgsbase tsc_adjust bmi1 avx2 smep bmi2 erms invpcid cqm xsaveopt cqm_llc cqm_occup_llc dtherm ida arat pln pts md_clear spec_ctrl intel_stibp flush_l1d
bogomips	: 4794.61
clflush size	: 64
cache_alignment	: 64
address sizes	: 46 bits physical, 48 bits virtual
power management:

processor	: 10
vendor_id	: GenuineIntel
cpu family	: 6
model		: 63
model name	: Intel(R) Xeon(R) CPU E5-2630 v3 @ 2.40GHz
stepping	: 2
microcode	: 0x43
cpu MHz		: 2399.853
cache size	: 20480 KB
physical id	: 1
siblings	: 16
core id		: 2
cpu cores	: 8
apicid		: 20
initial apicid	: 20
fpu		: yes
fpu_exception	: yes
cpuid level	: 15
wp		: yes
flags		: fpu vme de pse tsc msr pae mce cx8 apic sep mtrr pge mca cmov pat pse36 clflush dts acpi mmx fxsr sse sse2 ss ht tm pbe syscall nx pdpe1gb rdtscp lm constant_tsc arch_perfmon pebs bts rep_good nopl xtopology nonstop_tsc aperfmperf eagerfpu pni pclmulqdq dtes64 monitor ds_cpl vmx smx est tm2 ssse3 sdbg fma cx16 xtpr pdcm pcid dca sse4_1 sse4_2 x2apic movbe popcnt tsc_deadline_timer aes xsave avx f16c rdrand lahf_lm abm epb intel_ppin ssbd ibrs ibpb stibp tpr_shadow vnmi flexpriority ept vpid fsgsbase tsc_adjust bmi1 avx2 smep bmi2 erms invpcid cqm xsaveopt cqm_llc cqm_occup_llc dtherm ida arat pln pts md_clear spec_ctrl intel_stibp flush_l1d
bogomips	: 4794.61
clflush size	: 64
cache_alignment	: 64
address sizes	: 46 bits physical, 48 bits virtual
power management:

processor	: 11
vendor_id	: GenuineIntel
cpu family	: 6
model		: 63
model name	: Intel(R) Xeon(R) CPU E5-2630 v3 @ 2.40GHz
stepping	: 2
microcode	: 0x43
cpu MHz		: 1882.763
cache size	: 20480 KB
physical id	: 1
siblings	: 16
core id		: 3
cpu cores	: 8
apicid		: 22
initial apicid	: 22
fpu		: yes
fpu_exception	: yes
cpuid level	: 15
wp		: yes
flags		: fpu vme de pse tsc msr pae mce cx8 apic sep mtrr pge mca cmov pat pse36 clflush dts acpi mmx fxsr sse sse2 ss ht tm pbe syscall nx pdpe1gb rdtscp lm constant_tsc arch_perfmon pebs bts rep_good nopl xtopology nonstop_tsc aperfmperf eagerfpu pni pclmulqdq dtes64 monitor ds_cpl vmx smx est tm2 ssse3 sdbg fma cx16 xtpr pdcm pcid dca sse4_1 sse4_2 x2apic movbe popcnt tsc_deadline_timer aes xsave avx f16c rdrand lahf_lm abm epb intel_ppin ssbd ibrs ibpb stibp tpr_shadow vnmi flexpriority ept vpid fsgsbase tsc_adjust bmi1 avx2 smep bmi2 erms invpcid cqm xsaveopt cqm_llc cqm_occup_llc dtherm ida arat pln pts md_clear spec_ctrl intel_stibp flush_l1d
bogomips	: 4794.61
clflush size	: 64
cache_alignment	: 64
address sizes	: 46 bits physical, 48 bits virtual
power management:

processor	: 12
vendor_id	: GenuineIntel
cpu family	: 6
model		: 63
model name	: Intel(R) Xeon(R) CPU E5-2630 v3 @ 2.40GHz
stepping	: 2
microcode	: 0x43
cpu MHz		: 2400.292
cache size	: 20480 KB
physical id	: 1
siblings	: 16
core id		: 4
cpu cores	: 8
apicid		: 24
initial apicid	: 24
fpu		: yes
fpu_exception	: yes
cpuid level	: 15
wp		: yes
flags		: fpu vme de pse tsc msr pae mce cx8 apic sep mtrr pge mca cmov pat pse36 clflush dts acpi mmx fxsr sse sse2 ss ht tm pbe syscall nx pdpe1gb rdtscp lm constant_tsc arch_perfmon pebs bts rep_good nopl xtopology nonstop_tsc aperfmperf eagerfpu pni pclmulqdq dtes64 monitor ds_cpl vmx smx est tm2 ssse3 sdbg fma cx16 xtpr pdcm pcid dca sse4_1 sse4_2 x2apic movbe popcnt tsc_deadline_timer aes xsave avx f16c rdrand lahf_lm abm epb intel_ppin ssbd ibrs ibpb stibp tpr_shadow vnmi flexpriority ept vpid fsgsbase tsc_adjust bmi1 avx2 smep bmi2 erms invpcid cqm xsaveopt cqm_llc cqm_occup_llc dtherm ida arat pln pts md_clear spec_ctrl intel_stibp flush_l1d
bogomips	: 4794.61
clflush size	: 64
cache_alignment	: 64
address sizes	: 46 bits physical, 48 bits virtual
power management:

processor	: 13
vendor_id	: GenuineIntel
cpu family	: 6
model		: 63
model name	: Intel(R) Xeon(R) CPU E5-2630 v3 @ 2.40GHz
stepping	: 2
microcode	: 0x43
cpu MHz		: 1997.900
cache size	: 20480 KB
physical id	: 1
siblings	: 16
core id		: 5
cpu cores	: 8
apicid		: 26
initial apicid	: 26
fpu		: yes
fpu_exception	: yes
cpuid level	: 15
wp		: yes
flags		: fpu vme de pse tsc msr pae mce cx8 apic sep mtrr pge mca cmov pat pse36 clflush dts acpi mmx fxsr sse sse2 ss ht tm pbe syscall nx pdpe1gb rdtscp lm constant_tsc arch_perfmon pebs bts rep_good nopl xtopology nonstop_tsc aperfmperf eagerfpu pni pclmulqdq dtes64 monitor ds_cpl vmx smx est tm2 ssse3 sdbg fma cx16 xtpr pdcm pcid dca sse4_1 sse4_2 x2apic movbe popcnt tsc_deadline_timer aes xsave avx f16c rdrand lahf_lm abm epb intel_ppin ssbd ibrs ibpb stibp tpr_shadow vnmi flexpriority ept vpid fsgsbase tsc_adjust bmi1 avx2 smep bmi2 erms invpcid cqm xsaveopt cqm_llc cqm_occup_llc dtherm ida arat pln pts md_clear spec_ctrl intel_stibp flush_l1d
bogomips	: 4794.61
clflush size	: 64
cache_alignment	: 64
address sizes	: 46 bits physical, 48 bits virtual
power management:

processor	: 14
vendor_id	: GenuineIntel
cpu family	: 6
model		: 63
model name	: Intel(R) Xeon(R) CPU E5-2630 v3 @ 2.40GHz
stepping	: 2
microcode	: 0x43
cpu MHz		: 2399.853
cache size	: 20480 KB
physical id	: 1
siblings	: 16
core id		: 6
cpu cores	: 8
apicid		: 28
initial apicid	: 28
fpu		: yes
fpu_exception	: yes
cpuid level	: 15
wp		: yes
flags		: fpu vme de pse tsc msr pae mce cx8 apic sep mtrr pge mca cmov pat pse36 clflush dts acpi mmx fxsr sse sse2 ss ht tm pbe syscall nx pdpe1gb rdtscp lm constant_tsc arch_perfmon pebs bts rep_good nopl xtopology nonstop_tsc aperfmperf eagerfpu pni pclmulqdq dtes64 monitor ds_cpl vmx smx est tm2 ssse3 sdbg fma cx16 xtpr pdcm pcid dca sse4_1 sse4_2 x2apic movbe popcnt tsc_deadline_timer aes xsave avx f16c rdrand lahf_lm abm epb intel_ppin ssbd ibrs ibpb stibp tpr_shadow vnmi flexpriority ept vpid fsgsbase tsc_adjust bmi1 avx2 smep bmi2 erms invpcid cqm xsaveopt cqm_llc cqm_occup_llc dtherm ida arat pln pts md_clear spec_ctrl intel_stibp flush_l1d
bogomips	: 4794.61
clflush size	: 64
cache_alignment	: 64
address sizes	: 46 bits physical, 48 bits virtual
power management:

processor	: 15
vendor_id	: GenuineIntel
cpu family	: 6
model		: 63
model name	: Intel(R) Xeon(R) CPU E5-2630 v3 @ 2.40GHz
stepping	: 2
microcode	: 0x43
cpu MHz		: 1699.951
cache size	: 20480 KB
physical id	: 1
siblings	: 16
core id		: 7
cpu cores	: 8
apicid		: 30
initial apicid	: 30
fpu		: yes
fpu_exception	: yes
cpuid level	: 15
wp		: yes
flags		: fpu vme de pse tsc msr pae mce cx8 apic sep mtrr pge mca cmov pat pse36 clflush dts acpi mmx fxsr sse sse2 ss ht tm pbe syscall nx pdpe1gb rdtscp lm constant_tsc arch_perfmon pebs bts rep_good nopl xtopology nonstop_tsc aperfmperf eagerfpu pni pclmulqdq dtes64 monitor ds_cpl vmx smx est tm2 ssse3 sdbg fma cx16 xtpr pdcm pcid dca sse4_1 sse4_2 x2apic movbe popcnt tsc_deadline_timer aes xsave avx f16c rdrand lahf_lm abm epb intel_ppin ssbd ibrs ibpb stibp tpr_shadow vnmi flexpriority ept vpid fsgsbase tsc_adjust bmi1 avx2 smep bmi2 erms invpcid cqm xsaveopt cqm_llc cqm_occup_llc dtherm ida arat pln pts md_clear spec_ctrl intel_stibp flush_l1d
bogomips	: 4794.61
clflush size	: 64
cache_alignment	: 64
address sizes	: 46 bits physical, 48 bits virtual
power management:

processor	: 16
vendor_id	: GenuineIntel
cpu family	: 6
model		: 63
model name	: Intel(R) Xeon(R) CPU E5-2630 v3 @ 2.40GHz
stepping	: 2
microcode	: 0x43
cpu MHz		: 1682.958
cache size	: 20480 KB
physical id	: 0
siblings	: 16
core id		: 0
cpu cores	: 8
apicid		: 1
initial apicid	: 1
fpu		: yes
fpu_exception	: yes
cpuid level	: 15
wp		: yes
flags		: fpu vme de pse tsc msr pae mce cx8 apic sep mtrr pge mca cmov pat pse36 clflush dts acpi mmx fxsr sse sse2 ss ht tm pbe syscall nx pdpe1gb rdtscp lm constant_tsc arch_perfmon pebs bts rep_good nopl xtopology nonstop_tsc aperfmperf eagerfpu pni pclmulqdq dtes64 monitor ds_cpl vmx smx est tm2 ssse3 sdbg fma cx16 xtpr pdcm pcid dca sse4_1 sse4_2 x2apic movbe popcnt tsc_deadline_timer aes xsave avx f16c rdrand lahf_lm abm epb intel_ppin ssbd ibrs ibpb stibp tpr_shadow vnmi flexpriority ept vpid fsgsbase tsc_adjust bmi1 avx2 smep bmi2 erms invpcid cqm xsaveopt cqm_llc cqm_occup_llc dtherm ida arat pln pts md_clear spec_ctrl intel_stibp flush_l1d
bogomips	: 4788.77
clflush size	: 64
cache_alignment	: 64
address sizes	: 46 bits physical, 48 bits virtual
power management:

processor	: 17
vendor_id	: GenuineIntel
cpu family	: 6
model		: 63
model name	: Intel(R) Xeon(R) CPU E5-2630 v3 @ 2.40GHz
stepping	: 2
microcode	: 0x43
cpu MHz		: 1996.728
cache size	: 20480 KB
physical id	: 0
siblings	: 16
core id		: 1
cpu cores	: 8
apicid		: 3
initial apicid	: 3
fpu		: yes
fpu_exception	: yes
cpuid level	: 15
wp		: yes
flags		: fpu vme de pse tsc msr pae mce cx8 apic sep mtrr pge mca cmov pat pse36 clflush dts acpi mmx fxsr sse sse2 ss ht tm pbe syscall nx pdpe1gb rdtscp lm constant_tsc arch_perfmon pebs bts rep_good nopl xtopology nonstop_tsc aperfmperf eagerfpu pni pclmulqdq dtes64 monitor ds_cpl vmx smx est tm2 ssse3 sdbg fma cx16 xtpr pdcm pcid dca sse4_1 sse4_2 x2apic movbe popcnt tsc_deadline_timer aes xsave avx f16c rdrand lahf_lm abm epb intel_ppin ssbd ibrs ibpb stibp tpr_shadow vnmi flexpriority ept vpid fsgsbase tsc_adjust bmi1 avx2 smep bmi2 erms invpcid cqm xsaveopt cqm_llc cqm_occup_llc dtherm ida arat pln pts md_clear spec_ctrl intel_stibp flush_l1d
bogomips	: 4788.77
clflush size	: 64
cache_alignment	: 64
address sizes	: 46 bits physical, 48 bits virtual
power management:

processor	: 18
vendor_id	: GenuineIntel
cpu family	: 6
model		: 63
model name	: Intel(R) Xeon(R) CPU E5-2630 v3 @ 2.40GHz
stepping	: 2
microcode	: 0x43
cpu MHz		: 1699.218
cache size	: 20480 KB
physical id	: 0
siblings	: 16
core id		: 2
cpu cores	: 8
apicid		: 5
initial apicid	: 5
fpu		: yes
fpu_exception	: yes
cpuid level	: 15
wp		: yes
flags		: fpu vme de pse tsc msr pae mce cx8 apic sep mtrr pge mca cmov pat pse36 clflush dts acpi mmx fxsr sse sse2 ss ht tm pbe syscall nx pdpe1gb rdtscp lm constant_tsc arch_perfmon pebs bts rep_good nopl xtopology nonstop_tsc aperfmperf eagerfpu pni pclmulqdq dtes64 monitor ds_cpl vmx smx est tm2 ssse3 sdbg fma cx16 xtpr pdcm pcid dca sse4_1 sse4_2 x2apic movbe popcnt tsc_deadline_timer aes xsave avx f16c rdrand lahf_lm abm epb intel_ppin ssbd ibrs ibpb stibp tpr_shadow vnmi flexpriority ept vpid fsgsbase tsc_adjust bmi1 avx2 smep bmi2 erms invpcid cqm xsaveopt cqm_llc cqm_occup_llc dtherm ida arat pln pts md_clear spec_ctrl intel_stibp flush_l1d
bogomips	: 4788.77
clflush size	: 64
cache_alignment	: 64
address sizes	: 46 bits physical, 48 bits virtual
power management:

processor	: 19
vendor_id	: GenuineIntel
cpu family	: 6
model		: 63
model name	: Intel(R) Xeon(R) CPU E5-2630 v3 @ 2.40GHz
stepping	: 2
microcode	: 0x43
cpu MHz		: 2600.097
cache size	: 20480 KB
physical id	: 0
siblings	: 16
core id		: 3
cpu cores	: 8
apicid		: 7
initial apicid	: 7
fpu		: yes
fpu_exception	: yes
cpuid level	: 15
wp		: yes
flags		: fpu vme de pse tsc msr pae mce cx8 apic sep mtrr pge mca cmov pat pse36 clflush dts acpi mmx fxsr sse sse2 ss ht tm pbe syscall nx pdpe1gb rdtscp lm constant_tsc arch_perfmon pebs bts rep_good nopl xtopology nonstop_tsc aperfmperf eagerfpu pni pclmulqdq dtes64 monitor ds_cpl vmx smx est tm2 ssse3 sdbg fma cx16 xtpr pdcm pcid dca sse4_1 sse4_2 x2apic movbe popcnt tsc_deadline_timer aes xsave avx f16c rdrand lahf_lm abm epb intel_ppin ssbd ibrs ibpb stibp tpr_shadow vnmi flexpriority ept vpid fsgsbase tsc_adjust bmi1 avx2 smep bmi2 erms invpcid cqm xsaveopt cqm_llc cqm_occup_llc dtherm ida arat pln pts md_clear spec_ctrl intel_stibp flush_l1d
bogomips	: 4788.77
clflush size	: 64
cache_alignment	: 64
address sizes	: 46 bits physical, 48 bits virtual
power management:

processor	: 20
vendor_id	: GenuineIntel
cpu family	: 6
model		: 63
model name	: Intel(R) Xeon(R) CPU E5-2630 v3 @ 2.40GHz
stepping	: 2
microcode	: 0x43
cpu MHz		: 1774.804
cache size	: 20480 KB
physical id	: 0
siblings	: 16
core id		: 4
cpu cores	: 8
apicid		: 9
initial apicid	: 9
fpu		: yes
fpu_exception	: yes
cpuid level	: 15
wp		: yes
flags		: fpu vme de pse tsc msr pae mce cx8 apic sep mtrr pge mca cmov pat pse36 clflush dts acpi mmx fxsr sse sse2 ss ht tm pbe syscall nx pdpe1gb rdtscp lm constant_tsc arch_perfmon pebs bts rep_good nopl xtopology nonstop_tsc aperfmperf eagerfpu pni pclmulqdq dtes64 monitor ds_cpl vmx smx est tm2 ssse3 sdbg fma cx16 xtpr pdcm pcid dca sse4_1 sse4_2 x2apic movbe popcnt tsc_deadline_timer aes xsave avx f16c rdrand lahf_lm abm epb intel_ppin ssbd ibrs ibpb stibp tpr_shadow vnmi flexpriority ept vpid fsgsbase tsc_adjust bmi1 avx2 smep bmi2 erms invpcid cqm xsaveopt cqm_llc cqm_occup_llc dtherm ida arat pln pts md_clear spec_ctrl intel_stibp flush_l1d
bogomips	: 4788.77
clflush size	: 64
cache_alignment	: 64
address sizes	: 46 bits physical, 48 bits virtual
power management:

processor	: 21
vendor_id	: GenuineIntel
cpu family	: 6
model		: 63
model name	: Intel(R) Xeon(R) CPU E5-2630 v3 @ 2.40GHz
stepping	: 2
microcode	: 0x43
cpu MHz		: 1242.041
cache size	: 20480 KB
physical id	: 0
siblings	: 16
core id		: 5
cpu cores	: 8
apicid		: 11
initial apicid	: 11
fpu		: yes
fpu_exception	: yes
cpuid level	: 15
wp		: yes
flags		: fpu vme de pse tsc msr pae mce cx8 apic sep mtrr pge mca cmov pat pse36 clflush dts acpi mmx fxsr sse sse2 ss ht tm pbe syscall nx pdpe1gb rdtscp lm constant_tsc arch_perfmon pebs bts rep_good nopl xtopology nonstop_tsc aperfmperf eagerfpu pni pclmulqdq dtes64 monitor ds_cpl vmx smx est tm2 ssse3 sdbg fma cx16 xtpr pdcm pcid dca sse4_1 sse4_2 x2apic movbe popcnt tsc_deadline_timer aes xsave avx f16c rdrand lahf_lm abm epb intel_ppin ssbd ibrs ibpb stibp tpr_shadow vnmi flexpriority ept vpid fsgsbase tsc_adjust bmi1 avx2 smep bmi2 erms invpcid cqm xsaveopt cqm_llc cqm_occup_llc dtherm ida arat pln pts md_clear spec_ctrl intel_stibp flush_l1d
bogomips	: 4788.77
clflush size	: 64
cache_alignment	: 64
address sizes	: 46 bits physical, 48 bits virtual
power management:

processor	: 22
vendor_id	: GenuineIntel
cpu family	: 6
model		: 63
model name	: Intel(R) Xeon(R) CPU E5-2630 v3 @ 2.40GHz
stepping	: 2
microcode	: 0x43
cpu MHz		: 1222.705
cache size	: 20480 KB
physical id	: 0
siblings	: 16
core id		: 6
cpu cores	: 8
apicid		: 13
initial apicid	: 13
fpu		: yes
fpu_exception	: yes
cpuid level	: 15
wp		: yes
flags		: fpu vme de pse tsc msr pae mce cx8 apic sep mtrr pge mca cmov pat pse36 clflush dts acpi mmx fxsr sse sse2 ss ht tm pbe syscall nx pdpe1gb rdtscp lm constant_tsc arch_perfmon pebs bts rep_good nopl xtopology nonstop_tsc aperfmperf eagerfpu pni pclmulqdq dtes64 monitor ds_cpl vmx smx est tm2 ssse3 sdbg fma cx16 xtpr pdcm pcid dca sse4_1 sse4_2 x2apic movbe popcnt tsc_deadline_timer aes xsave avx f16c rdrand lahf_lm abm epb intel_ppin ssbd ibrs ibpb stibp tpr_shadow vnmi flexpriority ept vpid fsgsbase tsc_adjust bmi1 avx2 smep bmi2 erms invpcid cqm xsaveopt cqm_llc cqm_occup_llc dtherm ida arat pln pts md_clear spec_ctrl intel_stibp flush_l1d
bogomips	: 4788.77
clflush size	: 64
cache_alignment	: 64
address sizes	: 46 bits physical, 48 bits virtual
power management:

processor	: 23
vendor_id	: GenuineIntel
cpu family	: 6
model		: 63
model name	: Intel(R) Xeon(R) CPU E5-2630 v3 @ 2.40GHz
stepping	: 2
microcode	: 0x43
cpu MHz		: 2401.025
cache size	: 20480 KB
physical id	: 0
siblings	: 16
core id		: 7
cpu cores	: 8
apicid		: 15
initial apicid	: 15
fpu		: yes
fpu_exception	: yes
cpuid level	: 15
wp		: yes
flags		: fpu vme de pse tsc msr pae mce cx8 apic sep mtrr pge mca cmov pat pse36 clflush dts acpi mmx fxsr sse sse2 ss ht tm pbe syscall nx pdpe1gb rdtscp lm constant_tsc arch_perfmon pebs bts rep_good nopl xtopology nonstop_tsc aperfmperf eagerfpu pni pclmulqdq dtes64 monitor ds_cpl vmx smx est tm2 ssse3 sdbg fma cx16 xtpr pdcm pcid dca sse4_1 sse4_2 x2apic movbe popcnt tsc_deadline_timer aes xsave avx f16c rdrand lahf_lm abm epb intel_ppin ssbd ibrs ibpb stibp tpr_shadow vnmi flexpriority ept vpid fsgsbase tsc_adjust bmi1 avx2 smep bmi2 erms invpcid cqm xsaveopt cqm_llc cqm_occup_llc dtherm ida arat pln pts md_clear spec_ctrl intel_stibp flush_l1d
bogomips	: 4788.77
clflush size	: 64
cache_alignment	: 64
address sizes	: 46 bits physical, 48 bits virtual
power management:

processor	: 24
vendor_id	: GenuineIntel
cpu family	: 6
model		: 63
model name	: Intel(R) Xeon(R) CPU E5-2630 v3 @ 2.40GHz
stepping	: 2
microcode	: 0x43
cpu MHz		: 1993.359
cache size	: 20480 KB
physical id	: 1
siblings	: 16
core id		: 0
cpu cores	: 8
apicid		: 17
initial apicid	: 17
fpu		: yes
fpu_exception	: yes
cpuid level	: 15
wp		: yes
flags		: fpu vme de pse tsc msr pae mce cx8 apic sep mtrr pge mca cmov pat pse36 clflush dts acpi mmx fxsr sse sse2 ss ht tm pbe syscall nx pdpe1gb rdtscp lm constant_tsc arch_perfmon pebs bts rep_good nopl xtopology nonstop_tsc aperfmperf eagerfpu pni pclmulqdq dtes64 monitor ds_cpl vmx smx est tm2 ssse3 sdbg fma cx16 xtpr pdcm pcid dca sse4_1 sse4_2 x2apic movbe popcnt tsc_deadline_timer aes xsave avx f16c rdrand lahf_lm abm epb intel_ppin ssbd ibrs ibpb stibp tpr_shadow vnmi flexpriority ept vpid fsgsbase tsc_adjust bmi1 avx2 smep bmi2 erms invpcid cqm xsaveopt cqm_llc cqm_occup_llc dtherm ida arat pln pts md_clear spec_ctrl intel_stibp flush_l1d
bogomips	: 4794.61
clflush size	: 64
cache_alignment	: 64
address sizes	: 46 bits physical, 48 bits virtual
power management:

processor	: 25
vendor_id	: GenuineIntel
cpu family	: 6
model		: 63
model name	: Intel(R) Xeon(R) CPU E5-2630 v3 @ 2.40GHz
stepping	: 2
microcode	: 0x43
cpu MHz		: 2400.585
cache size	: 20480 KB
physical id	: 1
siblings	: 16
core id		: 1
cpu cores	: 8
apicid		: 19
initial apicid	: 19
fpu		: yes
fpu_exception	: yes
cpuid level	: 15
wp		: yes
flags		: fpu vme de pse tsc msr pae mce cx8 apic sep mtrr pge mca cmov pat pse36 clflush dts acpi mmx fxsr sse sse2 ss ht tm pbe syscall nx pdpe1gb rdtscp lm constant_tsc arch_perfmon pebs bts rep_good nopl xtopology nonstop_tsc aperfmperf eagerfpu pni pclmulqdq dtes64 monitor ds_cpl vmx smx est tm2 ssse3 sdbg fma cx16 xtpr pdcm pcid dca sse4_1 sse4_2 x2apic movbe popcnt tsc_deadline_timer aes xsave avx f16c rdrand lahf_lm abm epb intel_ppin ssbd ibrs ibpb stibp tpr_shadow vnmi flexpriority ept vpid fsgsbase tsc_adjust bmi1 avx2 smep bmi2 erms invpcid cqm xsaveopt cqm_llc cqm_occup_llc dtherm ida arat pln pts md_clear spec_ctrl intel_stibp flush_l1d
bogomips	: 4794.61
clflush size	: 64
cache_alignment	: 64
address sizes	: 46 bits physical, 48 bits virtual
power management:

processor	: 26
vendor_id	: GenuineIntel
cpu family	: 6
model		: 63
model name	: Intel(R) Xeon(R) CPU E5-2630 v3 @ 2.40GHz
stepping	: 2
microcode	: 0x43
cpu MHz		: 2400.000
cache size	: 20480 KB
physical id	: 1
siblings	: 16
core id		: 2
cpu cores	: 8
apicid		: 21
initial apicid	: 21
fpu		: yes
fpu_exception	: yes
cpuid level	: 15
wp		: yes
flags		: fpu vme de pse tsc msr pae mce cx8 apic sep mtrr pge mca cmov pat pse36 clflush dts acpi mmx fxsr sse sse2 ss ht tm pbe syscall nx pdpe1gb rdtscp lm constant_tsc arch_perfmon pebs bts rep_good nopl xtopology nonstop_tsc aperfmperf eagerfpu pni pclmulqdq dtes64 monitor ds_cpl vmx smx est tm2 ssse3 sdbg fma cx16 xtpr pdcm pcid dca sse4_1 sse4_2 x2apic movbe popcnt tsc_deadline_timer aes xsave avx f16c rdrand lahf_lm abm epb intel_ppin ssbd ibrs ibpb stibp tpr_shadow vnmi flexpriority ept vpid fsgsbase tsc_adjust bmi1 avx2 smep bmi2 erms invpcid cqm xsaveopt cqm_llc cqm_occup_llc dtherm ida arat pln pts md_clear spec_ctrl intel_stibp flush_l1d
bogomips	: 4794.61
clflush size	: 64
cache_alignment	: 64
address sizes	: 46 bits physical, 48 bits virtual
power management:

processor	: 27
vendor_id	: GenuineIntel
cpu family	: 6
model		: 63
model name	: Intel(R) Xeon(R) CPU E5-2630 v3 @ 2.40GHz
stepping	: 2
microcode	: 0x43
cpu MHz		: 1901.074
cache size	: 20480 KB
physical id	: 1
siblings	: 16
core id		: 3
cpu cores	: 8
apicid		: 23
initial apicid	: 23
fpu		: yes
fpu_exception	: yes
cpuid level	: 15
wp		: yes
flags		: fpu vme de pse tsc msr pae mce cx8 apic sep mtrr pge mca cmov pat pse36 clflush dts acpi mmx fxsr sse sse2 ss ht tm pbe syscall nx pdpe1gb rdtscp lm constant_tsc arch_perfmon pebs bts rep_good nopl xtopology nonstop_tsc aperfmperf eagerfpu pni pclmulqdq dtes64 monitor ds_cpl vmx smx est tm2 ssse3 sdbg fma cx16 xtpr pdcm pcid dca sse4_1 sse4_2 x2apic movbe popcnt tsc_deadline_timer aes xsave avx f16c rdrand lahf_lm abm epb intel_ppin ssbd ibrs ibpb stibp tpr_shadow vnmi flexpriority ept vpid fsgsbase tsc_adjust bmi1 avx2 smep bmi2 erms invpcid cqm xsaveopt cqm_llc cqm_occup_llc dtherm ida arat pln pts md_clear spec_ctrl intel_stibp flush_l1d
bogomips	: 4794.61
clflush size	: 64
cache_alignment	: 64
address sizes	: 46 bits physical, 48 bits virtual
power management:

processor	: 28
vendor_id	: GenuineIntel
cpu family	: 6
model		: 63
model name	: Intel(R) Xeon(R) CPU E5-2630 v3 @ 2.40GHz
stepping	: 2
microcode	: 0x43
cpu MHz		: 2400.732
cache size	: 20480 KB
physical id	: 1
siblings	: 16
core id		: 4
cpu cores	: 8
apicid		: 25
initial apicid	: 25
fpu		: yes
fpu_exception	: yes
cpuid level	: 15
wp		: yes
flags		: fpu vme de pse tsc msr pae mce cx8 apic sep mtrr pge mca cmov pat pse36 clflush dts acpi mmx fxsr sse sse2 ss ht tm pbe syscall nx pdpe1gb rdtscp lm constant_tsc arch_perfmon pebs bts rep_good nopl xtopology nonstop_tsc aperfmperf eagerfpu pni pclmulqdq dtes64 monitor ds_cpl vmx smx est tm2 ssse3 sdbg fma cx16 xtpr pdcm pcid dca sse4_1 sse4_2 x2apic movbe popcnt tsc_deadline_timer aes xsave avx f16c rdrand lahf_lm abm epb intel_ppin ssbd ibrs ibpb stibp tpr_shadow vnmi flexpriority ept vpid fsgsbase tsc_adjust bmi1 avx2 smep bmi2 erms invpcid cqm xsaveopt cqm_llc cqm_occup_llc dtherm ida arat pln pts md_clear spec_ctrl intel_stibp flush_l1d
bogomips	: 4794.61
clflush size	: 64
cache_alignment	: 64
address sizes	: 46 bits physical, 48 bits virtual
power management:

processor	: 29
vendor_id	: GenuineIntel
cpu family	: 6
model		: 63
model name	: Intel(R) Xeon(R) CPU E5-2630 v3 @ 2.40GHz
stepping	: 2
microcode	: 0x43
cpu MHz		: 1824.169
cache size	: 20480 KB
physical id	: 1
siblings	: 16
core id		: 5
cpu cores	: 8
apicid		: 27
initial apicid	: 27
fpu		: yes
fpu_exception	: yes
cpuid level	: 15
wp		: yes
flags		: fpu vme de pse tsc msr pae mce cx8 apic sep mtrr pge mca cmov pat pse36 clflush dts acpi mmx fxsr sse sse2 ss ht tm pbe syscall nx pdpe1gb rdtscp lm constant_tsc arch_perfmon pebs bts rep_good nopl xtopology nonstop_tsc aperfmperf eagerfpu pni pclmulqdq dtes64 monitor ds_cpl vmx smx est tm2 ssse3 sdbg fma cx16 xtpr pdcm pcid dca sse4_1 sse4_2 x2apic movbe popcnt tsc_deadline_timer aes xsave avx f16c rdrand lahf_lm abm epb intel_ppin ssbd ibrs ibpb stibp tpr_shadow vnmi flexpriority ept vpid fsgsbase tsc_adjust bmi1 avx2 smep bmi2 erms invpcid cqm xsaveopt cqm_llc cqm_occup_llc dtherm ida arat pln pts md_clear spec_ctrl intel_stibp flush_l1d
bogomips	: 4794.61
clflush size	: 64
cache_alignment	: 64
address sizes	: 46 bits physical, 48 bits virtual
power management:

processor	: 30
vendor_id	: GenuineIntel
cpu family	: 6
model		: 63
model name	: Intel(R) Xeon(R) CPU E5-2630 v3 @ 2.40GHz
stepping	: 2
microcode	: 0x43
cpu MHz		: 2041.992
cache size	: 20480 KB
physical id	: 1
siblings	: 16
core id		: 6
cpu cores	: 8
apicid		: 29
initial apicid	: 29
fpu		: yes
fpu_exception	: yes
cpuid level	: 15
wp		: yes
flags		: fpu vme de pse tsc msr pae mce cx8 apic sep mtrr pge mca cmov pat pse36 clflush dts acpi mmx fxsr sse sse2 ss ht tm pbe syscall nx pdpe1gb rdtscp lm constant_tsc arch_perfmon pebs bts rep_good nopl xtopology nonstop_tsc aperfmperf eagerfpu pni pclmulqdq dtes64 monitor ds_cpl vmx smx est tm2 ssse3 sdbg fma cx16 xtpr pdcm pcid dca sse4_1 sse4_2 x2apic movbe popcnt tsc_deadline_timer aes xsave avx f16c rdrand lahf_lm abm epb intel_ppin ssbd ibrs ibpb stibp tpr_shadow vnmi flexpriority ept vpid fsgsbase tsc_adjust bmi1 avx2 smep bmi2 erms invpcid cqm xsaveopt cqm_llc cqm_occup_llc dtherm ida arat pln pts md_clear spec_ctrl intel_stibp flush_l1d
bogomips	: 4794.61
clflush size	: 64
cache_alignment	: 64
address sizes	: 46 bits physical, 48 bits virtual
power management:

processor	: 31
vendor_id	: GenuineIntel
cpu family	: 6
model		: 63
model name	: Intel(R) Xeon(R) CPU E5-2630 v3 @ 2.40GHz
stepping	: 2
microcode	: 0x43
cpu MHz		: 1737.744
cache size	: 20480 KB
physical id	: 1
siblings	: 16
core id		: 7
cpu cores	: 8
apicid		: 31
initial apicid	: 31
fpu		: yes
fpu_exception	: yes
cpuid level	: 15
wp		: yes
flags		: fpu vme de pse tsc msr pae mce cx8 apic sep mtrr pge mca cmov pat pse36 clflush dts acpi mmx fxsr sse sse2 ss ht tm pbe syscall nx pdpe1gb rdtscp lm constant_tsc arch_perfmon pebs bts rep_good nopl xtopology nonstop_tsc aperfmperf eagerfpu pni pclmulqdq dtes64 monitor ds_cpl vmx smx est tm2 ssse3 sdbg fma cx16 xtpr pdcm pcid dca sse4_1 sse4_2 x2apic movbe popcnt tsc_deadline_timer aes xsave avx f16c rdrand lahf_lm abm epb intel_ppin ssbd ibrs ibpb stibp tpr_shadow vnmi flexpriority ept vpid fsgsbase tsc_adjust bmi1 avx2 smep bmi2 erms invpcid cqm xsaveopt cqm_llc cqm_occup_llc dtherm ida arat pln pts md_clear spec_ctrl intel_stibp flush_l1d
bogomips	: 4794.61
clflush size	: 64
cache_alignment	: 64
address sizes	: 46 bits physical, 48 bits virtual
power management:



Memory: 4k page, physical 263864160k(10838180k free), swap 0k(0k free)

vm_info: OpenJDK 64-Bit Server VM (25.212-b04) for linux-amd64 JRE (1.8.0_212-b04), built on Aug 12 2019 13:15:31 by "buildozer" with gcc 6.4.0

time: Tue Sep 24 01:11:49 2019
timezone: UTC
elapsed time: 1 seconds (0d 0h 0m 1s)

