#
# A fatal error has been detected by the Java Runtime Environment:
#
#  SIGSEGV (0xb) at pc=0x00007fddf18c0810, pid=20653, tid=0x00007fddd5121ae0
#
# JRE version: OpenJDK Runtime Environment (8.0_212-b04) (build 1.8.0_212-b04)
# Java VM: OpenJDK 64-Bit Server VM (25.212-b04 mixed mode linux-amd64 compressed oops)
# Derivative: IcedTea 3.12.0
# Distribution: Custom build (Mon Aug 12 12:56:32 UTC 2019)
# Problematic frame:
# C  [ld-musl-x86_64.so.1+0x53810]  pthread_setname_np+0x5e
#
# Core dump written. Default location: /workdir/hadoop-ozone/recon/core or core.20653
#
# If you would like to submit a bug report, please include
# instructions on how to reproduce the bug and visit:
#   https://icedtea.classpath.org/bugzilla
#

---------------  T H R E A D  ---------------

Current thread is native thread

siginfo: si_signo: 11 (SIGSEGV), si_code: 1 (SEGV_MAPERR), si_addr: 0x0000000000000038

Registers:
RAX=0x00007fddd5121ae0, RBX=0x0000000000000022, RCX=0x0000000000000000, RDX=0x0000000000000000
RSP=0x00007fddd5121680, RBP=0x0000000000000000, RSI=0x0000000000000000, RDI=0xff73725e6f6c7463
R8 =0x0000000000000000, R9 =0x8080808080808080, R10=0xfefefefefefefeff, R11=0x0000000000000212
R12=0x00005630edffe778, R13=0x000000000000000f, R14=0x00007fddd5121ae0, R15=0x00007fddf1af9ae8
RIP=0x00007fddf18c0810, EFLAGS=0x0000000000010202, CSGSFS=0x0000000000000033, ERR=0x0000000000000004
  TRAPNO=0x000000000000000e

Top of Stack: (sp=0x00007fddd5121680)
0x00007fddd5121680:   0000000000000000 0000000000000000
0x00007fddd5121690:   0000000000000000 0000000000000000
0x00007fddd51216a0:   0000000000000000 0000000000000000
0x00007fddd51216b0:   0000000000000000 00005630ee0532a0
0x00007fddd51216c0:   00007fddd5121710 0000000000000000
0x00007fddd51216d0:   00005630ee0532e0 00007fddd58b1ec9
0x00007fddd51216e0:   0000000000000000 00005630ee053540
0x00007fddd51216f0:   0000000000000000 00007fddd5121760
0x00007fddd5121700:   00007fddd5121ae0 00007fddf1af9ae8
0x00007fddd5121710:   0000000000000000 00007fddf06f0f41
0x00007fddd5121720:   0000000000000000 00007fddd5121ae0
0x00007fddd5121730:   0000000000000000 00007fddf18bf6c2
0x00007fddd5121740:   0000000000000000 0000000000000000
0x00007fddd5121750:   0000000000017000 00007fddf18c15b1
0x00007fddd5121760:   0000000000000002 00007fddd5121ac0
0x00007fddd5121770:   00007fddd5121790 0000000000000000
0x00007fddd5121780:   0000000000000000 0000000000000000
0x00007fddd5121790:   0000000000000002 0000000000000000
0x00007fddd51217a0:   0000000000000000 0000000000000000
0x00007fddd51217b0:   0000000000000000 0000000000000000
0x00007fddd51217c0:   0000000000000000 0000000000000000
0x00007fddd51217d0:   0000000000000000 0000000000000000
0x00007fddd51217e0:   0000000000000000 0000000000000000
0x00007fddd51217f0:   0000000000000000 0000000000000000
0x00007fddd5121800:   0000000000000000 0000000000000000
0x00007fddd5121810:   0000000000000000 0000000000000000
0x00007fddd5121820:   0000000000000000 0000000000000000
0x00007fddd5121830:   0000000000000000 0000000000000000
0x00007fddd5121840:   0000000000000000 0000000000000000
0x00007fddd5121850:   0000000000000000 0000000000000000
0x00007fddd5121860:   0000000000000000 0000000000000000
0x00007fddd5121870:   0000000000000000 0000000000000000 

Instructions: (pc=0x00007fddf18c0810)
0x00007fddf18c07f0:   31 d2 31 c0 4c 89 e6 bf 0f 00 00 00 e8 65 d8 fc
0x00007fddf18c0800:   ff 85 c0 89 c3 74 7e e8 25 a7 fc ff 8b 18 eb 75
0x00007fddf18c0810:   8b 4d 38 48 8d 5c 24 0e 48 8d 15 f2 92 03 00 be
0x00007fddf18c0820:   22 00 00 00 31 c0 48 89 df e8 35 68 ff ff 48 8d 

Register to memory mapping:

RAX=0x00007fddd5121ae0 is an unknown value
RBX=0x0000000000000022 is an unknown value
RCX=0x0000000000000000 is an unknown value
RDX=0x0000000000000000 is an unknown value
RSP=0x00007fddd5121680 is an unknown value
RBP=0x0000000000000000 is an unknown value
RSI=0x0000000000000000 is an unknown value
RDI=0xff73725e6f6c7463 is an unknown value
R8 =0x0000000000000000 is an unknown value
R9 =0x8080808080808080 is an unknown value
R10=0xfefefefefefefeff is an unknown value
R11=0x0000000000000212 is an unknown value
R12=0x00005630edffe778 is an unknown value
R13=0x000000000000000f is an unknown value
R14=0x00007fddd5121ae0 is an unknown value
R15=0x00007fddf1af9ae8: __utc+0x1fff68 in /lib/ld-musl-x86_64.so.1 at 0x00007fddf186d000


Stack: [0x00007fddd510d000,0x00007fddd5121760],  sp=0x00007fddd5121680,  free space=81k
Native frames: (J=compiled Java code, j=interpreted, Vv=VM code, C=native code)
C  [ld-musl-x86_64.so.1+0x53810]  pthread_setname_np+0x5e

[error occurred during error reporting (printing native stack), id 0xb]


---------------  P R O C E S S  ---------------

VM state:not at safepoint (normal execution)

VM Mutex/Monitor currently owned by a thread: None

heap address: 0x0000000080000000, size: 2048 MB, Compressed Oops mode: 32-bit
Narrow klass base: 0x0000000000000000, Narrow klass shift: 3
Compressed class space size: 1073741824 Address: 0x0000000100000000

Heap:
 PSYoungGen      total 611840K, used 104960K [0x00000000d5580000, 0x0000000100000000, 0x0000000100000000)
  eden space 524800K, 20% used [0x00000000d5580000,0x00000000dbc00198,0x00000000f5600000)
  from space 87040K, 0% used [0x00000000fab00000,0x00000000fab00000,0x0000000100000000)
  to   space 87040K, 0% used [0x00000000f5600000,0x00000000f5600000,0x00000000fab00000)
 ParOldGen       total 1398272K, used 0K [0x0000000080000000, 0x00000000d5580000, 0x00000000d5580000)
  object space 1398272K, 0% used [0x0000000080000000,0x0000000080000000,0x00000000d5580000)
 Metaspace       used 12622K, capacity 12800K, committed 13056K, reserved 1060864K
  class space    used 1344K, capacity 1412K, committed 1536K, reserved 1048576K

Card table byte_map: [0x00007fdde0619000,0x00007fdde0a1a000] byte_map_base: 0x00007fdde0219000

Marking Bits: (ParMarkBitMap*) 0x00007fddf142b200
 Begin Bits: [0x00007fdddc16a000, 0x00007fddde16a000)
 End Bits:   [0x00007fddde16a000, 0x00007fdde016a000)

Polling page: 0x00007fddf19f6000

CodeCache: size=245760Kb used=3384Kb max_used=3396Kb free=242375Kb
 bounds [0x00007fdde0dda000, 0x00007fdde113a000, 0x00007fddefdda000]
 total_blobs=1287 nmethods=863 adapters=339
 compilation: enabled

Compilation events (10 events):
Event: 0.887 Thread 0x00005630ecdfa000  861       1       org.apache.log4j.CategoryKey::hashCode (5 bytes)
Event: 0.887 Thread 0x00005630ecdfa000 nmethod 861 0x00007fdde11247d0 code [0x00007fdde1124920, 0x00007fdde1124a30]
Event: 0.890 Thread 0x00005630ecdfa000  862   !   3       java.lang.Package::getSystemPackage (63 bytes)
Event: 0.891 Thread 0x00005630ecdfa000 nmethod 862 0x00007fdde1126210 code [0x00007fdde1126400, 0x00007fdde1126cb8]
Event: 0.891 Thread 0x00005630ecdfa000  863   !   3       java.lang.ClassLoader::checkCerts (195 bytes)
Event: 0.893 Thread 0x00005630ecded000  865       4       java.net.URLStreamHandler::setURL (40 bytes)
Event: 0.893 Thread 0x00005630ecdfa000 nmethod 863 0x00007fdde1127390 code [0x00007fdde1127640, 0x00007fdde1128c78]
Event: 0.898 Thread 0x00005630ecded000 nmethod 865 0x00007fdde112c510 code [0x00007fdde112c660, 0x00007fdde112c978]
Event: 0.898 Thread 0x00005630ecded000  866   !   4       java.net.URL::set (114 bytes)
Event: 0.901 Thread 0x00005630ecded000 nmethod 866 0x00007fdde112cb10 code [0x00007fdde112cc60, 0x00007fdde112cf38]

GC Heap History (0 events):
No events

Deoptimization events (2 events):
Event: 0.432 Thread 0x00005630ecca6800 Uncommon trap: reason=unstable_if action=reinterpret pc=0x00007fdde0efb114 method=java.lang.String.indexOf([CII[CIII)I @ 3
Event: 0.508 Thread 0x00005630ecca6800 Uncommon trap: reason=unstable_if action=reinterpret pc=0x00007fdde0f77780 method=java.lang.AbstractStringBuilder.append(Ljava/lang/String;)Ljava/lang/AbstractStringBuilder; @ 1

Classes redefined (0 events):
No events

Internal exceptions (10 events):
Event: 0.728 Thread 0x00005630ecca6800 Exception <a 'java/lang/ArrayIndexOutOfBoundsException'> (0x00000000da983fa0) thrown at [/home/buildozer/aports/community/openjdk8/src/icedtea-3.12.0/openjdk/hotspot/src/share/vm/runtime/sharedRuntime.cpp, line 613]
Event: 0.728 Thread 0x00005630ecca6800 Exception <a 'java/lang/ArrayIndexOutOfBoundsException'> (0x00000000da985140) thrown at [/home/buildozer/aports/community/openjdk8/src/icedtea-3.12.0/openjdk/hotspot/src/share/vm/runtime/sharedRuntime.cpp, line 613]
Event: 0.729 Thread 0x00005630ecca6800 Exception <a 'java/lang/ArrayIndexOutOfBoundsException'> (0x00000000da986b58) thrown at [/home/buildozer/aports/community/openjdk8/src/icedtea-3.12.0/openjdk/hotspot/src/share/vm/runtime/sharedRuntime.cpp, line 613]
Event: 0.734 Thread 0x00005630ecca6800 Exception <a 'java/lang/ArrayIndexOutOfBoundsException'> (0x00000000da9ade50) thrown at [/home/buildozer/aports/community/openjdk8/src/icedtea-3.12.0/openjdk/hotspot/src/share/vm/runtime/sharedRuntime.cpp, line 613]
Event: 0.735 Thread 0x00005630ecca6800 Exception <a 'java/lang/ArrayIndexOutOfBoundsException'> (0x00000000da9af2a0) thrown at [/home/buildozer/aports/community/openjdk8/src/icedtea-3.12.0/openjdk/hotspot/src/share/vm/runtime/sharedRuntime.cpp, line 613]
Event: 0.735 Thread 0x00005630ecca6800 Exception <a 'java/lang/ArrayIndexOutOfBoundsException'> (0x00000000da9b14d8) thrown at [/home/buildozer/aports/community/openjdk8/src/icedtea-3.12.0/openjdk/hotspot/src/share/vm/runtime/sharedRuntime.cpp, line 613]
Event: 0.740 Thread 0x00005630ecca6800 Exception <a 'java/lang/ArrayIndexOutOfBoundsException'> (0x00000000da9d70e0) thrown at [/home/buildozer/aports/community/openjdk8/src/icedtea-3.12.0/openjdk/hotspot/src/share/vm/runtime/sharedRuntime.cpp, line 613]
Event: 0.744 Thread 0x00005630ecca6800 Exception <a 'java/lang/ArrayIndexOutOfBoundsException'> (0x00000000da9e6fc8) thrown at [/home/buildozer/aports/community/openjdk8/src/icedtea-3.12.0/openjdk/hotspot/src/share/vm/runtime/sharedRuntime.cpp, line 613]
Event: 0.749 Thread 0x00005630ecca6800 Exception <a 'java/lang/ArrayIndexOutOfBoundsException'> (0x00000000daa0b1f0) thrown at [/home/buildozer/aports/community/openjdk8/src/icedtea-3.12.0/openjdk/hotspot/src/share/vm/runtime/sharedRuntime.cpp, line 613]
Event: 0.750 Thread 0x00005630ecca6800 Exception <a 'java/lang/ArrayIndexOutOfBoundsException'> (0x00000000daa31368) thrown at [/home/buildozer/aports/community/openjdk8/src/icedtea-3.12.0/openjdk/hotspot/src/share/vm/runtime/sharedRuntime.cpp, line 613]

Events (10 events):
Event: 0.897 loading class org/apache/hadoop/hdds/utils/db/DBCheckpoint
Event: 0.897 loading class org/apache/hadoop/hdds/utils/db/DBCheckpoint done
Event: 0.897 loading class org/apache/hadoop/hdds/utils/db/BatchOperation
Event: 0.897 loading class org/apache/hadoop/hdds/utils/db/BatchOperation done
Event: 0.897 loading class org/apache/hadoop/hdds/utils/db/SequenceNumberNotFoundException
Event: 0.897 loading class org/apache/hadoop/hdds/utils/db/SequenceNumberNotFoundException done
Event: 0.897 loading class org/apache/hadoop/hdds/utils/db/Table
Event: 0.897 loading class org/apache/hadoop/hdds/utils/db/Table done
Event: 0.898 loading class org/rocksdb/WriteOptions
Event: 0.898 loading class org/rocksdb/WriteOptions done


Dynamic libraries:
80000000-100180000 rw-p 00000000 00:00 0 
100180000-140000000 ---p 00000000 00:00 0 
5630eb2dc000-5630eb2dd000 r-xp 00000000 fd:02 161099709                  /usr/lib/jvm/java-1.8-openjdk/jre/bin/java
5630eb4dc000-5630eb4dd000 r--p 00000000 fd:02 161099709                  /usr/lib/jvm/java-1.8-openjdk/jre/bin/java
5630eb4dd000-5630eb4de000 rw-p 00001000 fd:02 161099709                  /usr/lib/jvm/java-1.8-openjdk/jre/bin/java
5630ecc8f000-5630ee0b9000 rw-p 00000000 00:00 0                          [heap]
7fddd50f4000-7fddd50f6000 ---p 00000000 00:00 0 
7fddd50f6000-7fddd510b000 rw-p 00000000 00:00 0 
7fddd510b000-7fddd510d000 ---p 00000000 00:00 0 
7fddd510d000-7fddd5122000 rw-p 00000000 00:00 0 
7fddd5122000-7fddd5124000 ---p 00000000 00:00 0 
7fddd5124000-7fddd5139000 rw-p 00000000 00:00 0 
7fddd5139000-7fddd513b000 ---p 00000000 00:00 0 
7fddd513b000-7fddd5150000 rw-p 00000000 00:00 0 
7fddd5150000-7fddd5152000 ---p 00000000 00:00 0 
7fddd5152000-7fddd5167000 rw-p 00000000 00:00 0 
7fddd5167000-7fddd5169000 ---p 00000000 00:00 0 
7fddd5169000-7fddd517e000 rw-p 00000000 00:00 0 
7fddd517e000-7fddd5180000 ---p 00000000 00:00 0 
7fddd5180000-7fddd5195000 rw-p 00000000 00:00 0 
7fddd5195000-7fddd5197000 ---p 00000000 00:00 0 
7fddd5197000-7fddd51ac000 rw-p 00000000 00:00 0 
7fddd51ac000-7fddd51ae000 ---p 00000000 00:00 0 
7fddd51ae000-7fddd5432000 rw-p 00000000 00:00 0 
7fddd5432000-7fddd5658000 r-xp 00000000 fd:02 161166160                  /usr/glibc-compat/lib/ld-2.28.so
7fddd5658000-7fddd5659000 r--p 00026000 fd:02 161166160                  /usr/glibc-compat/lib/ld-2.28.so
7fddd5659000-7fddd565a000 rw-p 00027000 fd:02 161166160                  /usr/glibc-compat/lib/ld-2.28.so
7fddd565a000-7fddd565b000 rw-p 00000000 00:00 0 
7fddd565b000-7fddd5ef3000 r-xp 00000000 fd:02 44437680                   /tmp/librocksdbjni7516245376535895392.so
7fddd5ef3000-7fddd5f04000 r--p 00698000 fd:02 44437680                   /tmp/librocksdbjni7516245376535895392.so
7fddd5f04000-7fddd5f0d000 rw-p 006a9000 fd:02 44437680                   /tmp/librocksdbjni7516245376535895392.so
7fddd5f0d000-7fddd6053000 rw-p 00000000 00:00 0 
7fddd6053000-7fddd6113000 ---p 00000000 00:00 0 
7fddd6113000-7fddd6313000 rw-p 00000000 00:00 0 
7fddd6313000-7fddd6316000 r--s 00025000 fd:02 161881387                  /home/user/.m2/repository/org/apache/maven/shared/maven-shared-utils/3.1.0/maven-shared-utils-3.1.0.jar
7fddd6316000-7fddd6527000 r-xp 00000000 fd:02 161099752                  /usr/lib/jvm/java-1.8-openjdk/jre/lib/amd64/libnio.so
7fddd6527000-7fddd6528000 r--p 00011000 fd:02 161099752                  /usr/lib/jvm/java-1.8-openjdk/jre/lib/amd64/libnio.so
7fddd6528000-7fddd6529000 rw-p 00012000 fd:02 161099752                  /usr/lib/jvm/java-1.8-openjdk/jre/lib/amd64/libnio.so
7fddd6529000-7fddd952a000 rw-p 00000000 00:00 0 
7fddd952a000-7fddd9740000 r-xp 00000000 fd:02 161099751                  /usr/lib/jvm/java-1.8-openjdk/jre/lib/amd64/libnet.so
7fddd9740000-7fddd9741000 r--p 00016000 fd:02 161099751                  /usr/lib/jvm/java-1.8-openjdk/jre/lib/amd64/libnet.so
7fddd9741000-7fddd9742000 rw-p 00017000 fd:02 161099751                  /usr/lib/jvm/java-1.8-openjdk/jre/lib/amd64/libnet.so
7fddd9742000-7fddd9746000 r--s 00058000 fd:02 161099800                  /usr/lib/jvm/java-1.8-openjdk/jre/lib/jsse.jar
7fddd9746000-7fddd9749000 ---p 00000000 00:00 0 
7fddd9749000-7fddd9780000 rw-p 00000000 00:00 0 
7fddd9780000-7fddd9781000 r--s 00006000 fd:02 47321405                   /home/user/.m2/repository/org/apache/maven/surefire/common-junit4/3.0.0-M1/common-junit4-3.0.0-M1.jar
7fddd9781000-7fddd9782000 r--s 00002000 fd:02 47321407                   /home/user/.m2/repository/org/apache/maven/surefire/common-junit3/3.0.0-M1/common-junit3-3.0.0-M1.jar
7fddd9782000-7fddd9783000 r--s 00007000 fd:02 47386203                   /home/user/.m2/repository/org/apache/maven/surefire/common-java5/3.0.0-M1/common-java5-3.0.0-M1.jar
7fddd9783000-7fddd9785000 r--s 00003000 fd:02 47255273                   /home/user/.m2/repository/org/apache/maven/surefire/surefire-junit4/3.0.0-M1/surefire-junit4-3.0.0-M1.jar
7fddd9785000-7fddd9787000 r--s 0000f000 fd:02 161814873                  /home/user/.m2/repository/javax/activation/activation/1.1.1/activation-1.1.1.jar
7fddd9787000-7fddd978f000 r--s 00037000 fd:02 161946478                  /home/user/.m2/repository/org/springframework/spring-tx/5.1.3.RELEASE/spring-tx-5.1.3.RELEASE.jar
7fddd978f000-7fddd9790000 r--s 00005000 fd:02 161946460                  /home/user/.m2/repository/org/springframework/spring-jcl/5.1.3.RELEASE/spring-jcl-5.1.3.RELEASE.jar
7fddd9790000-7fddd97a8000 r--s 00123000 fd:02 161946451                  /home/user/.m2/repository/org/springframework/spring-core/5.1.3.RELEASE/spring-core-5.1.3.RELEASE.jar
7fddd97a8000-7fddd97b4000 r--s 00098000 fd:02 161946442                  /home/user/.m2/repository/org/springframework/spring-beans/5.1.3.RELEASE/spring-beans-5.1.3.RELEASE.jar
7fddd97b4000-7fddd97bd000 r--s 0005a000 fd:02 161946469                  /home/user/.m2/repository/org/springframework/spring-jdbc/5.1.3.RELEASE/spring-jdbc-5.1.3.RELEASE.jar
7fddd97bd000-7fddd97c1000 r--s 006b9000 fd:02 161946532                  /home/user/.m2/repository/org/xerial/sqlite-jdbc/3.25.2/sqlite-jdbc-3.25.2.jar
7fddd97c1000-7fddd97c3000 r--s 00009000 fd:02 161946083                  /home/user/.m2/repository/org/slf4j/slf4j-api/1.7.25/slf4j-api-1.7.25.jar
7fddd97c3000-7fddd97c6000 r--s 00019000 fd:02 161750552                  /home/user/.m2/repository/com/jolbox/bonecp/0.8.0.RELEASE/bonecp-0.8.0.RELEASE.jar
7fddd97c6000-7fddd97c8000 r--s 00023000 fd:02 161945460                  /home/user/.m2/repository/org/jooq/jooq-codegen/3.11.10/jooq-codegen-3.11.10.jar
7fddd97c8000-7fddd97d0000 r--s 00070000 fd:02 161945469                  /home/user/.m2/repository/org/jooq/jooq-meta/3.11.10/jooq-meta-3.11.10.jar
7fddd97d0000-7fddd97d4000 r--s 0001b000 fd:02 161815017                  /home/user/.m2/repository/javax/xml/bind/jaxb-api/2.3.0/jaxb-api-2.3.0.jar
7fddd97d4000-7fddd97f4000 r--s 00223000 fd:02 161945451                  /home/user/.m2/repository/org/jooq/jooq/3.11.10/jooq-3.11.10.jar
7fddd97f4000-7fddd97f6000 r--s 00005000 fd:02 161945645                  /home/user/.m2/repository/org/objenesis/objenesis/1.0/objenesis-1.0.jar
7fddd97f6000-7fddd97f8000 r--s 00009000 fd:02 161815191                  /home/user/.m2/repository/net/bytebuddy/byte-buddy-agent/1.6.14/byte-buddy-agent-1.6.14.jar
7fddd97f8000-7fddd9833000 r--s 00270000 fd:02 161815158                  /home/user/.m2/repository/net/bytebuddy/byte-buddy/1.6.14/byte-buddy-1.6.14.jar
7fddd9833000-7fddd9842000 r--s 00073000 fd:02 161945578                  /home/user/.m2/repository/org/mockito/mockito-core/2.8.9/mockito-core-2.8.9.jar
7fddd9842000-7fddd9844000 r--s 00009000 fd:02 161945332                  /home/user/.m2/repository/org/hamcrest/hamcrest-core/1.3/hamcrest-core-1.3.jar
7fddd9844000-7fddd984a000 r--s 00036000 fd:02 161815077                  /home/user/.m2/repository/junit/junit/4.11/junit-4.11.jar
7fddd984a000-7fddd9854000 r--s 000ab000 fd:02 161945364                  /home/user/.m2/repository/org/javassist/javassist/3.22.0-CR2/javassist-3.22.0-CR2.jar
7fddd9854000-7fddd9858000 r--s 0002b000 fd:02 161945123                  /home/user/.m2/repository/org/glassfish/hk2/hk2-locator/2.5.0-b42/hk2-locator-2.5.0-b42.jar
7fddd9858000-7fddd985b000 r--s 0000d000 fd:02 161945264                  /home/user/.m2/repository/org/glassfish/jersey/inject/jersey-hk2/2.27/jersey-hk2-2.27.jar
7fddd985b000-7fddd985d000 r--s 00009000 fd:02 161750392                  /home/user/.m2/repository/com/google/inject/extensions/guice-assistedinject/4.0/guice-assistedinject-4.0.jar
7fddd985d000-7fddd985e000 r--s 00007000 fd:02 47845608                   /home/user/.m2/repository/com/fasterxml/jackson/module/jackson-module-jaxb-annotations/2.9.9/jackson-module-jaxb-annotations-2.9.9.jar
7fddd985e000-7fddd9862000 r--s 0004c000 fd:02 46861723                   /home/user/.m2/repository/com/fasterxml/jackson/core/jackson-core/2.9.9/jackson-core-2.9.9.jar
7fddd9862000-7fddd9875000 r--s 00137000 fd:02 46404178                   /home/user/.m2/repository/com/fasterxml/jackson/core/jackson-databind/2.9.9/jackson-databind-2.9.9.jar
7fddd9875000-7fddd9878000 r--s 0000e000 fd:02 46796522                   /home/user/.m2/repository/com/fasterxml/jackson/core/jackson-annotations/2.9.9/jackson-annotations-2.9.9.jar
7fddd9878000-7fddd987b000 r--s 0000f000 fd:02 161945248                  /home/user/.m2/repository/org/glassfish/jersey/ext/jersey-entity-filtering/2.27/jersey-entity-filtering-2.27.jar
7fddd987b000-7fddd987d000 r--s 00010000 fd:02 161945289                  /home/user/.m2/repository/org/glassfish/jersey/media/jersey-media-json-jackson/2.27/jersey-media-json-jackson-2.27.jar
7fddd987d000-7fddd9881000 r--s 0000c000 fd:02 161814978                  /home/user/.m2/repository/javax/validation/validation-api/1.1.0.Final/validation-api-1.1.0.Final.jar
7fddd9881000-7fddd9883000 r--s 00005000 fd:02 161814883                  /home/user/.m2/repository/javax/annotation/javax.annotation-api/1.2/javax.annotation-api-1.2.jar
7fddd9883000-7fddd9886000 r--s 0000f000 fd:02 161945280                  /home/user/.m2/repository/org/glassfish/jersey/media/jersey-media-jaxb/2.27/jersey-media-jaxb-2.27.jar
7fddd9886000-7fddd988a000 r--s 00029000 fd:02 161945204                  /home/user/.m2/repository/org/glassfish/jersey/core/jersey-client/2.27/jersey-client-2.27.jar
7fddd988a000-7fddd989d000 r--s 000d1000 fd:02 161945222                  /home/user/.m2/repository/org/glassfish/jersey/core/jersey-server/2.27/jersey-server-2.27.jar
7fddd989d000-7fddd989f000 r--s 00002000 fd:02 161945072                  /home/user/.m2/repository/org/glassfish/hk2/external/aopalliance-repackaged/2.5.0/aopalliance-repackaged-2.5.0.jar
7fddd989f000-7fddd98a1000 r--s 00005000 fd:02 161814862                  /home/user/.m2/repository/jakarta/annotation/jakarta.annotation-api/1.3.4/jakarta.annotation-api-1.3.4.jar
7fddd98a1000-7fddd98a4000 r--s 0001a000 fd:02 161945143                  /home/user/.m2/repository/org/glassfish/hk2/hk2-utils/2.5.0/hk2-utils-2.5.0.jar
7fddd98a4000-7fddd98a9000 r--s 00029000 fd:02 161945108                  /home/user/.m2/repository/org/glassfish/hk2/hk2-api/2.5.0/hk2-api-2.5.0.jar
7fddd98a9000-7fddd98aa000 r--s 00001000 fd:02 161945081                  /home/user/.m2/repository/org/glassfish/hk2/external/jakarta.inject/2.5.0/jakarta.inject-2.5.0.jar
7fddd98aa000-7fddd98ab000 r--s 00003000 fd:02 161945099                  /home/user/.m2/repository/org/glassfish/hk2/guice-bridge/2.5.0/guice-bridge-2.5.0.jar
7fddd98ab000-7fddd98ac000 r--s 00001000 fd:02 161945090                  /home/user/.m2/repository/org/glassfish/hk2/external/javax.inject/2.5.0-b42/javax.inject-2.5.0-b42.jar
7fddd98ac000-7fddd98ae000 r--s 0000d000 fd:02 161945188                  /home/user/.m2/repository/org/glassfish/jersey/containers/jersey-container-servlet-core/2.27/jersey-container-servlet-core-2.27.jar
7fddd98ae000-7fddd98b2000 r--s 0001c000 fd:02 161814989                  /home/user/.m2/repository/javax/ws/rs/javax.ws.rs-api/2.1/javax.ws.rs-api-2.1.jar
7fddd98b2000-7fddd98b3000 r--s 00004000 fd:02 161945152                  /home/user/.m2/repository/org/glassfish/hk2/osgi-resource-locator/1.0.1/osgi-resource-locator-1.0.1.jar
7fddd98b3000-7fddd98ca000 r--s 00100000 fd:02 161945213                  /home/user/.m2/repository/org/glassfish/jersey/core/jersey-common/2.27/jersey-common-2.27.jar
7fddd98ca000-7fddd98cc000 r--s 00003000 fd:02 161945179                  /home/user/.m2/repository/org/glassfish/jersey/containers/jersey-container-servlet/2.27/jersey-container-servlet-2.27.jar
7fddd98cc000-7fddd98ce000 r--s 00011000 fd:02 161750410                  /home/user/.m2/repository/com/google/inject/extensions/guice-servlet/4.0/guice-servlet-4.0.jar
7fddd98ce000-7fddd98ef000 r--s 00172000 fd:02 161750329                  /home/user/.m2/repository/com/google/guava/guava/11.0.2/guava-11.0.2.jar
7fddd98ef000-7fddd98f1000 r--s 00000000 fd:02 161749926                  /home/user/.m2/repository/aopalliance/aopalliance/1.0/aopalliance-1.0.jar
7fddd98f1000-7fddd98f2000 r--s 00000000 fd:02 161814926                  /home/user/.m2/repository/javax/inject/javax.inject/1/javax.inject-1.jar
7fddd98f2000-7fddd9900000 r--s 00096000 fd:02 161750419                  /home/user/.m2/repository/com/google/inject/guice/4.0/guice-4.0.jar
7fddd9900000-7fddd9958000 r--s 003a7000 fd:02 161882195                  /home/user/.m2/repository/org/bouncycastle/bcprov-jdk15on/1.60/bcprov-jdk15on-1.60.jar
7fddd9958000-7fddd995a000 r--s 00012000 fd:02 161750401                  /home/user/.m2/repository/com/google/inject/extensions/guice-multibindings/4.0/guice-multibindings-4.0.jar
7fddd995a000-7fddd995e000 r--s 0001e000 fd:02 161814509                  /home/user/.m2/repository/io/dropwizard/metrics/metrics-core/3.2.4/metrics-core-3.2.4.jar
7fddd995e000-7fddd9963000 r--s 0003c000 fd:02 161814497                  /home/user/.m2/repository/info/picocli/picocli/3.9.6/picocli-3.9.6.jar
7fddd9963000-7fddd9969000 r--s 0003c000 fd:02 161946552                  /home/user/.m2/repository/org/yaml/snakeyaml/1.16/snakeyaml-1.16.jar
7fddd9969000-7fddd996a000 r--s 00002000 fd:02 161814820                  /home/user/.m2/repository/io/opentracing/opentracing-noop/0.31.0/opentracing-noop-0.31.0.jar
7fddd996a000-7fddd996c000 r--s 00002000 fd:02 161814811                  /home/user/.m2/repository/io/opentracing/opentracing-api/0.31.0/opentracing-api-0.31.0.jar
7fddd996c000-7fddd996d000 r--s 00001000 fd:02 161814829                  /home/user/.m2/repository/io/opentracing/opentracing-util/0.31.0/opentracing-util-0.31.0.jar
7fddd996d000-7fddd996e000 r--s 00001000 fd:02 161814796                  /home/user/.m2/repository/io/opentracing/contrib/opentracing-tracerresolver/0.1.5/opentracing-tracerresolver-0.1.5.jar
7fddd996e000-7fddd996f000 r--s 00000000 fd:02 47779334                   /home/user/.m2/repository/io/jaegertracing/jaeger-tracerresolver/0.34.0/jaeger-tracerresolver-0.34.0.jar
7fddd996f000-7fddd9973000 r--s 0001c000 fd:02 47779332                   /home/user/.m2/repository/io/jaegertracing/jaeger-core/0.34.0/jaeger-core-0.34.0.jar
7fddd9973000-7fddd9974000 r--s 00013000 fd:02 161750682                  /home/user/.m2/repository/com/squareup/okio/okio/1.13.0/okio-1.13.0.jar
7fddd9974000-7fddd997a000 r--s 0005e000 fd:02 161750666                  /home/user/.m2/repository/com/squareup/okhttp3/okhttp/3.9.0/okhttp-3.9.0.jar
7fddd997a000-7fddd9980000 r--s 00037000 fd:02 47779330                   /home/user/.m2/repository/org/apache/thrift/libthrift/0.12.0/libthrift-0.12.0.jar
7fddd9980000-7fddd998e000 r--s 0009e000 fd:02 47779328                   /home/user/.m2/repository/io/jaegertracing/jaeger-thrift/0.34.0/jaeger-thrift-0.34.0.jar
7fddd998e000-7fddd998f000 r--s 00000000 fd:02 47715587                   /home/user/.m2/repository/io/jaegertracing/jaeger-client/0.34.0/jaeger-client-0.34.0.jar
7fddd998f000-7fddd9993000 r--s 00020000 fd:02 161751357                  /home/user/.m2/repository/commons-digester/commons-digester/1.8.1/commons-digester-1.8.1.jar
7fddd9993000-7fddd9997000 r--s 0002a000 fd:02 161814446                  /home/user/.m2/repository/commons-validator/commons-validator/1.6/commons-validator-1.6.jar
7fddd9997000-7fddd99aa000 r--s 000b0000 fd:02 161882186                  /home/user/.m2/repository/org/bouncycastle/bcpkix-jdk15on/1.60/bcpkix-jdk15on-1.60.jar
7fddd99aa000-7fddd99ad000 r--s 0001d000 fd:02 161815734                  /home/user/.m2/repository/org/apache/commons/commons-pool2/2.6.0/commons-pool2-2.6.0.jar
7fddd99ad000-7fddd99b0000 r--s 00012000 fd:02 161750568                  /home/user/.m2/repository/com/lmax/disruptor/3.4.2/disruptor-3.4.2.jar
7fddd99b0000-7fddd99d0000 r--s 00167000 fd:02 161816338                  /home/user/.m2/repository/org/apache/logging/log4j/log4j-core/2.11.0/log4j-core-2.11.0.jar
7fddd99d0000-7fddd99d6000 r--s 0003b000 fd:02 161816329                  /home/user/.m2/repository/org/apache/logging/log4j/log4j-api/2.11.0/log4j-api-2.11.0.jar
7fddd99d6000-7fddd99db000 r--s 00c4f000 fd:02 161946034                  /home/user/.m2/repository/org/rocksdb/rocksdbjni/6.0.1/rocksdbjni-6.0.1.jar
7fddd99db000-7fddd99de000 r--s 00018000 fd:02 47715584                   /home/user/.m2/repository/org/apache/ratis/ratis-grpc/0.4.0/ratis-grpc-0.4.0.jar
7fddd99de000-7fddd99e0000 r--s 00007000 fd:02 47715582                   /home/user/.m2/repository/org/apache/ratis/ratis-netty/0.4.0/ratis-netty-0.4.0.jar
7fddd99e0000-7fddd99e2000 r--s 00009000 fd:02 47648658                   /home/user/.m2/repository/info/ganglia/gmetric4j/gmetric4j/1.0.7/gmetric4j-1.0.7.jar
7fddd99e2000-7fddd99e3000 r--s 00002000 fd:02 47648656                   /home/user/.m2/repository/io/dropwizard/metrics/metrics-ganglia/3.2.5/metrics-ganglia-3.2.5.jar
7fddd99e3000-7fddd99e5000 r--s 00008000 fd:02 47583099                   /home/user/.m2/repository/io/dropwizard/metrics/metrics-jvm/3.2.5/metrics-jvm-3.2.5.jar
7fddd99e5000-7fddd99e6000 r--s 00003000 fd:02 47517254                   /home/user/.m2/repository/com/github/joshelser/dropwizard-metrics-hadoop-metrics2-reporter/0.1.2/dropwizard-metrics-hadoop-metrics2-reporter-0.1.2.jar
7fddd99e6000-7fddd99e7000 r--s 00006000 fd:02 47517251                   /home/user/.m2/repository/org/apache/ratis/ratis-metrics/0.4.0/ratis-metrics-0.4.0.jar
7fddd99e7000-7fddd99e9000 r--s 0000c000 fd:02 47517249                   /home/user/.m2/repository/org/apache/ratis/ratis-client/0.4.0/ratis-client-0.4.0.jar
7fddd99e9000-7fddd99ee000 r--s 0003a000 fd:02 47452930                   /home/user/.m2/repository/org/apache/ratis/ratis-common/0.4.0/ratis-common-0.4.0.jar
7fddd99ee000-7fddd99fc000 r--s 0010d000 fd:02 47452928                   /home/user/.m2/repository/org/apache/ratis/ratis-proto/0.4.0/ratis-proto-0.4.0.jar
7fddd99fc000-7fddd9ad6000 r--s 00cc8000 fd:02 161881839                  /home/user/.m2/repository/org/apache/ratis/ratis-thirdparty-misc/0.2.0/ratis-thirdparty-misc-0.2.0.jar
7fddd9ad6000-7fddd9adc000 r--s 00050000 fd:02 47452926                   /home/user/.m2/repository/org/apache/ratis/ratis-server/0.4.0/ratis-server-0.4.0.jar
7fddd9adc000-7fddd9b21000 r--s 00486000 fd:02 161815904                  /home/user/.m2/repository/org/apache/hadoop/hadoop-hdfs-client/3.2.0/hadoop-hdfs-client-3.2.0.jar
7fddd9b21000-7fddd9b24000 r--s 000fd000 fd:02 161945044                  /home/user/.m2/repository/org/fusesource/leveldbjni/leveldbjni-all/1.8/leveldbjni-all-1.8.jar
7fddd9b24000-7fddd9b4b000 r--s 00205000 fd:02 161814645                  /home/user/.m2/repository/io/netty/netty-all/4.0.52.Final/netty-all-4.0.52.Final.jar
7fddd9b4b000-7fddd9b64000 r--s 0012c000 fd:02 161814636                  /home/user/.m2/repository/io/netty/netty/3.10.5.Final/netty-3.10.5.Final.jar
7fddd9b64000-7fddd9b65000 r--s 00005000 fd:02 161751331                  /home/user/.m2/repository/commons-daemon/commons-daemon/1.0.13/commons-daemon-1.0.13.jar
7fddd9b65000-7fddd9b67000 r--s 00008000 fd:02 46928276                   /home/user/.m2/repository/org/eclipse/jetty/jetty-util-ajax/9.3.25.v20180904/jetty-util-ajax-9.3.25.v20180904.jar
7fddd9b67000-7fddd9baf000 r--s 00557000 fd:02 161815895                  /home/user/.m2/repository/org/apache/hadoop/hadoop-hdfs/3.2.0/hadoop-hdfs-3.2.0.jar
7fddd9baf000-7fddd9bb4000 r--s 00047000 fd:02 161814468                  /home/user/.m2/repository/dnsjava/dnsjava/2.1.7/dnsjava-2.1.7.jar
7fddd9bb4000-7fddd9bba000 r--s 00078000 fd:02 161750151                  /home/user/.m2/repository/com/fasterxml/woodstox/woodstox-core/5.0.3/woodstox-core-5.0.3.jar
7fddd9bba000-7fddd9bbe000 r--s 00024000 fd:02 161944849                  /home/user/.m2/repository/org/codehaus/woodstox/stax2-api/3.1.4/stax2-api-3.1.4.jar
7fddd9bbe000-7fddd9bc0000 r--s 00006000 fd:02 161816303                  /home/user/.m2/repository/org/apache/kerby/kerby-xdr/1.0.1/kerby-xdr-1.0.1.jar
7fddd9bc0000-7fddd9bc1000 r--s 00004000 fd:02 161816207                  /home/user/.m2/repository/org/apache/kerby/kerb-identity/1.0.1/kerb-identity-1.0.1.jar
7fddd9bc1000-7fddd9bc4000 r--s 00012000 fd:02 161816216                  /home/user/.m2/repository/org/apache/kerby/kerb-server/1.0.1/kerb-server-1.0.1.jar
7fddd9bc4000-7fddd9bc7000 r--s 00011000 fd:02 161816162                  /home/user/.m2/repository/org/apache/kerby/kerb-admin/1.0.1/kerb-admin-1.0.1.jar
7fddd9bc7000-7fddd9bc8000 r--s 00004000 fd:02 161816312                  /home/user/.m2/repository/org/apache/kerby/token-provider/1.0.1/token-provider-1.0.1.jar
7fddd9bc8000-7fddd9bc9000 r--s 00008000 fd:02 161816234                  /home/user/.m2/repository/org/apache/kerby/kerb-util/1.0.1/kerb-util-1.0.1.jar
7fddd9bc9000-7fddd9bcd000 r--s 00019000 fd:02 161816198                  /home/user/.m2/repository/org/apache/kerby/kerb-crypto/1.0.1/kerb-crypto-1.0.1.jar
7fddd9bcd000-7fddd9bcf000 r--s 0000e000 fd:02 161816180                  /home/user/.m2/repository/org/apache/kerby/kerb-common/1.0.1/kerb-common-1.0.1.jar
7fddd9bcf000-7fddd9bd0000 r--s 00009000 fd:02 161816294                  /home/user/.m2/repository/org/apache/kerby/kerby-util/1.0.1/kerby-util-1.0.1.jar
7fddd9bd0000-7fddd9bd2000 r--s 00017000 fd:02 161816249                  /home/user/.m2/repository/org/apache/kerby/kerby-asn1/1.0.1/kerby-asn1-1.0.1.jar
7fddd9bd2000-7fddd9bd9000 r--s 0002b000 fd:02 161816279                  /home/user/.m2/repository/org/apache/kerby/kerby-pkix/1.0.1/kerby-pkix-1.0.1.jar
7fddd9bd9000-7fddd9be0000 r--s 00031000 fd:02 161816189                  /home/user/.m2/repository/org/apache/kerby/kerb-core/1.0.1/kerb-core-1.0.1.jar
7fddd9be0000-7fddd9be2000 r--s 00006000 fd:02 161816264                  /home/user/.m2/repository/org/apache/kerby/kerby-config/1.0.1/kerby-config-1.0.1.jar
7fddd9be2000-7fddd9be5000 r--s 00019000 fd:02 161816171                  /home/user/.m2/repository/org/apache/kerby/kerb-client/1.0.1/kerb-client-1.0.1.jar
7fddd9be5000-7fddd9be6000 r--s 00004000 fd:02 161816225                  /home/user/.m2/repository/org/apache/kerby/kerb-simplekdc/1.0.1/kerb-simplekdc-1.0.1.jar
7fddd9be6000-7fddd9be7000 r--s 00004000 fd:02 161882118                  /home/user/.m2/repository/org/apache/yetus/audience-annotations/0.5.0/audience-annotations-0.5.0.jar
7fddd9be7000-7fddd9be9000 r--s 00014000 fd:02 46272052                   /home/user/.m2/repository/jline/jline/0.9.94/jline-0.9.94.jar
7fddd9be9000-7fddd9bf6000 r--s 000d1000 fd:02 161882134                  /home/user/.m2/repository/org/apache/zookeeper/zookeeper/3.4.13/zookeeper-3.4.13.jar
7fddd9bf6000-7fddd9c10000 r--s 00155000 fd:02 161816034                  /home/user/.m2/repository/org/apache/htrace/htrace-core4/4.1.0-incubating/htrace-core4-4.1.0-incubating.jar
7fddd9c10000-7fddd9c13000 r--s 00006000 fd:02 161750253                  /home/user/.m2/repository/com/google/code/findbugs/jsr305/3.0.0/jsr305-3.0.0.jar
7fddd9c13000-7fddd9c1b000 r--s 0003e000 fd:02 161815777                  /home/user/.m2/repository/org/apache/curator/curator-recipes/2.12.0/curator-recipes-2.12.0.jar
7fddd9c1b000-7fddd9c52000 r--s 00219000 fd:02 161815759                  /home/user/.m2/repository/org/apache/curator/curator-client/2.12.0/curator-client-2.12.0.jar
7fddd9c52000-7fddd9c57000 r--s 00040000 fd:02 161750542                  /home/user/.m2/repository/com/jcraft/jsch/0.1.54/jsch-0.1.54.jar
7fddd9c57000-7fddd9c5d000 r--s 0002c000 fd:02 161815768                  /home/user/.m2/repository/org/apache/curator/curator-framework/2.12.0/curator-framework-2.12.0.jar
7fddd9c5d000-7fddd9c5f000 r--s 0000c000 fd:02 161945727                  /home/user/.m2/repository/org/ow2/asm/asm/5.0.4/asm-5.0.4.jar
7fddd9c5f000-7fddd9c61000 r--s 00006000 fd:02 161815270                  /home/user/.m2/repository/net/minidev/accessors-smart/1.2/accessors-smart-1.2.jar
7fddd9c61000-7fddd9c64000 r--s 0001b000 fd:02 161815279                  /home/user/.m2/repository/net/minidev/json-smart/2.3/json-smart-2.3.jar
7fddd9c64000-7fddd9c66000 r--s 00000000 fd:02 161750189                  /home/user/.m2/repository/com/github/stephenc/jcip/jcip-annotations/1.0-1/jcip-annotations-1.0-1.jar
7fddd9c66000-7fddd9c6c000 r--s 00044000 fd:02 161750588                  /home/user/.m2/repository/com/nimbusds/nimbus-jose-jwt/4.41.1/nimbus-jose-jwt-4.41.1.jar
7fddd9c6c000-7fddd9c6e000 r--s 00020000 fd:02 161815850                  /home/user/.m2/repository/org/apache/hadoop/hadoop-auth/3.2.0/hadoop-auth-3.2.0.jar
7fddd9c6e000-7fddd9c73000 r--s 0002a000 fd:02 161750263                  /home/user/.m2/repository/com/google/code/gson/gson/2.2.4/gson-2.2.4.jar
7fddd9c73000-7fddd9c7b000 r--s 0007b000 fd:02 161750445                  /home/user/.m2/repository/com/google/protobuf/protobuf-java/2.5.0/protobuf-java-2.5.0.jar
7fddd9c7b000-7fddd9c7d000 r--s 0001e000 fd:02 161750487                  /home/user/.m2/repository/com/google/re2j/re2j/1.1/re2j-1.1.jar
7fddd9c7d000-7fddd9c7f000 r--s 00130000 fd:02 161946523                  /home/user/.m2/repository/org/xerial/snappy/snappy-java/1.0.5/snappy-java-1.0.5.jar
7fddd9c7f000-7fddd9c81000 r--s 00006000 fd:02 161750841                  /home/user/.m2/repository/com/thoughtworks/paranamer/paranamer/2.3/paranamer-2.3.jar
7fddd9c81000-7fddd9c8a000 r--s 00062000 fd:02 161815496                  /home/user/.m2/repository/org/apache/avro/avro/1.7.7/avro-1.7.7.jar
7fddd9c8a000-7fddd9c8b000 r--s 00002000 fd:02 161946109                  /home/user/.m2/repository/org/slf4j/slf4j-log4j12/1.7.25/slf4j-log4j12-1.7.25.jar
7fddd9c8b000-7fddd9c8f000 r--s 00029000 fd:02 161815743                  /home/user/.m2/repository/org/apache/commons/commons-text/1.4/commons-text-1.4.jar
7fddd9c8f000-7fddd9c97000 r--s 00072000 fd:02 161815607                  /home/user/.m2/repository/org/apache/commons/commons-lang3/3.7/commons-lang3-3.7.jar
7fddd9c97000-7fddd9ca3000 r--s 0008b000 fd:02 161815559                  /home/user/.m2/repository/org/apache/commons/commons-configuration2/2.1.1/commons-configuration2-2.1.1.jar
7fddd9ca3000-7fddd9ca8000 r--s 00038000 fd:02 46076220                   /home/user/.m2/repository/commons-beanutils/commons-beanutils/1.9.4/commons-beanutils-1.9.4.jar
7fddd9ca8000-7fddd9cb1000 r--s 0006f000 fd:02 161815113                  /home/user/.m2/repository/log4j/log4j/1.2.17/log4j-1.2.17.jar
7fddd9cb1000-7fddd9cb3000 r--s 0000e000 fd:02 161751490                  /home/user/.m2/repository/commons-logging/commons-logging/1.1.3/commons-logging-1.1.3.jar
7fddd9cb3000-7fddd9cb4000 r--s 00006000 fd:02 161882300                  /home/user/.m2/repository/org/codehaus/jackson/jackson-xc/1.9.13/jackson-xc-1.9.13.jar
7fddd9cb4000-7fddd9cb5000 r--s 00004000 fd:02 161882282                  /home/user/.m2/repository/org/codehaus/jackson/jackson-jaxrs/1.9.13/jackson-jaxrs-1.9.13.jar
7fddd9cb5000-7fddd9cc3000 r--s 000b1000 fd:02 161882291                  /home/user/.m2/repository/org/codehaus/jackson/jackson-mapper-asl/1.9.13/jackson-mapper-asl-1.9.13.jar
7fddd9cc3000-7fddd9cc7000 r--s 00035000 fd:02 161882273                  /home/user/.m2/repository/org/codehaus/jackson/jackson-core-asl/1.9.13/jackson-core-asl-1.9.13.jar
7fddd9cc7000-7fddd9cd9000 r--s 000d9000 fd:02 161750817                  /home/user/.m2/repository/com/sun/xml/bind/jaxb-impl/2.3.0.1/jaxb-impl-2.3.0.1.jar
7fddd9cd9000-7fddd9cdb000 r--s 0000f000 fd:02 161882310                  /home/user/.m2/repository/org/codehaus/jettison/jettison/1.1/jettison-1.1.jar
7fddd9cdb000-7fddd9cdf000 r--s 00025000 fd:02 161750743                  /home/user/.m2/repository/com/sun/jersey/jersey-json/1.19/jersey-json-1.19.jar
7fddd9cdf000-7fddd9ce2000 r--s 00016000 fd:02 161814954                  /home/user/.m2/repository/javax/servlet/jsp/jsp-api/2.1/jsp-api-2.1.jar
7fddd9ce2000-7fddd9ce3000 r--s 0000c000 fd:02 46010123                   /home/user/.m2/repository/org/eclipse/jetty/jetty-xml/9.3.25.v20180904/jetty-xml-9.3.25.v20180904.jar
7fddd9ce3000-7fddd9ce6000 r--s 0001a000 fd:02 45946072                   /home/user/.m2/repository/org/eclipse/jetty/jetty-webapp/9.3.25.v20180904/jetty-webapp-9.3.25.v20180904.jar
7fddd9ce6000-7fddd9ce9000 r--s 00015000 fd:02 45882274                   /home/user/.m2/repository/org/eclipse/jetty/jetty-security/9.3.25.v20180904/jetty-security-9.3.25.v20180904.jar
7fddd9ce9000-7fddd9cec000 r--s 0001b000 fd:02 45813346                   /home/user/.m2/repository/org/eclipse/jetty/jetty-servlet/9.3.25.v20180904/jetty-servlet-9.3.25.v20180904.jar
7fddd9cec000-7fddd9cf3000 r--s 00069000 fd:02 45617710                   /home/user/.m2/repository/org/eclipse/jetty/jetty-util/9.3.25.v20180904/jetty-util-9.3.25.v20180904.jar
7fddd9cf3000-7fddd9cf7000 r--s 0001b000 fd:02 45749114                   /home/user/.m2/repository/org/eclipse/jetty/jetty-io/9.3.25.v20180904/jetty-io-9.3.25.v20180904.jar
7fddd9cf7000-7fddd9cfa000 r--s 00022000 fd:02 45551935                   /home/user/.m2/repository/org/eclipse/jetty/jetty-http/9.3.25.v20180904/jetty-http-9.3.25.v20180904.jar
7fddd9cfa000-7fddd9d02000 r--s 00078000 fd:02 44371083                   /home/user/.m2/repository/org/eclipse/jetty/jetty-server/9.3.25.v20180904/jetty-server-9.3.25.v20180904.jar
7fddd9d02000-7fddd9d05000 r--s 00015000 fd:02 161814944                  /home/user/.m2/repository/javax/servlet/javax.servlet-api/3.1.0/javax.servlet-api-3.1.0.jar
7fddd9d05000-7fddd9d12000 r--s 00083000 fd:02 161751311                  /home/user/.m2/repository/commons-collections/commons-collections/3.2.2/commons-collections-3.2.2.jar
7fddd9d12000-7fddd9d18000 r--s 00046000 fd:02 161751516                  /home/user/.m2/repository/commons-net/commons-net/3.6/commons-net-3.6.jar
7fddd9d18000-7fddd9d1c000 r--s 0002f000 fd:02 161751422                  /home/user/.m2/repository/commons-io/commons-io/2.5/commons-io-2.5.jar
7fddd9d1c000-7fddd9d23000 r--s 0004b000 fd:02 161751243                  /home/user/.m2/repository/commons-codec/commons-codec/1.11/commons-codec-1.11.jar
7fddd9d23000-7fddd9d30000 r--s 000a7000 fd:02 161816058                  /home/user/.m2/repository/org/apache/httpcomponents/httpclient/4.5.2/httpclient-4.5.2.jar
7fddd9d30000-7fddd9d4d000 r--s 0016a000 fd:02 161815616                  /home/user/.m2/repository/org/apache/commons/commons-math3/3.1.1/commons-math3-3.1.1.jar
7fddd9d4d000-7fddd9dc6000 r--s 007c0000 fd:02 161099842                  /usr/lib/jvm/java-1.8-openjdk/lib/tools.jar
7fddd9dc6000-7fddd9e04000 r--s 003aa000 fd:02 161815871                  /home/user/.m2/repository/org/apache/hadoop/hadoop-common/3.2.0/hadoop-common-3.2.0.jar
7fddd9e04000-7fddd9e07000 ---p 00000000 00:00 0 
7fddd9e07000-7fddd9f05000 rw-p 00000000 00:00 0 
7fddd9f05000-7fddda10c000 r-xp 00000000 fd:02 161099749                  /usr/lib/jvm/java-1.8-openjdk/jre/lib/amd64/libmanagement.so
7fddda10c000-7fddda10d000 r--p 00007000 fd:02 161099749                  /usr/lib/jvm/java-1.8-openjdk/jre/lib/amd64/libmanagement.so
7fddda10d000-7fddda10e000 rw-p 00008000 fd:02 161099749                  /usr/lib/jvm/java-1.8-openjdk/jre/lib/amd64/libmanagement.so
7fddda10e000-7fddda111000 ---p 00000000 00:00 0 
7fddda111000-7fddda20f000 rw-p 00000000 00:00 0 
7fddda20f000-7fddda210000 ---p 00000000 00:00 0 
7fddda210000-7fddda311000 rw-p 00000000 00:00 0 
7fddda311000-7fddda314000 ---p 00000000 00:00 0 
7fddda314000-7fddda412000 rw-p 00000000 00:00 0 
7fddda412000-7fddda413000 ---p 00000000 00:00 0 
7fddda413000-7fddda416000 ---p 00000000 00:00 0 
7fddda416000-7fddda514000 rw-p 00000000 00:00 0 
7fddda514000-7fddda515000 ---p 00000000 00:00 0 
7fddda515000-7fddda518000 ---p 00000000 00:00 0 
7fddda518000-7fddda616000 rw-p 00000000 00:00 0 
7fddda616000-7fddda619000 ---p 00000000 00:00 0 
7fddda619000-7fddda717000 rw-p 00000000 00:00 0 
7fddda717000-7fddda71a000 ---p 00000000 00:00 0 
7fddda71a000-7fddda818000 rw-p 00000000 00:00 0 
7fddda818000-7fddda81b000 ---p 00000000 00:00 0 
7fddda81b000-7fddda919000 rw-p 00000000 00:00 0 
7fddda919000-7fddda91a000 ---p 00000000 00:00 0 
7fddda91a000-7fdddb324000 rw-p 00000000 00:00 0 
7fdddb324000-7fdddb4f4000 r--s 01f56000 fd:02 161099814                  /usr/lib/jvm/java-1.8-openjdk/jre/lib/rt.jar
7fdddb4f4000-7fdde016a000 rw-p 00000000 00:00 0 
7fdde016a000-7fdde016b000 ---p 00000000 00:00 0 
7fdde016b000-7fdde026c000 rw-p 00000000 00:00 0 
7fdde026c000-7fdde026d000 ---p 00000000 00:00 0 
7fdde026d000-7fdde0a28000 rw-p 00000000 00:00 0 
7fdde0a28000-7fdde0dda000 ---p 00000000 00:00 0 
7fdde0dda000-7fdde113a000 rwxp 00000000 00:00 0 
7fdde113a000-7fddefdda000 ---p 00000000 00:00 0 
7fddefdda000-7fddeffe1000 r-xp 00000000 fd:02 161099758                  /usr/lib/jvm/java-1.8-openjdk/jre/lib/amd64/libzip.so
7fddeffe1000-7fddeffe2000 r--p 00007000 fd:02 161099758                  /usr/lib/jvm/java-1.8-openjdk/jre/lib/amd64/libzip.so
7fddeffe2000-7fddeffe3000 rw-p 00008000 fd:02 161099758                  /usr/lib/jvm/java-1.8-openjdk/jre/lib/amd64/libzip.so
7fddeffe3000-7fddf020e000 r-xp 00000000 fd:02 161099739                  /usr/lib/jvm/java-1.8-openjdk/jre/lib/amd64/libjava.so
7fddf020e000-7fddf020f000 r--p 0002b000 fd:02 161099739                  /usr/lib/jvm/java-1.8-openjdk/jre/lib/amd64/libjava.so
7fddf020f000-7fddf0210000 rw-p 0002c000 fd:02 161099739                  /usr/lib/jvm/java-1.8-openjdk/jre/lib/amd64/libjava.so
7fddf0210000-7fddf0211000 rw-p 00000000 00:00 0 
7fddf0211000-7fddf041d000 r-xp 00000000 fd:02 161099757                  /usr/lib/jvm/java-1.8-openjdk/jre/lib/amd64/libverify.so
7fddf041d000-7fddf041f000 r--p 0000c000 fd:02 161099757                  /usr/lib/jvm/java-1.8-openjdk/jre/lib/amd64/libverify.so
7fddf041f000-7fddf0420000 rw-p 0000e000 fd:02 161099757                  /usr/lib/jvm/java-1.8-openjdk/jre/lib/amd64/libverify.so
7fddf0420000-7fddf0630000 r-xp 00000000 fd:02 161099915                  /usr/lib/libgcc_s.so.1
7fddf0630000-7fddf0631000 r--p 00010000 fd:02 161099915                  /usr/lib/libgcc_s.so.1
7fddf0631000-7fddf0632000 rw-p 00011000 fd:02 161099915                  /usr/lib/libgcc_s.so.1
7fddf0632000-7fddf0973000 r-xp 00000000 fd:02 161100038                  /usr/lib/libstdc++.so.6.0.22
7fddf0973000-7fddf0981000 r--p 00141000 fd:02 161100038                  /usr/lib/libstdc++.so.6.0.22
7fddf0981000-7fddf0982000 rw-p 0014f000 fd:02 161100038                  /usr/lib/libstdc++.so.6.0.22
7fddf0982000-7fddf0985000 rw-p 00000000 00:00 0 
7fddf0985000-7fddf1359000 r-xp 00000000 fd:02 161099762                  /usr/lib/jvm/java-1.8-openjdk/jre/lib/amd64/server/libjvm.so
7fddf1359000-7fddf13ef000 r--p 007d4000 fd:02 161099762                  /usr/lib/jvm/java-1.8-openjdk/jre/lib/amd64/server/libjvm.so
7fddf13ef000-7fddf1417000 rw-p 0086a000 fd:02 161099762                  /usr/lib/jvm/java-1.8-openjdk/jre/lib/amd64/server/libjvm.so
7fddf1417000-7fddf1448000 rw-p 00000000 00:00 0 
7fddf1448000-7fddf165d000 r-xp 00000000 fd:02 140248038                  /lib/libz.so.1.2.11
7fddf165d000-7fddf165e000 r--p 00015000 fd:02 140248038                  /lib/libz.so.1.2.11
7fddf165e000-7fddf165f000 rw-p 00016000 fd:02 140248038                  /lib/libz.so.1.2.11
7fddf165f000-7fddf186b000 r-xp 00000000 fd:02 161099723                  /usr/lib/jvm/java-1.8-openjdk/jre/lib/amd64/jli/libjli.so
7fddf186b000-7fddf186c000 r--p 0000c000 fd:02 161099723                  /usr/lib/jvm/java-1.8-openjdk/jre/lib/amd64/jli/libjli.so
7fddf186c000-7fddf186d000 rw-p 0000d000 fd:02 161099723                  /usr/lib/jvm/java-1.8-openjdk/jre/lib/amd64/jli/libjli.so
7fddf186d000-7fddf18fa000 r-xp 00000000 fd:02 161093890                  /lib/ld-musl-x86_64.so.1
7fddf18fa000-7fddf1901000 r--s 00049000 fd:02 161816111                  /home/user/.m2/repository/org/apache/httpcomponents/httpcore/4.4.4/httpcore-4.4.4.jar
7fddf1901000-7fddf1903000 r--s 00009000 fd:02 161751225                  /home/user/.m2/repository/commons-cli/commons-cli/1.2/commons-cli-1.2.jar
7fddf1903000-7fddf1904000 r--s 0000e000 fd:02 161815841                  /home/user/.m2/repository/org/apache/hadoop/hadoop-annotations/3.2.0/hadoop-annotations-3.2.0.jar
7fddf1904000-7fddf1908000 r--s 00014000 fd:02 161946488                  /home/user/.m2/repository/org/tukaani/xz/1.0/xz-1.0.jar
7fddf1908000-7fddf190d000 r--s 00036000 fd:02 161815542                  /home/user/.m2/repository/org/apache/commons/commons-compress/1.4.1/commons-compress-1.4.1.jar
7fddf190d000-7fddf190f000 r--s 00002000 fd:02 161881438                  /home/user/.m2/repository/org/apache/maven/surefire/surefire-logger-api/3.0.0-M1/surefire-logger-api-3.0.0-M1.jar
7fddf190f000-7fddf1914000 r--s 00027000 fd:02 161881420                  /home/user/.m2/repository/org/apache/maven/surefire/surefire-api/3.0.0-M1/surefire-api-3.0.0-M1.jar
7fddf1914000-7fddf191a000 r--s 00047000 fd:02 161881429                  /home/user/.m2/repository/org/apache/maven/surefire/surefire-booter/3.0.0-M1/surefire-booter-3.0.0-M1.jar
7fddf191a000-7fddf191b000 r--s 00004000 fd:05 20709851                   /workdir/hadoop-ozone/recon/target/surefire/surefirebooter1414054883411093659.jar
7fddf191b000-7fddf191c000 r--s 00000000 fd:02 140247974                  /etc/localtime
7fddf191c000-7fddf19ed000 rw-p 00000000 00:00 0 
7fddf19ed000-7fddf19f5000 rw-s 00000000 fd:02 44437678                   /tmp/hsperfdata_jenkins1000/20653
7fddf19f5000-7fddf19f6000 rw-p 00000000 00:00 0 
7fddf19f6000-7fddf19f7000 r--p 00000000 00:00 0 
7fddf19f7000-7fddf19f9000 ---p 00000000 00:00 0 
7fddf19f9000-7fddf19fc000 ---p 00000000 00:00 0 
7fddf19fc000-7fddf1afa000 rw-p 00000000 00:00 0 
7fddf1afa000-7fddf1afb000 r--p 0008d000 fd:02 161093890                  /lib/ld-musl-x86_64.so.1
7fddf1afb000-7fddf1afc000 rw-p 0008e000 fd:02 161093890                  /lib/ld-musl-x86_64.so.1
7fddf1afc000-7fddf1aff000 rw-p 00000000 00:00 0 
7fff9256d000-7fff9258f000 rw-p 00000000 00:00 0                          [stack]
7fff925b9000-7fff925bb000 r-xp 00000000 00:00 0                          [vdso]
ffffffffff600000-ffffffffff601000 r-xp 00000000 00:00 0                  [vsyscall]

VM Arguments:
jvm_args: -Xmx2048m -XX:+HeapDumpOnOutOfMemoryError 
java_command: /workdir/hadoop-ozone/recon/target/surefire/surefirebooter1414054883411093659.jar /workdir/hadoop-ozone/recon/target/surefire 2019-09-24T01-15-15_817-jvmRun1 surefire8188141868934859550tmp surefire_1177444543119242794056tmp
java_class_path (initial): /workdir/hadoop-ozone/recon/target/surefire/surefirebooter1414054883411093659.jar
Launcher Type: SUN_STANDARD

Environment Variables:
PATH=/usr/local/sbin:/usr/local/bin:/usr/sbin:/usr/bin:/sbin:/bin:/opt/findbugs/bin:/opt/blockade/bin
LD_LIBRARY_PATH=/usr/lib/jvm/java-1.8-openjdk/jre/lib/amd64/server:/usr/lib/jvm/java-1.8-openjdk/jre/lib/amd64:/usr/lib/jvm/java-1.8-openjdk/jre/../lib/amd64:/workdir/hadoop-ozone/recon/target/native/target/usr/local/lib:/workdir/hadoop-ozone/recon/../../hadoop-common-project/hadoop-common/target/native/target/usr/local/lib
DYLD_LIBRARY_PATH=${env.DYLD_LIBRARY_PATH}:/workdir/hadoop-ozone/recon/target/native/target/usr/local/lib:/workdir/hadoop-ozone/recon/../../hadoop-common-project/hadoop-common/target/native/target/usr/local/lib

Signal Handlers:
SIGSEGV: [libjvm.so+0x600fd2], sa_mask[0]=11111111011111111101111111111110, sa_flags=SA_RESTART|SA_SIGINFO
SIGBUS: [libjvm.so+0x600fd2], sa_mask[0]=11111111011111111101111111111110, sa_flags=SA_RESTART|SA_SIGINFO
SIGFPE: [libjvm.so+0x539502], sa_mask[0]=11111111011111111101111111111110, sa_flags=SA_RESTART|SA_SIGINFO
SIGPIPE: [libjvm.so+0x539502], sa_mask[0]=11111111011111111101111111111110, sa_flags=SA_RESTART|SA_SIGINFO
SIGXFSZ: [libjvm.so+0x539502], sa_mask[0]=11111111011111111101111111111110, sa_flags=SA_RESTART|SA_SIGINFO
SIGILL: [libjvm.so+0x539502], sa_mask[0]=11111111011111111101111111111110, sa_flags=SA_RESTART|SA_SIGINFO
SIGUSR1: SIG_DFL, sa_mask[0]=00000000000000000000000000000000, sa_flags=none
SIGUSR2: [libjvm.so+0x5396a1], sa_mask[0]=00100000000000000000000000000000, sa_flags=SA_RESTART|SA_SIGINFO
SIGHUP: [libjvm.so+0x53b719], sa_mask[0]=11111111011111111101111111111110, sa_flags=SA_RESTART|SA_SIGINFO
SIGINT: [libjvm.so+0x53b719], sa_mask[0]=11111111011111111101111111111110, sa_flags=SA_RESTART|SA_SIGINFO
SIGTERM: [libjvm.so+0x53b719], sa_mask[0]=11111111011111111101111111111110, sa_flags=SA_RESTART|SA_SIGINFO
SIGQUIT: [libjvm.so+0x53b719], sa_mask[0]=11111111011111111101111111111110, sa_flags=SA_RESTART|SA_SIGINFO


---------------  S Y S T E M  ---------------

OS:NAME="Alpine Linux"
ID=alpine
VERSION_ID=3.8.2
PRETTY_NAME="Alpine Linux v3.8"
HOME_URL="http://alpinelinux.org"
BUG_REPORT_URL="http://bugs.alpinelinux.org"

uname:Linux 3.10.0-957.12.2.el7.x86_64 #1 SMP Tue May 14 21:24:32 UTC 2019 x86_64
libc:glibc 2.9 NPTL 
rlimit: STACK 8192k, CORE infinity, NPROC 1048576, NOFILE 1048576, AS infinity
load average:4.58 4.56 4.68

/proc/meminfo:
MemTotal:       263864160 kB
MemFree:         8174160 kB
MemAvailable:   191241636 kB
Buffers:         2686528 kB
Cached:         79871428 kB
SwapCached:            0 kB
Active:         53002944 kB
Inactive:       40658112 kB
Active(anon):   13295132 kB
Inactive(anon):  2334060 kB
Active(file):   39707812 kB
Inactive(file): 38324052 kB
Unevictable:       13856 kB
Mlocked:           13856 kB
SwapTotal:             0 kB
SwapFree:              0 kB
Dirty:             10304 kB
Writeback:             0 kB
AnonPages:      11117404 kB
Mapped:           279152 kB
Shmem:           4521968 kB
Slab:           153737996 kB
SReclaimable:   105919704 kB
SUnreclaim:     47818292 kB
KernelStack:       42992 kB
PageTables:        38916 kB
NFS_Unstable:          0 kB
Bounce:                0 kB
WritebackTmp:          0 kB
CommitLimit:    131932080 kB
Committed_AS:   29094428 kB
VmallocTotal:   34359738367 kB
VmallocUsed:      751324 kB
VmallocChunk:   34224591456 kB
HardwareCorrupted:     0 kB
AnonHugePages:   7331840 kB
CmaTotal:              0 kB
CmaFree:               0 kB
HugePages_Total:       0
HugePages_Free:        0
HugePages_Rsvd:        0
HugePages_Surp:        0
Hugepagesize:       2048 kB
DirectMap4k:      377576 kB
DirectMap2M:    18388992 kB
DirectMap1G:    251658240 kB

container (cgroup) information:
container_type: cgroupv1
cpu_cpuset_cpus: 0-31
cpu_memory_nodes: 0-1
active_processor_count: 2
cpu_quota: -1
cpu_period: 100000
cpu_shares: 2048
memory_limit_in_bytes: -1
memory_and_swap_limit_in_bytes: -1
memory_soft_limit_in_bytes: -1
memory_usage_in_bytes: 7336370176
memory_max_usage_in_bytes: 8548724736


CPU:total 32 (initial active 2) (8 cores per cpu, 2 threads per core) family 6 model 63 stepping 2, cmov, cx8, fxsr, mmx, sse, sse2, sse3, ssse3, sse4.1, sse4.2, popcnt, avx, avx2, aes, clmul, erms, lzcnt, ht, tsc, tscinvbit, bmi1, bmi2

/proc/cpuinfo:
processor	: 0
vendor_id	: GenuineIntel
cpu family	: 6
model		: 63
model name	: Intel(R) Xeon(R) CPU E5-2630 v3 @ 2.40GHz
stepping	: 2
microcode	: 0x43
cpu MHz		: 2772.656
cache size	: 20480 KB
physical id	: 0
siblings	: 16
core id		: 0
cpu cores	: 8
apicid		: 0
initial apicid	: 0
fpu		: yes
fpu_exception	: yes
cpuid level	: 15
wp		: yes
flags		: fpu vme de pse tsc msr pae mce cx8 apic sep mtrr pge mca cmov pat pse36 clflush dts acpi mmx fxsr sse sse2 ss ht tm pbe syscall nx pdpe1gb rdtscp lm constant_tsc arch_perfmon pebs bts rep_good nopl xtopology nonstop_tsc aperfmperf eagerfpu pni pclmulqdq dtes64 monitor ds_cpl vmx smx est tm2 ssse3 sdbg fma cx16 xtpr pdcm pcid dca sse4_1 sse4_2 x2apic movbe popcnt tsc_deadline_timer aes xsave avx f16c rdrand lahf_lm abm epb intel_ppin ssbd ibrs ibpb stibp tpr_shadow vnmi flexpriority ept vpid fsgsbase tsc_adjust bmi1 avx2 smep bmi2 erms invpcid cqm xsaveopt cqm_llc cqm_occup_llc dtherm ida arat pln pts md_clear spec_ctrl intel_stibp flush_l1d
bogomips	: 4788.77
clflush size	: 64
cache_alignment	: 64
address sizes	: 46 bits physical, 48 bits virtual
power management:

processor	: 1
vendor_id	: GenuineIntel
cpu family	: 6
model		: 63
model name	: Intel(R) Xeon(R) CPU E5-2630 v3 @ 2.40GHz
stepping	: 2
microcode	: 0x43
cpu MHz		: 2964.404
cache size	: 20480 KB
physical id	: 0
siblings	: 16
core id		: 1
cpu cores	: 8
apicid		: 2
initial apicid	: 2
fpu		: yes
fpu_exception	: yes
cpuid level	: 15
wp		: yes
flags		: fpu vme de pse tsc msr pae mce cx8 apic sep mtrr pge mca cmov pat pse36 clflush dts acpi mmx fxsr sse sse2 ss ht tm pbe syscall nx pdpe1gb rdtscp lm constant_tsc arch_perfmon pebs bts rep_good nopl xtopology nonstop_tsc aperfmperf eagerfpu pni pclmulqdq dtes64 monitor ds_cpl vmx smx est tm2 ssse3 sdbg fma cx16 xtpr pdcm pcid dca sse4_1 sse4_2 x2apic movbe popcnt tsc_deadline_timer aes xsave avx f16c rdrand lahf_lm abm epb intel_ppin ssbd ibrs ibpb stibp tpr_shadow vnmi flexpriority ept vpid fsgsbase tsc_adjust bmi1 avx2 smep bmi2 erms invpcid cqm xsaveopt cqm_llc cqm_occup_llc dtherm ida arat pln pts md_clear spec_ctrl intel_stibp flush_l1d
bogomips	: 4788.77
clflush size	: 64
cache_alignment	: 64
address sizes	: 46 bits physical, 48 bits virtual
power management:

processor	: 2
vendor_id	: GenuineIntel
cpu family	: 6
model		: 63
model name	: Intel(R) Xeon(R) CPU E5-2630 v3 @ 2.40GHz
stepping	: 2
microcode	: 0x43
cpu MHz		: 1505.712
cache size	: 20480 KB
physical id	: 0
siblings	: 16
core id		: 2
cpu cores	: 8
apicid		: 4
initial apicid	: 4
fpu		: yes
fpu_exception	: yes
cpuid level	: 15
wp		: yes
flags		: fpu vme de pse tsc msr pae mce cx8 apic sep mtrr pge mca cmov pat pse36 clflush dts acpi mmx fxsr sse sse2 ss ht tm pbe syscall nx pdpe1gb rdtscp lm constant_tsc arch_perfmon pebs bts rep_good nopl xtopology nonstop_tsc aperfmperf eagerfpu pni pclmulqdq dtes64 monitor ds_cpl vmx smx est tm2 ssse3 sdbg fma cx16 xtpr pdcm pcid dca sse4_1 sse4_2 x2apic movbe popcnt tsc_deadline_timer aes xsave avx f16c rdrand lahf_lm abm epb intel_ppin ssbd ibrs ibpb stibp tpr_shadow vnmi flexpriority ept vpid fsgsbase tsc_adjust bmi1 avx2 smep bmi2 erms invpcid cqm xsaveopt cqm_llc cqm_occup_llc dtherm ida arat pln pts md_clear spec_ctrl intel_stibp flush_l1d
bogomips	: 4788.77
clflush size	: 64
cache_alignment	: 64
address sizes	: 46 bits physical, 48 bits virtual
power management:

processor	: 3
vendor_id	: GenuineIntel
cpu family	: 6
model		: 63
model name	: Intel(R) Xeon(R) CPU E5-2630 v3 @ 2.40GHz
stepping	: 2
microcode	: 0x43
cpu MHz		: 1200.292
cache size	: 20480 KB
physical id	: 0
siblings	: 16
core id		: 3
cpu cores	: 8
apicid		: 6
initial apicid	: 6
fpu		: yes
fpu_exception	: yes
cpuid level	: 15
wp		: yes
flags		: fpu vme de pse tsc msr pae mce cx8 apic sep mtrr pge mca cmov pat pse36 clflush dts acpi mmx fxsr sse sse2 ss ht tm pbe syscall nx pdpe1gb rdtscp lm constant_tsc arch_perfmon pebs bts rep_good nopl xtopology nonstop_tsc aperfmperf eagerfpu pni pclmulqdq dtes64 monitor ds_cpl vmx smx est tm2 ssse3 sdbg fma cx16 xtpr pdcm pcid dca sse4_1 sse4_2 x2apic movbe popcnt tsc_deadline_timer aes xsave avx f16c rdrand lahf_lm abm epb intel_ppin ssbd ibrs ibpb stibp tpr_shadow vnmi flexpriority ept vpid fsgsbase tsc_adjust bmi1 avx2 smep bmi2 erms invpcid cqm xsaveopt cqm_llc cqm_occup_llc dtherm ida arat pln pts md_clear spec_ctrl intel_stibp flush_l1d
bogomips	: 4788.77
clflush size	: 64
cache_alignment	: 64
address sizes	: 46 bits physical, 48 bits virtual
power management:

processor	: 4
vendor_id	: GenuineIntel
cpu family	: 6
model		: 63
model name	: Intel(R) Xeon(R) CPU E5-2630 v3 @ 2.40GHz
stepping	: 2
microcode	: 0x43
cpu MHz		: 1399.804
cache size	: 20480 KB
physical id	: 0
siblings	: 16
core id		: 4
cpu cores	: 8
apicid		: 8
initial apicid	: 8
fpu		: yes
fpu_exception	: yes
cpuid level	: 15
wp		: yes
flags		: fpu vme de pse tsc msr pae mce cx8 apic sep mtrr pge mca cmov pat pse36 clflush dts acpi mmx fxsr sse sse2 ss ht tm pbe syscall nx pdpe1gb rdtscp lm constant_tsc arch_perfmon pebs bts rep_good nopl xtopology nonstop_tsc aperfmperf eagerfpu pni pclmulqdq dtes64 monitor ds_cpl vmx smx est tm2 ssse3 sdbg fma cx16 xtpr pdcm pcid dca sse4_1 sse4_2 x2apic movbe popcnt tsc_deadline_timer aes xsave avx f16c rdrand lahf_lm abm epb intel_ppin ssbd ibrs ibpb stibp tpr_shadow vnmi flexpriority ept vpid fsgsbase tsc_adjust bmi1 avx2 smep bmi2 erms invpcid cqm xsaveopt cqm_llc cqm_occup_llc dtherm ida arat pln pts md_clear spec_ctrl intel_stibp flush_l1d
bogomips	: 4788.77
clflush size	: 64
cache_alignment	: 64
address sizes	: 46 bits physical, 48 bits virtual
power management:

processor	: 5
vendor_id	: GenuineIntel
cpu family	: 6
model		: 63
model name	: Intel(R) Xeon(R) CPU E5-2630 v3 @ 2.40GHz
stepping	: 2
microcode	: 0x43
cpu MHz		: 1297.998
cache size	: 20480 KB
physical id	: 0
siblings	: 16
core id		: 5
cpu cores	: 8
apicid		: 10
initial apicid	: 10
fpu		: yes
fpu_exception	: yes
cpuid level	: 15
wp		: yes
flags		: fpu vme de pse tsc msr pae mce cx8 apic sep mtrr pge mca cmov pat pse36 clflush dts acpi mmx fxsr sse sse2 ss ht tm pbe syscall nx pdpe1gb rdtscp lm constant_tsc arch_perfmon pebs bts rep_good nopl xtopology nonstop_tsc aperfmperf eagerfpu pni pclmulqdq dtes64 monitor ds_cpl vmx smx est tm2 ssse3 sdbg fma cx16 xtpr pdcm pcid dca sse4_1 sse4_2 x2apic movbe popcnt tsc_deadline_timer aes xsave avx f16c rdrand lahf_lm abm epb intel_ppin ssbd ibrs ibpb stibp tpr_shadow vnmi flexpriority ept vpid fsgsbase tsc_adjust bmi1 avx2 smep bmi2 erms invpcid cqm xsaveopt cqm_llc cqm_occup_llc dtherm ida arat pln pts md_clear spec_ctrl intel_stibp flush_l1d
bogomips	: 4788.77
clflush size	: 64
cache_alignment	: 64
address sizes	: 46 bits physical, 48 bits virtual
power management:

processor	: 6
vendor_id	: GenuineIntel
cpu family	: 6
model		: 63
model name	: Intel(R) Xeon(R) CPU E5-2630 v3 @ 2.40GHz
stepping	: 2
microcode	: 0x43
cpu MHz		: 1397.607
cache size	: 20480 KB
physical id	: 0
siblings	: 16
core id		: 6
cpu cores	: 8
apicid		: 12
initial apicid	: 12
fpu		: yes
fpu_exception	: yes
cpuid level	: 15
wp		: yes
flags		: fpu vme de pse tsc msr pae mce cx8 apic sep mtrr pge mca cmov pat pse36 clflush dts acpi mmx fxsr sse sse2 ss ht tm pbe syscall nx pdpe1gb rdtscp lm constant_tsc arch_perfmon pebs bts rep_good nopl xtopology nonstop_tsc aperfmperf eagerfpu pni pclmulqdq dtes64 monitor ds_cpl vmx smx est tm2 ssse3 sdbg fma cx16 xtpr pdcm pcid dca sse4_1 sse4_2 x2apic movbe popcnt tsc_deadline_timer aes xsave avx f16c rdrand lahf_lm abm epb intel_ppin ssbd ibrs ibpb stibp tpr_shadow vnmi flexpriority ept vpid fsgsbase tsc_adjust bmi1 avx2 smep bmi2 erms invpcid cqm xsaveopt cqm_llc cqm_occup_llc dtherm ida arat pln pts md_clear spec_ctrl intel_stibp flush_l1d
bogomips	: 4788.77
clflush size	: 64
cache_alignment	: 64
address sizes	: 46 bits physical, 48 bits virtual
power management:

processor	: 7
vendor_id	: GenuineIntel
cpu family	: 6
model		: 63
model name	: Intel(R) Xeon(R) CPU E5-2630 v3 @ 2.40GHz
stepping	: 2
microcode	: 0x43
cpu MHz		: 1632.861
cache size	: 20480 KB
physical id	: 0
siblings	: 16
core id		: 7
cpu cores	: 8
apicid		: 14
initial apicid	: 14
fpu		: yes
fpu_exception	: yes
cpuid level	: 15
wp		: yes
flags		: fpu vme de pse tsc msr pae mce cx8 apic sep mtrr pge mca cmov pat pse36 clflush dts acpi mmx fxsr sse sse2 ss ht tm pbe syscall nx pdpe1gb rdtscp lm constant_tsc arch_perfmon pebs bts rep_good nopl xtopology nonstop_tsc aperfmperf eagerfpu pni pclmulqdq dtes64 monitor ds_cpl vmx smx est tm2 ssse3 sdbg fma cx16 xtpr pdcm pcid dca sse4_1 sse4_2 x2apic movbe popcnt tsc_deadline_timer aes xsave avx f16c rdrand lahf_lm abm epb intel_ppin ssbd ibrs ibpb stibp tpr_shadow vnmi flexpriority ept vpid fsgsbase tsc_adjust bmi1 avx2 smep bmi2 erms invpcid cqm xsaveopt cqm_llc cqm_occup_llc dtherm ida arat pln pts md_clear spec_ctrl intel_stibp flush_l1d
bogomips	: 4788.77
clflush size	: 64
cache_alignment	: 64
address sizes	: 46 bits physical, 48 bits virtual
power management:

processor	: 8
vendor_id	: GenuineIntel
cpu family	: 6
model		: 63
model name	: Intel(R) Xeon(R) CPU E5-2630 v3 @ 2.40GHz
stepping	: 2
microcode	: 0x43
cpu MHz		: 1251.269
cache size	: 20480 KB
physical id	: 1
siblings	: 16
core id		: 0
cpu cores	: 8
apicid		: 16
initial apicid	: 16
fpu		: yes
fpu_exception	: yes
cpuid level	: 15
wp		: yes
flags		: fpu vme de pse tsc msr pae mce cx8 apic sep mtrr pge mca cmov pat pse36 clflush dts acpi mmx fxsr sse sse2 ss ht tm pbe syscall nx pdpe1gb rdtscp lm constant_tsc arch_perfmon pebs bts rep_good nopl xtopology nonstop_tsc aperfmperf eagerfpu pni pclmulqdq dtes64 monitor ds_cpl vmx smx est tm2 ssse3 sdbg fma cx16 xtpr pdcm pcid dca sse4_1 sse4_2 x2apic movbe popcnt tsc_deadline_timer aes xsave avx f16c rdrand lahf_lm abm epb intel_ppin ssbd ibrs ibpb stibp tpr_shadow vnmi flexpriority ept vpid fsgsbase tsc_adjust bmi1 avx2 smep bmi2 erms invpcid cqm xsaveopt cqm_llc cqm_occup_llc dtherm ida arat pln pts md_clear spec_ctrl intel_stibp flush_l1d
bogomips	: 4794.61
clflush size	: 64
cache_alignment	: 64
address sizes	: 46 bits physical, 48 bits virtual
power management:

processor	: 9
vendor_id	: GenuineIntel
cpu family	: 6
model		: 63
model name	: Intel(R) Xeon(R) CPU E5-2630 v3 @ 2.40GHz
stepping	: 2
microcode	: 0x43
cpu MHz		: 1624.658
cache size	: 20480 KB
physical id	: 1
siblings	: 16
core id		: 1
cpu cores	: 8
apicid		: 18
initial apicid	: 18
fpu		: yes
fpu_exception	: yes
cpuid level	: 15
wp		: yes
flags		: fpu vme de pse tsc msr pae mce cx8 apic sep mtrr pge mca cmov pat pse36 clflush dts acpi mmx fxsr sse sse2 ss ht tm pbe syscall nx pdpe1gb rdtscp lm constant_tsc arch_perfmon pebs bts rep_good nopl xtopology nonstop_tsc aperfmperf eagerfpu pni pclmulqdq dtes64 monitor ds_cpl vmx smx est tm2 ssse3 sdbg fma cx16 xtpr pdcm pcid dca sse4_1 sse4_2 x2apic movbe popcnt tsc_deadline_timer aes xsave avx f16c rdrand lahf_lm abm epb intel_ppin ssbd ibrs ibpb stibp tpr_shadow vnmi flexpriority ept vpid fsgsbase tsc_adjust bmi1 avx2 smep bmi2 erms invpcid cqm xsaveopt cqm_llc cqm_occup_llc dtherm ida arat pln pts md_clear spec_ctrl intel_stibp flush_l1d
bogomips	: 4794.61
clflush size	: 64
cache_alignment	: 64
address sizes	: 46 bits physical, 48 bits virtual
power management:

processor	: 10
vendor_id	: GenuineIntel
cpu family	: 6
model		: 63
model name	: Intel(R) Xeon(R) CPU E5-2630 v3 @ 2.40GHz
stepping	: 2
microcode	: 0x43
cpu MHz		: 1299.902
cache size	: 20480 KB
physical id	: 1
siblings	: 16
core id		: 2
cpu cores	: 8
apicid		: 20
initial apicid	: 20
fpu		: yes
fpu_exception	: yes
cpuid level	: 15
wp		: yes
flags		: fpu vme de pse tsc msr pae mce cx8 apic sep mtrr pge mca cmov pat pse36 clflush dts acpi mmx fxsr sse sse2 ss ht tm pbe syscall nx pdpe1gb rdtscp lm constant_tsc arch_perfmon pebs bts rep_good nopl xtopology nonstop_tsc aperfmperf eagerfpu pni pclmulqdq dtes64 monitor ds_cpl vmx smx est tm2 ssse3 sdbg fma cx16 xtpr pdcm pcid dca sse4_1 sse4_2 x2apic movbe popcnt tsc_deadline_timer aes xsave avx f16c rdrand lahf_lm abm epb intel_ppin ssbd ibrs ibpb stibp tpr_shadow vnmi flexpriority ept vpid fsgsbase tsc_adjust bmi1 avx2 smep bmi2 erms invpcid cqm xsaveopt cqm_llc cqm_occup_llc dtherm ida arat pln pts md_clear spec_ctrl intel_stibp flush_l1d
bogomips	: 4794.61
clflush size	: 64
cache_alignment	: 64
address sizes	: 46 bits physical, 48 bits virtual
power management:

processor	: 11
vendor_id	: GenuineIntel
cpu family	: 6
model		: 63
model name	: Intel(R) Xeon(R) CPU E5-2630 v3 @ 2.40GHz
stepping	: 2
microcode	: 0x43
cpu MHz		: 1261.816
cache size	: 20480 KB
physical id	: 1
siblings	: 16
core id		: 3
cpu cores	: 8
apicid		: 22
initial apicid	: 22
fpu		: yes
fpu_exception	: yes
cpuid level	: 15
wp		: yes
flags		: fpu vme de pse tsc msr pae mce cx8 apic sep mtrr pge mca cmov pat pse36 clflush dts acpi mmx fxsr sse sse2 ss ht tm pbe syscall nx pdpe1gb rdtscp lm constant_tsc arch_perfmon pebs bts rep_good nopl xtopology nonstop_tsc aperfmperf eagerfpu pni pclmulqdq dtes64 monitor ds_cpl vmx smx est tm2 ssse3 sdbg fma cx16 xtpr pdcm pcid dca sse4_1 sse4_2 x2apic movbe popcnt tsc_deadline_timer aes xsave avx f16c rdrand lahf_lm abm epb intel_ppin ssbd ibrs ibpb stibp tpr_shadow vnmi flexpriority ept vpid fsgsbase tsc_adjust bmi1 avx2 smep bmi2 erms invpcid cqm xsaveopt cqm_llc cqm_occup_llc dtherm ida arat pln pts md_clear spec_ctrl intel_stibp flush_l1d
bogomips	: 4794.61
clflush size	: 64
cache_alignment	: 64
address sizes	: 46 bits physical, 48 bits virtual
power management:

processor	: 12
vendor_id	: GenuineIntel
cpu family	: 6
model		: 63
model name	: Intel(R) Xeon(R) CPU E5-2630 v3 @ 2.40GHz
stepping	: 2
microcode	: 0x43
cpu MHz		: 1398.046
cache size	: 20480 KB
physical id	: 1
siblings	: 16
core id		: 4
cpu cores	: 8
apicid		: 24
initial apicid	: 24
fpu		: yes
fpu_exception	: yes
cpuid level	: 15
wp		: yes
flags		: fpu vme de pse tsc msr pae mce cx8 apic sep mtrr pge mca cmov pat pse36 clflush dts acpi mmx fxsr sse sse2 ss ht tm pbe syscall nx pdpe1gb rdtscp lm constant_tsc arch_perfmon pebs bts rep_good nopl xtopology nonstop_tsc aperfmperf eagerfpu pni pclmulqdq dtes64 monitor ds_cpl vmx smx est tm2 ssse3 sdbg fma cx16 xtpr pdcm pcid dca sse4_1 sse4_2 x2apic movbe popcnt tsc_deadline_timer aes xsave avx f16c rdrand lahf_lm abm epb intel_ppin ssbd ibrs ibpb stibp tpr_shadow vnmi flexpriority ept vpid fsgsbase tsc_adjust bmi1 avx2 smep bmi2 erms invpcid cqm xsaveopt cqm_llc cqm_occup_llc dtherm ida arat pln pts md_clear spec_ctrl intel_stibp flush_l1d
bogomips	: 4794.61
clflush size	: 64
cache_alignment	: 64
address sizes	: 46 bits physical, 48 bits virtual
power management:

processor	: 13
vendor_id	: GenuineIntel
cpu family	: 6
model		: 63
model name	: Intel(R) Xeon(R) CPU E5-2630 v3 @ 2.40GHz
stepping	: 2
microcode	: 0x43
cpu MHz		: 1399.951
cache size	: 20480 KB
physical id	: 1
siblings	: 16
core id		: 5
cpu cores	: 8
apicid		: 26
initial apicid	: 26
fpu		: yes
fpu_exception	: yes
cpuid level	: 15
wp		: yes
flags		: fpu vme de pse tsc msr pae mce cx8 apic sep mtrr pge mca cmov pat pse36 clflush dts acpi mmx fxsr sse sse2 ss ht tm pbe syscall nx pdpe1gb rdtscp lm constant_tsc arch_perfmon pebs bts rep_good nopl xtopology nonstop_tsc aperfmperf eagerfpu pni pclmulqdq dtes64 monitor ds_cpl vmx smx est tm2 ssse3 sdbg fma cx16 xtpr pdcm pcid dca sse4_1 sse4_2 x2apic movbe popcnt tsc_deadline_timer aes xsave avx f16c rdrand lahf_lm abm epb intel_ppin ssbd ibrs ibpb stibp tpr_shadow vnmi flexpriority ept vpid fsgsbase tsc_adjust bmi1 avx2 smep bmi2 erms invpcid cqm xsaveopt cqm_llc cqm_occup_llc dtherm ida arat pln pts md_clear spec_ctrl intel_stibp flush_l1d
bogomips	: 4794.61
clflush size	: 64
cache_alignment	: 64
address sizes	: 46 bits physical, 48 bits virtual
power management:

processor	: 14
vendor_id	: GenuineIntel
cpu family	: 6
model		: 63
model name	: Intel(R) Xeon(R) CPU E5-2630 v3 @ 2.40GHz
stepping	: 2
microcode	: 0x43
cpu MHz		: 1299.902
cache size	: 20480 KB
physical id	: 1
siblings	: 16
core id		: 6
cpu cores	: 8
apicid		: 28
initial apicid	: 28
fpu		: yes
fpu_exception	: yes
cpuid level	: 15
wp		: yes
flags		: fpu vme de pse tsc msr pae mce cx8 apic sep mtrr pge mca cmov pat pse36 clflush dts acpi mmx fxsr sse sse2 ss ht tm pbe syscall nx pdpe1gb rdtscp lm constant_tsc arch_perfmon pebs bts rep_good nopl xtopology nonstop_tsc aperfmperf eagerfpu pni pclmulqdq dtes64 monitor ds_cpl vmx smx est tm2 ssse3 sdbg fma cx16 xtpr pdcm pcid dca sse4_1 sse4_2 x2apic movbe popcnt tsc_deadline_timer aes xsave avx f16c rdrand lahf_lm abm epb intel_ppin ssbd ibrs ibpb stibp tpr_shadow vnmi flexpriority ept vpid fsgsbase tsc_adjust bmi1 avx2 smep bmi2 erms invpcid cqm xsaveopt cqm_llc cqm_occup_llc dtherm ida arat pln pts md_clear spec_ctrl intel_stibp flush_l1d
bogomips	: 4794.61
clflush size	: 64
cache_alignment	: 64
address sizes	: 46 bits physical, 48 bits virtual
power management:

processor	: 15
vendor_id	: GenuineIntel
cpu family	: 6
model		: 63
model name	: Intel(R) Xeon(R) CPU E5-2630 v3 @ 2.40GHz
stepping	: 2
microcode	: 0x43
cpu MHz		: 1454.736
cache size	: 20480 KB
physical id	: 1
siblings	: 16
core id		: 7
cpu cores	: 8
apicid		: 30
initial apicid	: 30
fpu		: yes
fpu_exception	: yes
cpuid level	: 15
wp		: yes
flags		: fpu vme de pse tsc msr pae mce cx8 apic sep mtrr pge mca cmov pat pse36 clflush dts acpi mmx fxsr sse sse2 ss ht tm pbe syscall nx pdpe1gb rdtscp lm constant_tsc arch_perfmon pebs bts rep_good nopl xtopology nonstop_tsc aperfmperf eagerfpu pni pclmulqdq dtes64 monitor ds_cpl vmx smx est tm2 ssse3 sdbg fma cx16 xtpr pdcm pcid dca sse4_1 sse4_2 x2apic movbe popcnt tsc_deadline_timer aes xsave avx f16c rdrand lahf_lm abm epb intel_ppin ssbd ibrs ibpb stibp tpr_shadow vnmi flexpriority ept vpid fsgsbase tsc_adjust bmi1 avx2 smep bmi2 erms invpcid cqm xsaveopt cqm_llc cqm_occup_llc dtherm ida arat pln pts md_clear spec_ctrl intel_stibp flush_l1d
bogomips	: 4794.61
clflush size	: 64
cache_alignment	: 64
address sizes	: 46 bits physical, 48 bits virtual
power management:

processor	: 16
vendor_id	: GenuineIntel
cpu family	: 6
model		: 63
model name	: Intel(R) Xeon(R) CPU E5-2630 v3 @ 2.40GHz
stepping	: 2
microcode	: 0x43
cpu MHz		: 2824.804
cache size	: 20480 KB
physical id	: 0
siblings	: 16
core id		: 0
cpu cores	: 8
apicid		: 1
initial apicid	: 1
fpu		: yes
fpu_exception	: yes
cpuid level	: 15
wp		: yes
flags		: fpu vme de pse tsc msr pae mce cx8 apic sep mtrr pge mca cmov pat pse36 clflush dts acpi mmx fxsr sse sse2 ss ht tm pbe syscall nx pdpe1gb rdtscp lm constant_tsc arch_perfmon pebs bts rep_good nopl xtopology nonstop_tsc aperfmperf eagerfpu pni pclmulqdq dtes64 monitor ds_cpl vmx smx est tm2 ssse3 sdbg fma cx16 xtpr pdcm pcid dca sse4_1 sse4_2 x2apic movbe popcnt tsc_deadline_timer aes xsave avx f16c rdrand lahf_lm abm epb intel_ppin ssbd ibrs ibpb stibp tpr_shadow vnmi flexpriority ept vpid fsgsbase tsc_adjust bmi1 avx2 smep bmi2 erms invpcid cqm xsaveopt cqm_llc cqm_occup_llc dtherm ida arat pln pts md_clear spec_ctrl intel_stibp flush_l1d
bogomips	: 4788.77
clflush size	: 64
cache_alignment	: 64
address sizes	: 46 bits physical, 48 bits virtual
power management:

processor	: 17
vendor_id	: GenuineIntel
cpu family	: 6
model		: 63
model name	: Intel(R) Xeon(R) CPU E5-2630 v3 @ 2.40GHz
stepping	: 2
microcode	: 0x43
cpu MHz		: 2537.988
cache size	: 20480 KB
physical id	: 0
siblings	: 16
core id		: 1
cpu cores	: 8
apicid		: 3
initial apicid	: 3
fpu		: yes
fpu_exception	: yes
cpuid level	: 15
wp		: yes
flags		: fpu vme de pse tsc msr pae mce cx8 apic sep mtrr pge mca cmov pat pse36 clflush dts acpi mmx fxsr sse sse2 ss ht tm pbe syscall nx pdpe1gb rdtscp lm constant_tsc arch_perfmon pebs bts rep_good nopl xtopology nonstop_tsc aperfmperf eagerfpu pni pclmulqdq dtes64 monitor ds_cpl vmx smx est tm2 ssse3 sdbg fma cx16 xtpr pdcm pcid dca sse4_1 sse4_2 x2apic movbe popcnt tsc_deadline_timer aes xsave avx f16c rdrand lahf_lm abm epb intel_ppin ssbd ibrs ibpb stibp tpr_shadow vnmi flexpriority ept vpid fsgsbase tsc_adjust bmi1 avx2 smep bmi2 erms invpcid cqm xsaveopt cqm_llc cqm_occup_llc dtherm ida arat pln pts md_clear spec_ctrl intel_stibp flush_l1d
bogomips	: 4788.77
clflush size	: 64
cache_alignment	: 64
address sizes	: 46 bits physical, 48 bits virtual
power management:

processor	: 18
vendor_id	: GenuineIntel
cpu family	: 6
model		: 63
model name	: Intel(R) Xeon(R) CPU E5-2630 v3 @ 2.40GHz
stepping	: 2
microcode	: 0x43
cpu MHz		: 1589.501
cache size	: 20480 KB
physical id	: 0
siblings	: 16
core id		: 2
cpu cores	: 8
apicid		: 5
initial apicid	: 5
fpu		: yes
fpu_exception	: yes
cpuid level	: 15
wp		: yes
flags		: fpu vme de pse tsc msr pae mce cx8 apic sep mtrr pge mca cmov pat pse36 clflush dts acpi mmx fxsr sse sse2 ss ht tm pbe syscall nx pdpe1gb rdtscp lm constant_tsc arch_perfmon pebs bts rep_good nopl xtopology nonstop_tsc aperfmperf eagerfpu pni pclmulqdq dtes64 monitor ds_cpl vmx smx est tm2 ssse3 sdbg fma cx16 xtpr pdcm pcid dca sse4_1 sse4_2 x2apic movbe popcnt tsc_deadline_timer aes xsave avx f16c rdrand lahf_lm abm epb intel_ppin ssbd ibrs ibpb stibp tpr_shadow vnmi flexpriority ept vpid fsgsbase tsc_adjust bmi1 avx2 smep bmi2 erms invpcid cqm xsaveopt cqm_llc cqm_occup_llc dtherm ida arat pln pts md_clear spec_ctrl intel_stibp flush_l1d
bogomips	: 4788.77
clflush size	: 64
cache_alignment	: 64
address sizes	: 46 bits physical, 48 bits virtual
power management:

processor	: 19
vendor_id	: GenuineIntel
cpu family	: 6
model		: 63
model name	: Intel(R) Xeon(R) CPU E5-2630 v3 @ 2.40GHz
stepping	: 2
microcode	: 0x43
cpu MHz		: 1200.000
cache size	: 20480 KB
physical id	: 0
siblings	: 16
core id		: 3
cpu cores	: 8
apicid		: 7
initial apicid	: 7
fpu		: yes
fpu_exception	: yes
cpuid level	: 15
wp		: yes
flags		: fpu vme de pse tsc msr pae mce cx8 apic sep mtrr pge mca cmov pat pse36 clflush dts acpi mmx fxsr sse sse2 ss ht tm pbe syscall nx pdpe1gb rdtscp lm constant_tsc arch_perfmon pebs bts rep_good nopl xtopology nonstop_tsc aperfmperf eagerfpu pni pclmulqdq dtes64 monitor ds_cpl vmx smx est tm2 ssse3 sdbg fma cx16 xtpr pdcm pcid dca sse4_1 sse4_2 x2apic movbe popcnt tsc_deadline_timer aes xsave avx f16c rdrand lahf_lm abm epb intel_ppin ssbd ibrs ibpb stibp tpr_shadow vnmi flexpriority ept vpid fsgsbase tsc_adjust bmi1 avx2 smep bmi2 erms invpcid cqm xsaveopt cqm_llc cqm_occup_llc dtherm ida arat pln pts md_clear spec_ctrl intel_stibp flush_l1d
bogomips	: 4788.77
clflush size	: 64
cache_alignment	: 64
address sizes	: 46 bits physical, 48 bits virtual
power management:

processor	: 20
vendor_id	: GenuineIntel
cpu family	: 6
model		: 63
model name	: Intel(R) Xeon(R) CPU E5-2630 v3 @ 2.40GHz
stepping	: 2
microcode	: 0x43
cpu MHz		: 1297.265
cache size	: 20480 KB
physical id	: 0
siblings	: 16
core id		: 4
cpu cores	: 8
apicid		: 9
initial apicid	: 9
fpu		: yes
fpu_exception	: yes
cpuid level	: 15
wp		: yes
flags		: fpu vme de pse tsc msr pae mce cx8 apic sep mtrr pge mca cmov pat pse36 clflush dts acpi mmx fxsr sse sse2 ss ht tm pbe syscall nx pdpe1gb rdtscp lm constant_tsc arch_perfmon pebs bts rep_good nopl xtopology nonstop_tsc aperfmperf eagerfpu pni pclmulqdq dtes64 monitor ds_cpl vmx smx est tm2 ssse3 sdbg fma cx16 xtpr pdcm pcid dca sse4_1 sse4_2 x2apic movbe popcnt tsc_deadline_timer aes xsave avx f16c rdrand lahf_lm abm epb intel_ppin ssbd ibrs ibpb stibp tpr_shadow vnmi flexpriority ept vpid fsgsbase tsc_adjust bmi1 avx2 smep bmi2 erms invpcid cqm xsaveopt cqm_llc cqm_occup_llc dtherm ida arat pln pts md_clear spec_ctrl intel_stibp flush_l1d
bogomips	: 4788.77
clflush size	: 64
cache_alignment	: 64
address sizes	: 46 bits physical, 48 bits virtual
power management:

processor	: 21
vendor_id	: GenuineIntel
cpu family	: 6
model		: 63
model name	: Intel(R) Xeon(R) CPU E5-2630 v3 @ 2.40GHz
stepping	: 2
microcode	: 0x43
cpu MHz		: 1387.939
cache size	: 20480 KB
physical id	: 0
siblings	: 16
core id		: 5
cpu cores	: 8
apicid		: 11
initial apicid	: 11
fpu		: yes
fpu_exception	: yes
cpuid level	: 15
wp		: yes
flags		: fpu vme de pse tsc msr pae mce cx8 apic sep mtrr pge mca cmov pat pse36 clflush dts acpi mmx fxsr sse sse2 ss ht tm pbe syscall nx pdpe1gb rdtscp lm constant_tsc arch_perfmon pebs bts rep_good nopl xtopology nonstop_tsc aperfmperf eagerfpu pni pclmulqdq dtes64 monitor ds_cpl vmx smx est tm2 ssse3 sdbg fma cx16 xtpr pdcm pcid dca sse4_1 sse4_2 x2apic movbe popcnt tsc_deadline_timer aes xsave avx f16c rdrand lahf_lm abm epb intel_ppin ssbd ibrs ibpb stibp tpr_shadow vnmi flexpriority ept vpid fsgsbase tsc_adjust bmi1 avx2 smep bmi2 erms invpcid cqm xsaveopt cqm_llc cqm_occup_llc dtherm ida arat pln pts md_clear spec_ctrl intel_stibp flush_l1d
bogomips	: 4788.77
clflush size	: 64
cache_alignment	: 64
address sizes	: 46 bits physical, 48 bits virtual
power management:

processor	: 22
vendor_id	: GenuineIntel
cpu family	: 6
model		: 63
model name	: Intel(R) Xeon(R) CPU E5-2630 v3 @ 2.40GHz
stepping	: 2
microcode	: 0x43
cpu MHz		: 1293.310
cache size	: 20480 KB
physical id	: 0
siblings	: 16
core id		: 6
cpu cores	: 8
apicid		: 13
initial apicid	: 13
fpu		: yes
fpu_exception	: yes
cpuid level	: 15
wp		: yes
flags		: fpu vme de pse tsc msr pae mce cx8 apic sep mtrr pge mca cmov pat pse36 clflush dts acpi mmx fxsr sse sse2 ss ht tm pbe syscall nx pdpe1gb rdtscp lm constant_tsc arch_perfmon pebs bts rep_good nopl xtopology nonstop_tsc aperfmperf eagerfpu pni pclmulqdq dtes64 monitor ds_cpl vmx smx est tm2 ssse3 sdbg fma cx16 xtpr pdcm pcid dca sse4_1 sse4_2 x2apic movbe popcnt tsc_deadline_timer aes xsave avx f16c rdrand lahf_lm abm epb intel_ppin ssbd ibrs ibpb stibp tpr_shadow vnmi flexpriority ept vpid fsgsbase tsc_adjust bmi1 avx2 smep bmi2 erms invpcid cqm xsaveopt cqm_llc cqm_occup_llc dtherm ida arat pln pts md_clear spec_ctrl intel_stibp flush_l1d
bogomips	: 4788.77
clflush size	: 64
cache_alignment	: 64
address sizes	: 46 bits physical, 48 bits virtual
power management:

processor	: 23
vendor_id	: GenuineIntel
cpu family	: 6
model		: 63
model name	: Intel(R) Xeon(R) CPU E5-2630 v3 @ 2.40GHz
stepping	: 2
microcode	: 0x43
cpu MHz		: 1380.322
cache size	: 20480 KB
physical id	: 0
siblings	: 16
core id		: 7
cpu cores	: 8
apicid		: 15
initial apicid	: 15
fpu		: yes
fpu_exception	: yes
cpuid level	: 15
wp		: yes
flags		: fpu vme de pse tsc msr pae mce cx8 apic sep mtrr pge mca cmov pat pse36 clflush dts acpi mmx fxsr sse sse2 ss ht tm pbe syscall nx pdpe1gb rdtscp lm constant_tsc arch_perfmon pebs bts rep_good nopl xtopology nonstop_tsc aperfmperf eagerfpu pni pclmulqdq dtes64 monitor ds_cpl vmx smx est tm2 ssse3 sdbg fma cx16 xtpr pdcm pcid dca sse4_1 sse4_2 x2apic movbe popcnt tsc_deadline_timer aes xsave avx f16c rdrand lahf_lm abm epb intel_ppin ssbd ibrs ibpb stibp tpr_shadow vnmi flexpriority ept vpid fsgsbase tsc_adjust bmi1 avx2 smep bmi2 erms invpcid cqm xsaveopt cqm_llc cqm_occup_llc dtherm ida arat pln pts md_clear spec_ctrl intel_stibp flush_l1d
bogomips	: 4788.77
clflush size	: 64
cache_alignment	: 64
address sizes	: 46 bits physical, 48 bits virtual
power management:

processor	: 24
vendor_id	: GenuineIntel
cpu family	: 6
model		: 63
model name	: Intel(R) Xeon(R) CPU E5-2630 v3 @ 2.40GHz
stepping	: 2
microcode	: 0x43
cpu MHz		: 1260.791
cache size	: 20480 KB
physical id	: 1
siblings	: 16
core id		: 0
cpu cores	: 8
apicid		: 17
initial apicid	: 17
fpu		: yes
fpu_exception	: yes
cpuid level	: 15
wp		: yes
flags		: fpu vme de pse tsc msr pae mce cx8 apic sep mtrr pge mca cmov pat pse36 clflush dts acpi mmx fxsr sse sse2 ss ht tm pbe syscall nx pdpe1gb rdtscp lm constant_tsc arch_perfmon pebs bts rep_good nopl xtopology nonstop_tsc aperfmperf eagerfpu pni pclmulqdq dtes64 monitor ds_cpl vmx smx est tm2 ssse3 sdbg fma cx16 xtpr pdcm pcid dca sse4_1 sse4_2 x2apic movbe popcnt tsc_deadline_timer aes xsave avx f16c rdrand lahf_lm abm epb intel_ppin ssbd ibrs ibpb stibp tpr_shadow vnmi flexpriority ept vpid fsgsbase tsc_adjust bmi1 avx2 smep bmi2 erms invpcid cqm xsaveopt cqm_llc cqm_occup_llc dtherm ida arat pln pts md_clear spec_ctrl intel_stibp flush_l1d
bogomips	: 4794.61
clflush size	: 64
cache_alignment	: 64
address sizes	: 46 bits physical, 48 bits virtual
power management:

processor	: 25
vendor_id	: GenuineIntel
cpu family	: 6
model		: 63
model name	: Intel(R) Xeon(R) CPU E5-2630 v3 @ 2.40GHz
stepping	: 2
microcode	: 0x43
cpu MHz		: 1585.253
cache size	: 20480 KB
physical id	: 1
siblings	: 16
core id		: 1
cpu cores	: 8
apicid		: 19
initial apicid	: 19
fpu		: yes
fpu_exception	: yes
cpuid level	: 15
wp		: yes
flags		: fpu vme de pse tsc msr pae mce cx8 apic sep mtrr pge mca cmov pat pse36 clflush dts acpi mmx fxsr sse sse2 ss ht tm pbe syscall nx pdpe1gb rdtscp lm constant_tsc arch_perfmon pebs bts rep_good nopl xtopology nonstop_tsc aperfmperf eagerfpu pni pclmulqdq dtes64 monitor ds_cpl vmx smx est tm2 ssse3 sdbg fma cx16 xtpr pdcm pcid dca sse4_1 sse4_2 x2apic movbe popcnt tsc_deadline_timer aes xsave avx f16c rdrand lahf_lm abm epb intel_ppin ssbd ibrs ibpb stibp tpr_shadow vnmi flexpriority ept vpid fsgsbase tsc_adjust bmi1 avx2 smep bmi2 erms invpcid cqm xsaveopt cqm_llc cqm_occup_llc dtherm ida arat pln pts md_clear spec_ctrl intel_stibp flush_l1d
bogomips	: 4794.61
clflush size	: 64
cache_alignment	: 64
address sizes	: 46 bits physical, 48 bits virtual
power management:

processor	: 26
vendor_id	: GenuineIntel
cpu family	: 6
model		: 63
model name	: Intel(R) Xeon(R) CPU E5-2630 v3 @ 2.40GHz
stepping	: 2
microcode	: 0x43
cpu MHz		: 1295.214
cache size	: 20480 KB
physical id	: 1
siblings	: 16
core id		: 2
cpu cores	: 8
apicid		: 21
initial apicid	: 21
fpu		: yes
fpu_exception	: yes
cpuid level	: 15
wp		: yes
flags		: fpu vme de pse tsc msr pae mce cx8 apic sep mtrr pge mca cmov pat pse36 clflush dts acpi mmx fxsr sse sse2 ss ht tm pbe syscall nx pdpe1gb rdtscp lm constant_tsc arch_perfmon pebs bts rep_good nopl xtopology nonstop_tsc aperfmperf eagerfpu pni pclmulqdq dtes64 monitor ds_cpl vmx smx est tm2 ssse3 sdbg fma cx16 xtpr pdcm pcid dca sse4_1 sse4_2 x2apic movbe popcnt tsc_deadline_timer aes xsave avx f16c rdrand lahf_lm abm epb intel_ppin ssbd ibrs ibpb stibp tpr_shadow vnmi flexpriority ept vpid fsgsbase tsc_adjust bmi1 avx2 smep bmi2 erms invpcid cqm xsaveopt cqm_llc cqm_occup_llc dtherm ida arat pln pts md_clear spec_ctrl intel_stibp flush_l1d
bogomips	: 4794.61
clflush size	: 64
cache_alignment	: 64
address sizes	: 46 bits physical, 48 bits virtual
power management:

processor	: 27
vendor_id	: GenuineIntel
cpu family	: 6
model		: 63
model name	: Intel(R) Xeon(R) CPU E5-2630 v3 @ 2.40GHz
stepping	: 2
microcode	: 0x43
cpu MHz		: 1243.359
cache size	: 20480 KB
physical id	: 1
siblings	: 16
core id		: 3
cpu cores	: 8
apicid		: 23
initial apicid	: 23
fpu		: yes
fpu_exception	: yes
cpuid level	: 15
wp		: yes
flags		: fpu vme de pse tsc msr pae mce cx8 apic sep mtrr pge mca cmov pat pse36 clflush dts acpi mmx fxsr sse sse2 ss ht tm pbe syscall nx pdpe1gb rdtscp lm constant_tsc arch_perfmon pebs bts rep_good nopl xtopology nonstop_tsc aperfmperf eagerfpu pni pclmulqdq dtes64 monitor ds_cpl vmx smx est tm2 ssse3 sdbg fma cx16 xtpr pdcm pcid dca sse4_1 sse4_2 x2apic movbe popcnt tsc_deadline_timer aes xsave avx f16c rdrand lahf_lm abm epb intel_ppin ssbd ibrs ibpb stibp tpr_shadow vnmi flexpriority ept vpid fsgsbase tsc_adjust bmi1 avx2 smep bmi2 erms invpcid cqm xsaveopt cqm_llc cqm_occup_llc dtherm ida arat pln pts md_clear spec_ctrl intel_stibp flush_l1d
bogomips	: 4794.61
clflush size	: 64
cache_alignment	: 64
address sizes	: 46 bits physical, 48 bits virtual
power management:

processor	: 28
vendor_id	: GenuineIntel
cpu family	: 6
model		: 63
model name	: Intel(R) Xeon(R) CPU E5-2630 v3 @ 2.40GHz
stepping	: 2
microcode	: 0x43
cpu MHz		: 1462.939
cache size	: 20480 KB
physical id	: 1
siblings	: 16
core id		: 4
cpu cores	: 8
apicid		: 25
initial apicid	: 25
fpu		: yes
fpu_exception	: yes
cpuid level	: 15
wp		: yes
flags		: fpu vme de pse tsc msr pae mce cx8 apic sep mtrr pge mca cmov pat pse36 clflush dts acpi mmx fxsr sse sse2 ss ht tm pbe syscall nx pdpe1gb rdtscp lm constant_tsc arch_perfmon pebs bts rep_good nopl xtopology nonstop_tsc aperfmperf eagerfpu pni pclmulqdq dtes64 monitor ds_cpl vmx smx est tm2 ssse3 sdbg fma cx16 xtpr pdcm pcid dca sse4_1 sse4_2 x2apic movbe popcnt tsc_deadline_timer aes xsave avx f16c rdrand lahf_lm abm epb intel_ppin ssbd ibrs ibpb stibp tpr_shadow vnmi flexpriority ept vpid fsgsbase tsc_adjust bmi1 avx2 smep bmi2 erms invpcid cqm xsaveopt cqm_llc cqm_occup_llc dtherm ida arat pln pts md_clear spec_ctrl intel_stibp flush_l1d
bogomips	: 4794.61
clflush size	: 64
cache_alignment	: 64
address sizes	: 46 bits physical, 48 bits virtual
power management:

processor	: 29
vendor_id	: GenuineIntel
cpu family	: 6
model		: 63
model name	: Intel(R) Xeon(R) CPU E5-2630 v3 @ 2.40GHz
stepping	: 2
microcode	: 0x43
cpu MHz		: 1295.800
cache size	: 20480 KB
physical id	: 1
siblings	: 16
core id		: 5
cpu cores	: 8
apicid		: 27
initial apicid	: 27
fpu		: yes
fpu_exception	: yes
cpuid level	: 15
wp		: yes
flags		: fpu vme de pse tsc msr pae mce cx8 apic sep mtrr pge mca cmov pat pse36 clflush dts acpi mmx fxsr sse sse2 ss ht tm pbe syscall nx pdpe1gb rdtscp lm constant_tsc arch_perfmon pebs bts rep_good nopl xtopology nonstop_tsc aperfmperf eagerfpu pni pclmulqdq dtes64 monitor ds_cpl vmx smx est tm2 ssse3 sdbg fma cx16 xtpr pdcm pcid dca sse4_1 sse4_2 x2apic movbe popcnt tsc_deadline_timer aes xsave avx f16c rdrand lahf_lm abm epb intel_ppin ssbd ibrs ibpb stibp tpr_shadow vnmi flexpriority ept vpid fsgsbase tsc_adjust bmi1 avx2 smep bmi2 erms invpcid cqm xsaveopt cqm_llc cqm_occup_llc dtherm ida arat pln pts md_clear spec_ctrl intel_stibp flush_l1d
bogomips	: 4794.61
clflush size	: 64
cache_alignment	: 64
address sizes	: 46 bits physical, 48 bits virtual
power management:

processor	: 30
vendor_id	: GenuineIntel
cpu family	: 6
model		: 63
model name	: Intel(R) Xeon(R) CPU E5-2630 v3 @ 2.40GHz
stepping	: 2
microcode	: 0x43
cpu MHz		: 1245.556
cache size	: 20480 KB
physical id	: 1
siblings	: 16
core id		: 6
cpu cores	: 8
apicid		: 29
initial apicid	: 29
fpu		: yes
fpu_exception	: yes
cpuid level	: 15
wp		: yes
flags		: fpu vme de pse tsc msr pae mce cx8 apic sep mtrr pge mca cmov pat pse36 clflush dts acpi mmx fxsr sse sse2 ss ht tm pbe syscall nx pdpe1gb rdtscp lm constant_tsc arch_perfmon pebs bts rep_good nopl xtopology nonstop_tsc aperfmperf eagerfpu pni pclmulqdq dtes64 monitor ds_cpl vmx smx est tm2 ssse3 sdbg fma cx16 xtpr pdcm pcid dca sse4_1 sse4_2 x2apic movbe popcnt tsc_deadline_timer aes xsave avx f16c rdrand lahf_lm abm epb intel_ppin ssbd ibrs ibpb stibp tpr_shadow vnmi flexpriority ept vpid fsgsbase tsc_adjust bmi1 avx2 smep bmi2 erms invpcid cqm xsaveopt cqm_llc cqm_occup_llc dtherm ida arat pln pts md_clear spec_ctrl intel_stibp flush_l1d
bogomips	: 4794.61
clflush size	: 64
cache_alignment	: 64
address sizes	: 46 bits physical, 48 bits virtual
power management:

processor	: 31
vendor_id	: GenuineIntel
cpu family	: 6
model		: 63
model name	: Intel(R) Xeon(R) CPU E5-2630 v3 @ 2.40GHz
stepping	: 2
microcode	: 0x43
cpu MHz		: 1269.726
cache size	: 20480 KB
physical id	: 1
siblings	: 16
core id		: 7
cpu cores	: 8
apicid		: 31
initial apicid	: 31
fpu		: yes
fpu_exception	: yes
cpuid level	: 15
wp		: yes
flags		: fpu vme de pse tsc msr pae mce cx8 apic sep mtrr pge mca cmov pat pse36 clflush dts acpi mmx fxsr sse sse2 ss ht tm pbe syscall nx pdpe1gb rdtscp lm constant_tsc arch_perfmon pebs bts rep_good nopl xtopology nonstop_tsc aperfmperf eagerfpu pni pclmulqdq dtes64 monitor ds_cpl vmx smx est tm2 ssse3 sdbg fma cx16 xtpr pdcm pcid dca sse4_1 sse4_2 x2apic movbe popcnt tsc_deadline_timer aes xsave avx f16c rdrand lahf_lm abm epb intel_ppin ssbd ibrs ibpb stibp tpr_shadow vnmi flexpriority ept vpid fsgsbase tsc_adjust bmi1 avx2 smep bmi2 erms invpcid cqm xsaveopt cqm_llc cqm_occup_llc dtherm ida arat pln pts md_clear spec_ctrl intel_stibp flush_l1d
bogomips	: 4794.61
clflush size	: 64
cache_alignment	: 64
address sizes	: 46 bits physical, 48 bits virtual
power management:



Memory: 4k page, physical 263864160k(8174064k free), swap 0k(0k free)

vm_info: OpenJDK 64-Bit Server VM (25.212-b04) for linux-amd64 JRE (1.8.0_212-b04), built on Aug 12 2019 13:15:31 by "buildozer" with gcc 6.4.0

time: Tue Sep 24 01:24:23 2019
timezone: UTC
elapsed time: 1 seconds (0d 0h 0m 1s)

