#
# A fatal error has been detected by the Java Runtime Environment:
#
#  SIGSEGV (0xb) at pc=0x00007f84258b4810, pid=15677, tid=0x00007f84094ccae0
#
# JRE version: OpenJDK Runtime Environment (8.0_212-b04) (build 1.8.0_212-b04)
# Java VM: OpenJDK 64-Bit Server VM (25.212-b04 mixed mode linux-amd64 compressed oops)
# Derivative: IcedTea 3.12.0
# Distribution: Custom build (Mon Aug 12 12:56:32 UTC 2019)
# Problematic frame:
# C  [ld-musl-x86_64.so.1+0x53810]  pthread_setname_np+0x5e
#
# Core dump written. Default location: /workdir/hadoop-ozone/ozone-manager/core or core.15677
#
# If you would like to submit a bug report, please include
# instructions on how to reproduce the bug and visit:
#   https://icedtea.classpath.org/bugzilla
#

---------------  T H R E A D  ---------------

Current thread is native thread

siginfo: si_signo: 11 (SIGSEGV), si_code: 1 (SEGV_MAPERR), si_addr: 0x0000000000000038

Registers:
RAX=0x00007f84094ccae0, RBX=0x0000000000000022, RCX=0x0000000000000000, RDX=0x0000000000000000
RSP=0x00007f84094cc680, RBP=0x0000000000000000, RSI=0x0000000000000000, RDI=0xff73725e6f6c7463
R8 =0x0000000000000000, R9 =0x8080808080808080, R10=0xfefefefefefefeff, R11=0x0000000000000212
R12=0x000055e5a6453798, R13=0x000000000000000f, R14=0x00007f84094ccae0, R15=0x00007f8425aedae8
RIP=0x00007f84258b4810, EFLAGS=0x0000000000010202, CSGSFS=0x0000000000000033, ERR=0x0000000000000004
  TRAPNO=0x000000000000000e

Top of Stack: (sp=0x00007f84094cc680)
0x00007f84094cc680:   0000000000000000 0000000000000000
0x00007f84094cc690:   0000000000000000 0000000000000000
0x00007f84094cc6a0:   0000000000000000 0000000000000000
0x00007f84094cc6b0:   0000000000000000 000055e5a62c01e0
0x00007f84094cc6c0:   00007f84094cc710 0000000000000000
0x00007f84094cc6d0:   000055e5a62c0220 00007f840880eec9
0x00007f84094cc6e0:   0000000000000000 000055e5a6a99f20
0x00007f84094cc6f0:   0000000000000000 00007f84094cc760
0x00007f84094cc700:   00007f84094ccae0 00007f8425aedae8
0x00007f84094cc710:   0000000000000000 00007f84246e4f41
0x00007f84094cc720:   0000000000000000 00007f84094ccae0
0x00007f84094cc730:   0000000000000000 00007f84258b36c2
0x00007f84094cc740:   0000000000000000 0000000000000000
0x00007f84094cc750:   0000000000017000 00007f84258b55b1
0x00007f84094cc760:   0000000000000002 00007f84094ccac0
0x00007f84094cc770:   00007f84094cc790 0000000000000000
0x00007f84094cc780:   0000000000000000 0000000000000000
0x00007f84094cc790:   0000000000000002 0000000000000000
0x00007f84094cc7a0:   0000000000000000 0000000000000000
0x00007f84094cc7b0:   0000000000000000 0000000000000000
0x00007f84094cc7c0:   0000000000000000 0000000000000000
0x00007f84094cc7d0:   0000000000000000 0000000000000000
0x00007f84094cc7e0:   0000000000000000 0000000000000000
0x00007f84094cc7f0:   0000000000000000 0000000000000000
0x00007f84094cc800:   0000000000000000 0000000000000000
0x00007f84094cc810:   0000000000000000 0000000000000000
0x00007f84094cc820:   0000000000000000 0000000000000000
0x00007f84094cc830:   0000000000000000 0000000000000000
0x00007f84094cc840:   0000000000000000 0000000000000000
0x00007f84094cc850:   0000000000000000 0000000000000000
0x00007f84094cc860:   0000000000000000 0000000000000000
0x00007f84094cc870:   0000000000000000 0000000000000000 

Instructions: (pc=0x00007f84258b4810)
0x00007f84258b47f0:   31 d2 31 c0 4c 89 e6 bf 0f 00 00 00 e8 65 d8 fc
0x00007f84258b4800:   ff 85 c0 89 c3 74 7e e8 25 a7 fc ff 8b 18 eb 75
0x00007f84258b4810:   8b 4d 38 48 8d 5c 24 0e 48 8d 15 f2 92 03 00 be
0x00007f84258b4820:   22 00 00 00 31 c0 48 89 df e8 35 68 ff ff 48 8d 

Register to memory mapping:

RAX=0x00007f84094ccae0 is an unknown value
RBX=0x0000000000000022 is an unknown value
RCX=0x0000000000000000 is an unknown value
RDX=0x0000000000000000 is an unknown value
RSP=0x00007f84094cc680 is an unknown value
RBP=0x0000000000000000 is an unknown value
RSI=0x0000000000000000 is an unknown value
RDI=0xff73725e6f6c7463 is an unknown value
R8 =0x0000000000000000 is an unknown value
R9 =0x8080808080808080 is an unknown value
R10=0xfefefefefefefeff is an unknown value
R11=0x0000000000000212 is an unknown value
R12=0x000055e5a6453798 is an unknown value
R13=0x000000000000000f is an unknown value
R14=0x00007f84094ccae0 is an unknown value
R15=0x00007f8425aedae8: __utc+0x1fff68 in /lib/ld-musl-x86_64.so.1 at 0x00007f8425861000


Stack: [0x00007f84094b8000,0x00007f84094cc760],  sp=0x00007f84094cc680,  free space=81k
Native frames: (J=compiled Java code, j=interpreted, Vv=VM code, C=native code)
C  [ld-musl-x86_64.so.1+0x53810]  pthread_setname_np+0x5e

[error occurred during error reporting (printing native stack), id 0xb]


---------------  P R O C E S S  ---------------

VM state:not at safepoint (normal execution)

VM Mutex/Monitor currently owned by a thread: None

heap address: 0x0000000080000000, size: 2048 MB, Compressed Oops mode: 32-bit
Narrow klass base: 0x0000000000000000, Narrow klass shift: 3
Compressed class space size: 1073741824 Address: 0x0000000100000000

Heap:
 PSYoungGen      total 611840K, used 141455K [0x00000000d5580000, 0x0000000100000000, 0x0000000100000000)
  eden space 524800K, 26% used [0x00000000d5580000,0x00000000ddfa3e90,0x00000000f5600000)
  from space 87040K, 0% used [0x00000000f5600000,0x00000000f5600000,0x00000000fab00000)
  to   space 87040K, 0% used [0x00000000fab00000,0x00000000fab00000,0x0000000100000000)
 ParOldGen       total 840192K, used 14481K [0x0000000080000000, 0x00000000b3480000, 0x00000000d5580000)
  object space 840192K, 1% used [0x0000000080000000,0x0000000080e244d0,0x00000000b3480000)
 Metaspace       used 29215K, capacity 29542K, committed 29824K, reserved 1075200K
  class space    used 3547K, capacity 3666K, committed 3712K, reserved 1048576K

Card table byte_map: [0x00007f841460d000,0x00007f8414a0e000] byte_map_base: 0x00007f841420d000

Marking Bits: (ParMarkBitMap*) 0x00007f842541f200
 Begin Bits: [0x00007f841015e000, 0x00007f841215e000)
 End Bits:   [0x00007f841215e000, 0x00007f841415e000)

Polling page: 0x00007f84259ea000

CodeCache: size=245760Kb used=4553Kb max_used=7652Kb free=241206Kb
 bounds [0x00007f8414dce000, 0x00007f841554e000, 0x00007f8423dce000]
 total_blobs=2179 nmethods=1685 adapters=408
 compilation: enabled

Compilation events (10 events):
Event: 6.121 Thread 0x000055e5a5543000 nmethod 3025 0x00007f8414eed090 code [0x00007f8414eed200, 0x00007f8414eed3f0]
Event: 6.121 Thread 0x000055e5a5543000 3026       3       java.util.LinkedList$ListItr::next (56 bytes)
Event: 6.122 Thread 0x000055e5a5543000 nmethod 3026 0x00007f8414eec750 code [0x00007f8414eec900, 0x00007f8414eece38]
Event: 6.122 Thread 0x000055e5a5543000 3029       3       org.apache.hadoop.metrics2.lib.MetricsSourceBuilder::add (67 bytes)
Event: 6.123 Thread 0x000055e5a5543000 nmethod 3029 0x00007f84150e5690 code [0x00007f84150e5880, 0x00007f84150e62b8]
Event: 6.123 Thread 0x000055e5a5543000 3027       3       java.util.LinkedList$ListItr::checkForComodification (23 bytes)
Event: 6.124 Thread 0x000055e5a5543000 nmethod 3027 0x00007f84150e5190 code [0x00007f84150e5300, 0x00007f84150e5568]
Event: 6.124 Thread 0x000055e5a5543000 3023       3       java.lang.CharacterDataLatin1::getPropertiesEx (11 bytes)
Event: 6.124 Thread 0x000055e5a5543000 nmethod 3023 0x00007f84150e4d90 code [0x00007f84150e4f00, 0x00007f84150e5090]
Event: 6.124 Thread 0x000055e5a5543000 3028       3       java.lang.StackTraceElement::toString (140 bytes)

GC Heap History (4 events):
Event: 2.448 GC heap before
{Heap before GC invocations=1 (full 0):
 PSYoungGen      total 611840K, used 293889K [0x00000000d5580000, 0x0000000100000000, 0x0000000100000000)
  eden space 524800K, 56% used [0x00000000d5580000,0x00000000e7480638,0x00000000f5600000)
  from space 87040K, 0% used [0x00000000fab00000,0x00000000fab00000,0x0000000100000000)
  to   space 87040K, 0% used [0x00000000f5600000,0x00000000f5600000,0x00000000fab00000)
 ParOldGen       total 1398272K, used 0K [0x0000000080000000, 0x00000000d5580000, 0x00000000d5580000)
  object space 1398272K, 0% used [0x0000000080000000,0x0000000080000000,0x00000000d5580000)
 Metaspace       used 20799K, capacity 21000K, committed 21248K, reserved 1067008K
  class space    used 2602K, capacity 2703K, committed 2816K, reserved 1048576K
Event: 2.513 GC heap after
Heap after GC invocations=1 (full 0):
 PSYoungGen      total 611840K, used 15245K [0x00000000d5580000, 0x0000000100000000, 0x0000000100000000)
  eden space 524800K, 0% used [0x00000000d5580000,0x00000000d5580000,0x00000000f5600000)
  from space 87040K, 17% used [0x00000000f5600000,0x00000000f64e34f0,0x00000000fab00000)
  to   space 87040K, 0% used [0x00000000fab00000,0x00000000fab00000,0x0000000100000000)
 ParOldGen       total 1398272K, used 16K [0x0000000080000000, 0x00000000d5580000, 0x00000000d5580000)
  object space 1398272K, 0% used [0x0000000080000000,0x0000000080004000,0x00000000d5580000)
 Metaspace       used 20799K, capacity 21000K, committed 21248K, reserved 1067008K
  class space    used 2602K, capacity 2703K, committed 2816K, reserved 1048576K
}
Event: 2.513 GC heap before
{Heap before GC invocations=2 (full 1):
 PSYoungGen      total 611840K, used 15245K [0x00000000d5580000, 0x0000000100000000, 0x0000000100000000)
  eden space 524800K, 0% used [0x00000000d5580000,0x00000000d5580000,0x00000000f5600000)
  from space 87040K, 17% used [0x00000000f5600000,0x00000000f64e34f0,0x00000000fab00000)
  to   space 87040K, 0% used [0x00000000fab00000,0x00000000fab00000,0x0000000100000000)
 ParOldGen       total 1398272K, used 16K [0x0000000080000000, 0x00000000d5580000, 0x00000000d5580000)
  object space 1398272K, 0% used [0x0000000080000000,0x0000000080004000,0x00000000d5580000)
 Metaspace       used 20799K, capacity 21000K, committed 21248K, reserved 1067008K
  class space    used 2602K, capacity 2703K, committed 2816K, reserved 1048576K
Event: 2.603 GC heap after
Heap after GC invocations=2 (full 1):
 PSYoungGen      total 611840K, used 0K [0x00000000d5580000, 0x0000000100000000, 0x0000000100000000)
  eden space 524800K, 0% used [0x00000000d5580000,0x00000000d5580000,0x00000000f5600000)
  from space 87040K, 0% used [0x00000000f5600000,0x00000000f5600000,0x00000000fab00000)
  to   space 87040K, 0% used [0x00000000fab00000,0x00000000fab00000,0x0000000100000000)
 ParOldGen       total 840192K, used 14481K [0x0000000080000000, 0x00000000b3480000, 0x00000000d5580000)
  object space 840192K, 1% used [0x0000000080000000,0x0000000080e244d0,0x00000000b3480000)
 Metaspace       used 20795K, capacity 20994K, committed 21248K, reserved 1067008K
  class space    used 2601K, capacity 2702K, committed 2816K, reserved 1048576K
}

Deoptimization events (10 events):
Event: 1.027 Thread 0x000055e5a53ef800 Uncommon trap: reason=unstable_if action=reinterpret pc=0x00007f8414fd365c method=sun.misc.URLClassPath.getLoader(I)Lsun/misc/URLClassPath$Loader; @ 79
Event: 1.502 Thread 0x000055e5a53ef800 Uncommon trap: reason=range_check action=make_not_entrant pc=0x00007f8415111480 method=sun.reflect.generics.parser.SignatureParser.current()C @ 34
Event: 1.772 Thread 0x000055e5a53ef800 Uncommon trap: reason=null_assert action=make_not_entrant pc=0x00007f84151cb054 method=net.bytebuddy.description.type.TypeDefinition$Sort.describe(Ljava/lang/reflect/Type;Lnet/bytebuddy/description/type/TypeDescription$Generic$AnnotationReader;)Lnet/byteb
Event: 2.736 Thread 0x000055e5a53ef800 Uncommon trap: reason=bimorphic action=maybe_recompile pc=0x00007f8415372e5c method=java.lang.ThreadLocal.get()Ljava/lang/Object; @ 6
Event: 2.946 Thread 0x000055e5a53ef800 Uncommon trap: reason=unstable_if action=reinterpret pc=0x00007f84153d6a0c method=java.util.concurrent.ConcurrentHashMap.putVal(Ljava/lang/Object;Ljava/lang/Object;Z)Ljava/lang/Object; @ 181
Event: 3.013 Thread 0x000055e5a53ef800 Uncommon trap: reason=bimorphic action=maybe_recompile pc=0x00007f8415372e5c method=java.lang.ThreadLocal.get()Ljava/lang/Object; @ 6
Event: 3.062 Thread 0x000055e5a53ef800 Uncommon trap: reason=bimorphic action=maybe_recompile pc=0x00007f8415372e5c method=java.lang.ThreadLocal.get()Ljava/lang/Object; @ 6
Event: 3.062 Thread 0x000055e5a53ef800 Uncommon trap: reason=unstable_if action=reinterpret pc=0x00007f8415372a6c method=java.lang.ThreadLocal$ThreadLocalMap.getEntry(Ljava/lang/ThreadLocal;)Ljava/lang/ThreadLocal$ThreadLocalMap$Entry; @ 29
Event: 3.063 Thread 0x000055e5a53ef800 Uncommon trap: reason=bimorphic action=maybe_recompile pc=0x00007f8415372e5c method=java.lang.ThreadLocal.get()Ljava/lang/Object; @ 6
Event: 3.391 Thread 0x000055e5a57e9000 Uncommon trap: reason=unstable_if action=reinterpret pc=0x00007f8415373bd4 method=java.lang.ref.SoftReference.get()Ljava/lang/Object; @ 17

Classes redefined (10 events):
Event: 1.790 Thread 0x000055e5a54f2000 redefined class name=org.apache.hadoop.ozone.om.OzoneManager, count=2
Event: 1.791 Thread 0x000055e5a54f2000 redefined class name=org.apache.hadoop.ozone.om.protocol.OzoneManagerProtocol, count=1
Event: 1.792 Thread 0x000055e5a54f2000 redefined class name=org.apache.hadoop.hdds.server.ServiceRuntimeInfo, count=1
Event: 1.792 Thread 0x000055e5a54f2000 redefined class name=org.apache.hadoop.ozone.om.protocol.OzoneManagerHAProtocol, count=1
Event: 1.793 Thread 0x000055e5a54f2000 redefined class name=org.apache.hadoop.ozone.audit.Auditor, count=1
Event: 1.795 Thread 0x000055e5a54f2000 redefined class name=java.io.Closeable, count=1
Event: 1.796 Thread 0x000055e5a54f2000 redefined class name=org.apache.hadoop.ozone.om.protocol.OzoneManagerSecurityProtocol, count=1
Event: 1.797 Thread 0x000055e5a54f2000 redefined class name=org.apache.hadoop.ozone.om.OMMXBean, count=1
Event: 1.800 Thread 0x000055e5a54f2000 redefined class name=java.lang.Object, count=1
Event: 4.056 Thread 0x000055e5a54f2000 redefined class name=org.apache.hadoop.ozone.audit.AuditLogger, count=2

Internal exceptions (10 events):
Event: 1.503 Thread 0x000055e5a53ef800 Exception <a 'java/lang/ArrayIndexOutOfBoundsException': 124> (0x00000000e0404ad8) thrown at [/home/buildozer/aports/community/openjdk8/src/icedtea-3.12.0/openjdk/hotspot/src/share/vm/interpreter/interpreterRuntime.cpp, line 371]
Event: 2.191 Thread 0x000055e5a53ef800 Exception <a 'java/lang/ArrayIndexOutOfBoundsException'> (0x00000000e4777608) thrown at [/home/buildozer/aports/community/openjdk8/src/icedtea-3.12.0/openjdk/hotspot/src/share/vm/runtime/sharedRuntime.cpp, line 613]
Event: 2.191 Thread 0x000055e5a53ef800 Exception <a 'java/lang/ArrayIndexOutOfBoundsException'> (0x00000000e477e4d8) thrown at [/home/buildozer/aports/community/openjdk8/src/icedtea-3.12.0/openjdk/hotspot/src/share/vm/runtime/sharedRuntime.cpp, line 613]
Event: 2.198 Thread 0x000055e5a53ef800 Exception <a 'java/lang/ArrayIndexOutOfBoundsException'> (0x00000000e47b1280) thrown at [/home/buildozer/aports/community/openjdk8/src/icedtea-3.12.0/openjdk/hotspot/src/share/vm/runtime/sharedRuntime.cpp, line 613]
Event: 2.198 Thread 0x000055e5a53ef800 Exception <a 'java/lang/ArrayIndexOutOfBoundsException'> (0x00000000e47b27f0) thrown at [/home/buildozer/aports/community/openjdk8/src/icedtea-3.12.0/openjdk/hotspot/src/share/vm/runtime/sharedRuntime.cpp, line 613]
Event: 2.204 Thread 0x000055e5a53ef800 Exception <a 'java/lang/ArrayIndexOutOfBoundsException'> (0x00000000e47eb300) thrown at [/home/buildozer/aports/community/openjdk8/src/icedtea-3.12.0/openjdk/hotspot/src/share/vm/runtime/sharedRuntime.cpp, line 613]
Event: 2.210 Thread 0x000055e5a53ef800 Exception <a 'java/lang/ArrayIndexOutOfBoundsException'> (0x00000000e4820018) thrown at [/home/buildozer/aports/community/openjdk8/src/icedtea-3.12.0/openjdk/hotspot/src/share/vm/runtime/sharedRuntime.cpp, line 613]
Event: 4.408 Thread 0x000055e5a7480800 Exception <a 'java/lang/NoSuchMethodError': java.lang.Object.lambda$maxBy$1(Ljava/util/Comparator;Ljava/lang/Object;Ljava/lang/Object;)Ljava/lang/Object;> (0x00000000dbeba048) thrown at [/home/buildozer/aports/community/openjdk8/src/icedtea-3.12.0/openjdk
Event: 4.437 Thread 0x000055e5a7480800 Exception <a 'java/lang/InterruptedException'> (0x00000000dbee5f90) thrown at [/home/buildozer/aports/community/openjdk8/src/icedtea-3.12.0/openjdk/hotspot/src/share/vm/runtime/objectMonitor.cpp, line 1684]
Event: 5.336 Thread 0x000055e5a76cc800 Exception <a 'java/lang/InterruptedException'> (0x00000000dc8a2a60) thrown at [/home/buildozer/aports/community/openjdk8/src/icedtea-3.12.0/openjdk/hotspot/src/share/vm/runtime/objectMonitor.cpp, line 1684]

Events (10 events):
Event: 5.412 Executing VM operation: RevokeBias
Event: 5.412 Executing VM operation: RevokeBias done
Event: 6.122 Thread 0x000055e5a6896000 Thread added: 0x000055e5a6896000
Event: 6.122 loading class org/junit/internal/runners/statements/FailOnTimeout$StatementThread
Event: 6.122 loading class org/junit/internal/runners/statements/FailOnTimeout$StatementThread done
Event: 6.124 Thread 0x000055e5a574e000 Thread added: 0x000055e5a574e000
Event: 6.125 Executing VM operation: RevokeBias
Event: 6.125 Executing VM operation: RevokeBias done
Event: 6.125 loading class org/mockito/configuration/MockitoConfiguration
Event: 6.125 loading class org/mockito/configuration/MockitoConfiguration done


Dynamic libraries:
80000000-b3480000 rw-p 00000000 00:00 0 
b3480000-d5580000 ---p 00000000 00:00 0 
d5580000-1003a0000 rw-p 00000000 00:00 0 
1003a0000-140000000 ---p 00000000 00:00 0 
55e5a4912000-55e5a4913000 r-xp 00000000 fd:03 124456580                  /usr/lib/jvm/java-1.8-openjdk/jre/bin/java
55e5a4b12000-55e5a4b13000 r--p 00000000 fd:03 124456580                  /usr/lib/jvm/java-1.8-openjdk/jre/bin/java
55e5a4b13000-55e5a4b14000 rw-p 00001000 fd:03 124456580                  /usr/lib/jvm/java-1.8-openjdk/jre/bin/java
55e5a53d8000-55e5a774b000 rw-p 00000000 00:00 0                          [heap]
7f8404a0b000-7f8405a0c000 rw-p 00000000 00:00 0 
7f8405b0d000-7f8405b10000 ---p 00000000 00:00 0 
7f8405b10000-7f8405c0e000 rw-p 00000000 00:00 0 
7f8405c0e000-7f8405c11000 ---p 00000000 00:00 0 
7f8405c11000-7f8405d0f000 rw-p 00000000 00:00 0 
7f8405d0f000-7f8405d12000 ---p 00000000 00:00 0 
7f8405d12000-7f8405e10000 rw-p 00000000 00:00 0 
7f8405e10000-7f8405e13000 ---p 00000000 00:00 0 
7f8405e13000-7f8405f11000 rw-p 00000000 00:00 0 
7f8405f11000-7f8405f14000 ---p 00000000 00:00 0 
7f8405f14000-7f8406012000 rw-p 00000000 00:00 0 
7f8406012000-7f8406015000 ---p 00000000 00:00 0 
7f8406015000-7f8406113000 rw-p 00000000 00:00 0 
7f8406113000-7f8406116000 ---p 00000000 00:00 0 
7f8406116000-7f8406214000 rw-p 00000000 00:00 0 
7f8406214000-7f8406217000 ---p 00000000 00:00 0 
7f8406217000-7f8406315000 rw-p 00000000 00:00 0 
7f8406315000-7f8406318000 ---p 00000000 00:00 0 
7f8406318000-7f8407417000 rw-p 00000000 00:00 0 
7f8407417000-7f840741a000 ---p 00000000 00:00 0 
7f840741a000-7f8407518000 rw-p 00000000 00:00 0 
7f8407518000-7f840751b000 ---p 00000000 00:00 0 
7f840751b000-7f8407619000 rw-p 00000000 00:00 0 
7f8407619000-7f840761c000 ---p 00000000 00:00 0 
7f840761c000-7f840771a000 rw-p 00000000 00:00 0 
7f840771a000-7f840771d000 ---p 00000000 00:00 0 
7f840771d000-7f840781b000 rw-p 00000000 00:00 0 
7f840781b000-7f840781e000 ---p 00000000 00:00 0 
7f840781e000-7f840791c000 rw-p 00000000 00:00 0 
7f840791c000-7f840791f000 ---p 00000000 00:00 0 
7f840791f000-7f8407a1d000 rw-p 00000000 00:00 0 
7f8407a1d000-7f8407a20000 ---p 00000000 00:00 0 
7f8407a20000-7f8407b1e000 rw-p 00000000 00:00 0 
7f8407b1e000-7f8407b21000 ---p 00000000 00:00 0 
7f8407b21000-7f8407d9f000 rw-p 00000000 00:00 0 
7f8407d9f000-7f8407e1f000 ---p 00000000 00:00 0 
7f8407e1f000-7f840801f000 rw-p 00000000 00:00 0 
7f840801f000-7f8408022000 ---p 00000000 00:00 0 
7f8408022000-7f8408120000 rw-p 00000000 00:00 0 
7f8408120000-7f840838f000 rw-p 00000000 00:00 0 
7f840838f000-7f84085b5000 r-xp 00000000 fd:03 124520412                  /usr/glibc-compat/lib/ld-2.28.so
7f84085b5000-7f84085b6000 r--p 00026000 fd:03 124520412                  /usr/glibc-compat/lib/ld-2.28.so
7f84085b6000-7f84085b7000 rw-p 00027000 fd:03 124520412                  /usr/glibc-compat/lib/ld-2.28.so
7f84085b7000-7f84085b8000 rw-p 00000000 00:00 0 
7f84085b8000-7f8408e50000 r-xp 00000000 fd:03 321979330                  /tmp/librocksdbjni2760871537493535339.so
7f8408e50000-7f8408e61000 r--p 00698000 fd:03 321979330                  /tmp/librocksdbjni2760871537493535339.so
7f8408e61000-7f8408e6a000 rw-p 006a9000 fd:03 321979330                  /tmp/librocksdbjni2760871537493535339.so
7f8408e6a000-7f8409070000 rw-p 00000000 00:00 0 
7f8409070000-7f8409270000 rw-p 00000000 00:00 0 
7f8409270000-7f8409470000 rw-p 00000000 00:00 0 
7f840949f000-7f84094a1000 ---p 00000000 00:00 0 
7f84094a1000-7f84094b6000 rw-p 00000000 00:00 0 
7f84094b6000-7f84094b8000 ---p 00000000 00:00 0 
7f84094b8000-7f84094cd000 rw-p 00000000 00:00 0 
7f84094cd000-7f84094cf000 ---p 00000000 00:00 0 
7f84094cf000-7f84094e4000 rw-p 00000000 00:00 0 
7f84094e4000-7f84094e6000 ---p 00000000 00:00 0 
7f84094e6000-7f84094fb000 rw-p 00000000 00:00 0 
7f84094fb000-7f84094fd000 ---p 00000000 00:00 0 
7f84094fd000-7f8409512000 rw-p 00000000 00:00 0 
7f8409512000-7f8409514000 ---p 00000000 00:00 0 
7f8409514000-7f8409529000 rw-p 00000000 00:00 0 
7f8409529000-7f840952b000 ---p 00000000 00:00 0 
7f840952b000-7f8409540000 rw-p 00000000 00:00 0 
7f8409540000-7f8409542000 ---p 00000000 00:00 0 
7f8409542000-7f8409557000 rw-p 00000000 00:00 0 
7f8409557000-7f8409559000 ---p 00000000 00:00 0 
7f8409559000-7f840956e000 rw-p 00000000 00:00 0 
7f840956e000-7f8409570000 ---p 00000000 00:00 0 
7f8409570000-7f8409585000 rw-p 00000000 00:00 0 
7f8409585000-7f8409587000 ---p 00000000 00:00 0 
7f8409587000-7f840959c000 rw-p 00000000 00:00 0 
7f840959c000-7f840959e000 ---p 00000000 00:00 0 
7f840959e000-7f84095b3000 rw-p 00000000 00:00 0 
7f84095b3000-7f84095b5000 ---p 00000000 00:00 0 
7f84095b5000-7f84097ca000 rw-p 00000000 00:00 0 
7f84097ca000-7f84099ca000 rw-p 00000000 00:00 0 
7f84099ca000-7f84099cc000 ---p 00000000 00:00 0 
7f84099cc000-7f84099e1000 rw-p 00000000 00:00 0 
7f84099e1000-7f84099e3000 ---p 00000000 00:00 0 
7f84099e3000-7f84099f8000 rw-p 00000000 00:00 0 
7f84099f8000-7f8409a13000 r--s 001d6000 fd:03 124456652                  /usr/lib/jvm/java-1.8-openjdk/jre/lib/ext/nashorn.jar
7f8409a13000-7f8409c13000 rw-p 00000000 00:00 0 
7f8409c13000-7f8409e13000 rw-p 00000000 00:00 0 
7f8409e13000-7f8409e14000 r--s 00000000 fd:03 321978954                  /tmp/mockitoboot6037439339000431828.jar
7f8409e15000-7f840a01e000 r-xp 00000000 fd:03 124456603                  /usr/lib/jvm/java-1.8-openjdk/jre/lib/amd64/libinstrument.so
7f840a01e000-7f840a01f000 r--p 00009000 fd:03 124456603                  /usr/lib/jvm/java-1.8-openjdk/jre/lib/amd64/libinstrument.so
7f840a01f000-7f840a020000 rw-p 0000a000 fd:03 124456603                  /usr/lib/jvm/java-1.8-openjdk/jre/lib/amd64/libinstrument.so
7f840a020000-7f840a023000 ---p 00000000 00:00 0 
7f840a023000-7f840a121000 rw-p 00000000 00:00 0 
7f840a121000-7f840a323000 r-xp 00000000 fd:03 124456596                  /usr/lib/jvm/java-1.8-openjdk/jre/lib/amd64/libattach.so
7f840a323000-7f840a324000 r--p 00002000 fd:03 124456596                  /usr/lib/jvm/java-1.8-openjdk/jre/lib/amd64/libattach.so
7f840a324000-7f840a325000 rw-p 00003000 fd:03 124456596                  /usr/lib/jvm/java-1.8-openjdk/jre/lib/amd64/libattach.so
7f840a325000-7f840a328000 r--s 00025000 fd:03 125045321                  /home/user/.m2/repository/org/apache/maven/shared/maven-shared-utils/3.1.0/maven-shared-utils-3.1.0.jar
7f840a328000-7f840a539000 r-xp 00000000 fd:03 124456623                  /usr/lib/jvm/java-1.8-openjdk/jre/lib/amd64/libnio.so
7f840a539000-7f840a53a000 r--p 00011000 fd:03 124456623                  /usr/lib/jvm/java-1.8-openjdk/jre/lib/amd64/libnio.so
7f840a53a000-7f840a53b000 rw-p 00012000 fd:03 124456623                  /usr/lib/jvm/java-1.8-openjdk/jre/lib/amd64/libnio.so
7f840a53b000-7f840d53c000 rw-p 00000000 00:00 0 
7f840d53c000-7f840d752000 r-xp 00000000 fd:03 124456622                  /usr/lib/jvm/java-1.8-openjdk/jre/lib/amd64/libnet.so
7f840d752000-7f840d753000 r--p 00016000 fd:03 124456622                  /usr/lib/jvm/java-1.8-openjdk/jre/lib/amd64/libnet.so
7f840d753000-7f840d754000 rw-p 00017000 fd:03 124456622                  /usr/lib/jvm/java-1.8-openjdk/jre/lib/amd64/libnet.so
7f840d754000-7f840d758000 r--s 00058000 fd:03 124456671                  /usr/lib/jvm/java-1.8-openjdk/jre/lib/jsse.jar
7f840d758000-7f840d75b000 ---p 00000000 00:00 0 
7f840d75b000-7f840d792000 rw-p 00000000 00:00 0 
7f840d792000-7f840d793000 r--s 00006000 fd:03 323751407                  /home/user/.m2/repository/org/apache/maven/surefire/common-junit4/3.0.0-M1/common-junit4-3.0.0-M1.jar
7f840d793000-7f840d794000 r--s 00002000 fd:03 323751409                  /home/user/.m2/repository/org/apache/maven/surefire/common-junit3/3.0.0-M1/common-junit3-3.0.0-M1.jar
7f840d794000-7f840d795000 r--s 00007000 fd:03 323751406                  /home/user/.m2/repository/org/apache/maven/surefire/common-java5/3.0.0-M1/common-java5-3.0.0-M1.jar
7f840d795000-7f840d797000 r--s 00003000 fd:03 323751363                  /home/user/.m2/repository/org/apache/maven/surefire/surefire-junit4/3.0.0-M1/surefire-junit4-3.0.0-M1.jar
7f840d797000-7f840d7a3000 r--s 000ae000 fd:03 125109432                  /home/user/.m2/repository/org/jmockit/jmockit/1.24/jmockit-1.24.jar
7f840d7a3000-7f840d7a5000 r--s 00009000 fd:03 125109323                  /home/user/.m2/repository/org/hamcrest/hamcrest-core/1.3/hamcrest-core-1.3.jar
7f840d7a5000-7f840d7ab000 r--s 00036000 fd:03 124979194                  /home/user/.m2/repository/junit/junit/4.11/junit-4.11.jar
7f840d7ab000-7f840d7b1000 r--s 00045000 fd:03 125109314                  /home/user/.m2/repository/org/hamcrest/hamcrest-all/1.3/hamcrest-all-1.3.jar
7f840d7b1000-7f840d7b5000 r--s 0001e000 fd:03 124978626                  /home/user/.m2/repository/io/dropwizard/metrics/metrics-core/3.2.4/metrics-core-3.2.4.jar
7f840d7b5000-7f840d7ba000 r--s 00047000 fd:03 124978585                  /home/user/.m2/repository/dnsjava/dnsjava/2.1.7/dnsjava-2.1.7.jar
7f840d7ba000-7f840d7c0000 r--s 00078000 fd:03 124977172                  /home/user/.m2/repository/com/fasterxml/woodstox/woodstox-core/5.0.3/woodstox-core-5.0.3.jar
7f840d7c0000-7f840d7c4000 r--s 00024000 fd:03 125108840                  /home/user/.m2/repository/org/codehaus/woodstox/stax2-api/3.1.4/stax2-api-3.1.4.jar
7f840d7c4000-7f840d7c8000 r--s 0004c000 fd:03 323751323                  /home/user/.m2/repository/com/fasterxml/jackson/core/jackson-core/2.9.9/jackson-core-2.9.9.jar
7f840d7c8000-7f840d7db000 r--s 00137000 fd:03 323751317                  /home/user/.m2/repository/com/fasterxml/jackson/core/jackson-databind/2.9.9/jackson-databind-2.9.9.jar
7f840d7db000-7f840d7dd000 r--s 00006000 fd:03 125042842                  /home/user/.m2/repository/org/apache/kerby/kerby-xdr/1.0.1/kerby-xdr-1.0.1.jar
7f840d7dd000-7f840d7de000 r--s 00004000 fd:03 125042746                  /home/user/.m2/repository/org/apache/kerby/kerb-identity/1.0.1/kerb-identity-1.0.1.jar
7f840d7de000-7f840d7e1000 r--s 00012000 fd:03 125042755                  /home/user/.m2/repository/org/apache/kerby/kerb-server/1.0.1/kerb-server-1.0.1.jar
7f840d7e1000-7f840d7e4000 r--s 00011000 fd:03 125042701                  /home/user/.m2/repository/org/apache/kerby/kerb-admin/1.0.1/kerb-admin-1.0.1.jar
7f840d7e4000-7f840d7e5000 r--s 00004000 fd:03 125042851                  /home/user/.m2/repository/org/apache/kerby/token-provider/1.0.1/token-provider-1.0.1.jar
7f840d7e5000-7f840d7e6000 r--s 00008000 fd:03 125042773                  /home/user/.m2/repository/org/apache/kerby/kerb-util/1.0.1/kerb-util-1.0.1.jar
7f840d7e6000-7f840d7ea000 r--s 00019000 fd:03 125042737                  /home/user/.m2/repository/org/apache/kerby/kerb-crypto/1.0.1/kerb-crypto-1.0.1.jar
7f840d7ea000-7f840d7ec000 r--s 0000e000 fd:03 125042719                  /home/user/.m2/repository/org/apache/kerby/kerb-common/1.0.1/kerb-common-1.0.1.jar
7f840d7ec000-7f840d7ed000 r--s 00009000 fd:03 125042833                  /home/user/.m2/repository/org/apache/kerby/kerby-util/1.0.1/kerby-util-1.0.1.jar
7f840d7ed000-7f840d7ef000 r--s 00017000 fd:03 125042788                  /home/user/.m2/repository/org/apache/kerby/kerby-asn1/1.0.1/kerby-asn1-1.0.1.jar
7f840d7ef000-7f840d7f6000 r--s 0002b000 fd:03 125042818                  /home/user/.m2/repository/org/apache/kerby/kerby-pkix/1.0.1/kerby-pkix-1.0.1.jar
7f840d7f6000-7f840d7fd000 r--s 00031000 fd:03 125042728                  /home/user/.m2/repository/org/apache/kerby/kerb-core/1.0.1/kerb-core-1.0.1.jar
7f840d7fd000-7f840d7ff000 r--s 00006000 fd:03 125042803                  /home/user/.m2/repository/org/apache/kerby/kerby-config/1.0.1/kerby-config-1.0.1.jar
7f840d7ff000-7f840d802000 r--s 00019000 fd:03 125042710                  /home/user/.m2/repository/org/apache/kerby/kerb-client/1.0.1/kerb-client-1.0.1.jar
7f840d802000-7f840d803000 r--s 00004000 fd:03 125042764                  /home/user/.m2/repository/org/apache/kerby/kerb-simplekdc/1.0.1/kerb-simplekdc-1.0.1.jar
7f840d803000-7f840d804000 r--s 00004000 fd:03 125046052                  /home/user/.m2/repository/org/apache/yetus/audience-annotations/0.5.0/audience-annotations-0.5.0.jar
7f840d804000-7f840d806000 r--s 00014000 fd:03 323751275                  /home/user/.m2/repository/jline/jline/0.9.94/jline-0.9.94.jar
7f840d806000-7f840d813000 r--s 000d1000 fd:03 125046068                  /home/user/.m2/repository/org/apache/zookeeper/zookeeper/3.4.13/zookeeper-3.4.13.jar
7f840d813000-7f840d82d000 r--s 00155000 fd:03 124980151                  /home/user/.m2/repository/org/apache/htrace/htrace-core4/4.1.0-incubating/htrace-core4-4.1.0-incubating.jar
7f840d82d000-7f840d835000 r--s 0003e000 fd:03 124979894                  /home/user/.m2/repository/org/apache/curator/curator-recipes/2.12.0/curator-recipes-2.12.0.jar
7f840d835000-7f840d86c000 r--s 00219000 fd:03 124979876                  /home/user/.m2/repository/org/apache/curator/curator-client/2.12.0/curator-client-2.12.0.jar
7f840d86c000-7f840d871000 r--s 00040000 fd:03 124977563                  /home/user/.m2/repository/com/jcraft/jsch/0.1.54/jsch-0.1.54.jar
7f840d871000-7f840d877000 r--s 0002c000 fd:03 124979885                  /home/user/.m2/repository/org/apache/curator/curator-framework/2.12.0/curator-framework-2.12.0.jar
7f840d877000-7f840d879000 r--s 00006000 fd:03 124979387                  /home/user/.m2/repository/net/minidev/accessors-smart/1.2/accessors-smart-1.2.jar
7f840d879000-7f840d87c000 r--s 0001b000 fd:03 124979396                  /home/user/.m2/repository/net/minidev/json-smart/2.3/json-smart-2.3.jar
7f840d87c000-7f840d87e000 r--s 00000000 fd:03 124977210                  /home/user/.m2/repository/com/github/stephenc/jcip/jcip-annotations/1.0-1/jcip-annotations-1.0-1.jar
7f840d87e000-7f840d884000 r--s 00044000 fd:03 124977609                  /home/user/.m2/repository/com/nimbusds/nimbus-jose-jwt/4.41.1/nimbus-jose-jwt-4.41.1.jar
7f840d884000-7f840d886000 r--s 00020000 fd:03 124979967                  /home/user/.m2/repository/org/apache/hadoop/hadoop-auth/3.2.0/hadoop-auth-3.2.0.jar
7f840d886000-7f840d88b000 r--s 0002a000 fd:03 124977284                  /home/user/.m2/repository/com/google/code/gson/gson/2.2.4/gson-2.2.4.jar
7f840d88b000-7f840d88d000 r--s 0001e000 fd:03 124977508                  /home/user/.m2/repository/com/google/re2j/re2j/1.1/re2j-1.1.jar
7f840d88d000-7f840d88f000 r--s 00130000 fd:03 125110514                  /home/user/.m2/repository/org/xerial/snappy/snappy-java/1.0.5/snappy-java-1.0.5.jar
7f840d88f000-7f840d891000 r--s 00006000 fd:03 124977862                  /home/user/.m2/repository/com/thoughtworks/paranamer/paranamer/2.3/paranamer-2.3.jar
7f840d891000-7f840d89a000 r--s 00062000 fd:03 124979613                  /home/user/.m2/repository/org/apache/avro/avro/1.7.7/avro-1.7.7.jar
7f840d89a000-7f840d89b000 r--s 00002000 fd:03 125110100                  /home/user/.m2/repository/org/slf4j/slf4j-log4j12/1.7.25/slf4j-log4j12-1.7.25.jar
7f840d89b000-7f840d89d000 r--s 00009000 fd:03 125110074                  /home/user/.m2/repository/org/slf4j/slf4j-api/1.7.25/slf4j-api-1.7.25.jar
7f840d89d000-7f840d8a1000 r--s 00029000 fd:03 124979860                  /home/user/.m2/repository/org/apache/commons/commons-text/1.4/commons-text-1.4.jar
7f840d8a1000-7f840d8a9000 r--s 00072000 fd:03 124979724                  /home/user/.m2/repository/org/apache/commons/commons-lang3/3.7/commons-lang3-3.7.jar
7f840d8a9000-7f840d8b5000 r--s 0008b000 fd:03 124979676                  /home/user/.m2/repository/org/apache/commons/commons-configuration2/2.1.1/commons-configuration2-2.1.1.jar
7f840d8b5000-7f840d8ba000 r--s 00038000 fd:03 323751252                  /home/user/.m2/repository/commons-beanutils/commons-beanutils/1.9.4/commons-beanutils-1.9.4.jar
7f840d8ba000-7f840d8c3000 r--s 0006f000 fd:03 124979230                  /home/user/.m2/repository/log4j/log4j/1.2.17/log4j-1.2.17.jar
7f840d8c3000-7f840d8c5000 r--s 0000e000 fd:03 124978511                  /home/user/.m2/repository/commons-logging/commons-logging/1.1.3/commons-logging-1.1.3.jar
7f840d8c5000-7f840d8d5000 r--s 0009c000 fd:03 124977779                  /home/user/.m2/repository/com/sun/jersey/jersey-server/1.19/jersey-server-1.19.jar
7f840d8d5000-7f840d8d6000 r--s 00006000 fd:03 125046234                  /home/user/.m2/repository/org/codehaus/jackson/jackson-xc/1.9.13/jackson-xc-1.9.13.jar
7f840d8d6000-7f840d8d7000 r--s 00004000 fd:03 125046216                  /home/user/.m2/repository/org/codehaus/jackson/jackson-jaxrs/1.9.13/jackson-jaxrs-1.9.13.jar
7f840d8d7000-7f840d8e5000 r--s 000b1000 fd:03 125046225                  /home/user/.m2/repository/org/codehaus/jackson/jackson-mapper-asl/1.9.13/jackson-mapper-asl-1.9.13.jar
7f840d8e5000-7f840d8e9000 r--s 00035000 fd:03 125046207                  /home/user/.m2/repository/org/codehaus/jackson/jackson-core-asl/1.9.13/jackson-core-asl-1.9.13.jar
7f840d8e9000-7f840d8fb000 r--s 000d9000 fd:03 124977838                  /home/user/.m2/repository/com/sun/xml/bind/jaxb-impl/2.3.0.1/jaxb-impl-2.3.0.1.jar
7f840d8fb000-7f840d8fd000 r--s 0000f000 fd:03 125046244                  /home/user/.m2/repository/org/codehaus/jettison/jettison/1.1/jettison-1.1.jar
7f840d8fd000-7f840d901000 r--s 00025000 fd:03 124977764                  /home/user/.m2/repository/com/sun/jersey/jersey-json/1.19/jersey-json-1.19.jar
7f840d901000-7f840d905000 r--s 0001c000 fd:03 124977788                  /home/user/.m2/repository/com/sun/jersey/jersey-servlet/1.19/jersey-servlet-1.19.jar
7f840d905000-7f840d907000 r--s 0000a000 fd:03 124979115                  /home/user/.m2/repository/javax/ws/rs/jsr311-api/1.1.1/jsr311-api-1.1.1.jar
7f840d907000-7f840d911000 r--s 00061000 fd:03 124977755                  /home/user/.m2/repository/com/sun/jersey/jersey-core/1.19/jersey-core-1.19.jar
7f840d911000-7f840d914000 r--s 00016000 fd:03 124979071                  /home/user/.m2/repository/javax/servlet/jsp/jsp-api/2.1/jsp-api-2.1.jar
7f840d914000-7f840d915000 r--s 0000c000 fd:03 323751308                  /home/user/.m2/repository/org/eclipse/jetty/jetty-xml/9.3.25.v20180904/jetty-xml-9.3.25.v20180904.jar
7f840d915000-7f840d918000 r--s 0001a000 fd:03 323751306                  /home/user/.m2/repository/org/eclipse/jetty/jetty-webapp/9.3.25.v20180904/jetty-webapp-9.3.25.v20180904.jar
7f840d918000-7f840d91b000 r--s 00015000 fd:03 323751285                  /home/user/.m2/repository/org/eclipse/jetty/jetty-security/9.3.25.v20180904/jetty-security-9.3.25.v20180904.jar
7f840d91b000-7f840d91e000 r--s 0001b000 fd:03 323751286                  /home/user/.m2/repository/org/eclipse/jetty/jetty-servlet/9.3.25.v20180904/jetty-servlet-9.3.25.v20180904.jar
7f840d91e000-7f840d925000 r--s 00069000 fd:03 323751288                  /home/user/.m2/repository/org/eclipse/jetty/jetty-util/9.3.25.v20180904/jetty-util-9.3.25.v20180904.jar
7f840d925000-7f840d929000 r--s 0001b000 fd:03 323751290                  /home/user/.m2/repository/org/eclipse/jetty/jetty-io/9.3.25.v20180904/jetty-io-9.3.25.v20180904.jar
7f840d929000-7f840d92c000 r--s 00022000 fd:03 323751292                  /home/user/.m2/repository/org/eclipse/jetty/jetty-http/9.3.25.v20180904/jetty-http-9.3.25.v20180904.jar
7f840d92c000-7f840d934000 r--s 00078000 fd:03 323751284                  /home/user/.m2/repository/org/eclipse/jetty/jetty-server/9.3.25.v20180904/jetty-server-9.3.25.v20180904.jar
7f840d934000-7f840d937000 r--s 00015000 fd:03 124979061                  /home/user/.m2/repository/javax/servlet/javax.servlet-api/3.1.0/javax.servlet-api-3.1.0.jar
7f840d937000-7f840d944000 r--s 00083000 fd:03 124978332                  /home/user/.m2/repository/commons-collections/commons-collections/3.2.2/commons-collections-3.2.2.jar
7f840d944000-7f840d94a000 r--s 00046000 fd:03 124978537                  /home/user/.m2/repository/commons-net/commons-net/3.6/commons-net-3.6.jar
7f840d94a000-7f840d94e000 r--s 0002f000 fd:03 124978443                  /home/user/.m2/repository/commons-io/commons-io/2.5/commons-io-2.5.jar
7f840d94e000-7f840d955000 r--s 0004b000 fd:03 124978264                  /home/user/.m2/repository/commons-codec/commons-codec/1.11/commons-codec-1.11.jar
7f840d955000-7f840d95c000 r--s 00049000 fd:03 124980228                  /home/user/.m2/repository/org/apache/httpcomponents/httpcore/4.4.4/httpcore-4.4.4.jar
7f840d95c000-7f840d969000 r--s 000a7000 fd:03 124980175                  /home/user/.m2/repository/org/apache/httpcomponents/httpclient/4.5.2/httpclient-4.5.2.jar
7f840d969000-7f840d986000 r--s 0016a000 fd:03 124979733                  /home/user/.m2/repository/org/apache/commons/commons-math3/3.1.1/commons-math3-3.1.1.jar
7f840d986000-7f840d988000 r--s 00009000 fd:03 124978246                  /home/user/.m2/repository/commons-cli/commons-cli/1.2/commons-cli-1.2.jar
7f840d988000-7f840da01000 r--s 007c0000 fd:03 124456713                  /usr/lib/jvm/java-1.8-openjdk/lib/tools.jar
7f840da01000-7f840da02000 r--s 0000e000 fd:03 124979958                  /home/user/.m2/repository/org/apache/hadoop/hadoop-annotations/3.2.0/hadoop-annotations-3.2.0.jar
7f840da02000-7f840da2d000 r--s 00297000 fd:03 124979985                  /home/user/.m2/repository/org/apache/hadoop/hadoop-common/3.2.0/hadoop-common-3.2.0-tests.jar
7f840da2d000-7f840da33000 r--s 00033000 fd:03 124979150                  /home/user/.m2/repository/jaxen/jaxen/1.1.6/jaxen-1.1.6.jar
7f840da33000-7f840da34000 r--s 00002000 fd:03 124919670                  /home/user/.m2/repository/com/apple/AppleJavaExtensions/1.4/AppleJavaExtensions-1.4.jar
7f840da34000-7f840da39000 r--s 00041000 fd:03 124978467                  /home/user/.m2/repository/commons-lang/commons-lang/2.6/commons-lang-2.6.jar
7f840da39000-7f840da3b000 r--s 0000c000 fd:03 125109718                  /home/user/.m2/repository/org/ow2/asm/asm/5.0.4/asm-5.0.4.jar
7f840da3b000-7f840da3d000 r--s 00006000 fd:03 125109834                  /home/user/.m2/repository/org/ow2/asm/asm-tree/5.0.2/asm-tree-5.0.2.jar
7f840da3d000-7f840da3f000 r--s 00009000 fd:03 125109769                  /home/user/.m2/repository/org/ow2/asm/asm-commons/5.0.2/asm-commons-5.0.2.jar
7f840da3f000-7f840da44000 r--s 00058000 fd:03 125109788                  /home/user/.m2/repository/org/ow2/asm/asm-debug-all/5.0.2/asm-debug-all-5.0.2.jar
7f840da44000-7f840da49000 r--s 00016000 fd:03 125110630                  /home/user/.m2/repository/xml-apis/xml-apis/1.0.b2/xml-apis-1.0.b2.jar
7f840da49000-7f840da4e000 r--s 00048000 fd:03 124978603                  /home/user/.m2/repository/dom4j/dom4j/1.6.1/dom4j-1.6.1.jar
7f840da4e000-7f840da50000 r--s 00005000 fd:03 124977251                  /home/user/.m2/repository/com/google/code/findbugs/jFormatString/2.0.1/jFormatString-2.0.1.jar
7f840da50000-7f840da5a000 r--s 0008c000 fd:03 124977233                  /home/user/.m2/repository/com/google/code/findbugs/bcel-findbugs/6.0/bcel-findbugs-6.0.jar
7f840da5a000-7f840da5d000 r--s 00006000 fd:03 124977274                  /home/user/.m2/repository/com/google/code/findbugs/jsr305/3.0.0/jsr305-3.0.0.jar
7f840da5d000-7f840da5e000 r--s 00000000 fd:03 124979377                  /home/user/.m2/repository/net/jcip/jcip-annotations/1.0/jcip-annotations-1.0.jar
7f840da5e000-7f840da8d000 r--s 00371000 fd:03 124977242                  /home/user/.m2/repository/com/google/code/findbugs/findbugs/3.0.1/findbugs-3.0.1.jar
7f840da8d000-7f840da8f000 r--s 00005000 fd:03 125109636                  /home/user/.m2/repository/org/objenesis/objenesis/1.0/objenesis-1.0.jar
7f840da8f000-7f840da91000 r--s 00009000 fd:03 124979324                  /home/user/.m2/repository/net/bytebuddy/byte-buddy-agent/1.9.10/byte-buddy-agent-1.9.10.jar
7f840da91000-7f840dad8000 r--s 002d9000 fd:03 124979291                  /home/user/.m2/repository/net/bytebuddy/byte-buddy/1.9.10/byte-buddy-1.9.10.jar
7f840dad8000-7f840dae9000 r--s 00080000 fd:03 125109561                  /home/user/.m2/repository/org/mockito/mockito-core/2.28.2/mockito-core-2.28.2.jar
7f840dae9000-7f840db41000 r--s 003a7000 fd:03 125046129                  /home/user/.m2/repository/org/bouncycastle/bcprov-jdk15on/1.60/bcprov-jdk15on-1.60.jar
7f840db41000-7f840db62000 r--s 00172000 fd:03 124977350                  /home/user/.m2/repository/com/google/guava/guava/11.0.2/guava-11.0.2.jar
7f840db62000-7f840db6a000 r--s 0007b000 fd:03 124977466                  /home/user/.m2/repository/com/google/protobuf/protobuf-java/2.5.0/protobuf-java-2.5.0.jar
7f840db6a000-7f840db6f000 r--s 0003c000 fd:03 124978614                  /home/user/.m2/repository/info/picocli/picocli/3.9.6/picocli-3.9.6.jar
7f840db6f000-7f840db73000 r--s 006b9000 fd:03 125110523                  /home/user/.m2/repository/org/xerial/sqlite-jdbc/3.25.2/sqlite-jdbc-3.25.2.jar
7f840db73000-7f840db79000 r--s 0003c000 fd:03 125110543                  /home/user/.m2/repository/org/yaml/snakeyaml/1.16/snakeyaml-1.16.jar
7f840db79000-7f840db7a000 r--s 00002000 fd:03 124978937                  /home/user/.m2/repository/io/opentracing/opentracing-noop/0.31.0/opentracing-noop-0.31.0.jar
7f840db7a000-7f840db7c000 r--s 00002000 fd:03 124978928                  /home/user/.m2/repository/io/opentracing/opentracing-api/0.31.0/opentracing-api-0.31.0.jar
7f840db7c000-7f840db7d000 r--s 00001000 fd:03 124978946                  /home/user/.m2/repository/io/opentracing/opentracing-util/0.31.0/opentracing-util-0.31.0.jar
7f840db7d000-7f840db7e000 r--s 00001000 fd:03 124978913                  /home/user/.m2/repository/io/opentracing/contrib/opentracing-tracerresolver/0.1.5/opentracing-tracerresolver-0.1.5.jar
7f840db7e000-7f840db7f000 r--s 00000000 fd:03 323813768                  /home/user/.m2/repository/io/jaegertracing/jaeger-tracerresolver/0.34.0/jaeger-tracerresolver-0.34.0.jar
7f840db7f000-7f840db83000 r--s 0001c000 fd:03 323813759                  /home/user/.m2/repository/io/jaegertracing/jaeger-core/0.34.0/jaeger-core-0.34.0.jar
7f840db83000-7f840db84000 r--s 00013000 fd:03 124977703                  /home/user/.m2/repository/com/squareup/okio/okio/1.13.0/okio-1.13.0.jar
7f840db84000-7f840db8a000 r--s 0005e000 fd:03 124977687                  /home/user/.m2/repository/com/squareup/okhttp3/okhttp/3.9.0/okhttp-3.9.0.jar
7f840db8a000-7f840db90000 r--s 00037000 fd:03 323813745                  /home/user/.m2/repository/org/apache/thrift/libthrift/0.12.0/libthrift-0.12.0.jar
7f840db90000-7f840db9e000 r--s 0009e000 fd:03 323813723                  /home/user/.m2/repository/io/jaegertracing/jaeger-thrift/0.34.0/jaeger-thrift-0.34.0.jar
7f840db9e000-7f840db9f000 r--s 00000000 fd:03 323813690                  /home/user/.m2/repository/io/jaegertracing/jaeger-client/0.34.0/jaeger-client-0.34.0.jar
7f840db9f000-7f840dba3000 r--s 00020000 fd:03 124978378                  /home/user/.m2/repository/commons-digester/commons-digester/1.8.1/commons-digester-1.8.1.jar
7f840dba3000-7f840dba7000 r--s 0002a000 fd:03 124978563                  /home/user/.m2/repository/commons-validator/commons-validator/1.6/commons-validator-1.6.jar
7f840dba7000-7f840dbba000 r--s 000b0000 fd:03 125046120                  /home/user/.m2/repository/org/bouncycastle/bcpkix-jdk15on/1.60/bcpkix-jdk15on-1.60.jar
7f840dbba000-7f840dbbd000 r--s 0001d000 fd:03 124979851                  /home/user/.m2/repository/org/apache/commons/commons-pool2/2.6.0/commons-pool2-2.6.0.jar
7f840dbbd000-7f840dbc0000 r--s 00012000 fd:03 124977589                  /home/user/.m2/repository/com/lmax/disruptor/3.4.2/disruptor-3.4.2.jar
7f840dbc0000-7f840dbe0000 r--s 00167000 fd:03 125042877                  /home/user/.m2/repository/org/apache/logging/log4j/log4j-core/2.11.0/log4j-core-2.11.0.jar
7f840dbe0000-7f840dbe6000 r--s 0003b000 fd:03 125042868                  /home/user/.m2/repository/org/apache/logging/log4j/log4j-api/2.11.0/log4j-api-2.11.0.jar
7f840dbe6000-7f840dbeb000 r--s 00c4f000 fd:03 125110025                  /home/user/.m2/repository/org/rocksdb/rocksdbjni/6.0.1/rocksdbjni-6.0.1.jar
7f840dbeb000-7f840dbee000 r--s 00018000 fd:03 323813771                  /home/user/.m2/repository/org/apache/ratis/ratis-grpc/0.4.0/ratis-grpc-0.4.0.jar
7f840dbee000-7f840dbf0000 r--s 00007000 fd:03 323813769                  /home/user/.m2/repository/org/apache/ratis/ratis-netty/0.4.0/ratis-netty-0.4.0.jar
7f840dbf0000-7f840dbf2000 r--s 00009000 fd:03 323813761                  /home/user/.m2/repository/info/ganglia/gmetric4j/gmetric4j/1.0.7/gmetric4j-1.0.7.jar
7f840dbf2000-7f840dbf3000 r--s 00002000 fd:03 323813764                  /home/user/.m2/repository/io/dropwizard/metrics/metrics-ganglia/3.2.5/metrics-ganglia-3.2.5.jar
7f840dbf3000-7f840dbf5000 r--s 00008000 fd:03 323813763                  /home/user/.m2/repository/io/dropwizard/metrics/metrics-jvm/3.2.5/metrics-jvm-3.2.5.jar
7f840dbf5000-7f840dbf6000 r--s 00003000 fd:03 323813762                  /home/user/.m2/repository/com/github/joshelser/dropwizard-metrics-hadoop-metrics2-reporter/0.1.2/dropwizard-metrics-hadoop-metrics2-reporter-0.1.2.jar
7f840dbf6000-7f840dbf8000 r--s 0000c000 fd:03 323813758                  /home/user/.m2/repository/org/apache/ratis/ratis-client/0.4.0/ratis-client-0.4.0.jar
7f840dbf8000-7f840dbfd000 r--s 0003a000 fd:03 323813752                  /home/user/.m2/repository/org/apache/ratis/ratis-common/0.4.0/ratis-common-0.4.0.jar
7f840dbfd000-7f840dc0b000 r--s 0010d000 fd:03 323813754                  /home/user/.m2/repository/org/apache/ratis/ratis-proto/0.4.0/ratis-proto-0.4.0.jar
7f840dc0b000-7f840dce5000 r--s 00cc8000 fd:03 125045773                  /home/user/.m2/repository/org/apache/ratis/ratis-thirdparty-misc/0.2.0/ratis-thirdparty-misc-0.2.0.jar
7f840dce5000-7f840dceb000 r--s 00050000 fd:03 323813750                  /home/user/.m2/repository/org/apache/ratis/ratis-server/0.4.0/ratis-server-0.4.0.jar
7f840dceb000-7f840dced000 r--s 00005000 fd:03 124979000                  /home/user/.m2/repository/javax/annotation/javax.annotation-api/1.2/javax.annotation-api-1.2.jar
7f840dced000-7f840dd32000 r--s 00486000 fd:03 124980021                  /home/user/.m2/repository/org/apache/hadoop/hadoop-hdfs-client/3.2.0/hadoop-hdfs-client-3.2.0.jar
7f840dd32000-7f840dd59000 r--s 00205000 fd:03 124978762                  /home/user/.m2/repository/io/netty/netty-all/4.0.52.Final/netty-all-4.0.52.Final.jar
7f840dd59000-7f840dd72000 r--s 0012c000 fd:03 124978753                  /home/user/.m2/repository/io/netty/netty/3.10.5.Final/netty-3.10.5.Final.jar
7f840dd72000-7f840ddba000 r--s 00557000 fd:03 124980012                  /home/user/.m2/repository/org/apache/hadoop/hadoop-hdfs/3.2.0/hadoop-hdfs-3.2.0.jar
7f840ddba000-7f840ddf8000 r--s 003aa000 fd:03 124979988                  /home/user/.m2/repository/org/apache/hadoop/hadoop-common/3.2.0/hadoop-common-3.2.0.jar
7f840ddf8000-7f840ddfb000 ---p 00000000 00:00 0 
7f840ddfb000-7f840def9000 rw-p 00000000 00:00 0 
7f840def9000-7f840e100000 r-xp 00000000 fd:03 124456620                  /usr/lib/jvm/java-1.8-openjdk/jre/lib/amd64/libmanagement.so
7f840e100000-7f840e101000 r--p 00007000 fd:03 124456620                  /usr/lib/jvm/java-1.8-openjdk/jre/lib/amd64/libmanagement.so
7f840e101000-7f840e102000 rw-p 00008000 fd:03 124456620                  /usr/lib/jvm/java-1.8-openjdk/jre/lib/amd64/libmanagement.so
7f840e102000-7f840e105000 ---p 00000000 00:00 0 
7f840e105000-7f840e203000 rw-p 00000000 00:00 0 
7f840e203000-7f840e204000 ---p 00000000 00:00 0 
7f840e204000-7f840e305000 rw-p 00000000 00:00 0 
7f840e305000-7f840e308000 ---p 00000000 00:00 0 
7f840e308000-7f840e406000 rw-p 00000000 00:00 0 
7f840e406000-7f840e407000 ---p 00000000 00:00 0 
7f840e407000-7f840e40a000 ---p 00000000 00:00 0 
7f840e40a000-7f840e508000 rw-p 00000000 00:00 0 
7f840e508000-7f840e509000 ---p 00000000 00:00 0 
7f840e509000-7f840e50c000 ---p 00000000 00:00 0 
7f840e50c000-7f840e60a000 rw-p 00000000 00:00 0 
7f840e60a000-7f840e60d000 ---p 00000000 00:00 0 
7f840e60d000-7f840e70b000 rw-p 00000000 00:00 0 
7f840e70b000-7f840e70e000 ---p 00000000 00:00 0 
7f840e70e000-7f840e80c000 rw-p 00000000 00:00 0 
7f840e80c000-7f840e80f000 ---p 00000000 00:00 0 
7f840e80f000-7f840e90d000 rw-p 00000000 00:00 0 
7f840e90d000-7f840e90e000 ---p 00000000 00:00 0 
7f840e90e000-7f840f318000 rw-p 00000000 00:00 0 
7f840f318000-7f840f4e8000 r--s 01f56000 fd:03 124456685                  /usr/lib/jvm/java-1.8-openjdk/jre/lib/rt.jar
7f840f4e8000-7f841415e000 rw-p 00000000 00:00 0 
7f841415e000-7f841415f000 ---p 00000000 00:00 0 
7f841415f000-7f8414260000 rw-p 00000000 00:00 0 
7f8414260000-7f8414261000 ---p 00000000 00:00 0 
7f8414261000-7f84144fd000 rw-p 00000000 00:00 0 
7f84144fd000-7f841460d000 ---p 00000000 00:00 0 
7f841460d000-7f84147a8000 rw-p 00000000 00:00 0 
7f84147a8000-7f84148b7000 ---p 00000000 00:00 0 
7f84148b7000-7f8414a2c000 rw-p 00000000 00:00 0 
7f8414a2c000-7f8414dce000 ---p 00000000 00:00 0 
7f8414dce000-7f841554e000 rwxp 00000000 00:00 0 
7f841554e000-7f8423dce000 ---p 00000000 00:00 0 
7f8423dce000-7f8423fd5000 r-xp 00000000 fd:03 124456629                  /usr/lib/jvm/java-1.8-openjdk/jre/lib/amd64/libzip.so
7f8423fd5000-7f8423fd6000 r--p 00007000 fd:03 124456629                  /usr/lib/jvm/java-1.8-openjdk/jre/lib/amd64/libzip.so
7f8423fd6000-7f8423fd7000 rw-p 00008000 fd:03 124456629                  /usr/lib/jvm/java-1.8-openjdk/jre/lib/amd64/libzip.so
7f8423fd7000-7f8424202000 r-xp 00000000 fd:03 124456610                  /usr/lib/jvm/java-1.8-openjdk/jre/lib/amd64/libjava.so
7f8424202000-7f8424203000 r--p 0002b000 fd:03 124456610                  /usr/lib/jvm/java-1.8-openjdk/jre/lib/amd64/libjava.so
7f8424203000-7f8424204000 rw-p 0002c000 fd:03 124456610                  /usr/lib/jvm/java-1.8-openjdk/jre/lib/amd64/libjava.so
7f8424204000-7f8424205000 rw-p 00000000 00:00 0 
7f8424205000-7f8424411000 r-xp 00000000 fd:03 124456628                  /usr/lib/jvm/java-1.8-openjdk/jre/lib/amd64/libverify.so
7f8424411000-7f8424413000 r--p 0000c000 fd:03 124456628                  /usr/lib/jvm/java-1.8-openjdk/jre/lib/amd64/libverify.so
7f8424413000-7f8424414000 rw-p 0000e000 fd:03 124456628                  /usr/lib/jvm/java-1.8-openjdk/jre/lib/amd64/libverify.so
7f8424414000-7f8424624000 r-xp 00000000 fd:03 124456786                  /usr/lib/libgcc_s.so.1
7f8424624000-7f8424625000 r--p 00010000 fd:03 124456786                  /usr/lib/libgcc_s.so.1
7f8424625000-7f8424626000 rw-p 00011000 fd:03 124456786                  /usr/lib/libgcc_s.so.1
7f8424626000-7f8424967000 r-xp 00000000 fd:03 124456909                  /usr/lib/libstdc++.so.6.0.22
7f8424967000-7f8424975000 r--p 00141000 fd:03 124456909                  /usr/lib/libstdc++.so.6.0.22
7f8424975000-7f8424976000 rw-p 0014f000 fd:03 124456909                  /usr/lib/libstdc++.so.6.0.22
7f8424976000-7f8424979000 rw-p 00000000 00:00 0 
7f8424979000-7f842534d000 r-xp 00000000 fd:03 124456633                  /usr/lib/jvm/java-1.8-openjdk/jre/lib/amd64/server/libjvm.so
7f842534d000-7f84253e3000 r--p 007d4000 fd:03 124456633                  /usr/lib/jvm/java-1.8-openjdk/jre/lib/amd64/server/libjvm.so
7f84253e3000-7f842540b000 rw-p 0086a000 fd:03 124456633                  /usr/lib/jvm/java-1.8-openjdk/jre/lib/amd64/server/libjvm.so
7f842540b000-7f842543c000 rw-p 00000000 00:00 0 
7f842543c000-7f8425651000 r-xp 00000000 fd:03 210567199                  /lib/libz.so.1.2.11
7f8425651000-7f8425652000 r--p 00015000 fd:03 210567199                  /lib/libz.so.1.2.11
7f8425652000-7f8425653000 rw-p 00016000 fd:03 210567199                  /lib/libz.so.1.2.11
7f8425653000-7f842585f000 r-xp 00000000 fd:03 124456594                  /usr/lib/jvm/java-1.8-openjdk/jre/lib/amd64/jli/libjli.so
7f842585f000-7f8425860000 r--p 0000c000 fd:03 124456594                  /usr/lib/jvm/java-1.8-openjdk/jre/lib/amd64/jli/libjli.so
7f8425860000-7f8425861000 rw-p 0000d000 fd:03 124456594                  /usr/lib/jvm/java-1.8-openjdk/jre/lib/amd64/jli/libjli.so
7f8425861000-7f84258ee000 r-xp 00000000 fd:03 124389454                  /lib/ld-musl-x86_64.so.1
7f84258ee000-7f84258ef000 r--s 00006000 fd:03 323813756                  /home/user/.m2/repository/org/apache/ratis/ratis-metrics/0.4.0/ratis-metrics-0.4.0.jar
7f84258ef000-7f84258f2000 r--s 0000e000 fd:03 323751328                  /home/user/.m2/repository/com/fasterxml/jackson/core/jackson-annotations/2.9.9/jackson-annotations-2.9.9.jar
7f84258f2000-7f84258f5000 r--s 000fd000 fd:03 125109035                  /home/user/.m2/repository/org/fusesource/leveldbjni/leveldbjni-all/1.8/leveldbjni-all-1.8.jar
7f84258f5000-7f84258f6000 r--s 00005000 fd:03 124978352                  /home/user/.m2/repository/commons-daemon/commons-daemon/1.0.13/commons-daemon-1.0.13.jar
7f84258f6000-7f84258f8000 r--s 00008000 fd:03 323751305                  /home/user/.m2/repository/org/eclipse/jetty/jetty-util-ajax/9.3.25.v20180904/jetty-util-ajax-9.3.25.v20180904.jar
7f84258f8000-7f84258fc000 r--s 00014000 fd:03 125110479                  /home/user/.m2/repository/org/tukaani/xz/1.0/xz-1.0.jar
7f84258fc000-7f8425901000 r--s 00036000 fd:03 124979659                  /home/user/.m2/repository/org/apache/commons/commons-compress/1.4.1/commons-compress-1.4.1.jar
7f8425901000-7f8425903000 r--s 00002000 fd:03 125045372                  /home/user/.m2/repository/org/apache/maven/surefire/surefire-logger-api/3.0.0-M1/surefire-logger-api-3.0.0-M1.jar
7f8425903000-7f8425908000 r--s 00027000 fd:03 125045354                  /home/user/.m2/repository/org/apache/maven/surefire/surefire-api/3.0.0-M1/surefire-api-3.0.0-M1.jar
7f8425908000-7f842590e000 r--s 00047000 fd:03 125045363                  /home/user/.m2/repository/org/apache/maven/surefire/surefire-booter/3.0.0-M1/surefire-booter-3.0.0-M1.jar
7f842590e000-7f842590f000 r--s 00004000 fd:05 71830236                   /workdir/hadoop-ozone/ozone-manager/target/surefire/surefirebooter7386960504800760533.jar
7f842590f000-7f8425910000 r--s 00000000 fd:03 210503305                  /etc/localtime
7f8425910000-7f84259e1000 rw-p 00000000 00:00 0 
7f84259e1000-7f84259e9000 rw-s 00000000 fd:03 323751417                  /tmp/hsperfdata_jenkins1000/15677
7f84259e9000-7f84259ea000 rw-p 00000000 00:00 0 
7f84259ea000-7f84259eb000 r--p 00000000 00:00 0 
7f84259eb000-7f84259ed000 ---p 00000000 00:00 0 
7f84259ed000-7f84259f0000 ---p 00000000 00:00 0 
7f84259f0000-7f8425aee000 rw-p 00000000 00:00 0 
7f8425aee000-7f8425aef000 r--p 0008d000 fd:03 124389454                  /lib/ld-musl-x86_64.so.1
7f8425aef000-7f8425af0000 rw-p 0008e000 fd:03 124389454                  /lib/ld-musl-x86_64.so.1
7f8425af0000-7f8425af3000 rw-p 00000000 00:00 0 
7ffedba05000-7ffedba27000 rw-p 00000000 00:00 0                          [stack]
7ffedbadd000-7ffedbadf000 r-xp 00000000 00:00 0                          [vdso]
ffffffffff600000-ffffffffff601000 r-xp 00000000 00:00 0                  [vsyscall]

VM Arguments:
jvm_args: -Xmx2048m -XX:+HeapDumpOnOutOfMemoryError 
java_command: /workdir/hadoop-ozone/ozone-manager/target/surefire/surefirebooter7386960504800760533.jar /workdir/hadoop-ozone/ozone-manager/target/surefire 2019-09-25T04-32-33_658-jvmRun1 surefire824971700085189547tmp surefire_708035711090964114141tmp
java_class_path (initial): /workdir/hadoop-ozone/ozone-manager/target/surefire/surefirebooter7386960504800760533.jar
Launcher Type: SUN_STANDARD

Environment Variables:
PATH=/usr/local/sbin:/usr/local/bin:/usr/sbin:/usr/bin:/sbin:/bin:/opt/findbugs/bin:/opt/blockade/bin
LD_LIBRARY_PATH=/usr/lib/jvm/java-1.8-openjdk/jre/lib/amd64/server:/usr/lib/jvm/java-1.8-openjdk/jre/lib/amd64:/usr/lib/jvm/java-1.8-openjdk/jre/../lib/amd64:/workdir/hadoop-ozone/ozone-manager/target/native/target/usr/local/lib:/workdir/hadoop-ozone/ozone-manager/../../hadoop-common-project/hadoop-common/target/native/target/usr/local/lib
DYLD_LIBRARY_PATH=${env.DYLD_LIBRARY_PATH}:/workdir/hadoop-ozone/ozone-manager/target/native/target/usr/local/lib:/workdir/hadoop-ozone/ozone-manager/../../hadoop-common-project/hadoop-common/target/native/target/usr/local/lib

Signal Handlers:
SIGSEGV: [libjvm.so+0x600fd2], sa_mask[0]=11111111011111111101111111111110, sa_flags=SA_RESTART|SA_SIGINFO
SIGBUS: [libjvm.so+0x600fd2], sa_mask[0]=11111111011111111101111111111110, sa_flags=SA_RESTART|SA_SIGINFO
SIGFPE: [libjvm.so+0x539502], sa_mask[0]=11111111011111111101111111111110, sa_flags=SA_RESTART|SA_SIGINFO
SIGPIPE: [libjvm.so+0x539502], sa_mask[0]=11111111011111111101111111111110, sa_flags=SA_RESTART|SA_SIGINFO
SIGXFSZ: [libjvm.so+0x539502], sa_mask[0]=11111111011111111101111111111110, sa_flags=SA_RESTART|SA_SIGINFO
SIGILL: [libjvm.so+0x539502], sa_mask[0]=11111111011111111101111111111110, sa_flags=SA_RESTART|SA_SIGINFO
SIGUSR1: SIG_DFL, sa_mask[0]=00000000000000000000000000000000, sa_flags=none
SIGUSR2: [libjvm.so+0x5396a1], sa_mask[0]=00100000000000000000000000000000, sa_flags=SA_RESTART|SA_SIGINFO
SIGHUP: [libjvm.so+0x53b719], sa_mask[0]=11111111011111111101111111111110, sa_flags=SA_RESTART|SA_SIGINFO
SIGINT: [libjvm.so+0x53b719], sa_mask[0]=11111111011111111101111111111110, sa_flags=SA_RESTART|SA_SIGINFO
SIGTERM: [libjvm.so+0x53b719], sa_mask[0]=11111111011111111101111111111110, sa_flags=SA_RESTART|SA_SIGINFO
SIGQUIT: [libjvm.so+0x53b719], sa_mask[0]=11111111011111111101111111111110, sa_flags=SA_RESTART|SA_SIGINFO


---------------  S Y S T E M  ---------------

OS:NAME="Alpine Linux"
ID=alpine
VERSION_ID=3.8.2
PRETTY_NAME="Alpine Linux v3.8"
HOME_URL="http://alpinelinux.org"
BUG_REPORT_URL="http://bugs.alpinelinux.org"

uname:Linux 3.10.0-957.12.2.el7.x86_64 #1 SMP Tue May 14 21:24:32 UTC 2019 x86_64
libc:glibc 2.9 NPTL 
rlimit: STACK 8192k, CORE infinity, NPROC 1048576, NOFILE 1048576, AS infinity
load average:7.49 8.05 7.63

/proc/meminfo:
MemTotal:       263864176 kB
MemFree:        13654196 kB
MemAvailable:   90094000 kB
Buffers:        10537964 kB
Cached:         64918104 kB
SwapCached:            0 kB
Active:         210048480 kB
Inactive:       31219212 kB
Active(anon):   168308044 kB
Inactive(anon):  1721612 kB
Active(file):   41740436 kB
Inactive(file): 29497600 kB
Unevictable:       13856 kB
Mlocked:           13856 kB
SwapTotal:             0 kB
SwapFree:              0 kB
Dirty:             65984 kB
Writeback:           768 kB
AnonPages:      165825756 kB
Mapped:           284712 kB
Shmem:           4213868 kB
Slab:            6693860 kB
SReclaimable:    6085860 kB
SUnreclaim:       608000 kB
KernelStack:       46400 kB
PageTables:       347612 kB
NFS_Unstable:          0 kB
Bounce:                0 kB
WritebackTmp:          0 kB
CommitLimit:    131932088 kB
Committed_AS:   241657408 kB
VmallocTotal:   34359738367 kB
VmallocUsed:      719524 kB
VmallocChunk:   34224623552 kB
HardwareCorrupted:     0 kB
AnonHugePages:  23408640 kB
CmaTotal:              0 kB
CmaFree:               0 kB
HugePages_Total:       0
HugePages_Free:        0
HugePages_Rsvd:        0
HugePages_Surp:        0
Hugepagesize:       2048 kB
DirectMap4k:      365304 kB
DirectMap2M:    21547008 kB
DirectMap1G:    248512512 kB

container (cgroup) information:
container_type: cgroupv1
cpu_cpuset_cpus: 0-31
cpu_memory_nodes: 0-1
active_processor_count: 2
cpu_quota: -1
cpu_period: 100000
cpu_shares: 2048
memory_limit_in_bytes: -1
memory_and_swap_limit_in_bytes: -1
memory_soft_limit_in_bytes: -1
memory_usage_in_bytes: 9790603264
memory_max_usage_in_bytes: 10747052032


CPU:total 32 (initial active 2) (8 cores per cpu, 2 threads per core) family 6 model 63 stepping 2, cmov, cx8, fxsr, mmx, sse, sse2, sse3, ssse3, sse4.1, sse4.2, popcnt, avx, avx2, aes, clmul, erms, lzcnt, ht, tsc, tscinvbit, bmi1, bmi2

/proc/cpuinfo:
processor	: 0
vendor_id	: GenuineIntel
cpu family	: 6
model		: 63
model name	: Intel(R) Xeon(R) CPU E5-2630 v3 @ 2.40GHz
stepping	: 2
microcode	: 0x43
cpu MHz		: 1341.503
cache size	: 20480 KB
physical id	: 0
siblings	: 16
core id		: 0
cpu cores	: 8
apicid		: 0
initial apicid	: 0
fpu		: yes
fpu_exception	: yes
cpuid level	: 15
wp		: yes
flags		: fpu vme de pse tsc msr pae mce cx8 apic sep mtrr pge mca cmov pat pse36 clflush dts acpi mmx fxsr sse sse2 ss ht tm pbe syscall nx pdpe1gb rdtscp lm constant_tsc arch_perfmon pebs bts rep_good nopl xtopology nonstop_tsc aperfmperf eagerfpu pni pclmulqdq dtes64 monitor ds_cpl vmx smx est tm2 ssse3 sdbg fma cx16 xtpr pdcm pcid dca sse4_1 sse4_2 x2apic movbe popcnt tsc_deadline_timer aes xsave avx f16c rdrand lahf_lm abm epb intel_ppin ssbd ibrs ibpb stibp tpr_shadow vnmi flexpriority ept vpid fsgsbase tsc_adjust bmi1 avx2 smep bmi2 erms invpcid cqm xsaveopt cqm_llc cqm_occup_llc dtherm ida arat pln pts md_clear spec_ctrl intel_stibp flush_l1d
bogomips	: 4788.37
clflush size	: 64
cache_alignment	: 64
address sizes	: 46 bits physical, 48 bits virtual
power management:

processor	: 1
vendor_id	: GenuineIntel
cpu family	: 6
model		: 63
model name	: Intel(R) Xeon(R) CPU E5-2630 v3 @ 2.40GHz
stepping	: 2
microcode	: 0x43
cpu MHz		: 1300.195
cache size	: 20480 KB
physical id	: 0
siblings	: 16
core id		: 1
cpu cores	: 8
apicid		: 2
initial apicid	: 2
fpu		: yes
fpu_exception	: yes
cpuid level	: 15
wp		: yes
flags		: fpu vme de pse tsc msr pae mce cx8 apic sep mtrr pge mca cmov pat pse36 clflush dts acpi mmx fxsr sse sse2 ss ht tm pbe syscall nx pdpe1gb rdtscp lm constant_tsc arch_perfmon pebs bts rep_good nopl xtopology nonstop_tsc aperfmperf eagerfpu pni pclmulqdq dtes64 monitor ds_cpl vmx smx est tm2 ssse3 sdbg fma cx16 xtpr pdcm pcid dca sse4_1 sse4_2 x2apic movbe popcnt tsc_deadline_timer aes xsave avx f16c rdrand lahf_lm abm epb intel_ppin ssbd ibrs ibpb stibp tpr_shadow vnmi flexpriority ept vpid fsgsbase tsc_adjust bmi1 avx2 smep bmi2 erms invpcid cqm xsaveopt cqm_llc cqm_occup_llc dtherm ida arat pln pts md_clear spec_ctrl intel_stibp flush_l1d
bogomips	: 4788.37
clflush size	: 64
cache_alignment	: 64
address sizes	: 46 bits physical, 48 bits virtual
power management:

processor	: 2
vendor_id	: GenuineIntel
cpu family	: 6
model		: 63
model name	: Intel(R) Xeon(R) CPU E5-2630 v3 @ 2.40GHz
stepping	: 2
microcode	: 0x43
cpu MHz		: 1750.634
cache size	: 20480 KB
physical id	: 0
siblings	: 16
core id		: 2
cpu cores	: 8
apicid		: 4
initial apicid	: 4
fpu		: yes
fpu_exception	: yes
cpuid level	: 15
wp		: yes
flags		: fpu vme de pse tsc msr pae mce cx8 apic sep mtrr pge mca cmov pat pse36 clflush dts acpi mmx fxsr sse sse2 ss ht tm pbe syscall nx pdpe1gb rdtscp lm constant_tsc arch_perfmon pebs bts rep_good nopl xtopology nonstop_tsc aperfmperf eagerfpu pni pclmulqdq dtes64 monitor ds_cpl vmx smx est tm2 ssse3 sdbg fma cx16 xtpr pdcm pcid dca sse4_1 sse4_2 x2apic movbe popcnt tsc_deadline_timer aes xsave avx f16c rdrand lahf_lm abm epb intel_ppin ssbd ibrs ibpb stibp tpr_shadow vnmi flexpriority ept vpid fsgsbase tsc_adjust bmi1 avx2 smep bmi2 erms invpcid cqm xsaveopt cqm_llc cqm_occup_llc dtherm ida arat pln pts md_clear spec_ctrl intel_stibp flush_l1d
bogomips	: 4788.37
clflush size	: 64
cache_alignment	: 64
address sizes	: 46 bits physical, 48 bits virtual
power management:

processor	: 3
vendor_id	: GenuineIntel
cpu family	: 6
model		: 63
model name	: Intel(R) Xeon(R) CPU E5-2630 v3 @ 2.40GHz
stepping	: 2
microcode	: 0x43
cpu MHz		: 1321.875
cache size	: 20480 KB
physical id	: 0
siblings	: 16
core id		: 3
cpu cores	: 8
apicid		: 6
initial apicid	: 6
fpu		: yes
fpu_exception	: yes
cpuid level	: 15
wp		: yes
flags		: fpu vme de pse tsc msr pae mce cx8 apic sep mtrr pge mca cmov pat pse36 clflush dts acpi mmx fxsr sse sse2 ss ht tm pbe syscall nx pdpe1gb rdtscp lm constant_tsc arch_perfmon pebs bts rep_good nopl xtopology nonstop_tsc aperfmperf eagerfpu pni pclmulqdq dtes64 monitor ds_cpl vmx smx est tm2 ssse3 sdbg fma cx16 xtpr pdcm pcid dca sse4_1 sse4_2 x2apic movbe popcnt tsc_deadline_timer aes xsave avx f16c rdrand lahf_lm abm epb intel_ppin ssbd ibrs ibpb stibp tpr_shadow vnmi flexpriority ept vpid fsgsbase tsc_adjust bmi1 avx2 smep bmi2 erms invpcid cqm xsaveopt cqm_llc cqm_occup_llc dtherm ida arat pln pts md_clear spec_ctrl intel_stibp flush_l1d
bogomips	: 4788.37
clflush size	: 64
cache_alignment	: 64
address sizes	: 46 bits physical, 48 bits virtual
power management:

processor	: 4
vendor_id	: GenuineIntel
cpu family	: 6
model		: 63
model name	: Intel(R) Xeon(R) CPU E5-2630 v3 @ 2.40GHz
stepping	: 2
microcode	: 0x43
cpu MHz		: 1271.923
cache size	: 20480 KB
physical id	: 0
siblings	: 16
core id		: 4
cpu cores	: 8
apicid		: 8
initial apicid	: 8
fpu		: yes
fpu_exception	: yes
cpuid level	: 15
wp		: yes
flags		: fpu vme de pse tsc msr pae mce cx8 apic sep mtrr pge mca cmov pat pse36 clflush dts acpi mmx fxsr sse sse2 ss ht tm pbe syscall nx pdpe1gb rdtscp lm constant_tsc arch_perfmon pebs bts rep_good nopl xtopology nonstop_tsc aperfmperf eagerfpu pni pclmulqdq dtes64 monitor ds_cpl vmx smx est tm2 ssse3 sdbg fma cx16 xtpr pdcm pcid dca sse4_1 sse4_2 x2apic movbe popcnt tsc_deadline_timer aes xsave avx f16c rdrand lahf_lm abm epb intel_ppin ssbd ibrs ibpb stibp tpr_shadow vnmi flexpriority ept vpid fsgsbase tsc_adjust bmi1 avx2 smep bmi2 erms invpcid cqm xsaveopt cqm_llc cqm_occup_llc dtherm ida arat pln pts md_clear spec_ctrl intel_stibp flush_l1d
bogomips	: 4788.37
clflush size	: 64
cache_alignment	: 64
address sizes	: 46 bits physical, 48 bits virtual
power management:

processor	: 5
vendor_id	: GenuineIntel
cpu family	: 6
model		: 63
model name	: Intel(R) Xeon(R) CPU E5-2630 v3 @ 2.40GHz
stepping	: 2
microcode	: 0x43
cpu MHz		: 1280.273
cache size	: 20480 KB
physical id	: 0
siblings	: 16
core id		: 5
cpu cores	: 8
apicid		: 10
initial apicid	: 10
fpu		: yes
fpu_exception	: yes
cpuid level	: 15
wp		: yes
flags		: fpu vme de pse tsc msr pae mce cx8 apic sep mtrr pge mca cmov pat pse36 clflush dts acpi mmx fxsr sse sse2 ss ht tm pbe syscall nx pdpe1gb rdtscp lm constant_tsc arch_perfmon pebs bts rep_good nopl xtopology nonstop_tsc aperfmperf eagerfpu pni pclmulqdq dtes64 monitor ds_cpl vmx smx est tm2 ssse3 sdbg fma cx16 xtpr pdcm pcid dca sse4_1 sse4_2 x2apic movbe popcnt tsc_deadline_timer aes xsave avx f16c rdrand lahf_lm abm epb intel_ppin ssbd ibrs ibpb stibp tpr_shadow vnmi flexpriority ept vpid fsgsbase tsc_adjust bmi1 avx2 smep bmi2 erms invpcid cqm xsaveopt cqm_llc cqm_occup_llc dtherm ida arat pln pts md_clear spec_ctrl intel_stibp flush_l1d
bogomips	: 4788.37
clflush size	: 64
cache_alignment	: 64
address sizes	: 46 bits physical, 48 bits virtual
power management:

processor	: 6
vendor_id	: GenuineIntel
cpu family	: 6
model		: 63
model name	: Intel(R) Xeon(R) CPU E5-2630 v3 @ 2.40GHz
stepping	: 2
microcode	: 0x43
cpu MHz		: 1596.972
cache size	: 20480 KB
physical id	: 0
siblings	: 16
core id		: 6
cpu cores	: 8
apicid		: 12
initial apicid	: 12
fpu		: yes
fpu_exception	: yes
cpuid level	: 15
wp		: yes
flags		: fpu vme de pse tsc msr pae mce cx8 apic sep mtrr pge mca cmov pat pse36 clflush dts acpi mmx fxsr sse sse2 ss ht tm pbe syscall nx pdpe1gb rdtscp lm constant_tsc arch_perfmon pebs bts rep_good nopl xtopology nonstop_tsc aperfmperf eagerfpu pni pclmulqdq dtes64 monitor ds_cpl vmx smx est tm2 ssse3 sdbg fma cx16 xtpr pdcm pcid dca sse4_1 sse4_2 x2apic movbe popcnt tsc_deadline_timer aes xsave avx f16c rdrand lahf_lm abm epb intel_ppin ssbd ibrs ibpb stibp tpr_shadow vnmi flexpriority ept vpid fsgsbase tsc_adjust bmi1 avx2 smep bmi2 erms invpcid cqm xsaveopt cqm_llc cqm_occup_llc dtherm ida arat pln pts md_clear spec_ctrl intel_stibp flush_l1d
bogomips	: 4788.37
clflush size	: 64
cache_alignment	: 64
address sizes	: 46 bits physical, 48 bits virtual
power management:

processor	: 7
vendor_id	: GenuineIntel
cpu family	: 6
model		: 63
model name	: Intel(R) Xeon(R) CPU E5-2630 v3 @ 2.40GHz
stepping	: 2
microcode	: 0x43
cpu MHz		: 1299.462
cache size	: 20480 KB
physical id	: 0
siblings	: 16
core id		: 7
cpu cores	: 8
apicid		: 14
initial apicid	: 14
fpu		: yes
fpu_exception	: yes
cpuid level	: 15
wp		: yes
flags		: fpu vme de pse tsc msr pae mce cx8 apic sep mtrr pge mca cmov pat pse36 clflush dts acpi mmx fxsr sse sse2 ss ht tm pbe syscall nx pdpe1gb rdtscp lm constant_tsc arch_perfmon pebs bts rep_good nopl xtopology nonstop_tsc aperfmperf eagerfpu pni pclmulqdq dtes64 monitor ds_cpl vmx smx est tm2 ssse3 sdbg fma cx16 xtpr pdcm pcid dca sse4_1 sse4_2 x2apic movbe popcnt tsc_deadline_timer aes xsave avx f16c rdrand lahf_lm abm epb intel_ppin ssbd ibrs ibpb stibp tpr_shadow vnmi flexpriority ept vpid fsgsbase tsc_adjust bmi1 avx2 smep bmi2 erms invpcid cqm xsaveopt cqm_llc cqm_occup_llc dtherm ida arat pln pts md_clear spec_ctrl intel_stibp flush_l1d
bogomips	: 4788.37
clflush size	: 64
cache_alignment	: 64
address sizes	: 46 bits physical, 48 bits virtual
power management:

processor	: 8
vendor_id	: GenuineIntel
cpu family	: 6
model		: 63
model name	: Intel(R) Xeon(R) CPU E5-2630 v3 @ 2.40GHz
stepping	: 2
microcode	: 0x43
cpu MHz		: 1199.853
cache size	: 20480 KB
physical id	: 1
siblings	: 16
core id		: 0
cpu cores	: 8
apicid		: 16
initial apicid	: 16
fpu		: yes
fpu_exception	: yes
cpuid level	: 15
wp		: yes
flags		: fpu vme de pse tsc msr pae mce cx8 apic sep mtrr pge mca cmov pat pse36 clflush dts acpi mmx fxsr sse sse2 ss ht tm pbe syscall nx pdpe1gb rdtscp lm constant_tsc arch_perfmon pebs bts rep_good nopl xtopology nonstop_tsc aperfmperf eagerfpu pni pclmulqdq dtes64 monitor ds_cpl vmx smx est tm2 ssse3 sdbg fma cx16 xtpr pdcm pcid dca sse4_1 sse4_2 x2apic movbe popcnt tsc_deadline_timer aes xsave avx f16c rdrand lahf_lm abm epb intel_ppin ssbd ibrs ibpb stibp tpr_shadow vnmi flexpriority ept vpid fsgsbase tsc_adjust bmi1 avx2 smep bmi2 erms invpcid cqm xsaveopt cqm_llc cqm_occup_llc dtherm ida arat pln pts md_clear spec_ctrl intel_stibp flush_l1d
bogomips	: 4793.83
clflush size	: 64
cache_alignment	: 64
address sizes	: 46 bits physical, 48 bits virtual
power management:

processor	: 9
vendor_id	: GenuineIntel
cpu family	: 6
model		: 63
model name	: Intel(R) Xeon(R) CPU E5-2630 v3 @ 2.40GHz
stepping	: 2
microcode	: 0x43
cpu MHz		: 1215.820
cache size	: 20480 KB
physical id	: 1
siblings	: 16
core id		: 1
cpu cores	: 8
apicid		: 18
initial apicid	: 18
fpu		: yes
fpu_exception	: yes
cpuid level	: 15
wp		: yes
flags		: fpu vme de pse tsc msr pae mce cx8 apic sep mtrr pge mca cmov pat pse36 clflush dts acpi mmx fxsr sse sse2 ss ht tm pbe syscall nx pdpe1gb rdtscp lm constant_tsc arch_perfmon pebs bts rep_good nopl xtopology nonstop_tsc aperfmperf eagerfpu pni pclmulqdq dtes64 monitor ds_cpl vmx smx est tm2 ssse3 sdbg fma cx16 xtpr pdcm pcid dca sse4_1 sse4_2 x2apic movbe popcnt tsc_deadline_timer aes xsave avx f16c rdrand lahf_lm abm epb intel_ppin ssbd ibrs ibpb stibp tpr_shadow vnmi flexpriority ept vpid fsgsbase tsc_adjust bmi1 avx2 smep bmi2 erms invpcid cqm xsaveopt cqm_llc cqm_occup_llc dtherm ida arat pln pts md_clear spec_ctrl intel_stibp flush_l1d
bogomips	: 4793.83
clflush size	: 64
cache_alignment	: 64
address sizes	: 46 bits physical, 48 bits virtual
power management:

processor	: 10
vendor_id	: GenuineIntel
cpu family	: 6
model		: 63
model name	: Intel(R) Xeon(R) CPU E5-2630 v3 @ 2.40GHz
stepping	: 2
microcode	: 0x43
cpu MHz		: 1200.000
cache size	: 20480 KB
physical id	: 1
siblings	: 16
core id		: 2
cpu cores	: 8
apicid		: 20
initial apicid	: 20
fpu		: yes
fpu_exception	: yes
cpuid level	: 15
wp		: yes
flags		: fpu vme de pse tsc msr pae mce cx8 apic sep mtrr pge mca cmov pat pse36 clflush dts acpi mmx fxsr sse sse2 ss ht tm pbe syscall nx pdpe1gb rdtscp lm constant_tsc arch_perfmon pebs bts rep_good nopl xtopology nonstop_tsc aperfmperf eagerfpu pni pclmulqdq dtes64 monitor ds_cpl vmx smx est tm2 ssse3 sdbg fma cx16 xtpr pdcm pcid dca sse4_1 sse4_2 x2apic movbe popcnt tsc_deadline_timer aes xsave avx f16c rdrand lahf_lm abm epb intel_ppin ssbd ibrs ibpb stibp tpr_shadow vnmi flexpriority ept vpid fsgsbase tsc_adjust bmi1 avx2 smep bmi2 erms invpcid cqm xsaveopt cqm_llc cqm_occup_llc dtherm ida arat pln pts md_clear spec_ctrl intel_stibp flush_l1d
bogomips	: 4793.83
clflush size	: 64
cache_alignment	: 64
address sizes	: 46 bits physical, 48 bits virtual
power management:

processor	: 11
vendor_id	: GenuineIntel
cpu family	: 6
model		: 63
model name	: Intel(R) Xeon(R) CPU E5-2630 v3 @ 2.40GHz
stepping	: 2
microcode	: 0x43
cpu MHz		: 1310.302
cache size	: 20480 KB
physical id	: 1
siblings	: 16
core id		: 3
cpu cores	: 8
apicid		: 22
initial apicid	: 22
fpu		: yes
fpu_exception	: yes
cpuid level	: 15
wp		: yes
flags		: fpu vme de pse tsc msr pae mce cx8 apic sep mtrr pge mca cmov pat pse36 clflush dts acpi mmx fxsr sse sse2 ss ht tm pbe syscall nx pdpe1gb rdtscp lm constant_tsc arch_perfmon pebs bts rep_good nopl xtopology nonstop_tsc aperfmperf eagerfpu pni pclmulqdq dtes64 monitor ds_cpl vmx smx est tm2 ssse3 sdbg fma cx16 xtpr pdcm pcid dca sse4_1 sse4_2 x2apic movbe popcnt tsc_deadline_timer aes xsave avx f16c rdrand lahf_lm abm epb intel_ppin ssbd ibrs ibpb stibp tpr_shadow vnmi flexpriority ept vpid fsgsbase tsc_adjust bmi1 avx2 smep bmi2 erms invpcid cqm xsaveopt cqm_llc cqm_occup_llc dtherm ida arat pln pts md_clear spec_ctrl intel_stibp flush_l1d
bogomips	: 4793.83
clflush size	: 64
cache_alignment	: 64
address sizes	: 46 bits physical, 48 bits virtual
power management:

processor	: 12
vendor_id	: GenuineIntel
cpu family	: 6
model		: 63
model name	: Intel(R) Xeon(R) CPU E5-2630 v3 @ 2.40GHz
stepping	: 2
microcode	: 0x43
cpu MHz		: 1299.169
cache size	: 20480 KB
physical id	: 1
siblings	: 16
core id		: 4
cpu cores	: 8
apicid		: 24
initial apicid	: 24
fpu		: yes
fpu_exception	: yes
cpuid level	: 15
wp		: yes
flags		: fpu vme de pse tsc msr pae mce cx8 apic sep mtrr pge mca cmov pat pse36 clflush dts acpi mmx fxsr sse sse2 ss ht tm pbe syscall nx pdpe1gb rdtscp lm constant_tsc arch_perfmon pebs bts rep_good nopl xtopology nonstop_tsc aperfmperf eagerfpu pni pclmulqdq dtes64 monitor ds_cpl vmx smx est tm2 ssse3 sdbg fma cx16 xtpr pdcm pcid dca sse4_1 sse4_2 x2apic movbe popcnt tsc_deadline_timer aes xsave avx f16c rdrand lahf_lm abm epb intel_ppin ssbd ibrs ibpb stibp tpr_shadow vnmi flexpriority ept vpid fsgsbase tsc_adjust bmi1 avx2 smep bmi2 erms invpcid cqm xsaveopt cqm_llc cqm_occup_llc dtherm ida arat pln pts md_clear spec_ctrl intel_stibp flush_l1d
bogomips	: 4793.83
clflush size	: 64
cache_alignment	: 64
address sizes	: 46 bits physical, 48 bits virtual
power management:

processor	: 13
vendor_id	: GenuineIntel
cpu family	: 6
model		: 63
model name	: Intel(R) Xeon(R) CPU E5-2630 v3 @ 2.40GHz
stepping	: 2
microcode	: 0x43
cpu MHz		: 1199.853
cache size	: 20480 KB
physical id	: 1
siblings	: 16
core id		: 5
cpu cores	: 8
apicid		: 26
initial apicid	: 26
fpu		: yes
fpu_exception	: yes
cpuid level	: 15
wp		: yes
flags		: fpu vme de pse tsc msr pae mce cx8 apic sep mtrr pge mca cmov pat pse36 clflush dts acpi mmx fxsr sse sse2 ss ht tm pbe syscall nx pdpe1gb rdtscp lm constant_tsc arch_perfmon pebs bts rep_good nopl xtopology nonstop_tsc aperfmperf eagerfpu pni pclmulqdq dtes64 monitor ds_cpl vmx smx est tm2 ssse3 sdbg fma cx16 xtpr pdcm pcid dca sse4_1 sse4_2 x2apic movbe popcnt tsc_deadline_timer aes xsave avx f16c rdrand lahf_lm abm epb intel_ppin ssbd ibrs ibpb stibp tpr_shadow vnmi flexpriority ept vpid fsgsbase tsc_adjust bmi1 avx2 smep bmi2 erms invpcid cqm xsaveopt cqm_llc cqm_occup_llc dtherm ida arat pln pts md_clear spec_ctrl intel_stibp flush_l1d
bogomips	: 4793.83
clflush size	: 64
cache_alignment	: 64
address sizes	: 46 bits physical, 48 bits virtual
power management:

processor	: 14
vendor_id	: GenuineIntel
cpu family	: 6
model		: 63
model name	: Intel(R) Xeon(R) CPU E5-2630 v3 @ 2.40GHz
stepping	: 2
microcode	: 0x43
cpu MHz		: 1200.000
cache size	: 20480 KB
physical id	: 1
siblings	: 16
core id		: 6
cpu cores	: 8
apicid		: 28
initial apicid	: 28
fpu		: yes
fpu_exception	: yes
cpuid level	: 15
wp		: yes
flags		: fpu vme de pse tsc msr pae mce cx8 apic sep mtrr pge mca cmov pat pse36 clflush dts acpi mmx fxsr sse sse2 ss ht tm pbe syscall nx pdpe1gb rdtscp lm constant_tsc arch_perfmon pebs bts rep_good nopl xtopology nonstop_tsc aperfmperf eagerfpu pni pclmulqdq dtes64 monitor ds_cpl vmx smx est tm2 ssse3 sdbg fma cx16 xtpr pdcm pcid dca sse4_1 sse4_2 x2apic movbe popcnt tsc_deadline_timer aes xsave avx f16c rdrand lahf_lm abm epb intel_ppin ssbd ibrs ibpb stibp tpr_shadow vnmi flexpriority ept vpid fsgsbase tsc_adjust bmi1 avx2 smep bmi2 erms invpcid cqm xsaveopt cqm_llc cqm_occup_llc dtherm ida arat pln pts md_clear spec_ctrl intel_stibp flush_l1d
bogomips	: 4793.83
clflush size	: 64
cache_alignment	: 64
address sizes	: 46 bits physical, 48 bits virtual
power management:

processor	: 15
vendor_id	: GenuineIntel
cpu family	: 6
model		: 63
model name	: Intel(R) Xeon(R) CPU E5-2630 v3 @ 2.40GHz
stepping	: 2
microcode	: 0x43
cpu MHz		: 1200.000
cache size	: 20480 KB
physical id	: 1
siblings	: 16
core id		: 7
cpu cores	: 8
apicid		: 30
initial apicid	: 30
fpu		: yes
fpu_exception	: yes
cpuid level	: 15
wp		: yes
flags		: fpu vme de pse tsc msr pae mce cx8 apic sep mtrr pge mca cmov pat pse36 clflush dts acpi mmx fxsr sse sse2 ss ht tm pbe syscall nx pdpe1gb rdtscp lm constant_tsc arch_perfmon pebs bts rep_good nopl xtopology nonstop_tsc aperfmperf eagerfpu pni pclmulqdq dtes64 monitor ds_cpl vmx smx est tm2 ssse3 sdbg fma cx16 xtpr pdcm pcid dca sse4_1 sse4_2 x2apic movbe popcnt tsc_deadline_timer aes xsave avx f16c rdrand lahf_lm abm epb intel_ppin ssbd ibrs ibpb stibp tpr_shadow vnmi flexpriority ept vpid fsgsbase tsc_adjust bmi1 avx2 smep bmi2 erms invpcid cqm xsaveopt cqm_llc cqm_occup_llc dtherm ida arat pln pts md_clear spec_ctrl intel_stibp flush_l1d
bogomips	: 4793.83
clflush size	: 64
cache_alignment	: 64
address sizes	: 46 bits physical, 48 bits virtual
power management:

processor	: 16
vendor_id	: GenuineIntel
cpu family	: 6
model		: 63
model name	: Intel(R) Xeon(R) CPU E5-2630 v3 @ 2.40GHz
stepping	: 2
microcode	: 0x43
cpu MHz		: 1336.230
cache size	: 20480 KB
physical id	: 0
siblings	: 16
core id		: 0
cpu cores	: 8
apicid		: 1
initial apicid	: 1
fpu		: yes
fpu_exception	: yes
cpuid level	: 15
wp		: yes
flags		: fpu vme de pse tsc msr pae mce cx8 apic sep mtrr pge mca cmov pat pse36 clflush dts acpi mmx fxsr sse sse2 ss ht tm pbe syscall nx pdpe1gb rdtscp lm constant_tsc arch_perfmon pebs bts rep_good nopl xtopology nonstop_tsc aperfmperf eagerfpu pni pclmulqdq dtes64 monitor ds_cpl vmx smx est tm2 ssse3 sdbg fma cx16 xtpr pdcm pcid dca sse4_1 sse4_2 x2apic movbe popcnt tsc_deadline_timer aes xsave avx f16c rdrand lahf_lm abm epb intel_ppin ssbd ibrs ibpb stibp tpr_shadow vnmi flexpriority ept vpid fsgsbase tsc_adjust bmi1 avx2 smep bmi2 erms invpcid cqm xsaveopt cqm_llc cqm_occup_llc dtherm ida arat pln pts md_clear spec_ctrl intel_stibp flush_l1d
bogomips	: 4788.37
clflush size	: 64
cache_alignment	: 64
address sizes	: 46 bits physical, 48 bits virtual
power management:

processor	: 17
vendor_id	: GenuineIntel
cpu family	: 6
model		: 63
model name	: Intel(R) Xeon(R) CPU E5-2630 v3 @ 2.40GHz
stepping	: 2
microcode	: 0x43
cpu MHz		: 1333.593
cache size	: 20480 KB
physical id	: 0
siblings	: 16
core id		: 1
cpu cores	: 8
apicid		: 3
initial apicid	: 3
fpu		: yes
fpu_exception	: yes
cpuid level	: 15
wp		: yes
flags		: fpu vme de pse tsc msr pae mce cx8 apic sep mtrr pge mca cmov pat pse36 clflush dts acpi mmx fxsr sse sse2 ss ht tm pbe syscall nx pdpe1gb rdtscp lm constant_tsc arch_perfmon pebs bts rep_good nopl xtopology nonstop_tsc aperfmperf eagerfpu pni pclmulqdq dtes64 monitor ds_cpl vmx smx est tm2 ssse3 sdbg fma cx16 xtpr pdcm pcid dca sse4_1 sse4_2 x2apic movbe popcnt tsc_deadline_timer aes xsave avx f16c rdrand lahf_lm abm epb intel_ppin ssbd ibrs ibpb stibp tpr_shadow vnmi flexpriority ept vpid fsgsbase tsc_adjust bmi1 avx2 smep bmi2 erms invpcid cqm xsaveopt cqm_llc cqm_occup_llc dtherm ida arat pln pts md_clear spec_ctrl intel_stibp flush_l1d
bogomips	: 4788.37
clflush size	: 64
cache_alignment	: 64
address sizes	: 46 bits physical, 48 bits virtual
power management:

processor	: 18
vendor_id	: GenuineIntel
cpu family	: 6
model		: 63
model name	: Intel(R) Xeon(R) CPU E5-2630 v3 @ 2.40GHz
stepping	: 2
microcode	: 0x43
cpu MHz		: 1572.363
cache size	: 20480 KB
physical id	: 0
siblings	: 16
core id		: 2
cpu cores	: 8
apicid		: 5
initial apicid	: 5
fpu		: yes
fpu_exception	: yes
cpuid level	: 15
wp		: yes
flags		: fpu vme de pse tsc msr pae mce cx8 apic sep mtrr pge mca cmov pat pse36 clflush dts acpi mmx fxsr sse sse2 ss ht tm pbe syscall nx pdpe1gb rdtscp lm constant_tsc arch_perfmon pebs bts rep_good nopl xtopology nonstop_tsc aperfmperf eagerfpu pni pclmulqdq dtes64 monitor ds_cpl vmx smx est tm2 ssse3 sdbg fma cx16 xtpr pdcm pcid dca sse4_1 sse4_2 x2apic movbe popcnt tsc_deadline_timer aes xsave avx f16c rdrand lahf_lm abm epb intel_ppin ssbd ibrs ibpb stibp tpr_shadow vnmi flexpriority ept vpid fsgsbase tsc_adjust bmi1 avx2 smep bmi2 erms invpcid cqm xsaveopt cqm_llc cqm_occup_llc dtherm ida arat pln pts md_clear spec_ctrl intel_stibp flush_l1d
bogomips	: 4788.37
clflush size	: 64
cache_alignment	: 64
address sizes	: 46 bits physical, 48 bits virtual
power management:

processor	: 19
vendor_id	: GenuineIntel
cpu family	: 6
model		: 63
model name	: Intel(R) Xeon(R) CPU E5-2630 v3 @ 2.40GHz
stepping	: 2
microcode	: 0x43
cpu MHz		: 1382.519
cache size	: 20480 KB
physical id	: 0
siblings	: 16
core id		: 3
cpu cores	: 8
apicid		: 7
initial apicid	: 7
fpu		: yes
fpu_exception	: yes
cpuid level	: 15
wp		: yes
flags		: fpu vme de pse tsc msr pae mce cx8 apic sep mtrr pge mca cmov pat pse36 clflush dts acpi mmx fxsr sse sse2 ss ht tm pbe syscall nx pdpe1gb rdtscp lm constant_tsc arch_perfmon pebs bts rep_good nopl xtopology nonstop_tsc aperfmperf eagerfpu pni pclmulqdq dtes64 monitor ds_cpl vmx smx est tm2 ssse3 sdbg fma cx16 xtpr pdcm pcid dca sse4_1 sse4_2 x2apic movbe popcnt tsc_deadline_timer aes xsave avx f16c rdrand lahf_lm abm epb intel_ppin ssbd ibrs ibpb stibp tpr_shadow vnmi flexpriority ept vpid fsgsbase tsc_adjust bmi1 avx2 smep bmi2 erms invpcid cqm xsaveopt cqm_llc cqm_occup_llc dtherm ida arat pln pts md_clear spec_ctrl intel_stibp flush_l1d
bogomips	: 4788.37
clflush size	: 64
cache_alignment	: 64
address sizes	: 46 bits physical, 48 bits virtual
power management:

processor	: 20
vendor_id	: GenuineIntel
cpu family	: 6
model		: 63
model name	: Intel(R) Xeon(R) CPU E5-2630 v3 @ 2.40GHz
stepping	: 2
microcode	: 0x43
cpu MHz		: 1317.919
cache size	: 20480 KB
physical id	: 0
siblings	: 16
core id		: 4
cpu cores	: 8
apicid		: 9
initial apicid	: 9
fpu		: yes
fpu_exception	: yes
cpuid level	: 15
wp		: yes
flags		: fpu vme de pse tsc msr pae mce cx8 apic sep mtrr pge mca cmov pat pse36 clflush dts acpi mmx fxsr sse sse2 ss ht tm pbe syscall nx pdpe1gb rdtscp lm constant_tsc arch_perfmon pebs bts rep_good nopl xtopology nonstop_tsc aperfmperf eagerfpu pni pclmulqdq dtes64 monitor ds_cpl vmx smx est tm2 ssse3 sdbg fma cx16 xtpr pdcm pcid dca sse4_1 sse4_2 x2apic movbe popcnt tsc_deadline_timer aes xsave avx f16c rdrand lahf_lm abm epb intel_ppin ssbd ibrs ibpb stibp tpr_shadow vnmi flexpriority ept vpid fsgsbase tsc_adjust bmi1 avx2 smep bmi2 erms invpcid cqm xsaveopt cqm_llc cqm_occup_llc dtherm ida arat pln pts md_clear spec_ctrl intel_stibp flush_l1d
bogomips	: 4788.37
clflush size	: 64
cache_alignment	: 64
address sizes	: 46 bits physical, 48 bits virtual
power management:

processor	: 21
vendor_id	: GenuineIntel
cpu family	: 6
model		: 63
model name	: Intel(R) Xeon(R) CPU E5-2630 v3 @ 2.40GHz
stepping	: 2
microcode	: 0x43
cpu MHz		: 1275.732
cache size	: 20480 KB
physical id	: 0
siblings	: 16
core id		: 5
cpu cores	: 8
apicid		: 11
initial apicid	: 11
fpu		: yes
fpu_exception	: yes
cpuid level	: 15
wp		: yes
flags		: fpu vme de pse tsc msr pae mce cx8 apic sep mtrr pge mca cmov pat pse36 clflush dts acpi mmx fxsr sse sse2 ss ht tm pbe syscall nx pdpe1gb rdtscp lm constant_tsc arch_perfmon pebs bts rep_good nopl xtopology nonstop_tsc aperfmperf eagerfpu pni pclmulqdq dtes64 monitor ds_cpl vmx smx est tm2 ssse3 sdbg fma cx16 xtpr pdcm pcid dca sse4_1 sse4_2 x2apic movbe popcnt tsc_deadline_timer aes xsave avx f16c rdrand lahf_lm abm epb intel_ppin ssbd ibrs ibpb stibp tpr_shadow vnmi flexpriority ept vpid fsgsbase tsc_adjust bmi1 avx2 smep bmi2 erms invpcid cqm xsaveopt cqm_llc cqm_occup_llc dtherm ida arat pln pts md_clear spec_ctrl intel_stibp flush_l1d
bogomips	: 4788.37
clflush size	: 64
cache_alignment	: 64
address sizes	: 46 bits physical, 48 bits virtual
power management:

processor	: 22
vendor_id	: GenuineIntel
cpu family	: 6
model		: 63
model name	: Intel(R) Xeon(R) CPU E5-2630 v3 @ 2.40GHz
stepping	: 2
microcode	: 0x43
cpu MHz		: 1516.406
cache size	: 20480 KB
physical id	: 0
siblings	: 16
core id		: 6
cpu cores	: 8
apicid		: 13
initial apicid	: 13
fpu		: yes
fpu_exception	: yes
cpuid level	: 15
wp		: yes
flags		: fpu vme de pse tsc msr pae mce cx8 apic sep mtrr pge mca cmov pat pse36 clflush dts acpi mmx fxsr sse sse2 ss ht tm pbe syscall nx pdpe1gb rdtscp lm constant_tsc arch_perfmon pebs bts rep_good nopl xtopology nonstop_tsc aperfmperf eagerfpu pni pclmulqdq dtes64 monitor ds_cpl vmx smx est tm2 ssse3 sdbg fma cx16 xtpr pdcm pcid dca sse4_1 sse4_2 x2apic movbe popcnt tsc_deadline_timer aes xsave avx f16c rdrand lahf_lm abm epb intel_ppin ssbd ibrs ibpb stibp tpr_shadow vnmi flexpriority ept vpid fsgsbase tsc_adjust bmi1 avx2 smep bmi2 erms invpcid cqm xsaveopt cqm_llc cqm_occup_llc dtherm ida arat pln pts md_clear spec_ctrl intel_stibp flush_l1d
bogomips	: 4788.37
clflush size	: 64
cache_alignment	: 64
address sizes	: 46 bits physical, 48 bits virtual
power management:

processor	: 23
vendor_id	: GenuineIntel
cpu family	: 6
model		: 63
model name	: Intel(R) Xeon(R) CPU E5-2630 v3 @ 2.40GHz
stepping	: 2
microcode	: 0x43
cpu MHz		: 1285.839
cache size	: 20480 KB
physical id	: 0
siblings	: 16
core id		: 7
cpu cores	: 8
apicid		: 15
initial apicid	: 15
fpu		: yes
fpu_exception	: yes
cpuid level	: 15
wp		: yes
flags		: fpu vme de pse tsc msr pae mce cx8 apic sep mtrr pge mca cmov pat pse36 clflush dts acpi mmx fxsr sse sse2 ss ht tm pbe syscall nx pdpe1gb rdtscp lm constant_tsc arch_perfmon pebs bts rep_good nopl xtopology nonstop_tsc aperfmperf eagerfpu pni pclmulqdq dtes64 monitor ds_cpl vmx smx est tm2 ssse3 sdbg fma cx16 xtpr pdcm pcid dca sse4_1 sse4_2 x2apic movbe popcnt tsc_deadline_timer aes xsave avx f16c rdrand lahf_lm abm epb intel_ppin ssbd ibrs ibpb stibp tpr_shadow vnmi flexpriority ept vpid fsgsbase tsc_adjust bmi1 avx2 smep bmi2 erms invpcid cqm xsaveopt cqm_llc cqm_occup_llc dtherm ida arat pln pts md_clear spec_ctrl intel_stibp flush_l1d
bogomips	: 4788.37
clflush size	: 64
cache_alignment	: 64
address sizes	: 46 bits physical, 48 bits virtual
power management:

processor	: 24
vendor_id	: GenuineIntel
cpu family	: 6
model		: 63
model name	: Intel(R) Xeon(R) CPU E5-2630 v3 @ 2.40GHz
stepping	: 2
microcode	: 0x43
cpu MHz		: 1204.541
cache size	: 20480 KB
physical id	: 1
siblings	: 16
core id		: 0
cpu cores	: 8
apicid		: 17
initial apicid	: 17
fpu		: yes
fpu_exception	: yes
cpuid level	: 15
wp		: yes
flags		: fpu vme de pse tsc msr pae mce cx8 apic sep mtrr pge mca cmov pat pse36 clflush dts acpi mmx fxsr sse sse2 ss ht tm pbe syscall nx pdpe1gb rdtscp lm constant_tsc arch_perfmon pebs bts rep_good nopl xtopology nonstop_tsc aperfmperf eagerfpu pni pclmulqdq dtes64 monitor ds_cpl vmx smx est tm2 ssse3 sdbg fma cx16 xtpr pdcm pcid dca sse4_1 sse4_2 x2apic movbe popcnt tsc_deadline_timer aes xsave avx f16c rdrand lahf_lm abm epb intel_ppin ssbd ibrs ibpb stibp tpr_shadow vnmi flexpriority ept vpid fsgsbase tsc_adjust bmi1 avx2 smep bmi2 erms invpcid cqm xsaveopt cqm_llc cqm_occup_llc dtherm ida arat pln pts md_clear spec_ctrl intel_stibp flush_l1d
bogomips	: 4793.83
clflush size	: 64
cache_alignment	: 64
address sizes	: 46 bits physical, 48 bits virtual
power management:

processor	: 25
vendor_id	: GenuineIntel
cpu family	: 6
model		: 63
model name	: Intel(R) Xeon(R) CPU E5-2630 v3 @ 2.40GHz
stepping	: 2
microcode	: 0x43
cpu MHz		: 1299.169
cache size	: 20480 KB
physical id	: 1
siblings	: 16
core id		: 1
cpu cores	: 8
apicid		: 19
initial apicid	: 19
fpu		: yes
fpu_exception	: yes
cpuid level	: 15
wp		: yes
flags		: fpu vme de pse tsc msr pae mce cx8 apic sep mtrr pge mca cmov pat pse36 clflush dts acpi mmx fxsr sse sse2 ss ht tm pbe syscall nx pdpe1gb rdtscp lm constant_tsc arch_perfmon pebs bts rep_good nopl xtopology nonstop_tsc aperfmperf eagerfpu pni pclmulqdq dtes64 monitor ds_cpl vmx smx est tm2 ssse3 sdbg fma cx16 xtpr pdcm pcid dca sse4_1 sse4_2 x2apic movbe popcnt tsc_deadline_timer aes xsave avx f16c rdrand lahf_lm abm epb intel_ppin ssbd ibrs ibpb stibp tpr_shadow vnmi flexpriority ept vpid fsgsbase tsc_adjust bmi1 avx2 smep bmi2 erms invpcid cqm xsaveopt cqm_llc cqm_occup_llc dtherm ida arat pln pts md_clear spec_ctrl intel_stibp flush_l1d
bogomips	: 4793.83
clflush size	: 64
cache_alignment	: 64
address sizes	: 46 bits physical, 48 bits virtual
power management:

processor	: 26
vendor_id	: GenuineIntel
cpu family	: 6
model		: 63
model name	: Intel(R) Xeon(R) CPU E5-2630 v3 @ 2.40GHz
stepping	: 2
microcode	: 0x43
cpu MHz		: 1200.292
cache size	: 20480 KB
physical id	: 1
siblings	: 16
core id		: 2
cpu cores	: 8
apicid		: 21
initial apicid	: 21
fpu		: yes
fpu_exception	: yes
cpuid level	: 15
wp		: yes
flags		: fpu vme de pse tsc msr pae mce cx8 apic sep mtrr pge mca cmov pat pse36 clflush dts acpi mmx fxsr sse sse2 ss ht tm pbe syscall nx pdpe1gb rdtscp lm constant_tsc arch_perfmon pebs bts rep_good nopl xtopology nonstop_tsc aperfmperf eagerfpu pni pclmulqdq dtes64 monitor ds_cpl vmx smx est tm2 ssse3 sdbg fma cx16 xtpr pdcm pcid dca sse4_1 sse4_2 x2apic movbe popcnt tsc_deadline_timer aes xsave avx f16c rdrand lahf_lm abm epb intel_ppin ssbd ibrs ibpb stibp tpr_shadow vnmi flexpriority ept vpid fsgsbase tsc_adjust bmi1 avx2 smep bmi2 erms invpcid cqm xsaveopt cqm_llc cqm_occup_llc dtherm ida arat pln pts md_clear spec_ctrl intel_stibp flush_l1d
bogomips	: 4793.83
clflush size	: 64
cache_alignment	: 64
address sizes	: 46 bits physical, 48 bits virtual
power management:

processor	: 27
vendor_id	: GenuineIntel
cpu family	: 6
model		: 63
model name	: Intel(R) Xeon(R) CPU E5-2630 v3 @ 2.40GHz
stepping	: 2
microcode	: 0x43
cpu MHz		: 1396.875
cache size	: 20480 KB
physical id	: 1
siblings	: 16
core id		: 3
cpu cores	: 8
apicid		: 23
initial apicid	: 23
fpu		: yes
fpu_exception	: yes
cpuid level	: 15
wp		: yes
flags		: fpu vme de pse tsc msr pae mce cx8 apic sep mtrr pge mca cmov pat pse36 clflush dts acpi mmx fxsr sse sse2 ss ht tm pbe syscall nx pdpe1gb rdtscp lm constant_tsc arch_perfmon pebs bts rep_good nopl xtopology nonstop_tsc aperfmperf eagerfpu pni pclmulqdq dtes64 monitor ds_cpl vmx smx est tm2 ssse3 sdbg fma cx16 xtpr pdcm pcid dca sse4_1 sse4_2 x2apic movbe popcnt tsc_deadline_timer aes xsave avx f16c rdrand lahf_lm abm epb intel_ppin ssbd ibrs ibpb stibp tpr_shadow vnmi flexpriority ept vpid fsgsbase tsc_adjust bmi1 avx2 smep bmi2 erms invpcid cqm xsaveopt cqm_llc cqm_occup_llc dtherm ida arat pln pts md_clear spec_ctrl intel_stibp flush_l1d
bogomips	: 4793.83
clflush size	: 64
cache_alignment	: 64
address sizes	: 46 bits physical, 48 bits virtual
power management:

processor	: 28
vendor_id	: GenuineIntel
cpu family	: 6
model		: 63
model name	: Intel(R) Xeon(R) CPU E5-2630 v3 @ 2.40GHz
stepping	: 2
microcode	: 0x43
cpu MHz		: 1206.152
cache size	: 20480 KB
physical id	: 1
siblings	: 16
core id		: 4
cpu cores	: 8
apicid		: 25
initial apicid	: 25
fpu		: yes
fpu_exception	: yes
cpuid level	: 15
wp		: yes
flags		: fpu vme de pse tsc msr pae mce cx8 apic sep mtrr pge mca cmov pat pse36 clflush dts acpi mmx fxsr sse sse2 ss ht tm pbe syscall nx pdpe1gb rdtscp lm constant_tsc arch_perfmon pebs bts rep_good nopl xtopology nonstop_tsc aperfmperf eagerfpu pni pclmulqdq dtes64 monitor ds_cpl vmx smx est tm2 ssse3 sdbg fma cx16 xtpr pdcm pcid dca sse4_1 sse4_2 x2apic movbe popcnt tsc_deadline_timer aes xsave avx f16c rdrand lahf_lm abm epb intel_ppin ssbd ibrs ibpb stibp tpr_shadow vnmi flexpriority ept vpid fsgsbase tsc_adjust bmi1 avx2 smep bmi2 erms invpcid cqm xsaveopt cqm_llc cqm_occup_llc dtherm ida arat pln pts md_clear spec_ctrl intel_stibp flush_l1d
bogomips	: 4793.83
clflush size	: 64
cache_alignment	: 64
address sizes	: 46 bits physical, 48 bits virtual
power management:

processor	: 29
vendor_id	: GenuineIntel
cpu family	: 6
model		: 63
model name	: Intel(R) Xeon(R) CPU E5-2630 v3 @ 2.40GHz
stepping	: 2
microcode	: 0x43
cpu MHz		: 1215.527
cache size	: 20480 KB
physical id	: 1
siblings	: 16
core id		: 5
cpu cores	: 8
apicid		: 27
initial apicid	: 27
fpu		: yes
fpu_exception	: yes
cpuid level	: 15
wp		: yes
flags		: fpu vme de pse tsc msr pae mce cx8 apic sep mtrr pge mca cmov pat pse36 clflush dts acpi mmx fxsr sse sse2 ss ht tm pbe syscall nx pdpe1gb rdtscp lm constant_tsc arch_perfmon pebs bts rep_good nopl xtopology nonstop_tsc aperfmperf eagerfpu pni pclmulqdq dtes64 monitor ds_cpl vmx smx est tm2 ssse3 sdbg fma cx16 xtpr pdcm pcid dca sse4_1 sse4_2 x2apic movbe popcnt tsc_deadline_timer aes xsave avx f16c rdrand lahf_lm abm epb intel_ppin ssbd ibrs ibpb stibp tpr_shadow vnmi flexpriority ept vpid fsgsbase tsc_adjust bmi1 avx2 smep bmi2 erms invpcid cqm xsaveopt cqm_llc cqm_occup_llc dtherm ida arat pln pts md_clear spec_ctrl intel_stibp flush_l1d
bogomips	: 4793.83
clflush size	: 64
cache_alignment	: 64
address sizes	: 46 bits physical, 48 bits virtual
power management:

processor	: 30
vendor_id	: GenuineIntel
cpu family	: 6
model		: 63
model name	: Intel(R) Xeon(R) CPU E5-2630 v3 @ 2.40GHz
stepping	: 2
microcode	: 0x43
cpu MHz		: 1200.585
cache size	: 20480 KB
physical id	: 1
siblings	: 16
core id		: 6
cpu cores	: 8
apicid		: 29
initial apicid	: 29
fpu		: yes
fpu_exception	: yes
cpuid level	: 15
wp		: yes
flags		: fpu vme de pse tsc msr pae mce cx8 apic sep mtrr pge mca cmov pat pse36 clflush dts acpi mmx fxsr sse sse2 ss ht tm pbe syscall nx pdpe1gb rdtscp lm constant_tsc arch_perfmon pebs bts rep_good nopl xtopology nonstop_tsc aperfmperf eagerfpu pni pclmulqdq dtes64 monitor ds_cpl vmx smx est tm2 ssse3 sdbg fma cx16 xtpr pdcm pcid dca sse4_1 sse4_2 x2apic movbe popcnt tsc_deadline_timer aes xsave avx f16c rdrand lahf_lm abm epb intel_ppin ssbd ibrs ibpb stibp tpr_shadow vnmi flexpriority ept vpid fsgsbase tsc_adjust bmi1 avx2 smep bmi2 erms invpcid cqm xsaveopt cqm_llc cqm_occup_llc dtherm ida arat pln pts md_clear spec_ctrl intel_stibp flush_l1d
bogomips	: 4793.83
clflush size	: 64
cache_alignment	: 64
address sizes	: 46 bits physical, 48 bits virtual
power management:

processor	: 31
vendor_id	: GenuineIntel
cpu family	: 6
model		: 63
model name	: Intel(R) Xeon(R) CPU E5-2630 v3 @ 2.40GHz
stepping	: 2
microcode	: 0x43
cpu MHz		: 1200.878
cache size	: 20480 KB
physical id	: 1
siblings	: 16
core id		: 7
cpu cores	: 8
apicid		: 31
initial apicid	: 31
fpu		: yes
fpu_exception	: yes
cpuid level	: 15
wp		: yes
flags		: fpu vme de pse tsc msr pae mce cx8 apic sep mtrr pge mca cmov pat pse36 clflush dts acpi mmx fxsr sse sse2 ss ht tm pbe syscall nx pdpe1gb rdtscp lm constant_tsc arch_perfmon pebs bts rep_good nopl xtopology nonstop_tsc aperfmperf eagerfpu pni pclmulqdq dtes64 monitor ds_cpl vmx smx est tm2 ssse3 sdbg fma cx16 xtpr pdcm pcid dca sse4_1 sse4_2 x2apic movbe popcnt tsc_deadline_timer aes xsave avx f16c rdrand lahf_lm abm epb intel_ppin ssbd ibrs ibpb stibp tpr_shadow vnmi flexpriority ept vpid fsgsbase tsc_adjust bmi1 avx2 smep bmi2 erms invpcid cqm xsaveopt cqm_llc cqm_occup_llc dtherm ida arat pln pts md_clear spec_ctrl intel_stibp flush_l1d
bogomips	: 4793.83
clflush size	: 64
cache_alignment	: 64
address sizes	: 46 bits physical, 48 bits virtual
power management:



Memory: 4k page, physical 263864176k(13654196k free), swap 0k(0k free)

vm_info: OpenJDK 64-Bit Server VM (25.212-b04) for linux-amd64 JRE (1.8.0_212-b04), built on Aug 12 2019 13:15:31 by "buildozer" with gcc 6.4.0

time: Wed Sep 25 04:38:24 2019
timezone: UTC
elapsed time: 6 seconds (0d 0h 0m 6s)

