[INFO] Scanning for projects...
[INFO] ------------------------------------------------------------------------
[INFO] Detecting the operating system and CPU architecture
[INFO] ------------------------------------------------------------------------
[INFO] os.detected.name: linux
[INFO] os.detected.arch: x86_64
[INFO] os.detected.version: 3.10
[INFO] os.detected.version.major: 3
[INFO] os.detected.version.minor: 10
[INFO] os.detected.release: alpine
[INFO] os.detected.release.version: 3.8.2
[INFO] os.detected.release.like.alpine: true
[INFO] os.detected.classifier: linux-x86_64
[INFO] ------------------------------------------------------------------------
[INFO] Reactor Build Order:
[INFO] 
[INFO] Apache Hadoop HDDS                                                 [pom]
[INFO] Apache Hadoop HDDS Config                                          [jar]
[INFO] Apache Hadoop HDDS Common                                          [jar]
[INFO] Apache Hadoop HDDS Client                                          [jar]
[INFO] Apache Hadoop HDDS Server Framework                                [jar]
[INFO] Apache Hadoop HDDS Container Service                               [jar]
[INFO] Apache Hadoop HDDS/Ozone Documentation                             [jar]
[INFO] Apache Hadoop HDDS SCM Server                                      [jar]
[INFO] Apache Hadoop HDDS Tools                                           [jar]
[INFO] Downloading from apache.snapshots.https: https://repository.apache.org/content/repositories/snapshots/org/apache/rat/apache-rat-plugin/0.13/apache-rat-plugin-0.13.pom
[INFO] Downloading from central: https://repo.maven.apache.org/maven2/org/apache/rat/apache-rat-plugin/0.13/apache-rat-plugin-0.13.pom
[INFO] Downloaded from central: https://repo.maven.apache.org/maven2/org/apache/rat/apache-rat-plugin/0.13/apache-rat-plugin-0.13.pom (10 kB at 87 kB/s)
[INFO] Downloading from apache.snapshots.https: https://repository.apache.org/content/repositories/snapshots/org/apache/rat/apache-rat-project/0.13/apache-rat-project-0.13.pom
[INFO] Downloading from central: https://repo.maven.apache.org/maven2/org/apache/rat/apache-rat-project/0.13/apache-rat-project-0.13.pom
[INFO] Downloaded from central: https://repo.maven.apache.org/maven2/org/apache/rat/apache-rat-project/0.13/apache-rat-project-0.13.pom (26 kB at 639 kB/s)
[INFO] Downloading from apache.snapshots.https: https://repository.apache.org/content/repositories/snapshots/org/apache/rat/apache-rat-plugin/0.13/apache-rat-plugin-0.13.jar
[INFO] Downloading from central: https://repo.maven.apache.org/maven2/org/apache/rat/apache-rat-plugin/0.13/apache-rat-plugin-0.13.jar
[INFO] Downloaded from central: https://repo.maven.apache.org/maven2/org/apache/rat/apache-rat-plugin/0.13/apache-rat-plugin-0.13.jar (53 kB at 1.6 MB/s)
[INFO] 
[INFO] -------------------< org.apache.hadoop:hadoop-hdds >--------------------
[INFO] Building Apache Hadoop HDDS 0.5.0-SNAPSHOT                         [1/9]
[INFO] --------------------------------[ pom ]---------------------------------
[INFO] 
[INFO] --- apache-rat-plugin:0.13:check (default-cli) @ hadoop-hdds ---
[INFO] Downloading from apache.snapshots.https: https://repository.apache.org/content/repositories/snapshots/org/apache/rat/apache-rat-core/0.13/apache-rat-core-0.13.pom
[INFO] Downloading from central: https://repo.maven.apache.org/maven2/org/apache/rat/apache-rat-core/0.13/apache-rat-core-0.13.pom
[INFO] Downloaded from central: https://repo.maven.apache.org/maven2/org/apache/rat/apache-rat-core/0.13/apache-rat-core-0.13.pom (4.2 kB at 177 kB/s)
[INFO] Downloading from apache.snapshots.https: https://repository.apache.org/content/repositories/snapshots/org/apache/rat/apache-rat-api/0.13/apache-rat-api-0.13.pom
[INFO] Downloading from central: https://repo.maven.apache.org/maven2/org/apache/rat/apache-rat-api/0.13/apache-rat-api-0.13.pom
[INFO] Downloaded from central: https://repo.maven.apache.org/maven2/org/apache/rat/apache-rat-api/0.13/apache-rat-api-0.13.pom (1.9 kB at 94 kB/s)
[INFO] Downloading from apache.snapshots.https: https://repository.apache.org/content/repositories/snapshots/org/apache/rat/apache-rat-core/0.13/apache-rat-core-0.13.jar
[INFO] Downloading from apache.snapshots.https: https://repository.apache.org/content/repositories/snapshots/org/apache/rat/apache-rat-api/0.13/apache-rat-api-0.13.jar
[INFO] Downloading from central: https://repo.maven.apache.org/maven2/org/apache/rat/apache-rat-core/0.13/apache-rat-core-0.13.jar
[INFO] Downloading from central: https://repo.maven.apache.org/maven2/org/apache/rat/apache-rat-api/0.13/apache-rat-api-0.13.jar
[INFO] Downloaded from central: https://repo.maven.apache.org/maven2/org/apache/rat/apache-rat-api/0.13/apache-rat-api-0.13.jar (11 kB at 197 kB/s)
[INFO] Downloaded from central: https://repo.maven.apache.org/maven2/org/apache/rat/apache-rat-core/0.13/apache-rat-core-0.13.jar (128 kB at 2.0 MB/s)
[INFO] Enabled default license matchers.
[INFO] Will parse SCM ignores for exclusions...
[INFO] Finished adding exclusions from SCM ignore files.
[INFO] 70 implicit excludes (use -debug for more details).
[INFO] 18 explicit excludes (use -debug for more details).
[INFO] 1 resources included (use -debug for more details)
[INFO] Rat check: Summary over all files. Unapproved: 0, unknown: 0, generated: 0, approved: 1 licenses.
[INFO] 
[INFO] ----------------< org.apache.hadoop:hadoop-hdds-config >----------------
[INFO] Building Apache Hadoop HDDS Config 0.5.0-SNAPSHOT                  [2/9]
[INFO] --------------------------------[ jar ]---------------------------------
[INFO] 
[INFO] --- apache-rat-plugin:0.13:check (default-cli) @ hadoop-hdds-config ---
[INFO] Enabled default license matchers.
[INFO] Will parse SCM ignores for exclusions...
[INFO] Finished adding exclusions from SCM ignore files.
[INFO] 62 implicit excludes (use -debug for more details).
[INFO] 18 explicit excludes (use -debug for more details).
[INFO] 13 resources included (use -debug for more details)
[INFO] Rat check: Summary over all files. Unapproved: 0, unknown: 0, generated: 0, approved: 13 licenses.
[INFO] 
[INFO] ----------------< org.apache.hadoop:hadoop-hdds-common >----------------
[INFO] Building Apache Hadoop HDDS Common 0.5.0-SNAPSHOT                  [3/9]
[INFO] --------------------------------[ jar ]---------------------------------
[INFO] 
[INFO] --- apache-rat-plugin:0.13:check (default-cli) @ hadoop-hdds-common ---
[INFO] Enabled default license matchers.
[INFO] Will parse SCM ignores for exclusions...
[INFO] Finished adding exclusions from SCM ignore files.
[INFO] 62 implicit excludes (use -debug for more details).
[INFO] 18 explicit excludes (use -debug for more details).
[INFO] 328 resources included (use -debug for more details)
[INFO] Rat check: Summary over all files. Unapproved: 0, unknown: 0, generated: 0, approved: 328 licenses.
[INFO] 
[INFO] ----------------< org.apache.hadoop:hadoop-hdds-client >----------------
[INFO] Building Apache Hadoop HDDS Client 0.5.0-SNAPSHOT                  [4/9]
[INFO] --------------------------------[ jar ]---------------------------------
[INFO] 
[INFO] --- apache-rat-plugin:0.13:check (default-cli) @ hadoop-hdds-client ---
[INFO] Enabled default license matchers.
[INFO] Will parse SCM ignores for exclusions...
[INFO] Finished adding exclusions from SCM ignore files.
[INFO] 62 implicit excludes (use -debug for more details).
[INFO] 18 explicit excludes (use -debug for more details).
[INFO] 19 resources included (use -debug for more details)
[INFO] Rat check: Summary over all files. Unapproved: 0, unknown: 0, generated: 0, approved: 19 licenses.
[INFO] 
[INFO] -----------< org.apache.hadoop:hadoop-hdds-server-framework >-----------
[INFO] Building Apache Hadoop HDDS Server Framework 0.5.0-SNAPSHOT        [5/9]
[INFO] --------------------------------[ jar ]---------------------------------
[INFO] 
[INFO] --- apache-rat-plugin:0.13:check (default-cli) @ hadoop-hdds-server-framework ---
[INFO] Enabled default license matchers.
[INFO] Will parse SCM ignores for exclusions...
[INFO] Finished adding exclusions from SCM ignore files.
[INFO] 62 implicit excludes (use -debug for more details).
[INFO] 18 explicit excludes (use -debug for more details).
[INFO] 40 resources included (use -debug for more details)
[INFO] Rat check: Summary over all files. Unapproved: 0, unknown: 0, generated: 0, approved: 40 licenses.
[INFO] 
[INFO] ----------< org.apache.hadoop:hadoop-hdds-container-service >-----------
[INFO] Building Apache Hadoop HDDS Container Service 0.5.0-SNAPSHOT       [6/9]
[INFO] --------------------------------[ jar ]---------------------------------
[INFO] 
[INFO] --- apache-rat-plugin:0.13:check (default-cli) @ hadoop-hdds-container-service ---
[INFO] Enabled default license matchers.
[INFO] Will parse SCM ignores for exclusions...
[INFO] Finished adding exclusions from SCM ignore files.
[INFO] 62 implicit excludes (use -debug for more details).
[INFO] 18 explicit excludes (use -debug for more details).
[INFO] 212 resources included (use -debug for more details)
[INFO] Rat check: Summary over all files. Unapproved: 0, unknown: 0, generated: 0, approved: 212 licenses.
[INFO] 
[INFO] -----------------< org.apache.hadoop:hadoop-hdds-docs >-----------------
[INFO] Building Apache Hadoop HDDS/Ozone Documentation 0.5.0-SNAPSHOT     [7/9]
[INFO] --------------------------------[ jar ]---------------------------------
[INFO] 
[INFO] --- apache-rat-plugin:0.13:check (default-cli) @ hadoop-hdds-docs ---
[INFO] Enabled default license matchers.
[INFO] Will parse SCM ignores for exclusions...
[INFO] Finished adding exclusions from SCM ignore files.
[INFO] 62 implicit excludes (use -debug for more details).
[INFO] 9 explicit excludes (use -debug for more details).
[INFO] 82 resources included (use -debug for more details)
[INFO] Rat check: Summary over all files. Unapproved: 0, unknown: 0, generated: 0, approved: 64 licenses.
[INFO] 
[INFO] --------------< org.apache.hadoop:hadoop-hdds-server-scm >--------------
[INFO] Building Apache Hadoop HDDS SCM Server 0.5.0-SNAPSHOT              [8/9]
[INFO] --------------------------------[ jar ]---------------------------------
[INFO] 
[INFO] --- apache-rat-plugin:0.13:check (default-cli) @ hadoop-hdds-server-scm ---
[INFO] Enabled default license matchers.
[INFO] Will parse SCM ignores for exclusions...
[INFO] Finished adding exclusions from SCM ignore files.
[INFO] 62 implicit excludes (use -debug for more details).
[INFO] 18 explicit excludes (use -debug for more details).
[INFO] 196 resources included (use -debug for more details)
[INFO] Rat check: Summary over all files. Unapproved: 0, unknown: 0, generated: 0, approved: 196 licenses.
[INFO] 
[INFO] ----------------< org.apache.hadoop:hadoop-hdds-tools >-----------------
[INFO] Building Apache Hadoop HDDS Tools 0.5.0-SNAPSHOT                   [9/9]
[INFO] --------------------------------[ jar ]---------------------------------
[INFO] 
[INFO] --- apache-rat-plugin:0.13:check (default-cli) @ hadoop-hdds-tools ---
[INFO] Enabled default license matchers.
[INFO] Will parse SCM ignores for exclusions...
[INFO] Finished adding exclusions from SCM ignore files.
[INFO] 62 implicit excludes (use -debug for more details).
[INFO] 18 explicit excludes (use -debug for more details).
[INFO] 22 resources included (use -debug for more details)
[INFO] Rat check: Summary over all files. Unapproved: 0, unknown: 0, generated: 0, approved: 22 licenses.
[INFO] ------------------------------------------------------------------------
[INFO] Reactor Summary:
[INFO] 
[INFO] Apache Hadoop HDDS 0.5.0-SNAPSHOT .................. SUCCESS [  1.795 s]
[INFO] Apache Hadoop HDDS Config .......................... SUCCESS [  0.070 s]
[INFO] Apache Hadoop HDDS Common .......................... SUCCESS [  0.556 s]
[INFO] Apache Hadoop HDDS Client .......................... SUCCESS [  0.083 s]
[INFO] Apache Hadoop HDDS Server Framework ................ SUCCESS [  0.059 s]
[INFO] Apache Hadoop HDDS Container Service ............... SUCCESS [  0.106 s]
[INFO] Apache Hadoop HDDS/Ozone Documentation ............. SUCCESS [  0.059 s]
[INFO] Apache Hadoop HDDS SCM Server ...................... SUCCESS [  0.122 s]
[INFO] Apache Hadoop HDDS Tools 0.5.0-SNAPSHOT ............ SUCCESS [  0.078 s]
[INFO] ------------------------------------------------------------------------
[INFO] BUILD SUCCESS
[INFO] ------------------------------------------------------------------------
[INFO] Total time: 13.466 s
[INFO] Finished at: 2019-09-11T05:51:45Z
[INFO] ------------------------------------------------------------------------
[INFO] Scanning for projects...
[INFO] ------------------------------------------------------------------------
[INFO] Detecting the operating system and CPU architecture
[INFO] ------------------------------------------------------------------------
[INFO] os.detected.name: linux
[INFO] os.detected.arch: x86_64
[INFO] os.detected.version: 3.10
[INFO] os.detected.version.major: 3
[INFO] os.detected.version.minor: 10
[INFO] os.detected.release: alpine
[INFO] os.detected.release.version: 3.8.2
[INFO] os.detected.release.like.alpine: true
[INFO] os.detected.classifier: linux-x86_64
[INFO] ------------------------------------------------------------------------
[INFO] Reactor Build Order:
[INFO] 
[INFO] Apache Hadoop Ozone                                                [pom]
[INFO] Apache Hadoop Ozone Common                                         [jar]
[INFO] Apache Hadoop Ozone Client                                         [jar]
[INFO] Apache Hadoop Ozone Manager Server                                 [jar]
[INFO] Apache Hadoop Ozone S3 Gateway                                     [jar]
[INFO] Apache Hadoop Ozone CSI service                                    [jar]
[INFO] Apache Hadoop Ozone Recon CodeGen                                  [jar]
[INFO] Apache Hadoop Ozone Recon                                          [jar]
[INFO] Apache Hadoop Ozone Integration Tests                              [jar]
[INFO] Apache Hadoop Ozone FileSystem                                     [jar]
[INFO] Apache Hadoop Ozone FileSystem Single Jar Library                  [jar]
[INFO] Apache Hadoop Ozone FileSystem Legacy Jar Library                  [jar]
[INFO] Apache Hadoop Ozone Tools                                          [jar]
[INFO] Apache Hadoop Ozone Datanode                                       [jar]
[INFO] Apache Hadoop Ozone In-Place Upgrade                               [jar]
[INFO] Apache Hadoop Ozone Insight Tool                                   [jar]
[INFO] Apache Hadoop Ozone Distribution                                   [pom]
[INFO] Apache Hadoop Ozone Fault Injection Tests                          [pom]
[INFO] Apache Hadoop Ozone Network Tests                                  [jar]
[INFO] 
[INFO] -------------------< org.apache.hadoop:hadoop-ozone >-------------------
[INFO] Building Apache Hadoop Ozone 0.5.0-SNAPSHOT                       [1/19]
[INFO] --------------------------------[ pom ]---------------------------------
[INFO] 
[INFO] --- apache-rat-plugin:0.13:check (default-cli) @ hadoop-ozone ---
[INFO] Enabled default license matchers.
[INFO] Will parse SCM ignores for exclusions...
[INFO] Parsing exclusions from /workdir/hadoop-ozone/.gitignore
[INFO] Finished adding exclusions from SCM ignore files.
[INFO] 85 implicit excludes (use -debug for more details).
[INFO] 40 explicit excludes (use -debug for more details).
[INFO] 28 resources included (use -debug for more details)
[INFO] Rat check: Summary over all files. Unapproved: 0, unknown: 0, generated: 0, approved: 28 licenses.
[INFO] 
[INFO] ---------------< org.apache.hadoop:hadoop-ozone-common >----------------
[INFO] Building Apache Hadoop Ozone Common 0.5.0-SNAPSHOT                [2/19]
[INFO] --------------------------------[ jar ]---------------------------------
[INFO] 
[INFO] --- apache-rat-plugin:0.13:check (default-cli) @ hadoop-ozone-common ---
[INFO] Enabled default license matchers.
[INFO] Will parse SCM ignores for exclusions...
[INFO] Finished adding exclusions from SCM ignore files.
[INFO] 62 implicit excludes (use -debug for more details).
[INFO] 40 explicit excludes (use -debug for more details).
[INFO] 129 resources included (use -debug for more details)
[INFO] Rat check: Summary over all files. Unapproved: 0, unknown: 0, generated: 0, approved: 129 licenses.
[INFO] 
[INFO] ---------------< org.apache.hadoop:hadoop-ozone-client >----------------
[INFO] Building Apache Hadoop Ozone Client 0.5.0-SNAPSHOT                [3/19]
[INFO] --------------------------------[ jar ]---------------------------------
[INFO] 
[INFO] --- apache-rat-plugin:0.13:check (default-cli) @ hadoop-ozone-client ---
[INFO] Enabled default license matchers.
[INFO] Will parse SCM ignores for exclusions...
[INFO] Finished adding exclusions from SCM ignore files.
[INFO] 62 implicit excludes (use -debug for more details).
[INFO] 40 explicit excludes (use -debug for more details).
[INFO] 31 resources included (use -debug for more details)
[INFO] Rat check: Summary over all files. Unapproved: 0, unknown: 0, generated: 0, approved: 31 licenses.
[INFO] 
[INFO] ------------< org.apache.hadoop:hadoop-ozone-ozone-manager >------------
[INFO] Building Apache Hadoop Ozone Manager Server 0.5.0-SNAPSHOT        [4/19]
[INFO] --------------------------------[ jar ]---------------------------------
[INFO] 
[INFO] --- apache-rat-plugin:0.13:check (default-cli) @ hadoop-ozone-ozone-manager ---
[INFO] Enabled default license matchers.
[INFO] Will parse SCM ignores for exclusions...
[INFO] Finished adding exclusions from SCM ignore files.
[INFO] 62 implicit excludes (use -debug for more details).
[INFO] 40 explicit excludes (use -debug for more details).
[INFO] 297 resources included (use -debug for more details)
[INFO] Rat check: Summary over all files. Unapproved: 0, unknown: 0, generated: 0, approved: 297 licenses.
[INFO] 
[INFO] --------------< org.apache.hadoop:hadoop-ozone-s3gateway >--------------
[INFO] Building Apache Hadoop Ozone S3 Gateway 0.5.0-SNAPSHOT            [5/19]
[INFO] --------------------------------[ jar ]---------------------------------
[INFO] 
[INFO] --- apache-rat-plugin:0.13:check (default-cli) @ hadoop-ozone-s3gateway ---
[INFO] Enabled default license matchers.
[INFO] Will parse SCM ignores for exclusions...
[INFO] Finished adding exclusions from SCM ignore files.
[INFO] 62 implicit excludes (use -debug for more details).
[INFO] 40 explicit excludes (use -debug for more details).
[INFO] 101 resources included (use -debug for more details)
[INFO] Rat check: Summary over all files. Unapproved: 0, unknown: 0, generated: 0, approved: 100 licenses.
[INFO] 
[INFO] -----------------< org.apache.hadoop:hadoop-ozone-csi >-----------------
[INFO] Building Apache Hadoop Ozone CSI service 0.5.0-SNAPSHOT           [6/19]
[INFO] --------------------------------[ jar ]---------------------------------
[INFO] 
[INFO] --- apache-rat-plugin:0.13:check (default-cli) @ hadoop-ozone-csi ---
[INFO] Enabled default license matchers.
[INFO] Will parse SCM ignores for exclusions...
[INFO] Finished adding exclusions from SCM ignore files.
[INFO] 62 implicit excludes (use -debug for more details).
[INFO] 40 explicit excludes (use -debug for more details).
[INFO] 8 resources included (use -debug for more details)
[INFO] Rat check: Summary over all files. Unapproved: 0, unknown: 0, generated: 0, approved: 8 licenses.
[INFO] 
[INFO] ------------< org.apache.hadoop:hadoop-ozone-reconcodegen >-------------
[INFO] Building Apache Hadoop Ozone Recon CodeGen 0.5.0-SNAPSHOT         [7/19]
[INFO] --------------------------------[ jar ]---------------------------------
[INFO] 
[INFO] --- apache-rat-plugin:0.13:check (default-cli) @ hadoop-ozone-reconcodegen ---
[INFO] Enabled default license matchers.
[INFO] Will parse SCM ignores for exclusions...
[INFO] Finished adding exclusions from SCM ignore files.
[INFO] 62 implicit excludes (use -debug for more details).
[INFO] 40 explicit excludes (use -debug for more details).
[INFO] 10 resources included (use -debug for more details)
[INFO] Rat check: Summary over all files. Unapproved: 0, unknown: 0, generated: 0, approved: 10 licenses.
[INFO] 
[INFO] ----------------< org.apache.hadoop:hadoop-ozone-recon >----------------
[INFO] Building Apache Hadoop Ozone Recon 0.5.0-SNAPSHOT                 [8/19]
[INFO] --------------------------------[ jar ]---------------------------------
[INFO] 
[INFO] --- apache-rat-plugin:0.13:check (default-cli) @ hadoop-ozone-recon ---
[INFO] Enabled default license matchers.
[INFO] Will parse SCM ignores for exclusions...
[INFO] Finished adding exclusions from SCM ignore files.
[INFO] 62 implicit excludes (use -debug for more details).
[INFO] 40 explicit excludes (use -debug for more details).
[INFO] 102 resources included (use -debug for more details)
[INFO] Rat check: Summary over all files. Unapproved: 0, unknown: 0, generated: 0, approved: 98 licenses.
[INFO] 
[INFO] ----------< org.apache.hadoop:hadoop-ozone-integration-test >-----------
[INFO] Building Apache Hadoop Ozone Integration Tests 0.5.0-SNAPSHOT     [9/19]
[INFO] --------------------------------[ jar ]---------------------------------
[INFO] 
[INFO] --- apache-rat-plugin:0.13:check (default-cli) @ hadoop-ozone-integration-test ---
[INFO] Enabled default license matchers.
[INFO] Will parse SCM ignores for exclusions...
[INFO] Finished adding exclusions from SCM ignore files.
[INFO] 62 implicit excludes (use -debug for more details).
[INFO] 40 explicit excludes (use -debug for more details).
[INFO] 120 resources included (use -debug for more details)
[INFO] Rat check: Summary over all files. Unapproved: 0, unknown: 0, generated: 0, approved: 120 licenses.
[INFO] 
[INFO] -------------< org.apache.hadoop:hadoop-ozone-filesystem >--------------
[INFO] Building Apache Hadoop Ozone FileSystem 0.5.0-SNAPSHOT           [10/19]
[INFO] --------------------------------[ jar ]---------------------------------
[INFO] 
[INFO] --- apache-rat-plugin:0.13:check (default-cli) @ hadoop-ozone-filesystem ---
[INFO] Enabled default license matchers.
[INFO] Will parse SCM ignores for exclusions...
[INFO] Finished adding exclusions from SCM ignore files.
[INFO] 62 implicit excludes (use -debug for more details).
[INFO] 40 explicit excludes (use -debug for more details).
[INFO] 42 resources included (use -debug for more details)
[INFO] Rat check: Summary over all files. Unapproved: 0, unknown: 0, generated: 0, approved: 42 licenses.
[INFO] 
[INFO] -------< org.apache.hadoop:hadoop-ozone-filesystem-lib-current >--------
[INFO] Building Apache Hadoop Ozone FileSystem Single Jar Library 0.5.0-SNAPSHOT [11/19]
[INFO] --------------------------------[ jar ]---------------------------------
[INFO] 
[INFO] --- apache-rat-plugin:0.13:check (default-cli) @ hadoop-ozone-filesystem-lib-current ---
[INFO] Enabled default license matchers.
[INFO] Will parse SCM ignores for exclusions...
[INFO] Finished adding exclusions from SCM ignore files.
[INFO] 62 implicit excludes (use -debug for more details).
[INFO] 40 explicit excludes (use -debug for more details).
[INFO] 1 resources included (use -debug for more details)
[INFO] Rat check: Summary over all files. Unapproved: 0, unknown: 0, generated: 0, approved: 1 licenses.
[INFO] 
[INFO] --------< org.apache.hadoop:hadoop-ozone-filesystem-lib-legacy >--------
[INFO] Building Apache Hadoop Ozone FileSystem Legacy Jar Library 0.5.0-SNAPSHOT [12/19]
[INFO] --------------------------------[ jar ]---------------------------------
[INFO] 
[INFO] --- apache-rat-plugin:0.13:check (default-cli) @ hadoop-ozone-filesystem-lib-legacy ---
[INFO] Enabled default license matchers.
[INFO] Will parse SCM ignores for exclusions...
[INFO] Finished adding exclusions from SCM ignore files.
[INFO] 62 implicit excludes (use -debug for more details).
[INFO] 40 explicit excludes (use -debug for more details).
[INFO] 2 resources included (use -debug for more details)
[INFO] Rat check: Summary over all files. Unapproved: 0, unknown: 0, generated: 0, approved: 2 licenses.
[INFO] 
[INFO] ----------------< org.apache.hadoop:hadoop-ozone-tools >----------------
[INFO] Building Apache Hadoop Ozone Tools 0.5.0-SNAPSHOT                [13/19]
[INFO] --------------------------------[ jar ]---------------------------------
[INFO] 
[INFO] --- apache-rat-plugin:0.13:check (default-cli) @ hadoop-ozone-tools ---
[INFO] Enabled default license matchers.
[INFO] Will parse SCM ignores for exclusions...
[INFO] Finished adding exclusions from SCM ignore files.
[INFO] 62 implicit excludes (use -debug for more details).
[INFO] 40 explicit excludes (use -debug for more details).
[INFO] 61 resources included (use -debug for more details)
[INFO] Rat check: Summary over all files. Unapproved: 0, unknown: 0, generated: 0, approved: 61 licenses.
[INFO] 
[INFO] --------------< org.apache.hadoop:hadoop-ozone-datanode >---------------
[INFO] Building Apache Hadoop Ozone Datanode 0.5.0-SNAPSHOT             [14/19]
[INFO] --------------------------------[ jar ]---------------------------------
[INFO] 
[INFO] --- apache-rat-plugin:0.13:check (default-cli) @ hadoop-ozone-datanode ---
[INFO] Enabled default license matchers.
[INFO] Will parse SCM ignores for exclusions...
[INFO] Finished adding exclusions from SCM ignore files.
[INFO] 62 implicit excludes (use -debug for more details).
[INFO] 40 explicit excludes (use -debug for more details).
[INFO] 1 resources included (use -debug for more details)
[INFO] Rat check: Summary over all files. Unapproved: 0, unknown: 0, generated: 0, approved: 1 licenses.
[INFO] 
[INFO] ---------------< org.apache.hadoop:hadoop-ozone-upgrade >---------------
[INFO] Building Apache Hadoop Ozone In-Place Upgrade 0.5.0-SNAPSHOT     [15/19]
[INFO] --------------------------------[ jar ]---------------------------------
[INFO] 
[INFO] --- apache-rat-plugin:0.13:check (default-cli) @ hadoop-ozone-upgrade ---
[INFO] Enabled default license matchers.
[INFO] Will parse SCM ignores for exclusions...
[INFO] Finished adding exclusions from SCM ignore files.
[INFO] 62 implicit excludes (use -debug for more details).
[INFO] 40 explicit excludes (use -debug for more details).
[INFO] 6 resources included (use -debug for more details)
[INFO] Rat check: Summary over all files. Unapproved: 0, unknown: 0, generated: 0, approved: 6 licenses.
[INFO] 
[INFO] ---------------< org.apache.hadoop:hadoop-ozone-insight >---------------
[INFO] Building Apache Hadoop Ozone Insight Tool 0.5.0-SNAPSHOT         [16/19]
[INFO] --------------------------------[ jar ]---------------------------------
[INFO] 
[INFO] --- apache-rat-plugin:0.13:check (default-cli) @ hadoop-ozone-insight ---
[INFO] Enabled default license matchers.
[INFO] Will parse SCM ignores for exclusions...
[INFO] Finished adding exclusions from SCM ignore files.
[INFO] 62 implicit excludes (use -debug for more details).
[INFO] 40 explicit excludes (use -debug for more details).
[INFO] 26 resources included (use -debug for more details)
[INFO] Rat check: Summary over all files. Unapproved: 0, unknown: 0, generated: 0, approved: 26 licenses.
[INFO] 
[INFO] ----------------< org.apache.hadoop:hadoop-ozone-dist >-----------------
[INFO] Building Apache Hadoop Ozone Distribution 0.5.0-SNAPSHOT         [17/19]
[INFO] --------------------------------[ pom ]---------------------------------
[INFO] 
[INFO] --- apache-rat-plugin:0.13:check (default-cli) @ hadoop-ozone-dist ---
[INFO] Enabled default license matchers.
[INFO] Will parse SCM ignores for exclusions...
[INFO] Finished adding exclusions from SCM ignore files.
[INFO] 62 implicit excludes (use -debug for more details).
[INFO] 40 explicit excludes (use -debug for more details).
[INFO] 263 resources included (use -debug for more details)
[INFO] Rat check: Summary over all files. Unapproved: 0, unknown: 0, generated: 0, approved: 262 licenses.
[INFO] 
[INFO] --------< org.apache.hadoop:hadoop-ozone-fault-injection-test >---------
[INFO] Building Apache Hadoop Ozone Fault Injection Tests 0.5.0-SNAPSHOT [18/19]
[INFO] --------------------------------[ pom ]---------------------------------
[INFO] 
[INFO] --- apache-rat-plugin:0.13:check (default-cli) @ hadoop-ozone-fault-injection-test ---
[INFO] Enabled default license matchers.
[INFO] Will parse SCM ignores for exclusions...
[INFO] Finished adding exclusions from SCM ignore files.
[INFO] 63 implicit excludes (use -debug for more details).
[INFO] 40 explicit excludes (use -debug for more details).
[INFO] 1 resources included (use -debug for more details)
[INFO] Rat check: Summary over all files. Unapproved: 0, unknown: 0, generated: 0, approved: 1 licenses.
[INFO] 
[INFO] ------------< org.apache.hadoop:hadoop-ozone-network-tests >------------
[INFO] Building Apache Hadoop Ozone Network Tests 0.5.0-SNAPSHOT        [19/19]
[INFO] --------------------------------[ jar ]---------------------------------
[INFO] 
[INFO] --- apache-rat-plugin:0.13:check (default-cli) @ hadoop-ozone-network-tests ---
[INFO] Enabled default license matchers.
[INFO] Will parse SCM ignores for exclusions...
[INFO] Finished adding exclusions from SCM ignore files.
[INFO] 62 implicit excludes (use -debug for more details).
[INFO] 40 explicit excludes (use -debug for more details).
[INFO] 20 resources included (use -debug for more details)
[INFO] Rat check: Summary over all files. Unapproved: 0, unknown: 0, generated: 0, approved: 20 licenses.
[INFO] ------------------------------------------------------------------------
[INFO] Reactor Summary:
[INFO] 
[INFO] Apache Hadoop Ozone 0.5.0-SNAPSHOT ................. SUCCESS [  1.932 s]
[INFO] Apache Hadoop Ozone Common ......................... SUCCESS [  0.115 s]
[INFO] Apache Hadoop Ozone Client ......................... SUCCESS [  0.045 s]
[INFO] Apache Hadoop Ozone Manager Server ................. SUCCESS [  0.164 s]
[INFO] Apache Hadoop Ozone S3 Gateway ..................... SUCCESS [  0.068 s]
[INFO] Apache Hadoop Ozone CSI service .................... SUCCESS [  0.197 s]
[INFO] Apache Hadoop Ozone Recon CodeGen .................. SUCCESS [  0.038 s]
[INFO] Apache Hadoop Ozone Recon .......................... SUCCESS [  0.093 s]
[INFO] Apache Hadoop Ozone Integration Tests .............. SUCCESS [  0.088 s]
[INFO] Apache Hadoop Ozone FileSystem ..................... SUCCESS [  0.038 s]
[INFO] Apache Hadoop Ozone FileSystem Single Jar Library .. SUCCESS [  0.022 s]
[INFO] Apache Hadoop Ozone FileSystem Legacy Jar Library .. SUCCESS [  0.021 s]
[INFO] Apache Hadoop Ozone Tools .......................... SUCCESS [  0.037 s]
[INFO] Apache Hadoop Ozone Datanode ....................... SUCCESS [  0.022 s]
[INFO] Apache Hadoop Ozone In-Place Upgrade ............... SUCCESS [  0.020 s]
[INFO] Apache Hadoop Ozone Insight Tool ................... SUCCESS [  0.026 s]
[INFO] Apache Hadoop Ozone Distribution ................... SUCCESS [  0.131 s]
[INFO] Apache Hadoop Ozone Fault Injection Tests .......... SUCCESS [  0.023 s]
[INFO] Apache Hadoop Ozone Network Tests 0.5.0-SNAPSHOT ... SUCCESS [  0.023 s]
[INFO] ------------------------------------------------------------------------
[INFO] BUILD SUCCESS
[INFO] ------------------------------------------------------------------------
[INFO] Total time: 4.496 s
[INFO] Finished at: 2019-09-11T05:51:52Z
[INFO] ------------------------------------------------------------------------
