#
# A fatal error has been detected by the Java Runtime Environment:
#
#  SIGSEGV (0xb) at pc=0x00007ff3e2b7b810, pid=6199, tid=0x00007ff3c63dbae0
#
# JRE version: OpenJDK Runtime Environment (8.0_212-b04) (build 1.8.0_212-b04)
# Java VM: OpenJDK 64-Bit Server VM (25.212-b04 mixed mode linux-amd64 compressed oops)
# Derivative: IcedTea 3.12.0
# Distribution: Custom build (Mon Aug 12 12:56:32 UTC 2019)
# Problematic frame:
# C  [ld-musl-x86_64.so.1+0x53810]  pthread_setname_np+0x5e
#
# Core dump written. Default location: /workdir/hadoop-hdds/server-scm/core or core.6199
#
# If you would like to submit a bug report, please include
# instructions on how to reproduce the bug and visit:
#   https://icedtea.classpath.org/bugzilla
#

---------------  T H R E A D  ---------------

Current thread is native thread

siginfo: si_signo: 11 (SIGSEGV), si_code: 1 (SEGV_MAPERR), si_addr: 0x0000000000000038

Registers:
RAX=0x00007ff3c63dbae0, RBX=0x0000000000000022, RCX=0x0000000000000000, RDX=0x0000000000000000
RSP=0x00007ff3c63db680, RBP=0x0000000000000000, RSI=0x0000000000000000, RDI=0xff73725e6f6c7463
R8 =0x0000000000000000, R9 =0x8080808080808080, R10=0xfefefefefefefeff, R11=0x0000000000000212
R12=0x000055f73488e8d8, R13=0x000000000000000f, R14=0x00007ff3c63dbae0, R15=0x00007ff3e2db4ae8
RIP=0x00007ff3e2b7b810, EFLAGS=0x0000000000010202, CSGSFS=0x0000000000000033, ERR=0x0000000000000004
  TRAPNO=0x000000000000000e

Top of Stack: (sp=0x00007ff3c63db680)
0x00007ff3c63db680:   0000000000000000 0000000000000000
0x00007ff3c63db690:   0000000000000000 0000000000000000
0x00007ff3c63db6a0:   0000000000000000 0000000000000000
0x00007ff3c63db6b0:   0000000000000000 000055f73488e800
0x00007ff3c63db6c0:   00007ff3c63db710 0000000000000000
0x00007ff3c63db6d0:   000055f73488e840 00007ff3c6b3dec9
0x00007ff3c63db6e0:   0000000000000000 000055f733eb6720
0x00007ff3c63db6f0:   0000000000000000 00007ff3c63db760
0x00007ff3c63db700:   00007ff3c63dbae0 00007ff3e2db4ae8
0x00007ff3c63db710:   0000000000000000 00007ff3e19abf41
0x00007ff3c63db720:   0000000000000000 00007ff3c63dbae0
0x00007ff3c63db730:   0000000000000000 00007ff3e2b7a6c2
0x00007ff3c63db740:   0000000000000000 0000000000000000
0x00007ff3c63db750:   0000000000017000 00007ff3e2b7c5b1
0x00007ff3c63db760:   0000000000000002 00007ff3c63dbac0
0x00007ff3c63db770:   00007ff3c63db790 0000000000000000
0x00007ff3c63db780:   0000000000000000 0000000000000000
0x00007ff3c63db790:   0000000000000002 0000000000000000
0x00007ff3c63db7a0:   0000000000000000 0000000000000000
0x00007ff3c63db7b0:   0000000000000000 0000000000000000
0x00007ff3c63db7c0:   0000000000000000 0000000000000000
0x00007ff3c63db7d0:   0000000000000000 0000000000000000
0x00007ff3c63db7e0:   0000000000000000 0000000000000000
0x00007ff3c63db7f0:   0000000000000000 0000000000000000
0x00007ff3c63db800:   0000000000000000 0000000000000000
0x00007ff3c63db810:   0000000000000000 0000000000000000
0x00007ff3c63db820:   0000000000000000 0000000000000000
0x00007ff3c63db830:   0000000000000000 0000000000000000
0x00007ff3c63db840:   0000000000000000 0000000000000000
0x00007ff3c63db850:   0000000000000000 0000000000000000
0x00007ff3c63db860:   0000000000000000 0000000000000000
0x00007ff3c63db870:   0000000000000000 0000000000000000 

Instructions: (pc=0x00007ff3e2b7b810)
0x00007ff3e2b7b7f0:   31 d2 31 c0 4c 89 e6 bf 0f 00 00 00 e8 65 d8 fc
0x00007ff3e2b7b800:   ff 85 c0 89 c3 74 7e e8 25 a7 fc ff 8b 18 eb 75
0x00007ff3e2b7b810:   8b 4d 38 48 8d 5c 24 0e 48 8d 15 f2 92 03 00 be
0x00007ff3e2b7b820:   22 00 00 00 31 c0 48 89 df e8 35 68 ff ff 48 8d 

Register to memory mapping:

RAX=0x00007ff3c63dbae0 is an unknown value
RBX=0x0000000000000022 is an unknown value
RCX=0x0000000000000000 is an unknown value
RDX=0x0000000000000000 is an unknown value
RSP=0x00007ff3c63db680 is an unknown value
RBP=0x0000000000000000 is an unknown value
RSI=0x0000000000000000 is an unknown value
RDI=0xff73725e6f6c7463 is an unknown value
R8 =0x0000000000000000 is an unknown value
R9 =0x8080808080808080 is an unknown value
R10=0xfefefefefefefeff is an unknown value
R11=0x0000000000000212 is an unknown value
R12=0x000055f73488e8d8 is an unknown value
R13=0x000000000000000f is an unknown value
R14=0x00007ff3c63dbae0 is an unknown value
R15=0x00007ff3e2db4ae8: __utc+0x1fff68 in /lib/ld-musl-x86_64.so.1 at 0x00007ff3e2b28000


Stack: [0x00007ff3c63c7000,0x00007ff3c63db760],  sp=0x00007ff3c63db680,  free space=81k
Native frames: (J=compiled Java code, j=interpreted, Vv=VM code, C=native code)
C  [ld-musl-x86_64.so.1+0x53810]  pthread_setname_np+0x5e

[error occurred during error reporting (printing native stack), id 0xb]


---------------  P R O C E S S  ---------------

VM state:not at safepoint (normal execution)

VM Mutex/Monitor currently owned by a thread: None

heap address: 0x0000000080000000, size: 2048 MB, Compressed Oops mode: 32-bit
Narrow klass base: 0x0000000000000000, Narrow klass shift: 3
Compressed class space size: 1073741824 Address: 0x0000000100000000

Heap:
 PSYoungGen      total 611840K, used 247968K [0x00000000d5580000, 0x0000000100000000, 0x0000000100000000)
  eden space 524800K, 47% used [0x00000000d5580000,0x00000000e47a81b8,0x00000000f5600000)
  from space 87040K, 0% used [0x00000000f5600000,0x00000000f5600000,0x00000000fab00000)
  to   space 87040K, 0% used [0x00000000fab00000,0x00000000fab00000,0x0000000100000000)
 ParOldGen       total 882688K, used 11943K [0x0000000080000000, 0x00000000b5e00000, 0x00000000d5580000)
  object space 882688K, 1% used [0x0000000080000000,0x0000000080ba9ea8,0x00000000b5e00000)
 Metaspace       used 31348K, capacity 31890K, committed 32128K, reserved 1077248K
  class space    used 3727K, capacity 3852K, committed 3968K, reserved 1048576K

Card table byte_map: [0x00007ff3d18d4000,0x00007ff3d1cd5000] byte_map_base: 0x00007ff3d14d4000

Marking Bits: (ParMarkBitMap*) 0x00007ff3e26e6200
 Begin Bits: [0x00007ff3cd425000, 0x00007ff3cf425000)
 End Bits:   [0x00007ff3cf425000, 0x00007ff3d1425000)

Polling page: 0x00007ff3e2cb1000

CodeCache: size=245760Kb used=5335Kb max_used=6088Kb free=240424Kb
 bounds [0x00007ff3d2095000, 0x00007ff3d2695000, 0x00007ff3e1095000]
 total_blobs=2224 nmethods=1676 adapters=462
 compilation: enabled

Compilation events (10 events):
Event: 14.920 Thread 0x000055f7339d7000 1886       1       com.sun.org.apache.xerces.internal.dom.ParentNode::ownerDocument (5 bytes)
Event: 14.920 Thread 0x000055f7339d7000 nmethod 1886 0x00007ff3d21f3c90 code [0x00007ff3d21f3de0, 0x00007ff3d21f3ef0]
Event: 14.920 Thread 0x000055f7339d7000 1884       3       com.sun.org.apache.xerces.internal.impl.XMLDocumentScannerImpl::next (10 bytes)
Event: 14.920 Thread 0x000055f7339d7000 nmethod 1884 0x00007ff3d22a7910 code [0x00007ff3d22a7a80, 0x00007ff3d22a7ca8]
Event: 14.920 Thread 0x000055f7339d7000 1885       3       com.sun.org.apache.xerces.internal.dom.DeferredDocumentImpl::setChunkValue (80 bytes)
Event: 14.921 Thread 0x000055f7339d7000 nmethod 1885 0x00007ff3d23a4790 code [0x00007ff3d23a4980, 0x00007ff3d23a53e8]
Event: 14.921 Thread 0x000055f7339d7000 1889       1       com.google.common.cache.LocalCache$2::poll (2 bytes)
Event: 14.921 Thread 0x000055f7339d7000 nmethod 1889 0x00007ff3d24edbd0 code [0x00007ff3d24edd20, 0x00007ff3d24ede30]
Event: 14.921 Thread 0x000055f7339d7000 1888       3       com.sun.org.apache.xerces.internal.dom.NodeImpl::isOwned (16 bytes)
Event: 14.921 Thread 0x000055f7339d7000 nmethod 1888 0x00007ff3d24145d0 code [0x00007ff3d2414740, 0x00007ff3d24148f0]

GC Heap History (4 events):
Event: 1.993 GC heap before
{Heap before GC invocations=1 (full 0):
 PSYoungGen      total 611840K, used 209921K [0x00000000d5580000, 0x0000000100000000, 0x0000000100000000)
  eden space 524800K, 40% used [0x00000000d5580000,0x00000000e2280518,0x00000000f5600000)
  from space 87040K, 0% used [0x00000000fab00000,0x00000000fab00000,0x0000000100000000)
  to   space 87040K, 0% used [0x00000000f5600000,0x00000000f5600000,0x00000000fab00000)
 ParOldGen       total 1398272K, used 0K [0x0000000080000000, 0x00000000d5580000, 0x00000000d5580000)
  object space 1398272K, 0% used [0x0000000080000000,0x0000000080000000,0x00000000d5580000)
 Metaspace       used 20738K, capacity 21006K, committed 21248K, reserved 1069056K
  class space    used 2359K, capacity 2452K, committed 2560K, reserved 1048576K
Event: 2.023 GC heap after
Heap after GC invocations=1 (full 0):
 PSYoungGen      total 611840K, used 12372K [0x00000000d5580000, 0x0000000100000000, 0x0000000100000000)
  eden space 524800K, 0% used [0x00000000d5580000,0x00000000d5580000,0x00000000f5600000)
  from space 87040K, 14% used [0x00000000f5600000,0x00000000f6215048,0x00000000fab00000)
  to   space 87040K, 0% used [0x00000000fab00000,0x00000000fab00000,0x0000000100000000)
 ParOldGen       total 1398272K, used 80K [0x0000000080000000, 0x00000000d5580000, 0x00000000d5580000)
  object space 1398272K, 0% used [0x0000000080000000,0x0000000080014010,0x00000000d5580000)
 Metaspace       used 20738K, capacity 21006K, committed 21248K, reserved 1069056K
  class space    used 2359K, capacity 2452K, committed 2560K, reserved 1048576K
}
Event: 2.023 GC heap before
{Heap before GC invocations=2 (full 1):
 PSYoungGen      total 611840K, used 12372K [0x00000000d5580000, 0x0000000100000000, 0x0000000100000000)
  eden space 524800K, 0% used [0x00000000d5580000,0x00000000d5580000,0x00000000f5600000)
  from space 87040K, 14% used [0x00000000f5600000,0x00000000f6215048,0x00000000fab00000)
  to   space 87040K, 0% used [0x00000000fab00000,0x00000000fab00000,0x0000000100000000)
 ParOldGen       total 1398272K, used 80K [0x0000000080000000, 0x00000000d5580000, 0x00000000d5580000)
  object space 1398272K, 0% used [0x0000000080000000,0x0000000080014010,0x00000000d5580000)
 Metaspace       used 20738K, capacity 21006K, committed 21248K, reserved 1069056K
  class space    used 2359K, capacity 2452K, committed 2560K, reserved 1048576K
Event: 2.081 GC heap after
Heap after GC invocations=2 (full 1):
 PSYoungGen      total 611840K, used 0K [0x00000000d5580000, 0x0000000100000000, 0x0000000100000000)
  eden space 524800K, 0% used [0x00000000d5580000,0x00000000d5580000,0x00000000f5600000)
  from space 87040K, 0% used [0x00000000f5600000,0x00000000f5600000,0x00000000fab00000)
  to   space 87040K, 0% used [0x00000000fab00000,0x00000000fab00000,0x0000000100000000)
 ParOldGen       total 882688K, used 11943K [0x0000000080000000, 0x00000000b5e00000, 0x00000000d5580000)
  object space 882688K, 1% used [0x0000000080000000,0x0000000080ba9ea8,0x00000000b5e00000)
 Metaspace       used 20738K, capacity 21006K, committed 21248K, reserved 1069056K
  class space    used 2359K, capacity 2452K, committed 2560K, reserved 1048576K
}

Deoptimization events (10 events):
Event: 1.589 Thread 0x000055f733883800 Uncommon trap: reason=unstable_if action=reinterpret pc=0x00007ff3d23c37d4 method=com.ctc.wstx.sr.StreamScanner.parseLocalName(C)Ljava/lang/String; @ 79
Event: 1.910 Thread 0x000055f733883800 Uncommon trap: reason=unstable_if action=reinterpret pc=0x00007ff3d23531c8 method=sun.misc.MetaIndex.mayContain(Ljava/lang/String;)Z @ 38
Event: 2.085 Thread 0x000055f733883800 Uncommon trap: reason=unstable_if action=reinterpret pc=0x00007ff3d24edc3c method=java.lang.ref.ReferenceQueue.poll()Ljava/lang/ref/Reference; @ 4
Event: 2.085 Thread 0x000055f733993000 Uncommon trap: reason=unstable_if action=reinterpret pc=0x00007ff3d24c4eb4 method=java.lang.ref.ReferenceQueue.poll()Ljava/lang/ref/Reference; @ 4
Event: 2.267 Thread 0x000055f733883800 Uncommon trap: reason=unstable_if action=reinterpret pc=0x00007ff3d22f5520 method=sun.net.www.ParseUtil.encodePath(Ljava/lang/String;Z)Ljava/lang/String; @ 109
Event: 2.340 Thread 0x000055f733883800 Uncommon trap: reason=unstable_if action=reinterpret pc=0x00007ff3d2347d84 method=java.net.URL.<init>(Ljava/net/URL;Ljava/lang/String;Ljava/net/URLStreamHandler;)V @ 347
Event: 2.418 Thread 0x000055f733883800 Uncommon trap: reason=unstable_if action=reinterpret pc=0x00007ff3d22f65b0 method=java.lang.AbstractStringBuilder.append(Ljava/lang/String;)Ljava/lang/AbstractStringBuilder; @ 1
Event: 2.422 Thread 0x000055f733883800 Uncommon trap: reason=unstable_if action=reinterpret pc=0x00007ff3d222af00 method=java.lang.AbstractStringBuilder.append(Ljava/lang/String;)Ljava/lang/AbstractStringBuilder; @ 1
Event: 2.500 Thread 0x000055f735449000 Uncommon trap: reason=unstable_if action=reinterpret pc=0x00007ff3d2223620 method=java.lang.CharacterData.of(I)Ljava/lang/CharacterData; @ 4
Event: 2.759 Thread 0x000055f735449000 Uncommon trap: reason=predicate action=maybe_recompile pc=0x00007ff3d2595414 method=java.lang.String.regionMatches(ZILjava/lang/String;II)Z @ 63

Classes redefined (0 events):
No events

Internal exceptions (10 events):
Event: 9.822 Thread 0x000055f733883800 Exception <a 'sun/nio/fs/UnixException'> (0x00000000e1805348) thrown at [/home/buildozer/aports/community/openjdk8/src/icedtea-3.12.0/openjdk/hotspot/src/share/vm/prims/jni.cpp, line 710]
Event: 9.835 Thread 0x000055f733883800 Exception <a 'java/net/UnknownHostException'> (0x00000000e1884828) thrown at [/home/buildozer/aports/community/openjdk8/src/icedtea-3.12.0/openjdk/hotspot/src/share/vm/prims/jni.cpp, line 710]
Event: 9.844 Thread 0x000055f733883800 Exception <a 'java/net/UnknownHostException'> (0x00000000e1894250) thrown at [/home/buildozer/aports/community/openjdk8/src/icedtea-3.12.0/openjdk/hotspot/src/share/vm/prims/jni.cpp, line 710]
Event: 9.845 Thread 0x000055f7352a0800 Exception <a 'java/net/ConnectException'> (0x00000000e3103da8) thrown at [/home/buildozer/aports/community/openjdk8/src/icedtea-3.12.0/openjdk/hotspot/src/share/vm/prims/jni.cpp, line 710]
Event: 9.864 Thread 0x000055f733883800 Exception <a 'java/net/UnknownHostException'> (0x00000000e189a7b0) thrown at [/home/buildozer/aports/community/openjdk8/src/icedtea-3.12.0/openjdk/hotspot/src/share/vm/prims/jni.cpp, line 710]
Event: 9.869 Thread 0x000055f7352a0800 Exception <a 'java/net/ConnectException'> (0x00000000e3113210) thrown at [/home/buildozer/aports/community/openjdk8/src/icedtea-3.12.0/openjdk/hotspot/src/share/vm/prims/jni.cpp, line 710]
Event: 9.875 Thread 0x000055f7352a0800 Exception <a 'java/net/ConnectException'> (0x00000000e3122280) thrown at [/home/buildozer/aports/community/openjdk8/src/icedtea-3.12.0/openjdk/hotspot/src/share/vm/prims/jni.cpp, line 710]
Event: 9.878 Thread 0x000055f735694800 Exception <a 'java/net/ConnectException'> (0x00000000e3310b20) thrown at [/home/buildozer/aports/community/openjdk8/src/icedtea-3.12.0/openjdk/hotspot/src/share/vm/prims/jni.cpp, line 710]
Event: 9.878 Thread 0x000055f734d0e000 Exception <a 'java/net/ConnectException'> (0x00000000e2add7b8) thrown at [/home/buildozer/aports/community/openjdk8/src/icedtea-3.12.0/openjdk/hotspot/src/share/vm/prims/jni.cpp, line 710]
Event: 9.880 Thread 0x000055f733883800 Exception <a 'java/net/UnknownHostException'> (0x00000000e18a0d18) thrown at [/home/buildozer/aports/community/openjdk8/src/icedtea-3.12.0/openjdk/hotspot/src/share/vm/prims/jni.cpp, line 710]

Events (10 events):
Event: 14.724 Executing VM operation: RevokeBias
Event: 14.724 Executing VM operation: RevokeBias done
Event: 14.724 Thread 0x000055f7348a7000 Thread exited: 0x000055f7348a7000
Event: 14.724 Executing VM operation: RevokeBias
Event: 14.724 Executing VM operation: RevokeBias done
Event: 14.724 Thread 0x000055f734cff000 Thread exited: 0x000055f734cff000
Event: 14.724 Thread 0x000055f734d00000 Thread exited: 0x000055f734d00000
Event: 14.760 Thread 0x000055f733883800 DEOPT PACKING pc=0x00007ff3d25e3f8b sp=0x00007ff3e2db2550
Event: 14.760 Thread 0x000055f733883800 DEOPT UNPACKING pc=0x00007ff3d20dc4c4 sp=0x00007ff3e2db2360 mode 0
Event: 14.921 Thread 0x000055f735cd8800 Thread added: 0x000055f735cd8800


Dynamic libraries:
80000000-b5e00000 rw-p 00000000 00:00 0 
b5e00000-d5580000 ---p 00000000 00:00 0 
d5580000-1003e0000 rw-p 00000000 00:00 0 
1003e0000-140000000 ---p 00000000 00:00 0 
55f73215f000-55f732160000 r-xp 00000000 fd:03 124456580                  /usr/lib/jvm/java-1.8-openjdk/jre/bin/java
55f73235f000-55f732360000 r--p 00000000 fd:03 124456580                  /usr/lib/jvm/java-1.8-openjdk/jre/bin/java
55f732360000-55f732361000 rw-p 00001000 fd:03 124456580                  /usr/lib/jvm/java-1.8-openjdk/jre/bin/java
55f73386c000-55f737454000 rw-p 00000000 00:00 0                          [heap]
7ff3c4134000-7ff3c42b4000 rw-p 00000000 00:00 0 
7ff3c42b4000-7ff3c4334000 ---p 00000000 00:00 0 
7ff3c46b9000-7ff3c48b9000 rw-p 00000000 00:00 0 
7ff3c48b9000-7ff3c4ab9000 rw-p 00000000 00:00 0 
7ff3c4bba000-7ff3c4bbd000 ---p 00000000 00:00 0 
7ff3c4bbd000-7ff3c4cbb000 rw-p 00000000 00:00 0 
7ff3c4dbc000-7ff3c4dbf000 ---p 00000000 00:00 0 
7ff3c4dbf000-7ff3c50bd000 rw-p 00000000 00:00 0 
7ff3c51ff000-7ff3c5202000 ---p 00000000 00:00 0 
7ff3c5202000-7ff3c5300000 rw-p 00000000 00:00 0 
7ff3c5300000-7ff3c5303000 ---p 00000000 00:00 0 
7ff3c5303000-7ff3c5401000 rw-p 00000000 00:00 0 
7ff3c5401000-7ff3c5404000 ---p 00000000 00:00 0 
7ff3c5404000-7ff3c5502000 rw-p 00000000 00:00 0 
7ff3c5603000-7ff3c5606000 ---p 00000000 00:00 0 
7ff3c5606000-7ff3c5704000 rw-p 00000000 00:00 0 
7ff3c5704000-7ff3c5707000 ---p 00000000 00:00 0 
7ff3c5707000-7ff3c5a05000 rw-p 00000000 00:00 0 
7ff3c5a05000-7ff3c5a20000 r--s 001d6000 fd:03 124456652                  /usr/lib/jvm/java-1.8-openjdk/jre/lib/ext/nashorn.jar
7ff3c5a20000-7ff3c5c20000 rw-p 00000000 00:00 0 
7ff3c5c20000-7ff3c5e20000 r-xp 00000000 fd:03 124456609                  /usr/lib/jvm/java-1.8-openjdk/jre/lib/amd64/libjaas_unix.so
7ff3c5e20000-7ff3c5e21000 r--p 00000000 fd:03 124456609                  /usr/lib/jvm/java-1.8-openjdk/jre/lib/amd64/libjaas_unix.so
7ff3c5e21000-7ff3c5e22000 rw-p 00001000 fd:03 124456609                  /usr/lib/jvm/java-1.8-openjdk/jre/lib/amd64/libjaas_unix.so
7ff3c5e95000-7ff3c6095000 rw-p 00000000 00:00 0 
7ff3c6095000-7ff3c6295000 rw-p 00000000 00:00 0 
7ff3c62f1000-7ff3c62f3000 ---p 00000000 00:00 0 
7ff3c62f3000-7ff3c6308000 rw-p 00000000 00:00 0 
7ff3c6308000-7ff3c630a000 ---p 00000000 00:00 0 
7ff3c630a000-7ff3c631f000 rw-p 00000000 00:00 0 
7ff3c631f000-7ff3c6321000 ---p 00000000 00:00 0 
7ff3c6321000-7ff3c6336000 rw-p 00000000 00:00 0 
7ff3c6397000-7ff3c6399000 ---p 00000000 00:00 0 
7ff3c6399000-7ff3c63ae000 rw-p 00000000 00:00 0 
7ff3c63ae000-7ff3c63b0000 ---p 00000000 00:00 0 
7ff3c63b0000-7ff3c63c5000 rw-p 00000000 00:00 0 
7ff3c63c5000-7ff3c63c7000 ---p 00000000 00:00 0 
7ff3c63c7000-7ff3c63dc000 rw-p 00000000 00:00 0 
7ff3c63dc000-7ff3c63de000 ---p 00000000 00:00 0 
7ff3c63de000-7ff3c63f3000 rw-p 00000000 00:00 0 
7ff3c63f3000-7ff3c63f5000 ---p 00000000 00:00 0 
7ff3c63f5000-7ff3c640a000 rw-p 00000000 00:00 0 
7ff3c640a000-7ff3c640c000 ---p 00000000 00:00 0 
7ff3c640c000-7ff3c6421000 rw-p 00000000 00:00 0 
7ff3c6421000-7ff3c6423000 ---p 00000000 00:00 0 
7ff3c6423000-7ff3c6438000 rw-p 00000000 00:00 0 
7ff3c6438000-7ff3c643a000 ---p 00000000 00:00 0 
7ff3c643a000-7ff3c66be000 rw-p 00000000 00:00 0 
7ff3c66be000-7ff3c68e4000 r-xp 00000000 fd:03 124520412                  /usr/glibc-compat/lib/ld-2.28.so
7ff3c68e4000-7ff3c68e5000 r--p 00026000 fd:03 124520412                  /usr/glibc-compat/lib/ld-2.28.so
7ff3c68e5000-7ff3c68e6000 rw-p 00027000 fd:03 124520412                  /usr/glibc-compat/lib/ld-2.28.so
7ff3c68e6000-7ff3c68e7000 rw-p 00000000 00:00 0 
7ff3c68e7000-7ff3c717f000 r-xp 00000000 fd:03 286330427                  /tmp/librocksdbjni5762151118167409908.so
7ff3c717f000-7ff3c7190000 r--p 00698000 fd:03 286330427                  /tmp/librocksdbjni5762151118167409908.so
7ff3c7190000-7ff3c7199000 rw-p 006a9000 fd:03 286330427                  /tmp/librocksdbjni5762151118167409908.so
7ff3c7199000-7ff3c739f000 rw-p 00000000 00:00 0 
7ff3c73b2000-7ff3c73b4000 ---p 00000000 00:00 0 
7ff3c73b4000-7ff3c73c9000 rw-p 00000000 00:00 0 
7ff3c73c9000-7ff3c73cb000 ---p 00000000 00:00 0 
7ff3c73cb000-7ff3c73e0000 rw-p 00000000 00:00 0 
7ff3c73e0000-7ff3c75f1000 r-xp 00000000 fd:03 124456623                  /usr/lib/jvm/java-1.8-openjdk/jre/lib/amd64/libnio.so
7ff3c75f1000-7ff3c75f2000 r--p 00011000 fd:03 124456623                  /usr/lib/jvm/java-1.8-openjdk/jre/lib/amd64/libnio.so
7ff3c75f2000-7ff3c75f3000 rw-p 00012000 fd:03 124456623                  /usr/lib/jvm/java-1.8-openjdk/jre/lib/amd64/libnio.so
7ff3c75f3000-7ff3ca5f4000 rw-p 00000000 00:00 0 
7ff3ca5f4000-7ff3ca80a000 r-xp 00000000 fd:03 124456622                  /usr/lib/jvm/java-1.8-openjdk/jre/lib/amd64/libnet.so
7ff3ca80a000-7ff3ca80b000 r--p 00016000 fd:03 124456622                  /usr/lib/jvm/java-1.8-openjdk/jre/lib/amd64/libnet.so
7ff3ca80b000-7ff3ca80c000 rw-p 00017000 fd:03 124456622                  /usr/lib/jvm/java-1.8-openjdk/jre/lib/amd64/libnet.so
7ff3ca80c000-7ff3ca810000 r--s 00058000 fd:03 124456671                  /usr/lib/jvm/java-1.8-openjdk/jre/lib/jsse.jar
7ff3ca810000-7ff3caa10000 rw-p 00000000 00:00 0 
7ff3caa10000-7ff3caa13000 r--s 00025000 fd:03 125045321                  /home/user/.m2/repository/org/apache/maven/shared/maven-shared-utils/3.1.0/maven-shared-utils-3.1.0.jar
7ff3caa13000-7ff3caa16000 ---p 00000000 00:00 0 
7ff3caa16000-7ff3caa4d000 rw-p 00000000 00:00 0 
7ff3caa4d000-7ff3caa4e000 r--s 00006000 fd:03 287834753                  /home/user/.m2/repository/org/apache/maven/surefire/common-junit4/3.0.0-M1/common-junit4-3.0.0-M1.jar
7ff3caa4e000-7ff3caa4f000 r--s 00002000 fd:03 287834750                  /home/user/.m2/repository/org/apache/maven/surefire/common-junit3/3.0.0-M1/common-junit3-3.0.0-M1.jar
7ff3caa4f000-7ff3caa50000 r--s 00007000 fd:03 287834751                  /home/user/.m2/repository/org/apache/maven/surefire/common-java5/3.0.0-M1/common-java5-3.0.0-M1.jar
7ff3caa50000-7ff3caa52000 r--s 00003000 fd:03 287834715                  /home/user/.m2/repository/org/apache/maven/surefire/surefire-junit4/3.0.0-M1/surefire-junit4-3.0.0-M1.jar
7ff3caa52000-7ff3caa58000 r--s 00036000 fd:03 124979194                  /home/user/.m2/repository/junit/junit/4.11/junit-4.11.jar
7ff3caa58000-7ff3caa79000 r--s 00172000 fd:03 124977350                  /home/user/.m2/repository/com/google/guava/guava/11.0.2/guava-11.0.2.jar
7ff3caa79000-7ff3caa81000 r--s 0007b000 fd:03 124977466                  /home/user/.m2/repository/com/google/protobuf/protobuf-java/2.5.0/protobuf-java-2.5.0.jar
7ff3caa81000-7ff3caa86000 r--s 0003c000 fd:03 124978614                  /home/user/.m2/repository/info/picocli/picocli/3.9.6/picocli-3.9.6.jar
7ff3caa86000-7ff3caaba000 r--s 0051e000 fd:03 124980009                  /home/user/.m2/repository/org/apache/hadoop/hadoop-hdfs/3.2.0/hadoop-hdfs-3.2.0-tests.jar
7ff3caaba000-7ff3caae5000 r--s 00297000 fd:03 124979985                  /home/user/.m2/repository/org/apache/hadoop/hadoop-common/3.2.0/hadoop-common-3.2.0-tests.jar
7ff3caae5000-7ff3caae8000 r--s 0000e000 fd:03 287834710                  /home/user/.m2/repository/com/fasterxml/jackson/core/jackson-annotations/2.9.9/jackson-annotations-2.9.9.jar
7ff3caae8000-7ff3cab2d000 r--s 00486000 fd:03 124980021                  /home/user/.m2/repository/org/apache/hadoop/hadoop-hdfs-client/3.2.0/hadoop-hdfs-client-3.2.0.jar
7ff3cab2d000-7ff3cab46000 r--s 0012c000 fd:03 124978753                  /home/user/.m2/repository/io/netty/netty/3.10.5.Final/netty-3.10.5.Final.jar
7ff3cab46000-7ff3cab47000 r--s 00005000 fd:03 124978352                  /home/user/.m2/repository/commons-daemon/commons-daemon/1.0.13/commons-daemon-1.0.13.jar
7ff3cab47000-7ff3cab49000 r--s 00008000 fd:03 287834707                  /home/user/.m2/repository/org/eclipse/jetty/jetty-util-ajax/9.3.25.v20180904/jetty-util-ajax-9.3.25.v20180904.jar
7ff3cab49000-7ff3cab91000 r--s 00557000 fd:03 124980012                  /home/user/.m2/repository/org/apache/hadoop/hadoop-hdfs/3.2.0/hadoop-hdfs-3.2.0.jar
7ff3cab91000-7ff3cab96000 r--s 00047000 fd:03 124978585                  /home/user/.m2/repository/dnsjava/dnsjava/2.1.7/dnsjava-2.1.7.jar
7ff3cab96000-7ff3cab9c000 r--s 00078000 fd:03 124977172                  /home/user/.m2/repository/com/fasterxml/woodstox/woodstox-core/5.0.3/woodstox-core-5.0.3.jar
7ff3cab9c000-7ff3caba0000 r--s 00024000 fd:03 125108840                  /home/user/.m2/repository/org/codehaus/woodstox/stax2-api/3.1.4/stax2-api-3.1.4.jar
7ff3caba0000-7ff3caba4000 r--s 0004c000 fd:03 287834686                  /home/user/.m2/repository/com/fasterxml/jackson/core/jackson-core/2.9.9/jackson-core-2.9.9.jar
7ff3caba4000-7ff3cabb7000 r--s 00137000 fd:03 287834705                  /home/user/.m2/repository/com/fasterxml/jackson/core/jackson-databind/2.9.9/jackson-databind-2.9.9.jar
7ff3cabb7000-7ff3cabb9000 r--s 00006000 fd:03 125042842                  /home/user/.m2/repository/org/apache/kerby/kerby-xdr/1.0.1/kerby-xdr-1.0.1.jar
7ff3cabb9000-7ff3cabba000 r--s 00004000 fd:03 125042746                  /home/user/.m2/repository/org/apache/kerby/kerb-identity/1.0.1/kerb-identity-1.0.1.jar
7ff3cabba000-7ff3cabbd000 r--s 00012000 fd:03 125042755                  /home/user/.m2/repository/org/apache/kerby/kerb-server/1.0.1/kerb-server-1.0.1.jar
7ff3cabbd000-7ff3cabc0000 r--s 00011000 fd:03 125042701                  /home/user/.m2/repository/org/apache/kerby/kerb-admin/1.0.1/kerb-admin-1.0.1.jar
7ff3cabc0000-7ff3cabc1000 r--s 00004000 fd:03 125042851                  /home/user/.m2/repository/org/apache/kerby/token-provider/1.0.1/token-provider-1.0.1.jar
7ff3cabc1000-7ff3cabc2000 r--s 00008000 fd:03 125042773                  /home/user/.m2/repository/org/apache/kerby/kerb-util/1.0.1/kerb-util-1.0.1.jar
7ff3cabc2000-7ff3cabc6000 r--s 00019000 fd:03 125042737                  /home/user/.m2/repository/org/apache/kerby/kerb-crypto/1.0.1/kerb-crypto-1.0.1.jar
7ff3cabc6000-7ff3cabc8000 r--s 0000e000 fd:03 125042719                  /home/user/.m2/repository/org/apache/kerby/kerb-common/1.0.1/kerb-common-1.0.1.jar
7ff3cabc8000-7ff3cabc9000 r--s 00009000 fd:03 125042833                  /home/user/.m2/repository/org/apache/kerby/kerby-util/1.0.1/kerby-util-1.0.1.jar
7ff3cabc9000-7ff3cabcb000 r--s 00017000 fd:03 125042788                  /home/user/.m2/repository/org/apache/kerby/kerby-asn1/1.0.1/kerby-asn1-1.0.1.jar
7ff3cabcb000-7ff3cabd2000 r--s 0002b000 fd:03 125042818                  /home/user/.m2/repository/org/apache/kerby/kerby-pkix/1.0.1/kerby-pkix-1.0.1.jar
7ff3cabd2000-7ff3cabd9000 r--s 00031000 fd:03 125042728                  /home/user/.m2/repository/org/apache/kerby/kerb-core/1.0.1/kerb-core-1.0.1.jar
7ff3cabd9000-7ff3cabdb000 r--s 00006000 fd:03 125042803                  /home/user/.m2/repository/org/apache/kerby/kerby-config/1.0.1/kerby-config-1.0.1.jar
7ff3cabdb000-7ff3cabde000 r--s 00019000 fd:03 125042710                  /home/user/.m2/repository/org/apache/kerby/kerb-client/1.0.1/kerb-client-1.0.1.jar
7ff3cabde000-7ff3cabdf000 r--s 00004000 fd:03 125042764                  /home/user/.m2/repository/org/apache/kerby/kerb-simplekdc/1.0.1/kerb-simplekdc-1.0.1.jar
7ff3cabdf000-7ff3cabe3000 r--s 00014000 fd:03 125110479                  /home/user/.m2/repository/org/tukaani/xz/1.0/xz-1.0.jar
7ff3cabe3000-7ff3cabe8000 r--s 00036000 fd:03 124979659                  /home/user/.m2/repository/org/apache/commons/commons-compress/1.4.1/commons-compress-1.4.1.jar
7ff3cabe8000-7ff3cabe9000 r--s 00004000 fd:03 125046052                  /home/user/.m2/repository/org/apache/yetus/audience-annotations/0.5.0/audience-annotations-0.5.0.jar
7ff3cabe9000-7ff3cabeb000 r--s 00014000 fd:03 287834704                  /home/user/.m2/repository/jline/jline/0.9.94/jline-0.9.94.jar
7ff3cabeb000-7ff3cabf8000 r--s 000d1000 fd:03 125046068                  /home/user/.m2/repository/org/apache/zookeeper/zookeeper/3.4.13/zookeeper-3.4.13.jar
7ff3cabf8000-7ff3cac12000 r--s 00155000 fd:03 124980151                  /home/user/.m2/repository/org/apache/htrace/htrace-core4/4.1.0-incubating/htrace-core4-4.1.0-incubating.jar
7ff3cac12000-7ff3cac1a000 r--s 0003e000 fd:03 124979894                  /home/user/.m2/repository/org/apache/curator/curator-recipes/2.12.0/curator-recipes-2.12.0.jar
7ff3cac1a000-7ff3cac51000 r--s 00219000 fd:03 124979876                  /home/user/.m2/repository/org/apache/curator/curator-client/2.12.0/curator-client-2.12.0.jar
7ff3cac51000-7ff3cac56000 r--s 00040000 fd:03 124977563                  /home/user/.m2/repository/com/jcraft/jsch/0.1.54/jsch-0.1.54.jar
7ff3cac56000-7ff3cac5c000 r--s 0002c000 fd:03 124979885                  /home/user/.m2/repository/org/apache/curator/curator-framework/2.12.0/curator-framework-2.12.0.jar
7ff3cac5c000-7ff3cac5e000 r--s 00006000 fd:03 124979387                  /home/user/.m2/repository/net/minidev/accessors-smart/1.2/accessors-smart-1.2.jar
7ff3cac5e000-7ff3cac61000 r--s 0001b000 fd:03 124979396                  /home/user/.m2/repository/net/minidev/json-smart/2.3/json-smart-2.3.jar
7ff3cac61000-7ff3cac63000 r--s 00000000 fd:03 124977210                  /home/user/.m2/repository/com/github/stephenc/jcip/jcip-annotations/1.0-1/jcip-annotations-1.0-1.jar
7ff3cac63000-7ff3cac69000 r--s 00044000 fd:03 124977609                  /home/user/.m2/repository/com/nimbusds/nimbus-jose-jwt/4.41.1/nimbus-jose-jwt-4.41.1.jar
7ff3cac69000-7ff3cac6b000 r--s 00020000 fd:03 124979967                  /home/user/.m2/repository/org/apache/hadoop/hadoop-auth/3.2.0/hadoop-auth-3.2.0.jar
7ff3cac6b000-7ff3cac70000 r--s 0002a000 fd:03 124977284                  /home/user/.m2/repository/com/google/code/gson/gson/2.2.4/gson-2.2.4.jar
7ff3cac70000-7ff3cac72000 r--s 0001e000 fd:03 124977508                  /home/user/.m2/repository/com/google/re2j/re2j/1.1/re2j-1.1.jar
7ff3cac72000-7ff3cac74000 r--s 00130000 fd:03 125110514                  /home/user/.m2/repository/org/xerial/snappy/snappy-java/1.0.5/snappy-java-1.0.5.jar
7ff3cac74000-7ff3cac76000 r--s 00006000 fd:03 124977862                  /home/user/.m2/repository/com/thoughtworks/paranamer/paranamer/2.3/paranamer-2.3.jar
7ff3cac76000-7ff3cac7f000 r--s 00062000 fd:03 124979613                  /home/user/.m2/repository/org/apache/avro/avro/1.7.7/avro-1.7.7.jar
7ff3cac7f000-7ff3cac80000 r--s 00002000 fd:03 125110100                  /home/user/.m2/repository/org/slf4j/slf4j-log4j12/1.7.25/slf4j-log4j12-1.7.25.jar
7ff3cac80000-7ff3cac84000 r--s 00029000 fd:03 124979860                  /home/user/.m2/repository/org/apache/commons/commons-text/1.4/commons-text-1.4.jar
7ff3cac84000-7ff3cac8c000 r--s 00072000 fd:03 124979724                  /home/user/.m2/repository/org/apache/commons/commons-lang3/3.7/commons-lang3-3.7.jar
7ff3cac8c000-7ff3cac98000 r--s 0008b000 fd:03 124979676                  /home/user/.m2/repository/org/apache/commons/commons-configuration2/2.1.1/commons-configuration2-2.1.1.jar
7ff3cac98000-7ff3cac9d000 r--s 00038000 fd:03 287834701                  /home/user/.m2/repository/commons-beanutils/commons-beanutils/1.9.4/commons-beanutils-1.9.4.jar
7ff3cac9d000-7ff3caca6000 r--s 0006f000 fd:03 124979230                  /home/user/.m2/repository/log4j/log4j/1.2.17/log4j-1.2.17.jar
7ff3caca6000-7ff3caca8000 r--s 0000e000 fd:03 124978511                  /home/user/.m2/repository/commons-logging/commons-logging/1.1.3/commons-logging-1.1.3.jar
7ff3caca8000-7ff3cacb8000 r--s 0009c000 fd:03 124977779                  /home/user/.m2/repository/com/sun/jersey/jersey-server/1.19/jersey-server-1.19.jar
7ff3cacb8000-7ff3cacb9000 r--s 00006000 fd:03 125046234                  /home/user/.m2/repository/org/codehaus/jackson/jackson-xc/1.9.13/jackson-xc-1.9.13.jar
7ff3cacb9000-7ff3cacba000 r--s 00004000 fd:03 125046216                  /home/user/.m2/repository/org/codehaus/jackson/jackson-jaxrs/1.9.13/jackson-jaxrs-1.9.13.jar
7ff3cacba000-7ff3cacc8000 r--s 000b1000 fd:03 125046225                  /home/user/.m2/repository/org/codehaus/jackson/jackson-mapper-asl/1.9.13/jackson-mapper-asl-1.9.13.jar
7ff3cacc8000-7ff3caccc000 r--s 00035000 fd:03 125046207                  /home/user/.m2/repository/org/codehaus/jackson/jackson-core-asl/1.9.13/jackson-core-asl-1.9.13.jar
7ff3caccc000-7ff3caccf000 r--s 00016000 fd:03 124979126                  /home/user/.m2/repository/javax/xml/bind/jaxb-api/2.2.11/jaxb-api-2.2.11.jar
7ff3caccf000-7ff3cace2000 r--s 000c7000 fd:03 124977830                  /home/user/.m2/repository/com/sun/xml/bind/jaxb-impl/2.2.3-1/jaxb-impl-2.2.3-1.jar
7ff3cace2000-7ff3cace4000 r--s 0000f000 fd:03 125046244                  /home/user/.m2/repository/org/codehaus/jettison/jettison/1.1/jettison-1.1.jar
7ff3cace4000-7ff3cace8000 r--s 00025000 fd:03 124977764                  /home/user/.m2/repository/com/sun/jersey/jersey-json/1.19/jersey-json-1.19.jar
7ff3cace8000-7ff3cacec000 r--s 0001c000 fd:03 124977788                  /home/user/.m2/repository/com/sun/jersey/jersey-servlet/1.19/jersey-servlet-1.19.jar
7ff3cacec000-7ff3cacee000 r--s 0000a000 fd:03 124979115                  /home/user/.m2/repository/javax/ws/rs/jsr311-api/1.1.1/jsr311-api-1.1.1.jar
7ff3cacee000-7ff3cacf8000 r--s 00061000 fd:03 124977755                  /home/user/.m2/repository/com/sun/jersey/jersey-core/1.19/jersey-core-1.19.jar
7ff3cacf8000-7ff3cacfb000 r--s 00016000 fd:03 124979071                  /home/user/.m2/repository/javax/servlet/jsp/jsp-api/2.1/jsp-api-2.1.jar
7ff3cacfb000-7ff3cacfc000 r--s 0000c000 fd:03 287834697                  /home/user/.m2/repository/org/eclipse/jetty/jetty-xml/9.3.25.v20180904/jetty-xml-9.3.25.v20180904.jar
7ff3cacfc000-7ff3cacff000 r--s 0001a000 fd:03 287834690                  /home/user/.m2/repository/org/eclipse/jetty/jetty-webapp/9.3.25.v20180904/jetty-webapp-9.3.25.v20180904.jar
7ff3cacff000-7ff3cad02000 r--s 00015000 fd:03 287834695                  /home/user/.m2/repository/org/eclipse/jetty/jetty-security/9.3.25.v20180904/jetty-security-9.3.25.v20180904.jar
7ff3cad02000-7ff3cad05000 r--s 0001b000 fd:03 287834687                  /home/user/.m2/repository/org/eclipse/jetty/jetty-servlet/9.3.25.v20180904/jetty-servlet-9.3.25.v20180904.jar
7ff3cad05000-7ff3cad0c000 r--s 00069000 fd:03 287834689                  /home/user/.m2/repository/org/eclipse/jetty/jetty-util/9.3.25.v20180904/jetty-util-9.3.25.v20180904.jar
7ff3cad0c000-7ff3cad10000 r--s 0001b000 fd:03 287834691                  /home/user/.m2/repository/org/eclipse/jetty/jetty-io/9.3.25.v20180904/jetty-io-9.3.25.v20180904.jar
7ff3cad10000-7ff3cad13000 r--s 00022000 fd:03 287834685                  /home/user/.m2/repository/org/eclipse/jetty/jetty-http/9.3.25.v20180904/jetty-http-9.3.25.v20180904.jar
7ff3cad13000-7ff3cad1b000 r--s 00078000 fd:03 287834683                  /home/user/.m2/repository/org/eclipse/jetty/jetty-server/9.3.25.v20180904/jetty-server-9.3.25.v20180904.jar
7ff3cad1b000-7ff3cad1e000 r--s 00015000 fd:03 124979061                  /home/user/.m2/repository/javax/servlet/javax.servlet-api/3.1.0/javax.servlet-api-3.1.0.jar
7ff3cad1e000-7ff3cad2b000 r--s 00083000 fd:03 124978332                  /home/user/.m2/repository/commons-collections/commons-collections/3.2.2/commons-collections-3.2.2.jar
7ff3cad2b000-7ff3cad31000 r--s 00046000 fd:03 124978537                  /home/user/.m2/repository/commons-net/commons-net/3.6/commons-net-3.6.jar
7ff3cad31000-7ff3cad35000 r--s 0002f000 fd:03 124978443                  /home/user/.m2/repository/commons-io/commons-io/2.5/commons-io-2.5.jar
7ff3cad35000-7ff3cad3c000 r--s 0004b000 fd:03 124978264                  /home/user/.m2/repository/commons-codec/commons-codec/1.11/commons-codec-1.11.jar
7ff3cad3c000-7ff3cad43000 r--s 00049000 fd:03 124980228                  /home/user/.m2/repository/org/apache/httpcomponents/httpcore/4.4.4/httpcore-4.4.4.jar
7ff3cad43000-7ff3cad50000 r--s 000a7000 fd:03 124980175                  /home/user/.m2/repository/org/apache/httpcomponents/httpclient/4.5.2/httpclient-4.5.2.jar
7ff3cad50000-7ff3cad52000 r--s 00009000 fd:03 124978246                  /home/user/.m2/repository/commons-cli/commons-cli/1.2/commons-cli-1.2.jar
7ff3cad52000-7ff3cadcb000 r--s 007c0000 fd:03 124456713                  /usr/lib/jvm/java-1.8-openjdk/lib/tools.jar
7ff3cadcb000-7ff3cadcc000 r--s 0000e000 fd:03 124979958                  /home/user/.m2/repository/org/apache/hadoop/hadoop-annotations/3.2.0/hadoop-annotations-3.2.0.jar
7ff3cadcc000-7ff3cae0a000 r--s 003aa000 fd:03 124979988                  /home/user/.m2/repository/org/apache/hadoop/hadoop-common/3.2.0/hadoop-common-3.2.0.jar
7ff3cae0a000-7ff3cae10000 r--s 00033000 fd:03 124979150                  /home/user/.m2/repository/jaxen/jaxen/1.1.6/jaxen-1.1.6.jar
7ff3cae10000-7ff3cae11000 r--s 00002000 fd:03 124919670                  /home/user/.m2/repository/com/apple/AppleJavaExtensions/1.4/AppleJavaExtensions-1.4.jar
7ff3cae11000-7ff3cae16000 r--s 00041000 fd:03 124978467                  /home/user/.m2/repository/commons-lang/commons-lang/2.6/commons-lang-2.6.jar
7ff3cae16000-7ff3cae18000 r--s 0000c000 fd:03 125109718                  /home/user/.m2/repository/org/ow2/asm/asm/5.0.4/asm-5.0.4.jar
7ff3cae18000-7ff3cae1a000 r--s 00006000 fd:03 125109834                  /home/user/.m2/repository/org/ow2/asm/asm-tree/5.0.2/asm-tree-5.0.2.jar
7ff3cae1a000-7ff3cae1c000 r--s 00009000 fd:03 125109769                  /home/user/.m2/repository/org/ow2/asm/asm-commons/5.0.2/asm-commons-5.0.2.jar
7ff3cae1c000-7ff3cae21000 r--s 00058000 fd:03 125109788                  /home/user/.m2/repository/org/ow2/asm/asm-debug-all/5.0.2/asm-debug-all-5.0.2.jar
7ff3cae21000-7ff3cae26000 r--s 00016000 fd:03 125110630                  /home/user/.m2/repository/xml-apis/xml-apis/1.0.b2/xml-apis-1.0.b2.jar
7ff3cae26000-7ff3cae2b000 r--s 00048000 fd:03 124978603                  /home/user/.m2/repository/dom4j/dom4j/1.6.1/dom4j-1.6.1.jar
7ff3cae2b000-7ff3cae2d000 r--s 00005000 fd:03 124977251                  /home/user/.m2/repository/com/google/code/findbugs/jFormatString/2.0.1/jFormatString-2.0.1.jar
7ff3cae2d000-7ff3cae37000 r--s 0008c000 fd:03 124977233                  /home/user/.m2/repository/com/google/code/findbugs/bcel-findbugs/6.0/bcel-findbugs-6.0.jar
7ff3cae37000-7ff3cae3a000 r--s 00006000 fd:03 124977274                  /home/user/.m2/repository/com/google/code/findbugs/jsr305/3.0.0/jsr305-3.0.0.jar
7ff3cae3a000-7ff3cae3b000 r--s 00000000 fd:03 124979377                  /home/user/.m2/repository/net/jcip/jcip-annotations/1.0/jcip-annotations-1.0.jar
7ff3cae3b000-7ff3cae6a000 r--s 00371000 fd:03 124977242                  /home/user/.m2/repository/com/google/code/findbugs/findbugs/3.0.1/findbugs-3.0.1.jar
7ff3cae6a000-7ff3caec2000 r--s 003a7000 fd:03 125046129                  /home/user/.m2/repository/org/bouncycastle/bcprov-jdk15on/1.60/bcprov-jdk15on-1.60.jar
7ff3caec2000-7ff3caec8000 r--s 00045000 fd:03 125109314                  /home/user/.m2/repository/org/hamcrest/hamcrest-all/1.3/hamcrest-all-1.3.jar
7ff3caec8000-7ff3caee5000 r--s 0013e000 fd:03 125109528                  /home/user/.m2/repository/org/mockito/mockito-all/1.8.5/mockito-all-1.8.5.jar
7ff3caee5000-7ff3caee6000 r--s 00007000 fd:03 125109656                  /home/user/.m2/repository/org/openjdk/jmh/jmh-generator-annprocess/1.19/jmh-generator-annprocess-1.19.jar
7ff3caee6000-7ff3caf03000 r--s 0016a000 fd:03 124979733                  /home/user/.m2/repository/org/apache/commons/commons-math3/3.1.1/commons-math3-3.1.1.jar
7ff3caf03000-7ff3caf05000 r--s 0000e000 fd:03 124979413                  /home/user/.m2/repository/net/sf/jopt-simple/jopt-simple/4.6/jopt-simple-4.6.jar
7ff3caf05000-7ff3caf0e000 r--s 00072000 fd:03 125109647                  /home/user/.m2/repository/org/openjdk/jmh/jmh-core/1.19/jmh-core-1.19.jar
7ff3caf0e000-7ff3caf25000 r--s 00115000 fd:03 125046088                  /home/user/.m2/repository/org/assertj/assertj-core/3.8.0/assertj-core-3.8.0.jar
7ff3caf25000-7ff3caf27000 r--s 00009000 fd:03 125110074                  /home/user/.m2/repository/org/slf4j/slf4j-api/1.7.25/slf4j-api-1.7.25.jar
7ff3caf27000-7ff3caf2b000 r--s 0001e000 fd:03 124978626                  /home/user/.m2/repository/io/dropwizard/metrics/metrics-core/3.2.4/metrics-core-3.2.4.jar
7ff3caf2b000-7ff3caf2d000 r--s 00009000 fd:03 125109323                  /home/user/.m2/repository/org/hamcrest/hamcrest-core/1.3/hamcrest-core-1.3.jar
7ff3caf2d000-7ff3caf54000 r--s 00205000 fd:03 124978762                  /home/user/.m2/repository/io/netty/netty-all/4.0.52.Final/netty-all-4.0.52.Final.jar
7ff3caf54000-7ff3caf5a000 r--s 0003c000 fd:03 125110543                  /home/user/.m2/repository/org/yaml/snakeyaml/1.16/snakeyaml-1.16.jar
7ff3caf5a000-7ff3caf5b000 r--s 00002000 fd:03 124978937                  /home/user/.m2/repository/io/opentracing/opentracing-noop/0.31.0/opentracing-noop-0.31.0.jar
7ff3caf5b000-7ff3caf5d000 r--s 00002000 fd:03 124978928                  /home/user/.m2/repository/io/opentracing/opentracing-api/0.31.0/opentracing-api-0.31.0.jar
7ff3caf5d000-7ff3caf5e000 r--s 00001000 fd:03 124978946                  /home/user/.m2/repository/io/opentracing/opentracing-util/0.31.0/opentracing-util-0.31.0.jar
7ff3caf5e000-7ff3caf5f000 r--s 00001000 fd:03 124978913                  /home/user/.m2/repository/io/opentracing/contrib/opentracing-tracerresolver/0.1.5/opentracing-tracerresolver-0.1.5.jar
7ff3caf5f000-7ff3caf60000 r--s 00000000 fd:03 287834919                  /home/user/.m2/repository/io/jaegertracing/jaeger-tracerresolver/0.34.0/jaeger-tracerresolver-0.34.0.jar
7ff3caf60000-7ff3caf64000 r--s 0001c000 fd:03 287834918                  /home/user/.m2/repository/io/jaegertracing/jaeger-core/0.34.0/jaeger-core-0.34.0.jar
7ff3caf64000-7ff3caf65000 r--s 00013000 fd:03 124977703                  /home/user/.m2/repository/com/squareup/okio/okio/1.13.0/okio-1.13.0.jar
7ff3caf65000-7ff3caf6b000 r--s 0005e000 fd:03 124977687                  /home/user/.m2/repository/com/squareup/okhttp3/okhttp/3.9.0/okhttp-3.9.0.jar
7ff3caf6b000-7ff3caf71000 r--s 00037000 fd:03 287834916                  /home/user/.m2/repository/org/apache/thrift/libthrift/0.12.0/libthrift-0.12.0.jar
7ff3caf71000-7ff3caf7f000 r--s 0009e000 fd:03 287834914                  /home/user/.m2/repository/io/jaegertracing/jaeger-thrift/0.34.0/jaeger-thrift-0.34.0.jar
7ff3caf7f000-7ff3caf80000 r--s 00000000 fd:03 287834913                  /home/user/.m2/repository/io/jaegertracing/jaeger-client/0.34.0/jaeger-client-0.34.0.jar
7ff3caf80000-7ff3caf84000 r--s 00020000 fd:03 124978378                  /home/user/.m2/repository/commons-digester/commons-digester/1.8.1/commons-digester-1.8.1.jar
7ff3caf84000-7ff3caf88000 r--s 0002a000 fd:03 124978563                  /home/user/.m2/repository/commons-validator/commons-validator/1.6/commons-validator-1.6.jar
7ff3caf88000-7ff3caf9b000 r--s 000b0000 fd:03 125046120                  /home/user/.m2/repository/org/bouncycastle/bcpkix-jdk15on/1.60/bcpkix-jdk15on-1.60.jar
7ff3caf9b000-7ff3caf9e000 r--s 0001d000 fd:03 124979851                  /home/user/.m2/repository/org/apache/commons/commons-pool2/2.6.0/commons-pool2-2.6.0.jar
7ff3caf9e000-7ff3cafa1000 r--s 00012000 fd:03 124977589                  /home/user/.m2/repository/com/lmax/disruptor/3.4.2/disruptor-3.4.2.jar
7ff3cafa1000-7ff3cafc1000 r--s 00167000 fd:03 125042877                  /home/user/.m2/repository/org/apache/logging/log4j/log4j-core/2.11.0/log4j-core-2.11.0.jar
7ff3cafc1000-7ff3cafc7000 r--s 0003b000 fd:03 125042868                  /home/user/.m2/repository/org/apache/logging/log4j/log4j-api/2.11.0/log4j-api-2.11.0.jar
7ff3cafc7000-7ff3cafcc000 r--s 00c4f000 fd:03 125110025                  /home/user/.m2/repository/org/rocksdb/rocksdbjni/6.0.1/rocksdbjni-6.0.1.jar
7ff3cafcc000-7ff3cafcf000 r--s 00018000 fd:03 287834910                  /home/user/.m2/repository/org/apache/ratis/ratis-grpc/0.4.0/ratis-grpc-0.4.0.jar
7ff3cafcf000-7ff3cafd1000 r--s 00007000 fd:03 287834908                  /home/user/.m2/repository/org/apache/ratis/ratis-netty/0.4.0/ratis-netty-0.4.0.jar
7ff3cafd1000-7ff3cafd3000 r--s 00009000 fd:03 287834907                  /home/user/.m2/repository/info/ganglia/gmetric4j/gmetric4j/1.0.7/gmetric4j-1.0.7.jar
7ff3cafd3000-7ff3cafd4000 r--s 00002000 fd:03 287834888                  /home/user/.m2/repository/io/dropwizard/metrics/metrics-ganglia/3.2.5/metrics-ganglia-3.2.5.jar
7ff3cafd4000-7ff3cafd6000 r--s 00008000 fd:03 287834901                  /home/user/.m2/repository/io/dropwizard/metrics/metrics-jvm/3.2.5/metrics-jvm-3.2.5.jar
7ff3cafd6000-7ff3cafd7000 r--s 00003000 fd:03 287834896                  /home/user/.m2/repository/com/github/joshelser/dropwizard-metrics-hadoop-metrics2-reporter/0.1.2/dropwizard-metrics-hadoop-metrics2-reporter-0.1.2.jar
7ff3cafd7000-7ff3cafe5000 r--s 0010d000 fd:03 287834891                  /home/user/.m2/repository/org/apache/ratis/ratis-proto/0.4.0/ratis-proto-0.4.0.jar
7ff3cafe5000-7ff3cb0bf000 r--s 00cc8000 fd:03 125045773                  /home/user/.m2/repository/org/apache/ratis/ratis-thirdparty-misc/0.2.0/ratis-thirdparty-misc-0.2.0.jar
7ff3cb0bf000-7ff3cb0c2000 ---p 00000000 00:00 0 
7ff3cb0c2000-7ff3cb1c0000 rw-p 00000000 00:00 0 
7ff3cb1c0000-7ff3cb3c7000 r-xp 00000000 fd:03 124456620                  /usr/lib/jvm/java-1.8-openjdk/jre/lib/amd64/libmanagement.so
7ff3cb3c7000-7ff3cb3c8000 r--p 00007000 fd:03 124456620                  /usr/lib/jvm/java-1.8-openjdk/jre/lib/amd64/libmanagement.so
7ff3cb3c8000-7ff3cb3c9000 rw-p 00008000 fd:03 124456620                  /usr/lib/jvm/java-1.8-openjdk/jre/lib/amd64/libmanagement.so
7ff3cb3c9000-7ff3cb3cc000 ---p 00000000 00:00 0 
7ff3cb3cc000-7ff3cb4ca000 rw-p 00000000 00:00 0 
7ff3cb4ca000-7ff3cb4cb000 ---p 00000000 00:00 0 
7ff3cb4cb000-7ff3cb5cc000 rw-p 00000000 00:00 0 
7ff3cb5cc000-7ff3cb5cf000 ---p 00000000 00:00 0 
7ff3cb5cf000-7ff3cb6cd000 rw-p 00000000 00:00 0 
7ff3cb6cd000-7ff3cb6ce000 ---p 00000000 00:00 0 
7ff3cb6ce000-7ff3cb6d1000 ---p 00000000 00:00 0 
7ff3cb6d1000-7ff3cb7cf000 rw-p 00000000 00:00 0 
7ff3cb7cf000-7ff3cb7d0000 ---p 00000000 00:00 0 
7ff3cb7d0000-7ff3cb7d3000 ---p 00000000 00:00 0 
7ff3cb7d3000-7ff3cb8d1000 rw-p 00000000 00:00 0 
7ff3cb8d1000-7ff3cb8d4000 ---p 00000000 00:00 0 
7ff3cb8d4000-7ff3cb9d2000 rw-p 00000000 00:00 0 
7ff3cb9d2000-7ff3cb9d5000 ---p 00000000 00:00 0 
7ff3cb9d5000-7ff3cbad3000 rw-p 00000000 00:00 0 
7ff3cbad3000-7ff3cbad6000 ---p 00000000 00:00 0 
7ff3cbad6000-7ff3cbbd4000 rw-p 00000000 00:00 0 
7ff3cbbd4000-7ff3cbbd5000 ---p 00000000 00:00 0 
7ff3cbbd5000-7ff3cc5df000 rw-p 00000000 00:00 0 
7ff3cc5df000-7ff3cc7af000 r--s 01f56000 fd:03 124456685                  /usr/lib/jvm/java-1.8-openjdk/jre/lib/rt.jar
7ff3cc7af000-7ff3d1425000 rw-p 00000000 00:00 0 
7ff3d1425000-7ff3d1426000 ---p 00000000 00:00 0 
7ff3d1426000-7ff3d1527000 rw-p 00000000 00:00 0 
7ff3d1527000-7ff3d1528000 ---p 00000000 00:00 0 
7ff3d1528000-7ff3d17d8000 rw-p 00000000 00:00 0 
7ff3d17d8000-7ff3d18d4000 ---p 00000000 00:00 0 
7ff3d18d4000-7ff3d1a83000 rw-p 00000000 00:00 0 
7ff3d1a83000-7ff3d1b7e000 ---p 00000000 00:00 0 
7ff3d1b7e000-7ff3d1ced000 rw-p 00000000 00:00 0 
7ff3d1ced000-7ff3d2095000 ---p 00000000 00:00 0 
7ff3d2095000-7ff3d2695000 rwxp 00000000 00:00 0 
7ff3d2695000-7ff3e1095000 ---p 00000000 00:00 0 
7ff3e1095000-7ff3e129c000 r-xp 00000000 fd:03 124456629                  /usr/lib/jvm/java-1.8-openjdk/jre/lib/amd64/libzip.so
7ff3e129c000-7ff3e129d000 r--p 00007000 fd:03 124456629                  /usr/lib/jvm/java-1.8-openjdk/jre/lib/amd64/libzip.so
7ff3e129d000-7ff3e129e000 rw-p 00008000 fd:03 124456629                  /usr/lib/jvm/java-1.8-openjdk/jre/lib/amd64/libzip.so
7ff3e129e000-7ff3e14c9000 r-xp 00000000 fd:03 124456610                  /usr/lib/jvm/java-1.8-openjdk/jre/lib/amd64/libjava.so
7ff3e14c9000-7ff3e14ca000 r--p 0002b000 fd:03 124456610                  /usr/lib/jvm/java-1.8-openjdk/jre/lib/amd64/libjava.so
7ff3e14ca000-7ff3e14cb000 rw-p 0002c000 fd:03 124456610                  /usr/lib/jvm/java-1.8-openjdk/jre/lib/amd64/libjava.so
7ff3e14cb000-7ff3e14cc000 rw-p 00000000 00:00 0 
7ff3e14cc000-7ff3e16d8000 r-xp 00000000 fd:03 124456628                  /usr/lib/jvm/java-1.8-openjdk/jre/lib/amd64/libverify.so
7ff3e16d8000-7ff3e16da000 r--p 0000c000 fd:03 124456628                  /usr/lib/jvm/java-1.8-openjdk/jre/lib/amd64/libverify.so
7ff3e16da000-7ff3e16db000 rw-p 0000e000 fd:03 124456628                  /usr/lib/jvm/java-1.8-openjdk/jre/lib/amd64/libverify.so
7ff3e16db000-7ff3e18eb000 r-xp 00000000 fd:03 124456786                  /usr/lib/libgcc_s.so.1
7ff3e18eb000-7ff3e18ec000 r--p 00010000 fd:03 124456786                  /usr/lib/libgcc_s.so.1
7ff3e18ec000-7ff3e18ed000 rw-p 00011000 fd:03 124456786                  /usr/lib/libgcc_s.so.1
7ff3e18ed000-7ff3e1c2e000 r-xp 00000000 fd:03 124456909                  /usr/lib/libstdc++.so.6.0.22
7ff3e1c2e000-7ff3e1c3c000 r--p 00141000 fd:03 124456909                  /usr/lib/libstdc++.so.6.0.22
7ff3e1c3c000-7ff3e1c3d000 rw-p 0014f000 fd:03 124456909                  /usr/lib/libstdc++.so.6.0.22
7ff3e1c3d000-7ff3e1c40000 rw-p 00000000 00:00 0 
7ff3e1c40000-7ff3e2614000 r-xp 00000000 fd:03 124456633                  /usr/lib/jvm/java-1.8-openjdk/jre/lib/amd64/server/libjvm.so
7ff3e2614000-7ff3e26aa000 r--p 007d4000 fd:03 124456633                  /usr/lib/jvm/java-1.8-openjdk/jre/lib/amd64/server/libjvm.so
7ff3e26aa000-7ff3e26d2000 rw-p 0086a000 fd:03 124456633                  /usr/lib/jvm/java-1.8-openjdk/jre/lib/amd64/server/libjvm.so
7ff3e26d2000-7ff3e2703000 rw-p 00000000 00:00 0 
7ff3e2703000-7ff3e2918000 r-xp 00000000 fd:03 210567199                  /lib/libz.so.1.2.11
7ff3e2918000-7ff3e2919000 r--p 00015000 fd:03 210567199                  /lib/libz.so.1.2.11
7ff3e2919000-7ff3e291a000 rw-p 00016000 fd:03 210567199                  /lib/libz.so.1.2.11
7ff3e291a000-7ff3e2b26000 r-xp 00000000 fd:03 124456594                  /usr/lib/jvm/java-1.8-openjdk/jre/lib/amd64/jli/libjli.so
7ff3e2b26000-7ff3e2b27000 r--p 0000c000 fd:03 124456594                  /usr/lib/jvm/java-1.8-openjdk/jre/lib/amd64/jli/libjli.so
7ff3e2b27000-7ff3e2b28000 rw-p 0000d000 fd:03 124456594                  /usr/lib/jvm/java-1.8-openjdk/jre/lib/amd64/jli/libjli.so
7ff3e2b28000-7ff3e2bb5000 r-xp 00000000 fd:03 124389454                  /lib/ld-musl-x86_64.so.1
7ff3e2bb5000-7ff3e2bb6000 r--s 00006000 fd:03 287834897                  /home/user/.m2/repository/org/apache/ratis/ratis-metrics/0.4.0/ratis-metrics-0.4.0.jar
7ff3e2bb6000-7ff3e2bb8000 r--s 0000c000 fd:03 287834893                  /home/user/.m2/repository/org/apache/ratis/ratis-client/0.4.0/ratis-client-0.4.0.jar
7ff3e2bb8000-7ff3e2bbd000 r--s 0003a000 fd:03 287834895                  /home/user/.m2/repository/org/apache/ratis/ratis-common/0.4.0/ratis-common-0.4.0.jar
7ff3e2bbd000-7ff3e2bc3000 r--s 00050000 fd:03 287834889                  /home/user/.m2/repository/org/apache/ratis/ratis-server/0.4.0/ratis-server-0.4.0.jar
7ff3e2bc3000-7ff3e2bc6000 r--s 000fd000 fd:03 125109035                  /home/user/.m2/repository/org/fusesource/leveldbjni/leveldbjni-all/1.8/leveldbjni-all-1.8.jar
7ff3e2bc6000-7ff3e2bc8000 r--s 00005000 fd:03 124979000                  /home/user/.m2/repository/javax/annotation/javax.annotation-api/1.2/javax.annotation-api-1.2.jar
7ff3e2bc8000-7ff3e2bca000 r--s 00002000 fd:03 125045372                  /home/user/.m2/repository/org/apache/maven/surefire/surefire-logger-api/3.0.0-M1/surefire-logger-api-3.0.0-M1.jar
7ff3e2bca000-7ff3e2bcf000 r--s 00027000 fd:03 125045354                  /home/user/.m2/repository/org/apache/maven/surefire/surefire-api/3.0.0-M1/surefire-api-3.0.0-M1.jar
7ff3e2bcf000-7ff3e2bd5000 r--s 00047000 fd:03 125045363                  /home/user/.m2/repository/org/apache/maven/surefire/surefire-booter/3.0.0-M1/surefire-booter-3.0.0-M1.jar
7ff3e2bd5000-7ff3e2bd6000 r--s 00004000 fd:05 27132641                   /workdir/hadoop-hdds/server-scm/target/surefire/surefirebooter4823171567312745332.jar
7ff3e2bd6000-7ff3e2bd7000 r--s 00000000 fd:03 210503305                  /etc/localtime
7ff3e2bd7000-7ff3e2ca8000 rw-p 00000000 00:00 0 
7ff3e2ca8000-7ff3e2cb0000 rw-s 00000000 fd:03 286330387                  /tmp/hsperfdata_jenkins1000/6199
7ff3e2cb0000-7ff3e2cb1000 rw-p 00000000 00:00 0 
7ff3e2cb1000-7ff3e2cb2000 r--p 00000000 00:00 0 
7ff3e2cb2000-7ff3e2cb4000 ---p 00000000 00:00 0 
7ff3e2cb4000-7ff3e2cb7000 ---p 00000000 00:00 0 
7ff3e2cb7000-7ff3e2db5000 rw-p 00000000 00:00 0 
7ff3e2db5000-7ff3e2db6000 r--p 0008d000 fd:03 124389454                  /lib/ld-musl-x86_64.so.1
7ff3e2db6000-7ff3e2db7000 rw-p 0008e000 fd:03 124389454                  /lib/ld-musl-x86_64.so.1
7ff3e2db7000-7ff3e2dba000 rw-p 00000000 00:00 0 
7ffe30414000-7ffe30436000 rw-p 00000000 00:00 0                          [stack]
7ffe305a4000-7ffe305a6000 r-xp 00000000 00:00 0                          [vdso]
ffffffffff600000-ffffffffff601000 r-xp 00000000 00:00 0                  [vsyscall]

VM Arguments:
jvm_args: -Xmx2048m -XX:+HeapDumpOnOutOfMemoryError 
java_command: /workdir/hadoop-hdds/server-scm/target/surefire/surefirebooter4823171567312745332.jar /workdir/hadoop-hdds/server-scm/target/surefire 2019-09-23T17-23-36_312-jvmRun1 surefire7709574857993432627tmp surefire_576168977718640783148tmp
java_class_path (initial): /workdir/hadoop-hdds/server-scm/target/surefire/surefirebooter4823171567312745332.jar
Launcher Type: SUN_STANDARD

Environment Variables:
PATH=/usr/local/sbin:/usr/local/bin:/usr/sbin:/usr/bin:/sbin:/bin:/opt/findbugs/bin:/opt/blockade/bin
LD_LIBRARY_PATH=/usr/lib/jvm/java-1.8-openjdk/jre/lib/amd64/server:/usr/lib/jvm/java-1.8-openjdk/jre/lib/amd64:/usr/lib/jvm/java-1.8-openjdk/jre/../lib/amd64:/workdir/hadoop-hdds/server-scm/target/native/target/usr/local/lib:/workdir/hadoop-hdds/server-scm/../../hadoop-common-project/hadoop-common/target/native/target/usr/local/lib
DYLD_LIBRARY_PATH=${env.DYLD_LIBRARY_PATH}:/workdir/hadoop-hdds/server-scm/target/native/target/usr/local/lib:/workdir/hadoop-hdds/server-scm/../../hadoop-common-project/hadoop-common/target/native/target/usr/local/lib

Signal Handlers:
SIGSEGV: [libjvm.so+0x600fd2], sa_mask[0]=11111111011111111101111111111110, sa_flags=SA_RESTART|SA_SIGINFO
SIGBUS: [libjvm.so+0x600fd2], sa_mask[0]=11111111011111111101111111111110, sa_flags=SA_RESTART|SA_SIGINFO
SIGFPE: [libjvm.so+0x539502], sa_mask[0]=11111111011111111101111111111110, sa_flags=SA_RESTART|SA_SIGINFO
SIGPIPE: [libjvm.so+0x539502], sa_mask[0]=11111111011111111101111111111110, sa_flags=SA_RESTART|SA_SIGINFO
SIGXFSZ: [libjvm.so+0x539502], sa_mask[0]=11111111011111111101111111111110, sa_flags=SA_RESTART|SA_SIGINFO
SIGILL: [libjvm.so+0x539502], sa_mask[0]=11111111011111111101111111111110, sa_flags=SA_RESTART|SA_SIGINFO
SIGUSR1: SIG_DFL, sa_mask[0]=00000000000000000000000000000000, sa_flags=none
SIGUSR2: [libjvm.so+0x5396a1], sa_mask[0]=00100000000000000000000000000000, sa_flags=SA_RESTART|SA_SIGINFO
SIGHUP: [libjvm.so+0x53b719], sa_mask[0]=11111111011111111101111111111110, sa_flags=SA_RESTART|SA_SIGINFO
SIGINT: [libjvm.so+0x53b719], sa_mask[0]=11111111011111111101111111111110, sa_flags=SA_RESTART|SA_SIGINFO
SIGTERM: [libjvm.so+0x53b719], sa_mask[0]=11111111011111111101111111111110, sa_flags=SA_RESTART|SA_SIGINFO
SIGQUIT: [libjvm.so+0x53b719], sa_mask[0]=11111111011111111101111111111110, sa_flags=SA_RESTART|SA_SIGINFO


---------------  S Y S T E M  ---------------

OS:NAME="Alpine Linux"
ID=alpine
VERSION_ID=3.8.2
PRETTY_NAME="Alpine Linux v3.8"
HOME_URL="http://alpinelinux.org"
BUG_REPORT_URL="http://bugs.alpinelinux.org"

uname:Linux 3.10.0-957.12.2.el7.x86_64 #1 SMP Tue May 14 21:24:32 UTC 2019 x86_64
libc:glibc 2.9 NPTL 
rlimit: STACK 8192k, CORE infinity, NPROC 1048576, NOFILE 1048576, AS infinity
load average:7.48 9.80 8.46

/proc/meminfo:
MemTotal:       263864176 kB
MemFree:        14722964 kB
MemAvailable:   81128500 kB
Buffers:         9572440 kB
Cached:         46862212 kB
SwapCached:            0 kB
Active:         204892964 kB
Inactive:       26127780 kB
Active(anon):   177074464 kB
Inactive(anon):  1700400 kB
Active(file):   27818500 kB
Inactive(file): 24427380 kB
Unevictable:       13856 kB
Mlocked:           13856 kB
SwapTotal:             0 kB
SwapFree:              0 kB
Dirty:             11208 kB
Writeback:             0 kB
AnonPages:      174600436 kB
Mapped:           387844 kB
Shmem:           4184680 kB
Slab:           15967948 kB
SReclaimable:   15043748 kB
SUnreclaim:       924200 kB
KernelStack:       71984 kB
PageTables:       374540 kB
NFS_Unstable:          0 kB
Bounce:                0 kB
WritebackTmp:          0 kB
CommitLimit:    131932088 kB
Committed_AS:   274500124 kB
VmallocTotal:   34359738367 kB
VmallocUsed:      758244 kB
VmallocChunk:   34224568680 kB
HardwareCorrupted:     0 kB
AnonHugePages:  23058432 kB
CmaTotal:              0 kB
CmaFree:               0 kB
HugePages_Total:       0
HugePages_Free:        0
HugePages_Rsvd:        0
HugePages_Surp:        0
Hugepagesize:       2048 kB
DirectMap4k:      365304 kB
DirectMap2M:    21547008 kB
DirectMap1G:    248512512 kB

container (cgroup) information:
container_type: cgroupv1
cpu_cpuset_cpus: 0-31
cpu_memory_nodes: 0-1
active_processor_count: 2
cpu_quota: -1
cpu_period: 100000
cpu_shares: 2048
memory_limit_in_bytes: -1
memory_and_swap_limit_in_bytes: -1
memory_soft_limit_in_bytes: -1
memory_usage_in_bytes: 8565657600
memory_max_usage_in_bytes: 9702637568


CPU:total 32 (initial active 2) (8 cores per cpu, 2 threads per core) family 6 model 63 stepping 2, cmov, cx8, fxsr, mmx, sse, sse2, sse3, ssse3, sse4.1, sse4.2, popcnt, avx, avx2, aes, clmul, erms, lzcnt, ht, tsc, tscinvbit, bmi1, bmi2

/proc/cpuinfo:
processor	: 0
vendor_id	: GenuineIntel
cpu family	: 6
model		: 63
model name	: Intel(R) Xeon(R) CPU E5-2630 v3 @ 2.40GHz
stepping	: 2
microcode	: 0x43
cpu MHz		: 1260.937
cache size	: 20480 KB
physical id	: 0
siblings	: 16
core id		: 0
cpu cores	: 8
apicid		: 0
initial apicid	: 0
fpu		: yes
fpu_exception	: yes
cpuid level	: 15
wp		: yes
flags		: fpu vme de pse tsc msr pae mce cx8 apic sep mtrr pge mca cmov pat pse36 clflush dts acpi mmx fxsr sse sse2 ss ht tm pbe syscall nx pdpe1gb rdtscp lm constant_tsc arch_perfmon pebs bts rep_good nopl xtopology nonstop_tsc aperfmperf eagerfpu pni pclmulqdq dtes64 monitor ds_cpl vmx smx est tm2 ssse3 sdbg fma cx16 xtpr pdcm pcid dca sse4_1 sse4_2 x2apic movbe popcnt tsc_deadline_timer aes xsave avx f16c rdrand lahf_lm abm epb intel_ppin ssbd ibrs ibpb stibp tpr_shadow vnmi flexpriority ept vpid fsgsbase tsc_adjust bmi1 avx2 smep bmi2 erms invpcid cqm xsaveopt cqm_llc cqm_occup_llc dtherm ida arat pln pts md_clear spec_ctrl intel_stibp flush_l1d
bogomips	: 4788.37
clflush size	: 64
cache_alignment	: 64
address sizes	: 46 bits physical, 48 bits virtual
power management:

processor	: 1
vendor_id	: GenuineIntel
cpu family	: 6
model		: 63
model name	: Intel(R) Xeon(R) CPU E5-2630 v3 @ 2.40GHz
stepping	: 2
microcode	: 0x43
cpu MHz		: 1498.681
cache size	: 20480 KB
physical id	: 0
siblings	: 16
core id		: 1
cpu cores	: 8
apicid		: 2
initial apicid	: 2
fpu		: yes
fpu_exception	: yes
cpuid level	: 15
wp		: yes
flags		: fpu vme de pse tsc msr pae mce cx8 apic sep mtrr pge mca cmov pat pse36 clflush dts acpi mmx fxsr sse sse2 ss ht tm pbe syscall nx pdpe1gb rdtscp lm constant_tsc arch_perfmon pebs bts rep_good nopl xtopology nonstop_tsc aperfmperf eagerfpu pni pclmulqdq dtes64 monitor ds_cpl vmx smx est tm2 ssse3 sdbg fma cx16 xtpr pdcm pcid dca sse4_1 sse4_2 x2apic movbe popcnt tsc_deadline_timer aes xsave avx f16c rdrand lahf_lm abm epb intel_ppin ssbd ibrs ibpb stibp tpr_shadow vnmi flexpriority ept vpid fsgsbase tsc_adjust bmi1 avx2 smep bmi2 erms invpcid cqm xsaveopt cqm_llc cqm_occup_llc dtherm ida arat pln pts md_clear spec_ctrl intel_stibp flush_l1d
bogomips	: 4788.37
clflush size	: 64
cache_alignment	: 64
address sizes	: 46 bits physical, 48 bits virtual
power management:

processor	: 2
vendor_id	: GenuineIntel
cpu family	: 6
model		: 63
model name	: Intel(R) Xeon(R) CPU E5-2630 v3 @ 2.40GHz
stepping	: 2
microcode	: 0x43
cpu MHz		: 1810.400
cache size	: 20480 KB
physical id	: 0
siblings	: 16
core id		: 2
cpu cores	: 8
apicid		: 4
initial apicid	: 4
fpu		: yes
fpu_exception	: yes
cpuid level	: 15
wp		: yes
flags		: fpu vme de pse tsc msr pae mce cx8 apic sep mtrr pge mca cmov pat pse36 clflush dts acpi mmx fxsr sse sse2 ss ht tm pbe syscall nx pdpe1gb rdtscp lm constant_tsc arch_perfmon pebs bts rep_good nopl xtopology nonstop_tsc aperfmperf eagerfpu pni pclmulqdq dtes64 monitor ds_cpl vmx smx est tm2 ssse3 sdbg fma cx16 xtpr pdcm pcid dca sse4_1 sse4_2 x2apic movbe popcnt tsc_deadline_timer aes xsave avx f16c rdrand lahf_lm abm epb intel_ppin ssbd ibrs ibpb stibp tpr_shadow vnmi flexpriority ept vpid fsgsbase tsc_adjust bmi1 avx2 smep bmi2 erms invpcid cqm xsaveopt cqm_llc cqm_occup_llc dtherm ida arat pln pts md_clear spec_ctrl intel_stibp flush_l1d
bogomips	: 4788.37
clflush size	: 64
cache_alignment	: 64
address sizes	: 46 bits physical, 48 bits virtual
power management:

processor	: 3
vendor_id	: GenuineIntel
cpu family	: 6
model		: 63
model name	: Intel(R) Xeon(R) CPU E5-2630 v3 @ 2.40GHz
stepping	: 2
microcode	: 0x43
cpu MHz		: 1500.000
cache size	: 20480 KB
physical id	: 0
siblings	: 16
core id		: 3
cpu cores	: 8
apicid		: 6
initial apicid	: 6
fpu		: yes
fpu_exception	: yes
cpuid level	: 15
wp		: yes
flags		: fpu vme de pse tsc msr pae mce cx8 apic sep mtrr pge mca cmov pat pse36 clflush dts acpi mmx fxsr sse sse2 ss ht tm pbe syscall nx pdpe1gb rdtscp lm constant_tsc arch_perfmon pebs bts rep_good nopl xtopology nonstop_tsc aperfmperf eagerfpu pni pclmulqdq dtes64 monitor ds_cpl vmx smx est tm2 ssse3 sdbg fma cx16 xtpr pdcm pcid dca sse4_1 sse4_2 x2apic movbe popcnt tsc_deadline_timer aes xsave avx f16c rdrand lahf_lm abm epb intel_ppin ssbd ibrs ibpb stibp tpr_shadow vnmi flexpriority ept vpid fsgsbase tsc_adjust bmi1 avx2 smep bmi2 erms invpcid cqm xsaveopt cqm_llc cqm_occup_llc dtherm ida arat pln pts md_clear spec_ctrl intel_stibp flush_l1d
bogomips	: 4788.37
clflush size	: 64
cache_alignment	: 64
address sizes	: 46 bits physical, 48 bits virtual
power management:

processor	: 4
vendor_id	: GenuineIntel
cpu family	: 6
model		: 63
model name	: Intel(R) Xeon(R) CPU E5-2630 v3 @ 2.40GHz
stepping	: 2
microcode	: 0x43
cpu MHz		: 1599.902
cache size	: 20480 KB
physical id	: 0
siblings	: 16
core id		: 4
cpu cores	: 8
apicid		: 8
initial apicid	: 8
fpu		: yes
fpu_exception	: yes
cpuid level	: 15
wp		: yes
flags		: fpu vme de pse tsc msr pae mce cx8 apic sep mtrr pge mca cmov pat pse36 clflush dts acpi mmx fxsr sse sse2 ss ht tm pbe syscall nx pdpe1gb rdtscp lm constant_tsc arch_perfmon pebs bts rep_good nopl xtopology nonstop_tsc aperfmperf eagerfpu pni pclmulqdq dtes64 monitor ds_cpl vmx smx est tm2 ssse3 sdbg fma cx16 xtpr pdcm pcid dca sse4_1 sse4_2 x2apic movbe popcnt tsc_deadline_timer aes xsave avx f16c rdrand lahf_lm abm epb intel_ppin ssbd ibrs ibpb stibp tpr_shadow vnmi flexpriority ept vpid fsgsbase tsc_adjust bmi1 avx2 smep bmi2 erms invpcid cqm xsaveopt cqm_llc cqm_occup_llc dtherm ida arat pln pts md_clear spec_ctrl intel_stibp flush_l1d
bogomips	: 4788.37
clflush size	: 64
cache_alignment	: 64
address sizes	: 46 bits physical, 48 bits virtual
power management:

processor	: 5
vendor_id	: GenuineIntel
cpu family	: 6
model		: 63
model name	: Intel(R) Xeon(R) CPU E5-2630 v3 @ 2.40GHz
stepping	: 2
microcode	: 0x43
cpu MHz		: 2285.449
cache size	: 20480 KB
physical id	: 0
siblings	: 16
core id		: 5
cpu cores	: 8
apicid		: 10
initial apicid	: 10
fpu		: yes
fpu_exception	: yes
cpuid level	: 15
wp		: yes
flags		: fpu vme de pse tsc msr pae mce cx8 apic sep mtrr pge mca cmov pat pse36 clflush dts acpi mmx fxsr sse sse2 ss ht tm pbe syscall nx pdpe1gb rdtscp lm constant_tsc arch_perfmon pebs bts rep_good nopl xtopology nonstop_tsc aperfmperf eagerfpu pni pclmulqdq dtes64 monitor ds_cpl vmx smx est tm2 ssse3 sdbg fma cx16 xtpr pdcm pcid dca sse4_1 sse4_2 x2apic movbe popcnt tsc_deadline_timer aes xsave avx f16c rdrand lahf_lm abm epb intel_ppin ssbd ibrs ibpb stibp tpr_shadow vnmi flexpriority ept vpid fsgsbase tsc_adjust bmi1 avx2 smep bmi2 erms invpcid cqm xsaveopt cqm_llc cqm_occup_llc dtherm ida arat pln pts md_clear spec_ctrl intel_stibp flush_l1d
bogomips	: 4788.37
clflush size	: 64
cache_alignment	: 64
address sizes	: 46 bits physical, 48 bits virtual
power management:

processor	: 6
vendor_id	: GenuineIntel
cpu family	: 6
model		: 63
model name	: Intel(R) Xeon(R) CPU E5-2630 v3 @ 2.40GHz
stepping	: 2
microcode	: 0x43
cpu MHz		: 2727.832
cache size	: 20480 KB
physical id	: 0
siblings	: 16
core id		: 6
cpu cores	: 8
apicid		: 12
initial apicid	: 12
fpu		: yes
fpu_exception	: yes
cpuid level	: 15
wp		: yes
flags		: fpu vme de pse tsc msr pae mce cx8 apic sep mtrr pge mca cmov pat pse36 clflush dts acpi mmx fxsr sse sse2 ss ht tm pbe syscall nx pdpe1gb rdtscp lm constant_tsc arch_perfmon pebs bts rep_good nopl xtopology nonstop_tsc aperfmperf eagerfpu pni pclmulqdq dtes64 monitor ds_cpl vmx smx est tm2 ssse3 sdbg fma cx16 xtpr pdcm pcid dca sse4_1 sse4_2 x2apic movbe popcnt tsc_deadline_timer aes xsave avx f16c rdrand lahf_lm abm epb intel_ppin ssbd ibrs ibpb stibp tpr_shadow vnmi flexpriority ept vpid fsgsbase tsc_adjust bmi1 avx2 smep bmi2 erms invpcid cqm xsaveopt cqm_llc cqm_occup_llc dtherm ida arat pln pts md_clear spec_ctrl intel_stibp flush_l1d
bogomips	: 4788.37
clflush size	: 64
cache_alignment	: 64
address sizes	: 46 bits physical, 48 bits virtual
power management:

processor	: 7
vendor_id	: GenuineIntel
cpu family	: 6
model		: 63
model name	: Intel(R) Xeon(R) CPU E5-2630 v3 @ 2.40GHz
stepping	: 2
microcode	: 0x43
cpu MHz		: 1798.242
cache size	: 20480 KB
physical id	: 0
siblings	: 16
core id		: 7
cpu cores	: 8
apicid		: 14
initial apicid	: 14
fpu		: yes
fpu_exception	: yes
cpuid level	: 15
wp		: yes
flags		: fpu vme de pse tsc msr pae mce cx8 apic sep mtrr pge mca cmov pat pse36 clflush dts acpi mmx fxsr sse sse2 ss ht tm pbe syscall nx pdpe1gb rdtscp lm constant_tsc arch_perfmon pebs bts rep_good nopl xtopology nonstop_tsc aperfmperf eagerfpu pni pclmulqdq dtes64 monitor ds_cpl vmx smx est tm2 ssse3 sdbg fma cx16 xtpr pdcm pcid dca sse4_1 sse4_2 x2apic movbe popcnt tsc_deadline_timer aes xsave avx f16c rdrand lahf_lm abm epb intel_ppin ssbd ibrs ibpb stibp tpr_shadow vnmi flexpriority ept vpid fsgsbase tsc_adjust bmi1 avx2 smep bmi2 erms invpcid cqm xsaveopt cqm_llc cqm_occup_llc dtherm ida arat pln pts md_clear spec_ctrl intel_stibp flush_l1d
bogomips	: 4788.37
clflush size	: 64
cache_alignment	: 64
address sizes	: 46 bits physical, 48 bits virtual
power management:

processor	: 8
vendor_id	: GenuineIntel
cpu family	: 6
model		: 63
model name	: Intel(R) Xeon(R) CPU E5-2630 v3 @ 2.40GHz
stepping	: 2
microcode	: 0x43
cpu MHz		: 1598.291
cache size	: 20480 KB
physical id	: 1
siblings	: 16
core id		: 0
cpu cores	: 8
apicid		: 16
initial apicid	: 16
fpu		: yes
fpu_exception	: yes
cpuid level	: 15
wp		: yes
flags		: fpu vme de pse tsc msr pae mce cx8 apic sep mtrr pge mca cmov pat pse36 clflush dts acpi mmx fxsr sse sse2 ss ht tm pbe syscall nx pdpe1gb rdtscp lm constant_tsc arch_perfmon pebs bts rep_good nopl xtopology nonstop_tsc aperfmperf eagerfpu pni pclmulqdq dtes64 monitor ds_cpl vmx smx est tm2 ssse3 sdbg fma cx16 xtpr pdcm pcid dca sse4_1 sse4_2 x2apic movbe popcnt tsc_deadline_timer aes xsave avx f16c rdrand lahf_lm abm epb intel_ppin ssbd ibrs ibpb stibp tpr_shadow vnmi flexpriority ept vpid fsgsbase tsc_adjust bmi1 avx2 smep bmi2 erms invpcid cqm xsaveopt cqm_llc cqm_occup_llc dtherm ida arat pln pts md_clear spec_ctrl intel_stibp flush_l1d
bogomips	: 4793.83
clflush size	: 64
cache_alignment	: 64
address sizes	: 46 bits physical, 48 bits virtual
power management:

processor	: 9
vendor_id	: GenuineIntel
cpu family	: 6
model		: 63
model name	: Intel(R) Xeon(R) CPU E5-2630 v3 @ 2.40GHz
stepping	: 2
microcode	: 0x43
cpu MHz		: 2238.867
cache size	: 20480 KB
physical id	: 1
siblings	: 16
core id		: 1
cpu cores	: 8
apicid		: 18
initial apicid	: 18
fpu		: yes
fpu_exception	: yes
cpuid level	: 15
wp		: yes
flags		: fpu vme de pse tsc msr pae mce cx8 apic sep mtrr pge mca cmov pat pse36 clflush dts acpi mmx fxsr sse sse2 ss ht tm pbe syscall nx pdpe1gb rdtscp lm constant_tsc arch_perfmon pebs bts rep_good nopl xtopology nonstop_tsc aperfmperf eagerfpu pni pclmulqdq dtes64 monitor ds_cpl vmx smx est tm2 ssse3 sdbg fma cx16 xtpr pdcm pcid dca sse4_1 sse4_2 x2apic movbe popcnt tsc_deadline_timer aes xsave avx f16c rdrand lahf_lm abm epb intel_ppin ssbd ibrs ibpb stibp tpr_shadow vnmi flexpriority ept vpid fsgsbase tsc_adjust bmi1 avx2 smep bmi2 erms invpcid cqm xsaveopt cqm_llc cqm_occup_llc dtherm ida arat pln pts md_clear spec_ctrl intel_stibp flush_l1d
bogomips	: 4793.83
clflush size	: 64
cache_alignment	: 64
address sizes	: 46 bits physical, 48 bits virtual
power management:

processor	: 10
vendor_id	: GenuineIntel
cpu family	: 6
model		: 63
model name	: Intel(R) Xeon(R) CPU E5-2630 v3 @ 2.40GHz
stepping	: 2
microcode	: 0x43
cpu MHz		: 1228.125
cache size	: 20480 KB
physical id	: 1
siblings	: 16
core id		: 2
cpu cores	: 8
apicid		: 20
initial apicid	: 20
fpu		: yes
fpu_exception	: yes
cpuid level	: 15
wp		: yes
flags		: fpu vme de pse tsc msr pae mce cx8 apic sep mtrr pge mca cmov pat pse36 clflush dts acpi mmx fxsr sse sse2 ss ht tm pbe syscall nx pdpe1gb rdtscp lm constant_tsc arch_perfmon pebs bts rep_good nopl xtopology nonstop_tsc aperfmperf eagerfpu pni pclmulqdq dtes64 monitor ds_cpl vmx smx est tm2 ssse3 sdbg fma cx16 xtpr pdcm pcid dca sse4_1 sse4_2 x2apic movbe popcnt tsc_deadline_timer aes xsave avx f16c rdrand lahf_lm abm epb intel_ppin ssbd ibrs ibpb stibp tpr_shadow vnmi flexpriority ept vpid fsgsbase tsc_adjust bmi1 avx2 smep bmi2 erms invpcid cqm xsaveopt cqm_llc cqm_occup_llc dtherm ida arat pln pts md_clear spec_ctrl intel_stibp flush_l1d
bogomips	: 4793.83
clflush size	: 64
cache_alignment	: 64
address sizes	: 46 bits physical, 48 bits virtual
power management:

processor	: 11
vendor_id	: GenuineIntel
cpu family	: 6
model		: 63
model name	: Intel(R) Xeon(R) CPU E5-2630 v3 @ 2.40GHz
stepping	: 2
microcode	: 0x43
cpu MHz		: 2392.382
cache size	: 20480 KB
physical id	: 1
siblings	: 16
core id		: 3
cpu cores	: 8
apicid		: 22
initial apicid	: 22
fpu		: yes
fpu_exception	: yes
cpuid level	: 15
wp		: yes
flags		: fpu vme de pse tsc msr pae mce cx8 apic sep mtrr pge mca cmov pat pse36 clflush dts acpi mmx fxsr sse sse2 ss ht tm pbe syscall nx pdpe1gb rdtscp lm constant_tsc arch_perfmon pebs bts rep_good nopl xtopology nonstop_tsc aperfmperf eagerfpu pni pclmulqdq dtes64 monitor ds_cpl vmx smx est tm2 ssse3 sdbg fma cx16 xtpr pdcm pcid dca sse4_1 sse4_2 x2apic movbe popcnt tsc_deadline_timer aes xsave avx f16c rdrand lahf_lm abm epb intel_ppin ssbd ibrs ibpb stibp tpr_shadow vnmi flexpriority ept vpid fsgsbase tsc_adjust bmi1 avx2 smep bmi2 erms invpcid cqm xsaveopt cqm_llc cqm_occup_llc dtherm ida arat pln pts md_clear spec_ctrl intel_stibp flush_l1d
bogomips	: 4793.83
clflush size	: 64
cache_alignment	: 64
address sizes	: 46 bits physical, 48 bits virtual
power management:

processor	: 12
vendor_id	: GenuineIntel
cpu family	: 6
model		: 63
model name	: Intel(R) Xeon(R) CPU E5-2630 v3 @ 2.40GHz
stepping	: 2
microcode	: 0x43
cpu MHz		: 1278.955
cache size	: 20480 KB
physical id	: 1
siblings	: 16
core id		: 4
cpu cores	: 8
apicid		: 24
initial apicid	: 24
fpu		: yes
fpu_exception	: yes
cpuid level	: 15
wp		: yes
flags		: fpu vme de pse tsc msr pae mce cx8 apic sep mtrr pge mca cmov pat pse36 clflush dts acpi mmx fxsr sse sse2 ss ht tm pbe syscall nx pdpe1gb rdtscp lm constant_tsc arch_perfmon pebs bts rep_good nopl xtopology nonstop_tsc aperfmperf eagerfpu pni pclmulqdq dtes64 monitor ds_cpl vmx smx est tm2 ssse3 sdbg fma cx16 xtpr pdcm pcid dca sse4_1 sse4_2 x2apic movbe popcnt tsc_deadline_timer aes xsave avx f16c rdrand lahf_lm abm epb intel_ppin ssbd ibrs ibpb stibp tpr_shadow vnmi flexpriority ept vpid fsgsbase tsc_adjust bmi1 avx2 smep bmi2 erms invpcid cqm xsaveopt cqm_llc cqm_occup_llc dtherm ida arat pln pts md_clear spec_ctrl intel_stibp flush_l1d
bogomips	: 4793.83
clflush size	: 64
cache_alignment	: 64
address sizes	: 46 bits physical, 48 bits virtual
power management:

processor	: 13
vendor_id	: GenuineIntel
cpu family	: 6
model		: 63
model name	: Intel(R) Xeon(R) CPU E5-2630 v3 @ 2.40GHz
stepping	: 2
microcode	: 0x43
cpu MHz		: 2399.853
cache size	: 20480 KB
physical id	: 1
siblings	: 16
core id		: 5
cpu cores	: 8
apicid		: 26
initial apicid	: 26
fpu		: yes
fpu_exception	: yes
cpuid level	: 15
wp		: yes
flags		: fpu vme de pse tsc msr pae mce cx8 apic sep mtrr pge mca cmov pat pse36 clflush dts acpi mmx fxsr sse sse2 ss ht tm pbe syscall nx pdpe1gb rdtscp lm constant_tsc arch_perfmon pebs bts rep_good nopl xtopology nonstop_tsc aperfmperf eagerfpu pni pclmulqdq dtes64 monitor ds_cpl vmx smx est tm2 ssse3 sdbg fma cx16 xtpr pdcm pcid dca sse4_1 sse4_2 x2apic movbe popcnt tsc_deadline_timer aes xsave avx f16c rdrand lahf_lm abm epb intel_ppin ssbd ibrs ibpb stibp tpr_shadow vnmi flexpriority ept vpid fsgsbase tsc_adjust bmi1 avx2 smep bmi2 erms invpcid cqm xsaveopt cqm_llc cqm_occup_llc dtherm ida arat pln pts md_clear spec_ctrl intel_stibp flush_l1d
bogomips	: 4793.83
clflush size	: 64
cache_alignment	: 64
address sizes	: 46 bits physical, 48 bits virtual
power management:

processor	: 14
vendor_id	: GenuineIntel
cpu family	: 6
model		: 63
model name	: Intel(R) Xeon(R) CPU E5-2630 v3 @ 2.40GHz
stepping	: 2
microcode	: 0x43
cpu MHz		: 1656.445
cache size	: 20480 KB
physical id	: 1
siblings	: 16
core id		: 6
cpu cores	: 8
apicid		: 28
initial apicid	: 28
fpu		: yes
fpu_exception	: yes
cpuid level	: 15
wp		: yes
flags		: fpu vme de pse tsc msr pae mce cx8 apic sep mtrr pge mca cmov pat pse36 clflush dts acpi mmx fxsr sse sse2 ss ht tm pbe syscall nx pdpe1gb rdtscp lm constant_tsc arch_perfmon pebs bts rep_good nopl xtopology nonstop_tsc aperfmperf eagerfpu pni pclmulqdq dtes64 monitor ds_cpl vmx smx est tm2 ssse3 sdbg fma cx16 xtpr pdcm pcid dca sse4_1 sse4_2 x2apic movbe popcnt tsc_deadline_timer aes xsave avx f16c rdrand lahf_lm abm epb intel_ppin ssbd ibrs ibpb stibp tpr_shadow vnmi flexpriority ept vpid fsgsbase tsc_adjust bmi1 avx2 smep bmi2 erms invpcid cqm xsaveopt cqm_llc cqm_occup_llc dtherm ida arat pln pts md_clear spec_ctrl intel_stibp flush_l1d
bogomips	: 4793.83
clflush size	: 64
cache_alignment	: 64
address sizes	: 46 bits physical, 48 bits virtual
power management:

processor	: 15
vendor_id	: GenuineIntel
cpu family	: 6
model		: 63
model name	: Intel(R) Xeon(R) CPU E5-2630 v3 @ 2.40GHz
stepping	: 2
microcode	: 0x43
cpu MHz		: 1514.062
cache size	: 20480 KB
physical id	: 1
siblings	: 16
core id		: 7
cpu cores	: 8
apicid		: 30
initial apicid	: 30
fpu		: yes
fpu_exception	: yes
cpuid level	: 15
wp		: yes
flags		: fpu vme de pse tsc msr pae mce cx8 apic sep mtrr pge mca cmov pat pse36 clflush dts acpi mmx fxsr sse sse2 ss ht tm pbe syscall nx pdpe1gb rdtscp lm constant_tsc arch_perfmon pebs bts rep_good nopl xtopology nonstop_tsc aperfmperf eagerfpu pni pclmulqdq dtes64 monitor ds_cpl vmx smx est tm2 ssse3 sdbg fma cx16 xtpr pdcm pcid dca sse4_1 sse4_2 x2apic movbe popcnt tsc_deadline_timer aes xsave avx f16c rdrand lahf_lm abm epb intel_ppin ssbd ibrs ibpb stibp tpr_shadow vnmi flexpriority ept vpid fsgsbase tsc_adjust bmi1 avx2 smep bmi2 erms invpcid cqm xsaveopt cqm_llc cqm_occup_llc dtherm ida arat pln pts md_clear spec_ctrl intel_stibp flush_l1d
bogomips	: 4793.83
clflush size	: 64
cache_alignment	: 64
address sizes	: 46 bits physical, 48 bits virtual
power management:

processor	: 16
vendor_id	: GenuineIntel
cpu family	: 6
model		: 63
model name	: Intel(R) Xeon(R) CPU E5-2630 v3 @ 2.40GHz
stepping	: 2
microcode	: 0x43
cpu MHz		: 1225.048
cache size	: 20480 KB
physical id	: 0
siblings	: 16
core id		: 0
cpu cores	: 8
apicid		: 1
initial apicid	: 1
fpu		: yes
fpu_exception	: yes
cpuid level	: 15
wp		: yes
flags		: fpu vme de pse tsc msr pae mce cx8 apic sep mtrr pge mca cmov pat pse36 clflush dts acpi mmx fxsr sse sse2 ss ht tm pbe syscall nx pdpe1gb rdtscp lm constant_tsc arch_perfmon pebs bts rep_good nopl xtopology nonstop_tsc aperfmperf eagerfpu pni pclmulqdq dtes64 monitor ds_cpl vmx smx est tm2 ssse3 sdbg fma cx16 xtpr pdcm pcid dca sse4_1 sse4_2 x2apic movbe popcnt tsc_deadline_timer aes xsave avx f16c rdrand lahf_lm abm epb intel_ppin ssbd ibrs ibpb stibp tpr_shadow vnmi flexpriority ept vpid fsgsbase tsc_adjust bmi1 avx2 smep bmi2 erms invpcid cqm xsaveopt cqm_llc cqm_occup_llc dtherm ida arat pln pts md_clear spec_ctrl intel_stibp flush_l1d
bogomips	: 4788.37
clflush size	: 64
cache_alignment	: 64
address sizes	: 46 bits physical, 48 bits virtual
power management:

processor	: 17
vendor_id	: GenuineIntel
cpu family	: 6
model		: 63
model name	: Intel(R) Xeon(R) CPU E5-2630 v3 @ 2.40GHz
stepping	: 2
microcode	: 0x43
cpu MHz		: 1639.453
cache size	: 20480 KB
physical id	: 0
siblings	: 16
core id		: 1
cpu cores	: 8
apicid		: 3
initial apicid	: 3
fpu		: yes
fpu_exception	: yes
cpuid level	: 15
wp		: yes
flags		: fpu vme de pse tsc msr pae mce cx8 apic sep mtrr pge mca cmov pat pse36 clflush dts acpi mmx fxsr sse sse2 ss ht tm pbe syscall nx pdpe1gb rdtscp lm constant_tsc arch_perfmon pebs bts rep_good nopl xtopology nonstop_tsc aperfmperf eagerfpu pni pclmulqdq dtes64 monitor ds_cpl vmx smx est tm2 ssse3 sdbg fma cx16 xtpr pdcm pcid dca sse4_1 sse4_2 x2apic movbe popcnt tsc_deadline_timer aes xsave avx f16c rdrand lahf_lm abm epb intel_ppin ssbd ibrs ibpb stibp tpr_shadow vnmi flexpriority ept vpid fsgsbase tsc_adjust bmi1 avx2 smep bmi2 erms invpcid cqm xsaveopt cqm_llc cqm_occup_llc dtherm ida arat pln pts md_clear spec_ctrl intel_stibp flush_l1d
bogomips	: 4788.37
clflush size	: 64
cache_alignment	: 64
address sizes	: 46 bits physical, 48 bits virtual
power management:

processor	: 18
vendor_id	: GenuineIntel
cpu family	: 6
model		: 63
model name	: Intel(R) Xeon(R) CPU E5-2630 v3 @ 2.40GHz
stepping	: 2
microcode	: 0x43
cpu MHz		: 1791.503
cache size	: 20480 KB
physical id	: 0
siblings	: 16
core id		: 2
cpu cores	: 8
apicid		: 5
initial apicid	: 5
fpu		: yes
fpu_exception	: yes
cpuid level	: 15
wp		: yes
flags		: fpu vme de pse tsc msr pae mce cx8 apic sep mtrr pge mca cmov pat pse36 clflush dts acpi mmx fxsr sse sse2 ss ht tm pbe syscall nx pdpe1gb rdtscp lm constant_tsc arch_perfmon pebs bts rep_good nopl xtopology nonstop_tsc aperfmperf eagerfpu pni pclmulqdq dtes64 monitor ds_cpl vmx smx est tm2 ssse3 sdbg fma cx16 xtpr pdcm pcid dca sse4_1 sse4_2 x2apic movbe popcnt tsc_deadline_timer aes xsave avx f16c rdrand lahf_lm abm epb intel_ppin ssbd ibrs ibpb stibp tpr_shadow vnmi flexpriority ept vpid fsgsbase tsc_adjust bmi1 avx2 smep bmi2 erms invpcid cqm xsaveopt cqm_llc cqm_occup_llc dtherm ida arat pln pts md_clear spec_ctrl intel_stibp flush_l1d
bogomips	: 4788.37
clflush size	: 64
cache_alignment	: 64
address sizes	: 46 bits physical, 48 bits virtual
power management:

processor	: 19
vendor_id	: GenuineIntel
cpu family	: 6
model		: 63
model name	: Intel(R) Xeon(R) CPU E5-2630 v3 @ 2.40GHz
stepping	: 2
microcode	: 0x43
cpu MHz		: 1576.171
cache size	: 20480 KB
physical id	: 0
siblings	: 16
core id		: 3
cpu cores	: 8
apicid		: 7
initial apicid	: 7
fpu		: yes
fpu_exception	: yes
cpuid level	: 15
wp		: yes
flags		: fpu vme de pse tsc msr pae mce cx8 apic sep mtrr pge mca cmov pat pse36 clflush dts acpi mmx fxsr sse sse2 ss ht tm pbe syscall nx pdpe1gb rdtscp lm constant_tsc arch_perfmon pebs bts rep_good nopl xtopology nonstop_tsc aperfmperf eagerfpu pni pclmulqdq dtes64 monitor ds_cpl vmx smx est tm2 ssse3 sdbg fma cx16 xtpr pdcm pcid dca sse4_1 sse4_2 x2apic movbe popcnt tsc_deadline_timer aes xsave avx f16c rdrand lahf_lm abm epb intel_ppin ssbd ibrs ibpb stibp tpr_shadow vnmi flexpriority ept vpid fsgsbase tsc_adjust bmi1 avx2 smep bmi2 erms invpcid cqm xsaveopt cqm_llc cqm_occup_llc dtherm ida arat pln pts md_clear spec_ctrl intel_stibp flush_l1d
bogomips	: 4788.37
clflush size	: 64
cache_alignment	: 64
address sizes	: 46 bits physical, 48 bits virtual
power management:

processor	: 20
vendor_id	: GenuineIntel
cpu family	: 6
model		: 63
model name	: Intel(R) Xeon(R) CPU E5-2630 v3 @ 2.40GHz
stepping	: 2
microcode	: 0x43
cpu MHz		: 1437.890
cache size	: 20480 KB
physical id	: 0
siblings	: 16
core id		: 4
cpu cores	: 8
apicid		: 9
initial apicid	: 9
fpu		: yes
fpu_exception	: yes
cpuid level	: 15
wp		: yes
flags		: fpu vme de pse tsc msr pae mce cx8 apic sep mtrr pge mca cmov pat pse36 clflush dts acpi mmx fxsr sse sse2 ss ht tm pbe syscall nx pdpe1gb rdtscp lm constant_tsc arch_perfmon pebs bts rep_good nopl xtopology nonstop_tsc aperfmperf eagerfpu pni pclmulqdq dtes64 monitor ds_cpl vmx smx est tm2 ssse3 sdbg fma cx16 xtpr pdcm pcid dca sse4_1 sse4_2 x2apic movbe popcnt tsc_deadline_timer aes xsave avx f16c rdrand lahf_lm abm epb intel_ppin ssbd ibrs ibpb stibp tpr_shadow vnmi flexpriority ept vpid fsgsbase tsc_adjust bmi1 avx2 smep bmi2 erms invpcid cqm xsaveopt cqm_llc cqm_occup_llc dtherm ida arat pln pts md_clear spec_ctrl intel_stibp flush_l1d
bogomips	: 4788.37
clflush size	: 64
cache_alignment	: 64
address sizes	: 46 bits physical, 48 bits virtual
power management:

processor	: 21
vendor_id	: GenuineIntel
cpu family	: 6
model		: 63
model name	: Intel(R) Xeon(R) CPU E5-2630 v3 @ 2.40GHz
stepping	: 2
microcode	: 0x43
cpu MHz		: 2288.525
cache size	: 20480 KB
physical id	: 0
siblings	: 16
core id		: 5
cpu cores	: 8
apicid		: 11
initial apicid	: 11
fpu		: yes
fpu_exception	: yes
cpuid level	: 15
wp		: yes
flags		: fpu vme de pse tsc msr pae mce cx8 apic sep mtrr pge mca cmov pat pse36 clflush dts acpi mmx fxsr sse sse2 ss ht tm pbe syscall nx pdpe1gb rdtscp lm constant_tsc arch_perfmon pebs bts rep_good nopl xtopology nonstop_tsc aperfmperf eagerfpu pni pclmulqdq dtes64 monitor ds_cpl vmx smx est tm2 ssse3 sdbg fma cx16 xtpr pdcm pcid dca sse4_1 sse4_2 x2apic movbe popcnt tsc_deadline_timer aes xsave avx f16c rdrand lahf_lm abm epb intel_ppin ssbd ibrs ibpb stibp tpr_shadow vnmi flexpriority ept vpid fsgsbase tsc_adjust bmi1 avx2 smep bmi2 erms invpcid cqm xsaveopt cqm_llc cqm_occup_llc dtherm ida arat pln pts md_clear spec_ctrl intel_stibp flush_l1d
bogomips	: 4788.37
clflush size	: 64
cache_alignment	: 64
address sizes	: 46 bits physical, 48 bits virtual
power management:

processor	: 22
vendor_id	: GenuineIntel
cpu family	: 6
model		: 63
model name	: Intel(R) Xeon(R) CPU E5-2630 v3 @ 2.40GHz
stepping	: 2
microcode	: 0x43
cpu MHz		: 2822.460
cache size	: 20480 KB
physical id	: 0
siblings	: 16
core id		: 6
cpu cores	: 8
apicid		: 13
initial apicid	: 13
fpu		: yes
fpu_exception	: yes
cpuid level	: 15
wp		: yes
flags		: fpu vme de pse tsc msr pae mce cx8 apic sep mtrr pge mca cmov pat pse36 clflush dts acpi mmx fxsr sse sse2 ss ht tm pbe syscall nx pdpe1gb rdtscp lm constant_tsc arch_perfmon pebs bts rep_good nopl xtopology nonstop_tsc aperfmperf eagerfpu pni pclmulqdq dtes64 monitor ds_cpl vmx smx est tm2 ssse3 sdbg fma cx16 xtpr pdcm pcid dca sse4_1 sse4_2 x2apic movbe popcnt tsc_deadline_timer aes xsave avx f16c rdrand lahf_lm abm epb intel_ppin ssbd ibrs ibpb stibp tpr_shadow vnmi flexpriority ept vpid fsgsbase tsc_adjust bmi1 avx2 smep bmi2 erms invpcid cqm xsaveopt cqm_llc cqm_occup_llc dtherm ida arat pln pts md_clear spec_ctrl intel_stibp flush_l1d
bogomips	: 4788.37
clflush size	: 64
cache_alignment	: 64
address sizes	: 46 bits physical, 48 bits virtual
power management:

processor	: 23
vendor_id	: GenuineIntel
cpu family	: 6
model		: 63
model name	: Intel(R) Xeon(R) CPU E5-2630 v3 @ 2.40GHz
stepping	: 2
microcode	: 0x43
cpu MHz		: 1800.146
cache size	: 20480 KB
physical id	: 0
siblings	: 16
core id		: 7
cpu cores	: 8
apicid		: 15
initial apicid	: 15
fpu		: yes
fpu_exception	: yes
cpuid level	: 15
wp		: yes
flags		: fpu vme de pse tsc msr pae mce cx8 apic sep mtrr pge mca cmov pat pse36 clflush dts acpi mmx fxsr sse sse2 ss ht tm pbe syscall nx pdpe1gb rdtscp lm constant_tsc arch_perfmon pebs bts rep_good nopl xtopology nonstop_tsc aperfmperf eagerfpu pni pclmulqdq dtes64 monitor ds_cpl vmx smx est tm2 ssse3 sdbg fma cx16 xtpr pdcm pcid dca sse4_1 sse4_2 x2apic movbe popcnt tsc_deadline_timer aes xsave avx f16c rdrand lahf_lm abm epb intel_ppin ssbd ibrs ibpb stibp tpr_shadow vnmi flexpriority ept vpid fsgsbase tsc_adjust bmi1 avx2 smep bmi2 erms invpcid cqm xsaveopt cqm_llc cqm_occup_llc dtherm ida arat pln pts md_clear spec_ctrl intel_stibp flush_l1d
bogomips	: 4788.37
clflush size	: 64
cache_alignment	: 64
address sizes	: 46 bits physical, 48 bits virtual
power management:

processor	: 24
vendor_id	: GenuineIntel
cpu family	: 6
model		: 63
model name	: Intel(R) Xeon(R) CPU E5-2630 v3 @ 2.40GHz
stepping	: 2
microcode	: 0x43
cpu MHz		: 1643.554
cache size	: 20480 KB
physical id	: 1
siblings	: 16
core id		: 0
cpu cores	: 8
apicid		: 17
initial apicid	: 17
fpu		: yes
fpu_exception	: yes
cpuid level	: 15
wp		: yes
flags		: fpu vme de pse tsc msr pae mce cx8 apic sep mtrr pge mca cmov pat pse36 clflush dts acpi mmx fxsr sse sse2 ss ht tm pbe syscall nx pdpe1gb rdtscp lm constant_tsc arch_perfmon pebs bts rep_good nopl xtopology nonstop_tsc aperfmperf eagerfpu pni pclmulqdq dtes64 monitor ds_cpl vmx smx est tm2 ssse3 sdbg fma cx16 xtpr pdcm pcid dca sse4_1 sse4_2 x2apic movbe popcnt tsc_deadline_timer aes xsave avx f16c rdrand lahf_lm abm epb intel_ppin ssbd ibrs ibpb stibp tpr_shadow vnmi flexpriority ept vpid fsgsbase tsc_adjust bmi1 avx2 smep bmi2 erms invpcid cqm xsaveopt cqm_llc cqm_occup_llc dtherm ida arat pln pts md_clear spec_ctrl intel_stibp flush_l1d
bogomips	: 4793.83
clflush size	: 64
cache_alignment	: 64
address sizes	: 46 bits physical, 48 bits virtual
power management:

processor	: 25
vendor_id	: GenuineIntel
cpu family	: 6
model		: 63
model name	: Intel(R) Xeon(R) CPU E5-2630 v3 @ 2.40GHz
stepping	: 2
microcode	: 0x43
cpu MHz		: 2858.642
cache size	: 20480 KB
physical id	: 1
siblings	: 16
core id		: 1
cpu cores	: 8
apicid		: 19
initial apicid	: 19
fpu		: yes
fpu_exception	: yes
cpuid level	: 15
wp		: yes
flags		: fpu vme de pse tsc msr pae mce cx8 apic sep mtrr pge mca cmov pat pse36 clflush dts acpi mmx fxsr sse sse2 ss ht tm pbe syscall nx pdpe1gb rdtscp lm constant_tsc arch_perfmon pebs bts rep_good nopl xtopology nonstop_tsc aperfmperf eagerfpu pni pclmulqdq dtes64 monitor ds_cpl vmx smx est tm2 ssse3 sdbg fma cx16 xtpr pdcm pcid dca sse4_1 sse4_2 x2apic movbe popcnt tsc_deadline_timer aes xsave avx f16c rdrand lahf_lm abm epb intel_ppin ssbd ibrs ibpb stibp tpr_shadow vnmi flexpriority ept vpid fsgsbase tsc_adjust bmi1 avx2 smep bmi2 erms invpcid cqm xsaveopt cqm_llc cqm_occup_llc dtherm ida arat pln pts md_clear spec_ctrl intel_stibp flush_l1d
bogomips	: 4793.83
clflush size	: 64
cache_alignment	: 64
address sizes	: 46 bits physical, 48 bits virtual
power management:

processor	: 26
vendor_id	: GenuineIntel
cpu family	: 6
model		: 63
model name	: Intel(R) Xeon(R) CPU E5-2630 v3 @ 2.40GHz
stepping	: 2
microcode	: 0x43
cpu MHz		: 1269.287
cache size	: 20480 KB
physical id	: 1
siblings	: 16
core id		: 2
cpu cores	: 8
apicid		: 21
initial apicid	: 21
fpu		: yes
fpu_exception	: yes
cpuid level	: 15
wp		: yes
flags		: fpu vme de pse tsc msr pae mce cx8 apic sep mtrr pge mca cmov pat pse36 clflush dts acpi mmx fxsr sse sse2 ss ht tm pbe syscall nx pdpe1gb rdtscp lm constant_tsc arch_perfmon pebs bts rep_good nopl xtopology nonstop_tsc aperfmperf eagerfpu pni pclmulqdq dtes64 monitor ds_cpl vmx smx est tm2 ssse3 sdbg fma cx16 xtpr pdcm pcid dca sse4_1 sse4_2 x2apic movbe popcnt tsc_deadline_timer aes xsave avx f16c rdrand lahf_lm abm epb intel_ppin ssbd ibrs ibpb stibp tpr_shadow vnmi flexpriority ept vpid fsgsbase tsc_adjust bmi1 avx2 smep bmi2 erms invpcid cqm xsaveopt cqm_llc cqm_occup_llc dtherm ida arat pln pts md_clear spec_ctrl intel_stibp flush_l1d
bogomips	: 4793.83
clflush size	: 64
cache_alignment	: 64
address sizes	: 46 bits physical, 48 bits virtual
power management:

processor	: 27
vendor_id	: GenuineIntel
cpu family	: 6
model		: 63
model name	: Intel(R) Xeon(R) CPU E5-2630 v3 @ 2.40GHz
stepping	: 2
microcode	: 0x43
cpu MHz		: 2389.453
cache size	: 20480 KB
physical id	: 1
siblings	: 16
core id		: 3
cpu cores	: 8
apicid		: 23
initial apicid	: 23
fpu		: yes
fpu_exception	: yes
cpuid level	: 15
wp		: yes
flags		: fpu vme de pse tsc msr pae mce cx8 apic sep mtrr pge mca cmov pat pse36 clflush dts acpi mmx fxsr sse sse2 ss ht tm pbe syscall nx pdpe1gb rdtscp lm constant_tsc arch_perfmon pebs bts rep_good nopl xtopology nonstop_tsc aperfmperf eagerfpu pni pclmulqdq dtes64 monitor ds_cpl vmx smx est tm2 ssse3 sdbg fma cx16 xtpr pdcm pcid dca sse4_1 sse4_2 x2apic movbe popcnt tsc_deadline_timer aes xsave avx f16c rdrand lahf_lm abm epb intel_ppin ssbd ibrs ibpb stibp tpr_shadow vnmi flexpriority ept vpid fsgsbase tsc_adjust bmi1 avx2 smep bmi2 erms invpcid cqm xsaveopt cqm_llc cqm_occup_llc dtherm ida arat pln pts md_clear spec_ctrl intel_stibp flush_l1d
bogomips	: 4793.83
clflush size	: 64
cache_alignment	: 64
address sizes	: 46 bits physical, 48 bits virtual
power management:

processor	: 28
vendor_id	: GenuineIntel
cpu family	: 6
model		: 63
model name	: Intel(R) Xeon(R) CPU E5-2630 v3 @ 2.40GHz
stepping	: 2
microcode	: 0x43
cpu MHz		: 1442.724
cache size	: 20480 KB
physical id	: 1
siblings	: 16
core id		: 4
cpu cores	: 8
apicid		: 25
initial apicid	: 25
fpu		: yes
fpu_exception	: yes
cpuid level	: 15
wp		: yes
flags		: fpu vme de pse tsc msr pae mce cx8 apic sep mtrr pge mca cmov pat pse36 clflush dts acpi mmx fxsr sse sse2 ss ht tm pbe syscall nx pdpe1gb rdtscp lm constant_tsc arch_perfmon pebs bts rep_good nopl xtopology nonstop_tsc aperfmperf eagerfpu pni pclmulqdq dtes64 monitor ds_cpl vmx smx est tm2 ssse3 sdbg fma cx16 xtpr pdcm pcid dca sse4_1 sse4_2 x2apic movbe popcnt tsc_deadline_timer aes xsave avx f16c rdrand lahf_lm abm epb intel_ppin ssbd ibrs ibpb stibp tpr_shadow vnmi flexpriority ept vpid fsgsbase tsc_adjust bmi1 avx2 smep bmi2 erms invpcid cqm xsaveopt cqm_llc cqm_occup_llc dtherm ida arat pln pts md_clear spec_ctrl intel_stibp flush_l1d
bogomips	: 4793.83
clflush size	: 64
cache_alignment	: 64
address sizes	: 46 bits physical, 48 bits virtual
power management:

processor	: 29
vendor_id	: GenuineIntel
cpu family	: 6
model		: 63
model name	: Intel(R) Xeon(R) CPU E5-2630 v3 @ 2.40GHz
stepping	: 2
microcode	: 0x43
cpu MHz		: 2394.287
cache size	: 20480 KB
physical id	: 1
siblings	: 16
core id		: 5
cpu cores	: 8
apicid		: 27
initial apicid	: 27
fpu		: yes
fpu_exception	: yes
cpuid level	: 15
wp		: yes
flags		: fpu vme de pse tsc msr pae mce cx8 apic sep mtrr pge mca cmov pat pse36 clflush dts acpi mmx fxsr sse sse2 ss ht tm pbe syscall nx pdpe1gb rdtscp lm constant_tsc arch_perfmon pebs bts rep_good nopl xtopology nonstop_tsc aperfmperf eagerfpu pni pclmulqdq dtes64 monitor ds_cpl vmx smx est tm2 ssse3 sdbg fma cx16 xtpr pdcm pcid dca sse4_1 sse4_2 x2apic movbe popcnt tsc_deadline_timer aes xsave avx f16c rdrand lahf_lm abm epb intel_ppin ssbd ibrs ibpb stibp tpr_shadow vnmi flexpriority ept vpid fsgsbase tsc_adjust bmi1 avx2 smep bmi2 erms invpcid cqm xsaveopt cqm_llc cqm_occup_llc dtherm ida arat pln pts md_clear spec_ctrl intel_stibp flush_l1d
bogomips	: 4793.83
clflush size	: 64
cache_alignment	: 64
address sizes	: 46 bits physical, 48 bits virtual
power management:

processor	: 30
vendor_id	: GenuineIntel
cpu family	: 6
model		: 63
model name	: Intel(R) Xeon(R) CPU E5-2630 v3 @ 2.40GHz
stepping	: 2
microcode	: 0x43
cpu MHz		: 1648.828
cache size	: 20480 KB
physical id	: 1
siblings	: 16
core id		: 6
cpu cores	: 8
apicid		: 29
initial apicid	: 29
fpu		: yes
fpu_exception	: yes
cpuid level	: 15
wp		: yes
flags		: fpu vme de pse tsc msr pae mce cx8 apic sep mtrr pge mca cmov pat pse36 clflush dts acpi mmx fxsr sse sse2 ss ht tm pbe syscall nx pdpe1gb rdtscp lm constant_tsc arch_perfmon pebs bts rep_good nopl xtopology nonstop_tsc aperfmperf eagerfpu pni pclmulqdq dtes64 monitor ds_cpl vmx smx est tm2 ssse3 sdbg fma cx16 xtpr pdcm pcid dca sse4_1 sse4_2 x2apic movbe popcnt tsc_deadline_timer aes xsave avx f16c rdrand lahf_lm abm epb intel_ppin ssbd ibrs ibpb stibp tpr_shadow vnmi flexpriority ept vpid fsgsbase tsc_adjust bmi1 avx2 smep bmi2 erms invpcid cqm xsaveopt cqm_llc cqm_occup_llc dtherm ida arat pln pts md_clear spec_ctrl intel_stibp flush_l1d
bogomips	: 4793.83
clflush size	: 64
cache_alignment	: 64
address sizes	: 46 bits physical, 48 bits virtual
power management:

processor	: 31
vendor_id	: GenuineIntel
cpu family	: 6
model		: 63
model name	: Intel(R) Xeon(R) CPU E5-2630 v3 @ 2.40GHz
stepping	: 2
microcode	: 0x43
cpu MHz		: 1398.046
cache size	: 20480 KB
physical id	: 1
siblings	: 16
core id		: 7
cpu cores	: 8
apicid		: 31
initial apicid	: 31
fpu		: yes
fpu_exception	: yes
cpuid level	: 15
wp		: yes
flags		: fpu vme de pse tsc msr pae mce cx8 apic sep mtrr pge mca cmov pat pse36 clflush dts acpi mmx fxsr sse sse2 ss ht tm pbe syscall nx pdpe1gb rdtscp lm constant_tsc arch_perfmon pebs bts rep_good nopl xtopology nonstop_tsc aperfmperf eagerfpu pni pclmulqdq dtes64 monitor ds_cpl vmx smx est tm2 ssse3 sdbg fma cx16 xtpr pdcm pcid dca sse4_1 sse4_2 x2apic movbe popcnt tsc_deadline_timer aes xsave avx f16c rdrand lahf_lm abm epb intel_ppin ssbd ibrs ibpb stibp tpr_shadow vnmi flexpriority ept vpid fsgsbase tsc_adjust bmi1 avx2 smep bmi2 erms invpcid cqm xsaveopt cqm_llc cqm_occup_llc dtherm ida arat pln pts md_clear spec_ctrl intel_stibp flush_l1d
bogomips	: 4793.83
clflush size	: 64
cache_alignment	: 64
address sizes	: 46 bits physical, 48 bits virtual
power management:



Memory: 4k page, physical 263864176k(14720772k free), swap 0k(0k free)

vm_info: OpenJDK 64-Bit Server VM (25.212-b04) for linux-amd64 JRE (1.8.0_212-b04), built on Aug 12 2019 13:15:31 by "buildozer" with gcc 6.4.0

time: Mon Sep 23 17:29:37 2019
timezone: UTC
elapsed time: 14 seconds (0d 0h 0m 14s)

