[INFO] Scanning for projects...
[WARNING] 
[WARNING] Some problems were encountered while building the effective model for org.apache.hadoop:hadoop-hdds-server-scm:jar:0.5.0-SNAPSHOT
[WARNING] 'dependencies.dependency.(groupId:artifactId:type:classifier)' must be unique: io.dropwizard.metrics:metrics-core:jar -> duplicate declaration of version (?) @ line 103, column 17
[WARNING] 
[WARNING] It is highly recommended to fix these problems because they threaten the stability of your build.
[WARNING] 
[WARNING] For this reason, future Maven versions might no longer support building such malformed projects.
[WARNING] 
[INFO] ------------------------------------------------------------------------
[INFO] Detecting the operating system and CPU architecture
[INFO] ------------------------------------------------------------------------
[INFO] os.detected.name: linux
[INFO] os.detected.arch: x86_64
[INFO] os.detected.version: 3.10
[INFO] os.detected.version.major: 3
[INFO] os.detected.version.minor: 10
[INFO] os.detected.release: alpine
[INFO] os.detected.release.version: 3.8.2
[INFO] os.detected.release.like.alpine: true
[INFO] os.detected.classifier: linux-x86_64
[INFO] ------------------------------------------------------------------------
[INFO] Reactor Build Order:
[INFO] 
[INFO] Apache Hadoop HDDS                                                 [pom]
[INFO] Apache Hadoop HDDS Config                                          [jar]
[INFO] Apache Hadoop HDDS Common                                          [jar]
[INFO] Apache Hadoop HDDS Client                                          [jar]
[INFO] Apache Hadoop HDDS Server Framework                                [jar]
[INFO] Apache Hadoop HDDS Container Service                               [jar]
[INFO] Apache Hadoop HDDS/Ozone Documentation                             [jar]
[INFO] Apache Hadoop HDDS SCM Server                                      [jar]
[INFO] Apache Hadoop HDDS Tools                                           [jar]
[INFO] Downloading from apache.snapshots.https: https://repository.apache.org/content/repositories/snapshots/org/apache/rat/apache-rat-plugin/0.13/apache-rat-plugin-0.13.pom
[INFO] Downloading from central: https://repo.maven.apache.org/maven2/org/apache/rat/apache-rat-plugin/0.13/apache-rat-plugin-0.13.pom
[INFO] Downloaded from central: https://repo.maven.apache.org/maven2/org/apache/rat/apache-rat-plugin/0.13/apache-rat-plugin-0.13.pom (10 kB at 100 kB/s)
[INFO] Downloading from apache.snapshots.https: https://repository.apache.org/content/repositories/snapshots/org/apache/rat/apache-rat-project/0.13/apache-rat-project-0.13.pom
[INFO] Downloading from central: https://repo.maven.apache.org/maven2/org/apache/rat/apache-rat-project/0.13/apache-rat-project-0.13.pom
[INFO] Downloaded from central: https://repo.maven.apache.org/maven2/org/apache/rat/apache-rat-project/0.13/apache-rat-project-0.13.pom (26 kB at 609 kB/s)
[INFO] Downloading from apache.snapshots.https: https://repository.apache.org/content/repositories/snapshots/org/apache/rat/apache-rat-plugin/0.13/apache-rat-plugin-0.13.jar
[INFO] Downloading from central: https://repo.maven.apache.org/maven2/org/apache/rat/apache-rat-plugin/0.13/apache-rat-plugin-0.13.jar
[INFO] Downloaded from central: https://repo.maven.apache.org/maven2/org/apache/rat/apache-rat-plugin/0.13/apache-rat-plugin-0.13.jar (53 kB at 1.1 MB/s)
[INFO] 
[INFO] -------------------< org.apache.hadoop:hadoop-hdds >--------------------
[INFO] Building Apache Hadoop HDDS 0.5.0-SNAPSHOT                         [1/9]
[INFO] --------------------------------[ pom ]---------------------------------
[INFO] 
[INFO] --- apache-rat-plugin:0.13:check (default-cli) @ hadoop-hdds ---
[INFO] Downloading from apache.snapshots.https: https://repository.apache.org/content/repositories/snapshots/org/apache/rat/apache-rat-core/0.13/apache-rat-core-0.13.pom
[INFO] Downloading from central: https://repo.maven.apache.org/maven2/org/apache/rat/apache-rat-core/0.13/apache-rat-core-0.13.pom
[INFO] Downloaded from central: https://repo.maven.apache.org/maven2/org/apache/rat/apache-rat-core/0.13/apache-rat-core-0.13.pom (4.2 kB at 121 kB/s)
[INFO] Downloading from apache.snapshots.https: https://repository.apache.org/content/repositories/snapshots/org/apache/rat/apache-rat-api/0.13/apache-rat-api-0.13.pom
[INFO] Downloading from central: https://repo.maven.apache.org/maven2/org/apache/rat/apache-rat-api/0.13/apache-rat-api-0.13.pom
[INFO] Downloaded from central: https://repo.maven.apache.org/maven2/org/apache/rat/apache-rat-api/0.13/apache-rat-api-0.13.pom (1.9 kB at 55 kB/s)
[INFO] Downloading from apache.snapshots.https: https://repository.apache.org/content/repositories/snapshots/org/apache/rat/apache-rat-core/0.13/apache-rat-core-0.13.jar
[INFO] Downloading from apache.snapshots.https: https://repository.apache.org/content/repositories/snapshots/org/apache/rat/apache-rat-api/0.13/apache-rat-api-0.13.jar
[INFO] Downloading from central: https://repo.maven.apache.org/maven2/org/apache/rat/apache-rat-core/0.13/apache-rat-core-0.13.jar
[INFO] Downloading from central: https://repo.maven.apache.org/maven2/org/apache/rat/apache-rat-api/0.13/apache-rat-api-0.13.jar
[INFO] Downloaded from central: https://repo.maven.apache.org/maven2/org/apache/rat/apache-rat-core/0.13/apache-rat-core-0.13.jar (128 kB at 2.6 MB/s)
[INFO] Downloaded from central: https://repo.maven.apache.org/maven2/org/apache/rat/apache-rat-api/0.13/apache-rat-api-0.13.jar (11 kB at 159 kB/s)
[INFO] Enabled default license matchers.
[INFO] Will parse SCM ignores for exclusions...
[INFO] Finished adding exclusions from SCM ignore files.
[INFO] 70 implicit excludes (use -debug for more details).
[INFO] 18 explicit excludes (use -debug for more details).
[INFO] 1 resources included (use -debug for more details)
[INFO] Rat check: Summary over all files. Unapproved: 0, unknown: 0, generated: 0, approved: 1 licenses.
[INFO] 
[INFO] ----------------< org.apache.hadoop:hadoop-hdds-config >----------------
[INFO] Building Apache Hadoop HDDS Config 0.5.0-SNAPSHOT                  [2/9]
[INFO] --------------------------------[ jar ]---------------------------------
[INFO] 
[INFO] --- apache-rat-plugin:0.13:check (default-cli) @ hadoop-hdds-config ---
[INFO] Enabled default license matchers.
[INFO] Will parse SCM ignores for exclusions...
[INFO] Finished adding exclusions from SCM ignore files.
[INFO] 62 implicit excludes (use -debug for more details).
[INFO] 18 explicit excludes (use -debug for more details).
[INFO] 13 resources included (use -debug for more details)
[INFO] Rat check: Summary over all files. Unapproved: 0, unknown: 0, generated: 0, approved: 13 licenses.
[INFO] 
[INFO] ----------------< org.apache.hadoop:hadoop-hdds-common >----------------
[INFO] Building Apache Hadoop HDDS Common 0.5.0-SNAPSHOT                  [3/9]
[INFO] --------------------------------[ jar ]---------------------------------
[INFO] 
[INFO] --- apache-rat-plugin:0.13:check (default-cli) @ hadoop-hdds-common ---
[INFO] Enabled default license matchers.
[INFO] Will parse SCM ignores for exclusions...
[INFO] Finished adding exclusions from SCM ignore files.
[INFO] 62 implicit excludes (use -debug for more details).
[INFO] 18 explicit excludes (use -debug for more details).
[INFO] 315 resources included (use -debug for more details)
[INFO] Rat check: Summary over all files. Unapproved: 0, unknown: 0, generated: 0, approved: 315 licenses.
[INFO] 
[INFO] ----------------< org.apache.hadoop:hadoop-hdds-client >----------------
[INFO] Building Apache Hadoop HDDS Client 0.5.0-SNAPSHOT                  [4/9]
[INFO] --------------------------------[ jar ]---------------------------------
[INFO] 
[INFO] --- apache-rat-plugin:0.13:check (default-cli) @ hadoop-hdds-client ---
[INFO] Enabled default license matchers.
[INFO] Will parse SCM ignores for exclusions...
[INFO] Finished adding exclusions from SCM ignore files.
[INFO] 62 implicit excludes (use -debug for more details).
[INFO] 18 explicit excludes (use -debug for more details).
[INFO] 19 resources included (use -debug for more details)
[INFO] Rat check: Summary over all files. Unapproved: 0, unknown: 0, generated: 0, approved: 19 licenses.
[INFO] 
[INFO] -----------< org.apache.hadoop:hadoop-hdds-server-framework >-----------
[INFO] Building Apache Hadoop HDDS Server Framework 0.5.0-SNAPSHOT        [5/9]
[INFO] --------------------------------[ jar ]---------------------------------
[INFO] 
[INFO] --- apache-rat-plugin:0.13:check (default-cli) @ hadoop-hdds-server-framework ---
[INFO] Enabled default license matchers.
[INFO] Will parse SCM ignores for exclusions...
[INFO] Finished adding exclusions from SCM ignore files.
[INFO] 62 implicit excludes (use -debug for more details).
[INFO] 18 explicit excludes (use -debug for more details).
[INFO] 40 resources included (use -debug for more details)
[INFO] Rat check: Summary over all files. Unapproved: 0, unknown: 0, generated: 0, approved: 40 licenses.
[INFO] 
[INFO] ----------< org.apache.hadoop:hadoop-hdds-container-service >-----------
[INFO] Building Apache Hadoop HDDS Container Service 0.5.0-SNAPSHOT       [6/9]
[INFO] --------------------------------[ jar ]---------------------------------
[INFO] 
[INFO] --- apache-rat-plugin:0.13:check (default-cli) @ hadoop-hdds-container-service ---
[INFO] Enabled default license matchers.
[INFO] Will parse SCM ignores for exclusions...
[INFO] Finished adding exclusions from SCM ignore files.
[INFO] 62 implicit excludes (use -debug for more details).
[INFO] 18 explicit excludes (use -debug for more details).
[INFO] 202 resources included (use -debug for more details)
[INFO] Rat check: Summary over all files. Unapproved: 0, unknown: 0, generated: 0, approved: 202 licenses.
[INFO] 
[INFO] -----------------< org.apache.hadoop:hadoop-hdds-docs >-----------------
[INFO] Building Apache Hadoop HDDS/Ozone Documentation 0.5.0-SNAPSHOT     [7/9]
[INFO] --------------------------------[ jar ]---------------------------------
[INFO] 
[INFO] --- apache-rat-plugin:0.13:check (default-cli) @ hadoop-hdds-docs ---
[INFO] Enabled default license matchers.
[INFO] Will parse SCM ignores for exclusions...
[INFO] Finished adding exclusions from SCM ignore files.
[INFO] 62 implicit excludes (use -debug for more details).
[INFO] 9 explicit excludes (use -debug for more details).
[INFO] 81 resources included (use -debug for more details)
[INFO] Rat check: Summary over all files. Unapproved: 0, unknown: 0, generated: 0, approved: 63 licenses.
[INFO] 
[INFO] --------------< org.apache.hadoop:hadoop-hdds-server-scm >--------------
[INFO] Building Apache Hadoop HDDS SCM Server 0.5.0-SNAPSHOT              [8/9]
[INFO] --------------------------------[ jar ]---------------------------------
[INFO] 
[INFO] --- apache-rat-plugin:0.13:check (default-cli) @ hadoop-hdds-server-scm ---
[INFO] Enabled default license matchers.
[INFO] Will parse SCM ignores for exclusions...
[INFO] Finished adding exclusions from SCM ignore files.
[INFO] 62 implicit excludes (use -debug for more details).
[INFO] 18 explicit excludes (use -debug for more details).
[INFO] 195 resources included (use -debug for more details)
[INFO] Rat check: Summary over all files. Unapproved: 0, unknown: 0, generated: 0, approved: 195 licenses.
[INFO] 
[INFO] ----------------< org.apache.hadoop:hadoop-hdds-tools >-----------------
[INFO] Building Apache Hadoop HDDS Tools 0.5.0-SNAPSHOT                   [9/9]
[INFO] --------------------------------[ jar ]---------------------------------
[INFO] 
[INFO] --- apache-rat-plugin:0.13:check (default-cli) @ hadoop-hdds-tools ---
[INFO] Enabled default license matchers.
[INFO] Will parse SCM ignores for exclusions...
[INFO] Finished adding exclusions from SCM ignore files.
[INFO] 62 implicit excludes (use -debug for more details).
[INFO] 18 explicit excludes (use -debug for more details).
[INFO] 20 resources included (use -debug for more details)
[INFO] Rat check: Summary over all files. Unapproved: 0, unknown: 0, generated: 0, approved: 20 licenses.
[INFO] ------------------------------------------------------------------------
[INFO] Reactor Summary:
[INFO] 
[INFO] Apache Hadoop HDDS 0.5.0-SNAPSHOT .................. SUCCESS [  4.928 s]
[INFO] Apache Hadoop HDDS Config .......................... SUCCESS [  0.063 s]
[INFO] Apache Hadoop HDDS Common .......................... SUCCESS [  0.426 s]
[INFO] Apache Hadoop HDDS Client .......................... SUCCESS [  0.039 s]
[INFO] Apache Hadoop HDDS Server Framework ................ SUCCESS [  0.053 s]
[INFO] Apache Hadoop HDDS Container Service ............... SUCCESS [  0.107 s]
[INFO] Apache Hadoop HDDS/Ozone Documentation ............. SUCCESS [  0.046 s]
[INFO] Apache Hadoop HDDS SCM Server ...................... SUCCESS [  0.074 s]
[INFO] Apache Hadoop HDDS Tools 0.5.0-SNAPSHOT ............ SUCCESS [  0.032 s]
[INFO] ------------------------------------------------------------------------
[INFO] BUILD SUCCESS
[INFO] ------------------------------------------------------------------------
[INFO] Total time: 16.065 s
[INFO] Finished at: 2019-08-24T05:03:23Z
[INFO] ------------------------------------------------------------------------
[INFO] Scanning for projects...
[WARNING] 
[WARNING] Some problems were encountered while building the effective model for org.apache.hadoop:hadoop-ozone-recon:jar:0.5.0-SNAPSHOT
[WARNING] The expression ${version} is deprecated. Please use ${project.version} instead.
[WARNING] 
[WARNING] It is highly recommended to fix these problems because they threaten the stability of your build.
[WARNING] 
[WARNING] For this reason, future Maven versions might no longer support building such malformed projects.
[WARNING] 
[INFO] ------------------------------------------------------------------------
[INFO] Detecting the operating system and CPU architecture
[INFO] ------------------------------------------------------------------------
[INFO] os.detected.name: linux
[INFO] os.detected.arch: x86_64
[INFO] os.detected.version: 3.10
[INFO] os.detected.version.major: 3
[INFO] os.detected.version.minor: 10
[INFO] os.detected.release: alpine
[INFO] os.detected.release.version: 3.8.2
[INFO] os.detected.release.like.alpine: true
[INFO] os.detected.classifier: linux-x86_64
[INFO] ------------------------------------------------------------------------
[INFO] Reactor Build Order:
[INFO] 
[INFO] Apache Hadoop Ozone                                                [pom]
[INFO] Apache Hadoop Ozone Common                                         [jar]
[INFO] Apache Hadoop Ozone Client                                         [jar]
[INFO] Apache Hadoop Ozone Manager Server                                 [jar]
[INFO] Apache Hadoop Ozone Object Store REST Service                      [jar]
[INFO] Apache Hadoop Ozone S3 Gateway                                     [jar]
[INFO] Apache Hadoop Ozone CSI service                                    [jar]
[INFO] Apache Hadoop Ozone Recon CodeGen                                  [jar]
[INFO] Apache Hadoop Ozone Recon                                          [jar]
[INFO] Apache Hadoop Ozone Integration Tests                              [jar]
[INFO] Apache Hadoop Ozone FileSystem                                     [jar]
[INFO] Apache Hadoop Ozone FileSystem Single Jar Library                  [jar]
[INFO] Apache Hadoop Ozone FileSystem Legacy Jar Library                  [jar]
[INFO] Apache Hadoop Ozone Tools                                          [jar]
[INFO] Apache Hadoop Ozone Datanode                                       [jar]
[INFO] Apache Hadoop Ozone In-Place Upgrade                               [jar]
[INFO] Apache Hadoop Ozone Distribution                                   [pom]
[INFO] Apache Hadoop Ozone Fault Injection Tests                          [pom]
[INFO] Apache Hadoop Ozone Network Tests                                  [jar]
[INFO] 
[INFO] -------------------< org.apache.hadoop:hadoop-ozone >-------------------
[INFO] Building Apache Hadoop Ozone 0.5.0-SNAPSHOT                       [1/19]
[INFO] --------------------------------[ pom ]---------------------------------
[INFO] 
[INFO] --- apache-rat-plugin:0.13:check (default-cli) @ hadoop-ozone ---
[INFO] Enabled default license matchers.
[INFO] Will parse SCM ignores for exclusions...
[INFO] Parsing exclusions from /workdir/hadoop-ozone/.gitignore
[INFO] Finished adding exclusions from SCM ignore files.
[INFO] 85 implicit excludes (use -debug for more details).
[INFO] 39 explicit excludes (use -debug for more details).
[INFO] 26 resources included (use -debug for more details)
[INFO] Rat check: Summary over all files. Unapproved: 0, unknown: 0, generated: 0, approved: 26 licenses.
[INFO] 
[INFO] ---------------< org.apache.hadoop:hadoop-ozone-common >----------------
[INFO] Building Apache Hadoop Ozone Common 0.5.0-SNAPSHOT                [2/19]
[INFO] --------------------------------[ jar ]---------------------------------
[INFO] 
[INFO] --- apache-rat-plugin:0.13:check (default-cli) @ hadoop-ozone-common ---
[INFO] Enabled default license matchers.
[INFO] Will parse SCM ignores for exclusions...
[INFO] Finished adding exclusions from SCM ignore files.
[INFO] 62 implicit excludes (use -debug for more details).
[INFO] 39 explicit excludes (use -debug for more details).
[INFO] 160 resources included (use -debug for more details)
[INFO] Rat check: Summary over all files. Unapproved: 0, unknown: 0, generated: 0, approved: 160 licenses.
[INFO] 
[INFO] ---------------< org.apache.hadoop:hadoop-ozone-client >----------------
[INFO] Building Apache Hadoop Ozone Client 0.5.0-SNAPSHOT                [3/19]
[INFO] --------------------------------[ jar ]---------------------------------
[INFO] 
[INFO] --- apache-rat-plugin:0.13:check (default-cli) @ hadoop-ozone-client ---
[INFO] Enabled default license matchers.
[INFO] Will parse SCM ignores for exclusions...
[INFO] Finished adding exclusions from SCM ignore files.
[INFO] 62 implicit excludes (use -debug for more details).
[INFO] 39 explicit excludes (use -debug for more details).
[INFO] 38 resources included (use -debug for more details)
[INFO] Rat check: Summary over all files. Unapproved: 0, unknown: 0, generated: 0, approved: 38 licenses.
[INFO] 
[INFO] ------------< org.apache.hadoop:hadoop-ozone-ozone-manager >------------
[INFO] Building Apache Hadoop Ozone Manager Server 0.5.0-SNAPSHOT        [4/19]
[INFO] --------------------------------[ jar ]---------------------------------
[INFO] 
[INFO] --- apache-rat-plugin:0.13:check (default-cli) @ hadoop-ozone-ozone-manager ---
[INFO] Enabled default license matchers.
[INFO] Will parse SCM ignores for exclusions...
[INFO] Finished adding exclusions from SCM ignore files.
[INFO] 62 implicit excludes (use -debug for more details).
[INFO] 39 explicit excludes (use -debug for more details).
[INFO] 294 resources included (use -debug for more details)
[INFO] Rat check: Summary over all files. Unapproved: 0, unknown: 0, generated: 0, approved: 294 licenses.
[INFO] 
[INFO] ---------< org.apache.hadoop:hadoop-ozone-objectstore-service >---------
[INFO] Building Apache Hadoop Ozone Object Store REST Service 0.5.0-SNAPSHOT [5/19]
[INFO] --------------------------------[ jar ]---------------------------------
[INFO] 
[INFO] --- apache-rat-plugin:0.13:check (default-cli) @ hadoop-ozone-objectstore-service ---
[INFO] Enabled default license matchers.
[INFO] Will parse SCM ignores for exclusions...
[INFO] Finished adding exclusions from SCM ignore files.
[INFO] 62 implicit excludes (use -debug for more details).
[INFO] 39 explicit excludes (use -debug for more details).
[INFO] 47 resources included (use -debug for more details)
[INFO] Rat check: Summary over all files. Unapproved: 0, unknown: 0, generated: 0, approved: 47 licenses.
[INFO] 
[INFO] --------------< org.apache.hadoop:hadoop-ozone-s3gateway >--------------
[INFO] Building Apache Hadoop Ozone S3 Gateway 0.5.0-SNAPSHOT            [6/19]
[INFO] --------------------------------[ jar ]---------------------------------
[INFO] 
[INFO] --- apache-rat-plugin:0.13:check (default-cli) @ hadoop-ozone-s3gateway ---
[INFO] Enabled default license matchers.
[INFO] Will parse SCM ignores for exclusions...
[INFO] Finished adding exclusions from SCM ignore files.
[INFO] 62 implicit excludes (use -debug for more details).
[INFO] 39 explicit excludes (use -debug for more details).
[INFO] 98 resources included (use -debug for more details)
[INFO] Rat check: Summary over all files. Unapproved: 0, unknown: 0, generated: 0, approved: 97 licenses.
[INFO] 
[INFO] -----------------< org.apache.hadoop:hadoop-ozone-csi >-----------------
[INFO] Building Apache Hadoop Ozone CSI service 0.5.0-SNAPSHOT           [7/19]
[INFO] --------------------------------[ jar ]---------------------------------
[INFO] 
[INFO] --- apache-rat-plugin:0.13:check (default-cli) @ hadoop-ozone-csi ---
[INFO] Enabled default license matchers.
[INFO] Will parse SCM ignores for exclusions...
[INFO] Finished adding exclusions from SCM ignore files.
[INFO] 62 implicit excludes (use -debug for more details).
[INFO] 39 explicit excludes (use -debug for more details).
[INFO] 8 resources included (use -debug for more details)
[INFO] Rat check: Summary over all files. Unapproved: 0, unknown: 0, generated: 0, approved: 8 licenses.
[INFO] 
[INFO] ------------< org.apache.hadoop:hadoop-ozone-reconcodegen >-------------
[INFO] Building Apache Hadoop Ozone Recon CodeGen 0.5.0-SNAPSHOT         [8/19]
[INFO] --------------------------------[ jar ]---------------------------------
[INFO] 
[INFO] --- apache-rat-plugin:0.13:check (default-cli) @ hadoop-ozone-reconcodegen ---
[INFO] Enabled default license matchers.
[INFO] Will parse SCM ignores for exclusions...
[INFO] Finished adding exclusions from SCM ignore files.
[INFO] 62 implicit excludes (use -debug for more details).
[INFO] 39 explicit excludes (use -debug for more details).
[INFO] 10 resources included (use -debug for more details)
[INFO] Rat check: Summary over all files. Unapproved: 0, unknown: 0, generated: 0, approved: 10 licenses.
[INFO] 
[INFO] ----------------< org.apache.hadoop:hadoop-ozone-recon >----------------
[INFO] Building Apache Hadoop Ozone Recon 0.5.0-SNAPSHOT                 [9/19]
[INFO] --------------------------------[ jar ]---------------------------------
[INFO] 
[INFO] --- apache-rat-plugin:0.13:check (default-cli) @ hadoop-ozone-recon ---
[INFO] Enabled default license matchers.
[INFO] Will parse SCM ignores for exclusions...
[INFO] Finished adding exclusions from SCM ignore files.
[INFO] 62 implicit excludes (use -debug for more details).
[INFO] 39 explicit excludes (use -debug for more details).
[INFO] 102 resources included (use -debug for more details)
[INFO] Rat check: Summary over all files. Unapproved: 0, unknown: 0, generated: 0, approved: 98 licenses.
[INFO] 
[INFO] ----------< org.apache.hadoop:hadoop-ozone-integration-test >-----------
[INFO] Building Apache Hadoop Ozone Integration Tests 0.5.0-SNAPSHOT    [10/19]
[INFO] --------------------------------[ jar ]---------------------------------
[INFO] 
[INFO] --- apache-rat-plugin:0.13:check (default-cli) @ hadoop-ozone-integration-test ---
[INFO] Enabled default license matchers.
[INFO] Will parse SCM ignores for exclusions...
[INFO] Finished adding exclusions from SCM ignore files.
[INFO] 62 implicit excludes (use -debug for more details).
[INFO] 39 explicit excludes (use -debug for more details).
[INFO] 133 resources included (use -debug for more details)
[INFO] Rat check: Summary over all files. Unapproved: 0, unknown: 0, generated: 0, approved: 133 licenses.
[INFO] 
[INFO] -------------< org.apache.hadoop:hadoop-ozone-filesystem >--------------
[INFO] Building Apache Hadoop Ozone FileSystem 0.5.0-SNAPSHOT           [11/19]
[INFO] --------------------------------[ jar ]---------------------------------
[INFO] 
[INFO] --- apache-rat-plugin:0.13:check (default-cli) @ hadoop-ozone-filesystem ---
[INFO] Enabled default license matchers.
[INFO] Will parse SCM ignores for exclusions...
[INFO] Finished adding exclusions from SCM ignore files.
[INFO] 62 implicit excludes (use -debug for more details).
[INFO] 39 explicit excludes (use -debug for more details).
[INFO] 42 resources included (use -debug for more details)
[INFO] Rat check: Summary over all files. Unapproved: 0, unknown: 0, generated: 0, approved: 42 licenses.
[INFO] 
[INFO] -------< org.apache.hadoop:hadoop-ozone-filesystem-lib-current >--------
[INFO] Building Apache Hadoop Ozone FileSystem Single Jar Library 0.5.0-SNAPSHOT [12/19]
[INFO] --------------------------------[ jar ]---------------------------------
[INFO] 
[INFO] --- apache-rat-plugin:0.13:check (default-cli) @ hadoop-ozone-filesystem-lib-current ---
[INFO] Enabled default license matchers.
[INFO] Will parse SCM ignores for exclusions...
[INFO] Finished adding exclusions from SCM ignore files.
[INFO] 62 implicit excludes (use -debug for more details).
[INFO] 39 explicit excludes (use -debug for more details).
[INFO] 1 resources included (use -debug for more details)
[INFO] Rat check: Summary over all files. Unapproved: 0, unknown: 0, generated: 0, approved: 1 licenses.
[INFO] 
[INFO] --------< org.apache.hadoop:hadoop-ozone-filesystem-lib-legacy >--------
[INFO] Building Apache Hadoop Ozone FileSystem Legacy Jar Library 0.5.0-SNAPSHOT [13/19]
[INFO] --------------------------------[ jar ]---------------------------------
[INFO] 
[INFO] --- apache-rat-plugin:0.13:check (default-cli) @ hadoop-ozone-filesystem-lib-legacy ---
[INFO] Enabled default license matchers.
[INFO] Will parse SCM ignores for exclusions...
[INFO] Finished adding exclusions from SCM ignore files.
[INFO] 62 implicit excludes (use -debug for more details).
[INFO] 39 explicit excludes (use -debug for more details).
[INFO] 2 resources included (use -debug for more details)
[INFO] Rat check: Summary over all files. Unapproved: 0, unknown: 0, generated: 0, approved: 2 licenses.
[INFO] 
[INFO] ----------------< org.apache.hadoop:hadoop-ozone-tools >----------------
[INFO] Building Apache Hadoop Ozone Tools 0.5.0-SNAPSHOT                [14/19]
[INFO] --------------------------------[ jar ]---------------------------------
[INFO] 
[INFO] --- apache-rat-plugin:0.13:check (default-cli) @ hadoop-ozone-tools ---
[INFO] Enabled default license matchers.
[INFO] Will parse SCM ignores for exclusions...
[INFO] Finished adding exclusions from SCM ignore files.
[INFO] 62 implicit excludes (use -debug for more details).
[INFO] 39 explicit excludes (use -debug for more details).
[INFO] 60 resources included (use -debug for more details)
[INFO] Rat check: Summary over all files. Unapproved: 0, unknown: 0, generated: 0, approved: 60 licenses.
[INFO] 
[INFO] --------------< org.apache.hadoop:hadoop-ozone-datanode >---------------
[INFO] Building Apache Hadoop Ozone Datanode 0.5.0-SNAPSHOT             [15/19]
[INFO] --------------------------------[ jar ]---------------------------------
[INFO] 
[INFO] --- apache-rat-plugin:0.13:check (default-cli) @ hadoop-ozone-datanode ---
[INFO] Enabled default license matchers.
[INFO] Will parse SCM ignores for exclusions...
[INFO] Finished adding exclusions from SCM ignore files.
[INFO] 62 implicit excludes (use -debug for more details).
[INFO] 39 explicit excludes (use -debug for more details).
[INFO] 1 resources included (use -debug for more details)
[INFO] Rat check: Summary over all files. Unapproved: 0, unknown: 0, generated: 0, approved: 1 licenses.
[INFO] 
[INFO] ---------------< org.apache.hadoop:hadoop-ozone-upgrade >---------------
[INFO] Building Apache Hadoop Ozone In-Place Upgrade 0.5.0-SNAPSHOT     [16/19]
[INFO] --------------------------------[ jar ]---------------------------------
[INFO] 
[INFO] --- apache-rat-plugin:0.13:check (default-cli) @ hadoop-ozone-upgrade ---
[INFO] Enabled default license matchers.
[INFO] Will parse SCM ignores for exclusions...
[INFO] Finished adding exclusions from SCM ignore files.
[INFO] 62 implicit excludes (use -debug for more details).
[INFO] 39 explicit excludes (use -debug for more details).
[INFO] 6 resources included (use -debug for more details)
[INFO] Rat check: Summary over all files. Unapproved: 0, unknown: 0, generated: 0, approved: 6 licenses.
[INFO] 
[INFO] ----------------< org.apache.hadoop:hadoop-ozone-dist >-----------------
[INFO] Building Apache Hadoop Ozone Distribution 0.5.0-SNAPSHOT         [17/19]
[INFO] --------------------------------[ pom ]---------------------------------
[INFO] 
[INFO] --- apache-rat-plugin:0.13:check (default-cli) @ hadoop-ozone-dist ---
[INFO] Enabled default license matchers.
[INFO] Will parse SCM ignores for exclusions...
[INFO] Finished adding exclusions from SCM ignore files.
[INFO] 62 implicit excludes (use -debug for more details).
[INFO] 39 explicit excludes (use -debug for more details).
[INFO] 261 resources included (use -debug for more details)
[INFO] Rat check: Summary over all files. Unapproved: 0, unknown: 0, generated: 0, approved: 260 licenses.
[INFO] 
[INFO] --------< org.apache.hadoop:hadoop-ozone-fault-injection-test >---------
[INFO] Building Apache Hadoop Ozone Fault Injection Tests 0.5.0-SNAPSHOT [18/19]
[INFO] --------------------------------[ pom ]---------------------------------
[INFO] 
[INFO] --- apache-rat-plugin:0.13:check (default-cli) @ hadoop-ozone-fault-injection-test ---
[INFO] Enabled default license matchers.
[INFO] Will parse SCM ignores for exclusions...
[INFO] Finished adding exclusions from SCM ignore files.
[INFO] 63 implicit excludes (use -debug for more details).
[INFO] 39 explicit excludes (use -debug for more details).
[INFO] 1 resources included (use -debug for more details)
[INFO] Rat check: Summary over all files. Unapproved: 0, unknown: 0, generated: 0, approved: 1 licenses.
[INFO] 
[INFO] ------------< org.apache.hadoop:hadoop-ozone-network-tests >------------
[INFO] Building Apache Hadoop Ozone Network Tests 0.5.0-SNAPSHOT        [19/19]
[INFO] --------------------------------[ jar ]---------------------------------
[INFO] 
[INFO] --- apache-rat-plugin:0.13:check (default-cli) @ hadoop-ozone-network-tests ---
[INFO] Enabled default license matchers.
[INFO] Will parse SCM ignores for exclusions...
[INFO] Finished adding exclusions from SCM ignore files.
[INFO] 62 implicit excludes (use -debug for more details).
[INFO] 39 explicit excludes (use -debug for more details).
[INFO] 20 resources included (use -debug for more details)
[INFO] Rat check: Summary over all files. Unapproved: 0, unknown: 0, generated: 0, approved: 20 licenses.
[INFO] ------------------------------------------------------------------------
[INFO] Reactor Summary:
[INFO] 
[INFO] Apache Hadoop Ozone 0.5.0-SNAPSHOT ................. SUCCESS [  0.716 s]
[INFO] Apache Hadoop Ozone Common ......................... SUCCESS [  0.174 s]
[INFO] Apache Hadoop Ozone Client ......................... SUCCESS [  0.046 s]
[INFO] Apache Hadoop Ozone Manager Server ................. SUCCESS [  0.143 s]
[INFO] Apache Hadoop Ozone Object Store REST Service ...... SUCCESS [  0.057 s]
[INFO] Apache Hadoop Ozone S3 Gateway ..................... SUCCESS [  0.072 s]
[INFO] Apache Hadoop Ozone CSI service .................... SUCCESS [  0.201 s]
[INFO] Apache Hadoop Ozone Recon CodeGen .................. SUCCESS [  0.040 s]
[INFO] Apache Hadoop Ozone Recon .......................... SUCCESS [  0.050 s]
[INFO] Apache Hadoop Ozone Integration Tests .............. SUCCESS [  0.053 s]
[INFO] Apache Hadoop Ozone FileSystem ..................... SUCCESS [  0.033 s]
[INFO] Apache Hadoop Ozone FileSystem Single Jar Library .. SUCCESS [  0.021 s]
[INFO] Apache Hadoop Ozone FileSystem Legacy Jar Library .. SUCCESS [  0.021 s]
[INFO] Apache Hadoop Ozone Tools .......................... SUCCESS [  0.035 s]
[INFO] Apache Hadoop Ozone Datanode ....................... SUCCESS [  0.020 s]
[INFO] Apache Hadoop Ozone In-Place Upgrade ............... SUCCESS [  0.021 s]
[INFO] Apache Hadoop Ozone Distribution ................... SUCCESS [  0.069 s]
[INFO] Apache Hadoop Ozone Fault Injection Tests .......... SUCCESS [  0.026 s]
[INFO] Apache Hadoop Ozone Network Tests 0.5.0-SNAPSHOT ... SUCCESS [  0.025 s]
[INFO] ------------------------------------------------------------------------
[INFO] BUILD SUCCESS
[INFO] ------------------------------------------------------------------------
[INFO] Total time: 3.236 s
[INFO] Finished at: 2019-08-24T05:03:28Z
[INFO] ------------------------------------------------------------------------
