#
# A fatal error has been detected by the Java Runtime Environment:
#
#  SIGSEGV (0xb) at pc=0x00007f42c96be810, pid=8416, tid=0x00007f42adbd0ae0
#
# JRE version: OpenJDK Runtime Environment (8.0_212-b04) (build 1.8.0_212-b04)
# Java VM: OpenJDK 64-Bit Server VM (25.212-b04 mixed mode linux-amd64 compressed oops)
# Derivative: IcedTea 3.12.0
# Distribution: Custom build (Sat May  4 17:31:12 UTC 2019)
# Problematic frame:
# C  [ld-musl-x86_64.so.1+0x53810]  pthread_setname_np+0x5e
#
# Core dump written. Default location: /workdir/hadoop-hdds/server-scm/core or core.8416
#
# If you would like to submit a bug report, please include
# instructions on how to reproduce the bug and visit:
#   https://icedtea.classpath.org/bugzilla
#

---------------  T H R E A D  ---------------

Current thread is native thread

siginfo: si_signo: 11 (SIGSEGV), si_code: 1 (SEGV_MAPERR), si_addr: 0x0000000000000038

Registers:
RAX=0x00007f42adbd0ae0, RBX=0x0000000000000022, RCX=0x0000000000000000, RDX=0x0000000000000000
RSP=0x00007f42adbd0680, RBP=0x0000000000000000, RSI=0x0000000000000000, RDI=0xff73725e6f6c7463
R8 =0x0000000000000000, R9 =0x8080808080808080, R10=0xfefefefefefefeff, R11=0x0000000000000212
R12=0x000055564954b378, R13=0x000000000000000f, R14=0x00007f42adbd0ae0, R15=0x00007f42c98f7ae8
RIP=0x00007f42c96be810, EFLAGS=0x0000000000010202, CSGSFS=0x0000000000000033, ERR=0x0000000000000004
  TRAPNO=0x000000000000000e

Top of Stack: (sp=0x00007f42adbd0680)
0x00007f42adbd0680:   0000000000000000 0000000000000000
0x00007f42adbd0690:   0000000000000000 0000000000000000
0x00007f42adbd06a0:   0000000000000000 0000000000000000
0x00007f42adbd06b0:   0000000000000000 0000555649492880
0x00007f42adbd06c0:   00007f42adbd0710 0000000000000000
0x00007f42adbd06d0:   00005556494928c0 00007f42ad532ec9
0x00007f42adbd06e0:   0000000000000000 0000555649160f60
0x00007f42adbd06f0:   0000000000000000 00007f42adbd0760
0x00007f42adbd0700:   00007f42adbd0ae0 00007f42c98f7ae8
0x00007f42adbd0710:   0000000000000000 00007f42c84eef41
0x00007f42adbd0720:   0000000000000000 00007f42adbd0ae0
0x00007f42adbd0730:   0000000000000000 00007f42c96bd6c2
0x00007f42adbd0740:   0000000000000000 0000000000000000
0x00007f42adbd0750:   0000000000017000 00007f42c96bf5b1
0x00007f42adbd0760:   0000000000000002 00007f42adbd0ac0
0x00007f42adbd0770:   00007f42adbd0790 0000000000000000
0x00007f42adbd0780:   0000000000000000 0000000000000000
0x00007f42adbd0790:   0000000000000002 0000000000000000
0x00007f42adbd07a0:   0000000000000000 0000000000000000
0x00007f42adbd07b0:   0000000000000000 0000000000000000
0x00007f42adbd07c0:   0000000000000000 0000000000000000
0x00007f42adbd07d0:   0000000000000000 0000000000000000
0x00007f42adbd07e0:   0000000000000000 0000000000000000
0x00007f42adbd07f0:   0000000000000000 0000000000000000
0x00007f42adbd0800:   0000000000000000 0000000000000000
0x00007f42adbd0810:   0000000000000000 0000000000000000
0x00007f42adbd0820:   0000000000000000 0000000000000000
0x00007f42adbd0830:   0000000000000000 0000000000000000
0x00007f42adbd0840:   0000000000000000 0000000000000000
0x00007f42adbd0850:   0000000000000000 0000000000000000
0x00007f42adbd0860:   0000000000000000 0000000000000000
0x00007f42adbd0870:   0000000000000000 0000000000000000 

Instructions: (pc=0x00007f42c96be810)
0x00007f42c96be7f0:   31 d2 31 c0 4c 89 e6 bf 0f 00 00 00 e8 65 d8 fc
0x00007f42c96be800:   ff 85 c0 89 c3 74 7e e8 25 a7 fc ff 8b 18 eb 75
0x00007f42c96be810:   8b 4d 38 48 8d 5c 24 0e 48 8d 15 f2 92 03 00 be
0x00007f42c96be820:   22 00 00 00 31 c0 48 89 df e8 35 68 ff ff 48 8d 

Register to memory mapping:

RAX=0x00007f42adbd0ae0 is an unknown value
RBX=0x0000000000000022 is an unknown value
RCX=0x0000000000000000 is an unknown value
RDX=0x0000000000000000 is an unknown value
RSP=0x00007f42adbd0680 is an unknown value
RBP=0x0000000000000000 is an unknown value
RSI=0x0000000000000000 is an unknown value
RDI=0xff73725e6f6c7463 is an unknown value
R8 =0x0000000000000000 is an unknown value
R9 =0x8080808080808080 is an unknown value
R10=0xfefefefefefefeff is an unknown value
R11=0x0000000000000212 is an unknown value
R12=0x000055564954b378 is an unknown value
R13=0x000000000000000f is an unknown value
R14=0x00007f42adbd0ae0 is an unknown value
R15=0x00007f42c98f7ae8: __utc+0x1fff68 in /lib/ld-musl-x86_64.so.1 at 0x00007f42c966b000


Stack: [0x00007f42adbbc000,0x00007f42adbd0760],  sp=0x00007f42adbd0680,  free space=81k
Native frames: (J=compiled Java code, j=interpreted, Vv=VM code, C=native code)
C  [ld-musl-x86_64.so.1+0x53810]  pthread_setname_np+0x5e

[error occurred during error reporting (printing native stack), id 0xb]


---------------  P R O C E S S  ---------------

VM state:not at safepoint (normal execution)

VM Mutex/Monitor currently owned by a thread: None

heap address: 0x0000000080000000, size: 2048 MB, Compressed Oops mode: 32-bit
Narrow klass base: 0x0000000000000000, Narrow klass shift: 3
Compressed class space size: 1073741824 Address: 0x0000000100000000

Heap:
 PSYoungGen      total 611840K, used 178436K [0x00000000d5580000, 0x0000000100000000, 0x0000000100000000)
  eden space 524800K, 34% used [0x00000000d5580000,0x00000000e03c1320,0x00000000f5600000)
  from space 87040K, 0% used [0x00000000f5600000,0x00000000f5600000,0x00000000fab00000)
  to   space 87040K, 0% used [0x00000000fab00000,0x00000000fab00000,0x0000000100000000)
 ParOldGen       total 892928K, used 11968K [0x0000000080000000, 0x00000000b6800000, 0x00000000d5580000)
  object space 892928K, 1% used [0x0000000080000000,0x0000000080bb0260,0x00000000b6800000)
 Metaspace       used 26407K, capacity 26728K, committed 27264K, reserved 1073152K
  class space    used 2980K, capacity 3085K, committed 3200K, reserved 1048576K

Card table byte_map: [0x00007f42b8417000,0x00007f42b8818000] byte_map_base: 0x00007f42b8017000

Marking Bits: (ParMarkBitMap*) 0x00007f42c9229200
 Begin Bits: [0x00007f42b3f68000, 0x00007f42b5f68000)
 End Bits:   [0x00007f42b5f68000, 0x00007f42b7f68000)

Polling page: 0x00007f42c97f4000

CodeCache: size=245760Kb used=5412Kb max_used=5413Kb free=240347Kb
 bounds [0x00007f42b8bd8000, 0x00007f42b9128000, 0x00007f42c7bd8000]
 total_blobs=2197 nmethods=1689 adapters=422
 compilation: enabled

Compilation events (10 events):
Event: 4.145 Thread 0x000055564797e000 1685  s    3       org.apache.hadoop.metrics2.lib.MetricsRegistry::newCounter (42 bytes)
Event: 4.146 Thread 0x0000555647971000 1686       4       java.util.Objects::requireNonNull (14 bytes)
Event: 4.146 Thread 0x0000555647971000 nmethod 1686 0x00007f42b90fa0d0 code [0x00007f42b90fa220, 0x00007f42b90fa278]
Event: 4.147 Thread 0x000055564797e000 nmethod 1685 0x00007f42b9123810 code [0x00007f42b9123a40, 0x00007f42b9124688]
Event: 4.147 Thread 0x000055564797e000 1687       3       java.util.HashMap$KeySet::iterator (12 bytes)
Event: 4.148 Thread 0x000055564797e000 nmethod 1687 0x00007f42b911f450 code [0x00007f42b911f5c0, 0x00007f42b911f828]
Event: 4.148 Thread 0x000055564797e000 1689       3       java.util.regex.Pattern$BitClass::isSatisfiedBy (22 bytes)
Event: 4.148 Thread 0x000055564797e000 nmethod 1689 0x00007f42b9123390 code [0x00007f42b9123500, 0x00007f42b9123710]
Event: 4.148 Thread 0x000055564797e000 1688       3       java.util.HashMap$KeyIterator::<init> (11 bytes)
Event: 4.149 Thread 0x000055564797e000 nmethod 1688 0x00007f42b9122fd0 code [0x00007f42b9123140, 0x00007f42b91232e8]

GC Heap History (4 events):
Event: 2.047 GC heap before
{Heap before GC invocations=1 (full 0):
 PSYoungGen      total 611840K, used 199425K [0x00000000d5580000, 0x0000000100000000, 0x0000000100000000)
  eden space 524800K, 38% used [0x00000000d5580000,0x00000000e1840530,0x00000000f5600000)
  from space 87040K, 0% used [0x00000000fab00000,0x00000000fab00000,0x0000000100000000)
  to   space 87040K, 0% used [0x00000000f5600000,0x00000000f5600000,0x00000000fab00000)
 ParOldGen       total 1398272K, used 0K [0x0000000080000000, 0x00000000d5580000, 0x00000000d5580000)
  object space 1398272K, 0% used [0x0000000080000000,0x0000000080000000,0x00000000d5580000)
 Metaspace       used 20759K, capacity 20984K, committed 21248K, reserved 1069056K
  class space    used 2351K, capacity 2443K, committed 2560K, reserved 1048576K
Event: 2.077 GC heap after
Heap after GC invocations=1 (full 0):
 PSYoungGen      total 611840K, used 12415K [0x00000000d5580000, 0x0000000100000000, 0x0000000100000000)
  eden space 524800K, 0% used [0x00000000d5580000,0x00000000d5580000,0x00000000f5600000)
  from space 87040K, 14% used [0x00000000f5600000,0x00000000f621fe48,0x00000000fab00000)
  to   space 87040K, 0% used [0x00000000fab00000,0x00000000fab00000,0x0000000100000000)
 ParOldGen       total 1398272K, used 72K [0x0000000080000000, 0x00000000d5580000, 0x00000000d5580000)
  object space 1398272K, 0% used [0x0000000080000000,0x0000000080012010,0x00000000d5580000)
 Metaspace       used 20759K, capacity 20984K, committed 21248K, reserved 1069056K
  class space    used 2351K, capacity 2443K, committed 2560K, reserved 1048576K
}
Event: 2.077 GC heap before
{Heap before GC invocations=2 (full 1):
 PSYoungGen      total 611840K, used 12415K [0x00000000d5580000, 0x0000000100000000, 0x0000000100000000)
  eden space 524800K, 0% used [0x00000000d5580000,0x00000000d5580000,0x00000000f5600000)
  from space 87040K, 14% used [0x00000000f5600000,0x00000000f621fe48,0x00000000fab00000)
  to   space 87040K, 0% used [0x00000000fab00000,0x00000000fab00000,0x0000000100000000)
 ParOldGen       total 1398272K, used 72K [0x0000000080000000, 0x00000000d5580000, 0x00000000d5580000)
  object space 1398272K, 0% used [0x0000000080000000,0x0000000080012010,0x00000000d5580000)
 Metaspace       used 20759K, capacity 20984K, committed 21248K, reserved 1069056K
  class space    used 2351K, capacity 2443K, committed 2560K, reserved 1048576K
Event: 2.143 GC heap after
Heap after GC invocations=2 (full 1):
 PSYoungGen      total 611840K, used 0K [0x00000000d5580000, 0x0000000100000000, 0x0000000100000000)
  eden space 524800K, 0% used [0x00000000d5580000,0x00000000d5580000,0x00000000f5600000)
  from space 87040K, 0% used [0x00000000f5600000,0x00000000f5600000,0x00000000fab00000)
  to   space 87040K, 0% used [0x00000000fab00000,0x00000000fab00000,0x0000000100000000)
 ParOldGen       total 892928K, used 11968K [0x0000000080000000, 0x00000000b6800000, 0x00000000d5580000)
  object space 892928K, 1% used [0x0000000080000000,0x0000000080bb0260,0x00000000b6800000)
 Metaspace       used 20759K, capacity 20984K, committed 21248K, reserved 1069056K
  class space    used 2351K, capacity 2443K, committed 2560K, reserved 1048576K
}

Deoptimization events (10 events):
Event: 2.143 Thread 0x000055564782a800 Uncommon trap: reason=unstable_if action=reinterpret pc=0x00007f42b8fc3c2c method=java.lang.ref.SoftReference.get()Ljava/lang/Object; @ 17
Event: 2.304 Thread 0x000055564782a800 Uncommon trap: reason=unstable_if action=reinterpret pc=0x00007f42b8e44ad8 method=sun.net.www.ParseUtil.encodePath(Ljava/lang/String;Z)Ljava/lang/String; @ 109
Event: 2.365 Thread 0x000055564782a800 Uncommon trap: reason=unstable_if action=reinterpret pc=0x00007f42b8e8c1d8 method=java.net.URL.<init>(Ljava/net/URL;Ljava/lang/String;Ljava/net/URLStreamHandler;)V @ 347
Event: 2.441 Thread 0x000055564939b000 Uncommon trap: reason=unstable_if action=reinterpret pc=0x00007f42b8f38274 method=java.lang.ThreadLocal.get()Ljava/lang/Object; @ 11
Event: 2.478 Thread 0x000055564939b000 Uncommon trap: reason=unstable_if action=reinterpret pc=0x00007f42b8d8f438 method=java.lang.AbstractStringBuilder.append(Ljava/lang/String;)Ljava/lang/AbstractStringBuilder; @ 1
Event: 2.479 Thread 0x000055564939b000 Uncommon trap: reason=unstable_if action=reinterpret pc=0x00007f42b8e2a9b8 method=java.lang.AbstractStringBuilder.append(Ljava/lang/String;)Ljava/lang/AbstractStringBuilder; @ 1
Event: 2.807 Thread 0x000055564939b000 Uncommon trap: reason=class_check action=maybe_recompile pc=0x00007f42b8fa5790 method=java.util.concurrent.ConcurrentHashMap.putVal(Ljava/lang/Object;Ljava/lang/Object;Z)Ljava/lang/Object; @ 192
Event: 2.818 Thread 0x000055564939b000 Uncommon trap: reason=class_check action=maybe_recompile pc=0x00007f42b8fa5790 method=java.util.concurrent.ConcurrentHashMap.putVal(Ljava/lang/Object;Ljava/lang/Object;Z)Ljava/lang/Object; @ 192
Event: 2.849 Thread 0x000055564939b000 Uncommon trap: reason=class_check action=maybe_recompile pc=0x00007f42b8fa5790 method=java.util.concurrent.ConcurrentHashMap.putVal(Ljava/lang/Object;Ljava/lang/Object;Z)Ljava/lang/Object; @ 192
Event: 2.860 Thread 0x000055564939b000 Uncommon trap: reason=class_check action=maybe_recompile pc=0x00007f42b8fa5790 method=java.util.concurrent.ConcurrentHashMap.putVal(Ljava/lang/Object;Ljava/lang/Object;Z)Ljava/lang/Object; @ 192

Classes redefined (0 events):
No events

Internal exceptions (10 events):
Event: 3.851 Thread 0x000055564782a800 Exception <a 'java/net/UnknownHostException'> (0x00000000ddef53d0) thrown at [/home/buildozer/aports/community/openjdk8/src/icedtea-3.12.0/openjdk/hotspot/src/share/vm/prims/jni.cpp, line 737]
Event: 3.853 Thread 0x000055564782a800 Exception <a 'java/io/FileNotFoundException'> (0x00000000ddf088f8) thrown at [/home/buildozer/aports/community/openjdk8/src/icedtea-3.12.0/openjdk/hotspot/src/share/vm/prims/jni.cpp, line 710]
Event: 3.855 Thread 0x000055564782a800 Exception <a 'sun/nio/fs/UnixException'> (0x00000000ddf107e0) thrown at [/home/buildozer/aports/community/openjdk8/src/icedtea-3.12.0/openjdk/hotspot/src/share/vm/prims/jni.cpp, line 710]
Event: 3.855 Thread 0x000055564782a800 Exception <a 'sun/nio/fs/UnixException'> (0x00000000ddf10f58) thrown at [/home/buildozer/aports/community/openjdk8/src/icedtea-3.12.0/openjdk/hotspot/src/share/vm/prims/jni.cpp, line 710]
Event: 3.855 Thread 0x000055564782a800 Exception <a 'sun/nio/fs/UnixException'> (0x00000000ddf11630) thrown at [/home/buildozer/aports/community/openjdk8/src/icedtea-3.12.0/openjdk/hotspot/src/share/vm/prims/jni.cpp, line 710]
Event: 3.855 Thread 0x000055564782a800 Exception <a 'sun/nio/fs/UnixException'> (0x00000000ddf11e40) thrown at [/home/buildozer/aports/community/openjdk8/src/icedtea-3.12.0/openjdk/hotspot/src/share/vm/prims/jni.cpp, line 710]
Event: 3.856 Thread 0x000055564782a800 Exception <a 'sun/nio/fs/UnixException'> (0x00000000ddf15408) thrown at [/home/buildozer/aports/community/openjdk8/src/icedtea-3.12.0/openjdk/hotspot/src/share/vm/prims/jni.cpp, line 710]
Event: 3.856 Thread 0x000055564782a800 Exception <a 'sun/nio/fs/UnixException'> (0x00000000ddf15cd0) thrown at [/home/buildozer/aports/community/openjdk8/src/icedtea-3.12.0/openjdk/hotspot/src/share/vm/prims/jni.cpp, line 710]
Event: 3.856 Thread 0x000055564782a800 Exception <a 'sun/nio/fs/UnixException'> (0x00000000ddf16418) thrown at [/home/buildozer/aports/community/openjdk8/src/icedtea-3.12.0/openjdk/hotspot/src/share/vm/prims/jni.cpp, line 710]
Event: 3.856 Thread 0x000055564782a800 Exception <a 'sun/nio/fs/UnixException'> (0x00000000ddf16cf8) thrown at [/home/buildozer/aports/community/openjdk8/src/icedtea-3.12.0/openjdk/hotspot/src/share/vm/prims/jni.cpp, line 710]

Events (10 events):
Event: 3.874 loading class org/apache/maven/surefire/booter/Command
Event: 3.874 loading class org/apache/maven/surefire/booter/Command done
Event: 3.875 Thread 0x0000555649204800 Thread exited: 0x0000555649204800
Event: 3.875 loading class org/apache/maven/surefire/booter/CommandReader$1
Event: 3.875 loading class org/apache/maven/surefire/booter/CommandReader$1 done
Event: 3.875 loading class java/util/concurrent/ConcurrentLinkedQueue$Itr
Event: 3.875 Thread 0x0000555649209800 Thread exited: 0x0000555649209800
Event: 3.875 loading class java/util/concurrent/ConcurrentLinkedQueue$Itr done
Event: 4.116 Executing VM operation: EnableBiasedLocking
Event: 4.117 Executing VM operation: EnableBiasedLocking done


Dynamic libraries:
80000000-b6800000 rw-p 00000000 00:00 0 
b6800000-d5580000 ---p 00000000 00:00 0 
d5580000-100320000 rw-p 00000000 00:00 0 
100320000-140000000 ---p 00000000 00:00 0 
555646332000-555646333000 r-xp 00000000 fd:02 181863116                  /usr/lib/jvm/java-1.8-openjdk/jre/bin/java
555646532000-555646533000 r--p 00000000 fd:02 181863116                  /usr/lib/jvm/java-1.8-openjdk/jre/bin/java
555646533000-555646534000 rw-p 00001000 fd:02 181863116                  /usr/lib/jvm/java-1.8-openjdk/jre/bin/java
555647813000-5556495ba000 rw-p 00000000 00:00 0                          [heap]
7f42aa2a8000-7f42aa2ab000 ---p 00000000 00:00 0 
7f42aa2ab000-7f42aa3a9000 rw-p 00000000 00:00 0 
7f42aabaa000-7f42aad2a000 rw-p 00000000 00:00 0 
7f42aad2a000-7f42aadaa000 ---p 00000000 00:00 0 
7f42aaea4000-7f42aaea7000 ---p 00000000 00:00 0 
7f42aaea7000-7f42aafa5000 rw-p 00000000 00:00 0 
7f42aafa5000-7f42aafa8000 ---p 00000000 00:00 0 
7f42aafa8000-7f42ab0a6000 rw-p 00000000 00:00 0 
7f42ab0a6000-7f42ab0a9000 ---p 00000000 00:00 0 
7f42ab0a9000-7f42ab1a7000 rw-p 00000000 00:00 0 
7f42ab1a7000-7f42ab1aa000 ---p 00000000 00:00 0 
7f42ab1aa000-7f42ab2a8000 rw-p 00000000 00:00 0 
7f42ab4aa000-7f42ab4ad000 ---p 00000000 00:00 0 
7f42ab4ad000-7f42ab5ab000 rw-p 00000000 00:00 0 
7f42ab5ab000-7f42ab5ae000 ---p 00000000 00:00 0 
7f42ab5ae000-7f42ab6ac000 rw-p 00000000 00:00 0 
7f42ab6ac000-7f42ab6af000 ---p 00000000 00:00 0 
7f42ab6af000-7f42ab7ad000 rw-p 00000000 00:00 0 
7f42ab7ad000-7f42ab7b0000 ---p 00000000 00:00 0 
7f42ab7b0000-7f42ab8ae000 rw-p 00000000 00:00 0 
7f42ab8ae000-7f42ab8b1000 ---p 00000000 00:00 0 
7f42ab8b1000-7f42ab9af000 rw-p 00000000 00:00 0 
7f42abab0000-7f42abcb0000 rw-p 00000000 00:00 0 
7f42abcb0000-7f42abcb3000 ---p 00000000 00:00 0 
7f42abcb3000-7f42abdb1000 rw-p 00000000 00:00 0 
7f42abdb1000-7f42abdb4000 ---p 00000000 00:00 0 
7f42abdb4000-7f42abeb2000 rw-p 00000000 00:00 0 
7f42abfb3000-7f42abfb6000 ---p 00000000 00:00 0 
7f42abfb6000-7f42ac0b4000 rw-p 00000000 00:00 0 
7f42ac0b4000-7f42ac0b7000 ---p 00000000 00:00 0 
7f42ac0b7000-7f42ac1b5000 rw-p 00000000 00:00 0 
7f42ac1b5000-7f42ac1b8000 ---p 00000000 00:00 0 
7f42ac1b8000-7f42ac2b6000 rw-p 00000000 00:00 0 
7f42ac3b7000-7f42ac5b7000 rw-p 00000000 00:00 0 
7f42ac5b7000-7f42ac7b7000 rw-p 00000000 00:00 0 
7f42ac7b7000-7f42ac9b7000 r-xp 00000000 fd:02 181863145                  /usr/lib/jvm/java-1.8-openjdk/jre/lib/amd64/libjaas_unix.so
7f42ac9b7000-7f42ac9b8000 r--p 00000000 fd:02 181863145                  /usr/lib/jvm/java-1.8-openjdk/jre/lib/amd64/libjaas_unix.so
7f42ac9b8000-7f42ac9b9000 rw-p 00001000 fd:02 181863145                  /usr/lib/jvm/java-1.8-openjdk/jre/lib/amd64/libjaas_unix.so
7f42ac9b9000-7f42acbb9000 rw-p 00000000 00:00 0 
7f42acbb9000-7f42acdb9000 rw-p 00000000 00:00 0 
7f42ace44000-7f42ad0b3000 rw-p 00000000 00:00 0 
7f42ad0b3000-7f42ad2d9000 r-xp 00000000 fd:02 181996160                  /usr/glibc-compat/lib/ld-2.28.so
7f42ad2d9000-7f42ad2da000 r--p 00026000 fd:02 181996160                  /usr/glibc-compat/lib/ld-2.28.so
7f42ad2da000-7f42ad2db000 rw-p 00027000 fd:02 181996160                  /usr/glibc-compat/lib/ld-2.28.so
7f42ad2db000-7f42ad2dc000 rw-p 00000000 00:00 0 
7f42ad2dc000-7f42adb74000 r-xp 00000000 fd:02 112200051                  /tmp/librocksdbjni717576785834079470.so
7f42adb74000-7f42adb85000 r--p 00698000 fd:02 112200051                  /tmp/librocksdbjni717576785834079470.so
7f42adb85000-7f42adb8e000 rw-p 006a9000 fd:02 112200051                  /tmp/librocksdbjni717576785834079470.so
7f42adb8e000-7f42adb94000 rw-p 00000000 00:00 0 
7f42adba3000-7f42adba5000 ---p 00000000 00:00 0 
7f42adba5000-7f42adbba000 rw-p 00000000 00:00 0 
7f42adbba000-7f42adbbc000 ---p 00000000 00:00 0 
7f42adbbc000-7f42adbd1000 rw-p 00000000 00:00 0 
7f42adbd1000-7f42adbd3000 ---p 00000000 00:00 0 
7f42adbd3000-7f42adbe8000 rw-p 00000000 00:00 0 
7f42adbe8000-7f42adbea000 ---p 00000000 00:00 0 
7f42adbea000-7f42adbff000 rw-p 00000000 00:00 0 
7f42adc04000-7f42adc06000 ---p 00000000 00:00 0 
7f42adc06000-7f42adc1b000 rw-p 00000000 00:00 0 
7f42adc1b000-7f42adc36000 r--s 001d6000 fd:02 181863188                  /usr/lib/jvm/java-1.8-openjdk/jre/lib/ext/nashorn.jar
7f42adc36000-7f42adc38000 ---p 00000000 00:00 0 
7f42adc38000-7f42adc4d000 rw-p 00000000 00:00 0 
7f42adc4d000-7f42adc4f000 ---p 00000000 00:00 0 
7f42adc4f000-7f42adc64000 rw-p 00000000 00:00 0 
7f42adc64000-7f42adc66000 ---p 00000000 00:00 0 
7f42adc66000-7f42adc7b000 rw-p 00000000 00:00 0 
7f42adc7b000-7f42adc7d000 ---p 00000000 00:00 0 
7f42adc7d000-7f42adc92000 rw-p 00000000 00:00 0 
7f42adc92000-7f42adc94000 ---p 00000000 00:00 0 
7f42adc94000-7f42adca9000 rw-p 00000000 00:00 0 
7f42adca9000-7f42adcab000 ---p 00000000 00:00 0 
7f42adcab000-7f42adcc0000 rw-p 00000000 00:00 0 
7f42adcc0000-7f42adcc2000 ---p 00000000 00:00 0 
7f42adcc2000-7f42adcd7000 rw-p 00000000 00:00 0 
7f42adcd7000-7f42adcd9000 ---p 00000000 00:00 0 
7f42adcd9000-7f42adeee000 rw-p 00000000 00:00 0 
7f42adeee000-7f42ae0ee000 rw-p 00000000 00:00 0 
7f42ae0ee000-7f42ae2ff000 r-xp 00000000 fd:02 181863159                  /usr/lib/jvm/java-1.8-openjdk/jre/lib/amd64/libnio.so
7f42ae2ff000-7f42ae300000 r--p 00011000 fd:02 181863159                  /usr/lib/jvm/java-1.8-openjdk/jre/lib/amd64/libnio.so
7f42ae300000-7f42ae301000 rw-p 00012000 fd:02 181863159                  /usr/lib/jvm/java-1.8-openjdk/jre/lib/amd64/libnio.so
7f42ae301000-7f42b1302000 rw-p 00000000 00:00 0 
7f42b1302000-7f42b1518000 r-xp 00000000 fd:02 181863158                  /usr/lib/jvm/java-1.8-openjdk/jre/lib/amd64/libnet.so
7f42b1518000-7f42b1519000 r--p 00016000 fd:02 181863158                  /usr/lib/jvm/java-1.8-openjdk/jre/lib/amd64/libnet.so
7f42b1519000-7f42b151a000 rw-p 00017000 fd:02 181863158                  /usr/lib/jvm/java-1.8-openjdk/jre/lib/amd64/libnet.so
7f42b151a000-7f42b151e000 r--s 00058000 fd:02 181863207                  /usr/lib/jvm/java-1.8-openjdk/jre/lib/jsse.jar
7f42b1527000-7f42b1529000 ---p 00000000 00:00 0 
7f42b1529000-7f42b153e000 rw-p 00000000 00:00 0 
7f42b153e000-7f42b1540000 ---p 00000000 00:00 0 
7f42b1540000-7f42b1555000 rw-p 00000000 00:00 0 
7f42b1555000-7f42b1558000 r--s 00025000 fd:02 184221969                  /home/user/.m2/repository/org/apache/maven/shared/maven-shared-utils/3.1.0/maven-shared-utils-3.1.0.jar
7f42b1558000-7f42b155b000 ---p 00000000 00:00 0 
7f42b155b000-7f42b1592000 rw-p 00000000 00:00 0 
7f42b1592000-7f42b1593000 r--s 00006000 fd:02 113969568                  /home/user/.m2/repository/org/apache/maven/surefire/common-junit4/3.0.0-M1/common-junit4-3.0.0-M1.jar
7f42b1593000-7f42b1594000 r--s 00002000 fd:02 113969570                  /home/user/.m2/repository/org/apache/maven/surefire/common-junit3/3.0.0-M1/common-junit3-3.0.0-M1.jar
7f42b1594000-7f42b1595000 r--s 00007000 fd:02 113969566                  /home/user/.m2/repository/org/apache/maven/surefire/common-java5/3.0.0-M1/common-java5-3.0.0-M1.jar
7f42b1595000-7f42b1597000 r--s 00003000 fd:02 113969518                  /home/user/.m2/repository/org/apache/maven/surefire/surefire-junit4/3.0.0-M1/surefire-junit4-3.0.0-M1.jar
7f42b1597000-7f42b159d000 r--s 00036000 fd:02 184025181                  /home/user/.m2/repository/junit/junit/4.11/junit-4.11.jar
7f42b159d000-7f42b15be000 r--s 00172000 fd:02 183894312                  /home/user/.m2/repository/com/google/guava/guava/11.0.2/guava-11.0.2.jar
7f42b15be000-7f42b15c6000 r--s 0007b000 fd:02 183894428                  /home/user/.m2/repository/com/google/protobuf/protobuf-java/2.5.0/protobuf-java-2.5.0.jar
7f42b15c6000-7f42b15cb000 r--s 0003c000 fd:02 183960158                  /home/user/.m2/repository/info/picocli/picocli/3.9.6/picocli-3.9.6.jar
7f42b15cb000-7f42b15ff000 r--s 0051e000 fd:02 184025975                  /home/user/.m2/repository/org/apache/hadoop/hadoop-hdfs/3.2.0/hadoop-hdfs-3.2.0-tests.jar
7f42b15ff000-7f42b162a000 r--s 00297000 fd:02 184025951                  /home/user/.m2/repository/org/apache/hadoop/hadoop-common/3.2.0/hadoop-common-3.2.0-tests.jar
7f42b162a000-7f42b162d000 r--s 0000e000 fd:02 112200919                  /home/user/.m2/repository/com/fasterxml/jackson/core/jackson-annotations/2.9.9/jackson-annotations-2.9.9.jar
7f42b162d000-7f42b1672000 r--s 00486000 fd:02 184025987                  /home/user/.m2/repository/org/apache/hadoop/hadoop-hdfs-client/3.2.0/hadoop-hdfs-client-3.2.0.jar
7f42b1672000-7f42b168b000 r--s 0012c000 fd:02 183960297                  /home/user/.m2/repository/io/netty/netty/3.10.5.Final/netty-3.10.5.Final.jar
7f42b168b000-7f42b168c000 r--s 00005000 fd:02 183959896                  /home/user/.m2/repository/commons-daemon/commons-daemon/1.0.13/commons-daemon-1.0.13.jar
7f42b168c000-7f42b168e000 r--s 00008000 fd:02 184288202                  /home/user/.m2/repository/org/eclipse/jetty/jetty-util-ajax/9.3.24.v20180605/jetty-util-ajax-9.3.24.v20180605.jar
7f42b168e000-7f42b16d6000 r--s 00557000 fd:02 184025978                  /home/user/.m2/repository/org/apache/hadoop/hadoop-hdfs/3.2.0/hadoop-hdfs-3.2.0.jar
7f42b16d6000-7f42b16db000 r--s 00047000 fd:02 183960129                  /home/user/.m2/repository/dnsjava/dnsjava/2.1.7/dnsjava-2.1.7.jar
7f42b16db000-7f42b16e1000 r--s 00078000 fd:02 183894134                  /home/user/.m2/repository/com/fasterxml/woodstox/woodstox-core/5.0.3/woodstox-core-5.0.3.jar
7f42b16e1000-7f42b16e5000 r--s 00024000 fd:02 184288087                  /home/user/.m2/repository/org/codehaus/woodstox/stax2-api/3.1.4/stax2-api-3.1.4.jar
7f42b16e5000-7f42b16e9000 r--s 0004c000 fd:02 113969512                  /home/user/.m2/repository/com/fasterxml/jackson/core/jackson-core/2.9.9/jackson-core-2.9.9.jar
7f42b16e9000-7f42b16fc000 r--s 00137000 fd:02 112200917                  /home/user/.m2/repository/com/fasterxml/jackson/core/jackson-databind/2.9.9/jackson-databind-2.9.9.jar
7f42b16fc000-7f42b16fe000 r--s 00006000 fd:02 184091139                  /home/user/.m2/repository/org/apache/kerby/kerby-xdr/1.0.1/kerby-xdr-1.0.1.jar
7f42b16fe000-7f42b16ff000 r--s 00004000 fd:02 184090775                  /home/user/.m2/repository/org/apache/kerby/kerb-identity/1.0.1/kerb-identity-1.0.1.jar
7f42b16ff000-7f42b1702000 r--s 00012000 fd:02 184090784                  /home/user/.m2/repository/org/apache/kerby/kerb-server/1.0.1/kerb-server-1.0.1.jar
7f42b1702000-7f42b1705000 r--s 00011000 fd:02 184090723                  /home/user/.m2/repository/org/apache/kerby/kerb-admin/1.0.1/kerb-admin-1.0.1.jar
7f42b1705000-7f42b1706000 r--s 00004000 fd:02 184091148                  /home/user/.m2/repository/org/apache/kerby/token-provider/1.0.1/token-provider-1.0.1.jar
7f42b1706000-7f42b1707000 r--s 00008000 fd:02 184091070                  /home/user/.m2/repository/org/apache/kerby/kerb-util/1.0.1/kerb-util-1.0.1.jar
7f42b1707000-7f42b170b000 r--s 00019000 fd:02 184090766                  /home/user/.m2/repository/org/apache/kerby/kerb-crypto/1.0.1/kerb-crypto-1.0.1.jar
7f42b170b000-7f42b170d000 r--s 0000e000 fd:02 184090741                  /home/user/.m2/repository/org/apache/kerby/kerb-common/1.0.1/kerb-common-1.0.1.jar
7f42b170d000-7f42b170e000 r--s 00009000 fd:02 184091130                  /home/user/.m2/repository/org/apache/kerby/kerby-util/1.0.1/kerby-util-1.0.1.jar
7f42b170e000-7f42b1710000 r--s 00017000 fd:02 184091085                  /home/user/.m2/repository/org/apache/kerby/kerby-asn1/1.0.1/kerby-asn1-1.0.1.jar
7f42b1710000-7f42b1717000 r--s 0002b000 fd:02 184091115                  /home/user/.m2/repository/org/apache/kerby/kerby-pkix/1.0.1/kerby-pkix-1.0.1.jar
7f42b1717000-7f42b171e000 r--s 00031000 fd:02 184090757                  /home/user/.m2/repository/org/apache/kerby/kerb-core/1.0.1/kerb-core-1.0.1.jar
7f42b171e000-7f42b1720000 r--s 00006000 fd:02 184091100                  /home/user/.m2/repository/org/apache/kerby/kerby-config/1.0.1/kerby-config-1.0.1.jar
7f42b1720000-7f42b1723000 r--s 00019000 fd:02 184090732                  /home/user/.m2/repository/org/apache/kerby/kerb-client/1.0.1/kerb-client-1.0.1.jar
7f42b1723000-7f42b1724000 r--s 00004000 fd:02 184090793                  /home/user/.m2/repository/org/apache/kerby/kerb-simplekdc/1.0.1/kerb-simplekdc-1.0.1.jar
7f42b1724000-7f42b1728000 r--s 00014000 fd:02 184418643                  /home/user/.m2/repository/org/tukaani/xz/1.0/xz-1.0.jar
7f42b1728000-7f42b172d000 r--s 00036000 fd:02 184025625                  /home/user/.m2/repository/org/apache/commons/commons-compress/1.4.1/commons-compress-1.4.1.jar
7f42b172d000-7f42b172e000 r--s 00004000 fd:02 184222686                  /home/user/.m2/repository/org/apache/yetus/audience-annotations/0.5.0/audience-annotations-0.5.0.jar
7f42b172e000-7f42b173b000 r--s 000d1000 fd:02 184222702                  /home/user/.m2/repository/org/apache/zookeeper/zookeeper/3.4.13/zookeeper-3.4.13.jar
7f42b173b000-7f42b1755000 r--s 00155000 fd:02 184026117                  /home/user/.m2/repository/org/apache/htrace/htrace-core4/4.1.0-incubating/htrace-core4-4.1.0-incubating.jar
7f42b1755000-7f42b175d000 r--s 0003e000 fd:02 184025860                  /home/user/.m2/repository/org/apache/curator/curator-recipes/2.12.0/curator-recipes-2.12.0.jar
7f42b175d000-7f42b1794000 r--s 00219000 fd:02 184025842                  /home/user/.m2/repository/org/apache/curator/curator-client/2.12.0/curator-client-2.12.0.jar
7f42b1794000-7f42b1799000 r--s 00040000 fd:02 183894525                  /home/user/.m2/repository/com/jcraft/jsch/0.1.54/jsch-0.1.54.jar
7f42b1799000-7f42b179f000 r--s 0002c000 fd:02 184025851                  /home/user/.m2/repository/org/apache/curator/curator-framework/2.12.0/curator-framework-2.12.0.jar
7f42b179f000-7f42b17a1000 r--s 00006000 fd:02 184025353                  /home/user/.m2/repository/net/minidev/accessors-smart/1.2/accessors-smart-1.2.jar
7f42b17a1000-7f42b17a4000 r--s 0001b000 fd:02 184025362                  /home/user/.m2/repository/net/minidev/json-smart/2.3/json-smart-2.3.jar
7f42b17a4000-7f42b17a6000 r--s 00000000 fd:02 183894172                  /home/user/.m2/repository/com/github/stephenc/jcip/jcip-annotations/1.0-1/jcip-annotations-1.0-1.jar
7f42b17a6000-7f42b17ac000 r--s 00044000 fd:02 183894571                  /home/user/.m2/repository/com/nimbusds/nimbus-jose-jwt/4.41.1/nimbus-jose-jwt-4.41.1.jar
7f42b17ac000-7f42b17ae000 r--s 00020000 fd:02 184025933                  /home/user/.m2/repository/org/apache/hadoop/hadoop-auth/3.2.0/hadoop-auth-3.2.0.jar
7f42b17ae000-7f42b17b3000 r--s 0002a000 fd:02 183894246                  /home/user/.m2/repository/com/google/code/gson/gson/2.2.4/gson-2.2.4.jar
7f42b17b3000-7f42b17b5000 r--s 0001e000 fd:02 183894470                  /home/user/.m2/repository/com/google/re2j/re2j/1.1/re2j-1.1.jar
7f42b17b5000-7f42b17b7000 r--s 00130000 fd:02 184418678                  /home/user/.m2/repository/org/xerial/snappy/snappy-java/1.0.5/snappy-java-1.0.5.jar
7f42b17b7000-7f42b17b9000 r--s 00006000 fd:02 183894824                  /home/user/.m2/repository/com/thoughtworks/paranamer/paranamer/2.3/paranamer-2.3.jar
7f42b17b9000-7f42b17c2000 r--s 00062000 fd:02 184025579                  /home/user/.m2/repository/org/apache/avro/avro/1.7.7/avro-1.7.7.jar
7f42b17c2000-7f42b17c3000 r--s 00002000 fd:02 184353763                  /home/user/.m2/repository/org/slf4j/slf4j-log4j12/1.7.25/slf4j-log4j12-1.7.25.jar
7f42b17c3000-7f42b17c7000 r--s 00029000 fd:02 184025826                  /home/user/.m2/repository/org/apache/commons/commons-text/1.4/commons-text-1.4.jar
7f42b17c7000-7f42b17cf000 r--s 00072000 fd:02 184025690                  /home/user/.m2/repository/org/apache/commons/commons-lang3/3.7/commons-lang3-3.7.jar
7f42b17cf000-7f42b17db000 r--s 0008b000 fd:02 184025642                  /home/user/.m2/repository/org/apache/commons/commons-configuration2/2.1.1/commons-configuration2-2.1.1.jar
7f42b17db000-7f42b17e0000 r--s 00038000 fd:02 112200915                  /home/user/.m2/repository/commons-beanutils/commons-beanutils/1.9.4/commons-beanutils-1.9.4.jar
7f42b17e0000-7f42b17e9000 r--s 0006f000 fd:02 184025217                  /home/user/.m2/repository/log4j/log4j/1.2.17/log4j-1.2.17.jar
7f42b17e9000-7f42b17eb000 r--s 0000e000 fd:02 183960055                  /home/user/.m2/repository/commons-logging/commons-logging/1.1.3/commons-logging-1.1.3.jar
7f42b17eb000-7f42b17fb000 r--s 0009c000 fd:02 183894741                  /home/user/.m2/repository/com/sun/jersey/jersey-server/1.19/jersey-server-1.19.jar
7f42b17fb000-7f42b17fc000 r--s 00006000 fd:02 184287235                  /home/user/.m2/repository/org/codehaus/jackson/jackson-xc/1.9.13/jackson-xc-1.9.13.jar
7f42b17fc000-7f42b17fd000 r--s 00004000 fd:02 184222850                  /home/user/.m2/repository/org/codehaus/jackson/jackson-jaxrs/1.9.13/jackson-jaxrs-1.9.13.jar
7f42b17fd000-7f42b180b000 r--s 000b1000 fd:02 184222859                  /home/user/.m2/repository/org/codehaus/jackson/jackson-mapper-asl/1.9.13/jackson-mapper-asl-1.9.13.jar
7f42b180b000-7f42b180f000 r--s 00035000 fd:02 184222841                  /home/user/.m2/repository/org/codehaus/jackson/jackson-core-asl/1.9.13/jackson-core-asl-1.9.13.jar
7f42b180f000-7f42b1812000 r--s 00016000 fd:02 184025113                  /home/user/.m2/repository/javax/xml/bind/jaxb-api/2.2.11/jaxb-api-2.2.11.jar
7f42b1812000-7f42b1825000 r--s 000c7000 fd:02 183894792                  /home/user/.m2/repository/com/sun/xml/bind/jaxb-impl/2.2.3-1/jaxb-impl-2.2.3-1.jar
7f42b1825000-7f42b1827000 r--s 0000f000 fd:02 184287245                  /home/user/.m2/repository/org/codehaus/jettison/jettison/1.1/jettison-1.1.jar
7f42b1827000-7f42b182b000 r--s 00025000 fd:02 183894726                  /home/user/.m2/repository/com/sun/jersey/jersey-json/1.19/jersey-json-1.19.jar
7f42b182b000-7f42b182f000 r--s 0001c000 fd:02 183894750                  /home/user/.m2/repository/com/sun/jersey/jersey-servlet/1.19/jersey-servlet-1.19.jar
7f42b182f000-7f42b1831000 r--s 0000a000 fd:02 184025102                  /home/user/.m2/repository/javax/ws/rs/jsr311-api/1.1.1/jsr311-api-1.1.1.jar
7f42b1831000-7f42b183b000 r--s 00061000 fd:02 183894717                  /home/user/.m2/repository/com/sun/jersey/jersey-core/1.19/jersey-core-1.19.jar
7f42b183b000-7f42b183e000 r--s 00016000 fd:02 183960615                  /home/user/.m2/repository/javax/servlet/jsp/jsp-api/2.1/jsp-api-2.1.jar
7f42b183e000-7f42b183f000 r--s 0000c000 fd:02 184288220                  /home/user/.m2/repository/org/eclipse/jetty/jetty-xml/9.3.24.v20180605/jetty-xml-9.3.24.v20180605.jar
7f42b183f000-7f42b1842000 r--s 0001a000 fd:02 184288211                  /home/user/.m2/repository/org/eclipse/jetty/jetty-webapp/9.3.24.v20180605/jetty-webapp-9.3.24.v20180605.jar
7f42b1842000-7f42b1845000 r--s 00015000 fd:02 184288166                  /home/user/.m2/repository/org/eclipse/jetty/jetty-security/9.3.24.v20180605/jetty-security-9.3.24.v20180605.jar
7f42b1845000-7f42b1848000 r--s 0001b000 fd:02 184288184                  /home/user/.m2/repository/org/eclipse/jetty/jetty-servlet/9.3.24.v20180605/jetty-servlet-9.3.24.v20180605.jar
7f42b1848000-7f42b184f000 r--s 00069000 fd:02 184288193                  /home/user/.m2/repository/org/eclipse/jetty/jetty-util/9.3.24.v20180605/jetty-util-9.3.24.v20180605.jar
7f42b184f000-7f42b1852000 r--s 0001b000 fd:02 184288140                  /home/user/.m2/repository/org/eclipse/jetty/jetty-io/9.3.24.v20180605/jetty-io-9.3.24.v20180605.jar
7f42b1852000-7f42b1855000 r--s 00022000 fd:02 184288131                  /home/user/.m2/repository/org/eclipse/jetty/jetty-http/9.3.24.v20180605/jetty-http-9.3.24.v20180605.jar
7f42b1855000-7f42b185d000 r--s 00078000 fd:02 184288175                  /home/user/.m2/repository/org/eclipse/jetty/jetty-server/9.3.24.v20180605/jetty-server-9.3.24.v20180605.jar
7f42b185d000-7f42b1860000 r--s 00015000 fd:02 183960605                  /home/user/.m2/repository/javax/servlet/javax.servlet-api/3.1.0/javax.servlet-api-3.1.0.jar
7f42b1860000-7f42b186d000 r--s 00083000 fd:02 183959876                  /home/user/.m2/repository/commons-collections/commons-collections/3.2.2/commons-collections-3.2.2.jar
7f42b186d000-7f42b1873000 r--s 00046000 fd:02 183960081                  /home/user/.m2/repository/commons-net/commons-net/3.6/commons-net-3.6.jar
7f42b1873000-7f42b1877000 r--s 0002f000 fd:02 183959987                  /home/user/.m2/repository/commons-io/commons-io/2.5/commons-io-2.5.jar
7f42b1877000-7f42b187e000 r--s 0004b000 fd:02 183959808                  /home/user/.m2/repository/commons-codec/commons-codec/1.11/commons-codec-1.11.jar
7f42b187e000-7f42b1885000 r--s 00049000 fd:02 184090672                  /home/user/.m2/repository/org/apache/httpcomponents/httpcore/4.4.4/httpcore-4.4.4.jar
7f42b1885000-7f42b1892000 r--s 000a7000 fd:02 184026141                  /home/user/.m2/repository/org/apache/httpcomponents/httpclient/4.5.2/httpclient-4.5.2.jar
7f42b1892000-7f42b1894000 r--s 00009000 fd:02 183959790                  /home/user/.m2/repository/commons-cli/commons-cli/1.2/commons-cli-1.2.jar
7f42b1894000-7f42b190d000 r--s 007c0000 fd:02 181863249                  /usr/lib/jvm/java-1.8-openjdk/lib/tools.jar
7f42b190d000-7f42b190e000 r--s 0000e000 fd:02 184025924                  /home/user/.m2/repository/org/apache/hadoop/hadoop-annotations/3.2.0/hadoop-annotations-3.2.0.jar
7f42b190e000-7f42b194c000 r--s 003aa000 fd:02 184025954                  /home/user/.m2/repository/org/apache/hadoop/hadoop-common/3.2.0/hadoop-common-3.2.0.jar
7f42b194c000-7f42b1952000 r--s 00033000 fd:02 184025137                  /home/user/.m2/repository/jaxen/jaxen/1.1.6/jaxen-1.1.6.jar
7f42b1952000-7f42b1953000 r--s 00002000 fd:02 183830375                  /home/user/.m2/repository/com/apple/AppleJavaExtensions/1.4/AppleJavaExtensions-1.4.jar
7f42b1953000-7f42b1958000 r--s 00041000 fd:02 183960011                  /home/user/.m2/repository/commons-lang/commons-lang/2.6/commons-lang-2.6.jar
7f42b1958000-7f42b195a000 r--s 0000c000 fd:02 184353324                  /home/user/.m2/repository/org/ow2/asm/asm/5.0.4/asm-5.0.4.jar
7f42b195a000-7f42b195c000 r--s 00006000 fd:02 184353440                  /home/user/.m2/repository/org/ow2/asm/asm-tree/5.0.2/asm-tree-5.0.2.jar
7f42b195c000-7f42b195e000 r--s 00009000 fd:02 184353375                  /home/user/.m2/repository/org/ow2/asm/asm-commons/5.0.2/asm-commons-5.0.2.jar
7f42b195e000-7f42b1963000 r--s 00058000 fd:02 184353394                  /home/user/.m2/repository/org/ow2/asm/asm-debug-all/5.0.2/asm-debug-all-5.0.2.jar
7f42b1963000-7f42b1968000 r--s 00016000 fd:02 184418794                  /home/user/.m2/repository/xml-apis/xml-apis/1.0.b2/xml-apis-1.0.b2.jar
7f42b1968000-7f42b196d000 r--s 00048000 fd:02 183960147                  /home/user/.m2/repository/dom4j/dom4j/1.6.1/dom4j-1.6.1.jar
7f42b196d000-7f42b196f000 r--s 00005000 fd:02 183894213                  /home/user/.m2/repository/com/google/code/findbugs/jFormatString/2.0.1/jFormatString-2.0.1.jar
7f42b196f000-7f42b1979000 r--s 0008c000 fd:02 183894195                  /home/user/.m2/repository/com/google/code/findbugs/bcel-findbugs/6.0/bcel-findbugs-6.0.jar
7f42b1979000-7f42b197c000 r--s 00006000 fd:02 183894236                  /home/user/.m2/repository/com/google/code/findbugs/jsr305/3.0.0/jsr305-3.0.0.jar
7f42b197c000-7f42b197d000 r--s 00000000 fd:02 184025343                  /home/user/.m2/repository/net/jcip/jcip-annotations/1.0/jcip-annotations-1.0.jar
7f42b197d000-7f42b19ac000 r--s 00371000 fd:02 183894204                  /home/user/.m2/repository/com/google/code/findbugs/findbugs/3.0.1/findbugs-3.0.1.jar
7f42b19ac000-7f42b1a04000 r--s 003a7000 fd:02 184222763                  /home/user/.m2/repository/org/bouncycastle/bcprov-jdk15on/1.60/bcprov-jdk15on-1.60.jar
7f42b1a04000-7f42b1a0a000 r--s 00045000 fd:02 184352923                  /home/user/.m2/repository/org/hamcrest/hamcrest-all/1.3/hamcrest-all-1.3.jar
7f42b1a0a000-7f42b1a27000 r--s 0013e000 fd:02 184353142                  /home/user/.m2/repository/org/mockito/mockito-all/1.8.5/mockito-all-1.8.5.jar
7f42b1a27000-7f42b1a28000 r--s 00007000 fd:02 184353262                  /home/user/.m2/repository/org/openjdk/jmh/jmh-generator-annprocess/1.19/jmh-generator-annprocess-1.19.jar
7f42b1a28000-7f42b1a45000 r--s 0016a000 fd:02 184025699                  /home/user/.m2/repository/org/apache/commons/commons-math3/3.1.1/commons-math3-3.1.1.jar
7f42b1a45000-7f42b1a47000 r--s 0000e000 fd:02 184025379                  /home/user/.m2/repository/net/sf/jopt-simple/jopt-simple/4.6/jopt-simple-4.6.jar
7f42b1a47000-7f42b1a50000 r--s 00072000 fd:02 184353253                  /home/user/.m2/repository/org/openjdk/jmh/jmh-core/1.19/jmh-core-1.19.jar
7f42b1a50000-7f42b1a67000 r--s 00115000 fd:02 184222722                  /home/user/.m2/repository/org/assertj/assertj-core/3.8.0/assertj-core-3.8.0.jar
7f42b1a67000-7f42b1a69000 r--s 00009000 fd:02 184353737                  /home/user/.m2/repository/org/slf4j/slf4j-api/1.7.25/slf4j-api-1.7.25.jar
7f42b1a69000-7f42b1a6d000 r--s 0001e000 fd:02 183960170                  /home/user/.m2/repository/io/dropwizard/metrics/metrics-core/3.2.4/metrics-core-3.2.4.jar
7f42b1a6d000-7f42b1a6f000 r--s 00009000 fd:02 184352932                  /home/user/.m2/repository/org/hamcrest/hamcrest-core/1.3/hamcrest-core-1.3.jar
7f42b1a6f000-7f42b1a96000 r--s 00205000 fd:02 183960306                  /home/user/.m2/repository/io/netty/netty-all/4.0.52.Final/netty-all-4.0.52.Final.jar
7f42b1a96000-7f42b1a9c000 r--s 0003c000 fd:02 184418707                  /home/user/.m2/repository/org/yaml/snakeyaml/1.16/snakeyaml-1.16.jar
7f42b1a9c000-7f42b1a9d000 r--s 00002000 fd:02 183960481                  /home/user/.m2/repository/io/opentracing/opentracing-noop/0.31.0/opentracing-noop-0.31.0.jar
7f42b1a9d000-7f42b1a9f000 r--s 00002000 fd:02 183960472                  /home/user/.m2/repository/io/opentracing/opentracing-api/0.31.0/opentracing-api-0.31.0.jar
7f42b1a9f000-7f42b1aa0000 r--s 00001000 fd:02 183960490                  /home/user/.m2/repository/io/opentracing/opentracing-util/0.31.0/opentracing-util-0.31.0.jar
7f42b1aa0000-7f42b1aa1000 r--s 00001000 fd:02 183960457                  /home/user/.m2/repository/io/opentracing/contrib/opentracing-tracerresolver/0.1.5/opentracing-tracerresolver-0.1.5.jar
7f42b1aa1000-7f42b1aa2000 r--s 00000000 fd:02 183960287                  /home/user/.m2/repository/io/jaegertracing/jaeger-tracerresolver/0.33.1/jaeger-tracerresolver-0.33.1.jar
7f42b1aa2000-7f42b1aa6000 r--s 0001c000 fd:02 183960269                  /home/user/.m2/repository/io/jaegertracing/jaeger-core/0.33.1/jaeger-core-0.33.1.jar
7f42b1aa6000-7f42b1aa7000 r--s 00013000 fd:02 183894665                  /home/user/.m2/repository/com/squareup/okio/okio/1.13.0/okio-1.13.0.jar
7f42b1aa7000-7f42b1aad000 r--s 0005e000 fd:02 183894649                  /home/user/.m2/repository/com/squareup/okhttp3/okhttp/3.9.0/okhttp-3.9.0.jar
7f42b1aad000-7f42b1ab3000 r--s 00035000 fd:02 184222457                  /home/user/.m2/repository/org/apache/thrift/libthrift/0.11.0/libthrift-0.11.0.jar
7f42b1ab3000-7f42b1ac2000 r--s 0009c000 fd:02 183960278                  /home/user/.m2/repository/io/jaegertracing/jaeger-thrift/0.33.1/jaeger-thrift-0.33.1.jar
7f42b1ac2000-7f42b1ac3000 r--s 00000000 fd:02 183960260                  /home/user/.m2/repository/io/jaegertracing/jaeger-client/0.33.1/jaeger-client-0.33.1.jar
7f42b1ac3000-7f42b1ac7000 r--s 00020000 fd:02 183959922                  /home/user/.m2/repository/commons-digester/commons-digester/1.8.1/commons-digester-1.8.1.jar
7f42b1ac7000-7f42b1acb000 r--s 0002a000 fd:02 183960107                  /home/user/.m2/repository/commons-validator/commons-validator/1.6/commons-validator-1.6.jar
7f42b1acb000-7f42b1ade000 r--s 000b0000 fd:02 184222754                  /home/user/.m2/repository/org/bouncycastle/bcpkix-jdk15on/1.60/bcpkix-jdk15on-1.60.jar
7f42b1ade000-7f42b1ae1000 r--s 0001d000 fd:02 184025817                  /home/user/.m2/repository/org/apache/commons/commons-pool2/2.6.0/commons-pool2-2.6.0.jar
7f42b1ae1000-7f42b1ae4000 r--s 00012000 fd:02 183894551                  /home/user/.m2/repository/com/lmax/disruptor/3.4.2/disruptor-3.4.2.jar
7f42b1ae4000-7f42b1b04000 r--s 00167000 fd:02 184091174                  /home/user/.m2/repository/org/apache/logging/log4j/log4j-core/2.11.0/log4j-core-2.11.0.jar
7f42b1b04000-7f42b1b0a000 r--s 0003b000 fd:02 184091165                  /home/user/.m2/repository/org/apache/logging/log4j/log4j-api/2.11.0/log4j-api-2.11.0.jar
7f42b1b0a000-7f42b1b0f000 r--s 00c4f000 fd:02 113969765                  /home/user/.m2/repository/org/rocksdb/rocksdbjni/6.0.1/rocksdbjni-6.0.1.jar
7f42b1b0f000-7f42b1b12000 r--s 00018000 fd:02 113969754                  /home/user/.m2/repository/org/apache/ratis/ratis-grpc/0.4.0-78e95b9-SNAPSHOT/ratis-grpc-0.4.0-78e95b9-SNAPSHOT.jar
7f42b1b12000-7f42b1b14000 r--s 00007000 fd:02 113969753                  /home/user/.m2/repository/org/apache/ratis/ratis-netty/0.4.0-78e95b9-SNAPSHOT/ratis-netty-0.4.0-78e95b9-SNAPSHOT.jar
7f42b1b14000-7f42b1b16000 r--s 00009000 fd:02 113969759                  /home/user/.m2/repository/info/ganglia/gmetric4j/gmetric4j/1.0.7/gmetric4j-1.0.7.jar
7f42b1b16000-7f42b1b17000 r--s 00002000 fd:02 113969761                  /home/user/.m2/repository/io/dropwizard/metrics/metrics-ganglia/3.2.5/metrics-ganglia-3.2.5.jar
7f42b1b17000-7f42b1b19000 r--s 00008000 fd:02 113969763                  /home/user/.m2/repository/io/dropwizard/metrics/metrics-jvm/3.2.5/metrics-jvm-3.2.5.jar
7f42b1b19000-7f42b1b1a000 r--s 00003000 fd:02 113969757                  /home/user/.m2/repository/com/github/joshelser/dropwizard-metrics-hadoop-metrics2-reporter/0.1.2/dropwizard-metrics-hadoop-metrics2-reporter-0.1.2.jar
7f42b1b1a000-7f42b1b28000 r--s 0010d000 fd:02 113969738                  /home/user/.m2/repository/org/apache/ratis/ratis-proto/0.4.0-78e95b9-SNAPSHOT/ratis-proto-0.4.0-78e95b9-SNAPSHOT.jar
7f42b1b28000-7f42b1c02000 r--s 00cc8000 fd:02 184222407                  /home/user/.m2/repository/org/apache/ratis/ratis-thirdparty-misc/0.2.0/ratis-thirdparty-misc-0.2.0.jar
7f42b1c02000-7f42b1c05000 ---p 00000000 00:00 0 
7f42b1c05000-7f42b1d03000 rw-p 00000000 00:00 0 
7f42b1d03000-7f42b1f0a000 r-xp 00000000 fd:02 181863156                  /usr/lib/jvm/java-1.8-openjdk/jre/lib/amd64/libmanagement.so
7f42b1f0a000-7f42b1f0b000 r--p 00007000 fd:02 181863156                  /usr/lib/jvm/java-1.8-openjdk/jre/lib/amd64/libmanagement.so
7f42b1f0b000-7f42b1f0c000 rw-p 00008000 fd:02 181863156                  /usr/lib/jvm/java-1.8-openjdk/jre/lib/amd64/libmanagement.so
7f42b1f0c000-7f42b1f0f000 ---p 00000000 00:00 0 
7f42b1f0f000-7f42b200d000 rw-p 00000000 00:00 0 
7f42b200d000-7f42b200e000 ---p 00000000 00:00 0 
7f42b200e000-7f42b210f000 rw-p 00000000 00:00 0 
7f42b210f000-7f42b2112000 ---p 00000000 00:00 0 
7f42b2112000-7f42b2210000 rw-p 00000000 00:00 0 
7f42b2210000-7f42b2211000 ---p 00000000 00:00 0 
7f42b2211000-7f42b2214000 ---p 00000000 00:00 0 
7f42b2214000-7f42b2312000 rw-p 00000000 00:00 0 
7f42b2312000-7f42b2313000 ---p 00000000 00:00 0 
7f42b2313000-7f42b2316000 ---p 00000000 00:00 0 
7f42b2316000-7f42b2414000 rw-p 00000000 00:00 0 
7f42b2414000-7f42b2417000 ---p 00000000 00:00 0 
7f42b2417000-7f42b2515000 rw-p 00000000 00:00 0 
7f42b2515000-7f42b2518000 ---p 00000000 00:00 0 
7f42b2518000-7f42b2616000 rw-p 00000000 00:00 0 
7f42b2616000-7f42b2619000 ---p 00000000 00:00 0 
7f42b2619000-7f42b2717000 rw-p 00000000 00:00 0 
7f42b2717000-7f42b2718000 ---p 00000000 00:00 0 
7f42b2718000-7f42b3122000 rw-p 00000000 00:00 0 
7f42b3122000-7f42b32f2000 r--s 01f56000 fd:02 181863221                  /usr/lib/jvm/java-1.8-openjdk/jre/lib/rt.jar
7f42b32f2000-7f42b7f68000 rw-p 00000000 00:00 0 
7f42b7f68000-7f42b7f69000 ---p 00000000 00:00 0 
7f42b7f69000-7f42b806a000 rw-p 00000000 00:00 0 
7f42b806a000-7f42b806b000 ---p 00000000 00:00 0 
7f42b806b000-7f42b8320000 rw-p 00000000 00:00 0 
7f42b8320000-7f42b8417000 ---p 00000000 00:00 0 
7f42b8417000-7f42b85cb000 rw-p 00000000 00:00 0 
7f42b85cb000-7f42b86c1000 ---p 00000000 00:00 0 
7f42b86c1000-7f42b882e000 rw-p 00000000 00:00 0 
7f42b882e000-7f42b8bd8000 ---p 00000000 00:00 0 
7f42b8bd8000-7f42b9138000 rwxp 00000000 00:00 0 
7f42b9138000-7f42c7bd8000 ---p 00000000 00:00 0 
7f42c7bd8000-7f42c7ddf000 r-xp 00000000 fd:02 181863165                  /usr/lib/jvm/java-1.8-openjdk/jre/lib/amd64/libzip.so
7f42c7ddf000-7f42c7de0000 r--p 00007000 fd:02 181863165                  /usr/lib/jvm/java-1.8-openjdk/jre/lib/amd64/libzip.so
7f42c7de0000-7f42c7de1000 rw-p 00008000 fd:02 181863165                  /usr/lib/jvm/java-1.8-openjdk/jre/lib/amd64/libzip.so
7f42c7de1000-7f42c800c000 r-xp 00000000 fd:02 181863146                  /usr/lib/jvm/java-1.8-openjdk/jre/lib/amd64/libjava.so
7f42c800c000-7f42c800d000 r--p 0002b000 fd:02 181863146                  /usr/lib/jvm/java-1.8-openjdk/jre/lib/amd64/libjava.so
7f42c800d000-7f42c800e000 rw-p 0002c000 fd:02 181863146                  /usr/lib/jvm/java-1.8-openjdk/jre/lib/amd64/libjava.so
7f42c800e000-7f42c800f000 rw-p 00000000 00:00 0 
7f42c800f000-7f42c821b000 r-xp 00000000 fd:02 181863164                  /usr/lib/jvm/java-1.8-openjdk/jre/lib/amd64/libverify.so
7f42c821b000-7f42c821d000 r--p 0000c000 fd:02 181863164                  /usr/lib/jvm/java-1.8-openjdk/jre/lib/amd64/libverify.so
7f42c821d000-7f42c821e000 rw-p 0000e000 fd:02 181863164                  /usr/lib/jvm/java-1.8-openjdk/jre/lib/amd64/libverify.so
7f42c821e000-7f42c842e000 r-xp 00000000 fd:02 181863311                  /usr/lib/libgcc_s.so.1
7f42c842e000-7f42c842f000 r--p 00010000 fd:02 181863311                  /usr/lib/libgcc_s.so.1
7f42c842f000-7f42c8430000 rw-p 00011000 fd:02 181863311                  /usr/lib/libgcc_s.so.1
7f42c8430000-7f42c8771000 r-xp 00000000 fd:02 181863414                  /usr/lib/libstdc++.so.6.0.22
7f42c8771000-7f42c877f000 r--p 00141000 fd:02 181863414                  /usr/lib/libstdc++.so.6.0.22
7f42c877f000-7f42c8780000 rw-p 0014f000 fd:02 181863414                  /usr/lib/libstdc++.so.6.0.22
7f42c8780000-7f42c8783000 rw-p 00000000 00:00 0 
7f42c8783000-7f42c9157000 r-xp 00000000 fd:02 181863169                  /usr/lib/jvm/java-1.8-openjdk/jre/lib/amd64/server/libjvm.so
7f42c9157000-7f42c91ed000 r--p 007d4000 fd:02 181863169                  /usr/lib/jvm/java-1.8-openjdk/jre/lib/amd64/server/libjvm.so
7f42c91ed000-7f42c9215000 rw-p 0086a000 fd:02 181863169                  /usr/lib/jvm/java-1.8-openjdk/jre/lib/amd64/server/libjvm.so
7f42c9215000-7f42c9246000 rw-p 00000000 00:00 0 
7f42c9246000-7f42c945b000 r-xp 00000000 fd:02 181666926                  /lib/libz.so.1.2.11
7f42c945b000-7f42c945c000 r--p 00015000 fd:02 181666926                  /lib/libz.so.1.2.11
7f42c945c000-7f42c945d000 rw-p 00016000 fd:02 181666926                  /lib/libz.so.1.2.11
7f42c945d000-7f42c9669000 r-xp 00000000 fd:02 181863130                  /usr/lib/jvm/java-1.8-openjdk/jre/lib/amd64/jli/libjli.so
7f42c9669000-7f42c966a000 r--p 0000c000 fd:02 181863130                  /usr/lib/jvm/java-1.8-openjdk/jre/lib/amd64/jli/libjli.so
7f42c966a000-7f42c966b000 rw-p 0000d000 fd:02 181863130                  /usr/lib/jvm/java-1.8-openjdk/jre/lib/amd64/jli/libjli.so
7f42c966b000-7f42c96f8000 r-xp 00000000 fd:02 181666917                  /lib/ld-musl-x86_64.so.1
7f42c96f8000-7f42c96f9000 r--s 00006000 fd:02 113969744                  /home/user/.m2/repository/org/apache/ratis/ratis-metrics/0.4.0-78e95b9-SNAPSHOT/ratis-metrics-0.4.0-78e95b9-SNAPSHOT.jar
7f42c96f9000-7f42c96fb000 r--s 0000c000 fd:02 113969743                  /home/user/.m2/repository/org/apache/ratis/ratis-client/0.4.0-78e95b9-SNAPSHOT/ratis-client-0.4.0-78e95b9-SNAPSHOT.jar
7f42c96fb000-7f42c9700000 r--s 0003a000 fd:02 113969742                  /home/user/.m2/repository/org/apache/ratis/ratis-common/0.4.0-78e95b9-SNAPSHOT/ratis-common-0.4.0-78e95b9-SNAPSHOT.jar
7f42c9700000-7f42c9706000 r--s 00050000 fd:02 113969730                  /home/user/.m2/repository/org/apache/ratis/ratis-server/0.4.0-78e95b9-SNAPSHOT/ratis-server-0.4.0-78e95b9-SNAPSHOT.jar
7f42c9706000-7f42c9709000 r--s 000fd000 fd:02 184288282                  /home/user/.m2/repository/org/fusesource/leveldbjni/leveldbjni-all/1.8/leveldbjni-all-1.8.jar
7f42c9709000-7f42c970b000 r--s 00005000 fd:02 183960544                  /home/user/.m2/repository/javax/annotation/javax.annotation-api/1.2/javax.annotation-api-1.2.jar
7f42c970b000-7f42c970d000 r--s 00002000 fd:02 184222020                  /home/user/.m2/repository/org/apache/maven/surefire/surefire-logger-api/3.0.0-M1/surefire-logger-api-3.0.0-M1.jar
7f42c970d000-7f42c9712000 r--s 00027000 fd:02 184222002                  /home/user/.m2/repository/org/apache/maven/surefire/surefire-api/3.0.0-M1/surefire-api-3.0.0-M1.jar
7f42c9712000-7f42c9718000 r--s 00047000 fd:02 184222011                  /home/user/.m2/repository/org/apache/maven/surefire/surefire-booter/3.0.0-M1/surefire-booter-3.0.0-M1.jar
7f42c9718000-7f42c9719000 r--s 00004000 fd:05 19006248                   /workdir/hadoop-hdds/server-scm/target/surefire/surefirebooter4499366447268971807.jar
7f42c9719000-7f42c971a000 r--s 00000000 fd:02 181666862                  /etc/localtime
7f42c971a000-7f42c97eb000 rw-p 00000000 00:00 0 
7f42c97eb000-7f42c97f3000 rw-s 00000000 fd:02 113904257                  /tmp/hsperfdata_jenkins1000/8416
7f42c97f3000-7f42c97f4000 rw-p 00000000 00:00 0 
7f42c97f4000-7f42c97f7000 ---p 00000000 00:00 0 
7f42c97f7000-7f42c97fa000 ---p 00000000 00:00 0 
7f42c97fa000-7f42c98f8000 rw-p 00000000 00:00 0 
7f42c98f8000-7f42c98f9000 r--p 0008d000 fd:02 181666917                  /lib/ld-musl-x86_64.so.1
7f42c98f9000-7f42c98fa000 rw-p 0008e000 fd:02 181666917                  /lib/ld-musl-x86_64.so.1
7f42c98fa000-7f42c98fd000 rw-p 00000000 00:00 0 
7ffe9987f000-7ffe998a1000 rw-p 00000000 00:00 0                          [stack]
7ffe999b3000-7ffe999b5000 r-xp 00000000 00:00 0                          [vdso]
ffffffffff600000-ffffffffff601000 r-xp 00000000 00:00 0                  [vsyscall]

VM Arguments:
jvm_args: -Xmx2048m -XX:+HeapDumpOnOutOfMemoryError 
java_command: /workdir/hadoop-hdds/server-scm/target/surefire/surefirebooter4499366447268971807.jar /workdir/hadoop-hdds/server-scm/target/surefire 2019-09-20T00-04-07_128-jvmRun1 surefire5563225882626524802tmp surefire_751824527642927674537tmp
java_class_path (initial): /workdir/hadoop-hdds/server-scm/target/surefire/surefirebooter4499366447268971807.jar
Launcher Type: SUN_STANDARD

Environment Variables:
PATH=/usr/local/sbin:/usr/local/bin:/usr/sbin:/usr/bin:/sbin:/bin:/opt/findbugs/bin:/opt/blockade/bin
LD_LIBRARY_PATH=/usr/lib/jvm/java-1.8-openjdk/jre/lib/amd64/server:/usr/lib/jvm/java-1.8-openjdk/jre/lib/amd64:/usr/lib/jvm/java-1.8-openjdk/jre/../lib/amd64:/workdir/hadoop-hdds/server-scm/target/native/target/usr/local/lib:/workdir/hadoop-hdds/server-scm/../../hadoop-common-project/hadoop-common/target/native/target/usr/local/lib
DYLD_LIBRARY_PATH=${env.DYLD_LIBRARY_PATH}:/workdir/hadoop-hdds/server-scm/target/native/target/usr/local/lib:/workdir/hadoop-hdds/server-scm/../../hadoop-common-project/hadoop-common/target/native/target/usr/local/lib

Signal Handlers:
SIGSEGV: [libjvm.so+0x600fd2], sa_mask[0]=11111111011111111101111111111110, sa_flags=SA_RESTART|SA_SIGINFO
SIGBUS: [libjvm.so+0x600fd2], sa_mask[0]=11111111011111111101111111111110, sa_flags=SA_RESTART|SA_SIGINFO
SIGFPE: [libjvm.so+0x539502], sa_mask[0]=11111111011111111101111111111110, sa_flags=SA_RESTART|SA_SIGINFO
SIGPIPE: [libjvm.so+0x539502], sa_mask[0]=11111111011111111101111111111110, sa_flags=SA_RESTART|SA_SIGINFO
SIGXFSZ: [libjvm.so+0x539502], sa_mask[0]=11111111011111111101111111111110, sa_flags=SA_RESTART|SA_SIGINFO
SIGILL: [libjvm.so+0x539502], sa_mask[0]=11111111011111111101111111111110, sa_flags=SA_RESTART|SA_SIGINFO
SIGUSR1: SIG_DFL, sa_mask[0]=00000000000000000000000000000000, sa_flags=none
SIGUSR2: [libjvm.so+0x5396a1], sa_mask[0]=00100000000000000000000000000000, sa_flags=SA_RESTART|SA_SIGINFO
SIGHUP: [libjvm.so+0x53b719], sa_mask[0]=11111111011111111101111111111110, sa_flags=SA_RESTART|SA_SIGINFO
SIGINT: [libjvm.so+0x53b719], sa_mask[0]=11111111011111111101111111111110, sa_flags=SA_RESTART|SA_SIGINFO
SIGTERM: [libjvm.so+0x53b719], sa_mask[0]=11111111011111111101111111111110, sa_flags=SA_RESTART|SA_SIGINFO
SIGQUIT: [libjvm.so+0x53b719], sa_mask[0]=11111111011111111101111111111110, sa_flags=SA_RESTART|SA_SIGINFO


---------------  S Y S T E M  ---------------

OS:NAME="Alpine Linux"
ID=alpine
VERSION_ID=3.8.2
PRETTY_NAME="Alpine Linux v3.8"
HOME_URL="http://alpinelinux.org"
BUG_REPORT_URL="http://bugs.alpinelinux.org"

uname:Linux 3.10.0-957.12.2.el7.x86_64 #1 SMP Tue May 14 21:24:32 UTC 2019 x86_64
libc:glibc 2.9 NPTL 
rlimit: STACK 8192k, CORE infinity, NPROC 1048576, NOFILE 1048576, AS infinity
load average:3.15 4.13 3.41

/proc/meminfo:
MemTotal:       263864184 kB
MemFree:         2139368 kB
MemAvailable:   231955920 kB
Buffers:        12910812 kB
Cached:         131863944 kB
SwapCached:            0 kB
Active:         109264684 kB
Inactive:       53475548 kB
Active(anon):   20617208 kB
Inactive(anon):  1719532 kB
Active(file):   88647476 kB
Inactive(file): 51756016 kB
Unevictable:       13856 kB
Mlocked:           13856 kB
SwapTotal:             0 kB
SwapFree:              0 kB
Dirty:              3772 kB
Writeback:             4 kB
AnonPages:      17980428 kB
Mapped:           256408 kB
Shmem:           4367160 kB
Slab:           97241324 kB
SReclaimable:   90297240 kB
SUnreclaim:      6944084 kB
KernelStack:       35792 kB
PageTables:        51048 kB
NFS_Unstable:          0 kB
Bounce:                0 kB
WritebackTmp:          0 kB
CommitLimit:    131932092 kB
Committed_AS:   33234088 kB
VmallocTotal:   34359738367 kB
VmallocUsed:      710904 kB
VmallocChunk:   34224678956 kB
HardwareCorrupted:     0 kB
AnonHugePages:   7073792 kB
CmaTotal:              0 kB
CmaFree:               0 kB
HugePages_Total:       0
HugePages_Free:        0
HugePages_Rsvd:        0
HugePages_Surp:        0
Hugepagesize:       2048 kB
DirectMap4k:      367352 kB
DirectMap2M:     8962048 kB
DirectMap1G:    261095424 kB

container (cgroup) information:
container_type: cgroupv1
cpu_cpuset_cpus: 0-31
cpu_memory_nodes: 0-1
active_processor_count: 2
cpu_quota: -1
cpu_period: 100000
cpu_shares: 2048
memory_limit_in_bytes: -1
memory_and_swap_limit_in_bytes: -1
memory_soft_limit_in_bytes: -1
memory_usage_in_bytes: 9618706432
memory_max_usage_in_bytes: 10244648960


CPU:total 32 (initial active 2) (8 cores per cpu, 2 threads per core) family 6 model 63 stepping 2, cmov, cx8, fxsr, mmx, sse, sse2, sse3, ssse3, sse4.1, sse4.2, popcnt, avx, avx2, aes, clmul, erms, lzcnt, ht, tsc, tscinvbit, bmi1, bmi2

/proc/cpuinfo:
processor	: 0
vendor_id	: GenuineIntel
cpu family	: 6
model		: 63
model name	: Intel(R) Xeon(R) CPU E5-2630 v3 @ 2.40GHz
stepping	: 2
microcode	: 0x43
cpu MHz		: 1258.740
cache size	: 20480 KB
physical id	: 0
siblings	: 16
core id		: 0
cpu cores	: 8
apicid		: 0
initial apicid	: 0
fpu		: yes
fpu_exception	: yes
cpuid level	: 15
wp		: yes
flags		: fpu vme de pse tsc msr pae mce cx8 apic sep mtrr pge mca cmov pat pse36 clflush dts acpi mmx fxsr sse sse2 ss ht tm pbe syscall nx pdpe1gb rdtscp lm constant_tsc arch_perfmon pebs bts rep_good nopl xtopology nonstop_tsc aperfmperf eagerfpu pni pclmulqdq dtes64 monitor ds_cpl vmx smx est tm2 ssse3 sdbg fma cx16 xtpr pdcm pcid dca sse4_1 sse4_2 x2apic movbe popcnt tsc_deadline_timer aes xsave avx f16c rdrand lahf_lm abm epb intel_ppin ssbd ibrs ibpb stibp tpr_shadow vnmi flexpriority ept vpid fsgsbase tsc_adjust bmi1 avx2 smep bmi2 erms invpcid cqm xsaveopt cqm_llc cqm_occup_llc dtherm ida arat pln pts md_clear spec_ctrl intel_stibp flush_l1d
bogomips	: 4788.36
clflush size	: 64
cache_alignment	: 64
address sizes	: 46 bits physical, 48 bits virtual
power management:

processor	: 1
vendor_id	: GenuineIntel
cpu family	: 6
model		: 63
model name	: Intel(R) Xeon(R) CPU E5-2630 v3 @ 2.40GHz
stepping	: 2
microcode	: 0x43
cpu MHz		: 1333.007
cache size	: 20480 KB
physical id	: 0
siblings	: 16
core id		: 1
cpu cores	: 8
apicid		: 2
initial apicid	: 2
fpu		: yes
fpu_exception	: yes
cpuid level	: 15
wp		: yes
flags		: fpu vme de pse tsc msr pae mce cx8 apic sep mtrr pge mca cmov pat pse36 clflush dts acpi mmx fxsr sse sse2 ss ht tm pbe syscall nx pdpe1gb rdtscp lm constant_tsc arch_perfmon pebs bts rep_good nopl xtopology nonstop_tsc aperfmperf eagerfpu pni pclmulqdq dtes64 monitor ds_cpl vmx smx est tm2 ssse3 sdbg fma cx16 xtpr pdcm pcid dca sse4_1 sse4_2 x2apic movbe popcnt tsc_deadline_timer aes xsave avx f16c rdrand lahf_lm abm epb intel_ppin ssbd ibrs ibpb stibp tpr_shadow vnmi flexpriority ept vpid fsgsbase tsc_adjust bmi1 avx2 smep bmi2 erms invpcid cqm xsaveopt cqm_llc cqm_occup_llc dtherm ida arat pln pts md_clear spec_ctrl intel_stibp flush_l1d
bogomips	: 4788.36
clflush size	: 64
cache_alignment	: 64
address sizes	: 46 bits physical, 48 bits virtual
power management:

processor	: 2
vendor_id	: GenuineIntel
cpu family	: 6
model		: 63
model name	: Intel(R) Xeon(R) CPU E5-2630 v3 @ 2.40GHz
stepping	: 2
microcode	: 0x43
cpu MHz		: 1203.076
cache size	: 20480 KB
physical id	: 0
siblings	: 16
core id		: 2
cpu cores	: 8
apicid		: 4
initial apicid	: 4
fpu		: yes
fpu_exception	: yes
cpuid level	: 15
wp		: yes
flags		: fpu vme de pse tsc msr pae mce cx8 apic sep mtrr pge mca cmov pat pse36 clflush dts acpi mmx fxsr sse sse2 ss ht tm pbe syscall nx pdpe1gb rdtscp lm constant_tsc arch_perfmon pebs bts rep_good nopl xtopology nonstop_tsc aperfmperf eagerfpu pni pclmulqdq dtes64 monitor ds_cpl vmx smx est tm2 ssse3 sdbg fma cx16 xtpr pdcm pcid dca sse4_1 sse4_2 x2apic movbe popcnt tsc_deadline_timer aes xsave avx f16c rdrand lahf_lm abm epb intel_ppin ssbd ibrs ibpb stibp tpr_shadow vnmi flexpriority ept vpid fsgsbase tsc_adjust bmi1 avx2 smep bmi2 erms invpcid cqm xsaveopt cqm_llc cqm_occup_llc dtherm ida arat pln pts md_clear spec_ctrl intel_stibp flush_l1d
bogomips	: 4788.36
clflush size	: 64
cache_alignment	: 64
address sizes	: 46 bits physical, 48 bits virtual
power management:

processor	: 3
vendor_id	: GenuineIntel
cpu family	: 6
model		: 63
model name	: Intel(R) Xeon(R) CPU E5-2630 v3 @ 2.40GHz
stepping	: 2
microcode	: 0x43
cpu MHz		: 1201.904
cache size	: 20480 KB
physical id	: 0
siblings	: 16
core id		: 3
cpu cores	: 8
apicid		: 6
initial apicid	: 6
fpu		: yes
fpu_exception	: yes
cpuid level	: 15
wp		: yes
flags		: fpu vme de pse tsc msr pae mce cx8 apic sep mtrr pge mca cmov pat pse36 clflush dts acpi mmx fxsr sse sse2 ss ht tm pbe syscall nx pdpe1gb rdtscp lm constant_tsc arch_perfmon pebs bts rep_good nopl xtopology nonstop_tsc aperfmperf eagerfpu pni pclmulqdq dtes64 monitor ds_cpl vmx smx est tm2 ssse3 sdbg fma cx16 xtpr pdcm pcid dca sse4_1 sse4_2 x2apic movbe popcnt tsc_deadline_timer aes xsave avx f16c rdrand lahf_lm abm epb intel_ppin ssbd ibrs ibpb stibp tpr_shadow vnmi flexpriority ept vpid fsgsbase tsc_adjust bmi1 avx2 smep bmi2 erms invpcid cqm xsaveopt cqm_llc cqm_occup_llc dtherm ida arat pln pts md_clear spec_ctrl intel_stibp flush_l1d
bogomips	: 4788.36
clflush size	: 64
cache_alignment	: 64
address sizes	: 46 bits physical, 48 bits virtual
power management:

processor	: 4
vendor_id	: GenuineIntel
cpu family	: 6
model		: 63
model name	: Intel(R) Xeon(R) CPU E5-2630 v3 @ 2.40GHz
stepping	: 2
microcode	: 0x43
cpu MHz		: 1200.000
cache size	: 20480 KB
physical id	: 0
siblings	: 16
core id		: 4
cpu cores	: 8
apicid		: 8
initial apicid	: 8
fpu		: yes
fpu_exception	: yes
cpuid level	: 15
wp		: yes
flags		: fpu vme de pse tsc msr pae mce cx8 apic sep mtrr pge mca cmov pat pse36 clflush dts acpi mmx fxsr sse sse2 ss ht tm pbe syscall nx pdpe1gb rdtscp lm constant_tsc arch_perfmon pebs bts rep_good nopl xtopology nonstop_tsc aperfmperf eagerfpu pni pclmulqdq dtes64 monitor ds_cpl vmx smx est tm2 ssse3 sdbg fma cx16 xtpr pdcm pcid dca sse4_1 sse4_2 x2apic movbe popcnt tsc_deadline_timer aes xsave avx f16c rdrand lahf_lm abm epb intel_ppin ssbd ibrs ibpb stibp tpr_shadow vnmi flexpriority ept vpid fsgsbase tsc_adjust bmi1 avx2 smep bmi2 erms invpcid cqm xsaveopt cqm_llc cqm_occup_llc dtherm ida arat pln pts md_clear spec_ctrl intel_stibp flush_l1d
bogomips	: 4788.36
clflush size	: 64
cache_alignment	: 64
address sizes	: 46 bits physical, 48 bits virtual
power management:

processor	: 5
vendor_id	: GenuineIntel
cpu family	: 6
model		: 63
model name	: Intel(R) Xeon(R) CPU E5-2630 v3 @ 2.40GHz
stepping	: 2
microcode	: 0x43
cpu MHz		: 1200.146
cache size	: 20480 KB
physical id	: 0
siblings	: 16
core id		: 5
cpu cores	: 8
apicid		: 10
initial apicid	: 10
fpu		: yes
fpu_exception	: yes
cpuid level	: 15
wp		: yes
flags		: fpu vme de pse tsc msr pae mce cx8 apic sep mtrr pge mca cmov pat pse36 clflush dts acpi mmx fxsr sse sse2 ss ht tm pbe syscall nx pdpe1gb rdtscp lm constant_tsc arch_perfmon pebs bts rep_good nopl xtopology nonstop_tsc aperfmperf eagerfpu pni pclmulqdq dtes64 monitor ds_cpl vmx smx est tm2 ssse3 sdbg fma cx16 xtpr pdcm pcid dca sse4_1 sse4_2 x2apic movbe popcnt tsc_deadline_timer aes xsave avx f16c rdrand lahf_lm abm epb intel_ppin ssbd ibrs ibpb stibp tpr_shadow vnmi flexpriority ept vpid fsgsbase tsc_adjust bmi1 avx2 smep bmi2 erms invpcid cqm xsaveopt cqm_llc cqm_occup_llc dtherm ida arat pln pts md_clear spec_ctrl intel_stibp flush_l1d
bogomips	: 4788.36
clflush size	: 64
cache_alignment	: 64
address sizes	: 46 bits physical, 48 bits virtual
power management:

processor	: 6
vendor_id	: GenuineIntel
cpu family	: 6
model		: 63
model name	: Intel(R) Xeon(R) CPU E5-2630 v3 @ 2.40GHz
stepping	: 2
microcode	: 0x43
cpu MHz		: 1299.902
cache size	: 20480 KB
physical id	: 0
siblings	: 16
core id		: 6
cpu cores	: 8
apicid		: 12
initial apicid	: 12
fpu		: yes
fpu_exception	: yes
cpuid level	: 15
wp		: yes
flags		: fpu vme de pse tsc msr pae mce cx8 apic sep mtrr pge mca cmov pat pse36 clflush dts acpi mmx fxsr sse sse2 ss ht tm pbe syscall nx pdpe1gb rdtscp lm constant_tsc arch_perfmon pebs bts rep_good nopl xtopology nonstop_tsc aperfmperf eagerfpu pni pclmulqdq dtes64 monitor ds_cpl vmx smx est tm2 ssse3 sdbg fma cx16 xtpr pdcm pcid dca sse4_1 sse4_2 x2apic movbe popcnt tsc_deadline_timer aes xsave avx f16c rdrand lahf_lm abm epb intel_ppin ssbd ibrs ibpb stibp tpr_shadow vnmi flexpriority ept vpid fsgsbase tsc_adjust bmi1 avx2 smep bmi2 erms invpcid cqm xsaveopt cqm_llc cqm_occup_llc dtherm ida arat pln pts md_clear spec_ctrl intel_stibp flush_l1d
bogomips	: 4788.36
clflush size	: 64
cache_alignment	: 64
address sizes	: 46 bits physical, 48 bits virtual
power management:

processor	: 7
vendor_id	: GenuineIntel
cpu family	: 6
model		: 63
model name	: Intel(R) Xeon(R) CPU E5-2630 v3 @ 2.40GHz
stepping	: 2
microcode	: 0x43
cpu MHz		: 1298.583
cache size	: 20480 KB
physical id	: 0
siblings	: 16
core id		: 7
cpu cores	: 8
apicid		: 14
initial apicid	: 14
fpu		: yes
fpu_exception	: yes
cpuid level	: 15
wp		: yes
flags		: fpu vme de pse tsc msr pae mce cx8 apic sep mtrr pge mca cmov pat pse36 clflush dts acpi mmx fxsr sse sse2 ss ht tm pbe syscall nx pdpe1gb rdtscp lm constant_tsc arch_perfmon pebs bts rep_good nopl xtopology nonstop_tsc aperfmperf eagerfpu pni pclmulqdq dtes64 monitor ds_cpl vmx smx est tm2 ssse3 sdbg fma cx16 xtpr pdcm pcid dca sse4_1 sse4_2 x2apic movbe popcnt tsc_deadline_timer aes xsave avx f16c rdrand lahf_lm abm epb intel_ppin ssbd ibrs ibpb stibp tpr_shadow vnmi flexpriority ept vpid fsgsbase tsc_adjust bmi1 avx2 smep bmi2 erms invpcid cqm xsaveopt cqm_llc cqm_occup_llc dtherm ida arat pln pts md_clear spec_ctrl intel_stibp flush_l1d
bogomips	: 4788.36
clflush size	: 64
cache_alignment	: 64
address sizes	: 46 bits physical, 48 bits virtual
power management:

processor	: 8
vendor_id	: GenuineIntel
cpu family	: 6
model		: 63
model name	: Intel(R) Xeon(R) CPU E5-2630 v3 @ 2.40GHz
stepping	: 2
microcode	: 0x43
cpu MHz		: 1200.000
cache size	: 20480 KB
physical id	: 1
siblings	: 16
core id		: 0
cpu cores	: 8
apicid		: 16
initial apicid	: 16
fpu		: yes
fpu_exception	: yes
cpuid level	: 15
wp		: yes
flags		: fpu vme de pse tsc msr pae mce cx8 apic sep mtrr pge mca cmov pat pse36 clflush dts acpi mmx fxsr sse sse2 ss ht tm pbe syscall nx pdpe1gb rdtscp lm constant_tsc arch_perfmon pebs bts rep_good nopl xtopology nonstop_tsc aperfmperf eagerfpu pni pclmulqdq dtes64 monitor ds_cpl vmx smx est tm2 ssse3 sdbg fma cx16 xtpr pdcm pcid dca sse4_1 sse4_2 x2apic movbe popcnt tsc_deadline_timer aes xsave avx f16c rdrand lahf_lm abm epb intel_ppin ssbd ibrs ibpb stibp tpr_shadow vnmi flexpriority ept vpid fsgsbase tsc_adjust bmi1 avx2 smep bmi2 erms invpcid cqm xsaveopt cqm_llc cqm_occup_llc dtherm ida arat pln pts md_clear spec_ctrl intel_stibp flush_l1d
bogomips	: 4793.69
clflush size	: 64
cache_alignment	: 64
address sizes	: 46 bits physical, 48 bits virtual
power management:

processor	: 9
vendor_id	: GenuineIntel
cpu family	: 6
model		: 63
model name	: Intel(R) Xeon(R) CPU E5-2630 v3 @ 2.40GHz
stepping	: 2
microcode	: 0x43
cpu MHz		: 1232.812
cache size	: 20480 KB
physical id	: 1
siblings	: 16
core id		: 1
cpu cores	: 8
apicid		: 18
initial apicid	: 18
fpu		: yes
fpu_exception	: yes
cpuid level	: 15
wp		: yes
flags		: fpu vme de pse tsc msr pae mce cx8 apic sep mtrr pge mca cmov pat pse36 clflush dts acpi mmx fxsr sse sse2 ss ht tm pbe syscall nx pdpe1gb rdtscp lm constant_tsc arch_perfmon pebs bts rep_good nopl xtopology nonstop_tsc aperfmperf eagerfpu pni pclmulqdq dtes64 monitor ds_cpl vmx smx est tm2 ssse3 sdbg fma cx16 xtpr pdcm pcid dca sse4_1 sse4_2 x2apic movbe popcnt tsc_deadline_timer aes xsave avx f16c rdrand lahf_lm abm epb intel_ppin ssbd ibrs ibpb stibp tpr_shadow vnmi flexpriority ept vpid fsgsbase tsc_adjust bmi1 avx2 smep bmi2 erms invpcid cqm xsaveopt cqm_llc cqm_occup_llc dtherm ida arat pln pts md_clear spec_ctrl intel_stibp flush_l1d
bogomips	: 4793.69
clflush size	: 64
cache_alignment	: 64
address sizes	: 46 bits physical, 48 bits virtual
power management:

processor	: 10
vendor_id	: GenuineIntel
cpu family	: 6
model		: 63
model name	: Intel(R) Xeon(R) CPU E5-2630 v3 @ 2.40GHz
stepping	: 2
microcode	: 0x43
cpu MHz		: 1206.152
cache size	: 20480 KB
physical id	: 1
siblings	: 16
core id		: 2
cpu cores	: 8
apicid		: 20
initial apicid	: 20
fpu		: yes
fpu_exception	: yes
cpuid level	: 15
wp		: yes
flags		: fpu vme de pse tsc msr pae mce cx8 apic sep mtrr pge mca cmov pat pse36 clflush dts acpi mmx fxsr sse sse2 ss ht tm pbe syscall nx pdpe1gb rdtscp lm constant_tsc arch_perfmon pebs bts rep_good nopl xtopology nonstop_tsc aperfmperf eagerfpu pni pclmulqdq dtes64 monitor ds_cpl vmx smx est tm2 ssse3 sdbg fma cx16 xtpr pdcm pcid dca sse4_1 sse4_2 x2apic movbe popcnt tsc_deadline_timer aes xsave avx f16c rdrand lahf_lm abm epb intel_ppin ssbd ibrs ibpb stibp tpr_shadow vnmi flexpriority ept vpid fsgsbase tsc_adjust bmi1 avx2 smep bmi2 erms invpcid cqm xsaveopt cqm_llc cqm_occup_llc dtherm ida arat pln pts md_clear spec_ctrl intel_stibp flush_l1d
bogomips	: 4793.69
clflush size	: 64
cache_alignment	: 64
address sizes	: 46 bits physical, 48 bits virtual
power management:

processor	: 11
vendor_id	: GenuineIntel
cpu family	: 6
model		: 63
model name	: Intel(R) Xeon(R) CPU E5-2630 v3 @ 2.40GHz
stepping	: 2
microcode	: 0x43
cpu MHz		: 1225.781
cache size	: 20480 KB
physical id	: 1
siblings	: 16
core id		: 3
cpu cores	: 8
apicid		: 22
initial apicid	: 22
fpu		: yes
fpu_exception	: yes
cpuid level	: 15
wp		: yes
flags		: fpu vme de pse tsc msr pae mce cx8 apic sep mtrr pge mca cmov pat pse36 clflush dts acpi mmx fxsr sse sse2 ss ht tm pbe syscall nx pdpe1gb rdtscp lm constant_tsc arch_perfmon pebs bts rep_good nopl xtopology nonstop_tsc aperfmperf eagerfpu pni pclmulqdq dtes64 monitor ds_cpl vmx smx est tm2 ssse3 sdbg fma cx16 xtpr pdcm pcid dca sse4_1 sse4_2 x2apic movbe popcnt tsc_deadline_timer aes xsave avx f16c rdrand lahf_lm abm epb intel_ppin ssbd ibrs ibpb stibp tpr_shadow vnmi flexpriority ept vpid fsgsbase tsc_adjust bmi1 avx2 smep bmi2 erms invpcid cqm xsaveopt cqm_llc cqm_occup_llc dtherm ida arat pln pts md_clear spec_ctrl intel_stibp flush_l1d
bogomips	: 4793.69
clflush size	: 64
cache_alignment	: 64
address sizes	: 46 bits physical, 48 bits virtual
power management:

processor	: 12
vendor_id	: GenuineIntel
cpu family	: 6
model		: 63
model name	: Intel(R) Xeon(R) CPU E5-2630 v3 @ 2.40GHz
stepping	: 2
microcode	: 0x43
cpu MHz		: 1199.853
cache size	: 20480 KB
physical id	: 1
siblings	: 16
core id		: 4
cpu cores	: 8
apicid		: 24
initial apicid	: 24
fpu		: yes
fpu_exception	: yes
cpuid level	: 15
wp		: yes
flags		: fpu vme de pse tsc msr pae mce cx8 apic sep mtrr pge mca cmov pat pse36 clflush dts acpi mmx fxsr sse sse2 ss ht tm pbe syscall nx pdpe1gb rdtscp lm constant_tsc arch_perfmon pebs bts rep_good nopl xtopology nonstop_tsc aperfmperf eagerfpu pni pclmulqdq dtes64 monitor ds_cpl vmx smx est tm2 ssse3 sdbg fma cx16 xtpr pdcm pcid dca sse4_1 sse4_2 x2apic movbe popcnt tsc_deadline_timer aes xsave avx f16c rdrand lahf_lm abm epb intel_ppin ssbd ibrs ibpb stibp tpr_shadow vnmi flexpriority ept vpid fsgsbase tsc_adjust bmi1 avx2 smep bmi2 erms invpcid cqm xsaveopt cqm_llc cqm_occup_llc dtherm ida arat pln pts md_clear spec_ctrl intel_stibp flush_l1d
bogomips	: 4793.69
clflush size	: 64
cache_alignment	: 64
address sizes	: 46 bits physical, 48 bits virtual
power management:

processor	: 13
vendor_id	: GenuineIntel
cpu family	: 6
model		: 63
model name	: Intel(R) Xeon(R) CPU E5-2630 v3 @ 2.40GHz
stepping	: 2
microcode	: 0x43
cpu MHz		: 1291.699
cache size	: 20480 KB
physical id	: 1
siblings	: 16
core id		: 5
cpu cores	: 8
apicid		: 26
initial apicid	: 26
fpu		: yes
fpu_exception	: yes
cpuid level	: 15
wp		: yes
flags		: fpu vme de pse tsc msr pae mce cx8 apic sep mtrr pge mca cmov pat pse36 clflush dts acpi mmx fxsr sse sse2 ss ht tm pbe syscall nx pdpe1gb rdtscp lm constant_tsc arch_perfmon pebs bts rep_good nopl xtopology nonstop_tsc aperfmperf eagerfpu pni pclmulqdq dtes64 monitor ds_cpl vmx smx est tm2 ssse3 sdbg fma cx16 xtpr pdcm pcid dca sse4_1 sse4_2 x2apic movbe popcnt tsc_deadline_timer aes xsave avx f16c rdrand lahf_lm abm epb intel_ppin ssbd ibrs ibpb stibp tpr_shadow vnmi flexpriority ept vpid fsgsbase tsc_adjust bmi1 avx2 smep bmi2 erms invpcid cqm xsaveopt cqm_llc cqm_occup_llc dtherm ida arat pln pts md_clear spec_ctrl intel_stibp flush_l1d
bogomips	: 4793.69
clflush size	: 64
cache_alignment	: 64
address sizes	: 46 bits physical, 48 bits virtual
power management:

processor	: 14
vendor_id	: GenuineIntel
cpu family	: 6
model		: 63
model name	: Intel(R) Xeon(R) CPU E5-2630 v3 @ 2.40GHz
stepping	: 2
microcode	: 0x43
cpu MHz		: 1200.000
cache size	: 20480 KB
physical id	: 1
siblings	: 16
core id		: 6
cpu cores	: 8
apicid		: 28
initial apicid	: 28
fpu		: yes
fpu_exception	: yes
cpuid level	: 15
wp		: yes
flags		: fpu vme de pse tsc msr pae mce cx8 apic sep mtrr pge mca cmov pat pse36 clflush dts acpi mmx fxsr sse sse2 ss ht tm pbe syscall nx pdpe1gb rdtscp lm constant_tsc arch_perfmon pebs bts rep_good nopl xtopology nonstop_tsc aperfmperf eagerfpu pni pclmulqdq dtes64 monitor ds_cpl vmx smx est tm2 ssse3 sdbg fma cx16 xtpr pdcm pcid dca sse4_1 sse4_2 x2apic movbe popcnt tsc_deadline_timer aes xsave avx f16c rdrand lahf_lm abm epb intel_ppin ssbd ibrs ibpb stibp tpr_shadow vnmi flexpriority ept vpid fsgsbase tsc_adjust bmi1 avx2 smep bmi2 erms invpcid cqm xsaveopt cqm_llc cqm_occup_llc dtherm ida arat pln pts md_clear spec_ctrl intel_stibp flush_l1d
bogomips	: 4793.69
clflush size	: 64
cache_alignment	: 64
address sizes	: 46 bits physical, 48 bits virtual
power management:

processor	: 15
vendor_id	: GenuineIntel
cpu family	: 6
model		: 63
model name	: Intel(R) Xeon(R) CPU E5-2630 v3 @ 2.40GHz
stepping	: 2
microcode	: 0x43
cpu MHz		: 1295.654
cache size	: 20480 KB
physical id	: 1
siblings	: 16
core id		: 7
cpu cores	: 8
apicid		: 30
initial apicid	: 30
fpu		: yes
fpu_exception	: yes
cpuid level	: 15
wp		: yes
flags		: fpu vme de pse tsc msr pae mce cx8 apic sep mtrr pge mca cmov pat pse36 clflush dts acpi mmx fxsr sse sse2 ss ht tm pbe syscall nx pdpe1gb rdtscp lm constant_tsc arch_perfmon pebs bts rep_good nopl xtopology nonstop_tsc aperfmperf eagerfpu pni pclmulqdq dtes64 monitor ds_cpl vmx smx est tm2 ssse3 sdbg fma cx16 xtpr pdcm pcid dca sse4_1 sse4_2 x2apic movbe popcnt tsc_deadline_timer aes xsave avx f16c rdrand lahf_lm abm epb intel_ppin ssbd ibrs ibpb stibp tpr_shadow vnmi flexpriority ept vpid fsgsbase tsc_adjust bmi1 avx2 smep bmi2 erms invpcid cqm xsaveopt cqm_llc cqm_occup_llc dtherm ida arat pln pts md_clear spec_ctrl intel_stibp flush_l1d
bogomips	: 4793.69
clflush size	: 64
cache_alignment	: 64
address sizes	: 46 bits physical, 48 bits virtual
power management:

processor	: 16
vendor_id	: GenuineIntel
cpu family	: 6
model		: 63
model name	: Intel(R) Xeon(R) CPU E5-2630 v3 @ 2.40GHz
stepping	: 2
microcode	: 0x43
cpu MHz		: 1299.902
cache size	: 20480 KB
physical id	: 0
siblings	: 16
core id		: 0
cpu cores	: 8
apicid		: 1
initial apicid	: 1
fpu		: yes
fpu_exception	: yes
cpuid level	: 15
wp		: yes
flags		: fpu vme de pse tsc msr pae mce cx8 apic sep mtrr pge mca cmov pat pse36 clflush dts acpi mmx fxsr sse sse2 ss ht tm pbe syscall nx pdpe1gb rdtscp lm constant_tsc arch_perfmon pebs bts rep_good nopl xtopology nonstop_tsc aperfmperf eagerfpu pni pclmulqdq dtes64 monitor ds_cpl vmx smx est tm2 ssse3 sdbg fma cx16 xtpr pdcm pcid dca sse4_1 sse4_2 x2apic movbe popcnt tsc_deadline_timer aes xsave avx f16c rdrand lahf_lm abm epb intel_ppin ssbd ibrs ibpb stibp tpr_shadow vnmi flexpriority ept vpid fsgsbase tsc_adjust bmi1 avx2 smep bmi2 erms invpcid cqm xsaveopt cqm_llc cqm_occup_llc dtherm ida arat pln pts md_clear spec_ctrl intel_stibp flush_l1d
bogomips	: 4788.36
clflush size	: 64
cache_alignment	: 64
address sizes	: 46 bits physical, 48 bits virtual
power management:

processor	: 17
vendor_id	: GenuineIntel
cpu family	: 6
model		: 63
model name	: Intel(R) Xeon(R) CPU E5-2630 v3 @ 2.40GHz
stepping	: 2
microcode	: 0x43
cpu MHz		: 1205.126
cache size	: 20480 KB
physical id	: 0
siblings	: 16
core id		: 1
cpu cores	: 8
apicid		: 3
initial apicid	: 3
fpu		: yes
fpu_exception	: yes
cpuid level	: 15
wp		: yes
flags		: fpu vme de pse tsc msr pae mce cx8 apic sep mtrr pge mca cmov pat pse36 clflush dts acpi mmx fxsr sse sse2 ss ht tm pbe syscall nx pdpe1gb rdtscp lm constant_tsc arch_perfmon pebs bts rep_good nopl xtopology nonstop_tsc aperfmperf eagerfpu pni pclmulqdq dtes64 monitor ds_cpl vmx smx est tm2 ssse3 sdbg fma cx16 xtpr pdcm pcid dca sse4_1 sse4_2 x2apic movbe popcnt tsc_deadline_timer aes xsave avx f16c rdrand lahf_lm abm epb intel_ppin ssbd ibrs ibpb stibp tpr_shadow vnmi flexpriority ept vpid fsgsbase tsc_adjust bmi1 avx2 smep bmi2 erms invpcid cqm xsaveopt cqm_llc cqm_occup_llc dtherm ida arat pln pts md_clear spec_ctrl intel_stibp flush_l1d
bogomips	: 4788.36
clflush size	: 64
cache_alignment	: 64
address sizes	: 46 bits physical, 48 bits virtual
power management:

processor	: 18
vendor_id	: GenuineIntel
cpu family	: 6
model		: 63
model name	: Intel(R) Xeon(R) CPU E5-2630 v3 @ 2.40GHz
stepping	: 2
microcode	: 0x43
cpu MHz		: 1275.439
cache size	: 20480 KB
physical id	: 0
siblings	: 16
core id		: 2
cpu cores	: 8
apicid		: 5
initial apicid	: 5
fpu		: yes
fpu_exception	: yes
cpuid level	: 15
wp		: yes
flags		: fpu vme de pse tsc msr pae mce cx8 apic sep mtrr pge mca cmov pat pse36 clflush dts acpi mmx fxsr sse sse2 ss ht tm pbe syscall nx pdpe1gb rdtscp lm constant_tsc arch_perfmon pebs bts rep_good nopl xtopology nonstop_tsc aperfmperf eagerfpu pni pclmulqdq dtes64 monitor ds_cpl vmx smx est tm2 ssse3 sdbg fma cx16 xtpr pdcm pcid dca sse4_1 sse4_2 x2apic movbe popcnt tsc_deadline_timer aes xsave avx f16c rdrand lahf_lm abm epb intel_ppin ssbd ibrs ibpb stibp tpr_shadow vnmi flexpriority ept vpid fsgsbase tsc_adjust bmi1 avx2 smep bmi2 erms invpcid cqm xsaveopt cqm_llc cqm_occup_llc dtherm ida arat pln pts md_clear spec_ctrl intel_stibp flush_l1d
bogomips	: 4788.36
clflush size	: 64
cache_alignment	: 64
address sizes	: 46 bits physical, 48 bits virtual
power management:

processor	: 19
vendor_id	: GenuineIntel
cpu family	: 6
model		: 63
model name	: Intel(R) Xeon(R) CPU E5-2630 v3 @ 2.40GHz
stepping	: 2
microcode	: 0x43
cpu MHz		: 1202.050
cache size	: 20480 KB
physical id	: 0
siblings	: 16
core id		: 3
cpu cores	: 8
apicid		: 7
initial apicid	: 7
fpu		: yes
fpu_exception	: yes
cpuid level	: 15
wp		: yes
flags		: fpu vme de pse tsc msr pae mce cx8 apic sep mtrr pge mca cmov pat pse36 clflush dts acpi mmx fxsr sse sse2 ss ht tm pbe syscall nx pdpe1gb rdtscp lm constant_tsc arch_perfmon pebs bts rep_good nopl xtopology nonstop_tsc aperfmperf eagerfpu pni pclmulqdq dtes64 monitor ds_cpl vmx smx est tm2 ssse3 sdbg fma cx16 xtpr pdcm pcid dca sse4_1 sse4_2 x2apic movbe popcnt tsc_deadline_timer aes xsave avx f16c rdrand lahf_lm abm epb intel_ppin ssbd ibrs ibpb stibp tpr_shadow vnmi flexpriority ept vpid fsgsbase tsc_adjust bmi1 avx2 smep bmi2 erms invpcid cqm xsaveopt cqm_llc cqm_occup_llc dtherm ida arat pln pts md_clear spec_ctrl intel_stibp flush_l1d
bogomips	: 4788.36
clflush size	: 64
cache_alignment	: 64
address sizes	: 46 bits physical, 48 bits virtual
power management:

processor	: 20
vendor_id	: GenuineIntel
cpu family	: 6
model		: 63
model name	: Intel(R) Xeon(R) CPU E5-2630 v3 @ 2.40GHz
stepping	: 2
microcode	: 0x43
cpu MHz		: 1202.343
cache size	: 20480 KB
physical id	: 0
siblings	: 16
core id		: 4
cpu cores	: 8
apicid		: 9
initial apicid	: 9
fpu		: yes
fpu_exception	: yes
cpuid level	: 15
wp		: yes
flags		: fpu vme de pse tsc msr pae mce cx8 apic sep mtrr pge mca cmov pat pse36 clflush dts acpi mmx fxsr sse sse2 ss ht tm pbe syscall nx pdpe1gb rdtscp lm constant_tsc arch_perfmon pebs bts rep_good nopl xtopology nonstop_tsc aperfmperf eagerfpu pni pclmulqdq dtes64 monitor ds_cpl vmx smx est tm2 ssse3 sdbg fma cx16 xtpr pdcm pcid dca sse4_1 sse4_2 x2apic movbe popcnt tsc_deadline_timer aes xsave avx f16c rdrand lahf_lm abm epb intel_ppin ssbd ibrs ibpb stibp tpr_shadow vnmi flexpriority ept vpid fsgsbase tsc_adjust bmi1 avx2 smep bmi2 erms invpcid cqm xsaveopt cqm_llc cqm_occup_llc dtherm ida arat pln pts md_clear spec_ctrl intel_stibp flush_l1d
bogomips	: 4788.36
clflush size	: 64
cache_alignment	: 64
address sizes	: 46 bits physical, 48 bits virtual
power management:

processor	: 21
vendor_id	: GenuineIntel
cpu family	: 6
model		: 63
model name	: Intel(R) Xeon(R) CPU E5-2630 v3 @ 2.40GHz
stepping	: 2
microcode	: 0x43
cpu MHz		: 1245.703
cache size	: 20480 KB
physical id	: 0
siblings	: 16
core id		: 5
cpu cores	: 8
apicid		: 11
initial apicid	: 11
fpu		: yes
fpu_exception	: yes
cpuid level	: 15
wp		: yes
flags		: fpu vme de pse tsc msr pae mce cx8 apic sep mtrr pge mca cmov pat pse36 clflush dts acpi mmx fxsr sse sse2 ss ht tm pbe syscall nx pdpe1gb rdtscp lm constant_tsc arch_perfmon pebs bts rep_good nopl xtopology nonstop_tsc aperfmperf eagerfpu pni pclmulqdq dtes64 monitor ds_cpl vmx smx est tm2 ssse3 sdbg fma cx16 xtpr pdcm pcid dca sse4_1 sse4_2 x2apic movbe popcnt tsc_deadline_timer aes xsave avx f16c rdrand lahf_lm abm epb intel_ppin ssbd ibrs ibpb stibp tpr_shadow vnmi flexpriority ept vpid fsgsbase tsc_adjust bmi1 avx2 smep bmi2 erms invpcid cqm xsaveopt cqm_llc cqm_occup_llc dtherm ida arat pln pts md_clear spec_ctrl intel_stibp flush_l1d
bogomips	: 4788.36
clflush size	: 64
cache_alignment	: 64
address sizes	: 46 bits physical, 48 bits virtual
power management:

processor	: 22
vendor_id	: GenuineIntel
cpu family	: 6
model		: 63
model name	: Intel(R) Xeon(R) CPU E5-2630 v3 @ 2.40GHz
stepping	: 2
microcode	: 0x43
cpu MHz		: 1348.095
cache size	: 20480 KB
physical id	: 0
siblings	: 16
core id		: 6
cpu cores	: 8
apicid		: 13
initial apicid	: 13
fpu		: yes
fpu_exception	: yes
cpuid level	: 15
wp		: yes
flags		: fpu vme de pse tsc msr pae mce cx8 apic sep mtrr pge mca cmov pat pse36 clflush dts acpi mmx fxsr sse sse2 ss ht tm pbe syscall nx pdpe1gb rdtscp lm constant_tsc arch_perfmon pebs bts rep_good nopl xtopology nonstop_tsc aperfmperf eagerfpu pni pclmulqdq dtes64 monitor ds_cpl vmx smx est tm2 ssse3 sdbg fma cx16 xtpr pdcm pcid dca sse4_1 sse4_2 x2apic movbe popcnt tsc_deadline_timer aes xsave avx f16c rdrand lahf_lm abm epb intel_ppin ssbd ibrs ibpb stibp tpr_shadow vnmi flexpriority ept vpid fsgsbase tsc_adjust bmi1 avx2 smep bmi2 erms invpcid cqm xsaveopt cqm_llc cqm_occup_llc dtherm ida arat pln pts md_clear spec_ctrl intel_stibp flush_l1d
bogomips	: 4788.36
clflush size	: 64
cache_alignment	: 64
address sizes	: 46 bits physical, 48 bits virtual
power management:

processor	: 23
vendor_id	: GenuineIntel
cpu family	: 6
model		: 63
model name	: Intel(R) Xeon(R) CPU E5-2630 v3 @ 2.40GHz
stepping	: 2
microcode	: 0x43
cpu MHz		: 1200.732
cache size	: 20480 KB
physical id	: 0
siblings	: 16
core id		: 7
cpu cores	: 8
apicid		: 15
initial apicid	: 15
fpu		: yes
fpu_exception	: yes
cpuid level	: 15
wp		: yes
flags		: fpu vme de pse tsc msr pae mce cx8 apic sep mtrr pge mca cmov pat pse36 clflush dts acpi mmx fxsr sse sse2 ss ht tm pbe syscall nx pdpe1gb rdtscp lm constant_tsc arch_perfmon pebs bts rep_good nopl xtopology nonstop_tsc aperfmperf eagerfpu pni pclmulqdq dtes64 monitor ds_cpl vmx smx est tm2 ssse3 sdbg fma cx16 xtpr pdcm pcid dca sse4_1 sse4_2 x2apic movbe popcnt tsc_deadline_timer aes xsave avx f16c rdrand lahf_lm abm epb intel_ppin ssbd ibrs ibpb stibp tpr_shadow vnmi flexpriority ept vpid fsgsbase tsc_adjust bmi1 avx2 smep bmi2 erms invpcid cqm xsaveopt cqm_llc cqm_occup_llc dtherm ida arat pln pts md_clear spec_ctrl intel_stibp flush_l1d
bogomips	: 4788.36
clflush size	: 64
cache_alignment	: 64
address sizes	: 46 bits physical, 48 bits virtual
power management:

processor	: 24
vendor_id	: GenuineIntel
cpu family	: 6
model		: 63
model name	: Intel(R) Xeon(R) CPU E5-2630 v3 @ 2.40GHz
stepping	: 2
microcode	: 0x43
cpu MHz		: 1202.343
cache size	: 20480 KB
physical id	: 1
siblings	: 16
core id		: 0
cpu cores	: 8
apicid		: 17
initial apicid	: 17
fpu		: yes
fpu_exception	: yes
cpuid level	: 15
wp		: yes
flags		: fpu vme de pse tsc msr pae mce cx8 apic sep mtrr pge mca cmov pat pse36 clflush dts acpi mmx fxsr sse sse2 ss ht tm pbe syscall nx pdpe1gb rdtscp lm constant_tsc arch_perfmon pebs bts rep_good nopl xtopology nonstop_tsc aperfmperf eagerfpu pni pclmulqdq dtes64 monitor ds_cpl vmx smx est tm2 ssse3 sdbg fma cx16 xtpr pdcm pcid dca sse4_1 sse4_2 x2apic movbe popcnt tsc_deadline_timer aes xsave avx f16c rdrand lahf_lm abm epb intel_ppin ssbd ibrs ibpb stibp tpr_shadow vnmi flexpriority ept vpid fsgsbase tsc_adjust bmi1 avx2 smep bmi2 erms invpcid cqm xsaveopt cqm_llc cqm_occup_llc dtherm ida arat pln pts md_clear spec_ctrl intel_stibp flush_l1d
bogomips	: 4793.69
clflush size	: 64
cache_alignment	: 64
address sizes	: 46 bits physical, 48 bits virtual
power management:

processor	: 25
vendor_id	: GenuineIntel
cpu family	: 6
model		: 63
model name	: Intel(R) Xeon(R) CPU E5-2630 v3 @ 2.40GHz
stepping	: 2
microcode	: 0x43
cpu MHz		: 1298.730
cache size	: 20480 KB
physical id	: 1
siblings	: 16
core id		: 1
cpu cores	: 8
apicid		: 19
initial apicid	: 19
fpu		: yes
fpu_exception	: yes
cpuid level	: 15
wp		: yes
flags		: fpu vme de pse tsc msr pae mce cx8 apic sep mtrr pge mca cmov pat pse36 clflush dts acpi mmx fxsr sse sse2 ss ht tm pbe syscall nx pdpe1gb rdtscp lm constant_tsc arch_perfmon pebs bts rep_good nopl xtopology nonstop_tsc aperfmperf eagerfpu pni pclmulqdq dtes64 monitor ds_cpl vmx smx est tm2 ssse3 sdbg fma cx16 xtpr pdcm pcid dca sse4_1 sse4_2 x2apic movbe popcnt tsc_deadline_timer aes xsave avx f16c rdrand lahf_lm abm epb intel_ppin ssbd ibrs ibpb stibp tpr_shadow vnmi flexpriority ept vpid fsgsbase tsc_adjust bmi1 avx2 smep bmi2 erms invpcid cqm xsaveopt cqm_llc cqm_occup_llc dtherm ida arat pln pts md_clear spec_ctrl intel_stibp flush_l1d
bogomips	: 4793.69
clflush size	: 64
cache_alignment	: 64
address sizes	: 46 bits physical, 48 bits virtual
power management:

processor	: 26
vendor_id	: GenuineIntel
cpu family	: 6
model		: 63
model name	: Intel(R) Xeon(R) CPU E5-2630 v3 @ 2.40GHz
stepping	: 2
microcode	: 0x43
cpu MHz		: 1207.910
cache size	: 20480 KB
physical id	: 1
siblings	: 16
core id		: 2
cpu cores	: 8
apicid		: 21
initial apicid	: 21
fpu		: yes
fpu_exception	: yes
cpuid level	: 15
wp		: yes
flags		: fpu vme de pse tsc msr pae mce cx8 apic sep mtrr pge mca cmov pat pse36 clflush dts acpi mmx fxsr sse sse2 ss ht tm pbe syscall nx pdpe1gb rdtscp lm constant_tsc arch_perfmon pebs bts rep_good nopl xtopology nonstop_tsc aperfmperf eagerfpu pni pclmulqdq dtes64 monitor ds_cpl vmx smx est tm2 ssse3 sdbg fma cx16 xtpr pdcm pcid dca sse4_1 sse4_2 x2apic movbe popcnt tsc_deadline_timer aes xsave avx f16c rdrand lahf_lm abm epb intel_ppin ssbd ibrs ibpb stibp tpr_shadow vnmi flexpriority ept vpid fsgsbase tsc_adjust bmi1 avx2 smep bmi2 erms invpcid cqm xsaveopt cqm_llc cqm_occup_llc dtherm ida arat pln pts md_clear spec_ctrl intel_stibp flush_l1d
bogomips	: 4793.69
clflush size	: 64
cache_alignment	: 64
address sizes	: 46 bits physical, 48 bits virtual
power management:

processor	: 27
vendor_id	: GenuineIntel
cpu family	: 6
model		: 63
model name	: Intel(R) Xeon(R) CPU E5-2630 v3 @ 2.40GHz
stepping	: 2
microcode	: 0x43
cpu MHz		: 1227.392
cache size	: 20480 KB
physical id	: 1
siblings	: 16
core id		: 3
cpu cores	: 8
apicid		: 23
initial apicid	: 23
fpu		: yes
fpu_exception	: yes
cpuid level	: 15
wp		: yes
flags		: fpu vme de pse tsc msr pae mce cx8 apic sep mtrr pge mca cmov pat pse36 clflush dts acpi mmx fxsr sse sse2 ss ht tm pbe syscall nx pdpe1gb rdtscp lm constant_tsc arch_perfmon pebs bts rep_good nopl xtopology nonstop_tsc aperfmperf eagerfpu pni pclmulqdq dtes64 monitor ds_cpl vmx smx est tm2 ssse3 sdbg fma cx16 xtpr pdcm pcid dca sse4_1 sse4_2 x2apic movbe popcnt tsc_deadline_timer aes xsave avx f16c rdrand lahf_lm abm epb intel_ppin ssbd ibrs ibpb stibp tpr_shadow vnmi flexpriority ept vpid fsgsbase tsc_adjust bmi1 avx2 smep bmi2 erms invpcid cqm xsaveopt cqm_llc cqm_occup_llc dtherm ida arat pln pts md_clear spec_ctrl intel_stibp flush_l1d
bogomips	: 4793.69
clflush size	: 64
cache_alignment	: 64
address sizes	: 46 bits physical, 48 bits virtual
power management:

processor	: 28
vendor_id	: GenuineIntel
cpu family	: 6
model		: 63
model name	: Intel(R) Xeon(R) CPU E5-2630 v3 @ 2.40GHz
stepping	: 2
microcode	: 0x43
cpu MHz		: 1200.292
cache size	: 20480 KB
physical id	: 1
siblings	: 16
core id		: 4
cpu cores	: 8
apicid		: 25
initial apicid	: 25
fpu		: yes
fpu_exception	: yes
cpuid level	: 15
wp		: yes
flags		: fpu vme de pse tsc msr pae mce cx8 apic sep mtrr pge mca cmov pat pse36 clflush dts acpi mmx fxsr sse sse2 ss ht tm pbe syscall nx pdpe1gb rdtscp lm constant_tsc arch_perfmon pebs bts rep_good nopl xtopology nonstop_tsc aperfmperf eagerfpu pni pclmulqdq dtes64 monitor ds_cpl vmx smx est tm2 ssse3 sdbg fma cx16 xtpr pdcm pcid dca sse4_1 sse4_2 x2apic movbe popcnt tsc_deadline_timer aes xsave avx f16c rdrand lahf_lm abm epb intel_ppin ssbd ibrs ibpb stibp tpr_shadow vnmi flexpriority ept vpid fsgsbase tsc_adjust bmi1 avx2 smep bmi2 erms invpcid cqm xsaveopt cqm_llc cqm_occup_llc dtherm ida arat pln pts md_clear spec_ctrl intel_stibp flush_l1d
bogomips	: 4793.69
clflush size	: 64
cache_alignment	: 64
address sizes	: 46 bits physical, 48 bits virtual
power management:

processor	: 29
vendor_id	: GenuineIntel
cpu family	: 6
model		: 63
model name	: Intel(R) Xeon(R) CPU E5-2630 v3 @ 2.40GHz
stepping	: 2
microcode	: 0x43
cpu MHz		: 1461.914
cache size	: 20480 KB
physical id	: 1
siblings	: 16
core id		: 5
cpu cores	: 8
apicid		: 27
initial apicid	: 27
fpu		: yes
fpu_exception	: yes
cpuid level	: 15
wp		: yes
flags		: fpu vme de pse tsc msr pae mce cx8 apic sep mtrr pge mca cmov pat pse36 clflush dts acpi mmx fxsr sse sse2 ss ht tm pbe syscall nx pdpe1gb rdtscp lm constant_tsc arch_perfmon pebs bts rep_good nopl xtopology nonstop_tsc aperfmperf eagerfpu pni pclmulqdq dtes64 monitor ds_cpl vmx smx est tm2 ssse3 sdbg fma cx16 xtpr pdcm pcid dca sse4_1 sse4_2 x2apic movbe popcnt tsc_deadline_timer aes xsave avx f16c rdrand lahf_lm abm epb intel_ppin ssbd ibrs ibpb stibp tpr_shadow vnmi flexpriority ept vpid fsgsbase tsc_adjust bmi1 avx2 smep bmi2 erms invpcid cqm xsaveopt cqm_llc cqm_occup_llc dtherm ida arat pln pts md_clear spec_ctrl intel_stibp flush_l1d
bogomips	: 4793.69
clflush size	: 64
cache_alignment	: 64
address sizes	: 46 bits physical, 48 bits virtual
power management:

processor	: 30
vendor_id	: GenuineIntel
cpu family	: 6
model		: 63
model name	: Intel(R) Xeon(R) CPU E5-2630 v3 @ 2.40GHz
stepping	: 2
microcode	: 0x43
cpu MHz		: 1350.000
cache size	: 20480 KB
physical id	: 1
siblings	: 16
core id		: 6
cpu cores	: 8
apicid		: 29
initial apicid	: 29
fpu		: yes
fpu_exception	: yes
cpuid level	: 15
wp		: yes
flags		: fpu vme de pse tsc msr pae mce cx8 apic sep mtrr pge mca cmov pat pse36 clflush dts acpi mmx fxsr sse sse2 ss ht tm pbe syscall nx pdpe1gb rdtscp lm constant_tsc arch_perfmon pebs bts rep_good nopl xtopology nonstop_tsc aperfmperf eagerfpu pni pclmulqdq dtes64 monitor ds_cpl vmx smx est tm2 ssse3 sdbg fma cx16 xtpr pdcm pcid dca sse4_1 sse4_2 x2apic movbe popcnt tsc_deadline_timer aes xsave avx f16c rdrand lahf_lm abm epb intel_ppin ssbd ibrs ibpb stibp tpr_shadow vnmi flexpriority ept vpid fsgsbase tsc_adjust bmi1 avx2 smep bmi2 erms invpcid cqm xsaveopt cqm_llc cqm_occup_llc dtherm ida arat pln pts md_clear spec_ctrl intel_stibp flush_l1d
bogomips	: 4793.69
clflush size	: 64
cache_alignment	: 64
address sizes	: 46 bits physical, 48 bits virtual
power management:

processor	: 31
vendor_id	: GenuineIntel
cpu family	: 6
model		: 63
model name	: Intel(R) Xeon(R) CPU E5-2630 v3 @ 2.40GHz
stepping	: 2
microcode	: 0x43
cpu MHz		: 1456.933
cache size	: 20480 KB
physical id	: 1
siblings	: 16
core id		: 7
cpu cores	: 8
apicid		: 31
initial apicid	: 31
fpu		: yes
fpu_exception	: yes
cpuid level	: 15
wp		: yes
flags		: fpu vme de pse tsc msr pae mce cx8 apic sep mtrr pge mca cmov pat pse36 clflush dts acpi mmx fxsr sse sse2 ss ht tm pbe syscall nx pdpe1gb rdtscp lm constant_tsc arch_perfmon pebs bts rep_good nopl xtopology nonstop_tsc aperfmperf eagerfpu pni pclmulqdq dtes64 monitor ds_cpl vmx smx est tm2 ssse3 sdbg fma cx16 xtpr pdcm pcid dca sse4_1 sse4_2 x2apic movbe popcnt tsc_deadline_timer aes xsave avx f16c rdrand lahf_lm abm epb intel_ppin ssbd ibrs ibpb stibp tpr_shadow vnmi flexpriority ept vpid fsgsbase tsc_adjust bmi1 avx2 smep bmi2 erms invpcid cqm xsaveopt cqm_llc cqm_occup_llc dtherm ida arat pln pts md_clear spec_ctrl intel_stibp flush_l1d
bogomips	: 4793.69
clflush size	: 64
cache_alignment	: 64
address sizes	: 46 bits physical, 48 bits virtual
power management:



Memory: 4k page, physical 263864184k(2138632k free), swap 0k(0k free)

vm_info: OpenJDK 64-Bit Server VM (25.212-b04) for linux-amd64 JRE (1.8.0_212-b04), built on May  4 2019 17:50:21 by "buildozer" with gcc 6.4.0

time: Fri Sep 20 00:12:18 2019
timezone: UTC
elapsed time: 4 seconds (0d 0h 0m 4s)

