rm: cannot remove './target/findbugs-all.txt': No such file or directory
[INFO] Scanning for projects...
[ERROR] [ERROR] Some problems were encountered while processing the POMs:
[ERROR] Child module /workdir/hadoop-yarn-project of /workdir/pom.xml does not exist @ 
[ERROR] Child module /workdir/hadoop-mapreduce-project of /workdir/pom.xml does not exist @ 
[ERROR] Child module /workdir/hadoop-tools of /workdir/pom.xml does not exist @ 
 @ 
[ERROR] The build could not read 1 project -> [Help 1]
[ERROR]   
[ERROR]   The project org.apache.hadoop:hadoop-main:3.3.0-SNAPSHOT (/workdir/pom.xml) has 3 errors
[ERROR]     Child module /workdir/hadoop-yarn-project of /workdir/pom.xml does not exist
[ERROR]     Child module /workdir/hadoop-mapreduce-project of /workdir/pom.xml does not exist
[ERROR]     Child module /workdir/hadoop-tools of /workdir/pom.xml does not exist
[ERROR] 
[ERROR] To see the full stack trace of the errors, re-run Maven with the -e switch.
[ERROR] Re-run Maven using the -X switch to enable full debug logging.
[ERROR] 
[ERROR] For more information about the errors and possible solutions, please read the following articles:
[ERROR] [Help 1] http://cwiki.apache.org/confluence/display/MAVEN/ProjectBuildingException
[INFO] Build failures were ignored.
Exception in thread "main" java.io.IOException: XML does not contain saved bug data
	at edu.umd.cs.findbugs.SortedBugCollection.checkInputStream(SortedBugCollection.java:865)
	at edu.umd.cs.findbugs.SortedBugCollection.doReadXML(SortedBugCollection.java:382)
	at edu.umd.cs.findbugs.SortedBugCollection.readXML(SortedBugCollection.java:370)
	at edu.umd.cs.findbugs.PrintingBugReporter.main(PrintingBugReporter.java:175)
Exception in thread "main" java.io.IOException: XML does not contain saved bug data
	at edu.umd.cs.findbugs.SortedBugCollection.checkInputStream(SortedBugCollection.java:865)
	at edu.umd.cs.findbugs.SortedBugCollection.doReadXML(SortedBugCollection.java:382)
	at edu.umd.cs.findbugs.SortedBugCollection.readXML(SortedBugCollection.java:370)
	at edu.umd.cs.findbugs.PrintingBugReporter.main(PrintingBugReporter.java:175)
