[INFO] Scanning for projects...
[INFO] ------------------------------------------------------------------------
[INFO] Detecting the operating system and CPU architecture
[INFO] ------------------------------------------------------------------------
[INFO] os.detected.name: linux
[INFO] os.detected.arch: x86_64
[INFO] os.detected.version: 3.10
[INFO] os.detected.version.major: 3
[INFO] os.detected.version.minor: 10
[INFO] os.detected.release: alpine
[INFO] os.detected.release.version: 3.8.2
[INFO] os.detected.release.like.alpine: true
[INFO] os.detected.classifier: linux-x86_64
[INFO] ------------------------------------------------------------------------
[INFO] Reactor Build Order:
[INFO] 
[INFO] Apache Hadoop HDDS                                                 [pom]
[INFO] Apache Hadoop HDDS Config                                          [jar]
[INFO] Apache Hadoop HDDS Common                                          [jar]
[INFO] Apache Hadoop HDDS Client                                          [jar]
[INFO] Apache Hadoop HDDS Server Framework                                [jar]
[INFO] Apache Hadoop HDDS Container Service                               [jar]
[INFO] Apache Hadoop HDDS/Ozone Documentation                             [jar]
[INFO] Apache Hadoop HDDS SCM Server                                      [jar]
[INFO] Apache Hadoop HDDS Tools                                           [jar]
[INFO] Downloading from apache.snapshots.https: https://repository.apache.org/content/repositories/snapshots/org/apache/rat/apache-rat-plugin/0.13/apache-rat-plugin-0.13.pom
[INFO] Downloading from central: https://repo.maven.apache.org/maven2/org/apache/rat/apache-rat-plugin/0.13/apache-rat-plugin-0.13.pom
[INFO] Downloaded from central: https://repo.maven.apache.org/maven2/org/apache/rat/apache-rat-plugin/0.13/apache-rat-plugin-0.13.pom (10 kB at 86 kB/s)
[INFO] Downloading from apache.snapshots.https: https://repository.apache.org/content/repositories/snapshots/org/apache/rat/apache-rat-project/0.13/apache-rat-project-0.13.pom
[INFO] Downloading from central: https://repo.maven.apache.org/maven2/org/apache/rat/apache-rat-project/0.13/apache-rat-project-0.13.pom
[INFO] Downloaded from central: https://repo.maven.apache.org/maven2/org/apache/rat/apache-rat-project/0.13/apache-rat-project-0.13.pom (26 kB at 748 kB/s)
[INFO] Downloading from apache.snapshots.https: https://repository.apache.org/content/repositories/snapshots/org/apache/rat/apache-rat-plugin/0.13/apache-rat-plugin-0.13.jar
[INFO] Downloading from central: https://repo.maven.apache.org/maven2/org/apache/rat/apache-rat-plugin/0.13/apache-rat-plugin-0.13.jar
[INFO] Downloaded from central: https://repo.maven.apache.org/maven2/org/apache/rat/apache-rat-plugin/0.13/apache-rat-plugin-0.13.jar (53 kB at 1.4 MB/s)
[INFO] 
[INFO] -------------------< org.apache.hadoop:hadoop-hdds >--------------------
[INFO] Building Apache Hadoop HDDS 0.5.0-SNAPSHOT                         [1/9]
[INFO] --------------------------------[ pom ]---------------------------------
[INFO] 
[INFO] --- apache-rat-plugin:0.13:check (default-cli) @ hadoop-hdds ---
[INFO] Downloading from apache.snapshots.https: https://repository.apache.org/content/repositories/snapshots/org/apache/rat/apache-rat-core/0.13/apache-rat-core-0.13.pom
[INFO] Downloading from central: https://repo.maven.apache.org/maven2/org/apache/rat/apache-rat-core/0.13/apache-rat-core-0.13.pom
[INFO] Downloaded from central: https://repo.maven.apache.org/maven2/org/apache/rat/apache-rat-core/0.13/apache-rat-core-0.13.pom (4.2 kB at 152 kB/s)
[INFO] Downloading from apache.snapshots.https: https://repository.apache.org/content/repositories/snapshots/org/apache/rat/apache-rat-api/0.13/apache-rat-api-0.13.pom
[INFO] Downloading from central: https://repo.maven.apache.org/maven2/org/apache/rat/apache-rat-api/0.13/apache-rat-api-0.13.pom
[INFO] Downloaded from central: https://repo.maven.apache.org/maven2/org/apache/rat/apache-rat-api/0.13/apache-rat-api-0.13.pom (1.9 kB at 42 kB/s)
[INFO] Downloading from apache.snapshots.https: https://repository.apache.org/content/repositories/snapshots/org/apache/rat/apache-rat-core/0.13/apache-rat-core-0.13.jar
[INFO] Downloading from apache.snapshots.https: https://repository.apache.org/content/repositories/snapshots/org/apache/rat/apache-rat-api/0.13/apache-rat-api-0.13.jar
[INFO] Downloading from central: https://repo.maven.apache.org/maven2/org/apache/rat/apache-rat-core/0.13/apache-rat-core-0.13.jar
[INFO] Downloading from central: https://repo.maven.apache.org/maven2/org/apache/rat/apache-rat-api/0.13/apache-rat-api-0.13.jar
[INFO] Downloaded from central: https://repo.maven.apache.org/maven2/org/apache/rat/apache-rat-core/0.13/apache-rat-core-0.13.jar (128 kB at 3.0 MB/s)
[INFO] Downloaded from central: https://repo.maven.apache.org/maven2/org/apache/rat/apache-rat-api/0.13/apache-rat-api-0.13.jar (11 kB at 154 kB/s)
[INFO] Enabled default license matchers.
[INFO] Will parse SCM ignores for exclusions...
[INFO] Finished adding exclusions from SCM ignore files.
[INFO] 70 implicit excludes (use -debug for more details).
[INFO] 18 explicit excludes (use -debug for more details).
[INFO] 1 resources included (use -debug for more details)
[INFO] Rat check: Summary over all files. Unapproved: 0, unknown: 0, generated: 0, approved: 1 licenses.
[INFO] 
[INFO] ----------------< org.apache.hadoop:hadoop-hdds-config >----------------
[INFO] Building Apache Hadoop HDDS Config 0.5.0-SNAPSHOT                  [2/9]
[INFO] --------------------------------[ jar ]---------------------------------
[INFO] 
[INFO] --- apache-rat-plugin:0.13:check (default-cli) @ hadoop-hdds-config ---
[INFO] Enabled default license matchers.
[INFO] Will parse SCM ignores for exclusions...
[INFO] Finished adding exclusions from SCM ignore files.
[INFO] 62 implicit excludes (use -debug for more details).
[INFO] 18 explicit excludes (use -debug for more details).
[INFO] 13 resources included (use -debug for more details)
[INFO] Rat check: Summary over all files. Unapproved: 0, unknown: 0, generated: 0, approved: 13 licenses.
[INFO] 
[INFO] ----------------< org.apache.hadoop:hadoop-hdds-common >----------------
[INFO] Building Apache Hadoop HDDS Common 0.5.0-SNAPSHOT                  [3/9]
[INFO] --------------------------------[ jar ]---------------------------------
[INFO] 
[INFO] --- apache-rat-plugin:0.13:check (default-cli) @ hadoop-hdds-common ---
[INFO] Enabled default license matchers.
[INFO] Will parse SCM ignores for exclusions...
[INFO] Finished adding exclusions from SCM ignore files.
[INFO] 62 implicit excludes (use -debug for more details).
[INFO] 18 explicit excludes (use -debug for more details).
[INFO] 315 resources included (use -debug for more details)
[INFO] Rat check: Summary over all files. Unapproved: 0, unknown: 0, generated: 0, approved: 315 licenses.
[INFO] 
[INFO] ----------------< org.apache.hadoop:hadoop-hdds-client >----------------
[INFO] Building Apache Hadoop HDDS Client 0.5.0-SNAPSHOT                  [4/9]
[INFO] --------------------------------[ jar ]---------------------------------
[INFO] 
[INFO] --- apache-rat-plugin:0.13:check (default-cli) @ hadoop-hdds-client ---
[INFO] Enabled default license matchers.
[INFO] Will parse SCM ignores for exclusions...
[INFO] Finished adding exclusions from SCM ignore files.
[INFO] 62 implicit excludes (use -debug for more details).
[INFO] 18 explicit excludes (use -debug for more details).
[INFO] 19 resources included (use -debug for more details)
[INFO] Rat check: Summary over all files. Unapproved: 0, unknown: 0, generated: 0, approved: 19 licenses.
[INFO] 
[INFO] -----------< org.apache.hadoop:hadoop-hdds-server-framework >-----------
[INFO] Building Apache Hadoop HDDS Server Framework 0.5.0-SNAPSHOT        [5/9]
[INFO] --------------------------------[ jar ]---------------------------------
[INFO] 
[INFO] --- apache-rat-plugin:0.13:check (default-cli) @ hadoop-hdds-server-framework ---
[INFO] Enabled default license matchers.
[INFO] Will parse SCM ignores for exclusions...
[INFO] Finished adding exclusions from SCM ignore files.
[INFO] 62 implicit excludes (use -debug for more details).
[INFO] 18 explicit excludes (use -debug for more details).
[INFO] 40 resources included (use -debug for more details)
[INFO] Rat check: Summary over all files. Unapproved: 0, unknown: 0, generated: 0, approved: 40 licenses.
[INFO] 
[INFO] ----------< org.apache.hadoop:hadoop-hdds-container-service >-----------
[INFO] Building Apache Hadoop HDDS Container Service 0.5.0-SNAPSHOT       [6/9]
[INFO] --------------------------------[ jar ]---------------------------------
[INFO] 
[INFO] --- apache-rat-plugin:0.13:check (default-cli) @ hadoop-hdds-container-service ---
[INFO] Enabled default license matchers.
[INFO] Will parse SCM ignores for exclusions...
[INFO] Finished adding exclusions from SCM ignore files.
[INFO] 62 implicit excludes (use -debug for more details).
[INFO] 18 explicit excludes (use -debug for more details).
[INFO] 203 resources included (use -debug for more details)
[INFO] Rat check: Summary over all files. Unapproved: 0, unknown: 0, generated: 0, approved: 203 licenses.
[INFO] 
[INFO] -----------------< org.apache.hadoop:hadoop-hdds-docs >-----------------
[INFO] Building Apache Hadoop HDDS/Ozone Documentation 0.5.0-SNAPSHOT     [7/9]
[INFO] --------------------------------[ jar ]---------------------------------
[INFO] 
[INFO] --- apache-rat-plugin:0.13:check (default-cli) @ hadoop-hdds-docs ---
[INFO] Enabled default license matchers.
[INFO] Will parse SCM ignores for exclusions...
[INFO] Finished adding exclusions from SCM ignore files.
[INFO] 62 implicit excludes (use -debug for more details).
[INFO] 9 explicit excludes (use -debug for more details).
[INFO] 81 resources included (use -debug for more details)
[INFO] Rat check: Summary over all files. Unapproved: 0, unknown: 0, generated: 0, approved: 63 licenses.
[INFO] 
[INFO] --------------< org.apache.hadoop:hadoop-hdds-server-scm >--------------
[INFO] Building Apache Hadoop HDDS SCM Server 0.5.0-SNAPSHOT              [8/9]
[INFO] --------------------------------[ jar ]---------------------------------
[INFO] 
[INFO] --- apache-rat-plugin:0.13:check (default-cli) @ hadoop-hdds-server-scm ---
[INFO] Enabled default license matchers.
[INFO] Will parse SCM ignores for exclusions...
[INFO] Finished adding exclusions from SCM ignore files.
[INFO] 62 implicit excludes (use -debug for more details).
[INFO] 18 explicit excludes (use -debug for more details).
[INFO] 197 resources included (use -debug for more details)
[INFO] Rat check: Summary over all files. Unapproved: 0, unknown: 0, generated: 0, approved: 197 licenses.
[INFO] 
[INFO] ----------------< org.apache.hadoop:hadoop-hdds-tools >-----------------
[INFO] Building Apache Hadoop HDDS Tools 0.5.0-SNAPSHOT                   [9/9]
[INFO] --------------------------------[ jar ]---------------------------------
[INFO] 
[INFO] --- apache-rat-plugin:0.13:check (default-cli) @ hadoop-hdds-tools ---
[INFO] Enabled default license matchers.
[INFO] Will parse SCM ignores for exclusions...
[INFO] Finished adding exclusions from SCM ignore files.
[INFO] 62 implicit excludes (use -debug for more details).
[INFO] 18 explicit excludes (use -debug for more details).
[INFO] 20 resources included (use -debug for more details)
[INFO] Rat check: Summary over all files. Unapproved: 0, unknown: 0, generated: 0, approved: 20 licenses.
[INFO] ------------------------------------------------------------------------
[INFO] Reactor Summary:
[INFO] 
[INFO] Apache Hadoop HDDS 0.5.0-SNAPSHOT .................. SUCCESS [  2.070 s]
[INFO] Apache Hadoop HDDS Config .......................... SUCCESS [  0.077 s]
[INFO] Apache Hadoop HDDS Common .......................... SUCCESS [  0.373 s]
[INFO] Apache Hadoop HDDS Client .......................... SUCCESS [  0.038 s]
[INFO] Apache Hadoop HDDS Server Framework ................ SUCCESS [  0.039 s]
[INFO] Apache Hadoop HDDS Container Service ............... SUCCESS [  0.149 s]
[INFO] Apache Hadoop HDDS/Ozone Documentation ............. SUCCESS [  0.067 s]
[INFO] Apache Hadoop HDDS SCM Server ...................... SUCCESS [  0.091 s]
[INFO] Apache Hadoop HDDS Tools 0.5.0-SNAPSHOT ............ SUCCESS [  0.028 s]
[INFO] ------------------------------------------------------------------------
[INFO] BUILD SUCCESS
[INFO] ------------------------------------------------------------------------
[INFO] Total time: 14.582 s
[INFO] Finished at: 2019-09-04T02:30:25Z
[INFO] ------------------------------------------------------------------------
[INFO] Scanning for projects...
[ERROR] [ERROR] Some problems were encountered while processing the POMs:
[WARNING] 'parent.relativePath' of POM org.apache.hadoop:hadoop-ozone-common:0.5.0-SNAPSHOT (/workdir/hadoop-ozone/common/pom.xml) points at org.apache.hadoop:hadoop-_ozone instead of org.apache.hadoop:hadoop-ozone, please verify your project structure @ line 20, column 11
[FATAL] Non-resolvable parent POM for org.apache.hadoop:hadoop-ozone-common:0.5.0-SNAPSHOT: Could not find artifact org.apache.hadoop:hadoop-ozone:pom:0.5.0-SNAPSHOT and 'parent.relativePath' points at wrong local POM @ line 20, column 11
[WARNING] 'parent.relativePath' of POM org.apache.hadoop:hadoop-ozone-client:0.5.0-SNAPSHOT (/workdir/hadoop-ozone/client/pom.xml) points at org.apache.hadoop:hadoop-_ozone instead of org.apache.hadoop:hadoop-ozone, please verify your project structure @ line 20, column 11
[FATAL] Non-resolvable parent POM for org.apache.hadoop:hadoop-ozone-client:0.5.0-SNAPSHOT: Could not find artifact org.apache.hadoop:hadoop-ozone:pom:0.5.0-SNAPSHOT and 'parent.relativePath' points at wrong local POM @ line 20, column 11
[WARNING] 'parent.relativePath' of POM org.apache.hadoop:hadoop-ozone-ozone-manager:0.5.0-SNAPSHOT (/workdir/hadoop-ozone/ozone-manager/pom.xml) points at org.apache.hadoop:hadoop-_ozone instead of org.apache.hadoop:hadoop-ozone, please verify your project structure @ line 20, column 11
[FATAL] Non-resolvable parent POM for org.apache.hadoop:hadoop-ozone-ozone-manager:0.5.0-SNAPSHOT: Could not find artifact org.apache.hadoop:hadoop-ozone:pom:0.5.0-SNAPSHOT and 'parent.relativePath' points at wrong local POM @ line 20, column 11
[WARNING] 'parent.relativePath' of POM org.apache.hadoop:hadoop-ozone-filesystem:0.5.0-SNAPSHOT (/workdir/hadoop-ozone/ozonefs/pom.xml) points at org.apache.hadoop:hadoop-_ozone instead of org.apache.hadoop:hadoop-ozone, please verify your project structure @ line 19, column 11
[FATAL] Non-resolvable parent POM for org.apache.hadoop:hadoop-ozone-filesystem:0.5.0-SNAPSHOT: Could not find artifact org.apache.hadoop:hadoop-ozone:pom:0.5.0-SNAPSHOT and 'parent.relativePath' points at wrong local POM @ line 19, column 11
[WARNING] 'parent.relativePath' of POM org.apache.hadoop:hadoop-ozone-filesystem-lib-current:0.5.0-SNAPSHOT (/workdir/hadoop-ozone/ozonefs-lib-current/pom.xml) points at org.apache.hadoop:hadoop-_ozone instead of org.apache.hadoop:hadoop-ozone, please verify your project structure @ line 19, column 11
[FATAL] Non-resolvable parent POM for org.apache.hadoop:hadoop-ozone-filesystem-lib-current:0.5.0-SNAPSHOT: Could not find artifact org.apache.hadoop:hadoop-ozone:pom:0.5.0-SNAPSHOT and 'parent.relativePath' points at wrong local POM @ line 19, column 11
[WARNING] 'parent.relativePath' of POM org.apache.hadoop:hadoop-ozone-filesystem-lib-legacy:0.5.0-SNAPSHOT (/workdir/hadoop-ozone/ozonefs-lib-legacy/pom.xml) points at org.apache.hadoop:hadoop-_ozone instead of org.apache.hadoop:hadoop-ozone, please verify your project structure @ line 19, column 11
[FATAL] Non-resolvable parent POM for org.apache.hadoop:hadoop-ozone-filesystem-lib-legacy:0.5.0-SNAPSHOT: Could not find artifact org.apache.hadoop:hadoop-ozone:pom:0.5.0-SNAPSHOT and 'parent.relativePath' points at wrong local POM @ line 19, column 11
[WARNING] 'parent.relativePath' of POM org.apache.hadoop:hadoop-ozone-tools:0.5.0-SNAPSHOT (/workdir/hadoop-ozone/tools/pom.xml) points at org.apache.hadoop:hadoop-_ozone instead of org.apache.hadoop:hadoop-ozone, please verify your project structure @ line 20, column 11
[FATAL] Non-resolvable parent POM for org.apache.hadoop:hadoop-ozone-tools:0.5.0-SNAPSHOT: Could not find artifact org.apache.hadoop:hadoop-ozone:pom:0.5.0-SNAPSHOT and 'parent.relativePath' points at wrong local POM @ line 20, column 11
[WARNING] 'parent.relativePath' of POM org.apache.hadoop:hadoop-ozone-integration-test:0.5.0-SNAPSHOT (/workdir/hadoop-ozone/integration-test/pom.xml) points at org.apache.hadoop:hadoop-_ozone instead of org.apache.hadoop:hadoop-ozone, please verify your project structure @ line 20, column 11
[FATAL] Non-resolvable parent POM for org.apache.hadoop:hadoop-ozone-integration-test:0.5.0-SNAPSHOT: Could not find artifact org.apache.hadoop:hadoop-ozone:pom:0.5.0-SNAPSHOT and 'parent.relativePath' points at wrong local POM @ line 20, column 11
[WARNING] 'parent.relativePath' of POM org.apache.hadoop:hadoop-ozone-objectstore-service:0.5.0-SNAPSHOT (/workdir/hadoop-ozone/objectstore-service/pom.xml) points at org.apache.hadoop:hadoop-_ozone instead of org.apache.hadoop:hadoop-ozone, please verify your project structure @ line 20, column 11
[FATAL] Non-resolvable parent POM for org.apache.hadoop:hadoop-ozone-objectstore-service:0.5.0-SNAPSHOT: Could not find artifact org.apache.hadoop:hadoop-ozone:pom:0.5.0-SNAPSHOT and 'parent.relativePath' points at wrong local POM @ line 20, column 11
[WARNING] 'parent.relativePath' of POM org.apache.hadoop:hadoop-ozone-datanode:0.5.0-SNAPSHOT (/workdir/hadoop-ozone/datanode/pom.xml) points at org.apache.hadoop:hadoop-_ozone instead of org.apache.hadoop:hadoop-ozone, please verify your project structure @ line 19, column 11
[FATAL] Non-resolvable parent POM for org.apache.hadoop:hadoop-ozone-datanode:0.5.0-SNAPSHOT: Could not find artifact org.apache.hadoop:hadoop-ozone:pom:0.5.0-SNAPSHOT and 'parent.relativePath' points at wrong local POM @ line 19, column 11
[WARNING] 'parent.relativePath' of POM org.apache.hadoop:hadoop-ozone-s3gateway:0.5.0-SNAPSHOT (/workdir/hadoop-ozone/s3gateway/pom.xml) points at org.apache.hadoop:hadoop-_ozone instead of org.apache.hadoop:hadoop-ozone, please verify your project structure @ line 19, column 11
[FATAL] Non-resolvable parent POM for org.apache.hadoop:hadoop-ozone-s3gateway:0.5.0-SNAPSHOT: Could not find artifact org.apache.hadoop:hadoop-ozone:pom:0.5.0-SNAPSHOT and 'parent.relativePath' points at wrong local POM @ line 19, column 11
[WARNING] 'parent.relativePath' of POM org.apache.hadoop:hadoop-ozone-dist:0.5.0-SNAPSHOT (/workdir/hadoop-ozone/dist/pom.xml) points at org.apache.hadoop:hadoop-_ozone instead of org.apache.hadoop:hadoop-ozone, please verify your project structure @ line 19, column 11
[FATAL] Non-resolvable parent POM for org.apache.hadoop:hadoop-ozone-dist:0.5.0-SNAPSHOT: Could not find artifact org.apache.hadoop:hadoop-ozone:pom:0.5.0-SNAPSHOT and 'parent.relativePath' points at wrong local POM @ line 19, column 11
[WARNING] 'parent.relativePath' of POM org.apache.hadoop:hadoop-ozone-recon:[unknown-version] (/workdir/hadoop-ozone/ozone-recon/pom.xml) points at org.apache.hadoop:hadoop-_ozone instead of org.apache.hadoop:hadoop-ozone, please verify your project structure @ line 18, column 11
[FATAL] Non-resolvable parent POM for org.apache.hadoop:hadoop-ozone-recon:[unknown-version]: Could not find artifact org.apache.hadoop:hadoop-ozone:pom:0.5.0-SNAPSHOT and 'parent.relativePath' points at wrong local POM @ line 18, column 11
[WARNING] 'parent.relativePath' of POM org.apache.hadoop:hadoop-ozone-reconcodegen:[unknown-version] (/workdir/hadoop-ozone/ozone-recon-codegen/pom.xml) points at org.apache.hadoop:hadoop-_ozone instead of org.apache.hadoop:hadoop-ozone, please verify your project structure @ line 18, column 11
[FATAL] Non-resolvable parent POM for org.apache.hadoop:hadoop-ozone-reconcodegen:[unknown-version]: Could not find artifact org.apache.hadoop:hadoop-ozone:pom:0.5.0-SNAPSHOT and 'parent.relativePath' points at wrong local POM @ line 18, column 11
[WARNING] 'parent.relativePath' of POM org.apache.hadoop:hadoop-ozone-upgrade:0.5.0-SNAPSHOT (/workdir/hadoop-ozone/upgrade/pom.xml) points at org.apache.hadoop:hadoop-_ozone instead of org.apache.hadoop:hadoop-ozone, please verify your project structure @ line 20, column 11
[FATAL] Non-resolvable parent POM for org.apache.hadoop:hadoop-ozone-upgrade:0.5.0-SNAPSHOT: Could not find artifact org.apache.hadoop:hadoop-ozone:pom:0.5.0-SNAPSHOT and 'parent.relativePath' points at wrong local POM @ line 20, column 11
[WARNING] 'parent.relativePath' of POM org.apache.hadoop:hadoop-ozone-csi:0.5.0-SNAPSHOT (/workdir/hadoop-ozone/csi/pom.xml) points at org.apache.hadoop:hadoop-_ozone instead of org.apache.hadoop:hadoop-ozone, please verify your project structure @ line 20, column 11
[FATAL] Non-resolvable parent POM for org.apache.hadoop:hadoop-ozone-csi:0.5.0-SNAPSHOT: Could not find artifact org.apache.hadoop:hadoop-ozone:pom:0.5.0-SNAPSHOT and 'parent.relativePath' points at wrong local POM @ line 20, column 11
[WARNING] 'parent.relativePath' of POM org.apache.hadoop:hadoop-ozone-fault-injection-test:0.5.0-SNAPSHOT (/workdir/hadoop-ozone/fault-injection-test/pom.xml) points at org.apache.hadoop:hadoop-_ozone instead of org.apache.hadoop:hadoop-ozone, please verify your project structure @ line 20, column 11
[FATAL] Non-resolvable parent POM for org.apache.hadoop:hadoop-ozone-fault-injection-test:0.5.0-SNAPSHOT: Could not find artifact org.apache.hadoop:hadoop-ozone:pom:0.5.0-SNAPSHOT and 'parent.relativePath' points at wrong local POM @ line 20, column 11
 @ 
[ERROR] The build could not read 17 projects -> [Help 1]
[ERROR]   
[ERROR]   The project org.apache.hadoop:hadoop-ozone-common:0.5.0-SNAPSHOT (/workdir/hadoop-ozone/common/pom.xml) has 1 error
[ERROR]     Non-resolvable parent POM for org.apache.hadoop:hadoop-ozone-common:0.5.0-SNAPSHOT: Could not find artifact org.apache.hadoop:hadoop-ozone:pom:0.5.0-SNAPSHOT and 'parent.relativePath' points at wrong local POM @ line 20, column 11 -> [Help 2]
[ERROR]   
[ERROR]   The project org.apache.hadoop:hadoop-ozone-client:0.5.0-SNAPSHOT (/workdir/hadoop-ozone/client/pom.xml) has 1 error
[ERROR]     Non-resolvable parent POM for org.apache.hadoop:hadoop-ozone-client:0.5.0-SNAPSHOT: Could not find artifact org.apache.hadoop:hadoop-ozone:pom:0.5.0-SNAPSHOT and 'parent.relativePath' points at wrong local POM @ line 20, column 11 -> [Help 2]
[ERROR]   
[ERROR]   The project org.apache.hadoop:hadoop-ozone-ozone-manager:0.5.0-SNAPSHOT (/workdir/hadoop-ozone/ozone-manager/pom.xml) has 1 error
[ERROR]     Non-resolvable parent POM for org.apache.hadoop:hadoop-ozone-ozone-manager:0.5.0-SNAPSHOT: Could not find artifact org.apache.hadoop:hadoop-ozone:pom:0.5.0-SNAPSHOT and 'parent.relativePath' points at wrong local POM @ line 20, column 11 -> [Help 2]
[ERROR]   
[ERROR]   The project org.apache.hadoop:hadoop-ozone-filesystem:0.5.0-SNAPSHOT (/workdir/hadoop-ozone/ozonefs/pom.xml) has 1 error
[ERROR]     Non-resolvable parent POM for org.apache.hadoop:hadoop-ozone-filesystem:0.5.0-SNAPSHOT: Could not find artifact org.apache.hadoop:hadoop-ozone:pom:0.5.0-SNAPSHOT and 'parent.relativePath' points at wrong local POM @ line 19, column 11 -> [Help 2]
[ERROR]   
[ERROR]   The project org.apache.hadoop:hadoop-ozone-filesystem-lib-current:0.5.0-SNAPSHOT (/workdir/hadoop-ozone/ozonefs-lib-current/pom.xml) has 1 error
[ERROR]     Non-resolvable parent POM for org.apache.hadoop:hadoop-ozone-filesystem-lib-current:0.5.0-SNAPSHOT: Could not find artifact org.apache.hadoop:hadoop-ozone:pom:0.5.0-SNAPSHOT and 'parent.relativePath' points at wrong local POM @ line 19, column 11 -> [Help 2]
[ERROR]   
[ERROR]   The project org.apache.hadoop:hadoop-ozone-filesystem-lib-legacy:0.5.0-SNAPSHOT (/workdir/hadoop-ozone/ozonefs-lib-legacy/pom.xml) has 1 error
[ERROR]     Non-resolvable parent POM for org.apache.hadoop:hadoop-ozone-filesystem-lib-legacy:0.5.0-SNAPSHOT: Could not find artifact org.apache.hadoop:hadoop-ozone:pom:0.5.0-SNAPSHOT and 'parent.relativePath' points at wrong local POM @ line 19, column 11 -> [Help 2]
[ERROR]   
[ERROR]   The project org.apache.hadoop:hadoop-ozone-tools:0.5.0-SNAPSHOT (/workdir/hadoop-ozone/tools/pom.xml) has 1 error
[ERROR]     Non-resolvable parent POM for org.apache.hadoop:hadoop-ozone-tools:0.5.0-SNAPSHOT: Could not find artifact org.apache.hadoop:hadoop-ozone:pom:0.5.0-SNAPSHOT and 'parent.relativePath' points at wrong local POM @ line 20, column 11 -> [Help 2]
[ERROR]   
[ERROR]   The project org.apache.hadoop:hadoop-ozone-integration-test:0.5.0-SNAPSHOT (/workdir/hadoop-ozone/integration-test/pom.xml) has 1 error
[ERROR]     Non-resolvable parent POM for org.apache.hadoop:hadoop-ozone-integration-test:0.5.0-SNAPSHOT: Could not find artifact org.apache.hadoop:hadoop-ozone:pom:0.5.0-SNAPSHOT and 'parent.relativePath' points at wrong local POM @ line 20, column 11 -> [Help 2]
[ERROR]   
[ERROR]   The project org.apache.hadoop:hadoop-ozone-objectstore-service:0.5.0-SNAPSHOT (/workdir/hadoop-ozone/objectstore-service/pom.xml) has 1 error
[ERROR]     Non-resolvable parent POM for org.apache.hadoop:hadoop-ozone-objectstore-service:0.5.0-SNAPSHOT: Could not find artifact org.apache.hadoop:hadoop-ozone:pom:0.5.0-SNAPSHOT and 'parent.relativePath' points at wrong local POM @ line 20, column 11 -> [Help 2]
[ERROR]   
[ERROR]   The project org.apache.hadoop:hadoop-ozone-datanode:0.5.0-SNAPSHOT (/workdir/hadoop-ozone/datanode/pom.xml) has 1 error
[ERROR]     Non-resolvable parent POM for org.apache.hadoop:hadoop-ozone-datanode:0.5.0-SNAPSHOT: Could not find artifact org.apache.hadoop:hadoop-ozone:pom:0.5.0-SNAPSHOT and 'parent.relativePath' points at wrong local POM @ line 19, column 11 -> [Help 2]
[ERROR]   
[ERROR]   The project org.apache.hadoop:hadoop-ozone-s3gateway:0.5.0-SNAPSHOT (/workdir/hadoop-ozone/s3gateway/pom.xml) has 1 error
[ERROR]     Non-resolvable parent POM for org.apache.hadoop:hadoop-ozone-s3gateway:0.5.0-SNAPSHOT: Could not find artifact org.apache.hadoop:hadoop-ozone:pom:0.5.0-SNAPSHOT and 'parent.relativePath' points at wrong local POM @ line 19, column 11 -> [Help 2]
[ERROR]   
[ERROR]   The project org.apache.hadoop:hadoop-ozone-dist:0.5.0-SNAPSHOT (/workdir/hadoop-ozone/dist/pom.xml) has 1 error
[ERROR]     Non-resolvable parent POM for org.apache.hadoop:hadoop-ozone-dist:0.5.0-SNAPSHOT: Could not find artifact org.apache.hadoop:hadoop-ozone:pom:0.5.0-SNAPSHOT and 'parent.relativePath' points at wrong local POM @ line 19, column 11 -> [Help 2]
[ERROR]   
[ERROR]   The project org.apache.hadoop:hadoop-ozone-recon:[unknown-version] (/workdir/hadoop-ozone/ozone-recon/pom.xml) has 1 error
[ERROR]     Non-resolvable parent POM for org.apache.hadoop:hadoop-ozone-recon:[unknown-version]: Could not find artifact org.apache.hadoop:hadoop-ozone:pom:0.5.0-SNAPSHOT and 'parent.relativePath' points at wrong local POM @ line 18, column 11 -> [Help 2]
[ERROR]   
[ERROR]   The project org.apache.hadoop:hadoop-ozone-reconcodegen:[unknown-version] (/workdir/hadoop-ozone/ozone-recon-codegen/pom.xml) has 1 error
[ERROR]     Non-resolvable parent POM for org.apache.hadoop:hadoop-ozone-reconcodegen:[unknown-version]: Could not find artifact org.apache.hadoop:hadoop-ozone:pom:0.5.0-SNAPSHOT and 'parent.relativePath' points at wrong local POM @ line 18, column 11 -> [Help 2]
[ERROR]   
[ERROR]   The project org.apache.hadoop:hadoop-ozone-upgrade:0.5.0-SNAPSHOT (/workdir/hadoop-ozone/upgrade/pom.xml) has 1 error
[ERROR]     Non-resolvable parent POM for org.apache.hadoop:hadoop-ozone-upgrade:0.5.0-SNAPSHOT: Could not find artifact org.apache.hadoop:hadoop-ozone:pom:0.5.0-SNAPSHOT and 'parent.relativePath' points at wrong local POM @ line 20, column 11 -> [Help 2]
[ERROR]   
[ERROR]   The project org.apache.hadoop:hadoop-ozone-csi:0.5.0-SNAPSHOT (/workdir/hadoop-ozone/csi/pom.xml) has 1 error
[ERROR]     Non-resolvable parent POM for org.apache.hadoop:hadoop-ozone-csi:0.5.0-SNAPSHOT: Could not find artifact org.apache.hadoop:hadoop-ozone:pom:0.5.0-SNAPSHOT and 'parent.relativePath' points at wrong local POM @ line 20, column 11 -> [Help 2]
[ERROR]   
[ERROR]   The project org.apache.hadoop:hadoop-ozone-fault-injection-test:0.5.0-SNAPSHOT (/workdir/hadoop-ozone/fault-injection-test/pom.xml) has 1 error
[ERROR]     Non-resolvable parent POM for org.apache.hadoop:hadoop-ozone-fault-injection-test:0.5.0-SNAPSHOT: Could not find artifact org.apache.hadoop:hadoop-ozone:pom:0.5.0-SNAPSHOT and 'parent.relativePath' points at wrong local POM @ line 20, column 11 -> [Help 2]
[ERROR] 
[ERROR] To see the full stack trace of the errors, re-run Maven with the -e switch.
[ERROR] Re-run Maven using the -X switch to enable full debug logging.
[ERROR] 
[ERROR] For more information about the errors and possible solutions, please read the following articles:
[ERROR] [Help 1] http://cwiki.apache.org/confluence/display/MAVEN/ProjectBuildingException
[ERROR] [Help 2] http://cwiki.apache.org/confluence/display/MAVEN/UnresolvableModelException
[INFO] Build failures were ignored.
