+ NAMESPACE=ozone-daily
+ echo 'Delete existing resources'
Delete existing resources
+ kubectl delete statefulset --all --namespace ozone-daily
statefulset.apps "datanode" deleted
statefulset.apps "jaeger" deleted
statefulset.apps "om" deleted
statefulset.apps "s3g" deleted
statefulset.apps "scm" deleted
+ kubectl delete daemonset --all --namespace ozone-daily
No resources found
+ kubectl delete deployment --all --namespace ozone-daily
deployment.extensions "prometheus" deleted
+ kubectl delete service --all --namespace ozone-daily
service "datanode" deleted
service "datanode-public" deleted
service "jaeger" deleted
service "jaeger-public" deleted
service "om" deleted
service "om-public" deleted
service "prometheus" deleted
service "s3g" deleted
service "s3g-public" deleted
service "scm" deleted
service "scm-public" deleted
+ kubectl delete configmap --all --namespace ozone-daily
configmap "config" deleted
configmap "prometheusconf" deleted
+ kubectl delete secret --all --namespace ozone-daily
secret "default-token-6qgdb" deleted
secret "prometheus-operator-token-7pwz9" deleted
+ kubectl delete pod --all --namespace ozone-daily
pod "datanode-0" deleted
pod "datanode-1" deleted
pod "datanode-2" deleted
pod "jaeger-0" deleted
pod "om-0" deleted
pod "prometheus-6f8569bdcc-r5jpx" deleted
pod "s3g-0" deleted
pod "scm-0" deleted
+ sleep 60
+ sudo wget https://os.anzix.net/flekszible -O /usr/local/bin/flekszible
--2019-08-23 00:13:47--  https://os.anzix.net/flekszible
Resolving os.anzix.net... 95.216.65.49
Connecting to os.anzix.net|95.216.65.49|:443... connected.
HTTP request sent, awaiting response... 200 OK
Length: 18677882 (18M)
Saving to: '/usr/local/bin/flekszible'

     0K .......... .......... .......... .......... ..........  0%  146K 2m4s
    50K .......... .......... .......... .......... ..........  0%  294K 93s
   100K .......... .......... .......... .......... ..........  0% 56.6M 62s
   150K .......... .......... .......... .......... ..........  1%  295K 62s
   200K .......... .......... .......... .......... ..........  1% 19.6M 49s
   250K .......... .......... .......... .......... ..........  1% 77.7M 41s
   300K .......... .......... .......... .......... ..........  1% 75.4M 35s
   350K .......... .......... .......... .......... ..........  2%  301K 38s
   400K .......... .......... .......... .......... ..........  2% 30.9M 34s
   450K .......... .......... .......... .......... ..........  2% 36.1M 30s
   500K .......... .......... .......... .......... ..........  3% 35.6M 28s
   550K .......... .......... .......... .......... ..........  3% 50.2M 25s
   600K .......... .......... .......... .......... ..........  3% 60.3M 23s
   650K .......... .......... .......... .......... ..........  3% 62.1M 22s
   700K .......... .......... .......... .......... ..........  4% 66.6M 20s
   750K .......... .......... .......... .......... ..........  4%  301K 22s
   800K .......... .......... .......... .......... ..........  4% 16.3M 21s
   850K .......... .......... .......... .......... ..........  4% 40.2M 20s
   900K .......... .......... .......... .......... ..........  5% 42.3M 19s
   950K .......... .......... .......... .......... ..........  5% 55.9M 18s
  1000K .......... .......... .......... .......... ..........  5% 57.1M 17s
  1050K .......... .......... .......... .......... ..........  6% 69.7M 16s
  1100K .......... .......... .......... .......... ..........  6% 68.5M 15s
  1150K .......... .......... .......... .......... ..........  6% 69.7M 15s
  1200K .......... .......... .......... .......... ..........  6% 55.1M 14s
  1250K .......... .......... .......... .......... ..........  7% 70.5M 14s
  1300K .......... .......... .......... .......... ..........  7% 69.5M 13s
  1350K .......... .......... .......... .......... ..........  7% 67.3M 12s
  1400K .......... .......... .......... .......... ..........  7% 64.5M 12s
  1450K .......... .......... .......... .......... ..........  8%  321K 13s
  1500K .......... .......... .......... .......... ..........  8% 13.8M 13s
  1550K .......... .......... .......... .......... ..........  8% 37.1M 12s
  1600K .......... .......... .......... .......... ..........  9% 33.6M 12s
  1650K .......... .......... .......... .......... ..........  9% 39.5M 12s
  1700K .......... .......... .......... .......... ..........  9% 43.0M 11s
  1750K .......... .......... .......... .......... ..........  9% 38.9M 11s
  1800K .......... .......... .......... .......... .......... 10% 40.3M 11s
  1850K .......... .......... .......... .......... .......... 10% 42.7M 10s
  1900K .......... .......... .......... .......... .......... 10% 38.8M 10s
  1950K .......... .......... .......... .......... .......... 10% 38.8M 10s
  2000K .......... .......... .......... .......... .......... 11% 29.0M 10s
  2050K .......... .......... .......... .......... .......... 11% 37.6M 9s
  2100K .......... .......... .......... .......... .......... 11% 39.0M 9s
  2150K .......... .......... .......... .......... .......... 12% 39.7M 9s
  2200K .......... .......... .......... .......... .......... 12% 62.2M 9s
  2250K .......... .......... .......... .......... .......... 12% 74.2M 8s
  2300K .......... .......... .......... .......... .......... 12% 74.8M 8s
  2350K .......... .......... .......... .......... .......... 13% 75.1M 8s
  2400K .......... .......... .......... .......... .......... 13% 58.7M 8s
  2450K .......... .......... .......... .......... .......... 13% 75.6M 8s
  2500K .......... .......... .......... .......... .......... 13% 74.1M 8s
  2550K .......... .......... .......... .......... .......... 14% 74.8M 7s
  2600K .......... .......... .......... .......... .......... 14% 71.3M 7s
  2650K .......... .......... .......... .......... .......... 14% 75.8M 7s
  2700K .......... .......... .......... .......... .......... 15%  351K 8s
  2750K .......... .......... .......... .......... .......... 15% 37.0M 8s
  2800K .......... .......... .......... .......... .......... 15% 25.9M 7s
  2850K .......... .......... .......... .......... .......... 15% 35.2M 7s
  2900K .......... .......... .......... .......... .......... 16% 33.7M 7s
  2950K .......... .......... .......... .......... .......... 16% 35.2M 7s
  3000K .......... .......... .......... .......... .......... 16% 32.0M 7s
  3050K .......... .......... .......... .......... .......... 16% 38.0M 7s
  3100K .......... .......... .......... .......... .......... 17% 37.1M 7s
  3150K .......... .......... .......... .......... .......... 17% 28.6M 6s
  3200K .......... .......... .......... .......... .......... 17% 16.5M 6s
  3250K .......... .......... .......... .......... .......... 18% 24.3M 6s
  3300K .......... .......... .......... .......... .......... 18% 23.8M 6s
  3350K .......... .......... .......... .......... .......... 18% 37.7M 6s
  3400K .......... .......... .......... .......... .......... 18% 39.7M 6s
  3450K .......... .......... .......... .......... .......... 19% 41.3M 6s
  3500K .......... .......... .......... .......... .......... 19% 40.1M 6s
  3550K .......... .......... .......... .......... .......... 19% 41.4M 6s
  3600K .......... .......... .......... .......... .......... 20% 32.5M 6s
  3650K .......... .......... .......... .......... .......... 20% 40.8M 5s
  3700K .......... .......... .......... .......... .......... 20% 40.5M 5s
  3750K .......... .......... .......... .......... .......... 20% 42.0M 5s
  3800K .......... .......... .......... .......... .......... 21% 42.3M 5s
  3850K .......... .......... .......... .......... .......... 21% 44.6M 5s
  3900K .......... .......... .......... .......... .......... 21% 45.0M 5s
  3950K .......... .......... .......... .......... .......... 21% 45.9M 5s
  4000K .......... .......... .......... .......... .......... 22% 35.4M 5s
  4050K .......... .......... .......... .......... .......... 22% 46.4M 5s
  4100K .......... .......... .......... .......... .......... 22% 45.1M 5s
  4150K .......... .......... .......... .......... .......... 23% 44.9M 5s
  4200K .......... .......... .......... .......... .......... 23% 44.2M 5s
  4250K .......... .......... .......... .......... .......... 23% 48.0M 5s
  4300K .......... .......... .......... .......... .......... 23% 50.2M 4s
  4350K .......... .......... .......... .......... .......... 24% 49.1M 4s
  4400K .......... .......... .......... .......... .......... 24% 39.4M 4s
  4450K .......... .......... .......... .......... .......... 24% 50.4M 4s
  4500K .......... .......... .......... .......... .......... 24% 55.6M 4s
  4550K .......... .......... .......... .......... .......... 25% 82.1M 4s
  4600K .......... .......... .......... .......... .......... 25% 76.8M 4s
  4650K .......... .......... .......... .......... .......... 25% 79.5M 4s
  4700K .......... .......... .......... .......... .......... 26% 81.3M 4s
  4750K .......... .......... .......... .......... .......... 26% 83.5M 4s
  4800K .......... .......... .......... .......... .......... 26% 67.7M 4s
  4850K .......... .......... .......... .......... .......... 26% 85.1M 4s
  4900K .......... .......... .......... .......... .......... 27% 86.4M 4s
  4950K .......... .......... .......... .......... .......... 27% 83.3M 4s
  5000K .......... .......... .......... .......... .......... 27% 82.1M 4s
  5050K .......... .......... .......... .......... .......... 27% 90.5M 4s
  5100K .......... .......... .......... .......... .......... 28% 88.9M 4s
  5150K .......... .......... .......... .......... .......... 28% 92.3M 4s
  5200K .......... .......... .......... .......... .......... 28% 70.7M 4s
  5250K .......... .......... .......... .......... .......... 29% 91.5M 3s
  5300K .......... .......... .......... .......... .......... 29% 88.3M 3s
  5350K .......... .......... .......... .......... .......... 29% 92.2M 3s
  5400K .......... .......... .......... .......... .......... 29%  439K 4s
  5450K .......... .......... .......... .......... .......... 30% 30.2M 4s
  5500K .......... .......... .......... .......... .......... 30% 33.1M 4s
  5550K .......... .......... .......... .......... .......... 30% 28.3M 3s
  5600K .......... .......... .......... .......... .......... 30% 25.1M 3s
  5650K .......... .......... .......... .......... .......... 31% 47.8M 3s
  5700K .......... .......... .......... .......... .......... 31% 41.2M 3s
  5750K .......... .......... .......... .......... .......... 31% 50.0M 3s
  5800K .......... .......... .......... .......... .......... 32% 48.5M 3s
  5850K .......... .......... .......... .......... .......... 32% 52.0M 3s
  5900K .......... .......... .......... .......... .......... 32% 49.7M 3s
  5950K .......... .......... .......... .......... .......... 32% 54.9M 3s
  6000K .......... .......... .......... .......... .......... 33% 50.1M 3s
  6050K .......... .......... .......... .......... .......... 33% 67.3M 3s
  6100K .......... .......... .......... .......... .......... 33% 63.1M 3s
  6150K .......... .......... .......... .......... .......... 33% 56.6M 3s
  6200K .......... .......... .......... .......... .......... 34% 51.4M 3s
  6250K .......... .......... .......... .......... .......... 34% 56.4M 3s
  6300K .......... .......... .......... .......... .......... 34% 64.0M 3s
  6350K .......... .......... .......... .......... .......... 35% 56.2M 3s
  6400K .......... .......... .......... .......... .......... 35% 48.6M 3s
  6450K .......... .......... .......... .......... .......... 35% 59.6M 3s
  6500K .......... .......... .......... .......... .......... 35% 57.9M 3s
  6550K .......... .......... .......... .......... .......... 36% 59.7M 3s
  6600K .......... .......... .......... .......... .......... 36% 58.2M 3s
  6650K .......... .......... .......... .......... .......... 36% 61.6M 3s
  6700K .......... .......... .......... .......... .......... 37% 69.0M 3s
  6750K .......... .......... .......... .......... .......... 37% 66.4M 3s
  6800K .......... .......... .......... .......... .......... 37% 50.2M 3s
  6850K .......... .......... .......... .......... .......... 37% 70.2M 3s
  6900K .......... .......... .......... .......... .......... 38% 69.5M 3s
  6950K .......... .......... .......... .......... .......... 38% 66.3M 3s
  7000K .......... .......... .......... .......... .......... 38% 69.0M 2s
  7050K .......... .......... .......... .......... .......... 38% 70.4M 2s
  7100K .......... .......... .......... .......... .......... 39% 48.6M 2s
  7150K .......... .......... .......... .......... .......... 39% 34.4M 2s
  7200K .......... .......... .......... .......... .......... 39% 26.5M 2s
  7250K .......... .......... .......... .......... .......... 40% 33.9M 2s
  7300K .......... .......... .......... .......... .......... 40% 36.2M 2s
  7350K .......... .......... .......... .......... .......... 40% 29.9M 2s
  7400K .......... .......... .......... .......... .......... 40% 47.8M 2s
  7450K .......... .......... .......... .......... .......... 41% 53.9M 2s
  7500K .......... .......... .......... .......... .......... 41% 81.1M 2s
  7550K .......... .......... .......... .......... .......... 41% 62.7M 2s
  7600K .......... .......... .......... .......... .......... 41% 45.3M 2s
  7650K .......... .......... .......... .......... .......... 42% 79.4M 2s
  7700K .......... .......... .......... .......... .......... 42% 60.9M 2s
  7750K .......... .......... .......... .......... .......... 42% 59.1M 2s
  7800K .......... .......... .......... .......... .......... 43% 77.3M 2s
  7850K .......... .......... .......... .......... .......... 43%  404K 2s
  7900K .......... .......... .......... .......... .......... 43% 16.2M 2s
  7950K .......... .......... .......... .......... .......... 43% 33.3M 2s
  8000K .......... .......... .......... .......... .......... 44% 29.7M 2s
  8050K .......... .......... .......... .......... .......... 44% 37.0M 2s
  8100K .......... .......... .......... .......... .......... 44% 37.3M 2s
  8150K .......... .......... .......... .......... .......... 44% 37.5M 2s
  8200K .......... .......... .......... .......... .......... 45% 36.6M 2s
  8250K .......... .......... .......... .......... .......... 45% 37.7M 2s
  8300K .......... .......... .......... .......... .......... 45% 37.2M 2s
  8350K .......... .......... .......... .......... .......... 46% 37.9M 2s
  8400K .......... .......... .......... .......... .......... 46% 32.9M 2s
  8450K .......... .......... .......... .......... .......... 46% 39.9M 2s
  8500K .......... .......... .......... .......... .......... 46% 40.8M 2s
  8550K .......... .......... .......... .......... .......... 47% 41.2M 2s
  8600K .......... .......... .......... .......... .......... 47% 38.7M 2s
  8650K .......... .......... .......... .......... .......... 47% 40.9M 2s
  8700K .......... .......... .......... .......... .......... 47% 39.5M 2s
  8750K .......... .......... .......... .......... .......... 48% 38.7M 2s
  8800K .......... .......... .......... .......... .......... 48% 31.5M 2s
  8850K .......... .......... .......... .......... .......... 48% 42.2M 2s
  8900K .......... .......... .......... .......... .......... 49% 45.2M 2s
  8950K .......... .......... .......... .......... .......... 49% 42.3M 2s
  9000K .......... .......... .......... .......... .......... 49% 42.1M 2s
  9050K .......... .......... .......... .......... .......... 49% 43.0M 2s
  9100K .......... .......... .......... .......... .......... 50% 41.5M 2s
  9150K .......... .......... .......... .......... .......... 50% 43.9M 2s
  9200K .......... .......... .......... .......... .......... 50% 33.6M 2s
  9250K .......... .......... .......... .......... .......... 50% 40.9M 2s
  9300K .......... .......... .......... .......... .......... 51% 46.1M 2s
  9350K .......... .......... .......... .......... .......... 51% 45.7M 2s
  9400K .......... .......... .......... .......... .......... 51% 42.8M 2s
  9450K .......... .......... .......... .......... .......... 52% 55.1M 2s
  9500K .......... .......... .......... .......... .......... 52% 72.9M 2s
  9550K .......... .......... .......... .......... .......... 52% 46.5M 2s
  9600K .......... .......... .......... .......... .......... 52% 40.3M 2s
  9650K .......... .......... .......... .......... .......... 53% 50.9M 2s
  9700K .......... .......... .......... .......... .......... 53% 44.9M 2s
  9750K .......... .......... .......... .......... .......... 53% 71.1M 2s
  9800K .......... .......... .......... .......... .......... 54% 78.0M 1s
  9850K .......... .......... .......... .......... .......... 54% 87.3M 1s
  9900K .......... .......... .......... .......... .......... 54% 84.8M 1s
  9950K .......... .......... .......... .......... .......... 54% 90.9M 1s
 10000K .......... .......... .......... .......... .......... 55% 70.4M 1s
 10050K .......... .......... .......... .......... .......... 55% 90.4M 1s
 10100K .......... .......... .......... .......... .......... 55% 88.4M 1s
 10150K .......... .......... .......... .......... .......... 55% 87.9M 1s
 10200K .......... .......... .......... .......... .......... 56% 85.6M 1s
 10250K .......... .......... .......... .......... .......... 56% 88.1M 1s
 10300K .......... .......... .......... .......... .......... 56% 89.3M 1s
 10350K .......... .......... .......... .......... .......... 57% 89.9M 1s
 10400K .......... .......... .......... .......... .......... 57% 71.7M 1s
 10450K .......... .......... .......... .......... .......... 57% 90.1M 1s
 10500K .......... .......... .......... .......... .......... 57% 90.0M 1s
 10550K .......... .......... .......... .......... .......... 58% 90.2M 1s
 10600K .......... .......... .......... .......... .......... 58% 84.8M 1s
 10650K .......... .......... .......... .......... .......... 58% 80.3M 1s
 10700K .......... .......... .......... .......... .......... 58% 88.1M 1s
 10750K .......... .......... .......... .......... .......... 59% 95.8M 1s
 10800K .......... .......... .......... .......... .......... 59%  459K 1s
 10850K .......... .......... .......... .......... .......... 59% 27.1M 1s
 10900K .......... .......... .......... .......... .......... 60% 9.18M 1s
 10950K .......... .......... .......... .......... .......... 60% 12.6M 1s
 11000K .......... .......... .......... .......... .......... 60% 40.5M 1s
 11050K .......... .......... .......... .......... .......... 60% 63.4M 1s
 11100K .......... .......... .......... .......... .......... 61% 40.1M 1s
 11150K .......... .......... .......... .......... .......... 61% 54.2M 1s
 11200K .......... .......... .......... .......... .......... 61% 27.7M 1s
 11250K .......... .......... .......... .......... .......... 61% 39.5M 1s
 11300K .......... .......... .......... .......... .......... 62% 47.5M 1s
 11350K .......... .......... .......... .......... .......... 62% 47.0M 1s
 11400K .......... .......... .......... .......... .......... 62% 41.4M 1s
 11450K .......... .......... .......... .......... .......... 63% 39.7M 1s
 11500K .......... .......... .......... .......... .......... 63% 47.1M 1s
 11550K .......... .......... .......... .......... .......... 63% 60.6M 1s
 11600K .......... .......... .......... .......... .......... 63% 37.6M 1s
 11650K .......... .......... .......... .......... .......... 64% 43.9M 1s
 11700K .......... .......... .......... .......... .......... 64% 55.1M 1s
 11750K .......... .......... .......... .......... .......... 64% 48.1M 1s
 11800K .......... .......... .......... .......... .......... 64% 38.3M 1s
 11850K .......... .......... .......... .......... .......... 65% 54.9M 1s
 11900K .......... .......... .......... .......... .......... 65% 53.2M 1s
 11950K .......... .......... .......... .......... .......... 65% 43.7M 1s
 12000K .......... .......... .......... .......... .......... 66% 35.9M 1s
 12050K .......... .......... .......... .......... .......... 66% 65.9M 1s
 12100K .......... .......... .......... .......... .......... 66% 47.8M 1s
 12150K .......... .......... .......... .......... .......... 66% 48.3M 1s
 12200K .......... .......... .......... .......... .......... 67% 41.3M 1s
 12250K .......... .......... .......... .......... .......... 67% 47.5M 1s
 12300K .......... .......... .......... .......... .......... 67% 58.0M 1s
 12350K .......... .......... .......... .......... .......... 67% 44.0M 1s
 12400K .......... .......... .......... .......... .......... 68% 38.2M 1s
 12450K .......... .......... .......... .......... .......... 68% 47.3M 1s
 12500K .......... .......... .......... .......... .......... 68% 49.1M 1s
 12550K .......... .......... .......... .......... .......... 69% 67.1M 1s
 12600K .......... .......... .......... .......... .......... 69% 42.8M 1s
 12650K .......... .......... .......... .......... .......... 69% 80.4M 1s
 12700K .......... .......... .......... .......... .......... 69% 56.9M 1s
 12750K .......... .......... .......... .......... .......... 70% 65.4M 1s
 12800K .......... .......... .......... .......... .......... 70% 39.6M 1s
 12850K .......... .......... .......... .......... .......... 70% 56.6M 1s
 12900K .......... .......... .......... .......... .......... 70% 90.0M 1s
 12950K .......... .......... .......... .......... .......... 71% 88.4M 1s
 13000K .......... .......... .......... .......... .......... 71% 84.6M 1s
 13050K .......... .......... .......... .......... .......... 71% 91.1M 1s
 13100K .......... .......... .......... .......... .......... 72%  426K 1s
 13150K .......... .......... .......... .......... .......... 72% 22.6M 1s
 13200K .......... .......... .......... .......... .......... 72% 23.2M 1s
 13250K .......... .......... .......... .......... .......... 72% 29.1M 1s
 13300K .......... .......... .......... .......... .......... 73% 41.4M 1s
 13350K .......... .......... .......... .......... .......... 73% 34.9M 1s
 13400K .......... .......... .......... .......... .......... 73% 40.3M 1s
 13450K .......... .......... .......... .......... .......... 74% 54.1M 1s
 13500K .......... .......... .......... .......... .......... 74% 56.0M 1s
 13550K .......... .......... .......... .......... .......... 74% 75.2M 1s
 13600K .......... .......... .......... .......... .......... 74% 63.0M 1s
 13650K .......... .......... .......... .......... .......... 75% 61.8M 1s
 13700K .......... .......... .......... .......... .......... 75% 56.4M 1s
 13750K .......... .......... .......... .......... .......... 75% 55.3M 1s
 13800K .......... .......... .......... .......... .......... 75% 54.5M 1s
 13850K .......... .......... .......... .......... .......... 76% 57.6M 1s
 13900K .......... .......... .......... .......... .......... 76% 68.5M 1s
 13950K .......... .......... .......... .......... .......... 76% 65.2M 1s
 14000K .......... .......... .......... .......... .......... 77% 52.5M 1s
 14050K .......... .......... .......... .......... .......... 77% 66.0M 1s
 14100K .......... .......... .......... .......... .......... 77% 81.6M 1s
 14150K .......... .......... .......... .......... .......... 77% 64.7M 1s
 14200K .......... .......... .......... .......... .......... 78% 58.9M 1s
 14250K .......... .......... .......... .......... .......... 78% 62.5M 1s
 14300K .......... .......... .......... .......... .......... 78% 63.9M 1s
 14350K .......... .......... .......... .......... .......... 78% 62.0M 1s
 14400K .......... .......... .......... .......... .......... 79% 48.1M 1s
 14450K .......... .......... .......... .......... .......... 79% 65.4M 1s
 14500K .......... .......... .......... .......... .......... 79% 64.1M 1s
 14550K .......... .......... .......... .......... .......... 80% 65.4M 1s
 14600K .......... .......... .......... .......... .......... 80% 64.2M 1s
 14650K .......... .......... .......... .......... .......... 80% 78.9M 0s
 14700K .......... .......... .......... .......... .......... 80% 84.1M 0s
 14750K .......... .......... .......... .......... .......... 81% 71.5M 0s
 14800K .......... .......... .......... .......... .......... 81% 59.5M 0s
 14850K .......... .......... .......... .......... .......... 81% 78.8M 0s
 14900K .......... .......... .......... .......... .......... 81% 69.9M 0s
 14950K .......... .......... .......... .......... .......... 82% 78.6M 0s
 15000K .......... .......... .......... .......... .......... 82% 61.0M 0s
 15050K .......... .......... .......... .......... .......... 82% 80.8M 0s
 15100K .......... .......... .......... .......... .......... 83% 67.8M 0s
 15150K .......... .......... .......... .......... .......... 83%  107M 0s
 15200K .......... .......... .......... .......... .......... 83% 55.7M 0s
 15250K .......... .......... .......... .......... .......... 83% 66.7M 0s
 15300K .......... .......... .......... .......... .......... 84% 41.3M 0s
 15350K .......... .......... .......... .......... .......... 84% 47.3M 0s
 15400K .......... .......... .......... .......... .......... 84% 44.8M 0s
 15450K .......... .......... .......... .......... .......... 84% 58.8M 0s
 15500K .......... .......... .......... .......... .......... 85% 40.7M 0s
 15550K .......... .......... .......... .......... .......... 85% 44.8M 0s
 15600K .......... .......... .......... .......... .......... 85% 33.8M 0s
 15650K .......... .......... .......... .......... .......... 86% 34.8M 0s
 15700K .......... .......... .......... .......... .......... 86%  114M 0s
 15750K .......... .......... .......... .......... .......... 86% 43.1M 0s
 15800K .......... .......... .......... .......... .......... 86% 44.8M 0s
 15850K .......... .......... .......... .......... .......... 87%  112M 0s
 15900K .......... .......... .......... .......... .......... 87%  405K 0s
 15950K .......... .......... .......... .......... .......... 87% 28.2M 0s
 16000K .......... .......... .......... .......... .......... 87% 30.4M 0s
 16050K .......... .......... .......... .......... .......... 88% 58.1M 0s
 16100K .......... .......... .......... .......... .......... 88% 49.5M 0s
 16150K .......... .......... .......... .......... .......... 88% 49.1M 0s
 16200K .......... .......... .......... .......... .......... 89% 47.0M 0s
 16250K .......... .......... .......... .......... .......... 89% 49.9M 0s
 16300K .......... .......... .......... .......... .......... 89% 48.1M 0s
 16350K .......... .......... .......... .......... .......... 89% 52.9M 0s
 16400K .......... .......... .......... .......... .......... 90% 40.2M 0s
 16450K .......... .......... .......... .......... .......... 90% 54.1M 0s
 16500K .......... .......... .......... .......... .......... 90% 53.4M 0s
 16550K .......... .......... .......... .......... .......... 91% 59.4M 0s
 16600K .......... .......... .......... .......... .......... 91% 53.7M 0s
 16650K .......... .......... .......... .......... .......... 91% 72.7M 0s
 16700K .......... .......... .......... .......... .......... 91% 70.2M 0s
 16750K .......... .......... .......... .......... .......... 92% 68.0M 0s
 16800K .......... .......... .......... .......... .......... 92% 54.5M 0s
 16850K .......... .......... .......... .......... .......... 92% 71.5M 0s
 16900K .......... .......... .......... .......... .......... 92% 65.7M 0s
 16950K .......... .......... .......... .......... .......... 93% 66.8M 0s
 17000K .......... .......... .......... .......... .......... 93% 63.9M 0s
 17050K .......... .......... .......... .......... .......... 93% 69.2M 0s
 17100K .......... .......... .......... .......... .......... 94% 69.4M 0s
 17150K .......... .......... .......... .......... .......... 94% 68.6M 0s
 17200K .......... .......... .......... .......... .......... 94% 55.6M 0s
 17250K .......... .......... .......... .......... .......... 94% 69.8M 0s
 17300K .......... .......... .......... .......... .......... 95% 72.7M 0s
 17350K .......... .......... .......... .......... .......... 95%  116M 0s
 17400K .......... .......... .......... .......... .......... 95% 71.3M 0s
 17450K .......... .......... .......... .......... .......... 95% 68.6M 0s
 17500K .......... .......... .......... .......... .......... 96% 70.8M 0s
 17550K .......... .......... .......... .......... .......... 96% 71.4M 0s
 17600K .......... .......... .......... .......... .......... 96% 53.5M 0s
 17650K .......... .......... .......... .......... .......... 97% 70.0M 0s
 17700K .......... .......... .......... .......... .......... 97% 75.3M 0s
 17750K .......... .......... .......... .......... .......... 97% 71.2M 0s
 17800K .......... .......... .......... .......... .......... 97% 68.5M 0s
 17850K .......... .......... .......... .......... .......... 98% 74.9M 0s
 17900K .......... .......... .......... .......... .......... 98% 69.5M 0s
 17950K .......... .......... .......... .......... .......... 98% 72.0M 0s
 18000K .......... .......... .......... .......... .......... 98% 38.2M 0s
 18050K .......... .......... .......... .......... .......... 99% 37.3M 0s
 18100K .......... .......... .......... .......... .......... 99% 42.9M 0s
 18150K .......... .......... .......... .......... .......... 99%  116M 0s
 18200K .......... .......... .......... ..........           100%  115M=2.3s

2019-08-23 00:13:50 (7.89 MB/s) - '/usr/local/bin/flekszible' saved [18677882/18677882]

+ sudo chmod +x /usr/local/bin/flekszible
+ cd /workdir/examples/ozone-dev/
+ flekszible generate --namespace ozone-daily
+ kubectl apply -f .
configmap/config created
service/datanode-public created
service/datanode created
statefulset.apps/datanode created
service/jaeger-public created
service/jaeger created
statefulset.apps/jaeger created
service/om-public created
service/om created
statefulset.apps/om created
clusterrole.rbac.authorization.k8s.io/prometheus-default unchanged
deployment.apps/prometheus created
clusterrolebinding.rbac.authorization.k8s.io/prometheus-operator-default unchanged
serviceaccount/prometheus-operator unchanged
service/prometheus created
configmap/prometheusconf created
service/s3g-public created
service/s3g created
statefulset.apps/s3g created
service/scm-public created
service/scm created
statefulset.apps/scm created
+ sleep 300
