#
# A fatal error has been detected by the Java Runtime Environment:
#
#  SIGSEGV (0xb) at pc=0x00007fe3758af810, pid=10885, tid=0x00007fe3594ceae0
#
# JRE version: OpenJDK Runtime Environment (8.0_212-b04) (build 1.8.0_212-b04)
# Java VM: OpenJDK 64-Bit Server VM (25.212-b04 mixed mode linux-amd64 compressed oops)
# Derivative: IcedTea 3.12.0
# Distribution: Custom build (Sat May  4 17:31:12 UTC 2019)
# Problematic frame:
# C  [ld-musl-x86_64.so.1+0x53810]  pthread_setname_np+0x5e
#
# Core dump written. Default location: /workdir/hadoop-ozone/ozone-manager/core or core.10885
#
# If you would like to submit a bug report, please include
# instructions on how to reproduce the bug and visit:
#   https://icedtea.classpath.org/bugzilla
#

---------------  T H R E A D  ---------------

Current thread is native thread

siginfo: si_signo: 11 (SIGSEGV), si_code: 1 (SEGV_MAPERR), si_addr: 0x0000000000000038

Registers:
RAX=0x00007fe3594ceae0, RBX=0x0000000000000022, RCX=0x0000000000000000, RDX=0x0000000000000000
RSP=0x00007fe3594ce680, RBP=0x0000000000000000, RSI=0x0000000000000000, RDI=0xfeff73725e73726f
R8 =0x0000000000000000, R9 =0x8080808080808080, R10=0xfefefefefefefeff, R11=0x0000000000000212
R12=0x00005568dd7f1918, R13=0x000000000000000e, R14=0x00007fe3594ceae0, R15=0x00007fe375ae8ae8
RIP=0x00007fe3758af810, EFLAGS=0x0000000000010202, CSGSFS=0x0000000000000033, ERR=0x0000000000000004
  TRAPNO=0x000000000000000e

Top of Stack: (sp=0x00007fe3594ce680)
0x00007fe3594ce680:   0000000000000000 0000000000000000
0x00007fe3594ce690:   0000000000000000 0000000000000000
0x00007fe3594ce6a0:   0000000000000000 0000000000000000
0x00007fe3594ce6b0:   0000000000000000 00005568de370da0
0x00007fe3594ce6c0:   00007fe3594ce710 0000000000000000
0x00007fe3594ce6d0:   00005568de370de0 00007fe3585c4ec9
0x00007fe3594ce6e0:   0000000000000000 00005568de2ecf00
0x00007fe3594ce6f0:   0000000000000000 00007fe3594ce760
0x00007fe3594ce700:   00007fe3594ceae0 00007fe375ae8ae8
0x00007fe3594ce710:   0000000000000000 00007fe3746dff41
0x00007fe3594ce720:   0000000000000000 00007fe3594ceae0
0x00007fe3594ce730:   0000000000000000 00007fe3758ae6c2
0x00007fe3594ce740:   0000000000000000 0000000000000000
0x00007fe3594ce750:   0000000000017000 00007fe3758b05b1
0x00007fe3594ce760:   0000000000000002 00007fe3594ceac0
0x00007fe3594ce770:   00007fe3594ce790 0000000000000000
0x00007fe3594ce780:   0000000000000000 0000000000000000
0x00007fe3594ce790:   0000000000000002 0000000000000000
0x00007fe3594ce7a0:   0000000000000000 0000000000000000
0x00007fe3594ce7b0:   0000000000000000 0000000000000000
0x00007fe3594ce7c0:   0000000000000000 0000000000000000
0x00007fe3594ce7d0:   0000000000000000 0000000000000000
0x00007fe3594ce7e0:   0000000000000000 0000000000000000
0x00007fe3594ce7f0:   0000000000000000 0000000000000000
0x00007fe3594ce800:   0000000000000000 0000000000000000
0x00007fe3594ce810:   0000000000000000 0000000000000000
0x00007fe3594ce820:   0000000000000000 0000000000000000
0x00007fe3594ce830:   0000000000000000 0000000000000000
0x00007fe3594ce840:   0000000000000000 0000000000000000
0x00007fe3594ce850:   0000000000000000 0000000000000000
0x00007fe3594ce860:   0000000000000000 0000000000000000
0x00007fe3594ce870:   0000000000000000 0000000000000000 

Instructions: (pc=0x00007fe3758af810)
0x00007fe3758af7f0:   31 d2 31 c0 4c 89 e6 bf 0f 00 00 00 e8 65 d8 fc
0x00007fe3758af800:   ff 85 c0 89 c3 74 7e e8 25 a7 fc ff 8b 18 eb 75
0x00007fe3758af810:   8b 4d 38 48 8d 5c 24 0e 48 8d 15 f2 92 03 00 be
0x00007fe3758af820:   22 00 00 00 31 c0 48 89 df e8 35 68 ff ff 48 8d 

Register to memory mapping:

RAX=0x00007fe3594ceae0 is an unknown value
RBX=0x0000000000000022 is an unknown value
RCX=0x0000000000000000 is an unknown value
RDX=0x0000000000000000 is an unknown value
RSP=0x00007fe3594ce680 is an unknown value
RBP=0x0000000000000000 is an unknown value
RSI=0x0000000000000000 is an unknown value
RDI=0xfeff73725e73726f is an unknown value
R8 =0x0000000000000000 is an unknown value
R9 =0x8080808080808080 is an unknown value
R10=0xfefefefefefefeff is an unknown value
R11=0x0000000000000212 is an unknown value
R12=0x00005568dd7f1918 is an unknown value
R13=0x000000000000000e is an unknown value
R14=0x00007fe3594ceae0 is an unknown value
R15=0x00007fe375ae8ae8: __utc+0x1fff68 in /lib/ld-musl-x86_64.so.1 at 0x00007fe37585c000


Stack: [0x00007fe3594ba000,0x00007fe3594ce760],  sp=0x00007fe3594ce680,  free space=81k
Native frames: (J=compiled Java code, j=interpreted, Vv=VM code, C=native code)
C  [ld-musl-x86_64.so.1+0x53810]  pthread_setname_np+0x5e

[error occurred during error reporting (printing native stack), id 0xb]


---------------  P R O C E S S  ---------------

VM state:not at safepoint (normal execution)

VM Mutex/Monitor currently owned by a thread: None

heap address: 0x0000000080000000, size: 2048 MB, Compressed Oops mode: 32-bit
Narrow klass base: 0x0000000000000000, Narrow klass shift: 3
Compressed class space size: 1073741824 Address: 0x0000000100000000

Heap:
 PSYoungGen      total 611840K, used 107213K [0x00000000d5580000, 0x0000000100000000, 0x0000000100000000)
  eden space 524800K, 20% used [0x00000000d5580000,0x00000000dbe33628,0x00000000f5600000)
  from space 87040K, 0% used [0x00000000f5600000,0x00000000f5600000,0x00000000fab00000)
  to   space 87040K, 0% used [0x00000000fab00000,0x00000000fab00000,0x0000000100000000)
 ParOldGen       total 864256K, used 14437K [0x0000000080000000, 0x00000000b4c00000, 0x00000000d5580000)
  object space 864256K, 1% used [0x0000000080000000,0x0000000080e19500,0x00000000b4c00000)
 Metaspace       used 27072K, capacity 27290K, committed 27520K, reserved 1073152K
  class space    used 3309K, capacity 3412K, committed 3456K, reserved 1048576K

Card table byte_map: [0x00007fe364608000,0x00007fe364a09000] byte_map_base: 0x00007fe364208000

Marking Bits: (ParMarkBitMap*) 0x00007fe37541a200
 Begin Bits: [0x00007fe360159000, 0x00007fe362159000)
 End Bits:   [0x00007fe362159000, 0x00007fe364159000)

Polling page: 0x00007fe3759e5000

CodeCache: size=245760Kb used=7184Kb max_used=7192Kb free=238575Kb
 bounds [0x00007fe364dc9000, 0x00007fe3654d9000, 0x00007fe373dc9000]
 total_blobs=3172 nmethods=2677 adapters=409
 compilation: enabled

Compilation events (10 events):
Event: 4.465 Thread 0x00005568dbe1c000 2749       3       java.lang.AbstractStringBuilder::append (54 bytes)
Event: 4.466 Thread 0x00005568dbe1c000 nmethod 2749 0x00007fe3654ceb10 code [0x00007fe3654cece0, 0x00007fe3654cf5e8]
Event: 4.466 Thread 0x00005568dbe1c000 2750       3       java.lang.StringBuilder::append (6 bytes)
Event: 4.466 Thread 0x00005568dbe1c000 nmethod 2750 0x00007fe3654ce650 code [0x00007fe3654ce7c0, 0x00007fe3654cea28]
Event: 4.466 Thread 0x00005568dbe1c000 2747       1       java.util.Formatter::access$000 (5 bytes)
Event: 4.466 Thread 0x00005568dbe1c000 nmethod 2747 0x00007fe3654cb290 code [0x00007fe3654cb3e0, 0x00007fe3654cb4d0]
Event: 4.472 Thread 0x00005568dbe1c000 2751       3       java.util.AbstractCollection::isEmpty (13 bytes)
Event: 4.473 Thread 0x00005568dbe1c000 nmethod 2751 0x00007fe3654ce1d0 code [0x00007fe3654ce340, 0x00007fe3654ce5a8]
Event: 4.473 Thread 0x00005568dbe1c000 2752       1       java.util.LinkedList::size (5 bytes)
Event: 4.473 Thread 0x00005568dbe1c000 nmethod 2752 0x00007fe3654cdf10 code [0x00007fe3654ce060, 0x00007fe3654ce170]

GC Heap History (4 events):
Event: 2.160 GC heap before
{Heap before GC invocations=1 (full 0):
 PSYoungGen      total 611840K, used 293904K [0x00000000d5580000, 0x0000000100000000, 0x0000000100000000)
  eden space 524800K, 56% used [0x00000000d5580000,0x00000000e7484218,0x00000000f5600000)
  from space 87040K, 0% used [0x00000000fab00000,0x00000000fab00000,0x0000000100000000)
  to   space 87040K, 0% used [0x00000000f5600000,0x00000000f5600000,0x00000000fab00000)
 ParOldGen       total 1398272K, used 0K [0x0000000080000000, 0x00000000d5580000, 0x00000000d5580000)
  object space 1398272K, 0% used [0x0000000080000000,0x0000000080000000,0x00000000d5580000)
 Metaspace       used 20896K, capacity 21100K, committed 21296K, reserved 1069056K
  class space    used 2597K, capacity 2673K, committed 2688K, reserved 1048576K
Event: 2.208 GC heap after
Heap after GC invocations=1 (full 0):
 PSYoungGen      total 611840K, used 15178K [0x00000000d5580000, 0x0000000100000000, 0x0000000100000000)
  eden space 524800K, 0% used [0x00000000d5580000,0x00000000d5580000,0x00000000f5600000)
  from space 87040K, 17% used [0x00000000f5600000,0x00000000f64d2840,0x00000000fab00000)
  to   space 87040K, 0% used [0x00000000fab00000,0x00000000fab00000,0x0000000100000000)
 ParOldGen       total 1398272K, used 16K [0x0000000080000000, 0x00000000d5580000, 0x00000000d5580000)
  object space 1398272K, 0% used [0x0000000080000000,0x0000000080004000,0x00000000d5580000)
 Metaspace       used 20896K, capacity 21100K, committed 21296K, reserved 1069056K
  class space    used 2597K, capacity 2673K, committed 2688K, reserved 1048576K
}
Event: 2.208 GC heap before
{Heap before GC invocations=2 (full 1):
 PSYoungGen      total 611840K, used 15178K [0x00000000d5580000, 0x0000000100000000, 0x0000000100000000)
  eden space 524800K, 0% used [0x00000000d5580000,0x00000000d5580000,0x00000000f5600000)
  from space 87040K, 17% used [0x00000000f5600000,0x00000000f64d2840,0x00000000fab00000)
  to   space 87040K, 0% used [0x00000000fab00000,0x00000000fab00000,0x0000000100000000)
 ParOldGen       total 1398272K, used 16K [0x0000000080000000, 0x00000000d5580000, 0x00000000d5580000)
  object space 1398272K, 0% used [0x0000000080000000,0x0000000080004000,0x00000000d5580000)
 Metaspace       used 20896K, capacity 21100K, committed 21296K, reserved 1069056K
  class space    used 2597K, capacity 2673K, committed 2688K, reserved 1048576K
Event: 2.286 GC heap after
Heap after GC invocations=2 (full 1):
 PSYoungGen      total 611840K, used 0K [0x00000000d5580000, 0x0000000100000000, 0x0000000100000000)
  eden space 524800K, 0% used [0x00000000d5580000,0x00000000d5580000,0x00000000f5600000)
  from space 87040K, 0% used [0x00000000f5600000,0x00000000f5600000,0x00000000fab00000)
  to   space 87040K, 0% used [0x00000000fab00000,0x00000000fab00000,0x0000000100000000)
 ParOldGen       total 864256K, used 14437K [0x0000000080000000, 0x00000000b4c00000, 0x00000000d5580000)
  object space 864256K, 1% used [0x0000000080000000,0x0000000080e19500,0x00000000b4c00000)
 Metaspace       used 20893K, capacity 21094K, committed 21296K, reserved 1069056K
  class space    used 2597K, capacity 2672K, committed 2688K, reserved 1048576K
}

Deoptimization events (7 events):
Event: 0.358 Thread 0x00005568dbcc8800 Uncommon trap: reason=unstable_if action=reinterpret pc=0x00007fe364ee9454 method=java.lang.String.indexOf([CII[CIII)I @ 3
Event: 0.454 Thread 0x00005568dbcc8800 Uncommon trap: reason=unstable_if action=reinterpret pc=0x00007fe36502aa88 method=sun.net.www.ParseUtil.encodePath(Ljava/lang/String;Z)Ljava/lang/String; @ 109
Event: 0.481 Thread 0x00005568dbcc8800 Uncommon trap: reason=unstable_if action=reinterpret pc=0x00007fe364f9d970 method=java.lang.AbstractStringBuilder.append(Ljava/lang/String;)Ljava/lang/AbstractStringBuilder; @ 1
Event: 0.904 Thread 0x00005568dbcc8800 Uncommon trap: reason=unstable_if action=reinterpret pc=0x00007fe364fde79c method=sun.misc.URLClassPath.getLoader(I)Lsun/misc/URLClassPath$Loader; @ 79
Event: 1.237 Thread 0x00005568dbcc8800 Uncommon trap: reason=range_check action=make_not_entrant pc=0x00007fe3650e21c0 method=sun.reflect.generics.parser.SignatureParser.current()C @ 34
Event: 1.550 Thread 0x00005568dbcc8800 Uncommon trap: reason=unstable_if action=reinterpret pc=0x00007fe365208308 method=net.bytebuddy.jar.asm.ClassVisitor.visitInnerClass(Ljava/lang/String;Ljava/lang/String;Ljava/lang/String;I)V @ 4
Event: 1.560 Thread 0x00005568dbcc8800 Uncommon trap: reason=class_check action=maybe_recompile pc=0x00007fe365185118 method=net.bytebuddy.description.type.TypeDefinition$Sort.describe(Ljava/lang/reflect/Type;Lnet/bytebuddy/description/type/TypeDescription$Generic$AnnotationReader;)Lnet/bytebu

Classes redefined (10 events):
Event: 1.575 Thread 0x00005568dbdcb000 redefined class name=org.apache.hadoop.ozone.om.OzoneManager, count=1
Event: 1.577 Thread 0x00005568dbdcb000 redefined class name=java.io.Closeable, count=1
Event: 1.578 Thread 0x00005568dbdcb000 redefined class name=org.apache.hadoop.ozone.om.protocol.OzoneManagerHAProtocol, count=1
Event: 1.578 Thread 0x00005568dbdcb000 redefined class name=org.apache.hadoop.hdds.server.ServiceRuntimeInfoImpl, count=1
Event: 1.579 Thread 0x00005568dbdcb000 redefined class name=org.apache.hadoop.ozone.om.OMMXBean, count=1
Event: 1.580 Thread 0x00005568dbdcb000 redefined class name=org.apache.hadoop.ozone.om.protocol.OzoneManagerProtocol, count=1
Event: 1.581 Thread 0x00005568dbdcb000 redefined class name=org.apache.hadoop.ozone.audit.Auditor, count=1
Event: 1.581 Thread 0x00005568dbdcb000 redefined class name=org.apache.hadoop.ozone.om.protocol.OzoneManagerServerProtocol, count=1
Event: 1.585 Thread 0x00005568dbdcb000 redefined class name=java.lang.Object, count=1
Event: 3.652 Thread 0x00005568dbdcb000 redefined class name=org.apache.hadoop.ozone.audit.AuditLogger, count=2

Internal exceptions (10 events):
Event: 2.692 Thread 0x00005568dbcc8800 Exception <a 'java/lang/ArrayIndexOutOfBoundsException'> (0x00000000d90c56a8) thrown at [/home/buildozer/aports/community/openjdk8/src/icedtea-3.12.0/openjdk/hotspot/src/share/vm/runtime/sharedRuntime.cpp, line 613]
Event: 3.565 Thread 0x00005568dbcc8800 Exception <a 'java/lang/ArrayIndexOutOfBoundsException'> (0x00000000d9b3c500) thrown at [/home/buildozer/aports/community/openjdk8/src/icedtea-3.12.0/openjdk/hotspot/src/share/vm/runtime/sharedRuntime.cpp, line 613]
Event: 3.565 Thread 0x00005568dbcc8800 Exception <a 'java/lang/ArrayIndexOutOfBoundsException'> (0x00000000d9b3e2c8) thrown at [/home/buildozer/aports/community/openjdk8/src/icedtea-3.12.0/openjdk/hotspot/src/share/vm/runtime/sharedRuntime.cpp, line 613]
Event: 3.565 Thread 0x00005568dbcc8800 Exception <a 'java/lang/ArrayIndexOutOfBoundsException'> (0x00000000d9b3ff00) thrown at [/home/buildozer/aports/community/openjdk8/src/icedtea-3.12.0/openjdk/hotspot/src/share/vm/runtime/sharedRuntime.cpp, line 613]
Event: 3.567 Thread 0x00005568dbcc8800 Exception <a 'java/lang/ArrayIndexOutOfBoundsException'> (0x00000000d9b47978) thrown at [/home/buildozer/aports/community/openjdk8/src/icedtea-3.12.0/openjdk/hotspot/src/share/vm/runtime/sharedRuntime.cpp, line 613]
Event: 3.567 Thread 0x00005568dbcc8800 Exception <a 'java/lang/ArrayIndexOutOfBoundsException'> (0x00000000d9b4a408) thrown at [/home/buildozer/aports/community/openjdk8/src/icedtea-3.12.0/openjdk/hotspot/src/share/vm/runtime/sharedRuntime.cpp, line 613]
Event: 3.568 Thread 0x00005568dbcc8800 Exception <a 'java/lang/ArrayIndexOutOfBoundsException'> (0x00000000d9b4fec8) thrown at [/home/buildozer/aports/community/openjdk8/src/icedtea-3.12.0/openjdk/hotspot/src/share/vm/runtime/sharedRuntime.cpp, line 613]
Event: 3.569 Thread 0x00005568dbcc8800 Exception <a 'java/lang/ArrayIndexOutOfBoundsException'> (0x00000000d9b524a8) thrown at [/home/buildozer/aports/community/openjdk8/src/icedtea-3.12.0/openjdk/hotspot/src/share/vm/runtime/sharedRuntime.cpp, line 613]
Event: 3.570 Thread 0x00005568dbcc8800 Exception <a 'java/lang/ArrayIndexOutOfBoundsException'> (0x00000000d9b59578) thrown at [/home/buildozer/aports/community/openjdk8/src/icedtea-3.12.0/openjdk/hotspot/src/share/vm/runtime/sharedRuntime.cpp, line 613]
Event: 3.571 Thread 0x00005568dbcc8800 Exception <a 'java/lang/ArrayIndexOutOfBoundsException'> (0x00000000d9b5dab0) thrown at [/home/buildozer/aports/community/openjdk8/src/icedtea-3.12.0/openjdk/hotspot/src/share/vm/runtime/sharedRuntime.cpp, line 613]

Events (10 events):
Event: 4.339 Executing VM operation: RevokeBias
Event: 4.339 Executing VM operation: RevokeBias done
Event: 4.339 Executing VM operation: RevokeBias
Event: 4.339 Executing VM operation: RevokeBias done
Event: 4.340 Executing VM operation: RevokeBias
Event: 4.340 Executing VM operation: RevokeBias done
Event: 4.340 Executing VM operation: RevokeBias
Event: 4.340 Executing VM operation: RevokeBias done
Event: 4.340 Executing VM operation: RevokeBias
Event: 4.340 Executing VM operation: RevokeBias done


Dynamic libraries:
80000000-b4c00000 rw-p 00000000 00:00 0 
b4c00000-d5580000 ---p 00000000 00:00 0 
d5580000-100360000 rw-p 00000000 00:00 0 
100360000-140000000 ---p 00000000 00:00 0 
5568db422000-5568db423000 r-xp 00000000 fd:02 181863116                  /usr/lib/jvm/java-1.8-openjdk/jre/bin/java
5568db622000-5568db623000 r--p 00000000 fd:02 181863116                  /usr/lib/jvm/java-1.8-openjdk/jre/bin/java
5568db623000-5568db624000 rw-p 00001000 fd:02 181863116                  /usr/lib/jvm/java-1.8-openjdk/jre/bin/java
5568dbcb1000-5568de412000 rw-p 00000000 00:00 0                          [heap]
7fe357cd6000-7fe357e56000 rw-p 00000000 00:00 0 
7fe357e56000-7fe357ed6000 ---p 00000000 00:00 0 
7fe357ed6000-7fe358145000 rw-p 00000000 00:00 0 
7fe358145000-7fe35836b000 r-xp 00000000 fd:02 181996160                  /usr/glibc-compat/lib/ld-2.28.so
7fe35836b000-7fe35836c000 r--p 00026000 fd:02 181996160                  /usr/glibc-compat/lib/ld-2.28.so
7fe35836c000-7fe35836d000 rw-p 00027000 fd:02 181996160                  /usr/glibc-compat/lib/ld-2.28.so
7fe35836d000-7fe35836e000 rw-p 00000000 00:00 0 
7fe35836e000-7fe358c06000 r-xp 00000000 fd:02 128518687                  /tmp/librocksdbjni2781181770690567779.so
7fe358c06000-7fe358c17000 r--p 00698000 fd:02 128518687                  /tmp/librocksdbjni2781181770690567779.so
7fe358c17000-7fe358c20000 rw-p 006a9000 fd:02 128518687                  /tmp/librocksdbjni2781181770690567779.so
7fe358c20000-7fe358e26000 rw-p 00000000 00:00 0 
7fe358f3a000-7fe35913a000 rw-p 00000000 00:00 0 
7fe35913a000-7fe35933a000 rw-p 00000000 00:00 0 
7fe3594b8000-7fe3594ba000 ---p 00000000 00:00 0 
7fe3594ba000-7fe3594cf000 rw-p 00000000 00:00 0 
7fe3594cf000-7fe3594d1000 ---p 00000000 00:00 0 
7fe3594d1000-7fe3594e6000 rw-p 00000000 00:00 0 
7fe3594e6000-7fe3594e8000 ---p 00000000 00:00 0 
7fe3594e8000-7fe3594fd000 rw-p 00000000 00:00 0 
7fe3594fd000-7fe359518000 r--s 001d6000 fd:02 181863188                  /usr/lib/jvm/java-1.8-openjdk/jre/lib/ext/nashorn.jar
7fe35952c000-7fe35952e000 ---p 00000000 00:00 0 
7fe35952e000-7fe359543000 rw-p 00000000 00:00 0 
7fe359543000-7fe359545000 ---p 00000000 00:00 0 
7fe359545000-7fe35955a000 rw-p 00000000 00:00 0 
7fe35955a000-7fe35955c000 ---p 00000000 00:00 0 
7fe35955c000-7fe359571000 rw-p 00000000 00:00 0 
7fe359571000-7fe359573000 ---p 00000000 00:00 0 
7fe359573000-7fe359588000 rw-p 00000000 00:00 0 
7fe359588000-7fe35958a000 ---p 00000000 00:00 0 
7fe35958a000-7fe35959f000 rw-p 00000000 00:00 0 
7fe35959f000-7fe3595a1000 ---p 00000000 00:00 0 
7fe3595a1000-7fe3595b6000 rw-p 00000000 00:00 0 
7fe3595b6000-7fe3595b8000 ---p 00000000 00:00 0 
7fe3595b8000-7fe3595cd000 rw-p 00000000 00:00 0 
7fe3595e2000-7fe3595e4000 ---p 00000000 00:00 0 
7fe3595e4000-7fe3595f9000 rw-p 00000000 00:00 0 
7fe3595f9000-7fe3595fb000 ---p 00000000 00:00 0 
7fe3595fb000-7fe359810000 rw-p 00000000 00:00 0 
7fe359810000-7fe359a10000 rw-p 00000000 00:00 0 
7fe359a10000-7fe359c10000 rw-p 00000000 00:00 0 
7fe359c10000-7fe359e10000 rw-p 00000000 00:00 0 
7fe359e10000-7fe359e11000 r--s 00000000 fd:02 128518669                  /tmp/mockitoboot7177672865567594540.jar
7fe359e12000-7fe35a01b000 r-xp 00000000 fd:02 181863139                  /usr/lib/jvm/java-1.8-openjdk/jre/lib/amd64/libinstrument.so
7fe35a01b000-7fe35a01c000 r--p 00009000 fd:02 181863139                  /usr/lib/jvm/java-1.8-openjdk/jre/lib/amd64/libinstrument.so
7fe35a01c000-7fe35a01d000 rw-p 0000a000 fd:02 181863139                  /usr/lib/jvm/java-1.8-openjdk/jre/lib/amd64/libinstrument.so
7fe35a01d000-7fe35a020000 ---p 00000000 00:00 0 
7fe35a020000-7fe35a11e000 rw-p 00000000 00:00 0 
7fe35a11e000-7fe35a320000 r-xp 00000000 fd:02 181863132                  /usr/lib/jvm/java-1.8-openjdk/jre/lib/amd64/libattach.so
7fe35a320000-7fe35a321000 r--p 00002000 fd:02 181863132                  /usr/lib/jvm/java-1.8-openjdk/jre/lib/amd64/libattach.so
7fe35a321000-7fe35a322000 rw-p 00003000 fd:02 181863132                  /usr/lib/jvm/java-1.8-openjdk/jre/lib/amd64/libattach.so
7fe35a322000-7fe35a325000 r--s 00025000 fd:02 184221969                  /home/user/.m2/repository/org/apache/maven/shared/maven-shared-utils/3.1.0/maven-shared-utils-3.1.0.jar
7fe35a325000-7fe35a536000 r-xp 00000000 fd:02 181863159                  /usr/lib/jvm/java-1.8-openjdk/jre/lib/amd64/libnio.so
7fe35a536000-7fe35a537000 r--p 00011000 fd:02 181863159                  /usr/lib/jvm/java-1.8-openjdk/jre/lib/amd64/libnio.so
7fe35a537000-7fe35a538000 rw-p 00012000 fd:02 181863159                  /usr/lib/jvm/java-1.8-openjdk/jre/lib/amd64/libnio.so
7fe35a538000-7fe35d539000 rw-p 00000000 00:00 0 
7fe35d539000-7fe35d74f000 r-xp 00000000 fd:02 181863158                  /usr/lib/jvm/java-1.8-openjdk/jre/lib/amd64/libnet.so
7fe35d74f000-7fe35d750000 r--p 00016000 fd:02 181863158                  /usr/lib/jvm/java-1.8-openjdk/jre/lib/amd64/libnet.so
7fe35d750000-7fe35d751000 rw-p 00017000 fd:02 181863158                  /usr/lib/jvm/java-1.8-openjdk/jre/lib/amd64/libnet.so
7fe35d751000-7fe35d755000 r--s 00058000 fd:02 181863207                  /usr/lib/jvm/java-1.8-openjdk/jre/lib/jsse.jar
7fe35d755000-7fe35d758000 ---p 00000000 00:00 0 
7fe35d758000-7fe35d78f000 rw-p 00000000 00:00 0 
7fe35d78f000-7fe35d790000 r--s 00006000 fd:02 130160272                  /home/user/.m2/repository/org/apache/maven/surefire/common-junit4/3.0.0-M1/common-junit4-3.0.0-M1.jar
7fe35d790000-7fe35d791000 r--s 00002000 fd:02 130160274                  /home/user/.m2/repository/org/apache/maven/surefire/common-junit3/3.0.0-M1/common-junit3-3.0.0-M1.jar
7fe35d791000-7fe35d792000 r--s 00007000 fd:02 130160276                  /home/user/.m2/repository/org/apache/maven/surefire/common-java5/3.0.0-M1/common-java5-3.0.0-M1.jar
7fe35d792000-7fe35d794000 r--s 00003000 fd:02 130159803                  /home/user/.m2/repository/org/apache/maven/surefire/surefire-junit4/3.0.0-M1/surefire-junit4-3.0.0-M1.jar
7fe35d794000-7fe35d7a0000 r--s 000ae000 fd:02 184353046                  /home/user/.m2/repository/org/jmockit/jmockit/1.24/jmockit-1.24.jar
7fe35d7a0000-7fe35d7a2000 r--s 00009000 fd:02 184352932                  /home/user/.m2/repository/org/hamcrest/hamcrest-core/1.3/hamcrest-core-1.3.jar
7fe35d7a2000-7fe35d7a8000 r--s 00036000 fd:02 184025181                  /home/user/.m2/repository/junit/junit/4.11/junit-4.11.jar
7fe35d7a8000-7fe35d7ae000 r--s 00045000 fd:02 184352923                  /home/user/.m2/repository/org/hamcrest/hamcrest-all/1.3/hamcrest-all-1.3.jar
7fe35d7ae000-7fe35d7b2000 r--s 0001e000 fd:02 183960170                  /home/user/.m2/repository/io/dropwizard/metrics/metrics-core/3.2.4/metrics-core-3.2.4.jar
7fe35d7b2000-7fe35d7b7000 r--s 00047000 fd:02 183960129                  /home/user/.m2/repository/dnsjava/dnsjava/2.1.7/dnsjava-2.1.7.jar
7fe35d7b7000-7fe35d7bd000 r--s 00078000 fd:02 183894134                  /home/user/.m2/repository/com/fasterxml/woodstox/woodstox-core/5.0.3/woodstox-core-5.0.3.jar
7fe35d7bd000-7fe35d7c1000 r--s 00024000 fd:02 184288087                  /home/user/.m2/repository/org/codehaus/woodstox/stax2-api/3.1.4/stax2-api-3.1.4.jar
7fe35d7c1000-7fe35d7c5000 r--s 0004c000 fd:02 130158897                  /home/user/.m2/repository/com/fasterxml/jackson/core/jackson-core/2.9.9/jackson-core-2.9.9.jar
7fe35d7c5000-7fe35d7d8000 r--s 00137000 fd:02 130158899                  /home/user/.m2/repository/com/fasterxml/jackson/core/jackson-databind/2.9.9/jackson-databind-2.9.9.jar
7fe35d7d8000-7fe35d7da000 r--s 00006000 fd:02 184091139                  /home/user/.m2/repository/org/apache/kerby/kerby-xdr/1.0.1/kerby-xdr-1.0.1.jar
7fe35d7da000-7fe35d7db000 r--s 00004000 fd:02 184090775                  /home/user/.m2/repository/org/apache/kerby/kerb-identity/1.0.1/kerb-identity-1.0.1.jar
7fe35d7db000-7fe35d7de000 r--s 00012000 fd:02 184090784                  /home/user/.m2/repository/org/apache/kerby/kerb-server/1.0.1/kerb-server-1.0.1.jar
7fe35d7de000-7fe35d7e1000 r--s 00011000 fd:02 184090723                  /home/user/.m2/repository/org/apache/kerby/kerb-admin/1.0.1/kerb-admin-1.0.1.jar
7fe35d7e1000-7fe35d7e2000 r--s 00004000 fd:02 184091148                  /home/user/.m2/repository/org/apache/kerby/token-provider/1.0.1/token-provider-1.0.1.jar
7fe35d7e2000-7fe35d7e3000 r--s 00008000 fd:02 184091070                  /home/user/.m2/repository/org/apache/kerby/kerb-util/1.0.1/kerb-util-1.0.1.jar
7fe35d7e3000-7fe35d7e7000 r--s 00019000 fd:02 184090766                  /home/user/.m2/repository/org/apache/kerby/kerb-crypto/1.0.1/kerb-crypto-1.0.1.jar
7fe35d7e7000-7fe35d7e9000 r--s 0000e000 fd:02 184090741                  /home/user/.m2/repository/org/apache/kerby/kerb-common/1.0.1/kerb-common-1.0.1.jar
7fe35d7e9000-7fe35d7ea000 r--s 00009000 fd:02 184091130                  /home/user/.m2/repository/org/apache/kerby/kerby-util/1.0.1/kerby-util-1.0.1.jar
7fe35d7ea000-7fe35d7ec000 r--s 00017000 fd:02 184091085                  /home/user/.m2/repository/org/apache/kerby/kerby-asn1/1.0.1/kerby-asn1-1.0.1.jar
7fe35d7ec000-7fe35d7f3000 r--s 0002b000 fd:02 184091115                  /home/user/.m2/repository/org/apache/kerby/kerby-pkix/1.0.1/kerby-pkix-1.0.1.jar
7fe35d7f3000-7fe35d7fa000 r--s 00031000 fd:02 184090757                  /home/user/.m2/repository/org/apache/kerby/kerb-core/1.0.1/kerb-core-1.0.1.jar
7fe35d7fa000-7fe35d7fc000 r--s 00006000 fd:02 184091100                  /home/user/.m2/repository/org/apache/kerby/kerby-config/1.0.1/kerby-config-1.0.1.jar
7fe35d7fc000-7fe35d7ff000 r--s 00019000 fd:02 184090732                  /home/user/.m2/repository/org/apache/kerby/kerb-client/1.0.1/kerb-client-1.0.1.jar
7fe35d7ff000-7fe35d800000 r--s 00004000 fd:02 184090793                  /home/user/.m2/repository/org/apache/kerby/kerb-simplekdc/1.0.1/kerb-simplekdc-1.0.1.jar
7fe35d800000-7fe35d801000 r--s 00004000 fd:02 184222686                  /home/user/.m2/repository/org/apache/yetus/audience-annotations/0.5.0/audience-annotations-0.5.0.jar
7fe35d801000-7fe35d80e000 r--s 000d1000 fd:02 184222702                  /home/user/.m2/repository/org/apache/zookeeper/zookeeper/3.4.13/zookeeper-3.4.13.jar
7fe35d80e000-7fe35d828000 r--s 00155000 fd:02 184026117                  /home/user/.m2/repository/org/apache/htrace/htrace-core4/4.1.0-incubating/htrace-core4-4.1.0-incubating.jar
7fe35d828000-7fe35d830000 r--s 0003e000 fd:02 184025860                  /home/user/.m2/repository/org/apache/curator/curator-recipes/2.12.0/curator-recipes-2.12.0.jar
7fe35d830000-7fe35d867000 r--s 00219000 fd:02 184025842                  /home/user/.m2/repository/org/apache/curator/curator-client/2.12.0/curator-client-2.12.0.jar
7fe35d867000-7fe35d86c000 r--s 00040000 fd:02 183894525                  /home/user/.m2/repository/com/jcraft/jsch/0.1.54/jsch-0.1.54.jar
7fe35d86c000-7fe35d872000 r--s 0002c000 fd:02 184025851                  /home/user/.m2/repository/org/apache/curator/curator-framework/2.12.0/curator-framework-2.12.0.jar
7fe35d872000-7fe35d874000 r--s 00006000 fd:02 184025353                  /home/user/.m2/repository/net/minidev/accessors-smart/1.2/accessors-smart-1.2.jar
7fe35d874000-7fe35d877000 r--s 0001b000 fd:02 184025362                  /home/user/.m2/repository/net/minidev/json-smart/2.3/json-smart-2.3.jar
7fe35d877000-7fe35d879000 r--s 00000000 fd:02 183894172                  /home/user/.m2/repository/com/github/stephenc/jcip/jcip-annotations/1.0-1/jcip-annotations-1.0-1.jar
7fe35d879000-7fe35d87f000 r--s 00044000 fd:02 183894571                  /home/user/.m2/repository/com/nimbusds/nimbus-jose-jwt/4.41.1/nimbus-jose-jwt-4.41.1.jar
7fe35d87f000-7fe35d881000 r--s 00020000 fd:02 184025933                  /home/user/.m2/repository/org/apache/hadoop/hadoop-auth/3.2.0/hadoop-auth-3.2.0.jar
7fe35d881000-7fe35d886000 r--s 0002a000 fd:02 183894246                  /home/user/.m2/repository/com/google/code/gson/gson/2.2.4/gson-2.2.4.jar
7fe35d886000-7fe35d888000 r--s 0001e000 fd:02 183894470                  /home/user/.m2/repository/com/google/re2j/re2j/1.1/re2j-1.1.jar
7fe35d888000-7fe35d88a000 r--s 00130000 fd:02 184418678                  /home/user/.m2/repository/org/xerial/snappy/snappy-java/1.0.5/snappy-java-1.0.5.jar
7fe35d88a000-7fe35d88c000 r--s 00006000 fd:02 183894824                  /home/user/.m2/repository/com/thoughtworks/paranamer/paranamer/2.3/paranamer-2.3.jar
7fe35d88c000-7fe35d895000 r--s 00062000 fd:02 184025579                  /home/user/.m2/repository/org/apache/avro/avro/1.7.7/avro-1.7.7.jar
7fe35d895000-7fe35d896000 r--s 00002000 fd:02 184353763                  /home/user/.m2/repository/org/slf4j/slf4j-log4j12/1.7.25/slf4j-log4j12-1.7.25.jar
7fe35d896000-7fe35d898000 r--s 00009000 fd:02 184353737                  /home/user/.m2/repository/org/slf4j/slf4j-api/1.7.25/slf4j-api-1.7.25.jar
7fe35d898000-7fe35d89c000 r--s 00029000 fd:02 184025826                  /home/user/.m2/repository/org/apache/commons/commons-text/1.4/commons-text-1.4.jar
7fe35d89c000-7fe35d8a4000 r--s 00072000 fd:02 184025690                  /home/user/.m2/repository/org/apache/commons/commons-lang3/3.7/commons-lang3-3.7.jar
7fe35d8a4000-7fe35d8b0000 r--s 0008b000 fd:02 184025642                  /home/user/.m2/repository/org/apache/commons/commons-configuration2/2.1.1/commons-configuration2-2.1.1.jar
7fe35d8b0000-7fe35d8b5000 r--s 00038000 fd:02 130158895                  /home/user/.m2/repository/commons-beanutils/commons-beanutils/1.9.4/commons-beanutils-1.9.4.jar
7fe35d8b5000-7fe35d8be000 r--s 0006f000 fd:02 184025217                  /home/user/.m2/repository/log4j/log4j/1.2.17/log4j-1.2.17.jar
7fe35d8be000-7fe35d8c0000 r--s 0000e000 fd:02 183960055                  /home/user/.m2/repository/commons-logging/commons-logging/1.1.3/commons-logging-1.1.3.jar
7fe35d8c0000-7fe35d8d0000 r--s 0009c000 fd:02 183894741                  /home/user/.m2/repository/com/sun/jersey/jersey-server/1.19/jersey-server-1.19.jar
7fe35d8d0000-7fe35d8d1000 r--s 00006000 fd:02 184287235                  /home/user/.m2/repository/org/codehaus/jackson/jackson-xc/1.9.13/jackson-xc-1.9.13.jar
7fe35d8d1000-7fe35d8d2000 r--s 00004000 fd:02 184222850                  /home/user/.m2/repository/org/codehaus/jackson/jackson-jaxrs/1.9.13/jackson-jaxrs-1.9.13.jar
7fe35d8d2000-7fe35d8e0000 r--s 000b1000 fd:02 184222859                  /home/user/.m2/repository/org/codehaus/jackson/jackson-mapper-asl/1.9.13/jackson-mapper-asl-1.9.13.jar
7fe35d8e0000-7fe35d8e4000 r--s 00035000 fd:02 184222841                  /home/user/.m2/repository/org/codehaus/jackson/jackson-core-asl/1.9.13/jackson-core-asl-1.9.13.jar
7fe35d8e4000-7fe35d8f6000 r--s 000d9000 fd:02 183894800                  /home/user/.m2/repository/com/sun/xml/bind/jaxb-impl/2.3.0.1/jaxb-impl-2.3.0.1.jar
7fe35d8f6000-7fe35d8f8000 r--s 0000f000 fd:02 184287245                  /home/user/.m2/repository/org/codehaus/jettison/jettison/1.1/jettison-1.1.jar
7fe35d8f8000-7fe35d8fc000 r--s 00025000 fd:02 183894726                  /home/user/.m2/repository/com/sun/jersey/jersey-json/1.19/jersey-json-1.19.jar
7fe35d8fc000-7fe35d900000 r--s 0001c000 fd:02 183894750                  /home/user/.m2/repository/com/sun/jersey/jersey-servlet/1.19/jersey-servlet-1.19.jar
7fe35d900000-7fe35d902000 r--s 0000a000 fd:02 184025102                  /home/user/.m2/repository/javax/ws/rs/jsr311-api/1.1.1/jsr311-api-1.1.1.jar
7fe35d902000-7fe35d90c000 r--s 00061000 fd:02 183894717                  /home/user/.m2/repository/com/sun/jersey/jersey-core/1.19/jersey-core-1.19.jar
7fe35d90c000-7fe35d90f000 r--s 00016000 fd:02 183960615                  /home/user/.m2/repository/javax/servlet/jsp/jsp-api/2.1/jsp-api-2.1.jar
7fe35d90f000-7fe35d910000 r--s 0000c000 fd:02 184288220                  /home/user/.m2/repository/org/eclipse/jetty/jetty-xml/9.3.24.v20180605/jetty-xml-9.3.24.v20180605.jar
7fe35d910000-7fe35d913000 r--s 0001a000 fd:02 184288211                  /home/user/.m2/repository/org/eclipse/jetty/jetty-webapp/9.3.24.v20180605/jetty-webapp-9.3.24.v20180605.jar
7fe35d913000-7fe35d916000 r--s 00015000 fd:02 184288166                  /home/user/.m2/repository/org/eclipse/jetty/jetty-security/9.3.24.v20180605/jetty-security-9.3.24.v20180605.jar
7fe35d916000-7fe35d919000 r--s 0001b000 fd:02 184288184                  /home/user/.m2/repository/org/eclipse/jetty/jetty-servlet/9.3.24.v20180605/jetty-servlet-9.3.24.v20180605.jar
7fe35d919000-7fe35d920000 r--s 00069000 fd:02 184288193                  /home/user/.m2/repository/org/eclipse/jetty/jetty-util/9.3.24.v20180605/jetty-util-9.3.24.v20180605.jar
7fe35d920000-7fe35d923000 r--s 0001b000 fd:02 184288140                  /home/user/.m2/repository/org/eclipse/jetty/jetty-io/9.3.24.v20180605/jetty-io-9.3.24.v20180605.jar
7fe35d923000-7fe35d926000 r--s 00022000 fd:02 184288131                  /home/user/.m2/repository/org/eclipse/jetty/jetty-http/9.3.24.v20180605/jetty-http-9.3.24.v20180605.jar
7fe35d926000-7fe35d92e000 r--s 00078000 fd:02 184288175                  /home/user/.m2/repository/org/eclipse/jetty/jetty-server/9.3.24.v20180605/jetty-server-9.3.24.v20180605.jar
7fe35d92e000-7fe35d931000 r--s 00015000 fd:02 183960605                  /home/user/.m2/repository/javax/servlet/javax.servlet-api/3.1.0/javax.servlet-api-3.1.0.jar
7fe35d931000-7fe35d93e000 r--s 00083000 fd:02 183959876                  /home/user/.m2/repository/commons-collections/commons-collections/3.2.2/commons-collections-3.2.2.jar
7fe35d93e000-7fe35d944000 r--s 00046000 fd:02 183960081                  /home/user/.m2/repository/commons-net/commons-net/3.6/commons-net-3.6.jar
7fe35d944000-7fe35d948000 r--s 0002f000 fd:02 183959987                  /home/user/.m2/repository/commons-io/commons-io/2.5/commons-io-2.5.jar
7fe35d948000-7fe35d94f000 r--s 0004b000 fd:02 183959808                  /home/user/.m2/repository/commons-codec/commons-codec/1.11/commons-codec-1.11.jar
7fe35d94f000-7fe35d956000 r--s 00049000 fd:02 184090672                  /home/user/.m2/repository/org/apache/httpcomponents/httpcore/4.4.4/httpcore-4.4.4.jar
7fe35d956000-7fe35d963000 r--s 000a7000 fd:02 184026141                  /home/user/.m2/repository/org/apache/httpcomponents/httpclient/4.5.2/httpclient-4.5.2.jar
7fe35d963000-7fe35d980000 r--s 0016a000 fd:02 184025699                  /home/user/.m2/repository/org/apache/commons/commons-math3/3.1.1/commons-math3-3.1.1.jar
7fe35d980000-7fe35d982000 r--s 00009000 fd:02 183959790                  /home/user/.m2/repository/commons-cli/commons-cli/1.2/commons-cli-1.2.jar
7fe35d982000-7fe35d9fb000 r--s 007c0000 fd:02 181863249                  /usr/lib/jvm/java-1.8-openjdk/lib/tools.jar
7fe35d9fb000-7fe35d9fc000 r--s 0000e000 fd:02 184025924                  /home/user/.m2/repository/org/apache/hadoop/hadoop-annotations/3.2.0/hadoop-annotations-3.2.0.jar
7fe35d9fc000-7fe35da27000 r--s 00297000 fd:02 184025951                  /home/user/.m2/repository/org/apache/hadoop/hadoop-common/3.2.0/hadoop-common-3.2.0-tests.jar
7fe35da27000-7fe35da2d000 r--s 00033000 fd:02 184025137                  /home/user/.m2/repository/jaxen/jaxen/1.1.6/jaxen-1.1.6.jar
7fe35da2d000-7fe35da2e000 r--s 00002000 fd:02 183830375                  /home/user/.m2/repository/com/apple/AppleJavaExtensions/1.4/AppleJavaExtensions-1.4.jar
7fe35da2e000-7fe35da33000 r--s 00041000 fd:02 183960011                  /home/user/.m2/repository/commons-lang/commons-lang/2.6/commons-lang-2.6.jar
7fe35da33000-7fe35da35000 r--s 0000c000 fd:02 184353324                  /home/user/.m2/repository/org/ow2/asm/asm/5.0.4/asm-5.0.4.jar
7fe35da35000-7fe35da37000 r--s 00006000 fd:02 184353440                  /home/user/.m2/repository/org/ow2/asm/asm-tree/5.0.2/asm-tree-5.0.2.jar
7fe35da37000-7fe35da39000 r--s 00009000 fd:02 184353375                  /home/user/.m2/repository/org/ow2/asm/asm-commons/5.0.2/asm-commons-5.0.2.jar
7fe35da39000-7fe35da3e000 r--s 00058000 fd:02 184353394                  /home/user/.m2/repository/org/ow2/asm/asm-debug-all/5.0.2/asm-debug-all-5.0.2.jar
7fe35da3e000-7fe35da43000 r--s 00016000 fd:02 184418794                  /home/user/.m2/repository/xml-apis/xml-apis/1.0.b2/xml-apis-1.0.b2.jar
7fe35da43000-7fe35da48000 r--s 00048000 fd:02 183960147                  /home/user/.m2/repository/dom4j/dom4j/1.6.1/dom4j-1.6.1.jar
7fe35da48000-7fe35da4a000 r--s 00005000 fd:02 183894213                  /home/user/.m2/repository/com/google/code/findbugs/jFormatString/2.0.1/jFormatString-2.0.1.jar
7fe35da4a000-7fe35da54000 r--s 0008c000 fd:02 183894195                  /home/user/.m2/repository/com/google/code/findbugs/bcel-findbugs/6.0/bcel-findbugs-6.0.jar
7fe35da54000-7fe35da57000 r--s 00006000 fd:02 183894236                  /home/user/.m2/repository/com/google/code/findbugs/jsr305/3.0.0/jsr305-3.0.0.jar
7fe35da57000-7fe35da58000 r--s 00000000 fd:02 184025343                  /home/user/.m2/repository/net/jcip/jcip-annotations/1.0/jcip-annotations-1.0.jar
7fe35da58000-7fe35da87000 r--s 00371000 fd:02 183894204                  /home/user/.m2/repository/com/google/code/findbugs/findbugs/3.0.1/findbugs-3.0.1.jar
7fe35da87000-7fe35da89000 r--s 00005000 fd:02 184353242                  /home/user/.m2/repository/org/objenesis/objenesis/1.0/objenesis-1.0.jar
7fe35da89000-7fe35da8b000 r--s 00009000 fd:02 130685149                  /home/user/.m2/repository/net/bytebuddy/byte-buddy-agent/1.9.10/byte-buddy-agent-1.9.10.jar
7fe35da8b000-7fe35dad2000 r--s 002d9000 fd:02 130685151                  /home/user/.m2/repository/net/bytebuddy/byte-buddy/1.9.10/byte-buddy-1.9.10.jar
7fe35dad2000-7fe35dae3000 r--s 00080000 fd:02 130685147                  /home/user/.m2/repository/org/mockito/mockito-core/2.28.2/mockito-core-2.28.2.jar
7fe35dae3000-7fe35db3b000 r--s 003a7000 fd:02 184222763                  /home/user/.m2/repository/org/bouncycastle/bcprov-jdk15on/1.60/bcprov-jdk15on-1.60.jar
7fe35db3b000-7fe35db5c000 r--s 00172000 fd:02 183894312                  /home/user/.m2/repository/com/google/guava/guava/11.0.2/guava-11.0.2.jar
7fe35db5c000-7fe35db64000 r--s 0007b000 fd:02 183894428                  /home/user/.m2/repository/com/google/protobuf/protobuf-java/2.5.0/protobuf-java-2.5.0.jar
7fe35db64000-7fe35db69000 r--s 0003c000 fd:02 183960158                  /home/user/.m2/repository/info/picocli/picocli/3.9.6/picocli-3.9.6.jar
7fe35db69000-7fe35db6d000 r--s 006b9000 fd:02 184418687                  /home/user/.m2/repository/org/xerial/sqlite-jdbc/3.25.2/sqlite-jdbc-3.25.2.jar
7fe35db6d000-7fe35db73000 r--s 0003c000 fd:02 184418707                  /home/user/.m2/repository/org/yaml/snakeyaml/1.16/snakeyaml-1.16.jar
7fe35db73000-7fe35db74000 r--s 00002000 fd:02 183960481                  /home/user/.m2/repository/io/opentracing/opentracing-noop/0.31.0/opentracing-noop-0.31.0.jar
7fe35db74000-7fe35db76000 r--s 00002000 fd:02 183960472                  /home/user/.m2/repository/io/opentracing/opentracing-api/0.31.0/opentracing-api-0.31.0.jar
7fe35db76000-7fe35db77000 r--s 00001000 fd:02 183960490                  /home/user/.m2/repository/io/opentracing/opentracing-util/0.31.0/opentracing-util-0.31.0.jar
7fe35db77000-7fe35db78000 r--s 00001000 fd:02 183960457                  /home/user/.m2/repository/io/opentracing/contrib/opentracing-tracerresolver/0.1.5/opentracing-tracerresolver-0.1.5.jar
7fe35db78000-7fe35db79000 r--s 00000000 fd:02 183960287                  /home/user/.m2/repository/io/jaegertracing/jaeger-tracerresolver/0.33.1/jaeger-tracerresolver-0.33.1.jar
7fe35db79000-7fe35db7d000 r--s 0001c000 fd:02 183960269                  /home/user/.m2/repository/io/jaegertracing/jaeger-core/0.33.1/jaeger-core-0.33.1.jar
7fe35db7d000-7fe35db7e000 r--s 00013000 fd:02 183894665                  /home/user/.m2/repository/com/squareup/okio/okio/1.13.0/okio-1.13.0.jar
7fe35db7e000-7fe35db84000 r--s 0005e000 fd:02 183894649                  /home/user/.m2/repository/com/squareup/okhttp3/okhttp/3.9.0/okhttp-3.9.0.jar
7fe35db84000-7fe35db8a000 r--s 00035000 fd:02 184222457                  /home/user/.m2/repository/org/apache/thrift/libthrift/0.11.0/libthrift-0.11.0.jar
7fe35db8a000-7fe35db99000 r--s 0009c000 fd:02 183960278                  /home/user/.m2/repository/io/jaegertracing/jaeger-thrift/0.33.1/jaeger-thrift-0.33.1.jar
7fe35db99000-7fe35db9a000 r--s 00000000 fd:02 183960260                  /home/user/.m2/repository/io/jaegertracing/jaeger-client/0.33.1/jaeger-client-0.33.1.jar
7fe35db9a000-7fe35db9e000 r--s 00020000 fd:02 183959922                  /home/user/.m2/repository/commons-digester/commons-digester/1.8.1/commons-digester-1.8.1.jar
7fe35db9e000-7fe35dba2000 r--s 0002a000 fd:02 183960107                  /home/user/.m2/repository/commons-validator/commons-validator/1.6/commons-validator-1.6.jar
7fe35dba2000-7fe35dbb5000 r--s 000b0000 fd:02 184222754                  /home/user/.m2/repository/org/bouncycastle/bcpkix-jdk15on/1.60/bcpkix-jdk15on-1.60.jar
7fe35dbb5000-7fe35dbb8000 r--s 0001d000 fd:02 184025817                  /home/user/.m2/repository/org/apache/commons/commons-pool2/2.6.0/commons-pool2-2.6.0.jar
7fe35dbb8000-7fe35dbbb000 r--s 00012000 fd:02 183894551                  /home/user/.m2/repository/com/lmax/disruptor/3.4.2/disruptor-3.4.2.jar
7fe35dbbb000-7fe35dbdb000 r--s 00167000 fd:02 184091174                  /home/user/.m2/repository/org/apache/logging/log4j/log4j-core/2.11.0/log4j-core-2.11.0.jar
7fe35dbdb000-7fe35dbe1000 r--s 0003b000 fd:02 184091165                  /home/user/.m2/repository/org/apache/logging/log4j/log4j-api/2.11.0/log4j-api-2.11.0.jar
7fe35dbe1000-7fe35dbe6000 r--s 00c4f000 fd:02 130224546                  /home/user/.m2/repository/org/rocksdb/rocksdbjni/6.0.1/rocksdbjni-6.0.1.jar
7fe35dbe6000-7fe35dbe9000 r--s 00018000 fd:02 130224541                  /home/user/.m2/repository/org/apache/ratis/ratis-grpc/0.4.0/ratis-grpc-0.4.0.jar
7fe35dbe9000-7fe35dbeb000 r--s 00007000 fd:02 130224540                  /home/user/.m2/repository/org/apache/ratis/ratis-netty/0.4.0/ratis-netty-0.4.0.jar
7fe35dbeb000-7fe35dbed000 r--s 00009000 fd:02 130224530                  /home/user/.m2/repository/info/ganglia/gmetric4j/gmetric4j/1.0.7/gmetric4j-1.0.7.jar
7fe35dbed000-7fe35dbee000 r--s 00002000 fd:02 130224528                  /home/user/.m2/repository/io/dropwizard/metrics/metrics-ganglia/3.2.5/metrics-ganglia-3.2.5.jar
7fe35dbee000-7fe35dbf0000 r--s 00008000 fd:02 130224524                  /home/user/.m2/repository/io/dropwizard/metrics/metrics-jvm/3.2.5/metrics-jvm-3.2.5.jar
7fe35dbf0000-7fe35dbf1000 r--s 00003000 fd:02 130224523                  /home/user/.m2/repository/com/github/joshelser/dropwizard-metrics-hadoop-metrics2-reporter/0.1.2/dropwizard-metrics-hadoop-metrics2-reporter-0.1.2.jar
7fe35dbf1000-7fe35dbf3000 r--s 0000c000 fd:02 130224520                  /home/user/.m2/repository/org/apache/ratis/ratis-client/0.4.0/ratis-client-0.4.0.jar
7fe35dbf3000-7fe35dbf8000 r--s 0003a000 fd:02 130224514                  /home/user/.m2/repository/org/apache/ratis/ratis-common/0.4.0/ratis-common-0.4.0.jar
7fe35dbf8000-7fe35dc06000 r--s 0010d000 fd:02 130224516                  /home/user/.m2/repository/org/apache/ratis/ratis-proto/0.4.0/ratis-proto-0.4.0.jar
7fe35dc06000-7fe35dce0000 r--s 00cc8000 fd:02 184222407                  /home/user/.m2/repository/org/apache/ratis/ratis-thirdparty-misc/0.2.0/ratis-thirdparty-misc-0.2.0.jar
7fe35dce0000-7fe35dce6000 r--s 00050000 fd:02 130224489                  /home/user/.m2/repository/org/apache/ratis/ratis-server/0.4.0/ratis-server-0.4.0.jar
7fe35dce6000-7fe35dce8000 r--s 00005000 fd:02 183960544                  /home/user/.m2/repository/javax/annotation/javax.annotation-api/1.2/javax.annotation-api-1.2.jar
7fe35dce8000-7fe35dd2d000 r--s 00486000 fd:02 184025987                  /home/user/.m2/repository/org/apache/hadoop/hadoop-hdfs-client/3.2.0/hadoop-hdfs-client-3.2.0.jar
7fe35dd2d000-7fe35dd54000 r--s 00205000 fd:02 183960306                  /home/user/.m2/repository/io/netty/netty-all/4.0.52.Final/netty-all-4.0.52.Final.jar
7fe35dd54000-7fe35dd6d000 r--s 0012c000 fd:02 183960297                  /home/user/.m2/repository/io/netty/netty/3.10.5.Final/netty-3.10.5.Final.jar
7fe35dd6d000-7fe35ddb5000 r--s 00557000 fd:02 184025978                  /home/user/.m2/repository/org/apache/hadoop/hadoop-hdfs/3.2.0/hadoop-hdfs-3.2.0.jar
7fe35ddb5000-7fe35ddf3000 r--s 003aa000 fd:02 184025954                  /home/user/.m2/repository/org/apache/hadoop/hadoop-common/3.2.0/hadoop-common-3.2.0.jar
7fe35ddf3000-7fe35ddf6000 ---p 00000000 00:00 0 
7fe35ddf6000-7fe35def4000 rw-p 00000000 00:00 0 
7fe35def4000-7fe35e0fb000 r-xp 00000000 fd:02 181863156                  /usr/lib/jvm/java-1.8-openjdk/jre/lib/amd64/libmanagement.so
7fe35e0fb000-7fe35e0fc000 r--p 00007000 fd:02 181863156                  /usr/lib/jvm/java-1.8-openjdk/jre/lib/amd64/libmanagement.so
7fe35e0fc000-7fe35e0fd000 rw-p 00008000 fd:02 181863156                  /usr/lib/jvm/java-1.8-openjdk/jre/lib/amd64/libmanagement.so
7fe35e0fd000-7fe35e100000 ---p 00000000 00:00 0 
7fe35e100000-7fe35e1fe000 rw-p 00000000 00:00 0 
7fe35e1fe000-7fe35e1ff000 ---p 00000000 00:00 0 
7fe35e1ff000-7fe35e300000 rw-p 00000000 00:00 0 
7fe35e300000-7fe35e303000 ---p 00000000 00:00 0 
7fe35e303000-7fe35e401000 rw-p 00000000 00:00 0 
7fe35e401000-7fe35e402000 ---p 00000000 00:00 0 
7fe35e402000-7fe35e405000 ---p 00000000 00:00 0 
7fe35e405000-7fe35e503000 rw-p 00000000 00:00 0 
7fe35e503000-7fe35e504000 ---p 00000000 00:00 0 
7fe35e504000-7fe35e507000 ---p 00000000 00:00 0 
7fe35e507000-7fe35e605000 rw-p 00000000 00:00 0 
7fe35e605000-7fe35e608000 ---p 00000000 00:00 0 
7fe35e608000-7fe35e706000 rw-p 00000000 00:00 0 
7fe35e706000-7fe35e709000 ---p 00000000 00:00 0 
7fe35e709000-7fe35e807000 rw-p 00000000 00:00 0 
7fe35e807000-7fe35e80a000 ---p 00000000 00:00 0 
7fe35e80a000-7fe35e908000 rw-p 00000000 00:00 0 
7fe35e908000-7fe35e909000 ---p 00000000 00:00 0 
7fe35e909000-7fe35f313000 rw-p 00000000 00:00 0 
7fe35f313000-7fe35f4e3000 r--s 01f56000 fd:02 181863221                  /usr/lib/jvm/java-1.8-openjdk/jre/lib/rt.jar
7fe35f4e3000-7fe364159000 rw-p 00000000 00:00 0 
7fe364159000-7fe36415a000 ---p 00000000 00:00 0 
7fe36415a000-7fe36425b000 rw-p 00000000 00:00 0 
7fe36425b000-7fe36425c000 ---p 00000000 00:00 0 
7fe36425c000-7fe364503000 rw-p 00000000 00:00 0 
7fe364503000-7fe364608000 ---p 00000000 00:00 0 
7fe364608000-7fe3647ae000 rw-p 00000000 00:00 0 
7fe3647ae000-7fe3648b2000 ---p 00000000 00:00 0 
7fe3648b2000-7fe364a26000 rw-p 00000000 00:00 0 
7fe364a26000-7fe364dc9000 ---p 00000000 00:00 0 
7fe364dc9000-7fe3654d9000 rwxp 00000000 00:00 0 
7fe3654d9000-7fe373dc9000 ---p 00000000 00:00 0 
7fe373dc9000-7fe373fd0000 r-xp 00000000 fd:02 181863165                  /usr/lib/jvm/java-1.8-openjdk/jre/lib/amd64/libzip.so
7fe373fd0000-7fe373fd1000 r--p 00007000 fd:02 181863165                  /usr/lib/jvm/java-1.8-openjdk/jre/lib/amd64/libzip.so
7fe373fd1000-7fe373fd2000 rw-p 00008000 fd:02 181863165                  /usr/lib/jvm/java-1.8-openjdk/jre/lib/amd64/libzip.so
7fe373fd2000-7fe3741fd000 r-xp 00000000 fd:02 181863146                  /usr/lib/jvm/java-1.8-openjdk/jre/lib/amd64/libjava.so
7fe3741fd000-7fe3741fe000 r--p 0002b000 fd:02 181863146                  /usr/lib/jvm/java-1.8-openjdk/jre/lib/amd64/libjava.so
7fe3741fe000-7fe3741ff000 rw-p 0002c000 fd:02 181863146                  /usr/lib/jvm/java-1.8-openjdk/jre/lib/amd64/libjava.so
7fe3741ff000-7fe374200000 rw-p 00000000 00:00 0 
7fe374200000-7fe37440c000 r-xp 00000000 fd:02 181863164                  /usr/lib/jvm/java-1.8-openjdk/jre/lib/amd64/libverify.so
7fe37440c000-7fe37440e000 r--p 0000c000 fd:02 181863164                  /usr/lib/jvm/java-1.8-openjdk/jre/lib/amd64/libverify.so
7fe37440e000-7fe37440f000 rw-p 0000e000 fd:02 181863164                  /usr/lib/jvm/java-1.8-openjdk/jre/lib/amd64/libverify.so
7fe37440f000-7fe37461f000 r-xp 00000000 fd:02 181863311                  /usr/lib/libgcc_s.so.1
7fe37461f000-7fe374620000 r--p 00010000 fd:02 181863311                  /usr/lib/libgcc_s.so.1
7fe374620000-7fe374621000 rw-p 00011000 fd:02 181863311                  /usr/lib/libgcc_s.so.1
7fe374621000-7fe374962000 r-xp 00000000 fd:02 181863414                  /usr/lib/libstdc++.so.6.0.22
7fe374962000-7fe374970000 r--p 00141000 fd:02 181863414                  /usr/lib/libstdc++.so.6.0.22
7fe374970000-7fe374971000 rw-p 0014f000 fd:02 181863414                  /usr/lib/libstdc++.so.6.0.22
7fe374971000-7fe374974000 rw-p 00000000 00:00 0 
7fe374974000-7fe375348000 r-xp 00000000 fd:02 181863169                  /usr/lib/jvm/java-1.8-openjdk/jre/lib/amd64/server/libjvm.so
7fe375348000-7fe3753de000 r--p 007d4000 fd:02 181863169                  /usr/lib/jvm/java-1.8-openjdk/jre/lib/amd64/server/libjvm.so
7fe3753de000-7fe375406000 rw-p 0086a000 fd:02 181863169                  /usr/lib/jvm/java-1.8-openjdk/jre/lib/amd64/server/libjvm.so
7fe375406000-7fe375437000 rw-p 00000000 00:00 0 
7fe375437000-7fe37564c000 r-xp 00000000 fd:02 181666926                  /lib/libz.so.1.2.11
7fe37564c000-7fe37564d000 r--p 00015000 fd:02 181666926                  /lib/libz.so.1.2.11
7fe37564d000-7fe37564e000 rw-p 00016000 fd:02 181666926                  /lib/libz.so.1.2.11
7fe37564e000-7fe37585a000 r-xp 00000000 fd:02 181863130                  /usr/lib/jvm/java-1.8-openjdk/jre/lib/amd64/jli/libjli.so
7fe37585a000-7fe37585b000 r--p 0000c000 fd:02 181863130                  /usr/lib/jvm/java-1.8-openjdk/jre/lib/amd64/jli/libjli.so
7fe37585b000-7fe37585c000 rw-p 0000d000 fd:02 181863130                  /usr/lib/jvm/java-1.8-openjdk/jre/lib/amd64/jli/libjli.so
7fe37585c000-7fe3758e9000 r-xp 00000000 fd:02 181666917                  /lib/ld-musl-x86_64.so.1
7fe3758e9000-7fe3758ea000 r--s 00006000 fd:02 130224518                  /home/user/.m2/repository/org/apache/ratis/ratis-metrics/0.4.0/ratis-metrics-0.4.0.jar
7fe3758ea000-7fe3758ed000 r--s 0000e000 fd:02 130158901                  /home/user/.m2/repository/com/fasterxml/jackson/core/jackson-annotations/2.9.9/jackson-annotations-2.9.9.jar
7fe3758ed000-7fe3758f0000 r--s 000fd000 fd:02 184288282                  /home/user/.m2/repository/org/fusesource/leveldbjni/leveldbjni-all/1.8/leveldbjni-all-1.8.jar
7fe3758f0000-7fe3758f1000 r--s 00005000 fd:02 183959896                  /home/user/.m2/repository/commons-daemon/commons-daemon/1.0.13/commons-daemon-1.0.13.jar
7fe3758f1000-7fe3758f3000 r--s 00008000 fd:02 184288202                  /home/user/.m2/repository/org/eclipse/jetty/jetty-util-ajax/9.3.24.v20180605/jetty-util-ajax-9.3.24.v20180605.jar
7fe3758f3000-7fe3758f7000 r--s 00014000 fd:02 184418643                  /home/user/.m2/repository/org/tukaani/xz/1.0/xz-1.0.jar
7fe3758f7000-7fe3758fc000 r--s 00036000 fd:02 184025625                  /home/user/.m2/repository/org/apache/commons/commons-compress/1.4.1/commons-compress-1.4.1.jar
7fe3758fc000-7fe3758fe000 r--s 00002000 fd:02 184222020                  /home/user/.m2/repository/org/apache/maven/surefire/surefire-logger-api/3.0.0-M1/surefire-logger-api-3.0.0-M1.jar
7fe3758fe000-7fe375903000 r--s 00027000 fd:02 184222002                  /home/user/.m2/repository/org/apache/maven/surefire/surefire-api/3.0.0-M1/surefire-api-3.0.0-M1.jar
7fe375903000-7fe375909000 r--s 00047000 fd:02 184222011                  /home/user/.m2/repository/org/apache/maven/surefire/surefire-booter/3.0.0-M1/surefire-booter-3.0.0-M1.jar
7fe375909000-7fe37590a000 r--s 00004000 fd:05 23860269                   /workdir/hadoop-ozone/ozone-manager/target/surefire/surefirebooter6097671981460015385.jar
7fe37590a000-7fe37590b000 r--s 00000000 fd:02 181666862                  /etc/localtime
7fe37590b000-7fe3759dc000 rw-p 00000000 00:00 0 
7fe3759dc000-7fe3759e4000 rw-s 00000000 fd:02 128518624                  /tmp/hsperfdata_jenkins1000/10885
7fe3759e4000-7fe3759e5000 rw-p 00000000 00:00 0 
7fe3759e5000-7fe3759e6000 r--p 00000000 00:00 0 
7fe3759e6000-7fe3759e8000 ---p 00000000 00:00 0 
7fe3759e8000-7fe3759eb000 ---p 00000000 00:00 0 
7fe3759eb000-7fe375ae9000 rw-p 00000000 00:00 0 
7fe375ae9000-7fe375aea000 r--p 0008d000 fd:02 181666917                  /lib/ld-musl-x86_64.so.1
7fe375aea000-7fe375aeb000 rw-p 0008e000 fd:02 181666917                  /lib/ld-musl-x86_64.so.1
7fe375aeb000-7fe375aee000 rw-p 00000000 00:00 0 
7ffd900f5000-7ffd90117000 rw-p 00000000 00:00 0                          [stack]
7ffd9012c000-7ffd9012e000 r-xp 00000000 00:00 0                          [vdso]
ffffffffff600000-ffffffffff601000 r-xp 00000000 00:00 0                  [vsyscall]

VM Arguments:
jvm_args: -Xmx2048m -XX:+HeapDumpOnOutOfMemoryError 
java_command: /workdir/hadoop-ozone/ozone-manager/target/surefire/surefirebooter6097671981460015385.jar /workdir/hadoop-ozone/ozone-manager/target/surefire 2019-09-21T02-44-01_802-jvmRun1 surefire2336819045075764302tmp surefire_268484958008231264256tmp
java_class_path (initial): /workdir/hadoop-ozone/ozone-manager/target/surefire/surefirebooter6097671981460015385.jar
Launcher Type: SUN_STANDARD

Environment Variables:
PATH=/usr/local/sbin:/usr/local/bin:/usr/sbin:/usr/bin:/sbin:/bin:/opt/findbugs/bin:/opt/blockade/bin
LD_LIBRARY_PATH=/usr/lib/jvm/java-1.8-openjdk/jre/lib/amd64/server:/usr/lib/jvm/java-1.8-openjdk/jre/lib/amd64:/usr/lib/jvm/java-1.8-openjdk/jre/../lib/amd64:/workdir/hadoop-ozone/ozone-manager/target/native/target/usr/local/lib:/workdir/hadoop-ozone/ozone-manager/../../hadoop-common-project/hadoop-common/target/native/target/usr/local/lib
DYLD_LIBRARY_PATH=${env.DYLD_LIBRARY_PATH}:/workdir/hadoop-ozone/ozone-manager/target/native/target/usr/local/lib:/workdir/hadoop-ozone/ozone-manager/../../hadoop-common-project/hadoop-common/target/native/target/usr/local/lib

Signal Handlers:
SIGSEGV: [libjvm.so+0x600fd2], sa_mask[0]=11111111011111111101111111111110, sa_flags=SA_RESTART|SA_SIGINFO
SIGBUS: [libjvm.so+0x600fd2], sa_mask[0]=11111111011111111101111111111110, sa_flags=SA_RESTART|SA_SIGINFO
SIGFPE: [libjvm.so+0x539502], sa_mask[0]=11111111011111111101111111111110, sa_flags=SA_RESTART|SA_SIGINFO
SIGPIPE: [libjvm.so+0x539502], sa_mask[0]=11111111011111111101111111111110, sa_flags=SA_RESTART|SA_SIGINFO
SIGXFSZ: [libjvm.so+0x539502], sa_mask[0]=11111111011111111101111111111110, sa_flags=SA_RESTART|SA_SIGINFO
SIGILL: [libjvm.so+0x539502], sa_mask[0]=11111111011111111101111111111110, sa_flags=SA_RESTART|SA_SIGINFO
SIGUSR1: SIG_DFL, sa_mask[0]=00000000000000000000000000000000, sa_flags=none
SIGUSR2: [libjvm.so+0x5396a1], sa_mask[0]=00100000000000000000000000000000, sa_flags=SA_RESTART|SA_SIGINFO
SIGHUP: [libjvm.so+0x53b719], sa_mask[0]=11111111011111111101111111111110, sa_flags=SA_RESTART|SA_SIGINFO
SIGINT: [libjvm.so+0x53b719], sa_mask[0]=11111111011111111101111111111110, sa_flags=SA_RESTART|SA_SIGINFO
SIGTERM: [libjvm.so+0x53b719], sa_mask[0]=11111111011111111101111111111110, sa_flags=SA_RESTART|SA_SIGINFO
SIGQUIT: [libjvm.so+0x53b719], sa_mask[0]=11111111011111111101111111111110, sa_flags=SA_RESTART|SA_SIGINFO


---------------  S Y S T E M  ---------------

OS:NAME="Alpine Linux"
ID=alpine
VERSION_ID=3.8.2
PRETTY_NAME="Alpine Linux v3.8"
HOME_URL="http://alpinelinux.org"
BUG_REPORT_URL="http://bugs.alpinelinux.org"

uname:Linux 3.10.0-957.12.2.el7.x86_64 #1 SMP Tue May 14 21:24:32 UTC 2019 x86_64
libc:glibc 2.9 NPTL 
rlimit: STACK 8192k, CORE infinity, NPROC 1048576, NOFILE 1048576, AS infinity
load average:5.66 5.45 4.60

/proc/meminfo:
MemTotal:       263864184 kB
MemFree:         1600196 kB
MemAvailable:   230254876 kB
Buffers:        17929736 kB
Cached:         127085336 kB
SwapCached:            0 kB
Active:         86496996 kB
Inactive:       78178664 kB
Active(anon):   22307480 kB
Inactive(anon):  1694304 kB
Active(file):   64189516 kB
Inactive(file): 76484360 kB
Unevictable:       13856 kB
Mlocked:           13856 kB
SwapTotal:             0 kB
SwapFree:              0 kB
Dirty:             41220 kB
Writeback:            32 kB
AnonPages:      19676508 kB
Mapped:           224380 kB
Shmem:           4337012 kB
Slab:           95817176 kB
SReclaimable:   88864984 kB
SUnreclaim:      6952192 kB
KernelStack:       49264 kB
PageTables:        57496 kB
NFS_Unstable:          0 kB
Bounce:                0 kB
WritebackTmp:          0 kB
CommitLimit:    131932092 kB
Committed_AS:   38601704 kB
VmallocTotal:   34359738367 kB
VmallocUsed:      723640 kB
VmallocChunk:   34224674360 kB
HardwareCorrupted:     0 kB
AnonHugePages:   7077888 kB
CmaTotal:              0 kB
CmaFree:               0 kB
HugePages_Total:       0
HugePages_Free:        0
HugePages_Rsvd:        0
HugePages_Surp:        0
Hugepagesize:       2048 kB
DirectMap4k:      367352 kB
DirectMap2M:     8962048 kB
DirectMap1G:    261095424 kB

container (cgroup) information:
container_type: cgroupv1
cpu_cpuset_cpus: 0-31
cpu_memory_nodes: 0-1
active_processor_count: 2
cpu_quota: -1
cpu_period: 100000
cpu_shares: 2048
memory_limit_in_bytes: -1
memory_and_swap_limit_in_bytes: -1
memory_soft_limit_in_bytes: -1
memory_usage_in_bytes: 8882499584
memory_max_usage_in_bytes: 9803034624


CPU:total 32 (initial active 2) (8 cores per cpu, 2 threads per core) family 6 model 63 stepping 2, cmov, cx8, fxsr, mmx, sse, sse2, sse3, ssse3, sse4.1, sse4.2, popcnt, avx, avx2, aes, clmul, erms, lzcnt, ht, tsc, tscinvbit, bmi1, bmi2

/proc/cpuinfo:
processor	: 0
vendor_id	: GenuineIntel
cpu family	: 6
model		: 63
model name	: Intel(R) Xeon(R) CPU E5-2630 v3 @ 2.40GHz
stepping	: 2
microcode	: 0x43
cpu MHz		: 1443.457
cache size	: 20480 KB
physical id	: 0
siblings	: 16
core id		: 0
cpu cores	: 8
apicid		: 0
initial apicid	: 0
fpu		: yes
fpu_exception	: yes
cpuid level	: 15
wp		: yes
flags		: fpu vme de pse tsc msr pae mce cx8 apic sep mtrr pge mca cmov pat pse36 clflush dts acpi mmx fxsr sse sse2 ss ht tm pbe syscall nx pdpe1gb rdtscp lm constant_tsc arch_perfmon pebs bts rep_good nopl xtopology nonstop_tsc aperfmperf eagerfpu pni pclmulqdq dtes64 monitor ds_cpl vmx smx est tm2 ssse3 sdbg fma cx16 xtpr pdcm pcid dca sse4_1 sse4_2 x2apic movbe popcnt tsc_deadline_timer aes xsave avx f16c rdrand lahf_lm abm epb intel_ppin ssbd ibrs ibpb stibp tpr_shadow vnmi flexpriority ept vpid fsgsbase tsc_adjust bmi1 avx2 smep bmi2 erms invpcid cqm xsaveopt cqm_llc cqm_occup_llc dtherm ida arat pln pts md_clear spec_ctrl intel_stibp flush_l1d
bogomips	: 4788.36
clflush size	: 64
cache_alignment	: 64
address sizes	: 46 bits physical, 48 bits virtual
power management:

processor	: 1
vendor_id	: GenuineIntel
cpu family	: 6
model		: 63
model name	: Intel(R) Xeon(R) CPU E5-2630 v3 @ 2.40GHz
stepping	: 2
microcode	: 0x43
cpu MHz		: 1628.906
cache size	: 20480 KB
physical id	: 0
siblings	: 16
core id		: 1
cpu cores	: 8
apicid		: 2
initial apicid	: 2
fpu		: yes
fpu_exception	: yes
cpuid level	: 15
wp		: yes
flags		: fpu vme de pse tsc msr pae mce cx8 apic sep mtrr pge mca cmov pat pse36 clflush dts acpi mmx fxsr sse sse2 ss ht tm pbe syscall nx pdpe1gb rdtscp lm constant_tsc arch_perfmon pebs bts rep_good nopl xtopology nonstop_tsc aperfmperf eagerfpu pni pclmulqdq dtes64 monitor ds_cpl vmx smx est tm2 ssse3 sdbg fma cx16 xtpr pdcm pcid dca sse4_1 sse4_2 x2apic movbe popcnt tsc_deadline_timer aes xsave avx f16c rdrand lahf_lm abm epb intel_ppin ssbd ibrs ibpb stibp tpr_shadow vnmi flexpriority ept vpid fsgsbase tsc_adjust bmi1 avx2 smep bmi2 erms invpcid cqm xsaveopt cqm_llc cqm_occup_llc dtherm ida arat pln pts md_clear spec_ctrl intel_stibp flush_l1d
bogomips	: 4788.36
clflush size	: 64
cache_alignment	: 64
address sizes	: 46 bits physical, 48 bits virtual
power management:

processor	: 2
vendor_id	: GenuineIntel
cpu family	: 6
model		: 63
model name	: Intel(R) Xeon(R) CPU E5-2630 v3 @ 2.40GHz
stepping	: 2
microcode	: 0x43
cpu MHz		: 1241.748
cache size	: 20480 KB
physical id	: 0
siblings	: 16
core id		: 2
cpu cores	: 8
apicid		: 4
initial apicid	: 4
fpu		: yes
fpu_exception	: yes
cpuid level	: 15
wp		: yes
flags		: fpu vme de pse tsc msr pae mce cx8 apic sep mtrr pge mca cmov pat pse36 clflush dts acpi mmx fxsr sse sse2 ss ht tm pbe syscall nx pdpe1gb rdtscp lm constant_tsc arch_perfmon pebs bts rep_good nopl xtopology nonstop_tsc aperfmperf eagerfpu pni pclmulqdq dtes64 monitor ds_cpl vmx smx est tm2 ssse3 sdbg fma cx16 xtpr pdcm pcid dca sse4_1 sse4_2 x2apic movbe popcnt tsc_deadline_timer aes xsave avx f16c rdrand lahf_lm abm epb intel_ppin ssbd ibrs ibpb stibp tpr_shadow vnmi flexpriority ept vpid fsgsbase tsc_adjust bmi1 avx2 smep bmi2 erms invpcid cqm xsaveopt cqm_llc cqm_occup_llc dtherm ida arat pln pts md_clear spec_ctrl intel_stibp flush_l1d
bogomips	: 4788.36
clflush size	: 64
cache_alignment	: 64
address sizes	: 46 bits physical, 48 bits virtual
power management:

processor	: 3
vendor_id	: GenuineIntel
cpu family	: 6
model		: 63
model name	: Intel(R) Xeon(R) CPU E5-2630 v3 @ 2.40GHz
stepping	: 2
microcode	: 0x43
cpu MHz		: 1398.486
cache size	: 20480 KB
physical id	: 0
siblings	: 16
core id		: 3
cpu cores	: 8
apicid		: 6
initial apicid	: 6
fpu		: yes
fpu_exception	: yes
cpuid level	: 15
wp		: yes
flags		: fpu vme de pse tsc msr pae mce cx8 apic sep mtrr pge mca cmov pat pse36 clflush dts acpi mmx fxsr sse sse2 ss ht tm pbe syscall nx pdpe1gb rdtscp lm constant_tsc arch_perfmon pebs bts rep_good nopl xtopology nonstop_tsc aperfmperf eagerfpu pni pclmulqdq dtes64 monitor ds_cpl vmx smx est tm2 ssse3 sdbg fma cx16 xtpr pdcm pcid dca sse4_1 sse4_2 x2apic movbe popcnt tsc_deadline_timer aes xsave avx f16c rdrand lahf_lm abm epb intel_ppin ssbd ibrs ibpb stibp tpr_shadow vnmi flexpriority ept vpid fsgsbase tsc_adjust bmi1 avx2 smep bmi2 erms invpcid cqm xsaveopt cqm_llc cqm_occup_llc dtherm ida arat pln pts md_clear spec_ctrl intel_stibp flush_l1d
bogomips	: 4788.36
clflush size	: 64
cache_alignment	: 64
address sizes	: 46 bits physical, 48 bits virtual
power management:

processor	: 4
vendor_id	: GenuineIntel
cpu family	: 6
model		: 63
model name	: Intel(R) Xeon(R) CPU E5-2630 v3 @ 2.40GHz
stepping	: 2
microcode	: 0x43
cpu MHz		: 2400.000
cache size	: 20480 KB
physical id	: 0
siblings	: 16
core id		: 4
cpu cores	: 8
apicid		: 8
initial apicid	: 8
fpu		: yes
fpu_exception	: yes
cpuid level	: 15
wp		: yes
flags		: fpu vme de pse tsc msr pae mce cx8 apic sep mtrr pge mca cmov pat pse36 clflush dts acpi mmx fxsr sse sse2 ss ht tm pbe syscall nx pdpe1gb rdtscp lm constant_tsc arch_perfmon pebs bts rep_good nopl xtopology nonstop_tsc aperfmperf eagerfpu pni pclmulqdq dtes64 monitor ds_cpl vmx smx est tm2 ssse3 sdbg fma cx16 xtpr pdcm pcid dca sse4_1 sse4_2 x2apic movbe popcnt tsc_deadline_timer aes xsave avx f16c rdrand lahf_lm abm epb intel_ppin ssbd ibrs ibpb stibp tpr_shadow vnmi flexpriority ept vpid fsgsbase tsc_adjust bmi1 avx2 smep bmi2 erms invpcid cqm xsaveopt cqm_llc cqm_occup_llc dtherm ida arat pln pts md_clear spec_ctrl intel_stibp flush_l1d
bogomips	: 4788.36
clflush size	: 64
cache_alignment	: 64
address sizes	: 46 bits physical, 48 bits virtual
power management:

processor	: 5
vendor_id	: GenuineIntel
cpu family	: 6
model		: 63
model name	: Intel(R) Xeon(R) CPU E5-2630 v3 @ 2.40GHz
stepping	: 2
microcode	: 0x43
cpu MHz		: 1802.636
cache size	: 20480 KB
physical id	: 0
siblings	: 16
core id		: 5
cpu cores	: 8
apicid		: 10
initial apicid	: 10
fpu		: yes
fpu_exception	: yes
cpuid level	: 15
wp		: yes
flags		: fpu vme de pse tsc msr pae mce cx8 apic sep mtrr pge mca cmov pat pse36 clflush dts acpi mmx fxsr sse sse2 ss ht tm pbe syscall nx pdpe1gb rdtscp lm constant_tsc arch_perfmon pebs bts rep_good nopl xtopology nonstop_tsc aperfmperf eagerfpu pni pclmulqdq dtes64 monitor ds_cpl vmx smx est tm2 ssse3 sdbg fma cx16 xtpr pdcm pcid dca sse4_1 sse4_2 x2apic movbe popcnt tsc_deadline_timer aes xsave avx f16c rdrand lahf_lm abm epb intel_ppin ssbd ibrs ibpb stibp tpr_shadow vnmi flexpriority ept vpid fsgsbase tsc_adjust bmi1 avx2 smep bmi2 erms invpcid cqm xsaveopt cqm_llc cqm_occup_llc dtherm ida arat pln pts md_clear spec_ctrl intel_stibp flush_l1d
bogomips	: 4788.36
clflush size	: 64
cache_alignment	: 64
address sizes	: 46 bits physical, 48 bits virtual
power management:

processor	: 6
vendor_id	: GenuineIntel
cpu family	: 6
model		: 63
model name	: Intel(R) Xeon(R) CPU E5-2630 v3 @ 2.40GHz
stepping	: 2
microcode	: 0x43
cpu MHz		: 2400.000
cache size	: 20480 KB
physical id	: 0
siblings	: 16
core id		: 6
cpu cores	: 8
apicid		: 12
initial apicid	: 12
fpu		: yes
fpu_exception	: yes
cpuid level	: 15
wp		: yes
flags		: fpu vme de pse tsc msr pae mce cx8 apic sep mtrr pge mca cmov pat pse36 clflush dts acpi mmx fxsr sse sse2 ss ht tm pbe syscall nx pdpe1gb rdtscp lm constant_tsc arch_perfmon pebs bts rep_good nopl xtopology nonstop_tsc aperfmperf eagerfpu pni pclmulqdq dtes64 monitor ds_cpl vmx smx est tm2 ssse3 sdbg fma cx16 xtpr pdcm pcid dca sse4_1 sse4_2 x2apic movbe popcnt tsc_deadline_timer aes xsave avx f16c rdrand lahf_lm abm epb intel_ppin ssbd ibrs ibpb stibp tpr_shadow vnmi flexpriority ept vpid fsgsbase tsc_adjust bmi1 avx2 smep bmi2 erms invpcid cqm xsaveopt cqm_llc cqm_occup_llc dtherm ida arat pln pts md_clear spec_ctrl intel_stibp flush_l1d
bogomips	: 4788.36
clflush size	: 64
cache_alignment	: 64
address sizes	: 46 bits physical, 48 bits virtual
power management:

processor	: 7
vendor_id	: GenuineIntel
cpu family	: 6
model		: 63
model name	: Intel(R) Xeon(R) CPU E5-2630 v3 @ 2.40GHz
stepping	: 2
microcode	: 0x43
cpu MHz		: 2260.107
cache size	: 20480 KB
physical id	: 0
siblings	: 16
core id		: 7
cpu cores	: 8
apicid		: 14
initial apicid	: 14
fpu		: yes
fpu_exception	: yes
cpuid level	: 15
wp		: yes
flags		: fpu vme de pse tsc msr pae mce cx8 apic sep mtrr pge mca cmov pat pse36 clflush dts acpi mmx fxsr sse sse2 ss ht tm pbe syscall nx pdpe1gb rdtscp lm constant_tsc arch_perfmon pebs bts rep_good nopl xtopology nonstop_tsc aperfmperf eagerfpu pni pclmulqdq dtes64 monitor ds_cpl vmx smx est tm2 ssse3 sdbg fma cx16 xtpr pdcm pcid dca sse4_1 sse4_2 x2apic movbe popcnt tsc_deadline_timer aes xsave avx f16c rdrand lahf_lm abm epb intel_ppin ssbd ibrs ibpb stibp tpr_shadow vnmi flexpriority ept vpid fsgsbase tsc_adjust bmi1 avx2 smep bmi2 erms invpcid cqm xsaveopt cqm_llc cqm_occup_llc dtherm ida arat pln pts md_clear spec_ctrl intel_stibp flush_l1d
bogomips	: 4788.36
clflush size	: 64
cache_alignment	: 64
address sizes	: 46 bits physical, 48 bits virtual
power management:

processor	: 8
vendor_id	: GenuineIntel
cpu family	: 6
model		: 63
model name	: Intel(R) Xeon(R) CPU E5-2630 v3 @ 2.40GHz
stepping	: 2
microcode	: 0x43
cpu MHz		: 1317.919
cache size	: 20480 KB
physical id	: 1
siblings	: 16
core id		: 0
cpu cores	: 8
apicid		: 16
initial apicid	: 16
fpu		: yes
fpu_exception	: yes
cpuid level	: 15
wp		: yes
flags		: fpu vme de pse tsc msr pae mce cx8 apic sep mtrr pge mca cmov pat pse36 clflush dts acpi mmx fxsr sse sse2 ss ht tm pbe syscall nx pdpe1gb rdtscp lm constant_tsc arch_perfmon pebs bts rep_good nopl xtopology nonstop_tsc aperfmperf eagerfpu pni pclmulqdq dtes64 monitor ds_cpl vmx smx est tm2 ssse3 sdbg fma cx16 xtpr pdcm pcid dca sse4_1 sse4_2 x2apic movbe popcnt tsc_deadline_timer aes xsave avx f16c rdrand lahf_lm abm epb intel_ppin ssbd ibrs ibpb stibp tpr_shadow vnmi flexpriority ept vpid fsgsbase tsc_adjust bmi1 avx2 smep bmi2 erms invpcid cqm xsaveopt cqm_llc cqm_occup_llc dtherm ida arat pln pts md_clear spec_ctrl intel_stibp flush_l1d
bogomips	: 4793.69
clflush size	: 64
cache_alignment	: 64
address sizes	: 46 bits physical, 48 bits virtual
power management:

processor	: 9
vendor_id	: GenuineIntel
cpu family	: 6
model		: 63
model name	: Intel(R) Xeon(R) CPU E5-2630 v3 @ 2.40GHz
stepping	: 2
microcode	: 0x43
cpu MHz		: 1636.083
cache size	: 20480 KB
physical id	: 1
siblings	: 16
core id		: 1
cpu cores	: 8
apicid		: 18
initial apicid	: 18
fpu		: yes
fpu_exception	: yes
cpuid level	: 15
wp		: yes
flags		: fpu vme de pse tsc msr pae mce cx8 apic sep mtrr pge mca cmov pat pse36 clflush dts acpi mmx fxsr sse sse2 ss ht tm pbe syscall nx pdpe1gb rdtscp lm constant_tsc arch_perfmon pebs bts rep_good nopl xtopology nonstop_tsc aperfmperf eagerfpu pni pclmulqdq dtes64 monitor ds_cpl vmx smx est tm2 ssse3 sdbg fma cx16 xtpr pdcm pcid dca sse4_1 sse4_2 x2apic movbe popcnt tsc_deadline_timer aes xsave avx f16c rdrand lahf_lm abm epb intel_ppin ssbd ibrs ibpb stibp tpr_shadow vnmi flexpriority ept vpid fsgsbase tsc_adjust bmi1 avx2 smep bmi2 erms invpcid cqm xsaveopt cqm_llc cqm_occup_llc dtherm ida arat pln pts md_clear spec_ctrl intel_stibp flush_l1d
bogomips	: 4793.69
clflush size	: 64
cache_alignment	: 64
address sizes	: 46 bits physical, 48 bits virtual
power management:

processor	: 10
vendor_id	: GenuineIntel
cpu family	: 6
model		: 63
model name	: Intel(R) Xeon(R) CPU E5-2630 v3 @ 2.40GHz
stepping	: 2
microcode	: 0x43
cpu MHz		: 1200.000
cache size	: 20480 KB
physical id	: 1
siblings	: 16
core id		: 2
cpu cores	: 8
apicid		: 20
initial apicid	: 20
fpu		: yes
fpu_exception	: yes
cpuid level	: 15
wp		: yes
flags		: fpu vme de pse tsc msr pae mce cx8 apic sep mtrr pge mca cmov pat pse36 clflush dts acpi mmx fxsr sse sse2 ss ht tm pbe syscall nx pdpe1gb rdtscp lm constant_tsc arch_perfmon pebs bts rep_good nopl xtopology nonstop_tsc aperfmperf eagerfpu pni pclmulqdq dtes64 monitor ds_cpl vmx smx est tm2 ssse3 sdbg fma cx16 xtpr pdcm pcid dca sse4_1 sse4_2 x2apic movbe popcnt tsc_deadline_timer aes xsave avx f16c rdrand lahf_lm abm epb intel_ppin ssbd ibrs ibpb stibp tpr_shadow vnmi flexpriority ept vpid fsgsbase tsc_adjust bmi1 avx2 smep bmi2 erms invpcid cqm xsaveopt cqm_llc cqm_occup_llc dtherm ida arat pln pts md_clear spec_ctrl intel_stibp flush_l1d
bogomips	: 4793.69
clflush size	: 64
cache_alignment	: 64
address sizes	: 46 bits physical, 48 bits virtual
power management:

processor	: 11
vendor_id	: GenuineIntel
cpu family	: 6
model		: 63
model name	: Intel(R) Xeon(R) CPU E5-2630 v3 @ 2.40GHz
stepping	: 2
microcode	: 0x43
cpu MHz		: 2143.798
cache size	: 20480 KB
physical id	: 1
siblings	: 16
core id		: 3
cpu cores	: 8
apicid		: 22
initial apicid	: 22
fpu		: yes
fpu_exception	: yes
cpuid level	: 15
wp		: yes
flags		: fpu vme de pse tsc msr pae mce cx8 apic sep mtrr pge mca cmov pat pse36 clflush dts acpi mmx fxsr sse sse2 ss ht tm pbe syscall nx pdpe1gb rdtscp lm constant_tsc arch_perfmon pebs bts rep_good nopl xtopology nonstop_tsc aperfmperf eagerfpu pni pclmulqdq dtes64 monitor ds_cpl vmx smx est tm2 ssse3 sdbg fma cx16 xtpr pdcm pcid dca sse4_1 sse4_2 x2apic movbe popcnt tsc_deadline_timer aes xsave avx f16c rdrand lahf_lm abm epb intel_ppin ssbd ibrs ibpb stibp tpr_shadow vnmi flexpriority ept vpid fsgsbase tsc_adjust bmi1 avx2 smep bmi2 erms invpcid cqm xsaveopt cqm_llc cqm_occup_llc dtherm ida arat pln pts md_clear spec_ctrl intel_stibp flush_l1d
bogomips	: 4793.69
clflush size	: 64
cache_alignment	: 64
address sizes	: 46 bits physical, 48 bits virtual
power management:

processor	: 12
vendor_id	: GenuineIntel
cpu family	: 6
model		: 63
model name	: Intel(R) Xeon(R) CPU E5-2630 v3 @ 2.40GHz
stepping	: 2
microcode	: 0x43
cpu MHz		: 2400.000
cache size	: 20480 KB
physical id	: 1
siblings	: 16
core id		: 4
cpu cores	: 8
apicid		: 24
initial apicid	: 24
fpu		: yes
fpu_exception	: yes
cpuid level	: 15
wp		: yes
flags		: fpu vme de pse tsc msr pae mce cx8 apic sep mtrr pge mca cmov pat pse36 clflush dts acpi mmx fxsr sse sse2 ss ht tm pbe syscall nx pdpe1gb rdtscp lm constant_tsc arch_perfmon pebs bts rep_good nopl xtopology nonstop_tsc aperfmperf eagerfpu pni pclmulqdq dtes64 monitor ds_cpl vmx smx est tm2 ssse3 sdbg fma cx16 xtpr pdcm pcid dca sse4_1 sse4_2 x2apic movbe popcnt tsc_deadline_timer aes xsave avx f16c rdrand lahf_lm abm epb intel_ppin ssbd ibrs ibpb stibp tpr_shadow vnmi flexpriority ept vpid fsgsbase tsc_adjust bmi1 avx2 smep bmi2 erms invpcid cqm xsaveopt cqm_llc cqm_occup_llc dtherm ida arat pln pts md_clear spec_ctrl intel_stibp flush_l1d
bogomips	: 4793.69
clflush size	: 64
cache_alignment	: 64
address sizes	: 46 bits physical, 48 bits virtual
power management:

processor	: 13
vendor_id	: GenuineIntel
cpu family	: 6
model		: 63
model name	: Intel(R) Xeon(R) CPU E5-2630 v3 @ 2.40GHz
stepping	: 2
microcode	: 0x43
cpu MHz		: 1397.021
cache size	: 20480 KB
physical id	: 1
siblings	: 16
core id		: 5
cpu cores	: 8
apicid		: 26
initial apicid	: 26
fpu		: yes
fpu_exception	: yes
cpuid level	: 15
wp		: yes
flags		: fpu vme de pse tsc msr pae mce cx8 apic sep mtrr pge mca cmov pat pse36 clflush dts acpi mmx fxsr sse sse2 ss ht tm pbe syscall nx pdpe1gb rdtscp lm constant_tsc arch_perfmon pebs bts rep_good nopl xtopology nonstop_tsc aperfmperf eagerfpu pni pclmulqdq dtes64 monitor ds_cpl vmx smx est tm2 ssse3 sdbg fma cx16 xtpr pdcm pcid dca sse4_1 sse4_2 x2apic movbe popcnt tsc_deadline_timer aes xsave avx f16c rdrand lahf_lm abm epb intel_ppin ssbd ibrs ibpb stibp tpr_shadow vnmi flexpriority ept vpid fsgsbase tsc_adjust bmi1 avx2 smep bmi2 erms invpcid cqm xsaveopt cqm_llc cqm_occup_llc dtherm ida arat pln pts md_clear spec_ctrl intel_stibp flush_l1d
bogomips	: 4793.69
clflush size	: 64
cache_alignment	: 64
address sizes	: 46 bits physical, 48 bits virtual
power management:

processor	: 14
vendor_id	: GenuineIntel
cpu family	: 6
model		: 63
model name	: Intel(R) Xeon(R) CPU E5-2630 v3 @ 2.40GHz
stepping	: 2
microcode	: 0x43
cpu MHz		: 1960.546
cache size	: 20480 KB
physical id	: 1
siblings	: 16
core id		: 6
cpu cores	: 8
apicid		: 28
initial apicid	: 28
fpu		: yes
fpu_exception	: yes
cpuid level	: 15
wp		: yes
flags		: fpu vme de pse tsc msr pae mce cx8 apic sep mtrr pge mca cmov pat pse36 clflush dts acpi mmx fxsr sse sse2 ss ht tm pbe syscall nx pdpe1gb rdtscp lm constant_tsc arch_perfmon pebs bts rep_good nopl xtopology nonstop_tsc aperfmperf eagerfpu pni pclmulqdq dtes64 monitor ds_cpl vmx smx est tm2 ssse3 sdbg fma cx16 xtpr pdcm pcid dca sse4_1 sse4_2 x2apic movbe popcnt tsc_deadline_timer aes xsave avx f16c rdrand lahf_lm abm epb intel_ppin ssbd ibrs ibpb stibp tpr_shadow vnmi flexpriority ept vpid fsgsbase tsc_adjust bmi1 avx2 smep bmi2 erms invpcid cqm xsaveopt cqm_llc cqm_occup_llc dtherm ida arat pln pts md_clear spec_ctrl intel_stibp flush_l1d
bogomips	: 4793.69
clflush size	: 64
cache_alignment	: 64
address sizes	: 46 bits physical, 48 bits virtual
power management:

processor	: 15
vendor_id	: GenuineIntel
cpu family	: 6
model		: 63
model name	: Intel(R) Xeon(R) CPU E5-2630 v3 @ 2.40GHz
stepping	: 2
microcode	: 0x43
cpu MHz		: 1799.414
cache size	: 20480 KB
physical id	: 1
siblings	: 16
core id		: 7
cpu cores	: 8
apicid		: 30
initial apicid	: 30
fpu		: yes
fpu_exception	: yes
cpuid level	: 15
wp		: yes
flags		: fpu vme de pse tsc msr pae mce cx8 apic sep mtrr pge mca cmov pat pse36 clflush dts acpi mmx fxsr sse sse2 ss ht tm pbe syscall nx pdpe1gb rdtscp lm constant_tsc arch_perfmon pebs bts rep_good nopl xtopology nonstop_tsc aperfmperf eagerfpu pni pclmulqdq dtes64 monitor ds_cpl vmx smx est tm2 ssse3 sdbg fma cx16 xtpr pdcm pcid dca sse4_1 sse4_2 x2apic movbe popcnt tsc_deadline_timer aes xsave avx f16c rdrand lahf_lm abm epb intel_ppin ssbd ibrs ibpb stibp tpr_shadow vnmi flexpriority ept vpid fsgsbase tsc_adjust bmi1 avx2 smep bmi2 erms invpcid cqm xsaveopt cqm_llc cqm_occup_llc dtherm ida arat pln pts md_clear spec_ctrl intel_stibp flush_l1d
bogomips	: 4793.69
clflush size	: 64
cache_alignment	: 64
address sizes	: 46 bits physical, 48 bits virtual
power management:

processor	: 16
vendor_id	: GenuineIntel
cpu family	: 6
model		: 63
model name	: Intel(R) Xeon(R) CPU E5-2630 v3 @ 2.40GHz
stepping	: 2
microcode	: 0x43
cpu MHz		: 1292.724
cache size	: 20480 KB
physical id	: 0
siblings	: 16
core id		: 0
cpu cores	: 8
apicid		: 1
initial apicid	: 1
fpu		: yes
fpu_exception	: yes
cpuid level	: 15
wp		: yes
flags		: fpu vme de pse tsc msr pae mce cx8 apic sep mtrr pge mca cmov pat pse36 clflush dts acpi mmx fxsr sse sse2 ss ht tm pbe syscall nx pdpe1gb rdtscp lm constant_tsc arch_perfmon pebs bts rep_good nopl xtopology nonstop_tsc aperfmperf eagerfpu pni pclmulqdq dtes64 monitor ds_cpl vmx smx est tm2 ssse3 sdbg fma cx16 xtpr pdcm pcid dca sse4_1 sse4_2 x2apic movbe popcnt tsc_deadline_timer aes xsave avx f16c rdrand lahf_lm abm epb intel_ppin ssbd ibrs ibpb stibp tpr_shadow vnmi flexpriority ept vpid fsgsbase tsc_adjust bmi1 avx2 smep bmi2 erms invpcid cqm xsaveopt cqm_llc cqm_occup_llc dtherm ida arat pln pts md_clear spec_ctrl intel_stibp flush_l1d
bogomips	: 4788.36
clflush size	: 64
cache_alignment	: 64
address sizes	: 46 bits physical, 48 bits virtual
power management:

processor	: 17
vendor_id	: GenuineIntel
cpu family	: 6
model		: 63
model name	: Intel(R) Xeon(R) CPU E5-2630 v3 @ 2.40GHz
stepping	: 2
microcode	: 0x43
cpu MHz		: 1699.365
cache size	: 20480 KB
physical id	: 0
siblings	: 16
core id		: 1
cpu cores	: 8
apicid		: 3
initial apicid	: 3
fpu		: yes
fpu_exception	: yes
cpuid level	: 15
wp		: yes
flags		: fpu vme de pse tsc msr pae mce cx8 apic sep mtrr pge mca cmov pat pse36 clflush dts acpi mmx fxsr sse sse2 ss ht tm pbe syscall nx pdpe1gb rdtscp lm constant_tsc arch_perfmon pebs bts rep_good nopl xtopology nonstop_tsc aperfmperf eagerfpu pni pclmulqdq dtes64 monitor ds_cpl vmx smx est tm2 ssse3 sdbg fma cx16 xtpr pdcm pcid dca sse4_1 sse4_2 x2apic movbe popcnt tsc_deadline_timer aes xsave avx f16c rdrand lahf_lm abm epb intel_ppin ssbd ibrs ibpb stibp tpr_shadow vnmi flexpriority ept vpid fsgsbase tsc_adjust bmi1 avx2 smep bmi2 erms invpcid cqm xsaveopt cqm_llc cqm_occup_llc dtherm ida arat pln pts md_clear spec_ctrl intel_stibp flush_l1d
bogomips	: 4788.36
clflush size	: 64
cache_alignment	: 64
address sizes	: 46 bits physical, 48 bits virtual
power management:

processor	: 18
vendor_id	: GenuineIntel
cpu family	: 6
model		: 63
model name	: Intel(R) Xeon(R) CPU E5-2630 v3 @ 2.40GHz
stepping	: 2
microcode	: 0x43
cpu MHz		: 1301.220
cache size	: 20480 KB
physical id	: 0
siblings	: 16
core id		: 2
cpu cores	: 8
apicid		: 5
initial apicid	: 5
fpu		: yes
fpu_exception	: yes
cpuid level	: 15
wp		: yes
flags		: fpu vme de pse tsc msr pae mce cx8 apic sep mtrr pge mca cmov pat pse36 clflush dts acpi mmx fxsr sse sse2 ss ht tm pbe syscall nx pdpe1gb rdtscp lm constant_tsc arch_perfmon pebs bts rep_good nopl xtopology nonstop_tsc aperfmperf eagerfpu pni pclmulqdq dtes64 monitor ds_cpl vmx smx est tm2 ssse3 sdbg fma cx16 xtpr pdcm pcid dca sse4_1 sse4_2 x2apic movbe popcnt tsc_deadline_timer aes xsave avx f16c rdrand lahf_lm abm epb intel_ppin ssbd ibrs ibpb stibp tpr_shadow vnmi flexpriority ept vpid fsgsbase tsc_adjust bmi1 avx2 smep bmi2 erms invpcid cqm xsaveopt cqm_llc cqm_occup_llc dtherm ida arat pln pts md_clear spec_ctrl intel_stibp flush_l1d
bogomips	: 4788.36
clflush size	: 64
cache_alignment	: 64
address sizes	: 46 bits physical, 48 bits virtual
power management:

processor	: 19
vendor_id	: GenuineIntel
cpu family	: 6
model		: 63
model name	: Intel(R) Xeon(R) CPU E5-2630 v3 @ 2.40GHz
stepping	: 2
microcode	: 0x43
cpu MHz		: 1403.906
cache size	: 20480 KB
physical id	: 0
siblings	: 16
core id		: 3
cpu cores	: 8
apicid		: 7
initial apicid	: 7
fpu		: yes
fpu_exception	: yes
cpuid level	: 15
wp		: yes
flags		: fpu vme de pse tsc msr pae mce cx8 apic sep mtrr pge mca cmov pat pse36 clflush dts acpi mmx fxsr sse sse2 ss ht tm pbe syscall nx pdpe1gb rdtscp lm constant_tsc arch_perfmon pebs bts rep_good nopl xtopology nonstop_tsc aperfmperf eagerfpu pni pclmulqdq dtes64 monitor ds_cpl vmx smx est tm2 ssse3 sdbg fma cx16 xtpr pdcm pcid dca sse4_1 sse4_2 x2apic movbe popcnt tsc_deadline_timer aes xsave avx f16c rdrand lahf_lm abm epb intel_ppin ssbd ibrs ibpb stibp tpr_shadow vnmi flexpriority ept vpid fsgsbase tsc_adjust bmi1 avx2 smep bmi2 erms invpcid cqm xsaveopt cqm_llc cqm_occup_llc dtherm ida arat pln pts md_clear spec_ctrl intel_stibp flush_l1d
bogomips	: 4788.36
clflush size	: 64
cache_alignment	: 64
address sizes	: 46 bits physical, 48 bits virtual
power management:

processor	: 20
vendor_id	: GenuineIntel
cpu family	: 6
model		: 63
model name	: Intel(R) Xeon(R) CPU E5-2630 v3 @ 2.40GHz
stepping	: 2
microcode	: 0x43
cpu MHz		: 2400.000
cache size	: 20480 KB
physical id	: 0
siblings	: 16
core id		: 4
cpu cores	: 8
apicid		: 9
initial apicid	: 9
fpu		: yes
fpu_exception	: yes
cpuid level	: 15
wp		: yes
flags		: fpu vme de pse tsc msr pae mce cx8 apic sep mtrr pge mca cmov pat pse36 clflush dts acpi mmx fxsr sse sse2 ss ht tm pbe syscall nx pdpe1gb rdtscp lm constant_tsc arch_perfmon pebs bts rep_good nopl xtopology nonstop_tsc aperfmperf eagerfpu pni pclmulqdq dtes64 monitor ds_cpl vmx smx est tm2 ssse3 sdbg fma cx16 xtpr pdcm pcid dca sse4_1 sse4_2 x2apic movbe popcnt tsc_deadline_timer aes xsave avx f16c rdrand lahf_lm abm epb intel_ppin ssbd ibrs ibpb stibp tpr_shadow vnmi flexpriority ept vpid fsgsbase tsc_adjust bmi1 avx2 smep bmi2 erms invpcid cqm xsaveopt cqm_llc cqm_occup_llc dtherm ida arat pln pts md_clear spec_ctrl intel_stibp flush_l1d
bogomips	: 4788.36
clflush size	: 64
cache_alignment	: 64
address sizes	: 46 bits physical, 48 bits virtual
power management:

processor	: 21
vendor_id	: GenuineIntel
cpu family	: 6
model		: 63
model name	: Intel(R) Xeon(R) CPU E5-2630 v3 @ 2.40GHz
stepping	: 2
microcode	: 0x43
cpu MHz		: 1996.582
cache size	: 20480 KB
physical id	: 0
siblings	: 16
core id		: 5
cpu cores	: 8
apicid		: 11
initial apicid	: 11
fpu		: yes
fpu_exception	: yes
cpuid level	: 15
wp		: yes
flags		: fpu vme de pse tsc msr pae mce cx8 apic sep mtrr pge mca cmov pat pse36 clflush dts acpi mmx fxsr sse sse2 ss ht tm pbe syscall nx pdpe1gb rdtscp lm constant_tsc arch_perfmon pebs bts rep_good nopl xtopology nonstop_tsc aperfmperf eagerfpu pni pclmulqdq dtes64 monitor ds_cpl vmx smx est tm2 ssse3 sdbg fma cx16 xtpr pdcm pcid dca sse4_1 sse4_2 x2apic movbe popcnt tsc_deadline_timer aes xsave avx f16c rdrand lahf_lm abm epb intel_ppin ssbd ibrs ibpb stibp tpr_shadow vnmi flexpriority ept vpid fsgsbase tsc_adjust bmi1 avx2 smep bmi2 erms invpcid cqm xsaveopt cqm_llc cqm_occup_llc dtherm ida arat pln pts md_clear spec_ctrl intel_stibp flush_l1d
bogomips	: 4788.36
clflush size	: 64
cache_alignment	: 64
address sizes	: 46 bits physical, 48 bits virtual
power management:

processor	: 22
vendor_id	: GenuineIntel
cpu family	: 6
model		: 63
model name	: Intel(R) Xeon(R) CPU E5-2630 v3 @ 2.40GHz
stepping	: 2
microcode	: 0x43
cpu MHz		: 2400.000
cache size	: 20480 KB
physical id	: 0
siblings	: 16
core id		: 6
cpu cores	: 8
apicid		: 13
initial apicid	: 13
fpu		: yes
fpu_exception	: yes
cpuid level	: 15
wp		: yes
flags		: fpu vme de pse tsc msr pae mce cx8 apic sep mtrr pge mca cmov pat pse36 clflush dts acpi mmx fxsr sse sse2 ss ht tm pbe syscall nx pdpe1gb rdtscp lm constant_tsc arch_perfmon pebs bts rep_good nopl xtopology nonstop_tsc aperfmperf eagerfpu pni pclmulqdq dtes64 monitor ds_cpl vmx smx est tm2 ssse3 sdbg fma cx16 xtpr pdcm pcid dca sse4_1 sse4_2 x2apic movbe popcnt tsc_deadline_timer aes xsave avx f16c rdrand lahf_lm abm epb intel_ppin ssbd ibrs ibpb stibp tpr_shadow vnmi flexpriority ept vpid fsgsbase tsc_adjust bmi1 avx2 smep bmi2 erms invpcid cqm xsaveopt cqm_llc cqm_occup_llc dtherm ida arat pln pts md_clear spec_ctrl intel_stibp flush_l1d
bogomips	: 4788.36
clflush size	: 64
cache_alignment	: 64
address sizes	: 46 bits physical, 48 bits virtual
power management:

processor	: 23
vendor_id	: GenuineIntel
cpu family	: 6
model		: 63
model name	: Intel(R) Xeon(R) CPU E5-2630 v3 @ 2.40GHz
stepping	: 2
microcode	: 0x43
cpu MHz		: 2367.626
cache size	: 20480 KB
physical id	: 0
siblings	: 16
core id		: 7
cpu cores	: 8
apicid		: 15
initial apicid	: 15
fpu		: yes
fpu_exception	: yes
cpuid level	: 15
wp		: yes
flags		: fpu vme de pse tsc msr pae mce cx8 apic sep mtrr pge mca cmov pat pse36 clflush dts acpi mmx fxsr sse sse2 ss ht tm pbe syscall nx pdpe1gb rdtscp lm constant_tsc arch_perfmon pebs bts rep_good nopl xtopology nonstop_tsc aperfmperf eagerfpu pni pclmulqdq dtes64 monitor ds_cpl vmx smx est tm2 ssse3 sdbg fma cx16 xtpr pdcm pcid dca sse4_1 sse4_2 x2apic movbe popcnt tsc_deadline_timer aes xsave avx f16c rdrand lahf_lm abm epb intel_ppin ssbd ibrs ibpb stibp tpr_shadow vnmi flexpriority ept vpid fsgsbase tsc_adjust bmi1 avx2 smep bmi2 erms invpcid cqm xsaveopt cqm_llc cqm_occup_llc dtherm ida arat pln pts md_clear spec_ctrl intel_stibp flush_l1d
bogomips	: 4788.36
clflush size	: 64
cache_alignment	: 64
address sizes	: 46 bits physical, 48 bits virtual
power management:

processor	: 24
vendor_id	: GenuineIntel
cpu family	: 6
model		: 63
model name	: Intel(R) Xeon(R) CPU E5-2630 v3 @ 2.40GHz
stepping	: 2
microcode	: 0x43
cpu MHz		: 2400.000
cache size	: 20480 KB
physical id	: 1
siblings	: 16
core id		: 0
cpu cores	: 8
apicid		: 17
initial apicid	: 17
fpu		: yes
fpu_exception	: yes
cpuid level	: 15
wp		: yes
flags		: fpu vme de pse tsc msr pae mce cx8 apic sep mtrr pge mca cmov pat pse36 clflush dts acpi mmx fxsr sse sse2 ss ht tm pbe syscall nx pdpe1gb rdtscp lm constant_tsc arch_perfmon pebs bts rep_good nopl xtopology nonstop_tsc aperfmperf eagerfpu pni pclmulqdq dtes64 monitor ds_cpl vmx smx est tm2 ssse3 sdbg fma cx16 xtpr pdcm pcid dca sse4_1 sse4_2 x2apic movbe popcnt tsc_deadline_timer aes xsave avx f16c rdrand lahf_lm abm epb intel_ppin ssbd ibrs ibpb stibp tpr_shadow vnmi flexpriority ept vpid fsgsbase tsc_adjust bmi1 avx2 smep bmi2 erms invpcid cqm xsaveopt cqm_llc cqm_occup_llc dtherm ida arat pln pts md_clear spec_ctrl intel_stibp flush_l1d
bogomips	: 4793.69
clflush size	: 64
cache_alignment	: 64
address sizes	: 46 bits physical, 48 bits virtual
power management:

processor	: 25
vendor_id	: GenuineIntel
cpu family	: 6
model		: 63
model name	: Intel(R) Xeon(R) CPU E5-2630 v3 @ 2.40GHz
stepping	: 2
microcode	: 0x43
cpu MHz		: 1695.849
cache size	: 20480 KB
physical id	: 1
siblings	: 16
core id		: 1
cpu cores	: 8
apicid		: 19
initial apicid	: 19
fpu		: yes
fpu_exception	: yes
cpuid level	: 15
wp		: yes
flags		: fpu vme de pse tsc msr pae mce cx8 apic sep mtrr pge mca cmov pat pse36 clflush dts acpi mmx fxsr sse sse2 ss ht tm pbe syscall nx pdpe1gb rdtscp lm constant_tsc arch_perfmon pebs bts rep_good nopl xtopology nonstop_tsc aperfmperf eagerfpu pni pclmulqdq dtes64 monitor ds_cpl vmx smx est tm2 ssse3 sdbg fma cx16 xtpr pdcm pcid dca sse4_1 sse4_2 x2apic movbe popcnt tsc_deadline_timer aes xsave avx f16c rdrand lahf_lm abm epb intel_ppin ssbd ibrs ibpb stibp tpr_shadow vnmi flexpriority ept vpid fsgsbase tsc_adjust bmi1 avx2 smep bmi2 erms invpcid cqm xsaveopt cqm_llc cqm_occup_llc dtherm ida arat pln pts md_clear spec_ctrl intel_stibp flush_l1d
bogomips	: 4793.69
clflush size	: 64
cache_alignment	: 64
address sizes	: 46 bits physical, 48 bits virtual
power management:

processor	: 26
vendor_id	: GenuineIntel
cpu family	: 6
model		: 63
model name	: Intel(R) Xeon(R) CPU E5-2630 v3 @ 2.40GHz
stepping	: 2
microcode	: 0x43
cpu MHz		: 1200.878
cache size	: 20480 KB
physical id	: 1
siblings	: 16
core id		: 2
cpu cores	: 8
apicid		: 21
initial apicid	: 21
fpu		: yes
fpu_exception	: yes
cpuid level	: 15
wp		: yes
flags		: fpu vme de pse tsc msr pae mce cx8 apic sep mtrr pge mca cmov pat pse36 clflush dts acpi mmx fxsr sse sse2 ss ht tm pbe syscall nx pdpe1gb rdtscp lm constant_tsc arch_perfmon pebs bts rep_good nopl xtopology nonstop_tsc aperfmperf eagerfpu pni pclmulqdq dtes64 monitor ds_cpl vmx smx est tm2 ssse3 sdbg fma cx16 xtpr pdcm pcid dca sse4_1 sse4_2 x2apic movbe popcnt tsc_deadline_timer aes xsave avx f16c rdrand lahf_lm abm epb intel_ppin ssbd ibrs ibpb stibp tpr_shadow vnmi flexpriority ept vpid fsgsbase tsc_adjust bmi1 avx2 smep bmi2 erms invpcid cqm xsaveopt cqm_llc cqm_occup_llc dtherm ida arat pln pts md_clear spec_ctrl intel_stibp flush_l1d
bogomips	: 4793.69
clflush size	: 64
cache_alignment	: 64
address sizes	: 46 bits physical, 48 bits virtual
power management:

processor	: 27
vendor_id	: GenuineIntel
cpu family	: 6
model		: 63
model name	: Intel(R) Xeon(R) CPU E5-2630 v3 @ 2.40GHz
stepping	: 2
microcode	: 0x43
cpu MHz		: 2094.873
cache size	: 20480 KB
physical id	: 1
siblings	: 16
core id		: 3
cpu cores	: 8
apicid		: 23
initial apicid	: 23
fpu		: yes
fpu_exception	: yes
cpuid level	: 15
wp		: yes
flags		: fpu vme de pse tsc msr pae mce cx8 apic sep mtrr pge mca cmov pat pse36 clflush dts acpi mmx fxsr sse sse2 ss ht tm pbe syscall nx pdpe1gb rdtscp lm constant_tsc arch_perfmon pebs bts rep_good nopl xtopology nonstop_tsc aperfmperf eagerfpu pni pclmulqdq dtes64 monitor ds_cpl vmx smx est tm2 ssse3 sdbg fma cx16 xtpr pdcm pcid dca sse4_1 sse4_2 x2apic movbe popcnt tsc_deadline_timer aes xsave avx f16c rdrand lahf_lm abm epb intel_ppin ssbd ibrs ibpb stibp tpr_shadow vnmi flexpriority ept vpid fsgsbase tsc_adjust bmi1 avx2 smep bmi2 erms invpcid cqm xsaveopt cqm_llc cqm_occup_llc dtherm ida arat pln pts md_clear spec_ctrl intel_stibp flush_l1d
bogomips	: 4793.69
clflush size	: 64
cache_alignment	: 64
address sizes	: 46 bits physical, 48 bits virtual
power management:

processor	: 28
vendor_id	: GenuineIntel
cpu family	: 6
model		: 63
model name	: Intel(R) Xeon(R) CPU E5-2630 v3 @ 2.40GHz
stepping	: 2
microcode	: 0x43
cpu MHz		: 2400.292
cache size	: 20480 KB
physical id	: 1
siblings	: 16
core id		: 4
cpu cores	: 8
apicid		: 25
initial apicid	: 25
fpu		: yes
fpu_exception	: yes
cpuid level	: 15
wp		: yes
flags		: fpu vme de pse tsc msr pae mce cx8 apic sep mtrr pge mca cmov pat pse36 clflush dts acpi mmx fxsr sse sse2 ss ht tm pbe syscall nx pdpe1gb rdtscp lm constant_tsc arch_perfmon pebs bts rep_good nopl xtopology nonstop_tsc aperfmperf eagerfpu pni pclmulqdq dtes64 monitor ds_cpl vmx smx est tm2 ssse3 sdbg fma cx16 xtpr pdcm pcid dca sse4_1 sse4_2 x2apic movbe popcnt tsc_deadline_timer aes xsave avx f16c rdrand lahf_lm abm epb intel_ppin ssbd ibrs ibpb stibp tpr_shadow vnmi flexpriority ept vpid fsgsbase tsc_adjust bmi1 avx2 smep bmi2 erms invpcid cqm xsaveopt cqm_llc cqm_occup_llc dtherm ida arat pln pts md_clear spec_ctrl intel_stibp flush_l1d
bogomips	: 4793.69
clflush size	: 64
cache_alignment	: 64
address sizes	: 46 bits physical, 48 bits virtual
power management:

processor	: 29
vendor_id	: GenuineIntel
cpu family	: 6
model		: 63
model name	: Intel(R) Xeon(R) CPU E5-2630 v3 @ 2.40GHz
stepping	: 2
microcode	: 0x43
cpu MHz		: 2383.740
cache size	: 20480 KB
physical id	: 1
siblings	: 16
core id		: 5
cpu cores	: 8
apicid		: 27
initial apicid	: 27
fpu		: yes
fpu_exception	: yes
cpuid level	: 15
wp		: yes
flags		: fpu vme de pse tsc msr pae mce cx8 apic sep mtrr pge mca cmov pat pse36 clflush dts acpi mmx fxsr sse sse2 ss ht tm pbe syscall nx pdpe1gb rdtscp lm constant_tsc arch_perfmon pebs bts rep_good nopl xtopology nonstop_tsc aperfmperf eagerfpu pni pclmulqdq dtes64 monitor ds_cpl vmx smx est tm2 ssse3 sdbg fma cx16 xtpr pdcm pcid dca sse4_1 sse4_2 x2apic movbe popcnt tsc_deadline_timer aes xsave avx f16c rdrand lahf_lm abm epb intel_ppin ssbd ibrs ibpb stibp tpr_shadow vnmi flexpriority ept vpid fsgsbase tsc_adjust bmi1 avx2 smep bmi2 erms invpcid cqm xsaveopt cqm_llc cqm_occup_llc dtherm ida arat pln pts md_clear spec_ctrl intel_stibp flush_l1d
bogomips	: 4793.69
clflush size	: 64
cache_alignment	: 64
address sizes	: 46 bits physical, 48 bits virtual
power management:

processor	: 30
vendor_id	: GenuineIntel
cpu family	: 6
model		: 63
model name	: Intel(R) Xeon(R) CPU E5-2630 v3 @ 2.40GHz
stepping	: 2
microcode	: 0x43
cpu MHz		: 1599.755
cache size	: 20480 KB
physical id	: 1
siblings	: 16
core id		: 6
cpu cores	: 8
apicid		: 29
initial apicid	: 29
fpu		: yes
fpu_exception	: yes
cpuid level	: 15
wp		: yes
flags		: fpu vme de pse tsc msr pae mce cx8 apic sep mtrr pge mca cmov pat pse36 clflush dts acpi mmx fxsr sse sse2 ss ht tm pbe syscall nx pdpe1gb rdtscp lm constant_tsc arch_perfmon pebs bts rep_good nopl xtopology nonstop_tsc aperfmperf eagerfpu pni pclmulqdq dtes64 monitor ds_cpl vmx smx est tm2 ssse3 sdbg fma cx16 xtpr pdcm pcid dca sse4_1 sse4_2 x2apic movbe popcnt tsc_deadline_timer aes xsave avx f16c rdrand lahf_lm abm epb intel_ppin ssbd ibrs ibpb stibp tpr_shadow vnmi flexpriority ept vpid fsgsbase tsc_adjust bmi1 avx2 smep bmi2 erms invpcid cqm xsaveopt cqm_llc cqm_occup_llc dtherm ida arat pln pts md_clear spec_ctrl intel_stibp flush_l1d
bogomips	: 4793.69
clflush size	: 64
cache_alignment	: 64
address sizes	: 46 bits physical, 48 bits virtual
power management:

processor	: 31
vendor_id	: GenuineIntel
cpu family	: 6
model		: 63
model name	: Intel(R) Xeon(R) CPU E5-2630 v3 @ 2.40GHz
stepping	: 2
microcode	: 0x43
cpu MHz		: 1899.902
cache size	: 20480 KB
physical id	: 1
siblings	: 16
core id		: 7
cpu cores	: 8
apicid		: 31
initial apicid	: 31
fpu		: yes
fpu_exception	: yes
cpuid level	: 15
wp		: yes
flags		: fpu vme de pse tsc msr pae mce cx8 apic sep mtrr pge mca cmov pat pse36 clflush dts acpi mmx fxsr sse sse2 ss ht tm pbe syscall nx pdpe1gb rdtscp lm constant_tsc arch_perfmon pebs bts rep_good nopl xtopology nonstop_tsc aperfmperf eagerfpu pni pclmulqdq dtes64 monitor ds_cpl vmx smx est tm2 ssse3 sdbg fma cx16 xtpr pdcm pcid dca sse4_1 sse4_2 x2apic movbe popcnt tsc_deadline_timer aes xsave avx f16c rdrand lahf_lm abm epb intel_ppin ssbd ibrs ibpb stibp tpr_shadow vnmi flexpriority ept vpid fsgsbase tsc_adjust bmi1 avx2 smep bmi2 erms invpcid cqm xsaveopt cqm_llc cqm_occup_llc dtherm ida arat pln pts md_clear spec_ctrl intel_stibp flush_l1d
bogomips	: 4793.69
clflush size	: 64
cache_alignment	: 64
address sizes	: 46 bits physical, 48 bits virtual
power management:



Memory: 4k page, physical 263864184k(1599460k free), swap 0k(0k free)

vm_info: OpenJDK 64-Bit Server VM (25.212-b04) for linux-amd64 JRE (1.8.0_212-b04), built on May  4 2019 17:50:21 by "buildozer" with gcc 6.4.0

time: Sat Sep 21 02:45:09 2019
timezone: UTC
elapsed time: 4 seconds (0d 0h 0m 4s)

