#
# A fatal error has been detected by the Java Runtime Environment:
#
#  SIGSEGV (0xb) at pc=0x00007f9469afd810, pid=12819, tid=0x00007f944d709ae0
#
# JRE version: OpenJDK Runtime Environment (8.0_212-b04) (build 1.8.0_212-b04)
# Java VM: OpenJDK 64-Bit Server VM (25.212-b04 mixed mode linux-amd64 compressed oops)
# Derivative: IcedTea 3.12.0
# Distribution: Custom build (Mon Aug 12 12:56:32 UTC 2019)
# Problematic frame:
# C  [ld-musl-x86_64.so.1+0x53810]  pthread_setname_np+0x5e
#
# Core dump written. Default location: /workdir/hadoop-ozone/ozone-manager/core or core.12819
#
# If you would like to submit a bug report, please include
# instructions on how to reproduce the bug and visit:
#   https://icedtea.classpath.org/bugzilla
#

---------------  T H R E A D  ---------------

Current thread is native thread

siginfo: si_signo: 11 (SIGSEGV), si_code: 1 (SEGV_MAPERR), si_addr: 0x0000000000000038

Registers:
RAX=0x00007f944d709ae0, RBX=0x0000000000000022, RCX=0x0000000000000000, RDX=0x0000000000000000
RSP=0x00007f944d709680, RBP=0x0000000000000000, RSI=0x0000000000000000, RDI=0xfeff73725e73726f
R8 =0x0000000000000000, R9 =0x8080808080808080, R10=0xfefefefefefefeff, R11=0x0000000000000212
R12=0x00005634eb210f98, R13=0x000000000000000e, R14=0x00007f944d709ae0, R15=0x00007f9469d36ae8
RIP=0x00007f9469afd810, EFLAGS=0x0000000000010202, CSGSFS=0x0000000000000033, ERR=0x0000000000000004
  TRAPNO=0x000000000000000e

Top of Stack: (sp=0x00007f944d709680)
0x00007f944d709680:   0000000000000000 0000000000000000
0x00007f944d709690:   0000000000000000 0000000000000000
0x00007f944d7096a0:   0000000000000000 0000000000000000
0x00007f944d7096b0:   0000000000000000 00005634ebbfb0c0
0x00007f944d7096c0:   00007f944d709710 0000000000000000
0x00007f944d7096d0:   00005634ebbfb100 00007f944ca03ec9
0x00007f944d7096e0:   0000000000000000 00005634ea686d80
0x00007f944d7096f0:   0000000000000000 00007f944d709760
0x00007f944d709700:   00007f944d709ae0 00007f9469d36ae8
0x00007f944d709710:   0000000000000000 00007f946892df41
0x00007f944d709720:   0000000000000000 00007f944d709ae0
0x00007f944d709730:   0000000000000000 00007f9469afc6c2
0x00007f944d709740:   0000000000000000 0000000000000000
0x00007f944d709750:   0000000000017000 00007f9469afe5b1
0x00007f944d709760:   0000000000000002 00007f944d709ac0
0x00007f944d709770:   00007f944d709790 0000000000000000
0x00007f944d709780:   0000000000000000 0000000000000000
0x00007f944d709790:   0000000000000002 0000000000000000
0x00007f944d7097a0:   0000000000000000 0000000000000000
0x00007f944d7097b0:   0000000000000000 0000000000000000
0x00007f944d7097c0:   0000000000000000 0000000000000000
0x00007f944d7097d0:   0000000000000000 0000000000000000
0x00007f944d7097e0:   0000000000000000 0000000000000000
0x00007f944d7097f0:   0000000000000000 0000000000000000
0x00007f944d709800:   0000000000000000 0000000000000000
0x00007f944d709810:   0000000000000000 0000000000000000
0x00007f944d709820:   0000000000000000 0000000000000000
0x00007f944d709830:   0000000000000000 0000000000000000
0x00007f944d709840:   0000000000000000 0000000000000000
0x00007f944d709850:   0000000000000000 0000000000000000
0x00007f944d709860:   0000000000000000 0000000000000000
0x00007f944d709870:   0000000000000000 0000000000000000 

Instructions: (pc=0x00007f9469afd810)
0x00007f9469afd7f0:   31 d2 31 c0 4c 89 e6 bf 0f 00 00 00 e8 65 d8 fc
0x00007f9469afd800:   ff 85 c0 89 c3 74 7e e8 25 a7 fc ff 8b 18 eb 75
0x00007f9469afd810:   8b 4d 38 48 8d 5c 24 0e 48 8d 15 f2 92 03 00 be
0x00007f9469afd820:   22 00 00 00 31 c0 48 89 df e8 35 68 ff ff 48 8d 

Register to memory mapping:

RAX=0x00007f944d709ae0 is an unknown value
RBX=0x0000000000000022 is an unknown value
RCX=0x0000000000000000 is an unknown value
RDX=0x0000000000000000 is an unknown value
RSP=0x00007f944d709680 is an unknown value
RBP=0x0000000000000000 is an unknown value
RSI=0x0000000000000000 is an unknown value
RDI=0xfeff73725e73726f is an unknown value
R8 =0x0000000000000000 is an unknown value
R9 =0x8080808080808080 is an unknown value
R10=0xfefefefefefefeff is an unknown value
R11=0x0000000000000212 is an unknown value
R12=0x00005634eb210f98 is an unknown value
R13=0x000000000000000e is an unknown value
R14=0x00007f944d709ae0 is an unknown value
R15=0x00007f9469d36ae8: __utc+0x1fff68 in /lib/ld-musl-x86_64.so.1 at 0x00007f9469aaa000


Stack: [0x00007f944d6f5000,0x00007f944d709760],  sp=0x00007f944d709680,  free space=81k
Native frames: (J=compiled Java code, j=interpreted, Vv=VM code, C=native code)
C  [ld-musl-x86_64.so.1+0x53810]  pthread_setname_np+0x5e

[error occurred during error reporting (printing native stack), id 0xb]


---------------  P R O C E S S  ---------------

VM state:not at safepoint (normal execution)

VM Mutex/Monitor currently owned by a thread: None

heap address: 0x0000000080000000, size: 2048 MB, Compressed Oops mode: 32-bit
Narrow klass base: 0x0000000000000000, Narrow klass shift: 3
Compressed class space size: 1073741824 Address: 0x0000000100000000

Heap:
 PSYoungGen      total 611840K, used 116216K [0x00000000d5580000, 0x0000000100000000, 0x0000000100000000)
  eden space 524800K, 22% used [0x00000000d5580000,0x00000000dc6fe1b0,0x00000000f5600000)
  from space 87040K, 0% used [0x00000000f5600000,0x00000000f5600000,0x00000000fab00000)
  to   space 87040K, 0% used [0x00000000fab00000,0x00000000fab00000,0x0000000100000000)
 ParOldGen       total 845824K, used 14457K [0x0000000080000000, 0x00000000b3a00000, 0x00000000d5580000)
  object space 845824K, 1% used [0x0000000080000000,0x0000000080e1e7a0,0x00000000b3a00000)
 Metaspace       used 28830K, capacity 29062K, committed 29440K, reserved 1075200K
  class space    used 3493K, capacity 3574K, committed 3584K, reserved 1048576K

Card table byte_map: [0x00007f9458856000,0x00007f9458c57000] byte_map_base: 0x00007f9458456000

Marking Bits: (ParMarkBitMap*) 0x00007f9469668200
 Begin Bits: [0x00007f94543a7000, 0x00007f94563a7000)
 End Bits:   [0x00007f94563a7000, 0x00007f94583a7000)

Polling page: 0x00007f9469c33000

CodeCache: size=245760Kb used=7562Kb max_used=7600Kb free=238197Kb
 bounds [0x00007f9459017000, 0x00007f9459797000, 0x00007f9468017000]
 total_blobs=3267 nmethods=2774 adapters=407
 compilation: enabled

Compilation events (10 events):
Event: 5.513 Thread 0x00005634ea389000 2847       4       com.ctc.wstx.util.TextBuffer::getTextBuffer (39 bytes)
Event: 5.513 Thread 0x00005634ea396000 2869       1       java.nio.charset.Charset::name (5 bytes)
Event: 5.513 Thread 0x00005634ea396000 nmethod 2869 0x00007f945977fa50 code [0x00007f945977fba0, 0x00007f945977fcb0]
Event: 5.513 Thread 0x00005634ea389000 nmethod 2847 0x00007f9459788090 code [0x00007f94597881e0, 0x00007f9459788278]
Event: 5.513 Thread 0x00005634ea389000 2856       4       com.ctc.wstx.sr.BasicStreamReader::getTextLength (43 bytes)
Event: 5.514 Thread 0x00005634ea389000 nmethod 2856 0x00007f945977f710 code [0x00007f945977f860, 0x00007f945977f958]
Event: 5.514 Thread 0x00005634ea389000 2852       4       java.io.File::getName (42 bytes)
Event: 5.518 Thread 0x00005634ea396000 2870       3       java.util.regex.Pattern$Single::isSatisfiedBy (14 bytes)
Event: 5.518 Thread 0x00005634ea396000 nmethod 2870 0x00007f945977f390 code [0x00007f945977f500, 0x00007f945977f6b0]
Event: 5.524 Thread 0x00005634ea389000 nmethod 2852 0x00007f9459780bd0 code [0x00007f9459780d60, 0x00007f94597812a8]

GC Heap History (4 events):
Event: 2.370 GC heap before
{Heap before GC invocations=1 (full 0):
 PSYoungGen      total 611840K, used 293890K [0x00000000d5580000, 0x0000000100000000, 0x0000000100000000)
  eden space 524800K, 56% used [0x00000000d5580000,0x00000000e7480a00,0x00000000f5600000)
  from space 87040K, 0% used [0x00000000fab00000,0x00000000fab00000,0x0000000100000000)
  to   space 87040K, 0% used [0x00000000f5600000,0x00000000f5600000,0x00000000fab00000)
 ParOldGen       total 1398272K, used 0K [0x0000000080000000, 0x00000000d5580000, 0x00000000d5580000)
  object space 1398272K, 0% used [0x0000000080000000,0x0000000080000000,0x00000000d5580000)
 Metaspace       used 20918K, capacity 21100K, committed 21296K, reserved 1069056K
  class space    used 2601K, capacity 2673K, committed 2688K, reserved 1048576K
Event: 2.422 GC heap after
Heap after GC invocations=1 (full 0):
 PSYoungGen      total 611840K, used 15213K [0x00000000d5580000, 0x0000000100000000, 0x0000000100000000)
  eden space 524800K, 0% used [0x00000000d5580000,0x00000000d5580000,0x00000000f5600000)
  from space 87040K, 17% used [0x00000000f5600000,0x00000000f64db418,0x00000000fab00000)
  to   space 87040K, 0% used [0x00000000fab00000,0x00000000fab00000,0x0000000100000000)
 ParOldGen       total 1398272K, used 16K [0x0000000080000000, 0x00000000d5580000, 0x00000000d5580000)
  object space 1398272K, 0% used [0x0000000080000000,0x0000000080004000,0x00000000d5580000)
 Metaspace       used 20918K, capacity 21100K, committed 21296K, reserved 1069056K
  class space    used 2601K, capacity 2673K, committed 2688K, reserved 1048576K
}
Event: 2.422 GC heap before
{Heap before GC invocations=2 (full 1):
 PSYoungGen      total 611840K, used 15213K [0x00000000d5580000, 0x0000000100000000, 0x0000000100000000)
  eden space 524800K, 0% used [0x00000000d5580000,0x00000000d5580000,0x00000000f5600000)
  from space 87040K, 17% used [0x00000000f5600000,0x00000000f64db418,0x00000000fab00000)
  to   space 87040K, 0% used [0x00000000fab00000,0x00000000fab00000,0x0000000100000000)
 ParOldGen       total 1398272K, used 16K [0x0000000080000000, 0x00000000d5580000, 0x00000000d5580000)
  object space 1398272K, 0% used [0x0000000080000000,0x0000000080004000,0x00000000d5580000)
 Metaspace       used 20918K, capacity 21100K, committed 21296K, reserved 1069056K
  class space    used 2601K, capacity 2673K, committed 2688K, reserved 1048576K
Event: 2.495 GC heap after
Heap after GC invocations=2 (full 1):
 PSYoungGen      total 611840K, used 0K [0x00000000d5580000, 0x0000000100000000, 0x0000000100000000)
  eden space 524800K, 0% used [0x00000000d5580000,0x00000000d5580000,0x00000000f5600000)
  from space 87040K, 0% used [0x00000000f5600000,0x00000000f5600000,0x00000000fab00000)
  to   space 87040K, 0% used [0x00000000fab00000,0x00000000fab00000,0x0000000100000000)
 ParOldGen       total 845824K, used 14457K [0x0000000080000000, 0x00000000b3a00000, 0x00000000d5580000)
  object space 845824K, 1% used [0x0000000080000000,0x0000000080e1e7a0,0x00000000b3a00000)
 Metaspace       used 20915K, capacity 21094K, committed 21296K, reserved 1069056K
  class space    used 2600K, capacity 2672K, committed 2688K, reserved 1048576K
}

Deoptimization events (10 events):
Event: 1.412 Thread 0x00005634ea242800 Uncommon trap: reason=range_check action=make_not_entrant pc=0x00007f9459361280 method=sun.reflect.generics.parser.SignatureParser.current()C @ 34
Event: 1.673 Thread 0x00005634ea242800 Uncommon trap: reason=null_assert action=make_not_entrant pc=0x00007f94593eb814 method=net.bytebuddy.description.type.TypeDefinition$Sort.describe(Ljava/lang/reflect/Type;Lnet/bytebuddy/description/type/TypeDescription$Generic$AnnotationReader;)Lnet/byteb
Event: 2.620 Thread 0x00005634ea242800 Uncommon trap: reason=bimorphic action=maybe_recompile pc=0x00007f94595caf1c method=java.lang.ThreadLocal.get()Ljava/lang/Object; @ 6
Event: 2.802 Thread 0x00005634ea242800 Uncommon trap: reason=unstable_if action=reinterpret pc=0x00007f9459613324 method=java.util.concurrent.ConcurrentHashMap.putVal(Ljava/lang/Object;Ljava/lang/Object;Z)Ljava/lang/Object; @ 181
Event: 2.865 Thread 0x00005634ea242800 Uncommon trap: reason=bimorphic action=maybe_recompile pc=0x00007f94595caf1c method=java.lang.ThreadLocal.get()Ljava/lang/Object; @ 6
Event: 2.910 Thread 0x00005634ea242800 Uncommon trap: reason=bimorphic action=maybe_recompile pc=0x00007f94595caf1c method=java.lang.ThreadLocal.get()Ljava/lang/Object; @ 6
Event: 2.910 Thread 0x00005634ea242800 Uncommon trap: reason=bimorphic action=maybe_recompile pc=0x00007f94595caf1c method=java.lang.ThreadLocal.get()Ljava/lang/Object; @ 6
Event: 2.913 Thread 0x00005634ea242800 Uncommon trap: reason=unstable_if action=reinterpret pc=0x00007f945967f38c method=java.lang.ThreadLocal$ThreadLocalMap.getEntry(Ljava/lang/ThreadLocal;)Ljava/lang/ThreadLocal$ThreadLocalMap$Entry; @ 29
Event: 4.309 Thread 0x00005634ea242800 Uncommon trap: reason=unstable_if action=reinterpret pc=0x00007f9459644d08 method=com.ctc.wstx.sr.BasicStreamReader.readTextPrimary(C)Z @ 329
Event: 5.415 Thread 0x00005634ea242800 Uncommon trap: reason=unstable_if action=reinterpret pc=0x00007f945973d388 method=com.ctc.wstx.sr.BasicStreamReader.readIndentation(CI)I @ 141

Classes redefined (10 events):
Event: 1.691 Thread 0x00005634ea345000 redefined class name=org.apache.hadoop.ozone.audit.Auditor, count=1
Event: 1.692 Thread 0x00005634ea345000 redefined class name=org.apache.hadoop.ozone.om.protocol.OzoneManagerProtocol, count=1
Event: 1.694 Thread 0x00005634ea345000 redefined class name=java.io.Closeable, count=1
Event: 1.694 Thread 0x00005634ea345000 redefined class name=org.apache.hadoop.hdds.server.ServiceRuntimeInfo, count=1
Event: 1.695 Thread 0x00005634ea345000 redefined class name=org.apache.hadoop.ozone.om.OzoneManager, count=1
Event: 1.696 Thread 0x00005634ea345000 redefined class name=java.lang.AutoCloseable, count=1
Event: 1.697 Thread 0x00005634ea345000 redefined class name=org.apache.hadoop.ozone.om.OMMXBean, count=1
Event: 1.700 Thread 0x00005634ea345000 redefined class name=java.lang.Object, count=1
Event: 1.701 Thread 0x00005634ea345000 redefined class name=org.apache.hadoop.hdds.server.ServiceRuntimeInfoImpl, count=2
Event: 4.121 Thread 0x00005634ea345000 redefined class name=org.apache.hadoop.ozone.audit.AuditLogger, count=2

Internal exceptions (10 events):
Event: 1.365 Thread 0x00005634ea242800 Exception <a 'java/lang/ArrayIndexOutOfBoundsException'> (0x00000000dface590) thrown at [/home/buildozer/aports/community/openjdk8/src/icedtea-3.12.0/openjdk/hotspot/src/share/vm/runtime/sharedRuntime.cpp, line 613]
Event: 1.412 Thread 0x00005634ea242800 Exception <a 'java/lang/ArrayIndexOutOfBoundsException': 65> (0x00000000dff1d9c8) thrown at [/home/buildozer/aports/community/openjdk8/src/icedtea-3.12.0/openjdk/hotspot/src/share/vm/interpreter/interpreterRuntime.cpp, line 371]
Event: 1.421 Thread 0x00005634ea242800 Exception <a 'java/lang/ArrayIndexOutOfBoundsException': 124> (0x00000000e003b840) thrown at [/home/buildozer/aports/community/openjdk8/src/icedtea-3.12.0/openjdk/hotspot/src/share/vm/interpreter/interpreterRuntime.cpp, line 371]
Event: 1.422 Thread 0x00005634ea242800 Exception <a 'java/lang/ArrayIndexOutOfBoundsException': 139> (0x00000000e003e9a8) thrown at [/home/buildozer/aports/community/openjdk8/src/icedtea-3.12.0/openjdk/hotspot/src/share/vm/interpreter/interpreterRuntime.cpp, line 371]
Event: 2.106 Thread 0x00005634ea242800 Exception <a 'java/lang/ArrayIndexOutOfBoundsException'> (0x00000000e485d358) thrown at [/home/buildozer/aports/community/openjdk8/src/icedtea-3.12.0/openjdk/hotspot/src/share/vm/runtime/sharedRuntime.cpp, line 613]
Event: 2.107 Thread 0x00005634ea242800 Exception <a 'java/lang/ArrayIndexOutOfBoundsException'> (0x00000000e4864228) thrown at [/home/buildozer/aports/community/openjdk8/src/icedtea-3.12.0/openjdk/hotspot/src/share/vm/runtime/sharedRuntime.cpp, line 613]
Event: 2.113 Thread 0x00005634ea242800 Exception <a 'java/lang/ArrayIndexOutOfBoundsException'> (0x00000000e4896ff8) thrown at [/home/buildozer/aports/community/openjdk8/src/icedtea-3.12.0/openjdk/hotspot/src/share/vm/runtime/sharedRuntime.cpp, line 613]
Event: 2.113 Thread 0x00005634ea242800 Exception <a 'java/lang/ArrayIndexOutOfBoundsException'> (0x00000000e4898568) thrown at [/home/buildozer/aports/community/openjdk8/src/icedtea-3.12.0/openjdk/hotspot/src/share/vm/runtime/sharedRuntime.cpp, line 613]
Event: 2.119 Thread 0x00005634ea242800 Exception <a 'java/lang/ArrayIndexOutOfBoundsException'> (0x00000000e48d1078) thrown at [/home/buildozer/aports/community/openjdk8/src/icedtea-3.12.0/openjdk/hotspot/src/share/vm/runtime/sharedRuntime.cpp, line 613]
Event: 2.125 Thread 0x00005634ea242800 Exception <a 'java/lang/ArrayIndexOutOfBoundsException'> (0x00000000e4905c60) thrown at [/home/buildozer/aports/community/openjdk8/src/icedtea-3.12.0/openjdk/hotspot/src/share/vm/runtime/sharedRuntime.cpp, line 613]

Events (10 events):
Event: 5.524 Thread 0x00005634ea389000 flushing nmethod 0x00007f9459119c10
Event: 5.524 Thread 0x00005634ea389000 flushing nmethod 0x00007f9459123810
Event: 5.524 Thread 0x00005634ea389000 flushing nmethod 0x00007f9459126550
Event: 5.524 Thread 0x00005634ea389000 flushing nmethod 0x00007f9459129090
Event: 5.524 Thread 0x00005634ea389000 flushing nmethod 0x00007f9459129710
Event: 5.524 Thread 0x00005634ea389000 flushing nmethod 0x00007f945912a050
Event: 5.524 Thread 0x00005634ea389000 flushing nmethod 0x00007f9459130290
Event: 5.524 Thread 0x00005634ea389000 flushing nmethod 0x00007f9459135c90
Event: 5.524 Thread 0x00005634ea389000 flushing nmethod 0x00007f9459148750
Event: 5.524 Thread 0x00005634ea389000 flushing nmethod 0x00007f94591751d0


Dynamic libraries:
80000000-b3a00000 rw-p 00000000 00:00 0 
b3a00000-d5580000 ---p 00000000 00:00 0 
d5580000-100380000 rw-p 00000000 00:00 0 
100380000-140000000 ---p 00000000 00:00 0 
5634e8684000-5634e8685000 r-xp 00000000 fd:03 124456580                  /usr/lib/jvm/java-1.8-openjdk/jre/bin/java
5634e8884000-5634e8885000 r--p 00000000 fd:03 124456580                  /usr/lib/jvm/java-1.8-openjdk/jre/bin/java
5634e8885000-5634e8886000 rw-p 00001000 fd:03 124456580                  /usr/lib/jvm/java-1.8-openjdk/jre/bin/java
5634ea22b000-5634ec5d6000 rw-p 00000000 00:00 0                          [heap]
7f944bf15000-7f944c055000 rw-p 00000000 00:00 0 
7f944c055000-7f944c115000 ---p 00000000 00:00 0 
7f944c115000-7f944c315000 rw-p 00000000 00:00 0 
7f944c315000-7f944c584000 rw-p 00000000 00:00 0 
7f944c584000-7f944c7aa000 r-xp 00000000 fd:03 124520412                  /usr/glibc-compat/lib/ld-2.28.so
7f944c7aa000-7f944c7ab000 r--p 00026000 fd:03 124520412                  /usr/glibc-compat/lib/ld-2.28.so
7f944c7ab000-7f944c7ac000 rw-p 00027000 fd:03 124520412                  /usr/glibc-compat/lib/ld-2.28.so
7f944c7ac000-7f944c7ad000 rw-p 00000000 00:00 0 
7f944c7ad000-7f944d045000 r-xp 00000000 fd:03 296879171                  /tmp/librocksdbjni7369542119043544330.so
7f944d045000-7f944d056000 r--p 00698000 fd:03 296879171                  /tmp/librocksdbjni7369542119043544330.so
7f944d056000-7f944d05f000 rw-p 006a9000 fd:03 296879171                  /tmp/librocksdbjni7369542119043544330.so
7f944d05f000-7f944d265000 rw-p 00000000 00:00 0 
7f944d265000-7f944d465000 rw-p 00000000 00:00 0 
7f944d465000-7f944d665000 rw-p 00000000 00:00 0 
7f944d665000-7f944d680000 r--s 001d6000 fd:03 124456652                  /usr/lib/jvm/java-1.8-openjdk/jre/lib/ext/nashorn.jar
7f944d6f3000-7f944d6f5000 ---p 00000000 00:00 0 
7f944d6f5000-7f944d70a000 rw-p 00000000 00:00 0 
7f944d70a000-7f944d70c000 ---p 00000000 00:00 0 
7f944d70c000-7f944d721000 rw-p 00000000 00:00 0 
7f944d721000-7f944d723000 ---p 00000000 00:00 0 
7f944d723000-7f944d738000 rw-p 00000000 00:00 0 
7f944d738000-7f944d73a000 ---p 00000000 00:00 0 
7f944d73a000-7f944d74f000 rw-p 00000000 00:00 0 
7f944d74f000-7f944d751000 ---p 00000000 00:00 0 
7f944d751000-7f944d966000 rw-p 00000000 00:00 0 
7f944d966000-7f944db66000 rw-p 00000000 00:00 0 
7f944db66000-7f944dd66000 rw-p 00000000 00:00 0 
7f944dd76000-7f944dd78000 ---p 00000000 00:00 0 
7f944dd78000-7f944dd8d000 rw-p 00000000 00:00 0 
7f944dd8d000-7f944dd8f000 ---p 00000000 00:00 0 
7f944dd8f000-7f944dda4000 rw-p 00000000 00:00 0 
7f944dda4000-7f944dda6000 ---p 00000000 00:00 0 
7f944dda6000-7f944ddbb000 rw-p 00000000 00:00 0 
7f944ddbb000-7f944ddbd000 ---p 00000000 00:00 0 
7f944ddbd000-7f944ddd2000 rw-p 00000000 00:00 0 
7f944ddd2000-7f944ddd4000 ---p 00000000 00:00 0 
7f944ddd4000-7f944dde9000 rw-p 00000000 00:00 0 
7f944dde9000-7f944ddeb000 ---p 00000000 00:00 0 
7f944ddeb000-7f944de00000 rw-p 00000000 00:00 0 
7f944de00000-7f944de02000 ---p 00000000 00:00 0 
7f944de02000-7f944de17000 rw-p 00000000 00:00 0 
7f944de17000-7f944de19000 ---p 00000000 00:00 0 
7f944de19000-7f944de2e000 rw-p 00000000 00:00 0 
7f944de2e000-7f944de30000 ---p 00000000 00:00 0 
7f944de30000-7f944de45000 rw-p 00000000 00:00 0 
7f944de45000-7f944de47000 ---p 00000000 00:00 0 
7f944de47000-7f944e05c000 rw-p 00000000 00:00 0 
7f944e05c000-7f944e05d000 r--s 00000000 fd:03 296879169                  /tmp/mockitoboot6186399938701956246.jar
7f944e05e000-7f944e267000 r-xp 00000000 fd:03 124456603                  /usr/lib/jvm/java-1.8-openjdk/jre/lib/amd64/libinstrument.so
7f944e267000-7f944e268000 r--p 00009000 fd:03 124456603                  /usr/lib/jvm/java-1.8-openjdk/jre/lib/amd64/libinstrument.so
7f944e268000-7f944e269000 rw-p 0000a000 fd:03 124456603                  /usr/lib/jvm/java-1.8-openjdk/jre/lib/amd64/libinstrument.so
7f944e269000-7f944e26c000 ---p 00000000 00:00 0 
7f944e26c000-7f944e36a000 rw-p 00000000 00:00 0 
7f944e36a000-7f944e56c000 r-xp 00000000 fd:03 124456596                  /usr/lib/jvm/java-1.8-openjdk/jre/lib/amd64/libattach.so
7f944e56c000-7f944e56d000 r--p 00002000 fd:03 124456596                  /usr/lib/jvm/java-1.8-openjdk/jre/lib/amd64/libattach.so
7f944e56d000-7f944e56e000 rw-p 00003000 fd:03 124456596                  /usr/lib/jvm/java-1.8-openjdk/jre/lib/amd64/libattach.so
7f944e56e000-7f944e571000 r--s 00025000 fd:03 125045321                  /home/user/.m2/repository/org/apache/maven/shared/maven-shared-utils/3.1.0/maven-shared-utils-3.1.0.jar
7f944e571000-7f944e782000 r-xp 00000000 fd:03 124456623                  /usr/lib/jvm/java-1.8-openjdk/jre/lib/amd64/libnio.so
7f944e782000-7f944e783000 r--p 00011000 fd:03 124456623                  /usr/lib/jvm/java-1.8-openjdk/jre/lib/amd64/libnio.so
7f944e783000-7f944e784000 rw-p 00012000 fd:03 124456623                  /usr/lib/jvm/java-1.8-openjdk/jre/lib/amd64/libnio.so
7f944e784000-7f9451785000 rw-p 00000000 00:00 0 
7f9451785000-7f945199b000 r-xp 00000000 fd:03 124456622                  /usr/lib/jvm/java-1.8-openjdk/jre/lib/amd64/libnet.so
7f945199b000-7f945199c000 r--p 00016000 fd:03 124456622                  /usr/lib/jvm/java-1.8-openjdk/jre/lib/amd64/libnet.so
7f945199c000-7f945199d000 rw-p 00017000 fd:03 124456622                  /usr/lib/jvm/java-1.8-openjdk/jre/lib/amd64/libnet.so
7f945199d000-7f94519a1000 r--s 00058000 fd:03 124456671                  /usr/lib/jvm/java-1.8-openjdk/jre/lib/jsse.jar
7f94519a1000-7f94519a4000 ---p 00000000 00:00 0 
7f94519a4000-7f94519db000 rw-p 00000000 00:00 0 
7f94519db000-7f94519dc000 r--s 00006000 fd:03 298845413                  /home/user/.m2/repository/org/apache/maven/surefire/common-junit4/3.0.0-M1/common-junit4-3.0.0-M1.jar
7f94519dc000-7f94519dd000 r--s 00002000 fd:03 298845416                  /home/user/.m2/repository/org/apache/maven/surefire/common-junit3/3.0.0-M1/common-junit3-3.0.0-M1.jar
7f94519dd000-7f94519de000 r--s 00007000 fd:03 298845414                  /home/user/.m2/repository/org/apache/maven/surefire/common-java5/3.0.0-M1/common-java5-3.0.0-M1.jar
7f94519de000-7f94519e0000 r--s 00003000 fd:03 298845379                  /home/user/.m2/repository/org/apache/maven/surefire/surefire-junit4/3.0.0-M1/surefire-junit4-3.0.0-M1.jar
7f94519e0000-7f94519ec000 r--s 000ae000 fd:03 125109432                  /home/user/.m2/repository/org/jmockit/jmockit/1.24/jmockit-1.24.jar
7f94519ec000-7f94519ee000 r--s 00009000 fd:03 125109323                  /home/user/.m2/repository/org/hamcrest/hamcrest-core/1.3/hamcrest-core-1.3.jar
7f94519ee000-7f94519f4000 r--s 00036000 fd:03 124979194                  /home/user/.m2/repository/junit/junit/4.11/junit-4.11.jar
7f94519f4000-7f94519fa000 r--s 00045000 fd:03 125109314                  /home/user/.m2/repository/org/hamcrest/hamcrest-all/1.3/hamcrest-all-1.3.jar
7f94519fa000-7f94519fe000 r--s 0001e000 fd:03 124978626                  /home/user/.m2/repository/io/dropwizard/metrics/metrics-core/3.2.4/metrics-core-3.2.4.jar
7f94519fe000-7f9451a03000 r--s 00047000 fd:03 124978585                  /home/user/.m2/repository/dnsjava/dnsjava/2.1.7/dnsjava-2.1.7.jar
7f9451a03000-7f9451a09000 r--s 00078000 fd:03 124977172                  /home/user/.m2/repository/com/fasterxml/woodstox/woodstox-core/5.0.3/woodstox-core-5.0.3.jar
7f9451a09000-7f9451a0d000 r--s 00024000 fd:03 125108840                  /home/user/.m2/repository/org/codehaus/woodstox/stax2-api/3.1.4/stax2-api-3.1.4.jar
7f9451a0d000-7f9451a11000 r--s 0004c000 fd:03 298845311                  /home/user/.m2/repository/com/fasterxml/jackson/core/jackson-core/2.9.9/jackson-core-2.9.9.jar
7f9451a11000-7f9451a24000 r--s 00137000 fd:03 298845310                  /home/user/.m2/repository/com/fasterxml/jackson/core/jackson-databind/2.9.9/jackson-databind-2.9.9.jar
7f9451a24000-7f9451a26000 r--s 00006000 fd:03 125042842                  /home/user/.m2/repository/org/apache/kerby/kerby-xdr/1.0.1/kerby-xdr-1.0.1.jar
7f9451a26000-7f9451a27000 r--s 00004000 fd:03 125042746                  /home/user/.m2/repository/org/apache/kerby/kerb-identity/1.0.1/kerb-identity-1.0.1.jar
7f9451a27000-7f9451a2a000 r--s 00012000 fd:03 125042755                  /home/user/.m2/repository/org/apache/kerby/kerb-server/1.0.1/kerb-server-1.0.1.jar
7f9451a2a000-7f9451a2d000 r--s 00011000 fd:03 125042701                  /home/user/.m2/repository/org/apache/kerby/kerb-admin/1.0.1/kerb-admin-1.0.1.jar
7f9451a2d000-7f9451a2e000 r--s 00004000 fd:03 125042851                  /home/user/.m2/repository/org/apache/kerby/token-provider/1.0.1/token-provider-1.0.1.jar
7f9451a2e000-7f9451a2f000 r--s 00008000 fd:03 125042773                  /home/user/.m2/repository/org/apache/kerby/kerb-util/1.0.1/kerb-util-1.0.1.jar
7f9451a2f000-7f9451a33000 r--s 00019000 fd:03 125042737                  /home/user/.m2/repository/org/apache/kerby/kerb-crypto/1.0.1/kerb-crypto-1.0.1.jar
7f9451a33000-7f9451a35000 r--s 0000e000 fd:03 125042719                  /home/user/.m2/repository/org/apache/kerby/kerb-common/1.0.1/kerb-common-1.0.1.jar
7f9451a35000-7f9451a36000 r--s 00009000 fd:03 125042833                  /home/user/.m2/repository/org/apache/kerby/kerby-util/1.0.1/kerby-util-1.0.1.jar
7f9451a36000-7f9451a38000 r--s 00017000 fd:03 125042788                  /home/user/.m2/repository/org/apache/kerby/kerby-asn1/1.0.1/kerby-asn1-1.0.1.jar
7f9451a38000-7f9451a3f000 r--s 0002b000 fd:03 125042818                  /home/user/.m2/repository/org/apache/kerby/kerby-pkix/1.0.1/kerby-pkix-1.0.1.jar
7f9451a3f000-7f9451a46000 r--s 00031000 fd:03 125042728                  /home/user/.m2/repository/org/apache/kerby/kerb-core/1.0.1/kerb-core-1.0.1.jar
7f9451a46000-7f9451a48000 r--s 00006000 fd:03 125042803                  /home/user/.m2/repository/org/apache/kerby/kerby-config/1.0.1/kerby-config-1.0.1.jar
7f9451a48000-7f9451a4b000 r--s 00019000 fd:03 125042710                  /home/user/.m2/repository/org/apache/kerby/kerb-client/1.0.1/kerb-client-1.0.1.jar
7f9451a4b000-7f9451a4c000 r--s 00004000 fd:03 125042764                  /home/user/.m2/repository/org/apache/kerby/kerb-simplekdc/1.0.1/kerb-simplekdc-1.0.1.jar
7f9451a4c000-7f9451a4d000 r--s 00004000 fd:03 125046052                  /home/user/.m2/repository/org/apache/yetus/audience-annotations/0.5.0/audience-annotations-0.5.0.jar
7f9451a4d000-7f9451a4f000 r--s 00014000 fd:03 298845308                  /home/user/.m2/repository/jline/jline/0.9.94/jline-0.9.94.jar
7f9451a4f000-7f9451a5c000 r--s 000d1000 fd:03 125046068                  /home/user/.m2/repository/org/apache/zookeeper/zookeeper/3.4.13/zookeeper-3.4.13.jar
7f9451a5c000-7f9451a76000 r--s 00155000 fd:03 124980151                  /home/user/.m2/repository/org/apache/htrace/htrace-core4/4.1.0-incubating/htrace-core4-4.1.0-incubating.jar
7f9451a76000-7f9451a7e000 r--s 0003e000 fd:03 124979894                  /home/user/.m2/repository/org/apache/curator/curator-recipes/2.12.0/curator-recipes-2.12.0.jar
7f9451a7e000-7f9451ab5000 r--s 00219000 fd:03 124979876                  /home/user/.m2/repository/org/apache/curator/curator-client/2.12.0/curator-client-2.12.0.jar
7f9451ab5000-7f9451aba000 r--s 00040000 fd:03 124977563                  /home/user/.m2/repository/com/jcraft/jsch/0.1.54/jsch-0.1.54.jar
7f9451aba000-7f9451ac0000 r--s 0002c000 fd:03 124979885                  /home/user/.m2/repository/org/apache/curator/curator-framework/2.12.0/curator-framework-2.12.0.jar
7f9451ac0000-7f9451ac2000 r--s 00006000 fd:03 124979387                  /home/user/.m2/repository/net/minidev/accessors-smart/1.2/accessors-smart-1.2.jar
7f9451ac2000-7f9451ac5000 r--s 0001b000 fd:03 124979396                  /home/user/.m2/repository/net/minidev/json-smart/2.3/json-smart-2.3.jar
7f9451ac5000-7f9451ac7000 r--s 00000000 fd:03 124977210                  /home/user/.m2/repository/com/github/stephenc/jcip/jcip-annotations/1.0-1/jcip-annotations-1.0-1.jar
7f9451ac7000-7f9451acd000 r--s 00044000 fd:03 124977609                  /home/user/.m2/repository/com/nimbusds/nimbus-jose-jwt/4.41.1/nimbus-jose-jwt-4.41.1.jar
7f9451acd000-7f9451acf000 r--s 00020000 fd:03 124979967                  /home/user/.m2/repository/org/apache/hadoop/hadoop-auth/3.2.0/hadoop-auth-3.2.0.jar
7f9451acf000-7f9451ad4000 r--s 0002a000 fd:03 124977284                  /home/user/.m2/repository/com/google/code/gson/gson/2.2.4/gson-2.2.4.jar
7f9451ad4000-7f9451ad6000 r--s 0001e000 fd:03 124977508                  /home/user/.m2/repository/com/google/re2j/re2j/1.1/re2j-1.1.jar
7f9451ad6000-7f9451ad8000 r--s 00130000 fd:03 125110514                  /home/user/.m2/repository/org/xerial/snappy/snappy-java/1.0.5/snappy-java-1.0.5.jar
7f9451ad8000-7f9451ada000 r--s 00006000 fd:03 124977862                  /home/user/.m2/repository/com/thoughtworks/paranamer/paranamer/2.3/paranamer-2.3.jar
7f9451ada000-7f9451ae3000 r--s 00062000 fd:03 124979613                  /home/user/.m2/repository/org/apache/avro/avro/1.7.7/avro-1.7.7.jar
7f9451ae3000-7f9451ae4000 r--s 00002000 fd:03 125110100                  /home/user/.m2/repository/org/slf4j/slf4j-log4j12/1.7.25/slf4j-log4j12-1.7.25.jar
7f9451ae4000-7f9451ae6000 r--s 00009000 fd:03 125110074                  /home/user/.m2/repository/org/slf4j/slf4j-api/1.7.25/slf4j-api-1.7.25.jar
7f9451ae6000-7f9451aea000 r--s 00029000 fd:03 124979860                  /home/user/.m2/repository/org/apache/commons/commons-text/1.4/commons-text-1.4.jar
7f9451aea000-7f9451af2000 r--s 00072000 fd:03 124979724                  /home/user/.m2/repository/org/apache/commons/commons-lang3/3.7/commons-lang3-3.7.jar
7f9451af2000-7f9451afe000 r--s 0008b000 fd:03 124979676                  /home/user/.m2/repository/org/apache/commons/commons-configuration2/2.1.1/commons-configuration2-2.1.1.jar
7f9451afe000-7f9451b03000 r--s 00038000 fd:03 298845307                  /home/user/.m2/repository/commons-beanutils/commons-beanutils/1.9.4/commons-beanutils-1.9.4.jar
7f9451b03000-7f9451b0c000 r--s 0006f000 fd:03 124979230                  /home/user/.m2/repository/log4j/log4j/1.2.17/log4j-1.2.17.jar
7f9451b0c000-7f9451b0e000 r--s 0000e000 fd:03 124978511                  /home/user/.m2/repository/commons-logging/commons-logging/1.1.3/commons-logging-1.1.3.jar
7f9451b0e000-7f9451b1e000 r--s 0009c000 fd:03 124977779                  /home/user/.m2/repository/com/sun/jersey/jersey-server/1.19/jersey-server-1.19.jar
7f9451b1e000-7f9451b1f000 r--s 00006000 fd:03 125046234                  /home/user/.m2/repository/org/codehaus/jackson/jackson-xc/1.9.13/jackson-xc-1.9.13.jar
7f9451b1f000-7f9451b20000 r--s 00004000 fd:03 125046216                  /home/user/.m2/repository/org/codehaus/jackson/jackson-jaxrs/1.9.13/jackson-jaxrs-1.9.13.jar
7f9451b20000-7f9451b2e000 r--s 000b1000 fd:03 125046225                  /home/user/.m2/repository/org/codehaus/jackson/jackson-mapper-asl/1.9.13/jackson-mapper-asl-1.9.13.jar
7f9451b2e000-7f9451b32000 r--s 00035000 fd:03 125046207                  /home/user/.m2/repository/org/codehaus/jackson/jackson-core-asl/1.9.13/jackson-core-asl-1.9.13.jar
7f9451b32000-7f9451b44000 r--s 000d9000 fd:03 124977838                  /home/user/.m2/repository/com/sun/xml/bind/jaxb-impl/2.3.0.1/jaxb-impl-2.3.0.1.jar
7f9451b44000-7f9451b46000 r--s 0000f000 fd:03 125046244                  /home/user/.m2/repository/org/codehaus/jettison/jettison/1.1/jettison-1.1.jar
7f9451b46000-7f9451b4a000 r--s 00025000 fd:03 124977764                  /home/user/.m2/repository/com/sun/jersey/jersey-json/1.19/jersey-json-1.19.jar
7f9451b4a000-7f9451b4e000 r--s 0001c000 fd:03 124977788                  /home/user/.m2/repository/com/sun/jersey/jersey-servlet/1.19/jersey-servlet-1.19.jar
7f9451b4e000-7f9451b50000 r--s 0000a000 fd:03 124979115                  /home/user/.m2/repository/javax/ws/rs/jsr311-api/1.1.1/jsr311-api-1.1.1.jar
7f9451b50000-7f9451b5a000 r--s 00061000 fd:03 124977755                  /home/user/.m2/repository/com/sun/jersey/jersey-core/1.19/jersey-core-1.19.jar
7f9451b5a000-7f9451b5d000 r--s 00016000 fd:03 124979071                  /home/user/.m2/repository/javax/servlet/jsp/jsp-api/2.1/jsp-api-2.1.jar
7f9451b5d000-7f9451b5e000 r--s 0000c000 fd:03 298845302                  /home/user/.m2/repository/org/eclipse/jetty/jetty-xml/9.3.25.v20180904/jetty-xml-9.3.25.v20180904.jar
7f9451b5e000-7f9451b61000 r--s 0001a000 fd:03 298845301                  /home/user/.m2/repository/org/eclipse/jetty/jetty-webapp/9.3.25.v20180904/jetty-webapp-9.3.25.v20180904.jar
7f9451b61000-7f9451b64000 r--s 00015000 fd:03 298845300                  /home/user/.m2/repository/org/eclipse/jetty/jetty-security/9.3.25.v20180904/jetty-security-9.3.25.v20180904.jar
7f9451b64000-7f9451b67000 r--s 0001b000 fd:03 298845292                  /home/user/.m2/repository/org/eclipse/jetty/jetty-servlet/9.3.25.v20180904/jetty-servlet-9.3.25.v20180904.jar
7f9451b67000-7f9451b6e000 r--s 00069000 fd:03 298845294                  /home/user/.m2/repository/org/eclipse/jetty/jetty-util/9.3.25.v20180904/jetty-util-9.3.25.v20180904.jar
7f9451b6e000-7f9451b72000 r--s 0001b000 fd:03 298845296                  /home/user/.m2/repository/org/eclipse/jetty/jetty-io/9.3.25.v20180904/jetty-io-9.3.25.v20180904.jar
7f9451b72000-7f9451b75000 r--s 00022000 fd:03 298845290                  /home/user/.m2/repository/org/eclipse/jetty/jetty-http/9.3.25.v20180904/jetty-http-9.3.25.v20180904.jar
7f9451b75000-7f9451b7d000 r--s 00078000 fd:03 298845288                  /home/user/.m2/repository/org/eclipse/jetty/jetty-server/9.3.25.v20180904/jetty-server-9.3.25.v20180904.jar
7f9451b7d000-7f9451b80000 r--s 00015000 fd:03 124979061                  /home/user/.m2/repository/javax/servlet/javax.servlet-api/3.1.0/javax.servlet-api-3.1.0.jar
7f9451b80000-7f9451b8d000 r--s 00083000 fd:03 124978332                  /home/user/.m2/repository/commons-collections/commons-collections/3.2.2/commons-collections-3.2.2.jar
7f9451b8d000-7f9451b93000 r--s 00046000 fd:03 124978537                  /home/user/.m2/repository/commons-net/commons-net/3.6/commons-net-3.6.jar
7f9451b93000-7f9451b97000 r--s 0002f000 fd:03 124978443                  /home/user/.m2/repository/commons-io/commons-io/2.5/commons-io-2.5.jar
7f9451b97000-7f9451b9e000 r--s 0004b000 fd:03 124978264                  /home/user/.m2/repository/commons-codec/commons-codec/1.11/commons-codec-1.11.jar
7f9451b9e000-7f9451ba5000 r--s 00049000 fd:03 124980228                  /home/user/.m2/repository/org/apache/httpcomponents/httpcore/4.4.4/httpcore-4.4.4.jar
7f9451ba5000-7f9451bb2000 r--s 000a7000 fd:03 124980175                  /home/user/.m2/repository/org/apache/httpcomponents/httpclient/4.5.2/httpclient-4.5.2.jar
7f9451bb2000-7f9451bcf000 r--s 0016a000 fd:03 124979733                  /home/user/.m2/repository/org/apache/commons/commons-math3/3.1.1/commons-math3-3.1.1.jar
7f9451bcf000-7f9451bd1000 r--s 00009000 fd:03 124978246                  /home/user/.m2/repository/commons-cli/commons-cli/1.2/commons-cli-1.2.jar
7f9451bd1000-7f9451c4a000 r--s 007c0000 fd:03 124456713                  /usr/lib/jvm/java-1.8-openjdk/lib/tools.jar
7f9451c4a000-7f9451c4b000 r--s 0000e000 fd:03 124979958                  /home/user/.m2/repository/org/apache/hadoop/hadoop-annotations/3.2.0/hadoop-annotations-3.2.0.jar
7f9451c4b000-7f9451c76000 r--s 00297000 fd:03 124979985                  /home/user/.m2/repository/org/apache/hadoop/hadoop-common/3.2.0/hadoop-common-3.2.0-tests.jar
7f9451c76000-7f9451c7c000 r--s 00033000 fd:03 124979150                  /home/user/.m2/repository/jaxen/jaxen/1.1.6/jaxen-1.1.6.jar
7f9451c7c000-7f9451c7d000 r--s 00002000 fd:03 124919670                  /home/user/.m2/repository/com/apple/AppleJavaExtensions/1.4/AppleJavaExtensions-1.4.jar
7f9451c7d000-7f9451c82000 r--s 00041000 fd:03 124978467                  /home/user/.m2/repository/commons-lang/commons-lang/2.6/commons-lang-2.6.jar
7f9451c82000-7f9451c84000 r--s 0000c000 fd:03 125109718                  /home/user/.m2/repository/org/ow2/asm/asm/5.0.4/asm-5.0.4.jar
7f9451c84000-7f9451c86000 r--s 00006000 fd:03 125109834                  /home/user/.m2/repository/org/ow2/asm/asm-tree/5.0.2/asm-tree-5.0.2.jar
7f9451c86000-7f9451c88000 r--s 00009000 fd:03 125109769                  /home/user/.m2/repository/org/ow2/asm/asm-commons/5.0.2/asm-commons-5.0.2.jar
7f9451c88000-7f9451c8d000 r--s 00058000 fd:03 125109788                  /home/user/.m2/repository/org/ow2/asm/asm-debug-all/5.0.2/asm-debug-all-5.0.2.jar
7f9451c8d000-7f9451c92000 r--s 00016000 fd:03 125110630                  /home/user/.m2/repository/xml-apis/xml-apis/1.0.b2/xml-apis-1.0.b2.jar
7f9451c92000-7f9451c97000 r--s 00048000 fd:03 124978603                  /home/user/.m2/repository/dom4j/dom4j/1.6.1/dom4j-1.6.1.jar
7f9451c97000-7f9451c99000 r--s 00005000 fd:03 124977251                  /home/user/.m2/repository/com/google/code/findbugs/jFormatString/2.0.1/jFormatString-2.0.1.jar
7f9451c99000-7f9451ca3000 r--s 0008c000 fd:03 124977233                  /home/user/.m2/repository/com/google/code/findbugs/bcel-findbugs/6.0/bcel-findbugs-6.0.jar
7f9451ca3000-7f9451ca6000 r--s 00006000 fd:03 124977274                  /home/user/.m2/repository/com/google/code/findbugs/jsr305/3.0.0/jsr305-3.0.0.jar
7f9451ca6000-7f9451ca7000 r--s 00000000 fd:03 124979377                  /home/user/.m2/repository/net/jcip/jcip-annotations/1.0/jcip-annotations-1.0.jar
7f9451ca7000-7f9451cd6000 r--s 00371000 fd:03 124977242                  /home/user/.m2/repository/com/google/code/findbugs/findbugs/3.0.1/findbugs-3.0.1.jar
7f9451cd6000-7f9451cd8000 r--s 00005000 fd:03 125109636                  /home/user/.m2/repository/org/objenesis/objenesis/1.0/objenesis-1.0.jar
7f9451cd8000-7f9451cda000 r--s 00009000 fd:03 124979324                  /home/user/.m2/repository/net/bytebuddy/byte-buddy-agent/1.9.10/byte-buddy-agent-1.9.10.jar
7f9451cda000-7f9451d21000 r--s 002d9000 fd:03 124979291                  /home/user/.m2/repository/net/bytebuddy/byte-buddy/1.9.10/byte-buddy-1.9.10.jar
7f9451d21000-7f9451d32000 r--s 00080000 fd:03 125109561                  /home/user/.m2/repository/org/mockito/mockito-core/2.28.2/mockito-core-2.28.2.jar
7f9451d32000-7f9451d8a000 r--s 003a7000 fd:03 125046129                  /home/user/.m2/repository/org/bouncycastle/bcprov-jdk15on/1.60/bcprov-jdk15on-1.60.jar
7f9451d8a000-7f9451dab000 r--s 00172000 fd:03 124977350                  /home/user/.m2/repository/com/google/guava/guava/11.0.2/guava-11.0.2.jar
7f9451dab000-7f9451db3000 r--s 0007b000 fd:03 124977466                  /home/user/.m2/repository/com/google/protobuf/protobuf-java/2.5.0/protobuf-java-2.5.0.jar
7f9451db3000-7f9451db8000 r--s 0003c000 fd:03 124978614                  /home/user/.m2/repository/info/picocli/picocli/3.9.6/picocli-3.9.6.jar
7f9451db8000-7f9451dbc000 r--s 006b9000 fd:03 125110523                  /home/user/.m2/repository/org/xerial/sqlite-jdbc/3.25.2/sqlite-jdbc-3.25.2.jar
7f9451dbc000-7f9451dc2000 r--s 0003c000 fd:03 125110543                  /home/user/.m2/repository/org/yaml/snakeyaml/1.16/snakeyaml-1.16.jar
7f9451dc2000-7f9451dc3000 r--s 00002000 fd:03 124978937                  /home/user/.m2/repository/io/opentracing/opentracing-noop/0.31.0/opentracing-noop-0.31.0.jar
7f9451dc3000-7f9451dc5000 r--s 00002000 fd:03 124978928                  /home/user/.m2/repository/io/opentracing/opentracing-api/0.31.0/opentracing-api-0.31.0.jar
7f9451dc5000-7f9451dc6000 r--s 00001000 fd:03 124978946                  /home/user/.m2/repository/io/opentracing/opentracing-util/0.31.0/opentracing-util-0.31.0.jar
7f9451dc6000-7f9451dc7000 r--s 00001000 fd:03 124978913                  /home/user/.m2/repository/io/opentracing/contrib/opentracing-tracerresolver/0.1.5/opentracing-tracerresolver-0.1.5.jar
7f9451dc7000-7f9451dc8000 r--s 00000000 fd:03 298845680                  /home/user/.m2/repository/io/jaegertracing/jaeger-tracerresolver/0.34.0/jaeger-tracerresolver-0.34.0.jar
7f9451dc8000-7f9451dcc000 r--s 0001c000 fd:03 298845679                  /home/user/.m2/repository/io/jaegertracing/jaeger-core/0.34.0/jaeger-core-0.34.0.jar
7f9451dcc000-7f9451dcd000 r--s 00013000 fd:03 124977703                  /home/user/.m2/repository/com/squareup/okio/okio/1.13.0/okio-1.13.0.jar
7f9451dcd000-7f9451dd3000 r--s 0005e000 fd:03 124977687                  /home/user/.m2/repository/com/squareup/okhttp3/okhttp/3.9.0/okhttp-3.9.0.jar
7f9451dd3000-7f9451dd9000 r--s 00037000 fd:03 298845676                  /home/user/.m2/repository/org/apache/thrift/libthrift/0.12.0/libthrift-0.12.0.jar
7f9451dd9000-7f9451de7000 r--s 0009e000 fd:03 298845675                  /home/user/.m2/repository/io/jaegertracing/jaeger-thrift/0.34.0/jaeger-thrift-0.34.0.jar
7f9451de7000-7f9451de8000 r--s 00000000 fd:03 298845674                  /home/user/.m2/repository/io/jaegertracing/jaeger-client/0.34.0/jaeger-client-0.34.0.jar
7f9451de8000-7f9451dec000 r--s 00020000 fd:03 124978378                  /home/user/.m2/repository/commons-digester/commons-digester/1.8.1/commons-digester-1.8.1.jar
7f9451dec000-7f9451df0000 r--s 0002a000 fd:03 124978563                  /home/user/.m2/repository/commons-validator/commons-validator/1.6/commons-validator-1.6.jar
7f9451df0000-7f9451e03000 r--s 000b0000 fd:03 125046120                  /home/user/.m2/repository/org/bouncycastle/bcpkix-jdk15on/1.60/bcpkix-jdk15on-1.60.jar
7f9451e03000-7f9451e06000 r--s 0001d000 fd:03 124979851                  /home/user/.m2/repository/org/apache/commons/commons-pool2/2.6.0/commons-pool2-2.6.0.jar
7f9451e06000-7f9451e09000 r--s 00012000 fd:03 124977589                  /home/user/.m2/repository/com/lmax/disruptor/3.4.2/disruptor-3.4.2.jar
7f9451e09000-7f9451e29000 r--s 00167000 fd:03 125042877                  /home/user/.m2/repository/org/apache/logging/log4j/log4j-core/2.11.0/log4j-core-2.11.0.jar
7f9451e29000-7f9451e2f000 r--s 0003b000 fd:03 125042868                  /home/user/.m2/repository/org/apache/logging/log4j/log4j-api/2.11.0/log4j-api-2.11.0.jar
7f9451e2f000-7f9451e34000 r--s 00c4f000 fd:03 125110025                  /home/user/.m2/repository/org/rocksdb/rocksdbjni/6.0.1/rocksdbjni-6.0.1.jar
7f9451e34000-7f9451e37000 r--s 00018000 fd:03 298845672                  /home/user/.m2/repository/org/apache/ratis/ratis-grpc/0.4.0/ratis-grpc-0.4.0.jar
7f9451e37000-7f9451e39000 r--s 00007000 fd:03 298845669                  /home/user/.m2/repository/org/apache/ratis/ratis-netty/0.4.0/ratis-netty-0.4.0.jar
7f9451e39000-7f9451e3b000 r--s 00009000 fd:03 298845667                  /home/user/.m2/repository/info/ganglia/gmetric4j/gmetric4j/1.0.7/gmetric4j-1.0.7.jar
7f9451e3b000-7f9451e3c000 r--s 00002000 fd:03 298845647                  /home/user/.m2/repository/io/dropwizard/metrics/metrics-ganglia/3.2.5/metrics-ganglia-3.2.5.jar
7f9451e3c000-7f9451e3e000 r--s 00008000 fd:03 298845662                  /home/user/.m2/repository/io/dropwizard/metrics/metrics-jvm/3.2.5/metrics-jvm-3.2.5.jar
7f9451e3e000-7f9451e3f000 r--s 00003000 fd:03 298845661                  /home/user/.m2/repository/com/github/joshelser/dropwizard-metrics-hadoop-metrics2-reporter/0.1.2/dropwizard-metrics-hadoop-metrics2-reporter-0.1.2.jar
7f9451e3f000-7f9451e41000 r--s 0000c000 fd:03 298845646                  /home/user/.m2/repository/org/apache/ratis/ratis-client/0.4.0/ratis-client-0.4.0.jar
7f9451e41000-7f9451e46000 r--s 0003a000 fd:03 298845648                  /home/user/.m2/repository/org/apache/ratis/ratis-common/0.4.0/ratis-common-0.4.0.jar
7f9451e46000-7f9451e54000 r--s 0010d000 fd:03 298845650                  /home/user/.m2/repository/org/apache/ratis/ratis-proto/0.4.0/ratis-proto-0.4.0.jar
7f9451e54000-7f9451f2e000 r--s 00cc8000 fd:03 125045773                  /home/user/.m2/repository/org/apache/ratis/ratis-thirdparty-misc/0.2.0/ratis-thirdparty-misc-0.2.0.jar
7f9451f2e000-7f9451f34000 r--s 00050000 fd:03 298845644                  /home/user/.m2/repository/org/apache/ratis/ratis-server/0.4.0/ratis-server-0.4.0.jar
7f9451f34000-7f9451f36000 r--s 00005000 fd:03 124979000                  /home/user/.m2/repository/javax/annotation/javax.annotation-api/1.2/javax.annotation-api-1.2.jar
7f9451f36000-7f9451f7b000 r--s 00486000 fd:03 124980021                  /home/user/.m2/repository/org/apache/hadoop/hadoop-hdfs-client/3.2.0/hadoop-hdfs-client-3.2.0.jar
7f9451f7b000-7f9451fa2000 r--s 00205000 fd:03 124978762                  /home/user/.m2/repository/io/netty/netty-all/4.0.52.Final/netty-all-4.0.52.Final.jar
7f9451fa2000-7f9451fbb000 r--s 0012c000 fd:03 124978753                  /home/user/.m2/repository/io/netty/netty/3.10.5.Final/netty-3.10.5.Final.jar
7f9451fbb000-7f9452003000 r--s 00557000 fd:03 124980012                  /home/user/.m2/repository/org/apache/hadoop/hadoop-hdfs/3.2.0/hadoop-hdfs-3.2.0.jar
7f9452003000-7f9452041000 r--s 003aa000 fd:03 124979988                  /home/user/.m2/repository/org/apache/hadoop/hadoop-common/3.2.0/hadoop-common-3.2.0.jar
7f9452041000-7f9452044000 ---p 00000000 00:00 0 
7f9452044000-7f9452142000 rw-p 00000000 00:00 0 
7f9452142000-7f9452349000 r-xp 00000000 fd:03 124456620                  /usr/lib/jvm/java-1.8-openjdk/jre/lib/amd64/libmanagement.so
7f9452349000-7f945234a000 r--p 00007000 fd:03 124456620                  /usr/lib/jvm/java-1.8-openjdk/jre/lib/amd64/libmanagement.so
7f945234a000-7f945234b000 rw-p 00008000 fd:03 124456620                  /usr/lib/jvm/java-1.8-openjdk/jre/lib/amd64/libmanagement.so
7f945234b000-7f945234e000 ---p 00000000 00:00 0 
7f945234e000-7f945244c000 rw-p 00000000 00:00 0 
7f945244c000-7f945244d000 ---p 00000000 00:00 0 
7f945244d000-7f945254e000 rw-p 00000000 00:00 0 
7f945254e000-7f9452551000 ---p 00000000 00:00 0 
7f9452551000-7f945264f000 rw-p 00000000 00:00 0 
7f945264f000-7f9452650000 ---p 00000000 00:00 0 
7f9452650000-7f9452653000 ---p 00000000 00:00 0 
7f9452653000-7f9452751000 rw-p 00000000 00:00 0 
7f9452751000-7f9452752000 ---p 00000000 00:00 0 
7f9452752000-7f9452755000 ---p 00000000 00:00 0 
7f9452755000-7f9452853000 rw-p 00000000 00:00 0 
7f9452853000-7f9452856000 ---p 00000000 00:00 0 
7f9452856000-7f9452954000 rw-p 00000000 00:00 0 
7f9452954000-7f9452957000 ---p 00000000 00:00 0 
7f9452957000-7f9452a55000 rw-p 00000000 00:00 0 
7f9452a55000-7f9452a58000 ---p 00000000 00:00 0 
7f9452a58000-7f9452b56000 rw-p 00000000 00:00 0 
7f9452b56000-7f9452b57000 ---p 00000000 00:00 0 
7f9452b57000-7f9453561000 rw-p 00000000 00:00 0 
7f9453561000-7f9453731000 r--s 01f56000 fd:03 124456685                  /usr/lib/jvm/java-1.8-openjdk/jre/lib/rt.jar
7f9453731000-7f94583a7000 rw-p 00000000 00:00 0 
7f94583a7000-7f94583a8000 ---p 00000000 00:00 0 
7f94583a8000-7f94584a9000 rw-p 00000000 00:00 0 
7f94584a9000-7f94584aa000 ---p 00000000 00:00 0 
7f94584aa000-7f9458748000 rw-p 00000000 00:00 0 
7f9458748000-7f9458856000 ---p 00000000 00:00 0 
7f9458856000-7f94589f3000 rw-p 00000000 00:00 0 
7f94589f3000-7f9458b00000 ---p 00000000 00:00 0 
7f9458b00000-7f9458c75000 rw-p 00000000 00:00 0 
7f9458c75000-7f9459017000 ---p 00000000 00:00 0 
7f9459017000-7f9459797000 rwxp 00000000 00:00 0 
7f9459797000-7f9468017000 ---p 00000000 00:00 0 
7f9468017000-7f946821e000 r-xp 00000000 fd:03 124456629                  /usr/lib/jvm/java-1.8-openjdk/jre/lib/amd64/libzip.so
7f946821e000-7f946821f000 r--p 00007000 fd:03 124456629                  /usr/lib/jvm/java-1.8-openjdk/jre/lib/amd64/libzip.so
7f946821f000-7f9468220000 rw-p 00008000 fd:03 124456629                  /usr/lib/jvm/java-1.8-openjdk/jre/lib/amd64/libzip.so
7f9468220000-7f946844b000 r-xp 00000000 fd:03 124456610                  /usr/lib/jvm/java-1.8-openjdk/jre/lib/amd64/libjava.so
7f946844b000-7f946844c000 r--p 0002b000 fd:03 124456610                  /usr/lib/jvm/java-1.8-openjdk/jre/lib/amd64/libjava.so
7f946844c000-7f946844d000 rw-p 0002c000 fd:03 124456610                  /usr/lib/jvm/java-1.8-openjdk/jre/lib/amd64/libjava.so
7f946844d000-7f946844e000 rw-p 00000000 00:00 0 
7f946844e000-7f946865a000 r-xp 00000000 fd:03 124456628                  /usr/lib/jvm/java-1.8-openjdk/jre/lib/amd64/libverify.so
7f946865a000-7f946865c000 r--p 0000c000 fd:03 124456628                  /usr/lib/jvm/java-1.8-openjdk/jre/lib/amd64/libverify.so
7f946865c000-7f946865d000 rw-p 0000e000 fd:03 124456628                  /usr/lib/jvm/java-1.8-openjdk/jre/lib/amd64/libverify.so
7f946865d000-7f946886d000 r-xp 00000000 fd:03 124456786                  /usr/lib/libgcc_s.so.1
7f946886d000-7f946886e000 r--p 00010000 fd:03 124456786                  /usr/lib/libgcc_s.so.1
7f946886e000-7f946886f000 rw-p 00011000 fd:03 124456786                  /usr/lib/libgcc_s.so.1
7f946886f000-7f9468bb0000 r-xp 00000000 fd:03 124456909                  /usr/lib/libstdc++.so.6.0.22
7f9468bb0000-7f9468bbe000 r--p 00141000 fd:03 124456909                  /usr/lib/libstdc++.so.6.0.22
7f9468bbe000-7f9468bbf000 rw-p 0014f000 fd:03 124456909                  /usr/lib/libstdc++.so.6.0.22
7f9468bbf000-7f9468bc2000 rw-p 00000000 00:00 0 
7f9468bc2000-7f9469596000 r-xp 00000000 fd:03 124456633                  /usr/lib/jvm/java-1.8-openjdk/jre/lib/amd64/server/libjvm.so
7f9469596000-7f946962c000 r--p 007d4000 fd:03 124456633                  /usr/lib/jvm/java-1.8-openjdk/jre/lib/amd64/server/libjvm.so
7f946962c000-7f9469654000 rw-p 0086a000 fd:03 124456633                  /usr/lib/jvm/java-1.8-openjdk/jre/lib/amd64/server/libjvm.so
7f9469654000-7f9469685000 rw-p 00000000 00:00 0 
7f9469685000-7f946989a000 r-xp 00000000 fd:03 210567199                  /lib/libz.so.1.2.11
7f946989a000-7f946989b000 r--p 00015000 fd:03 210567199                  /lib/libz.so.1.2.11
7f946989b000-7f946989c000 rw-p 00016000 fd:03 210567199                  /lib/libz.so.1.2.11
7f946989c000-7f9469aa8000 r-xp 00000000 fd:03 124456594                  /usr/lib/jvm/java-1.8-openjdk/jre/lib/amd64/jli/libjli.so
7f9469aa8000-7f9469aa9000 r--p 0000c000 fd:03 124456594                  /usr/lib/jvm/java-1.8-openjdk/jre/lib/amd64/jli/libjli.so
7f9469aa9000-7f9469aaa000 rw-p 0000d000 fd:03 124456594                  /usr/lib/jvm/java-1.8-openjdk/jre/lib/amd64/jli/libjli.so
7f9469aaa000-7f9469b37000 r-xp 00000000 fd:03 124389454                  /lib/ld-musl-x86_64.so.1
7f9469b37000-7f9469b38000 r--s 00006000 fd:03 298845643                  /home/user/.m2/repository/org/apache/ratis/ratis-metrics/0.4.0/ratis-metrics-0.4.0.jar
7f9469b38000-7f9469b3b000 r--s 0000e000 fd:03 298845315                  /home/user/.m2/repository/com/fasterxml/jackson/core/jackson-annotations/2.9.9/jackson-annotations-2.9.9.jar
7f9469b3b000-7f9469b3e000 r--s 000fd000 fd:03 125109035                  /home/user/.m2/repository/org/fusesource/leveldbjni/leveldbjni-all/1.8/leveldbjni-all-1.8.jar
7f9469b3e000-7f9469b3f000 r--s 00005000 fd:03 124978352                  /home/user/.m2/repository/commons-daemon/commons-daemon/1.0.13/commons-daemon-1.0.13.jar
7f9469b3f000-7f9469b41000 r--s 00008000 fd:03 298845312                  /home/user/.m2/repository/org/eclipse/jetty/jetty-util-ajax/9.3.25.v20180904/jetty-util-ajax-9.3.25.v20180904.jar
7f9469b41000-7f9469b45000 r--s 00014000 fd:03 125110479                  /home/user/.m2/repository/org/tukaani/xz/1.0/xz-1.0.jar
7f9469b45000-7f9469b4a000 r--s 00036000 fd:03 124979659                  /home/user/.m2/repository/org/apache/commons/commons-compress/1.4.1/commons-compress-1.4.1.jar
7f9469b4a000-7f9469b4c000 r--s 00002000 fd:03 125045372                  /home/user/.m2/repository/org/apache/maven/surefire/surefire-logger-api/3.0.0-M1/surefire-logger-api-3.0.0-M1.jar
7f9469b4c000-7f9469b51000 r--s 00027000 fd:03 125045354                  /home/user/.m2/repository/org/apache/maven/surefire/surefire-api/3.0.0-M1/surefire-api-3.0.0-M1.jar
7f9469b51000-7f9469b57000 r--s 00047000 fd:03 125045363                  /home/user/.m2/repository/org/apache/maven/surefire/surefire-booter/3.0.0-M1/surefire-booter-3.0.0-M1.jar
7f9469b57000-7f9469b58000 r--s 00004000 fd:05 42336666                   /workdir/hadoop-ozone/ozone-manager/target/surefire/surefirebooter3823667636548909731.jar
7f9469b58000-7f9469b59000 r--s 00000000 fd:03 210503305                  /etc/localtime
7f9469b59000-7f9469c2a000 rw-p 00000000 00:00 0 
7f9469c2a000-7f9469c32000 rw-s 00000000 fd:03 296879160                  /tmp/hsperfdata_jenkins1000/12819
7f9469c32000-7f9469c33000 rw-p 00000000 00:00 0 
7f9469c33000-7f9469c34000 r--p 00000000 00:00 0 
7f9469c34000-7f9469c36000 ---p 00000000 00:00 0 
7f9469c36000-7f9469c39000 ---p 00000000 00:00 0 
7f9469c39000-7f9469d37000 rw-p 00000000 00:00 0 
7f9469d37000-7f9469d38000 r--p 0008d000 fd:03 124389454                  /lib/ld-musl-x86_64.so.1
7f9469d38000-7f9469d39000 rw-p 0008e000 fd:03 124389454                  /lib/ld-musl-x86_64.so.1
7f9469d39000-7f9469d3c000 rw-p 00000000 00:00 0 
7ffc430a5000-7ffc430c7000 rw-p 00000000 00:00 0                          [stack]
7ffc4311f000-7ffc43121000 r-xp 00000000 00:00 0                          [vdso]
ffffffffff600000-ffffffffff601000 r-xp 00000000 00:00 0                  [vsyscall]

VM Arguments:
jvm_args: -Xmx2048m -XX:+HeapDumpOnOutOfMemoryError 
java_command: /workdir/hadoop-ozone/ozone-manager/target/surefire/surefirebooter3823667636548909731.jar /workdir/hadoop-ozone/ozone-manager/target/surefire 2019-09-24T05-22-32_092-jvmRun1 surefire3749230093752116630tmp surefire_521904768776035758610tmp
java_class_path (initial): /workdir/hadoop-ozone/ozone-manager/target/surefire/surefirebooter3823667636548909731.jar
Launcher Type: SUN_STANDARD

Environment Variables:
PATH=/usr/local/sbin:/usr/local/bin:/usr/sbin:/usr/bin:/sbin:/bin:/opt/findbugs/bin:/opt/blockade/bin
LD_LIBRARY_PATH=/usr/lib/jvm/java-1.8-openjdk/jre/lib/amd64/server:/usr/lib/jvm/java-1.8-openjdk/jre/lib/amd64:/usr/lib/jvm/java-1.8-openjdk/jre/../lib/amd64:/workdir/hadoop-ozone/ozone-manager/target/native/target/usr/local/lib:/workdir/hadoop-ozone/ozone-manager/../../hadoop-common-project/hadoop-common/target/native/target/usr/local/lib
DYLD_LIBRARY_PATH=${env.DYLD_LIBRARY_PATH}:/workdir/hadoop-ozone/ozone-manager/target/native/target/usr/local/lib:/workdir/hadoop-ozone/ozone-manager/../../hadoop-common-project/hadoop-common/target/native/target/usr/local/lib

Signal Handlers:
SIGSEGV: [libjvm.so+0x600fd2], sa_mask[0]=11111111011111111101111111111110, sa_flags=SA_RESTART|SA_SIGINFO
SIGBUS: [libjvm.so+0x600fd2], sa_mask[0]=11111111011111111101111111111110, sa_flags=SA_RESTART|SA_SIGINFO
SIGFPE: [libjvm.so+0x539502], sa_mask[0]=11111111011111111101111111111110, sa_flags=SA_RESTART|SA_SIGINFO
SIGPIPE: [libjvm.so+0x539502], sa_mask[0]=11111111011111111101111111111110, sa_flags=SA_RESTART|SA_SIGINFO
SIGXFSZ: [libjvm.so+0x539502], sa_mask[0]=11111111011111111101111111111110, sa_flags=SA_RESTART|SA_SIGINFO
SIGILL: [libjvm.so+0x539502], sa_mask[0]=11111111011111111101111111111110, sa_flags=SA_RESTART|SA_SIGINFO
SIGUSR1: SIG_DFL, sa_mask[0]=00000000000000000000000000000000, sa_flags=none
SIGUSR2: [libjvm.so+0x5396a1], sa_mask[0]=00100000000000000000000000000000, sa_flags=SA_RESTART|SA_SIGINFO
SIGHUP: [libjvm.so+0x53b719], sa_mask[0]=11111111011111111101111111111110, sa_flags=SA_RESTART|SA_SIGINFO
SIGINT: [libjvm.so+0x53b719], sa_mask[0]=11111111011111111101111111111110, sa_flags=SA_RESTART|SA_SIGINFO
SIGTERM: [libjvm.so+0x53b719], sa_mask[0]=11111111011111111101111111111110, sa_flags=SA_RESTART|SA_SIGINFO
SIGQUIT: [libjvm.so+0x53b719], sa_mask[0]=11111111011111111101111111111110, sa_flags=SA_RESTART|SA_SIGINFO


---------------  S Y S T E M  ---------------

OS:NAME="Alpine Linux"
ID=alpine
VERSION_ID=3.8.2
PRETTY_NAME="Alpine Linux v3.8"
HOME_URL="http://alpinelinux.org"
BUG_REPORT_URL="http://bugs.alpinelinux.org"

uname:Linux 3.10.0-957.12.2.el7.x86_64 #1 SMP Tue May 14 21:24:32 UTC 2019 x86_64
libc:glibc 2.9 NPTL 
rlimit: STACK 8192k, CORE infinity, NPROC 1048576, NOFILE 1048576, AS infinity
load average:4.33 4.43 4.04

/proc/meminfo:
MemTotal:       263864176 kB
MemFree:        10852132 kB
MemAvailable:   86487892 kB
Buffers:        14423200 kB
Cached:         33952288 kB
SwapCached:            0 kB
Active:         195446388 kB
Inactive:       21591972 kB
Active(anon):   171161180 kB
Inactive(anon):  1657392 kB
Active(file):   24285208 kB
Inactive(file): 19934580 kB
Unevictable:       13856 kB
Mlocked:           13856 kB
SwapTotal:             0 kB
SwapFree:              0 kB
Dirty:             64756 kB
Writeback:            16 kB
AnonPages:      168676568 kB
Mapped:           263024 kB
Shmem:           4151976 kB
Slab:           33850200 kB
SReclaimable:   32300064 kB
SUnreclaim:      1550136 kB
KernelStack:       42576 kB
PageTables:       351600 kB
NFS_Unstable:          0 kB
Bounce:                0 kB
WritebackTmp:          0 kB
CommitLimit:    131932088 kB
Committed_AS:   241689992 kB
VmallocTotal:   34359738367 kB
VmallocUsed:      723876 kB
VmallocChunk:   34224688936 kB
HardwareCorrupted:     0 kB
AnonHugePages:  23277568 kB
CmaTotal:              0 kB
CmaFree:               0 kB
HugePages_Total:       0
HugePages_Free:        0
HugePages_Rsvd:        0
HugePages_Surp:        0
Hugepagesize:       2048 kB
DirectMap4k:      365304 kB
DirectMap2M:    21547008 kB
DirectMap1G:    248512512 kB

container (cgroup) information:
container_type: cgroupv1
cpu_cpuset_cpus: 0-31
cpu_memory_nodes: 0-1
active_processor_count: 2
cpu_quota: -1
cpu_period: 100000
cpu_shares: 2048
memory_limit_in_bytes: -1
memory_and_swap_limit_in_bytes: -1
memory_soft_limit_in_bytes: -1
memory_usage_in_bytes: 8416522240
memory_max_usage_in_bytes: 9738203136


CPU:total 32 (initial active 2) (8 cores per cpu, 2 threads per core) family 6 model 63 stepping 2, cmov, cx8, fxsr, mmx, sse, sse2, sse3, ssse3, sse4.1, sse4.2, popcnt, avx, avx2, aes, clmul, erms, lzcnt, ht, tsc, tscinvbit, bmi1, bmi2

/proc/cpuinfo:
processor	: 0
vendor_id	: GenuineIntel
cpu family	: 6
model		: 63
model name	: Intel(R) Xeon(R) CPU E5-2630 v3 @ 2.40GHz
stepping	: 2
microcode	: 0x43
cpu MHz		: 1299.902
cache size	: 20480 KB
physical id	: 0
siblings	: 16
core id		: 0
cpu cores	: 8
apicid		: 0
initial apicid	: 0
fpu		: yes
fpu_exception	: yes
cpuid level	: 15
wp		: yes
flags		: fpu vme de pse tsc msr pae mce cx8 apic sep mtrr pge mca cmov pat pse36 clflush dts acpi mmx fxsr sse sse2 ss ht tm pbe syscall nx pdpe1gb rdtscp lm constant_tsc arch_perfmon pebs bts rep_good nopl xtopology nonstop_tsc aperfmperf eagerfpu pni pclmulqdq dtes64 monitor ds_cpl vmx smx est tm2 ssse3 sdbg fma cx16 xtpr pdcm pcid dca sse4_1 sse4_2 x2apic movbe popcnt tsc_deadline_timer aes xsave avx f16c rdrand lahf_lm abm epb intel_ppin ssbd ibrs ibpb stibp tpr_shadow vnmi flexpriority ept vpid fsgsbase tsc_adjust bmi1 avx2 smep bmi2 erms invpcid cqm xsaveopt cqm_llc cqm_occup_llc dtherm ida arat pln pts md_clear spec_ctrl intel_stibp flush_l1d
bogomips	: 4788.37
clflush size	: 64
cache_alignment	: 64
address sizes	: 46 bits physical, 48 bits virtual
power management:

processor	: 1
vendor_id	: GenuineIntel
cpu family	: 6
model		: 63
model name	: Intel(R) Xeon(R) CPU E5-2630 v3 @ 2.40GHz
stepping	: 2
microcode	: 0x43
cpu MHz		: 1503.808
cache size	: 20480 KB
physical id	: 0
siblings	: 16
core id		: 1
cpu cores	: 8
apicid		: 2
initial apicid	: 2
fpu		: yes
fpu_exception	: yes
cpuid level	: 15
wp		: yes
flags		: fpu vme de pse tsc msr pae mce cx8 apic sep mtrr pge mca cmov pat pse36 clflush dts acpi mmx fxsr sse sse2 ss ht tm pbe syscall nx pdpe1gb rdtscp lm constant_tsc arch_perfmon pebs bts rep_good nopl xtopology nonstop_tsc aperfmperf eagerfpu pni pclmulqdq dtes64 monitor ds_cpl vmx smx est tm2 ssse3 sdbg fma cx16 xtpr pdcm pcid dca sse4_1 sse4_2 x2apic movbe popcnt tsc_deadline_timer aes xsave avx f16c rdrand lahf_lm abm epb intel_ppin ssbd ibrs ibpb stibp tpr_shadow vnmi flexpriority ept vpid fsgsbase tsc_adjust bmi1 avx2 smep bmi2 erms invpcid cqm xsaveopt cqm_llc cqm_occup_llc dtherm ida arat pln pts md_clear spec_ctrl intel_stibp flush_l1d
bogomips	: 4788.37
clflush size	: 64
cache_alignment	: 64
address sizes	: 46 bits physical, 48 bits virtual
power management:

processor	: 2
vendor_id	: GenuineIntel
cpu family	: 6
model		: 63
model name	: Intel(R) Xeon(R) CPU E5-2630 v3 @ 2.40GHz
stepping	: 2
microcode	: 0x43
cpu MHz		: 1877.929
cache size	: 20480 KB
physical id	: 0
siblings	: 16
core id		: 2
cpu cores	: 8
apicid		: 4
initial apicid	: 4
fpu		: yes
fpu_exception	: yes
cpuid level	: 15
wp		: yes
flags		: fpu vme de pse tsc msr pae mce cx8 apic sep mtrr pge mca cmov pat pse36 clflush dts acpi mmx fxsr sse sse2 ss ht tm pbe syscall nx pdpe1gb rdtscp lm constant_tsc arch_perfmon pebs bts rep_good nopl xtopology nonstop_tsc aperfmperf eagerfpu pni pclmulqdq dtes64 monitor ds_cpl vmx smx est tm2 ssse3 sdbg fma cx16 xtpr pdcm pcid dca sse4_1 sse4_2 x2apic movbe popcnt tsc_deadline_timer aes xsave avx f16c rdrand lahf_lm abm epb intel_ppin ssbd ibrs ibpb stibp tpr_shadow vnmi flexpriority ept vpid fsgsbase tsc_adjust bmi1 avx2 smep bmi2 erms invpcid cqm xsaveopt cqm_llc cqm_occup_llc dtherm ida arat pln pts md_clear spec_ctrl intel_stibp flush_l1d
bogomips	: 4788.37
clflush size	: 64
cache_alignment	: 64
address sizes	: 46 bits physical, 48 bits virtual
power management:

processor	: 3
vendor_id	: GenuineIntel
cpu family	: 6
model		: 63
model name	: Intel(R) Xeon(R) CPU E5-2630 v3 @ 2.40GHz
stepping	: 2
microcode	: 0x43
cpu MHz		: 1292.285
cache size	: 20480 KB
physical id	: 0
siblings	: 16
core id		: 3
cpu cores	: 8
apicid		: 6
initial apicid	: 6
fpu		: yes
fpu_exception	: yes
cpuid level	: 15
wp		: yes
flags		: fpu vme de pse tsc msr pae mce cx8 apic sep mtrr pge mca cmov pat pse36 clflush dts acpi mmx fxsr sse sse2 ss ht tm pbe syscall nx pdpe1gb rdtscp lm constant_tsc arch_perfmon pebs bts rep_good nopl xtopology nonstop_tsc aperfmperf eagerfpu pni pclmulqdq dtes64 monitor ds_cpl vmx smx est tm2 ssse3 sdbg fma cx16 xtpr pdcm pcid dca sse4_1 sse4_2 x2apic movbe popcnt tsc_deadline_timer aes xsave avx f16c rdrand lahf_lm abm epb intel_ppin ssbd ibrs ibpb stibp tpr_shadow vnmi flexpriority ept vpid fsgsbase tsc_adjust bmi1 avx2 smep bmi2 erms invpcid cqm xsaveopt cqm_llc cqm_occup_llc dtherm ida arat pln pts md_clear spec_ctrl intel_stibp flush_l1d
bogomips	: 4788.37
clflush size	: 64
cache_alignment	: 64
address sizes	: 46 bits physical, 48 bits virtual
power management:

processor	: 4
vendor_id	: GenuineIntel
cpu family	: 6
model		: 63
model name	: Intel(R) Xeon(R) CPU E5-2630 v3 @ 2.40GHz
stepping	: 2
microcode	: 0x43
cpu MHz		: 1299.902
cache size	: 20480 KB
physical id	: 0
siblings	: 16
core id		: 4
cpu cores	: 8
apicid		: 8
initial apicid	: 8
fpu		: yes
fpu_exception	: yes
cpuid level	: 15
wp		: yes
flags		: fpu vme de pse tsc msr pae mce cx8 apic sep mtrr pge mca cmov pat pse36 clflush dts acpi mmx fxsr sse sse2 ss ht tm pbe syscall nx pdpe1gb rdtscp lm constant_tsc arch_perfmon pebs bts rep_good nopl xtopology nonstop_tsc aperfmperf eagerfpu pni pclmulqdq dtes64 monitor ds_cpl vmx smx est tm2 ssse3 sdbg fma cx16 xtpr pdcm pcid dca sse4_1 sse4_2 x2apic movbe popcnt tsc_deadline_timer aes xsave avx f16c rdrand lahf_lm abm epb intel_ppin ssbd ibrs ibpb stibp tpr_shadow vnmi flexpriority ept vpid fsgsbase tsc_adjust bmi1 avx2 smep bmi2 erms invpcid cqm xsaveopt cqm_llc cqm_occup_llc dtherm ida arat pln pts md_clear spec_ctrl intel_stibp flush_l1d
bogomips	: 4788.37
clflush size	: 64
cache_alignment	: 64
address sizes	: 46 bits physical, 48 bits virtual
power management:

processor	: 5
vendor_id	: GenuineIntel
cpu family	: 6
model		: 63
model name	: Intel(R) Xeon(R) CPU E5-2630 v3 @ 2.40GHz
stepping	: 2
microcode	: 0x43
cpu MHz		: 1995.410
cache size	: 20480 KB
physical id	: 0
siblings	: 16
core id		: 5
cpu cores	: 8
apicid		: 10
initial apicid	: 10
fpu		: yes
fpu_exception	: yes
cpuid level	: 15
wp		: yes
flags		: fpu vme de pse tsc msr pae mce cx8 apic sep mtrr pge mca cmov pat pse36 clflush dts acpi mmx fxsr sse sse2 ss ht tm pbe syscall nx pdpe1gb rdtscp lm constant_tsc arch_perfmon pebs bts rep_good nopl xtopology nonstop_tsc aperfmperf eagerfpu pni pclmulqdq dtes64 monitor ds_cpl vmx smx est tm2 ssse3 sdbg fma cx16 xtpr pdcm pcid dca sse4_1 sse4_2 x2apic movbe popcnt tsc_deadline_timer aes xsave avx f16c rdrand lahf_lm abm epb intel_ppin ssbd ibrs ibpb stibp tpr_shadow vnmi flexpriority ept vpid fsgsbase tsc_adjust bmi1 avx2 smep bmi2 erms invpcid cqm xsaveopt cqm_llc cqm_occup_llc dtherm ida arat pln pts md_clear spec_ctrl intel_stibp flush_l1d
bogomips	: 4788.37
clflush size	: 64
cache_alignment	: 64
address sizes	: 46 bits physical, 48 bits virtual
power management:

processor	: 6
vendor_id	: GenuineIntel
cpu family	: 6
model		: 63
model name	: Intel(R) Xeon(R) CPU E5-2630 v3 @ 2.40GHz
stepping	: 2
microcode	: 0x43
cpu MHz		: 1373.730
cache size	: 20480 KB
physical id	: 0
siblings	: 16
core id		: 6
cpu cores	: 8
apicid		: 12
initial apicid	: 12
fpu		: yes
fpu_exception	: yes
cpuid level	: 15
wp		: yes
flags		: fpu vme de pse tsc msr pae mce cx8 apic sep mtrr pge mca cmov pat pse36 clflush dts acpi mmx fxsr sse sse2 ss ht tm pbe syscall nx pdpe1gb rdtscp lm constant_tsc arch_perfmon pebs bts rep_good nopl xtopology nonstop_tsc aperfmperf eagerfpu pni pclmulqdq dtes64 monitor ds_cpl vmx smx est tm2 ssse3 sdbg fma cx16 xtpr pdcm pcid dca sse4_1 sse4_2 x2apic movbe popcnt tsc_deadline_timer aes xsave avx f16c rdrand lahf_lm abm epb intel_ppin ssbd ibrs ibpb stibp tpr_shadow vnmi flexpriority ept vpid fsgsbase tsc_adjust bmi1 avx2 smep bmi2 erms invpcid cqm xsaveopt cqm_llc cqm_occup_llc dtherm ida arat pln pts md_clear spec_ctrl intel_stibp flush_l1d
bogomips	: 4788.37
clflush size	: 64
cache_alignment	: 64
address sizes	: 46 bits physical, 48 bits virtual
power management:

processor	: 7
vendor_id	: GenuineIntel
cpu family	: 6
model		: 63
model name	: Intel(R) Xeon(R) CPU E5-2630 v3 @ 2.40GHz
stepping	: 2
microcode	: 0x43
cpu MHz		: 1278.369
cache size	: 20480 KB
physical id	: 0
siblings	: 16
core id		: 7
cpu cores	: 8
apicid		: 14
initial apicid	: 14
fpu		: yes
fpu_exception	: yes
cpuid level	: 15
wp		: yes
flags		: fpu vme de pse tsc msr pae mce cx8 apic sep mtrr pge mca cmov pat pse36 clflush dts acpi mmx fxsr sse sse2 ss ht tm pbe syscall nx pdpe1gb rdtscp lm constant_tsc arch_perfmon pebs bts rep_good nopl xtopology nonstop_tsc aperfmperf eagerfpu pni pclmulqdq dtes64 monitor ds_cpl vmx smx est tm2 ssse3 sdbg fma cx16 xtpr pdcm pcid dca sse4_1 sse4_2 x2apic movbe popcnt tsc_deadline_timer aes xsave avx f16c rdrand lahf_lm abm epb intel_ppin ssbd ibrs ibpb stibp tpr_shadow vnmi flexpriority ept vpid fsgsbase tsc_adjust bmi1 avx2 smep bmi2 erms invpcid cqm xsaveopt cqm_llc cqm_occup_llc dtherm ida arat pln pts md_clear spec_ctrl intel_stibp flush_l1d
bogomips	: 4788.37
clflush size	: 64
cache_alignment	: 64
address sizes	: 46 bits physical, 48 bits virtual
power management:

processor	: 8
vendor_id	: GenuineIntel
cpu family	: 6
model		: 63
model name	: Intel(R) Xeon(R) CPU E5-2630 v3 @ 2.40GHz
stepping	: 2
microcode	: 0x43
cpu MHz		: 1399.951
cache size	: 20480 KB
physical id	: 1
siblings	: 16
core id		: 0
cpu cores	: 8
apicid		: 16
initial apicid	: 16
fpu		: yes
fpu_exception	: yes
cpuid level	: 15
wp		: yes
flags		: fpu vme de pse tsc msr pae mce cx8 apic sep mtrr pge mca cmov pat pse36 clflush dts acpi mmx fxsr sse sse2 ss ht tm pbe syscall nx pdpe1gb rdtscp lm constant_tsc arch_perfmon pebs bts rep_good nopl xtopology nonstop_tsc aperfmperf eagerfpu pni pclmulqdq dtes64 monitor ds_cpl vmx smx est tm2 ssse3 sdbg fma cx16 xtpr pdcm pcid dca sse4_1 sse4_2 x2apic movbe popcnt tsc_deadline_timer aes xsave avx f16c rdrand lahf_lm abm epb intel_ppin ssbd ibrs ibpb stibp tpr_shadow vnmi flexpriority ept vpid fsgsbase tsc_adjust bmi1 avx2 smep bmi2 erms invpcid cqm xsaveopt cqm_llc cqm_occup_llc dtherm ida arat pln pts md_clear spec_ctrl intel_stibp flush_l1d
bogomips	: 4793.83
clflush size	: 64
cache_alignment	: 64
address sizes	: 46 bits physical, 48 bits virtual
power management:

processor	: 9
vendor_id	: GenuineIntel
cpu family	: 6
model		: 63
model name	: Intel(R) Xeon(R) CPU E5-2630 v3 @ 2.40GHz
stepping	: 2
microcode	: 0x43
cpu MHz		: 1394.384
cache size	: 20480 KB
physical id	: 1
siblings	: 16
core id		: 1
cpu cores	: 8
apicid		: 18
initial apicid	: 18
fpu		: yes
fpu_exception	: yes
cpuid level	: 15
wp		: yes
flags		: fpu vme de pse tsc msr pae mce cx8 apic sep mtrr pge mca cmov pat pse36 clflush dts acpi mmx fxsr sse sse2 ss ht tm pbe syscall nx pdpe1gb rdtscp lm constant_tsc arch_perfmon pebs bts rep_good nopl xtopology nonstop_tsc aperfmperf eagerfpu pni pclmulqdq dtes64 monitor ds_cpl vmx smx est tm2 ssse3 sdbg fma cx16 xtpr pdcm pcid dca sse4_1 sse4_2 x2apic movbe popcnt tsc_deadline_timer aes xsave avx f16c rdrand lahf_lm abm epb intel_ppin ssbd ibrs ibpb stibp tpr_shadow vnmi flexpriority ept vpid fsgsbase tsc_adjust bmi1 avx2 smep bmi2 erms invpcid cqm xsaveopt cqm_llc cqm_occup_llc dtherm ida arat pln pts md_clear spec_ctrl intel_stibp flush_l1d
bogomips	: 4793.83
clflush size	: 64
cache_alignment	: 64
address sizes	: 46 bits physical, 48 bits virtual
power management:

processor	: 10
vendor_id	: GenuineIntel
cpu family	: 6
model		: 63
model name	: Intel(R) Xeon(R) CPU E5-2630 v3 @ 2.40GHz
stepping	: 2
microcode	: 0x43
cpu MHz		: 1199.853
cache size	: 20480 KB
physical id	: 1
siblings	: 16
core id		: 2
cpu cores	: 8
apicid		: 20
initial apicid	: 20
fpu		: yes
fpu_exception	: yes
cpuid level	: 15
wp		: yes
flags		: fpu vme de pse tsc msr pae mce cx8 apic sep mtrr pge mca cmov pat pse36 clflush dts acpi mmx fxsr sse sse2 ss ht tm pbe syscall nx pdpe1gb rdtscp lm constant_tsc arch_perfmon pebs bts rep_good nopl xtopology nonstop_tsc aperfmperf eagerfpu pni pclmulqdq dtes64 monitor ds_cpl vmx smx est tm2 ssse3 sdbg fma cx16 xtpr pdcm pcid dca sse4_1 sse4_2 x2apic movbe popcnt tsc_deadline_timer aes xsave avx f16c rdrand lahf_lm abm epb intel_ppin ssbd ibrs ibpb stibp tpr_shadow vnmi flexpriority ept vpid fsgsbase tsc_adjust bmi1 avx2 smep bmi2 erms invpcid cqm xsaveopt cqm_llc cqm_occup_llc dtherm ida arat pln pts md_clear spec_ctrl intel_stibp flush_l1d
bogomips	: 4793.83
clflush size	: 64
cache_alignment	: 64
address sizes	: 46 bits physical, 48 bits virtual
power management:

processor	: 11
vendor_id	: GenuineIntel
cpu family	: 6
model		: 63
model name	: Intel(R) Xeon(R) CPU E5-2630 v3 @ 2.40GHz
stepping	: 2
microcode	: 0x43
cpu MHz		: 1355.566
cache size	: 20480 KB
physical id	: 1
siblings	: 16
core id		: 3
cpu cores	: 8
apicid		: 22
initial apicid	: 22
fpu		: yes
fpu_exception	: yes
cpuid level	: 15
wp		: yes
flags		: fpu vme de pse tsc msr pae mce cx8 apic sep mtrr pge mca cmov pat pse36 clflush dts acpi mmx fxsr sse sse2 ss ht tm pbe syscall nx pdpe1gb rdtscp lm constant_tsc arch_perfmon pebs bts rep_good nopl xtopology nonstop_tsc aperfmperf eagerfpu pni pclmulqdq dtes64 monitor ds_cpl vmx smx est tm2 ssse3 sdbg fma cx16 xtpr pdcm pcid dca sse4_1 sse4_2 x2apic movbe popcnt tsc_deadline_timer aes xsave avx f16c rdrand lahf_lm abm epb intel_ppin ssbd ibrs ibpb stibp tpr_shadow vnmi flexpriority ept vpid fsgsbase tsc_adjust bmi1 avx2 smep bmi2 erms invpcid cqm xsaveopt cqm_llc cqm_occup_llc dtherm ida arat pln pts md_clear spec_ctrl intel_stibp flush_l1d
bogomips	: 4793.83
clflush size	: 64
cache_alignment	: 64
address sizes	: 46 bits physical, 48 bits virtual
power management:

processor	: 12
vendor_id	: GenuineIntel
cpu family	: 6
model		: 63
model name	: Intel(R) Xeon(R) CPU E5-2630 v3 @ 2.40GHz
stepping	: 2
microcode	: 0x43
cpu MHz		: 1276.318
cache size	: 20480 KB
physical id	: 1
siblings	: 16
core id		: 4
cpu cores	: 8
apicid		: 24
initial apicid	: 24
fpu		: yes
fpu_exception	: yes
cpuid level	: 15
wp		: yes
flags		: fpu vme de pse tsc msr pae mce cx8 apic sep mtrr pge mca cmov pat pse36 clflush dts acpi mmx fxsr sse sse2 ss ht tm pbe syscall nx pdpe1gb rdtscp lm constant_tsc arch_perfmon pebs bts rep_good nopl xtopology nonstop_tsc aperfmperf eagerfpu pni pclmulqdq dtes64 monitor ds_cpl vmx smx est tm2 ssse3 sdbg fma cx16 xtpr pdcm pcid dca sse4_1 sse4_2 x2apic movbe popcnt tsc_deadline_timer aes xsave avx f16c rdrand lahf_lm abm epb intel_ppin ssbd ibrs ibpb stibp tpr_shadow vnmi flexpriority ept vpid fsgsbase tsc_adjust bmi1 avx2 smep bmi2 erms invpcid cqm xsaveopt cqm_llc cqm_occup_llc dtherm ida arat pln pts md_clear spec_ctrl intel_stibp flush_l1d
bogomips	: 4793.83
clflush size	: 64
cache_alignment	: 64
address sizes	: 46 bits physical, 48 bits virtual
power management:

processor	: 13
vendor_id	: GenuineIntel
cpu family	: 6
model		: 63
model name	: Intel(R) Xeon(R) CPU E5-2630 v3 @ 2.40GHz
stepping	: 2
microcode	: 0x43
cpu MHz		: 1200.000
cache size	: 20480 KB
physical id	: 1
siblings	: 16
core id		: 5
cpu cores	: 8
apicid		: 26
initial apicid	: 26
fpu		: yes
fpu_exception	: yes
cpuid level	: 15
wp		: yes
flags		: fpu vme de pse tsc msr pae mce cx8 apic sep mtrr pge mca cmov pat pse36 clflush dts acpi mmx fxsr sse sse2 ss ht tm pbe syscall nx pdpe1gb rdtscp lm constant_tsc arch_perfmon pebs bts rep_good nopl xtopology nonstop_tsc aperfmperf eagerfpu pni pclmulqdq dtes64 monitor ds_cpl vmx smx est tm2 ssse3 sdbg fma cx16 xtpr pdcm pcid dca sse4_1 sse4_2 x2apic movbe popcnt tsc_deadline_timer aes xsave avx f16c rdrand lahf_lm abm epb intel_ppin ssbd ibrs ibpb stibp tpr_shadow vnmi flexpriority ept vpid fsgsbase tsc_adjust bmi1 avx2 smep bmi2 erms invpcid cqm xsaveopt cqm_llc cqm_occup_llc dtherm ida arat pln pts md_clear spec_ctrl intel_stibp flush_l1d
bogomips	: 4793.83
clflush size	: 64
cache_alignment	: 64
address sizes	: 46 bits physical, 48 bits virtual
power management:

processor	: 14
vendor_id	: GenuineIntel
cpu family	: 6
model		: 63
model name	: Intel(R) Xeon(R) CPU E5-2630 v3 @ 2.40GHz
stepping	: 2
microcode	: 0x43
cpu MHz		: 1273.681
cache size	: 20480 KB
physical id	: 1
siblings	: 16
core id		: 6
cpu cores	: 8
apicid		: 28
initial apicid	: 28
fpu		: yes
fpu_exception	: yes
cpuid level	: 15
wp		: yes
flags		: fpu vme de pse tsc msr pae mce cx8 apic sep mtrr pge mca cmov pat pse36 clflush dts acpi mmx fxsr sse sse2 ss ht tm pbe syscall nx pdpe1gb rdtscp lm constant_tsc arch_perfmon pebs bts rep_good nopl xtopology nonstop_tsc aperfmperf eagerfpu pni pclmulqdq dtes64 monitor ds_cpl vmx smx est tm2 ssse3 sdbg fma cx16 xtpr pdcm pcid dca sse4_1 sse4_2 x2apic movbe popcnt tsc_deadline_timer aes xsave avx f16c rdrand lahf_lm abm epb intel_ppin ssbd ibrs ibpb stibp tpr_shadow vnmi flexpriority ept vpid fsgsbase tsc_adjust bmi1 avx2 smep bmi2 erms invpcid cqm xsaveopt cqm_llc cqm_occup_llc dtherm ida arat pln pts md_clear spec_ctrl intel_stibp flush_l1d
bogomips	: 4793.83
clflush size	: 64
cache_alignment	: 64
address sizes	: 46 bits physical, 48 bits virtual
power management:

processor	: 15
vendor_id	: GenuineIntel
cpu family	: 6
model		: 63
model name	: Intel(R) Xeon(R) CPU E5-2630 v3 @ 2.40GHz
stepping	: 2
microcode	: 0x43
cpu MHz		: 1278.369
cache size	: 20480 KB
physical id	: 1
siblings	: 16
core id		: 7
cpu cores	: 8
apicid		: 30
initial apicid	: 30
fpu		: yes
fpu_exception	: yes
cpuid level	: 15
wp		: yes
flags		: fpu vme de pse tsc msr pae mce cx8 apic sep mtrr pge mca cmov pat pse36 clflush dts acpi mmx fxsr sse sse2 ss ht tm pbe syscall nx pdpe1gb rdtscp lm constant_tsc arch_perfmon pebs bts rep_good nopl xtopology nonstop_tsc aperfmperf eagerfpu pni pclmulqdq dtes64 monitor ds_cpl vmx smx est tm2 ssse3 sdbg fma cx16 xtpr pdcm pcid dca sse4_1 sse4_2 x2apic movbe popcnt tsc_deadline_timer aes xsave avx f16c rdrand lahf_lm abm epb intel_ppin ssbd ibrs ibpb stibp tpr_shadow vnmi flexpriority ept vpid fsgsbase tsc_adjust bmi1 avx2 smep bmi2 erms invpcid cqm xsaveopt cqm_llc cqm_occup_llc dtherm ida arat pln pts md_clear spec_ctrl intel_stibp flush_l1d
bogomips	: 4793.83
clflush size	: 64
cache_alignment	: 64
address sizes	: 46 bits physical, 48 bits virtual
power management:

processor	: 16
vendor_id	: GenuineIntel
cpu family	: 6
model		: 63
model name	: Intel(R) Xeon(R) CPU E5-2630 v3 @ 2.40GHz
stepping	: 2
microcode	: 0x43
cpu MHz		: 1366.552
cache size	: 20480 KB
physical id	: 0
siblings	: 16
core id		: 0
cpu cores	: 8
apicid		: 1
initial apicid	: 1
fpu		: yes
fpu_exception	: yes
cpuid level	: 15
wp		: yes
flags		: fpu vme de pse tsc msr pae mce cx8 apic sep mtrr pge mca cmov pat pse36 clflush dts acpi mmx fxsr sse sse2 ss ht tm pbe syscall nx pdpe1gb rdtscp lm constant_tsc arch_perfmon pebs bts rep_good nopl xtopology nonstop_tsc aperfmperf eagerfpu pni pclmulqdq dtes64 monitor ds_cpl vmx smx est tm2 ssse3 sdbg fma cx16 xtpr pdcm pcid dca sse4_1 sse4_2 x2apic movbe popcnt tsc_deadline_timer aes xsave avx f16c rdrand lahf_lm abm epb intel_ppin ssbd ibrs ibpb stibp tpr_shadow vnmi flexpriority ept vpid fsgsbase tsc_adjust bmi1 avx2 smep bmi2 erms invpcid cqm xsaveopt cqm_llc cqm_occup_llc dtherm ida arat pln pts md_clear spec_ctrl intel_stibp flush_l1d
bogomips	: 4788.37
clflush size	: 64
cache_alignment	: 64
address sizes	: 46 bits physical, 48 bits virtual
power management:

processor	: 17
vendor_id	: GenuineIntel
cpu family	: 6
model		: 63
model name	: Intel(R) Xeon(R) CPU E5-2630 v3 @ 2.40GHz
stepping	: 2
microcode	: 0x43
cpu MHz		: 1687.646
cache size	: 20480 KB
physical id	: 0
siblings	: 16
core id		: 1
cpu cores	: 8
apicid		: 3
initial apicid	: 3
fpu		: yes
fpu_exception	: yes
cpuid level	: 15
wp		: yes
flags		: fpu vme de pse tsc msr pae mce cx8 apic sep mtrr pge mca cmov pat pse36 clflush dts acpi mmx fxsr sse sse2 ss ht tm pbe syscall nx pdpe1gb rdtscp lm constant_tsc arch_perfmon pebs bts rep_good nopl xtopology nonstop_tsc aperfmperf eagerfpu pni pclmulqdq dtes64 monitor ds_cpl vmx smx est tm2 ssse3 sdbg fma cx16 xtpr pdcm pcid dca sse4_1 sse4_2 x2apic movbe popcnt tsc_deadline_timer aes xsave avx f16c rdrand lahf_lm abm epb intel_ppin ssbd ibrs ibpb stibp tpr_shadow vnmi flexpriority ept vpid fsgsbase tsc_adjust bmi1 avx2 smep bmi2 erms invpcid cqm xsaveopt cqm_llc cqm_occup_llc dtherm ida arat pln pts md_clear spec_ctrl intel_stibp flush_l1d
bogomips	: 4788.37
clflush size	: 64
cache_alignment	: 64
address sizes	: 46 bits physical, 48 bits virtual
power management:

processor	: 18
vendor_id	: GenuineIntel
cpu family	: 6
model		: 63
model name	: Intel(R) Xeon(R) CPU E5-2630 v3 @ 2.40GHz
stepping	: 2
microcode	: 0x43
cpu MHz		: 1629.345
cache size	: 20480 KB
physical id	: 0
siblings	: 16
core id		: 2
cpu cores	: 8
apicid		: 5
initial apicid	: 5
fpu		: yes
fpu_exception	: yes
cpuid level	: 15
wp		: yes
flags		: fpu vme de pse tsc msr pae mce cx8 apic sep mtrr pge mca cmov pat pse36 clflush dts acpi mmx fxsr sse sse2 ss ht tm pbe syscall nx pdpe1gb rdtscp lm constant_tsc arch_perfmon pebs bts rep_good nopl xtopology nonstop_tsc aperfmperf eagerfpu pni pclmulqdq dtes64 monitor ds_cpl vmx smx est tm2 ssse3 sdbg fma cx16 xtpr pdcm pcid dca sse4_1 sse4_2 x2apic movbe popcnt tsc_deadline_timer aes xsave avx f16c rdrand lahf_lm abm epb intel_ppin ssbd ibrs ibpb stibp tpr_shadow vnmi flexpriority ept vpid fsgsbase tsc_adjust bmi1 avx2 smep bmi2 erms invpcid cqm xsaveopt cqm_llc cqm_occup_llc dtherm ida arat pln pts md_clear spec_ctrl intel_stibp flush_l1d
bogomips	: 4788.37
clflush size	: 64
cache_alignment	: 64
address sizes	: 46 bits physical, 48 bits virtual
power management:

processor	: 19
vendor_id	: GenuineIntel
cpu family	: 6
model		: 63
model name	: Intel(R) Xeon(R) CPU E5-2630 v3 @ 2.40GHz
stepping	: 2
microcode	: 0x43
cpu MHz		: 1307.812
cache size	: 20480 KB
physical id	: 0
siblings	: 16
core id		: 3
cpu cores	: 8
apicid		: 7
initial apicid	: 7
fpu		: yes
fpu_exception	: yes
cpuid level	: 15
wp		: yes
flags		: fpu vme de pse tsc msr pae mce cx8 apic sep mtrr pge mca cmov pat pse36 clflush dts acpi mmx fxsr sse sse2 ss ht tm pbe syscall nx pdpe1gb rdtscp lm constant_tsc arch_perfmon pebs bts rep_good nopl xtopology nonstop_tsc aperfmperf eagerfpu pni pclmulqdq dtes64 monitor ds_cpl vmx smx est tm2 ssse3 sdbg fma cx16 xtpr pdcm pcid dca sse4_1 sse4_2 x2apic movbe popcnt tsc_deadline_timer aes xsave avx f16c rdrand lahf_lm abm epb intel_ppin ssbd ibrs ibpb stibp tpr_shadow vnmi flexpriority ept vpid fsgsbase tsc_adjust bmi1 avx2 smep bmi2 erms invpcid cqm xsaveopt cqm_llc cqm_occup_llc dtherm ida arat pln pts md_clear spec_ctrl intel_stibp flush_l1d
bogomips	: 4788.37
clflush size	: 64
cache_alignment	: 64
address sizes	: 46 bits physical, 48 bits virtual
power management:

processor	: 20
vendor_id	: GenuineIntel
cpu family	: 6
model		: 63
model name	: Intel(R) Xeon(R) CPU E5-2630 v3 @ 2.40GHz
stepping	: 2
microcode	: 0x43
cpu MHz		: 1334.033
cache size	: 20480 KB
physical id	: 0
siblings	: 16
core id		: 4
cpu cores	: 8
apicid		: 9
initial apicid	: 9
fpu		: yes
fpu_exception	: yes
cpuid level	: 15
wp		: yes
flags		: fpu vme de pse tsc msr pae mce cx8 apic sep mtrr pge mca cmov pat pse36 clflush dts acpi mmx fxsr sse sse2 ss ht tm pbe syscall nx pdpe1gb rdtscp lm constant_tsc arch_perfmon pebs bts rep_good nopl xtopology nonstop_tsc aperfmperf eagerfpu pni pclmulqdq dtes64 monitor ds_cpl vmx smx est tm2 ssse3 sdbg fma cx16 xtpr pdcm pcid dca sse4_1 sse4_2 x2apic movbe popcnt tsc_deadline_timer aes xsave avx f16c rdrand lahf_lm abm epb intel_ppin ssbd ibrs ibpb stibp tpr_shadow vnmi flexpriority ept vpid fsgsbase tsc_adjust bmi1 avx2 smep bmi2 erms invpcid cqm xsaveopt cqm_llc cqm_occup_llc dtherm ida arat pln pts md_clear spec_ctrl intel_stibp flush_l1d
bogomips	: 4788.37
clflush size	: 64
cache_alignment	: 64
address sizes	: 46 bits physical, 48 bits virtual
power management:

processor	: 21
vendor_id	: GenuineIntel
cpu family	: 6
model		: 63
model name	: Intel(R) Xeon(R) CPU E5-2630 v3 @ 2.40GHz
stepping	: 2
microcode	: 0x43
cpu MHz		: 1350.439
cache size	: 20480 KB
physical id	: 0
siblings	: 16
core id		: 5
cpu cores	: 8
apicid		: 11
initial apicid	: 11
fpu		: yes
fpu_exception	: yes
cpuid level	: 15
wp		: yes
flags		: fpu vme de pse tsc msr pae mce cx8 apic sep mtrr pge mca cmov pat pse36 clflush dts acpi mmx fxsr sse sse2 ss ht tm pbe syscall nx pdpe1gb rdtscp lm constant_tsc arch_perfmon pebs bts rep_good nopl xtopology nonstop_tsc aperfmperf eagerfpu pni pclmulqdq dtes64 monitor ds_cpl vmx smx est tm2 ssse3 sdbg fma cx16 xtpr pdcm pcid dca sse4_1 sse4_2 x2apic movbe popcnt tsc_deadline_timer aes xsave avx f16c rdrand lahf_lm abm epb intel_ppin ssbd ibrs ibpb stibp tpr_shadow vnmi flexpriority ept vpid fsgsbase tsc_adjust bmi1 avx2 smep bmi2 erms invpcid cqm xsaveopt cqm_llc cqm_occup_llc dtherm ida arat pln pts md_clear spec_ctrl intel_stibp flush_l1d
bogomips	: 4788.37
clflush size	: 64
cache_alignment	: 64
address sizes	: 46 bits physical, 48 bits virtual
power management:

processor	: 22
vendor_id	: GenuineIntel
cpu family	: 6
model		: 63
model name	: Intel(R) Xeon(R) CPU E5-2630 v3 @ 2.40GHz
stepping	: 2
microcode	: 0x43
cpu MHz		: 1242.626
cache size	: 20480 KB
physical id	: 0
siblings	: 16
core id		: 6
cpu cores	: 8
apicid		: 13
initial apicid	: 13
fpu		: yes
fpu_exception	: yes
cpuid level	: 15
wp		: yes
flags		: fpu vme de pse tsc msr pae mce cx8 apic sep mtrr pge mca cmov pat pse36 clflush dts acpi mmx fxsr sse sse2 ss ht tm pbe syscall nx pdpe1gb rdtscp lm constant_tsc arch_perfmon pebs bts rep_good nopl xtopology nonstop_tsc aperfmperf eagerfpu pni pclmulqdq dtes64 monitor ds_cpl vmx smx est tm2 ssse3 sdbg fma cx16 xtpr pdcm pcid dca sse4_1 sse4_2 x2apic movbe popcnt tsc_deadline_timer aes xsave avx f16c rdrand lahf_lm abm epb intel_ppin ssbd ibrs ibpb stibp tpr_shadow vnmi flexpriority ept vpid fsgsbase tsc_adjust bmi1 avx2 smep bmi2 erms invpcid cqm xsaveopt cqm_llc cqm_occup_llc dtherm ida arat pln pts md_clear spec_ctrl intel_stibp flush_l1d
bogomips	: 4788.37
clflush size	: 64
cache_alignment	: 64
address sizes	: 46 bits physical, 48 bits virtual
power management:

processor	: 23
vendor_id	: GenuineIntel
cpu family	: 6
model		: 63
model name	: Intel(R) Xeon(R) CPU E5-2630 v3 @ 2.40GHz
stepping	: 2
microcode	: 0x43
cpu MHz		: 1281.152
cache size	: 20480 KB
physical id	: 0
siblings	: 16
core id		: 7
cpu cores	: 8
apicid		: 15
initial apicid	: 15
fpu		: yes
fpu_exception	: yes
cpuid level	: 15
wp		: yes
flags		: fpu vme de pse tsc msr pae mce cx8 apic sep mtrr pge mca cmov pat pse36 clflush dts acpi mmx fxsr sse sse2 ss ht tm pbe syscall nx pdpe1gb rdtscp lm constant_tsc arch_perfmon pebs bts rep_good nopl xtopology nonstop_tsc aperfmperf eagerfpu pni pclmulqdq dtes64 monitor ds_cpl vmx smx est tm2 ssse3 sdbg fma cx16 xtpr pdcm pcid dca sse4_1 sse4_2 x2apic movbe popcnt tsc_deadline_timer aes xsave avx f16c rdrand lahf_lm abm epb intel_ppin ssbd ibrs ibpb stibp tpr_shadow vnmi flexpriority ept vpid fsgsbase tsc_adjust bmi1 avx2 smep bmi2 erms invpcid cqm xsaveopt cqm_llc cqm_occup_llc dtherm ida arat pln pts md_clear spec_ctrl intel_stibp flush_l1d
bogomips	: 4788.37
clflush size	: 64
cache_alignment	: 64
address sizes	: 46 bits physical, 48 bits virtual
power management:

processor	: 24
vendor_id	: GenuineIntel
cpu family	: 6
model		: 63
model name	: Intel(R) Xeon(R) CPU E5-2630 v3 @ 2.40GHz
stepping	: 2
microcode	: 0x43
cpu MHz		: 1300.048
cache size	: 20480 KB
physical id	: 1
siblings	: 16
core id		: 0
cpu cores	: 8
apicid		: 17
initial apicid	: 17
fpu		: yes
fpu_exception	: yes
cpuid level	: 15
wp		: yes
flags		: fpu vme de pse tsc msr pae mce cx8 apic sep mtrr pge mca cmov pat pse36 clflush dts acpi mmx fxsr sse sse2 ss ht tm pbe syscall nx pdpe1gb rdtscp lm constant_tsc arch_perfmon pebs bts rep_good nopl xtopology nonstop_tsc aperfmperf eagerfpu pni pclmulqdq dtes64 monitor ds_cpl vmx smx est tm2 ssse3 sdbg fma cx16 xtpr pdcm pcid dca sse4_1 sse4_2 x2apic movbe popcnt tsc_deadline_timer aes xsave avx f16c rdrand lahf_lm abm epb intel_ppin ssbd ibrs ibpb stibp tpr_shadow vnmi flexpriority ept vpid fsgsbase tsc_adjust bmi1 avx2 smep bmi2 erms invpcid cqm xsaveopt cqm_llc cqm_occup_llc dtherm ida arat pln pts md_clear spec_ctrl intel_stibp flush_l1d
bogomips	: 4793.83
clflush size	: 64
cache_alignment	: 64
address sizes	: 46 bits physical, 48 bits virtual
power management:

processor	: 25
vendor_id	: GenuineIntel
cpu family	: 6
model		: 63
model name	: Intel(R) Xeon(R) CPU E5-2630 v3 @ 2.40GHz
stepping	: 2
microcode	: 0x43
cpu MHz		: 1296.093
cache size	: 20480 KB
physical id	: 1
siblings	: 16
core id		: 1
cpu cores	: 8
apicid		: 19
initial apicid	: 19
fpu		: yes
fpu_exception	: yes
cpuid level	: 15
wp		: yes
flags		: fpu vme de pse tsc msr pae mce cx8 apic sep mtrr pge mca cmov pat pse36 clflush dts acpi mmx fxsr sse sse2 ss ht tm pbe syscall nx pdpe1gb rdtscp lm constant_tsc arch_perfmon pebs bts rep_good nopl xtopology nonstop_tsc aperfmperf eagerfpu pni pclmulqdq dtes64 monitor ds_cpl vmx smx est tm2 ssse3 sdbg fma cx16 xtpr pdcm pcid dca sse4_1 sse4_2 x2apic movbe popcnt tsc_deadline_timer aes xsave avx f16c rdrand lahf_lm abm epb intel_ppin ssbd ibrs ibpb stibp tpr_shadow vnmi flexpriority ept vpid fsgsbase tsc_adjust bmi1 avx2 smep bmi2 erms invpcid cqm xsaveopt cqm_llc cqm_occup_llc dtherm ida arat pln pts md_clear spec_ctrl intel_stibp flush_l1d
bogomips	: 4793.83
clflush size	: 64
cache_alignment	: 64
address sizes	: 46 bits physical, 48 bits virtual
power management:

processor	: 26
vendor_id	: GenuineIntel
cpu family	: 6
model		: 63
model name	: Intel(R) Xeon(R) CPU E5-2630 v3 @ 2.40GHz
stepping	: 2
microcode	: 0x43
cpu MHz		: 1261.523
cache size	: 20480 KB
physical id	: 1
siblings	: 16
core id		: 2
cpu cores	: 8
apicid		: 21
initial apicid	: 21
fpu		: yes
fpu_exception	: yes
cpuid level	: 15
wp		: yes
flags		: fpu vme de pse tsc msr pae mce cx8 apic sep mtrr pge mca cmov pat pse36 clflush dts acpi mmx fxsr sse sse2 ss ht tm pbe syscall nx pdpe1gb rdtscp lm constant_tsc arch_perfmon pebs bts rep_good nopl xtopology nonstop_tsc aperfmperf eagerfpu pni pclmulqdq dtes64 monitor ds_cpl vmx smx est tm2 ssse3 sdbg fma cx16 xtpr pdcm pcid dca sse4_1 sse4_2 x2apic movbe popcnt tsc_deadline_timer aes xsave avx f16c rdrand lahf_lm abm epb intel_ppin ssbd ibrs ibpb stibp tpr_shadow vnmi flexpriority ept vpid fsgsbase tsc_adjust bmi1 avx2 smep bmi2 erms invpcid cqm xsaveopt cqm_llc cqm_occup_llc dtherm ida arat pln pts md_clear spec_ctrl intel_stibp flush_l1d
bogomips	: 4793.83
clflush size	: 64
cache_alignment	: 64
address sizes	: 46 bits physical, 48 bits virtual
power management:

processor	: 27
vendor_id	: GenuineIntel
cpu family	: 6
model		: 63
model name	: Intel(R) Xeon(R) CPU E5-2630 v3 @ 2.40GHz
stepping	: 2
microcode	: 0x43
cpu MHz		: 1239.257
cache size	: 20480 KB
physical id	: 1
siblings	: 16
core id		: 3
cpu cores	: 8
apicid		: 23
initial apicid	: 23
fpu		: yes
fpu_exception	: yes
cpuid level	: 15
wp		: yes
flags		: fpu vme de pse tsc msr pae mce cx8 apic sep mtrr pge mca cmov pat pse36 clflush dts acpi mmx fxsr sse sse2 ss ht tm pbe syscall nx pdpe1gb rdtscp lm constant_tsc arch_perfmon pebs bts rep_good nopl xtopology nonstop_tsc aperfmperf eagerfpu pni pclmulqdq dtes64 monitor ds_cpl vmx smx est tm2 ssse3 sdbg fma cx16 xtpr pdcm pcid dca sse4_1 sse4_2 x2apic movbe popcnt tsc_deadline_timer aes xsave avx f16c rdrand lahf_lm abm epb intel_ppin ssbd ibrs ibpb stibp tpr_shadow vnmi flexpriority ept vpid fsgsbase tsc_adjust bmi1 avx2 smep bmi2 erms invpcid cqm xsaveopt cqm_llc cqm_occup_llc dtherm ida arat pln pts md_clear spec_ctrl intel_stibp flush_l1d
bogomips	: 4793.83
clflush size	: 64
cache_alignment	: 64
address sizes	: 46 bits physical, 48 bits virtual
power management:

processor	: 28
vendor_id	: GenuineIntel
cpu family	: 6
model		: 63
model name	: Intel(R) Xeon(R) CPU E5-2630 v3 @ 2.40GHz
stepping	: 2
microcode	: 0x43
cpu MHz		: 1361.132
cache size	: 20480 KB
physical id	: 1
siblings	: 16
core id		: 4
cpu cores	: 8
apicid		: 25
initial apicid	: 25
fpu		: yes
fpu_exception	: yes
cpuid level	: 15
wp		: yes
flags		: fpu vme de pse tsc msr pae mce cx8 apic sep mtrr pge mca cmov pat pse36 clflush dts acpi mmx fxsr sse sse2 ss ht tm pbe syscall nx pdpe1gb rdtscp lm constant_tsc arch_perfmon pebs bts rep_good nopl xtopology nonstop_tsc aperfmperf eagerfpu pni pclmulqdq dtes64 monitor ds_cpl vmx smx est tm2 ssse3 sdbg fma cx16 xtpr pdcm pcid dca sse4_1 sse4_2 x2apic movbe popcnt tsc_deadline_timer aes xsave avx f16c rdrand lahf_lm abm epb intel_ppin ssbd ibrs ibpb stibp tpr_shadow vnmi flexpriority ept vpid fsgsbase tsc_adjust bmi1 avx2 smep bmi2 erms invpcid cqm xsaveopt cqm_llc cqm_occup_llc dtherm ida arat pln pts md_clear spec_ctrl intel_stibp flush_l1d
bogomips	: 4793.83
clflush size	: 64
cache_alignment	: 64
address sizes	: 46 bits physical, 48 bits virtual
power management:

processor	: 29
vendor_id	: GenuineIntel
cpu family	: 6
model		: 63
model name	: Intel(R) Xeon(R) CPU E5-2630 v3 @ 2.40GHz
stepping	: 2
microcode	: 0x43
cpu MHz		: 1242.187
cache size	: 20480 KB
physical id	: 1
siblings	: 16
core id		: 5
cpu cores	: 8
apicid		: 27
initial apicid	: 27
fpu		: yes
fpu_exception	: yes
cpuid level	: 15
wp		: yes
flags		: fpu vme de pse tsc msr pae mce cx8 apic sep mtrr pge mca cmov pat pse36 clflush dts acpi mmx fxsr sse sse2 ss ht tm pbe syscall nx pdpe1gb rdtscp lm constant_tsc arch_perfmon pebs bts rep_good nopl xtopology nonstop_tsc aperfmperf eagerfpu pni pclmulqdq dtes64 monitor ds_cpl vmx smx est tm2 ssse3 sdbg fma cx16 xtpr pdcm pcid dca sse4_1 sse4_2 x2apic movbe popcnt tsc_deadline_timer aes xsave avx f16c rdrand lahf_lm abm epb intel_ppin ssbd ibrs ibpb stibp tpr_shadow vnmi flexpriority ept vpid fsgsbase tsc_adjust bmi1 avx2 smep bmi2 erms invpcid cqm xsaveopt cqm_llc cqm_occup_llc dtherm ida arat pln pts md_clear spec_ctrl intel_stibp flush_l1d
bogomips	: 4793.83
clflush size	: 64
cache_alignment	: 64
address sizes	: 46 bits physical, 48 bits virtual
power management:

processor	: 30
vendor_id	: GenuineIntel
cpu family	: 6
model		: 63
model name	: Intel(R) Xeon(R) CPU E5-2630 v3 @ 2.40GHz
stepping	: 2
microcode	: 0x43
cpu MHz		: 1234.570
cache size	: 20480 KB
physical id	: 1
siblings	: 16
core id		: 6
cpu cores	: 8
apicid		: 29
initial apicid	: 29
fpu		: yes
fpu_exception	: yes
cpuid level	: 15
wp		: yes
flags		: fpu vme de pse tsc msr pae mce cx8 apic sep mtrr pge mca cmov pat pse36 clflush dts acpi mmx fxsr sse sse2 ss ht tm pbe syscall nx pdpe1gb rdtscp lm constant_tsc arch_perfmon pebs bts rep_good nopl xtopology nonstop_tsc aperfmperf eagerfpu pni pclmulqdq dtes64 monitor ds_cpl vmx smx est tm2 ssse3 sdbg fma cx16 xtpr pdcm pcid dca sse4_1 sse4_2 x2apic movbe popcnt tsc_deadline_timer aes xsave avx f16c rdrand lahf_lm abm epb intel_ppin ssbd ibrs ibpb stibp tpr_shadow vnmi flexpriority ept vpid fsgsbase tsc_adjust bmi1 avx2 smep bmi2 erms invpcid cqm xsaveopt cqm_llc cqm_occup_llc dtherm ida arat pln pts md_clear spec_ctrl intel_stibp flush_l1d
bogomips	: 4793.83
clflush size	: 64
cache_alignment	: 64
address sizes	: 46 bits physical, 48 bits virtual
power management:

processor	: 31
vendor_id	: GenuineIntel
cpu family	: 6
model		: 63
model name	: Intel(R) Xeon(R) CPU E5-2630 v3 @ 2.40GHz
stepping	: 2
microcode	: 0x43
cpu MHz		: 1287.158
cache size	: 20480 KB
physical id	: 1
siblings	: 16
core id		: 7
cpu cores	: 8
apicid		: 31
initial apicid	: 31
fpu		: yes
fpu_exception	: yes
cpuid level	: 15
wp		: yes
flags		: fpu vme de pse tsc msr pae mce cx8 apic sep mtrr pge mca cmov pat pse36 clflush dts acpi mmx fxsr sse sse2 ss ht tm pbe syscall nx pdpe1gb rdtscp lm constant_tsc arch_perfmon pebs bts rep_good nopl xtopology nonstop_tsc aperfmperf eagerfpu pni pclmulqdq dtes64 monitor ds_cpl vmx smx est tm2 ssse3 sdbg fma cx16 xtpr pdcm pcid dca sse4_1 sse4_2 x2apic movbe popcnt tsc_deadline_timer aes xsave avx f16c rdrand lahf_lm abm epb intel_ppin ssbd ibrs ibpb stibp tpr_shadow vnmi flexpriority ept vpid fsgsbase tsc_adjust bmi1 avx2 smep bmi2 erms invpcid cqm xsaveopt cqm_llc cqm_occup_llc dtherm ida arat pln pts md_clear spec_ctrl intel_stibp flush_l1d
bogomips	: 4793.83
clflush size	: 64
cache_alignment	: 64
address sizes	: 46 bits physical, 48 bits virtual
power management:



Memory: 4k page, physical 263864176k(10852132k free), swap 0k(0k free)

vm_info: OpenJDK 64-Bit Server VM (25.212-b04) for linux-amd64 JRE (1.8.0_212-b04), built on Aug 12 2019 13:15:31 by "buildozer" with gcc 6.4.0

time: Tue Sep 24 05:25:31 2019
timezone: UTC
elapsed time: 6 seconds (0d 0h 0m 6s)

