Distribution dir is missing. Doing a full build
[INFO] Scanning for projects...
[ERROR] [ERROR] Some problems were encountered while processing the POMs:
[WARNING] 'parent.relativePath' of POM org.apache.hadoop:hadoop-ozone-common:0.5.0-SNAPSHOT (/workdir/hadoop-ozone/common/pom.xml) points at org.apache.hadoop:hadoop-_ozone instead of org.apache.hadoop:hadoop-ozone, please verify your project structure @ line 20, column 11
[FATAL] Non-resolvable parent POM for org.apache.hadoop:hadoop-ozone-common:0.5.0-SNAPSHOT: Could not find artifact org.apache.hadoop:hadoop-ozone:pom:0.5.0-SNAPSHOT and 'parent.relativePath' points at wrong local POM @ line 20, column 11
[WARNING] 'parent.relativePath' of POM org.apache.hadoop:hadoop-ozone-client:0.5.0-SNAPSHOT (/workdir/hadoop-ozone/client/pom.xml) points at org.apache.hadoop:hadoop-_ozone instead of org.apache.hadoop:hadoop-ozone, please verify your project structure @ line 20, column 11
[FATAL] Non-resolvable parent POM for org.apache.hadoop:hadoop-ozone-client:0.5.0-SNAPSHOT: Could not find artifact org.apache.hadoop:hadoop-ozone:pom:0.5.0-SNAPSHOT and 'parent.relativePath' points at wrong local POM @ line 20, column 11
[WARNING] 'parent.relativePath' of POM org.apache.hadoop:hadoop-ozone-ozone-manager:0.5.0-SNAPSHOT (/workdir/hadoop-ozone/ozone-manager/pom.xml) points at org.apache.hadoop:hadoop-_ozone instead of org.apache.hadoop:hadoop-ozone, please verify your project structure @ line 20, column 11
[FATAL] Non-resolvable parent POM for org.apache.hadoop:hadoop-ozone-ozone-manager:0.5.0-SNAPSHOT: Could not find artifact org.apache.hadoop:hadoop-ozone:pom:0.5.0-SNAPSHOT and 'parent.relativePath' points at wrong local POM @ line 20, column 11
[WARNING] 'parent.relativePath' of POM org.apache.hadoop:hadoop-ozone-filesystem:0.5.0-SNAPSHOT (/workdir/hadoop-ozone/ozonefs/pom.xml) points at org.apache.hadoop:hadoop-_ozone instead of org.apache.hadoop:hadoop-ozone, please verify your project structure @ line 19, column 11
[FATAL] Non-resolvable parent POM for org.apache.hadoop:hadoop-ozone-filesystem:0.5.0-SNAPSHOT: Could not find artifact org.apache.hadoop:hadoop-ozone:pom:0.5.0-SNAPSHOT and 'parent.relativePath' points at wrong local POM @ line 19, column 11
[WARNING] 'parent.relativePath' of POM org.apache.hadoop:hadoop-ozone-filesystem-lib-current:0.5.0-SNAPSHOT (/workdir/hadoop-ozone/ozonefs-lib-current/pom.xml) points at org.apache.hadoop:hadoop-_ozone instead of org.apache.hadoop:hadoop-ozone, please verify your project structure @ line 19, column 11
[FATAL] Non-resolvable parent POM for org.apache.hadoop:hadoop-ozone-filesystem-lib-current:0.5.0-SNAPSHOT: Could not find artifact org.apache.hadoop:hadoop-ozone:pom:0.5.0-SNAPSHOT and 'parent.relativePath' points at wrong local POM @ line 19, column 11
[WARNING] 'parent.relativePath' of POM org.apache.hadoop:hadoop-ozone-filesystem-lib-legacy:0.5.0-SNAPSHOT (/workdir/hadoop-ozone/ozonefs-lib-legacy/pom.xml) points at org.apache.hadoop:hadoop-_ozone instead of org.apache.hadoop:hadoop-ozone, please verify your project structure @ line 19, column 11
[FATAL] Non-resolvable parent POM for org.apache.hadoop:hadoop-ozone-filesystem-lib-legacy:0.5.0-SNAPSHOT: Could not find artifact org.apache.hadoop:hadoop-ozone:pom:0.5.0-SNAPSHOT and 'parent.relativePath' points at wrong local POM @ line 19, column 11
[WARNING] 'parent.relativePath' of POM org.apache.hadoop:hadoop-ozone-tools:0.5.0-SNAPSHOT (/workdir/hadoop-ozone/tools/pom.xml) points at org.apache.hadoop:hadoop-_ozone instead of org.apache.hadoop:hadoop-ozone, please verify your project structure @ line 20, column 11
[FATAL] Non-resolvable parent POM for org.apache.hadoop:hadoop-ozone-tools:0.5.0-SNAPSHOT: Could not find artifact org.apache.hadoop:hadoop-ozone:pom:0.5.0-SNAPSHOT and 'parent.relativePath' points at wrong local POM @ line 20, column 11
[WARNING] 'parent.relativePath' of POM org.apache.hadoop:hadoop-ozone-integration-test:0.5.0-SNAPSHOT (/workdir/hadoop-ozone/integration-test/pom.xml) points at org.apache.hadoop:hadoop-_ozone instead of org.apache.hadoop:hadoop-ozone, please verify your project structure @ line 20, column 11
[FATAL] Non-resolvable parent POM for org.apache.hadoop:hadoop-ozone-integration-test:0.5.0-SNAPSHOT: Could not find artifact org.apache.hadoop:hadoop-ozone:pom:0.5.0-SNAPSHOT and 'parent.relativePath' points at wrong local POM @ line 20, column 11
[WARNING] 'parent.relativePath' of POM org.apache.hadoop:hadoop-ozone-objectstore-service:0.5.0-SNAPSHOT (/workdir/hadoop-ozone/objectstore-service/pom.xml) points at org.apache.hadoop:hadoop-_ozone instead of org.apache.hadoop:hadoop-ozone, please verify your project structure @ line 20, column 11
[FATAL] Non-resolvable parent POM for org.apache.hadoop:hadoop-ozone-objectstore-service:0.5.0-SNAPSHOT: Could not find artifact org.apache.hadoop:hadoop-ozone:pom:0.5.0-SNAPSHOT and 'parent.relativePath' points at wrong local POM @ line 20, column 11
[WARNING] 'parent.relativePath' of POM org.apache.hadoop:hadoop-ozone-datanode:0.5.0-SNAPSHOT (/workdir/hadoop-ozone/datanode/pom.xml) points at org.apache.hadoop:hadoop-_ozone instead of org.apache.hadoop:hadoop-ozone, please verify your project structure @ line 19, column 11
[FATAL] Non-resolvable parent POM for org.apache.hadoop:hadoop-ozone-datanode:0.5.0-SNAPSHOT: Could not find artifact org.apache.hadoop:hadoop-ozone:pom:0.5.0-SNAPSHOT and 'parent.relativePath' points at wrong local POM @ line 19, column 11
[WARNING] 'parent.relativePath' of POM org.apache.hadoop:hadoop-ozone-s3gateway:0.5.0-SNAPSHOT (/workdir/hadoop-ozone/s3gateway/pom.xml) points at org.apache.hadoop:hadoop-_ozone instead of org.apache.hadoop:hadoop-ozone, please verify your project structure @ line 19, column 11
[FATAL] Non-resolvable parent POM for org.apache.hadoop:hadoop-ozone-s3gateway:0.5.0-SNAPSHOT: Could not find artifact org.apache.hadoop:hadoop-ozone:pom:0.5.0-SNAPSHOT and 'parent.relativePath' points at wrong local POM @ line 19, column 11
[WARNING] 'parent.relativePath' of POM org.apache.hadoop:hadoop-ozone-dist:0.5.0-SNAPSHOT (/workdir/hadoop-ozone/dist/pom.xml) points at org.apache.hadoop:hadoop-_ozone instead of org.apache.hadoop:hadoop-ozone, please verify your project structure @ line 19, column 11
[FATAL] Non-resolvable parent POM for org.apache.hadoop:hadoop-ozone-dist:0.5.0-SNAPSHOT: Could not find artifact org.apache.hadoop:hadoop-ozone:pom:0.5.0-SNAPSHOT and 'parent.relativePath' points at wrong local POM @ line 19, column 11
[WARNING] 'parent.relativePath' of POM org.apache.hadoop:hadoop-ozone-recon:[unknown-version] (/workdir/hadoop-ozone/ozone-recon/pom.xml) points at org.apache.hadoop:hadoop-_ozone instead of org.apache.hadoop:hadoop-ozone, please verify your project structure @ line 18, column 11
[FATAL] Non-resolvable parent POM for org.apache.hadoop:hadoop-ozone-recon:[unknown-version]: Could not find artifact org.apache.hadoop:hadoop-ozone:pom:0.5.0-SNAPSHOT and 'parent.relativePath' points at wrong local POM @ line 18, column 11
[WARNING] 'parent.relativePath' of POM org.apache.hadoop:hadoop-ozone-reconcodegen:[unknown-version] (/workdir/hadoop-ozone/ozone-recon-codegen/pom.xml) points at org.apache.hadoop:hadoop-_ozone instead of org.apache.hadoop:hadoop-ozone, please verify your project structure @ line 18, column 11
[FATAL] Non-resolvable parent POM for org.apache.hadoop:hadoop-ozone-reconcodegen:[unknown-version]: Could not find artifact org.apache.hadoop:hadoop-ozone:pom:0.5.0-SNAPSHOT and 'parent.relativePath' points at wrong local POM @ line 18, column 11
[WARNING] 'parent.relativePath' of POM org.apache.hadoop:hadoop-ozone-upgrade:0.5.0-SNAPSHOT (/workdir/hadoop-ozone/upgrade/pom.xml) points at org.apache.hadoop:hadoop-_ozone instead of org.apache.hadoop:hadoop-ozone, please verify your project structure @ line 20, column 11
[FATAL] Non-resolvable parent POM for org.apache.hadoop:hadoop-ozone-upgrade:0.5.0-SNAPSHOT: Could not find artifact org.apache.hadoop:hadoop-ozone:pom:0.5.0-SNAPSHOT and 'parent.relativePath' points at wrong local POM @ line 20, column 11
[WARNING] 'parent.relativePath' of POM org.apache.hadoop:hadoop-ozone-csi:0.5.0-SNAPSHOT (/workdir/hadoop-ozone/csi/pom.xml) points at org.apache.hadoop:hadoop-_ozone instead of org.apache.hadoop:hadoop-ozone, please verify your project structure @ line 20, column 11
[FATAL] Non-resolvable parent POM for org.apache.hadoop:hadoop-ozone-csi:0.5.0-SNAPSHOT: Could not find artifact org.apache.hadoop:hadoop-ozone:pom:0.5.0-SNAPSHOT and 'parent.relativePath' points at wrong local POM @ line 20, column 11
[WARNING] 'parent.relativePath' of POM org.apache.hadoop:hadoop-ozone-fault-injection-test:0.5.0-SNAPSHOT (/workdir/hadoop-ozone/fault-injection-test/pom.xml) points at org.apache.hadoop:hadoop-_ozone instead of org.apache.hadoop:hadoop-ozone, please verify your project structure @ line 20, column 11
[FATAL] Non-resolvable parent POM for org.apache.hadoop:hadoop-ozone-fault-injection-test:0.5.0-SNAPSHOT: Could not find artifact org.apache.hadoop:hadoop-ozone:pom:0.5.0-SNAPSHOT and 'parent.relativePath' points at wrong local POM @ line 20, column 11
 @ 
[ERROR] The build could not read 17 projects -> [Help 1]
[ERROR]   
[ERROR]   The project org.apache.hadoop:hadoop-ozone-common:0.5.0-SNAPSHOT (/workdir/hadoop-ozone/common/pom.xml) has 1 error
[ERROR]     Non-resolvable parent POM for org.apache.hadoop:hadoop-ozone-common:0.5.0-SNAPSHOT: Could not find artifact org.apache.hadoop:hadoop-ozone:pom:0.5.0-SNAPSHOT and 'parent.relativePath' points at wrong local POM @ line 20, column 11 -> [Help 2]
[ERROR]   
[ERROR]   The project org.apache.hadoop:hadoop-ozone-client:0.5.0-SNAPSHOT (/workdir/hadoop-ozone/client/pom.xml) has 1 error
[ERROR]     Non-resolvable parent POM for org.apache.hadoop:hadoop-ozone-client:0.5.0-SNAPSHOT: Could not find artifact org.apache.hadoop:hadoop-ozone:pom:0.5.0-SNAPSHOT and 'parent.relativePath' points at wrong local POM @ line 20, column 11 -> [Help 2]
[ERROR]   
[ERROR]   The project org.apache.hadoop:hadoop-ozone-ozone-manager:0.5.0-SNAPSHOT (/workdir/hadoop-ozone/ozone-manager/pom.xml) has 1 error
[ERROR]     Non-resolvable parent POM for org.apache.hadoop:hadoop-ozone-ozone-manager:0.5.0-SNAPSHOT: Could not find artifact org.apache.hadoop:hadoop-ozone:pom:0.5.0-SNAPSHOT and 'parent.relativePath' points at wrong local POM @ line 20, column 11 -> [Help 2]
[ERROR]   
[ERROR]   The project org.apache.hadoop:hadoop-ozone-filesystem:0.5.0-SNAPSHOT (/workdir/hadoop-ozone/ozonefs/pom.xml) has 1 error
[ERROR]     Non-resolvable parent POM for org.apache.hadoop:hadoop-ozone-filesystem:0.5.0-SNAPSHOT: Could not find artifact org.apache.hadoop:hadoop-ozone:pom:0.5.0-SNAPSHOT and 'parent.relativePath' points at wrong local POM @ line 19, column 11 -> [Help 2]
[ERROR]   
[ERROR]   The project org.apache.hadoop:hadoop-ozone-filesystem-lib-current:0.5.0-SNAPSHOT (/workdir/hadoop-ozone/ozonefs-lib-current/pom.xml) has 1 error
[ERROR]     Non-resolvable parent POM for org.apache.hadoop:hadoop-ozone-filesystem-lib-current:0.5.0-SNAPSHOT: Could not find artifact org.apache.hadoop:hadoop-ozone:pom:0.5.0-SNAPSHOT and 'parent.relativePath' points at wrong local POM @ line 19, column 11 -> [Help 2]
[ERROR]   
[ERROR]   The project org.apache.hadoop:hadoop-ozone-filesystem-lib-legacy:0.5.0-SNAPSHOT (/workdir/hadoop-ozone/ozonefs-lib-legacy/pom.xml) has 1 error
[ERROR]     Non-resolvable parent POM for org.apache.hadoop:hadoop-ozone-filesystem-lib-legacy:0.5.0-SNAPSHOT: Could not find artifact org.apache.hadoop:hadoop-ozone:pom:0.5.0-SNAPSHOT and 'parent.relativePath' points at wrong local POM @ line 19, column 11 -> [Help 2]
[ERROR]   
[ERROR]   The project org.apache.hadoop:hadoop-ozone-tools:0.5.0-SNAPSHOT (/workdir/hadoop-ozone/tools/pom.xml) has 1 error
[ERROR]     Non-resolvable parent POM for org.apache.hadoop:hadoop-ozone-tools:0.5.0-SNAPSHOT: Could not find artifact org.apache.hadoop:hadoop-ozone:pom:0.5.0-SNAPSHOT and 'parent.relativePath' points at wrong local POM @ line 20, column 11 -> [Help 2]
[ERROR]   
[ERROR]   The project org.apache.hadoop:hadoop-ozone-integration-test:0.5.0-SNAPSHOT (/workdir/hadoop-ozone/integration-test/pom.xml) has 1 error
[ERROR]     Non-resolvable parent POM for org.apache.hadoop:hadoop-ozone-integration-test:0.5.0-SNAPSHOT: Could not find artifact org.apache.hadoop:hadoop-ozone:pom:0.5.0-SNAPSHOT and 'parent.relativePath' points at wrong local POM @ line 20, column 11 -> [Help 2]
[ERROR]   
[ERROR]   The project org.apache.hadoop:hadoop-ozone-objectstore-service:0.5.0-SNAPSHOT (/workdir/hadoop-ozone/objectstore-service/pom.xml) has 1 error
[ERROR]     Non-resolvable parent POM for org.apache.hadoop:hadoop-ozone-objectstore-service:0.5.0-SNAPSHOT: Could not find artifact org.apache.hadoop:hadoop-ozone:pom:0.5.0-SNAPSHOT and 'parent.relativePath' points at wrong local POM @ line 20, column 11 -> [Help 2]
[ERROR]   
[ERROR]   The project org.apache.hadoop:hadoop-ozone-datanode:0.5.0-SNAPSHOT (/workdir/hadoop-ozone/datanode/pom.xml) has 1 error
[ERROR]     Non-resolvable parent POM for org.apache.hadoop:hadoop-ozone-datanode:0.5.0-SNAPSHOT: Could not find artifact org.apache.hadoop:hadoop-ozone:pom:0.5.0-SNAPSHOT and 'parent.relativePath' points at wrong local POM @ line 19, column 11 -> [Help 2]
[ERROR]   
[ERROR]   The project org.apache.hadoop:hadoop-ozone-s3gateway:0.5.0-SNAPSHOT (/workdir/hadoop-ozone/s3gateway/pom.xml) has 1 error
[ERROR]     Non-resolvable parent POM for org.apache.hadoop:hadoop-ozone-s3gateway:0.5.0-SNAPSHOT: Could not find artifact org.apache.hadoop:hadoop-ozone:pom:0.5.0-SNAPSHOT and 'parent.relativePath' points at wrong local POM @ line 19, column 11 -> [Help 2]
[ERROR]   
[ERROR]   The project org.apache.hadoop:hadoop-ozone-dist:0.5.0-SNAPSHOT (/workdir/hadoop-ozone/dist/pom.xml) has 1 error
[ERROR]     Non-resolvable parent POM for org.apache.hadoop:hadoop-ozone-dist:0.5.0-SNAPSHOT: Could not find artifact org.apache.hadoop:hadoop-ozone:pom:0.5.0-SNAPSHOT and 'parent.relativePath' points at wrong local POM @ line 19, column 11 -> [Help 2]
[ERROR]   
[ERROR]   The project org.apache.hadoop:hadoop-ozone-recon:[unknown-version] (/workdir/hadoop-ozone/ozone-recon/pom.xml) has 1 error
[ERROR]     Non-resolvable parent POM for org.apache.hadoop:hadoop-ozone-recon:[unknown-version]: Could not find artifact org.apache.hadoop:hadoop-ozone:pom:0.5.0-SNAPSHOT and 'parent.relativePath' points at wrong local POM @ line 18, column 11 -> [Help 2]
[ERROR]   
[ERROR]   The project org.apache.hadoop:hadoop-ozone-reconcodegen:[unknown-version] (/workdir/hadoop-ozone/ozone-recon-codegen/pom.xml) has 1 error
[ERROR]     Non-resolvable parent POM for org.apache.hadoop:hadoop-ozone-reconcodegen:[unknown-version]: Could not find artifact org.apache.hadoop:hadoop-ozone:pom:0.5.0-SNAPSHOT and 'parent.relativePath' points at wrong local POM @ line 18, column 11 -> [Help 2]
[ERROR]   
[ERROR]   The project org.apache.hadoop:hadoop-ozone-upgrade:0.5.0-SNAPSHOT (/workdir/hadoop-ozone/upgrade/pom.xml) has 1 error
[ERROR]     Non-resolvable parent POM for org.apache.hadoop:hadoop-ozone-upgrade:0.5.0-SNAPSHOT: Could not find artifact org.apache.hadoop:hadoop-ozone:pom:0.5.0-SNAPSHOT and 'parent.relativePath' points at wrong local POM @ line 20, column 11 -> [Help 2]
[ERROR]   
[ERROR]   The project org.apache.hadoop:hadoop-ozone-csi:0.5.0-SNAPSHOT (/workdir/hadoop-ozone/csi/pom.xml) has 1 error
[ERROR]     Non-resolvable parent POM for org.apache.hadoop:hadoop-ozone-csi:0.5.0-SNAPSHOT: Could not find artifact org.apache.hadoop:hadoop-ozone:pom:0.5.0-SNAPSHOT and 'parent.relativePath' points at wrong local POM @ line 20, column 11 -> [Help 2]
[ERROR]   
[ERROR]   The project org.apache.hadoop:hadoop-ozone-fault-injection-test:0.5.0-SNAPSHOT (/workdir/hadoop-ozone/fault-injection-test/pom.xml) has 1 error
[ERROR]     Non-resolvable parent POM for org.apache.hadoop:hadoop-ozone-fault-injection-test:0.5.0-SNAPSHOT: Could not find artifact org.apache.hadoop:hadoop-ozone:pom:0.5.0-SNAPSHOT and 'parent.relativePath' points at wrong local POM @ line 20, column 11 -> [Help 2]
[ERROR] 
[ERROR] To see the full stack trace of the errors, re-run Maven with the -e switch.
[ERROR] Re-run Maven using the -X switch to enable full debug logging.
[ERROR] 
[ERROR] For more information about the errors and possible solutions, please read the following articles:
[ERROR] [Help 1] http://cwiki.apache.org/confluence/display/MAVEN/ProjectBuildingException
[ERROR] [Help 2] http://cwiki.apache.org/confluence/display/MAVEN/UnresolvableModelException
/workdir/hadoop-ozone/dev-support/checks/acceptance.sh: line 30: cd: /workdir/hadoop-ozone/dev-support/checks/../../dist/target/ozone-0.5.0-SNAPSHOT/compose: No such file or directory
