+ mvn install -B -f pom.ozone.xml -DskipTests
[INFO] Scanning for projects...
[WARNING] 
[WARNING] Some problems were encountered while building the effective model for org.apache.hadoop:hadoop-ozone-recon:jar:0.5.0-SNAPSHOT
[WARNING] The expression ${version} is deprecated. Please use ${project.version} instead.
[WARNING] 
[WARNING] Some problems were encountered while building the effective model for org.apache.hadoop:hadoop-hdds-server-scm:jar:0.5.0-SNAPSHOT
[WARNING] 'dependencies.dependency.(groupId:artifactId:type:classifier)' must be unique: io.dropwizard.metrics:metrics-core:jar -> duplicate declaration of version (?) @ line 103, column 17
[WARNING] 
[WARNING] It is highly recommended to fix these problems because they threaten the stability of your build.
[WARNING] 
[WARNING] For this reason, future Maven versions might no longer support building such malformed projects.
[WARNING] 
[INFO] ------------------------------------------------------------------------
[INFO] Detecting the operating system and CPU architecture
[INFO] ------------------------------------------------------------------------
[INFO] os.detected.name: linux
[INFO] os.detected.arch: x86_64
[INFO] os.detected.version: 3.10
[INFO] os.detected.version.major: 3
[INFO] os.detected.version.minor: 10
[INFO] os.detected.release: alpine
[INFO] os.detected.release.version: 3.8.2
[INFO] os.detected.release.like.alpine: true
[INFO] os.detected.classifier: linux-x86_64
[INFO] ------------------------------------------------------------------------
[INFO] Reactor Build Order:
[INFO] 
[INFO] Apache Hadoop HDDS                                                 [pom]
[INFO] Apache Hadoop HDDS Config                                          [jar]
[INFO] Apache Hadoop HDDS Common                                          [jar]
[INFO] Apache Hadoop HDDS Server Framework                                [jar]
[INFO] Apache Hadoop HDDS Container Service                               [jar]
[INFO] Apache Hadoop HDDS Client                                          [jar]
[INFO] Apache Hadoop HDDS Tools                                           [jar]
[INFO] Apache Hadoop Ozone                                                [pom]
[INFO] Apache Hadoop Ozone Common                                         [jar]
[INFO] Apache Hadoop Ozone Client                                         [jar]
[INFO] Apache Hadoop HDDS/Ozone Documentation                             [jar]
[INFO] Apache Hadoop HDDS SCM Server                                      [jar]
[INFO] Apache Hadoop Ozone Manager Server                                 [jar]
[INFO] Apache Hadoop Ozone Object Store REST Service                      [jar]
[INFO] Apache Hadoop Ozone S3 Gateway                                     [jar]
[INFO] Apache Hadoop Ozone CSI service                                    [jar]
[INFO] Apache Hadoop Ozone Recon CodeGen                                  [jar]
[INFO] Apache Hadoop Ozone Recon                                          [jar]
[INFO] Apache Hadoop Ozone Integration Tests                              [jar]
[INFO] Apache Hadoop Ozone FileSystem                                     [jar]
[INFO] Apache Hadoop Ozone FileSystem Single Jar Library                  [jar]
[INFO] Apache Hadoop Ozone FileSystem Legacy Jar Library                  [jar]
[INFO] Apache Hadoop Ozone Tools                                          [jar]
[INFO] Apache Hadoop Ozone Datanode                                       [jar]
[INFO] Apache Hadoop Ozone In-Place Upgrade                               [jar]
[INFO] Apache Hadoop Ozone Distribution                                   [pom]
[INFO] Apache Hadoop Ozone Fault Injection Tests                          [pom]
[INFO] Apache Hadoop Ozone Network Tests                                  [jar]
[INFO] Apache Hadoop Ozone Main                                           [pom]
[INFO] 
[INFO] -------------------< org.apache.hadoop:hadoop-hdds >--------------------
[INFO] Building Apache Hadoop HDDS 0.5.0-SNAPSHOT                        [1/29]
[INFO] --------------------------------[ pom ]---------------------------------
[INFO] 
[INFO] --- maven-antrun-plugin:1.7:run (create-testdirs) @ hadoop-hdds ---
[INFO] Executing tasks

main:
    [mkdir] Created dir: /workdir/hadoop-hdds/target/test-dir
[INFO] Executed tasks
[INFO] 
[INFO] --- maven-remote-resources-plugin:1.5:process (default) @ hadoop-hdds ---
[INFO] 
[INFO] --- maven-site-plugin:3.6:attach-descriptor (attach-descriptor) @ hadoop-hdds ---
[INFO] No site descriptor found: nothing to attach.
[INFO] 
[INFO] --- maven-dependency-plugin:3.0.2:build-classpath (add-classpath-descriptor) @ hadoop-hdds ---
[INFO] Wrote classpath file '/workdir/hadoop-hdds/target/classpath'.
[INFO] 
[INFO] --- build-helper-maven-plugin:1.9:attach-artifact (attach-classpath-artifact) @ hadoop-hdds ---
[INFO] 
[INFO] --- maven-jar-plugin:2.5:test-jar (default) @ hadoop-hdds ---
[WARNING] JAR will be empty - no content was marked for inclusion!
[INFO] Building jar: /workdir/hadoop-hdds/target/hadoop-hdds-0.5.0-SNAPSHOT-tests.jar
[INFO] 
[INFO] --- animal-sniffer-maven-plugin:1.16:check (signature-check) @ hadoop-hdds ---
[INFO] Checking unresolved references to org.codehaus.mojo.signature:java18:1.0
[INFO] Downloading from apache.snapshots.https: https://repository.apache.org/content/repositories/snapshots/org/codehaus/mojo/signature/java18/1.0/java18-1.0.signature
[INFO] Downloading from repository.jboss.org: http://repository.jboss.org/nexus/content/groups/public/org/codehaus/mojo/signature/java18/1.0/java18-1.0.signature
[INFO] Downloading from central: https://repo.maven.apache.org/maven2/org/codehaus/mojo/signature/java18/1.0/java18-1.0.signature
[INFO] Downloaded from central: https://repo.maven.apache.org/maven2/org/codehaus/mojo/signature/java18/1.0/java18-1.0.signature (2.0 MB at 5.5 MB/s)
[INFO] 
[INFO] --- maven-enforcer-plugin:3.0.0-M1:enforce (depcheck) @ hadoop-hdds ---
[INFO] 
[INFO] --- maven-install-plugin:2.5.1:install (default-install) @ hadoop-hdds ---
[INFO] Installing /workdir/hadoop-hdds/pom.xml to /home/user/.m2/repository/org/apache/hadoop/hadoop-hdds/0.5.0-SNAPSHOT/hadoop-hdds-0.5.0-SNAPSHOT.pom
[INFO] Installing /workdir/hadoop-hdds/target/classpath to /home/user/.m2/repository/org/apache/hadoop/hadoop-hdds/0.5.0-SNAPSHOT/hadoop-hdds-0.5.0-SNAPSHOT-classpath.cp
[INFO] Installing /workdir/hadoop-hdds/target/hadoop-hdds-0.5.0-SNAPSHOT-tests.jar to /home/user/.m2/repository/org/apache/hadoop/hadoop-hdds/0.5.0-SNAPSHOT/hadoop-hdds-0.5.0-SNAPSHOT-tests.jar
[INFO] 
[INFO] ----------------< org.apache.hadoop:hadoop-hdds-config >----------------
[INFO] Building Apache Hadoop HDDS Config 0.5.0-SNAPSHOT                 [2/29]
[INFO] --------------------------------[ jar ]---------------------------------
[INFO] 
[INFO] --- maven-antrun-plugin:1.7:run (create-testdirs) @ hadoop-hdds-config ---
[INFO] Executing tasks

main:
    [mkdir] Created dir: /workdir/hadoop-hdds/config/target/test-dir
[INFO] Executed tasks
[INFO] 
[INFO] --- maven-remote-resources-plugin:1.5:process (default) @ hadoop-hdds-config ---
[INFO] 
[INFO] --- maven-resources-plugin:2.6:resources (default-resources) @ hadoop-hdds-config ---
[INFO] Using 'UTF-8' encoding to copy filtered resources.
[INFO] skip non existing resourceDirectory /workdir/hadoop-hdds/config/src/main/resources
[INFO] Copying 2 resources
[INFO] 
[INFO] --- maven-compiler-plugin:3.1:compile (default-compile) @ hadoop-hdds-config ---
[INFO] Compiling 8 source files to /workdir/hadoop-hdds/config/target/classes
[INFO] 
[INFO] --- maven-resources-plugin:2.6:testResources (default-testResources) @ hadoop-hdds-config ---
[INFO] Using 'UTF-8' encoding to copy filtered resources.
[INFO] Copying 1 resource
[INFO] Copying 2 resources
[INFO] 
[INFO] --- maven-compiler-plugin:3.1:testCompile (default-testCompile) @ hadoop-hdds-config ---
[INFO] Compiling 3 source files to /workdir/hadoop-hdds/config/target/test-classes
[INFO] 
[INFO] --- maven-surefire-plugin:3.0.0-M1:test (default-test) @ hadoop-hdds-config ---
[INFO] Tests are skipped.
[INFO] 
[INFO] --- maven-jar-plugin:2.5:jar (default-jar) @ hadoop-hdds-config ---
[INFO] Building jar: /workdir/hadoop-hdds/config/target/hadoop-hdds-config-0.5.0-SNAPSHOT.jar
[INFO] 
[INFO] --- maven-site-plugin:3.6:attach-descriptor (attach-descriptor) @ hadoop-hdds-config ---
[INFO] Skipping because packaging 'jar' is not pom.
[INFO] 
[INFO] --- maven-dependency-plugin:3.0.2:build-classpath (add-classpath-descriptor) @ hadoop-hdds-config ---
[INFO] Wrote classpath file '/workdir/hadoop-hdds/config/target/classpath'.
[INFO] 
[INFO] --- build-helper-maven-plugin:1.9:attach-artifact (attach-classpath-artifact) @ hadoop-hdds-config ---
[INFO] 
[INFO] --- maven-jar-plugin:2.5:test-jar (default) @ hadoop-hdds-config ---
[INFO] Building jar: /workdir/hadoop-hdds/config/target/hadoop-hdds-config-0.5.0-SNAPSHOT-tests.jar
[INFO] 
[INFO] --- animal-sniffer-maven-plugin:1.16:check (signature-check) @ hadoop-hdds-config ---
[INFO] Checking unresolved references to org.codehaus.mojo.signature:java18:1.0
[INFO] 
[INFO] --- maven-enforcer-plugin:3.0.0-M1:enforce (depcheck) @ hadoop-hdds-config ---
[INFO] 
[INFO] --- maven-install-plugin:2.5.1:install (default-install) @ hadoop-hdds-config ---
[INFO] Installing /workdir/hadoop-hdds/config/target/hadoop-hdds-config-0.5.0-SNAPSHOT.jar to /home/user/.m2/repository/org/apache/hadoop/hadoop-hdds-config/0.5.0-SNAPSHOT/hadoop-hdds-config-0.5.0-SNAPSHOT.jar
[INFO] Installing /workdir/hadoop-hdds/config/pom.xml to /home/user/.m2/repository/org/apache/hadoop/hadoop-hdds-config/0.5.0-SNAPSHOT/hadoop-hdds-config-0.5.0-SNAPSHOT.pom
[INFO] Installing /workdir/hadoop-hdds/config/target/classpath to /home/user/.m2/repository/org/apache/hadoop/hadoop-hdds-config/0.5.0-SNAPSHOT/hadoop-hdds-config-0.5.0-SNAPSHOT-classpath.cp
[INFO] Installing /workdir/hadoop-hdds/config/target/hadoop-hdds-config-0.5.0-SNAPSHOT-tests.jar to /home/user/.m2/repository/org/apache/hadoop/hadoop-hdds-config/0.5.0-SNAPSHOT/hadoop-hdds-config-0.5.0-SNAPSHOT-tests.jar
[INFO] 
[INFO] ----------------< org.apache.hadoop:hadoop-hdds-common >----------------
[INFO] Building Apache Hadoop HDDS Common 0.5.0-SNAPSHOT                 [3/29]
[INFO] --------------------------------[ jar ]---------------------------------
[INFO] Downloading from apache.snapshots.https: https://repository.apache.org/content/repositories/snapshots/org/apache/ratis/ratis-server/0.4.0-2337318-SNAPSHOT/maven-metadata.xml
[INFO] Downloaded from apache.snapshots.https: https://repository.apache.org/content/repositories/snapshots/org/apache/ratis/ratis-server/0.4.0-2337318-SNAPSHOT/maven-metadata.xml (1.0 kB at 1.6 kB/s)
[INFO] Downloading from apache.snapshots.https: https://repository.apache.org/content/repositories/snapshots/org/apache/ratis/ratis-server/0.4.0-2337318-SNAPSHOT/ratis-server-0.4.0-2337318-20190628.085515-1.pom
[INFO] Downloaded from apache.snapshots.https: https://repository.apache.org/content/repositories/snapshots/org/apache/ratis/ratis-server/0.4.0-2337318-SNAPSHOT/ratis-server-0.4.0-2337318-20190628.085515-1.pom (2.7 kB at 4.2 kB/s)
[INFO] Downloading from apache.snapshots.https: https://repository.apache.org/content/repositories/snapshots/org/apache/ratis/ratis/0.4.0-2337318-SNAPSHOT/maven-metadata.xml
[INFO] Downloaded from apache.snapshots.https: https://repository.apache.org/content/repositories/snapshots/org/apache/ratis/ratis/0.4.0-2337318-SNAPSHOT/maven-metadata.xml (614 B at 1.0 kB/s)
[INFO] Downloading from apache.snapshots.https: https://repository.apache.org/content/repositories/snapshots/org/apache/ratis/ratis/0.4.0-2337318-SNAPSHOT/ratis-0.4.0-2337318-20190628.085254-1.pom
[INFO] Downloaded from apache.snapshots.https: https://repository.apache.org/content/repositories/snapshots/org/apache/ratis/ratis/0.4.0-2337318-SNAPSHOT/ratis-0.4.0-2337318-20190628.085254-1.pom (33 kB at 48 kB/s)
[INFO] Downloading from apache.snapshots.https: https://repository.apache.org/content/repositories/snapshots/org/apache/ratis/ratis-proto/0.4.0-2337318-SNAPSHOT/maven-metadata.xml
[INFO] Downloading from apache.snapshots: https://repository.apache.org/snapshots/org/apache/ratis/ratis-proto/0.4.0-2337318-SNAPSHOT/maven-metadata.xml
[INFO] Downloaded from apache.snapshots.https: https://repository.apache.org/content/repositories/snapshots/org/apache/ratis/ratis-proto/0.4.0-2337318-SNAPSHOT/maven-metadata.xml (1.2 kB at 2.0 kB/s)
[INFO] Downloaded from apache.snapshots: https://repository.apache.org/snapshots/org/apache/ratis/ratis-proto/0.4.0-2337318-SNAPSHOT/maven-metadata.xml (1.2 kB at 2.0 kB/s)
[INFO] Downloading from apache.snapshots.https: https://repository.apache.org/content/repositories/snapshots/org/apache/ratis/ratis-proto/0.4.0-2337318-SNAPSHOT/ratis-proto-0.4.0-2337318-20190628.085316-1.pom
[INFO] Downloaded from apache.snapshots.https: https://repository.apache.org/content/repositories/snapshots/org/apache/ratis/ratis-proto/0.4.0-2337318-SNAPSHOT/ratis-proto-0.4.0-2337318-20190628.085316-1.pom (6.9 kB at 11 kB/s)
[INFO] Downloading from apache.snapshots: https://repository.apache.org/snapshots/org/apache/ratis/ratis-common/0.4.0-2337318-SNAPSHOT/maven-metadata.xml
[INFO] Downloading from apache.snapshots.https: https://repository.apache.org/content/repositories/snapshots/org/apache/ratis/ratis-common/0.4.0-2337318-SNAPSHOT/maven-metadata.xml
[INFO] Downloaded from apache.snapshots: https://repository.apache.org/snapshots/org/apache/ratis/ratis-common/0.4.0-2337318-SNAPSHOT/maven-metadata.xml (1.0 kB at 1.7 kB/s)
[INFO] Downloaded from apache.snapshots.https: https://repository.apache.org/content/repositories/snapshots/org/apache/ratis/ratis-common/0.4.0-2337318-SNAPSHOT/maven-metadata.xml (1.0 kB at 1.7 kB/s)
[INFO] Downloading from apache.snapshots.https: https://repository.apache.org/content/repositories/snapshots/org/apache/ratis/ratis-common/0.4.0-2337318-SNAPSHOT/ratis-common-0.4.0-2337318-20190628.085351-1.pom
[INFO] Downloaded from apache.snapshots.https: https://repository.apache.org/content/repositories/snapshots/org/apache/ratis/ratis-common/0.4.0-2337318-SNAPSHOT/ratis-common-0.4.0-2337318-20190628.085351-1.pom (5.0 kB at 8.3 kB/s)
[INFO] Downloading from apache.snapshots: https://repository.apache.org/snapshots/org/apache/ratis/ratis-client/0.4.0-2337318-SNAPSHOT/maven-metadata.xml
[INFO] Downloading from apache.snapshots.https: https://repository.apache.org/content/repositories/snapshots/org/apache/ratis/ratis-client/0.4.0-2337318-SNAPSHOT/maven-metadata.xml
[INFO] Downloaded from apache.snapshots: https://repository.apache.org/snapshots/org/apache/ratis/ratis-client/0.4.0-2337318-SNAPSHOT/maven-metadata.xml (1.0 kB at 1.7 kB/s)
[INFO] Downloaded from apache.snapshots.https: https://repository.apache.org/content/repositories/snapshots/org/apache/ratis/ratis-client/0.4.0-2337318-SNAPSHOT/maven-metadata.xml (1.0 kB at 1.7 kB/s)
[INFO] Downloading from apache.snapshots.https: https://repository.apache.org/content/repositories/snapshots/org/apache/ratis/ratis-client/0.4.0-2337318-SNAPSHOT/ratis-client-0.4.0-2337318-20190628.085420-1.pom
[INFO] Downloaded from apache.snapshots.https: https://repository.apache.org/content/repositories/snapshots/org/apache/ratis/ratis-client/0.4.0-2337318-SNAPSHOT/ratis-client-0.4.0-2337318-20190628.085420-1.pom (1.6 kB at 2.6 kB/s)
[INFO] Downloading from apache.snapshots.https: https://repository.apache.org/content/repositories/snapshots/org/apache/ratis/ratis-metrics/0.4.0-2337318-SNAPSHOT/maven-metadata.xml
[INFO] Downloading from apache.snapshots: https://repository.apache.org/snapshots/org/apache/ratis/ratis-metrics/0.4.0-2337318-SNAPSHOT/maven-metadata.xml
[INFO] Downloaded from apache.snapshots.https: https://repository.apache.org/content/repositories/snapshots/org/apache/ratis/ratis-metrics/0.4.0-2337318-SNAPSHOT/maven-metadata.xml (1.0 kB at 1.7 kB/s)
[INFO] Downloaded from apache.snapshots: https://repository.apache.org/snapshots/org/apache/ratis/ratis-metrics/0.4.0-2337318-SNAPSHOT/maven-metadata.xml (1.0 kB at 1.6 kB/s)
[INFO] Downloading from apache.snapshots.https: https://repository.apache.org/content/repositories/snapshots/org/apache/ratis/ratis-metrics/0.4.0-2337318-SNAPSHOT/ratis-metrics-0.4.0-2337318-20190628.085448-1.pom
[INFO] Downloaded from apache.snapshots.https: https://repository.apache.org/content/repositories/snapshots/org/apache/ratis/ratis-metrics/0.4.0-2337318-SNAPSHOT/ratis-metrics-0.4.0-2337318-20190628.085448-1.pom (2.1 kB at 3.3 kB/s)
[INFO] Downloading from apache.snapshots.https: https://repository.apache.org/content/repositories/snapshots/org/apache/ratis/ratis-netty/0.4.0-2337318-SNAPSHOT/maven-metadata.xml
[INFO] Downloaded from apache.snapshots.https: https://repository.apache.org/content/repositories/snapshots/org/apache/ratis/ratis-netty/0.4.0-2337318-SNAPSHOT/maven-metadata.xml (1.0 kB at 1.7 kB/s)
[INFO] Downloading from apache.snapshots.https: https://repository.apache.org/content/repositories/snapshots/org/apache/ratis/ratis-netty/0.4.0-2337318-SNAPSHOT/ratis-netty-0.4.0-2337318-20190628.085613-1.pom
[INFO] Downloaded from apache.snapshots.https: https://repository.apache.org/content/repositories/snapshots/org/apache/ratis/ratis-netty/0.4.0-2337318-SNAPSHOT/ratis-netty-0.4.0-2337318-20190628.085613-1.pom (2.4 kB at 4.1 kB/s)
[INFO] Downloading from apache.snapshots.https: https://repository.apache.org/content/repositories/snapshots/org/apache/ratis/ratis-grpc/0.4.0-2337318-SNAPSHOT/maven-metadata.xml
[INFO] Downloaded from apache.snapshots.https: https://repository.apache.org/content/repositories/snapshots/org/apache/ratis/ratis-grpc/0.4.0-2337318-SNAPSHOT/maven-metadata.xml (1.0 kB at 1.7 kB/s)
[INFO] Downloading from apache.snapshots.https: https://repository.apache.org/content/repositories/snapshots/org/apache/ratis/ratis-grpc/0.4.0-2337318-SNAPSHOT/ratis-grpc-0.4.0-2337318-20190628.085545-1.pom
[INFO] Downloaded from apache.snapshots.https: https://repository.apache.org/content/repositories/snapshots/org/apache/ratis/ratis-grpc/0.4.0-2337318-SNAPSHOT/ratis-grpc-0.4.0-2337318-20190628.085545-1.pom (2.4 kB at 3.9 kB/s)
[INFO] Downloading from apache.snapshots.https: https://repository.apache.org/content/repositories/snapshots/org/rocksdb/rocksdbjni/6.0.1/rocksdbjni-6.0.1.pom
[INFO] Downloading from repository.jboss.org: http://repository.jboss.org/nexus/content/groups/public/org/rocksdb/rocksdbjni/6.0.1/rocksdbjni-6.0.1.pom
[INFO] Downloading from central: https://repo.maven.apache.org/maven2/org/rocksdb/rocksdbjni/6.0.1/rocksdbjni-6.0.1.pom
[INFO] Downloaded from central: https://repo.maven.apache.org/maven2/org/rocksdb/rocksdbjni/6.0.1/rocksdbjni-6.0.1.pom (6.4 kB at 279 kB/s)
[INFO] Downloading from apache.snapshots.https: https://repository.apache.org/content/repositories/snapshots/org/apache/ratis/ratis-server/0.4.0-2337318-SNAPSHOT/ratis-server-0.4.0-2337318-20190628.085515-1.jar
[INFO] Downloading from apache.snapshots.https: https://repository.apache.org/content/repositories/snapshots/org/apache/ratis/ratis-metrics/0.4.0-2337318-SNAPSHOT/ratis-metrics-0.4.0-2337318-20190628.085448-1.jar
[INFO] Downloading from apache.snapshots.https: https://repository.apache.org/content/repositories/snapshots/org/apache/ratis/ratis-client/0.4.0-2337318-SNAPSHOT/ratis-client-0.4.0-2337318-20190628.085420-1.jar
[INFO] Downloading from apache.snapshots.https: https://repository.apache.org/content/repositories/snapshots/org/apache/ratis/ratis-common/0.4.0-2337318-SNAPSHOT/ratis-common-0.4.0-2337318-20190628.085351-1.jar
[INFO] Downloading from apache.snapshots.https: https://repository.apache.org/content/repositories/snapshots/org/apache/ratis/ratis-proto/0.4.0-2337318-SNAPSHOT/ratis-proto-0.4.0-2337318-20190628.085316-1.jar
[INFO] Downloaded from apache.snapshots.https: https://repository.apache.org/content/repositories/snapshots/org/apache/ratis/ratis-metrics/0.4.0-2337318-SNAPSHOT/ratis-metrics-0.4.0-2337318-20190628.085448-1.jar (19 kB at 27 kB/s)
[INFO] Downloading from apache.snapshots.https: https://repository.apache.org/content/repositories/snapshots/org/apache/ratis/ratis-netty/0.4.0-2337318-SNAPSHOT/ratis-netty-0.4.0-2337318-20190628.085613-1.jar
[INFO] Downloaded from apache.snapshots.https: https://repository.apache.org/content/repositories/snapshots/org/apache/ratis/ratis-client/0.4.0-2337318-SNAPSHOT/ratis-client-0.4.0-2337318-20190628.085420-1.jar (56 kB at 74 kB/s)
[INFO] Downloading from apache.snapshots.https: https://repository.apache.org/content/repositories/snapshots/org/apache/ratis/ratis-grpc/0.4.0-2337318-SNAPSHOT/ratis-grpc-0.4.0-2337318-20190628.085545-1.jar
[INFO] Downloaded from apache.snapshots.https: https://repository.apache.org/content/repositories/snapshots/org/apache/ratis/ratis-common/0.4.0-2337318-SNAPSHOT/ratis-common-0.4.0-2337318-20190628.085351-1.jar (253 kB at 281 kB/s)
[INFO] Downloading from apache.snapshots.https: https://repository.apache.org/content/repositories/snapshots/org/rocksdb/rocksdbjni/6.0.1/rocksdbjni-6.0.1.jar
[INFO] Downloaded from apache.snapshots.https: https://repository.apache.org/content/repositories/snapshots/org/apache/ratis/ratis-server/0.4.0-2337318-SNAPSHOT/ratis-server-0.4.0-2337318-20190628.085515-1.jar (335 kB at 348 kB/s)
[INFO] Downloaded from apache.snapshots.https: https://repository.apache.org/content/repositories/snapshots/org/apache/ratis/ratis-proto/0.4.0-2337318-SNAPSHOT/ratis-proto-0.4.0-2337318-20190628.085316-1.jar (1.1 MB at 1.0 MB/s)
[INFO] Downloaded from apache.snapshots.https: https://repository.apache.org/content/repositories/snapshots/org/apache/ratis/ratis-netty/0.4.0-2337318-SNAPSHOT/ratis-netty-0.4.0-2337318-20190628.085613-1.jar (34 kB at 25 kB/s)
[INFO] Downloaded from apache.snapshots.https: https://repository.apache.org/content/repositories/snapshots/org/apache/ratis/ratis-grpc/0.4.0-2337318-SNAPSHOT/ratis-grpc-0.4.0-2337318-20190628.085545-1.jar (105 kB at 67 kB/s)
[INFO] Downloading from repository.jboss.org: http://repository.jboss.org/nexus/content/groups/public/org/rocksdb/rocksdbjni/6.0.1/rocksdbjni-6.0.1.jar
[INFO] Downloading from central: https://repo.maven.apache.org/maven2/org/rocksdb/rocksdbjni/6.0.1/rocksdbjni-6.0.1.jar
[INFO] Downloaded from central: https://repo.maven.apache.org/maven2/org/rocksdb/rocksdbjni/6.0.1/rocksdbjni-6.0.1.jar (13 MB at 20 MB/s)
[INFO] 
[INFO] --- maven-antrun-plugin:1.7:run (create-testdirs) @ hadoop-hdds-common ---
[INFO] Executing tasks

main:
    [mkdir] Created dir: /workdir/hadoop-hdds/common/target/test-dir
[INFO] Executed tasks
[INFO] 
[INFO] --- hadoop-maven-plugins:3.2.0:protoc (compile-protoc) @ hadoop-hdds-common ---
[INFO] Wrote protoc checksums to file /workdir/hadoop-hdds/common/target/hadoop-maven-plugins-protoc-checksums.json
[INFO] 
[INFO] --- protobuf-maven-plugin:0.5.1:compile (compile-protoc) @ hadoop-hdds-common ---
[INFO] Compiling 1 proto file(s) to /workdir/hadoop-hdds/common/target/generated-sources/java
[INFO] 
[INFO] --- protobuf-maven-plugin:0.5.1:compile-custom (compile-protoc) @ hadoop-hdds-common ---
[INFO] Compiling 1 proto file(s) to /workdir/hadoop-hdds/common/target/generated-sources/java
[INFO] 
[INFO] --- maven-antrun-plugin:1.7:run (default) @ hadoop-hdds-common ---
[WARNING] Parameter tasks is deprecated, use target instead
[INFO] Executing tasks

main:
[INFO] Executed tasks
[INFO] 
[INFO] --- hadoop-maven-plugins:3.2.0:version-info (version-info) @ hadoop-hdds-common ---
[INFO] SCM: GIT
[INFO] Computed MD5: a65f23bb42a38272e89f1cbbe50dacb
[INFO] 
[INFO] --- maven-remote-resources-plugin:1.5:process (default) @ hadoop-hdds-common ---
[INFO] Downloading from apache.snapshots: https://repository.apache.org/snapshots/org/apache/ratis/ratis/0.4.0-2337318-SNAPSHOT/maven-metadata.xml
[INFO] Downloaded from apache.snapshots: https://repository.apache.org/snapshots/org/apache/ratis/ratis/0.4.0-2337318-SNAPSHOT/maven-metadata.xml (614 B at 1.0 kB/s)
[INFO] Downloading from apache.snapshots: https://repository.apache.org/snapshots/org/apache/ratis/ratis/0.4.0-2337318-SNAPSHOT/ratis-0.4.0-2337318-20190628.085254-1.pom
[INFO] Downloaded from apache.snapshots: https://repository.apache.org/snapshots/org/apache/ratis/ratis/0.4.0-2337318-SNAPSHOT/ratis-0.4.0-2337318-20190628.085254-1.pom (0 B at 0 B/s)
[INFO] 
[INFO] --- maven-resources-plugin:2.6:resources (default-resources) @ hadoop-hdds-common ---
[INFO] Using 'UTF-8' encoding to copy filtered resources.
[INFO] Copying 5 resources
[INFO] Copying 1 resource
[INFO] Copying 1 resource
[INFO] Copying 1 resource
[INFO] Copying 2 resources
[INFO] 
[INFO] --- maven-compiler-plugin:3.1:compile (default-compile) @ hadoop-hdds-common ---
[INFO] Compiling 236 source files to /workdir/hadoop-hdds/common/target/classes
[WARNING] /workdir/hadoop-hdds/common/src/main/java/org/apache/hadoop/utils/MetadataStoreBuilder.java: Some input files use or override a deprecated API.
[WARNING] /workdir/hadoop-hdds/common/src/main/java/org/apache/hadoop/utils/MetadataStoreBuilder.java: Recompile with -Xlint:deprecation for details.
[WARNING] /workdir/hadoop-hdds/common/src/main/java/org/apache/hadoop/utils/db/TypedTable.java: Some input files use unchecked or unsafe operations.
[WARNING] /workdir/hadoop-hdds/common/src/main/java/org/apache/hadoop/utils/db/TypedTable.java: Recompile with -Xlint:unchecked for details.
[INFO] 
[INFO] --- protobuf-maven-plugin:0.5.1:test-compile (compile-protoc) @ hadoop-hdds-common ---
[INFO] /workdir/hadoop-hdds/common/src/test/proto does not exist. Review the configuration or consider disabling the plugin.
[INFO] 
[INFO] --- protobuf-maven-plugin:0.5.1:test-compile-custom (compile-protoc) @ hadoop-hdds-common ---
[INFO] /workdir/hadoop-hdds/common/src/test/proto does not exist. Review the configuration or consider disabling the plugin.
[INFO] 
[INFO] --- maven-resources-plugin:2.6:testResources (default-testResources) @ hadoop-hdds-common ---
[INFO] Using 'UTF-8' encoding to copy filtered resources.
[INFO] Copying 20 resources
[INFO] Copying 2 resources
[INFO] 
[INFO] --- maven-compiler-plugin:3.1:testCompile (default-testCompile) @ hadoop-hdds-common ---
[INFO] Compiling 54 source files to /workdir/hadoop-hdds/common/target/test-classes
[WARNING] /workdir/hadoop-hdds/common/src/test/java/org/apache/hadoop/utils/db/TestRDBStore.java: Some input files use unchecked or unsafe operations.
[WARNING] /workdir/hadoop-hdds/common/src/test/java/org/apache/hadoop/utils/db/TestRDBStore.java: Recompile with -Xlint:unchecked for details.
[INFO] 
[INFO] --- maven-surefire-plugin:3.0.0-M1:test (default-test) @ hadoop-hdds-common ---
[INFO] Tests are skipped.
[INFO] 
[INFO] --- maven-jar-plugin:2.5:jar (default-jar) @ hadoop-hdds-common ---
[INFO] Building jar: /workdir/hadoop-hdds/common/target/hadoop-hdds-common-0.5.0-SNAPSHOT.jar
[INFO] 
[INFO] --- maven-site-plugin:3.6:attach-descriptor (attach-descriptor) @ hadoop-hdds-common ---
[INFO] Skipping because packaging 'jar' is not pom.
[INFO] 
[INFO] --- maven-dependency-plugin:3.0.2:build-classpath (add-classpath-descriptor) @ hadoop-hdds-common ---
[INFO] Wrote classpath file '/workdir/hadoop-hdds/common/target/classpath'.
[INFO] 
[INFO] --- build-helper-maven-plugin:1.9:attach-artifact (attach-classpath-artifact) @ hadoop-hdds-common ---
[INFO] 
[INFO] --- maven-jar-plugin:2.5:test-jar (default) @ hadoop-hdds-common ---
[INFO] Building jar: /workdir/hadoop-hdds/common/target/hadoop-hdds-common-0.5.0-SNAPSHOT-tests.jar
[INFO] 
[INFO] --- animal-sniffer-maven-plugin:1.16:check (signature-check) @ hadoop-hdds-common ---
[INFO] Checking unresolved references to org.codehaus.mojo.signature:java18:1.0
[INFO] 
[INFO] --- maven-enforcer-plugin:3.0.0-M1:enforce (depcheck) @ hadoop-hdds-common ---
[WARNING] 
Dependency convergence error for com.google.errorprone:error_prone_annotations:2.2.0 paths to dependency are:
+-org.apache.hadoop:hadoop-hdds-common:0.5.0-SNAPSHOT
  +-com.google.errorprone:error_prone_annotations:2.2.0
and
+-org.apache.hadoop:hadoop-hdds-common:0.5.0-SNAPSHOT
  +-com.google.guava:guava:26.0-android
    +-com.google.errorprone:error_prone_annotations:2.1.3

[WARNING] Rule 0: org.apache.maven.plugins.enforcer.DependencyConvergence failed with message:
Failed while enforcing releasability. See above detailed error message.
[INFO] ------------------------------------------------------------------------
[INFO] Reactor Summary:
[INFO] 
[INFO] Apache Hadoop HDDS ................................. SUCCESS [  9.522 s]
[INFO] Apache Hadoop HDDS Config .......................... SUCCESS [ 10.167 s]
[INFO] Apache Hadoop HDDS Common .......................... FAILURE [ 38.131 s]
[INFO] Apache Hadoop HDDS Server Framework ................ SKIPPED
[INFO] Apache Hadoop HDDS Container Service ............... SKIPPED
[INFO] Apache Hadoop HDDS Client .......................... SKIPPED
[INFO] Apache Hadoop HDDS Tools ........................... SKIPPED
[INFO] Apache Hadoop Ozone ................................ SKIPPED
[INFO] Apache Hadoop Ozone Common ......................... SKIPPED
[INFO] Apache Hadoop Ozone Client ......................... SKIPPED
[INFO] Apache Hadoop HDDS/Ozone Documentation ............. SKIPPED
[INFO] Apache Hadoop HDDS SCM Server ...................... SKIPPED
[INFO] Apache Hadoop Ozone Manager Server ................. SKIPPED
[INFO] Apache Hadoop Ozone Object Store REST Service ...... SKIPPED
[INFO] Apache Hadoop Ozone S3 Gateway ..................... SKIPPED
[INFO] Apache Hadoop Ozone CSI service .................... SKIPPED
[INFO] Apache Hadoop Ozone Recon CodeGen .................. SKIPPED
[INFO] Apache Hadoop Ozone Recon .......................... SKIPPED
[INFO] Apache Hadoop Ozone Integration Tests .............. SKIPPED
[INFO] Apache Hadoop Ozone FileSystem ..................... SKIPPED
[INFO] Apache Hadoop Ozone FileSystem Single Jar Library .. SKIPPED
[INFO] Apache Hadoop Ozone FileSystem Legacy Jar Library .. SKIPPED
[INFO] Apache Hadoop Ozone Tools .......................... SKIPPED
[INFO] Apache Hadoop Ozone Datanode ....................... SKIPPED
[INFO] Apache Hadoop Ozone In-Place Upgrade ............... SKIPPED
[INFO] Apache Hadoop Ozone Distribution ................... SKIPPED
[INFO] Apache Hadoop Ozone Fault Injection Tests .......... SKIPPED
[INFO] Apache Hadoop Ozone Network Tests .................. SKIPPED
[INFO] Apache Hadoop Ozone Main 0.5.0-SNAPSHOT ............ SKIPPED
[INFO] ------------------------------------------------------------------------
[INFO] BUILD FAILURE
[INFO] ------------------------------------------------------------------------
[INFO] Total time: 59.444 s
[INFO] Finished at: 2019-08-23T10:39:05Z
[INFO] ------------------------------------------------------------------------
[ERROR] Failed to execute goal org.apache.maven.plugins:maven-enforcer-plugin:3.0.0-M1:enforce (depcheck) on project hadoop-hdds-common: Some Enforcer rules have failed. Look above for specific messages explaining why the rule failed. -> [Help 1]
[ERROR] 
[ERROR] To see the full stack trace of the errors, re-run Maven with the -e switch.
[ERROR] Re-run Maven using the -X switch to enable full debug logging.
[ERROR] 
[ERROR] For more information about the errors and possible solutions, please read the following articles:
[ERROR] [Help 1] http://cwiki.apache.org/confluence/display/MAVEN/MojoExecutionException
[ERROR] 
[ERROR] After correcting the problems, you can resume the build with the command
[ERROR]   mvn <goals> -rf :hadoop-hdds-common
+ hadoop-ozone/dev-support/checks/integration.sh
[INFO] Scanning for projects...
[WARNING] 
[WARNING] Some problems were encountered while building the effective model for org.apache.hadoop:hadoop-ozone-recon:jar:0.5.0-SNAPSHOT
[WARNING] The expression ${version} is deprecated. Please use ${project.version} instead.
[WARNING] 
[WARNING] Some problems were encountered while building the effective model for org.apache.hadoop:hadoop-hdds-server-scm:jar:0.5.0-SNAPSHOT
[WARNING] 'dependencies.dependency.(groupId:artifactId:type:classifier)' must be unique: io.dropwizard.metrics:metrics-core:jar -> duplicate declaration of version (?) @ line 103, column 17
[WARNING] 
[WARNING] It is highly recommended to fix these problems because they threaten the stability of your build.
[WARNING] 
[WARNING] For this reason, future Maven versions might no longer support building such malformed projects.
[WARNING] 
[INFO] ------------------------------------------------------------------------
[INFO] Detecting the operating system and CPU architecture
[INFO] ------------------------------------------------------------------------
[INFO] os.detected.name: linux
[INFO] os.detected.arch: x86_64
[INFO] os.detected.version: 3.10
[INFO] os.detected.version.major: 3
[INFO] os.detected.version.minor: 10
[INFO] os.detected.release: alpine
[INFO] os.detected.release.version: 3.8.2
[INFO] os.detected.release.like.alpine: true
[INFO] os.detected.classifier: linux-x86_64
[INFO] ------------------------------------------------------------------------
[INFO] Reactor Build Order:
[INFO] 
[INFO] Apache Hadoop HDDS                                                 [pom]
[INFO] Apache Hadoop HDDS Config                                          [jar]
[INFO] Apache Hadoop HDDS Common                                          [jar]
[INFO] Apache Hadoop HDDS Server Framework                                [jar]
[INFO] Apache Hadoop HDDS Container Service                               [jar]
[INFO] Apache Hadoop HDDS Client                                          [jar]
[INFO] Apache Hadoop HDDS Tools                                           [jar]
[INFO] Apache Hadoop Ozone                                                [pom]
[INFO] Apache Hadoop Ozone Common                                         [jar]
[INFO] Apache Hadoop Ozone Client                                         [jar]
[INFO] Apache Hadoop HDDS/Ozone Documentation                             [jar]
[INFO] Apache Hadoop HDDS SCM Server                                      [jar]
[INFO] Apache Hadoop Ozone Manager Server                                 [jar]
[INFO] Apache Hadoop Ozone Object Store REST Service                      [jar]
[INFO] Apache Hadoop Ozone S3 Gateway                                     [jar]
[INFO] Apache Hadoop Ozone CSI service                                    [jar]
[INFO] Apache Hadoop Ozone Recon CodeGen                                  [jar]
[INFO] Apache Hadoop Ozone Recon                                          [jar]
[INFO] Apache Hadoop Ozone Integration Tests                              [jar]
[INFO] Apache Hadoop Ozone FileSystem                                     [jar]
[INFO] Apache Hadoop Ozone FileSystem Single Jar Library                  [jar]
[INFO] Apache Hadoop Ozone FileSystem Legacy Jar Library                  [jar]
[INFO] Apache Hadoop Ozone Tools                                          [jar]
[INFO] Apache Hadoop Ozone Datanode                                       [jar]
[INFO] Apache Hadoop Ozone In-Place Upgrade                               [jar]
[INFO] Apache Hadoop Ozone Distribution                                   [pom]
[INFO] Apache Hadoop Ozone Fault Injection Tests                          [pom]
[INFO] Apache Hadoop Ozone Network Tests                                  [jar]
[INFO] Apache Hadoop Ozone Main                                           [pom]
[INFO] 
[INFO] -------------------< org.apache.hadoop:hadoop-hdds >--------------------
[INFO] Building Apache Hadoop HDDS 0.5.0-SNAPSHOT                        [1/29]
[INFO] --------------------------------[ pom ]---------------------------------
[INFO] 
[INFO] --- maven-antrun-plugin:1.7:run (create-testdirs) @ hadoop-hdds ---
[INFO] Executing tasks

main:
[INFO] Executed tasks
[INFO] 
[INFO] --- maven-remote-resources-plugin:1.5:process (default) @ hadoop-hdds ---
[INFO] 
[INFO] --- maven-site-plugin:3.6:attach-descriptor (attach-descriptor) @ hadoop-hdds ---
[INFO] No site descriptor found: nothing to attach.
[INFO] 
[INFO] --- maven-dependency-plugin:3.0.2:build-classpath (add-classpath-descriptor) @ hadoop-hdds ---
[INFO] Skipped writing classpath file '/workdir/hadoop-hdds/target/classpath'.  No changes found.
[INFO] 
[INFO] --- build-helper-maven-plugin:1.9:attach-artifact (attach-classpath-artifact) @ hadoop-hdds ---
[INFO] 
[INFO] --- maven-jar-plugin:2.5:test-jar (default) @ hadoop-hdds ---
[WARNING] JAR will be empty - no content was marked for inclusion!
[INFO] 
[INFO] --- animal-sniffer-maven-plugin:1.16:check (signature-check) @ hadoop-hdds ---
[INFO] Checking unresolved references to org.codehaus.mojo.signature:java18:1.0
[INFO] 
[INFO] --- maven-enforcer-plugin:3.0.0-M1:enforce (depcheck) @ hadoop-hdds ---
[INFO] 
[INFO] --- maven-install-plugin:2.5.1:install (default-install) @ hadoop-hdds ---
[INFO] Installing /workdir/hadoop-hdds/pom.xml to /home/user/.m2/repository/org/apache/hadoop/hadoop-hdds/0.5.0-SNAPSHOT/hadoop-hdds-0.5.0-SNAPSHOT.pom
[INFO] Installing /workdir/hadoop-hdds/target/classpath to /home/user/.m2/repository/org/apache/hadoop/hadoop-hdds/0.5.0-SNAPSHOT/hadoop-hdds-0.5.0-SNAPSHOT-classpath.cp
[INFO] Installing /workdir/hadoop-hdds/target/hadoop-hdds-0.5.0-SNAPSHOT-tests.jar to /home/user/.m2/repository/org/apache/hadoop/hadoop-hdds/0.5.0-SNAPSHOT/hadoop-hdds-0.5.0-SNAPSHOT-tests.jar
[INFO] 
[INFO] ----------------< org.apache.hadoop:hadoop-hdds-config >----------------
[INFO] Building Apache Hadoop HDDS Config 0.5.0-SNAPSHOT                 [2/29]
[INFO] --------------------------------[ jar ]---------------------------------
[INFO] 
[INFO] --- maven-antrun-plugin:1.7:run (create-testdirs) @ hadoop-hdds-config ---
[INFO] Executing tasks

main:
[INFO] Executed tasks
[INFO] 
[INFO] --- maven-remote-resources-plugin:1.5:process (default) @ hadoop-hdds-config ---
[INFO] 
[INFO] --- maven-resources-plugin:2.6:resources (default-resources) @ hadoop-hdds-config ---
[INFO] Using 'UTF-8' encoding to copy filtered resources.
[INFO] skip non existing resourceDirectory /workdir/hadoop-hdds/config/src/main/resources
[INFO] Copying 2 resources
[INFO] 
[INFO] --- maven-compiler-plugin:3.1:compile (default-compile) @ hadoop-hdds-config ---
[INFO] Compiling 1 source file to /workdir/hadoop-hdds/config/target/classes
[INFO] 
[INFO] --- maven-resources-plugin:2.6:testResources (default-testResources) @ hadoop-hdds-config ---
[INFO] Using 'UTF-8' encoding to copy filtered resources.
[INFO] Copying 1 resource
[INFO] Copying 2 resources
[INFO] 
[INFO] --- maven-compiler-plugin:3.1:testCompile (default-testCompile) @ hadoop-hdds-config ---
[INFO] Compiling 1 source file to /workdir/hadoop-hdds/config/target/test-classes
[INFO] 
[INFO] --- maven-surefire-plugin:3.0.0-M1:test (default-test) @ hadoop-hdds-config ---
[INFO] Tests are skipped.
[INFO] 
[INFO] --- maven-jar-plugin:2.5:jar (default-jar) @ hadoop-hdds-config ---
[INFO] Building jar: /workdir/hadoop-hdds/config/target/hadoop-hdds-config-0.5.0-SNAPSHOT.jar
[INFO] 
[INFO] --- maven-site-plugin:3.6:attach-descriptor (attach-descriptor) @ hadoop-hdds-config ---
[INFO] Skipping because packaging 'jar' is not pom.
[INFO] 
[INFO] --- maven-dependency-plugin:3.0.2:build-classpath (add-classpath-descriptor) @ hadoop-hdds-config ---
[INFO] Skipped writing classpath file '/workdir/hadoop-hdds/config/target/classpath'.  No changes found.
[INFO] 
[INFO] --- build-helper-maven-plugin:1.9:attach-artifact (attach-classpath-artifact) @ hadoop-hdds-config ---
[INFO] 
[INFO] --- maven-jar-plugin:2.5:test-jar (default) @ hadoop-hdds-config ---
[INFO] Building jar: /workdir/hadoop-hdds/config/target/hadoop-hdds-config-0.5.0-SNAPSHOT-tests.jar
[INFO] 
[INFO] --- animal-sniffer-maven-plugin:1.16:check (signature-check) @ hadoop-hdds-config ---
[INFO] Checking unresolved references to org.codehaus.mojo.signature:java18:1.0
[INFO] 
[INFO] --- maven-enforcer-plugin:3.0.0-M1:enforce (depcheck) @ hadoop-hdds-config ---
[INFO] 
[INFO] --- maven-install-plugin:2.5.1:install (default-install) @ hadoop-hdds-config ---
[INFO] Installing /workdir/hadoop-hdds/config/target/hadoop-hdds-config-0.5.0-SNAPSHOT.jar to /home/user/.m2/repository/org/apache/hadoop/hadoop-hdds-config/0.5.0-SNAPSHOT/hadoop-hdds-config-0.5.0-SNAPSHOT.jar
[INFO] Installing /workdir/hadoop-hdds/config/pom.xml to /home/user/.m2/repository/org/apache/hadoop/hadoop-hdds-config/0.5.0-SNAPSHOT/hadoop-hdds-config-0.5.0-SNAPSHOT.pom
[INFO] Installing /workdir/hadoop-hdds/config/target/classpath to /home/user/.m2/repository/org/apache/hadoop/hadoop-hdds-config/0.5.0-SNAPSHOT/hadoop-hdds-config-0.5.0-SNAPSHOT-classpath.cp
[INFO] Installing /workdir/hadoop-hdds/config/target/hadoop-hdds-config-0.5.0-SNAPSHOT-tests.jar to /home/user/.m2/repository/org/apache/hadoop/hadoop-hdds-config/0.5.0-SNAPSHOT/hadoop-hdds-config-0.5.0-SNAPSHOT-tests.jar
[INFO] 
[INFO] ----------------< org.apache.hadoop:hadoop-hdds-common >----------------
[INFO] Building Apache Hadoop HDDS Common 0.5.0-SNAPSHOT                 [3/29]
[INFO] --------------------------------[ jar ]---------------------------------
[INFO] 
[INFO] --- maven-antrun-plugin:1.7:run (create-testdirs) @ hadoop-hdds-common ---
[INFO] Executing tasks

main:
[INFO] Executed tasks
[INFO] 
[INFO] --- hadoop-maven-plugins:3.2.0:protoc (compile-protoc) @ hadoop-hdds-common ---
[INFO] No changes detected in protoc files, skipping generation.
[INFO] 
[INFO] --- protobuf-maven-plugin:0.5.1:compile (compile-protoc) @ hadoop-hdds-common ---
[INFO] Compiling 1 proto file(s) to /workdir/hadoop-hdds/common/target/generated-sources/java
[INFO] 
[INFO] --- protobuf-maven-plugin:0.5.1:compile-custom (compile-protoc) @ hadoop-hdds-common ---
[INFO] Compiling 1 proto file(s) to /workdir/hadoop-hdds/common/target/generated-sources/java
[INFO] 
[INFO] --- maven-antrun-plugin:1.7:run (default) @ hadoop-hdds-common ---
[WARNING] Parameter tasks is deprecated, use target instead
[INFO] Executing tasks

main:
[INFO] Executed tasks
[INFO] 
[INFO] --- hadoop-maven-plugins:3.2.0:version-info (version-info) @ hadoop-hdds-common ---
[INFO] SCM: GIT
[INFO] Computed MD5: a65f23bb42a38272e89f1cbbe50dacb
[INFO] 
[INFO] --- maven-remote-resources-plugin:1.5:process (default) @ hadoop-hdds-common ---
[INFO] 
[INFO] --- maven-resources-plugin:2.6:resources (default-resources) @ hadoop-hdds-common ---
[INFO] Using 'UTF-8' encoding to copy filtered resources.
[INFO] Copying 5 resources
[INFO] Copying 1 resource
[INFO] Copying 1 resource
[INFO] Copying 1 resource
[INFO] Copying 2 resources
[INFO] 
[INFO] --- maven-compiler-plugin:3.1:compile (default-compile) @ hadoop-hdds-common ---
[INFO] Compiling 44 source files to /workdir/hadoop-hdds/common/target/classes
[INFO] 
[INFO] --- protobuf-maven-plugin:0.5.1:test-compile (compile-protoc) @ hadoop-hdds-common ---
[INFO] /workdir/hadoop-hdds/common/src/test/proto does not exist. Review the configuration or consider disabling the plugin.
[INFO] 
[INFO] --- protobuf-maven-plugin:0.5.1:test-compile-custom (compile-protoc) @ hadoop-hdds-common ---
[INFO] /workdir/hadoop-hdds/common/src/test/proto does not exist. Review the configuration or consider disabling the plugin.
[INFO] 
[INFO] --- maven-resources-plugin:2.6:testResources (default-testResources) @ hadoop-hdds-common ---
[INFO] Using 'UTF-8' encoding to copy filtered resources.
[INFO] Copying 20 resources
[INFO] Copying 2 resources
[INFO] 
[INFO] --- maven-compiler-plugin:3.1:testCompile (default-testCompile) @ hadoop-hdds-common ---
[INFO] Compiling 16 source files to /workdir/hadoop-hdds/common/target/test-classes
[INFO] 
[INFO] --- maven-surefire-plugin:3.0.0-M1:test (default-test) @ hadoop-hdds-common ---
[INFO] Tests are skipped.
[INFO] 
[INFO] --- maven-jar-plugin:2.5:jar (default-jar) @ hadoop-hdds-common ---
[INFO] Building jar: /workdir/hadoop-hdds/common/target/hadoop-hdds-common-0.5.0-SNAPSHOT.jar
[INFO] 
[INFO] --- maven-site-plugin:3.6:attach-descriptor (attach-descriptor) @ hadoop-hdds-common ---
[INFO] Skipping because packaging 'jar' is not pom.
[INFO] 
[INFO] --- maven-dependency-plugin:3.0.2:build-classpath (add-classpath-descriptor) @ hadoop-hdds-common ---
[INFO] Skipped writing classpath file '/workdir/hadoop-hdds/common/target/classpath'.  No changes found.
[INFO] 
[INFO] --- build-helper-maven-plugin:1.9:attach-artifact (attach-classpath-artifact) @ hadoop-hdds-common ---
[INFO] 
[INFO] --- maven-jar-plugin:2.5:test-jar (default) @ hadoop-hdds-common ---
[INFO] Building jar: /workdir/hadoop-hdds/common/target/hadoop-hdds-common-0.5.0-SNAPSHOT-tests.jar
[INFO] 
[INFO] --- animal-sniffer-maven-plugin:1.16:check (signature-check) @ hadoop-hdds-common ---
[INFO] Checking unresolved references to org.codehaus.mojo.signature:java18:1.0
[INFO] 
[INFO] --- maven-enforcer-plugin:3.0.0-M1:enforce (depcheck) @ hadoop-hdds-common ---
[WARNING] 
Dependency convergence error for com.google.errorprone:error_prone_annotations:2.2.0 paths to dependency are:
+-org.apache.hadoop:hadoop-hdds-common:0.5.0-SNAPSHOT
  +-com.google.errorprone:error_prone_annotations:2.2.0
and
+-org.apache.hadoop:hadoop-hdds-common:0.5.0-SNAPSHOT
  +-com.google.guava:guava:26.0-android
    +-com.google.errorprone:error_prone_annotations:2.1.3

[WARNING] Rule 0: org.apache.maven.plugins.enforcer.DependencyConvergence failed with message:
Failed while enforcing releasability. See above detailed error message.
[INFO] ------------------------------------------------------------------------
[INFO] Reactor Summary:
[INFO] 
[INFO] Apache Hadoop HDDS ................................. SUCCESS [  7.668 s]
[INFO] Apache Hadoop HDDS Config .......................... SUCCESS [  4.915 s]
[INFO] Apache Hadoop HDDS Common .......................... FAILURE [ 12.166 s]
[INFO] Apache Hadoop HDDS Server Framework ................ SKIPPED
[INFO] Apache Hadoop HDDS Container Service ............... SKIPPED
[INFO] Apache Hadoop HDDS Client .......................... SKIPPED
[INFO] Apache Hadoop HDDS Tools ........................... SKIPPED
[INFO] Apache Hadoop Ozone ................................ SKIPPED
[INFO] Apache Hadoop Ozone Common ......................... SKIPPED
[INFO] Apache Hadoop Ozone Client ......................... SKIPPED
[INFO] Apache Hadoop HDDS/Ozone Documentation ............. SKIPPED
[INFO] Apache Hadoop HDDS SCM Server ...................... SKIPPED
[INFO] Apache Hadoop Ozone Manager Server ................. SKIPPED
[INFO] Apache Hadoop Ozone Object Store REST Service ...... SKIPPED
[INFO] Apache Hadoop Ozone S3 Gateway ..................... SKIPPED
[INFO] Apache Hadoop Ozone CSI service .................... SKIPPED
[INFO] Apache Hadoop Ozone Recon CodeGen .................. SKIPPED
[INFO] Apache Hadoop Ozone Recon .......................... SKIPPED
[INFO] Apache Hadoop Ozone Integration Tests .............. SKIPPED
[INFO] Apache Hadoop Ozone FileSystem ..................... SKIPPED
[INFO] Apache Hadoop Ozone FileSystem Single Jar Library .. SKIPPED
[INFO] Apache Hadoop Ozone FileSystem Legacy Jar Library .. SKIPPED
[INFO] Apache Hadoop Ozone Tools .......................... SKIPPED
[INFO] Apache Hadoop Ozone Datanode ....................... SKIPPED
[INFO] Apache Hadoop Ozone In-Place Upgrade ............... SKIPPED
[INFO] Apache Hadoop Ozone Distribution ................... SKIPPED
[INFO] Apache Hadoop Ozone Fault Injection Tests .......... SKIPPED
[INFO] Apache Hadoop Ozone Network Tests .................. SKIPPED
[INFO] Apache Hadoop Ozone Main 0.5.0-SNAPSHOT ............ SKIPPED
[INFO] ------------------------------------------------------------------------
[INFO] BUILD FAILURE
[INFO] ------------------------------------------------------------------------
[INFO] Total time: 26.420 s
[INFO] Finished at: 2019-08-23T10:39:33Z
[INFO] ------------------------------------------------------------------------
[ERROR] Failed to execute goal org.apache.maven.plugins:maven-enforcer-plugin:3.0.0-M1:enforce (depcheck) on project hadoop-hdds-common: Some Enforcer rules have failed. Look above for specific messages explaining why the rule failed. -> [Help 1]
[ERROR] 
[ERROR] To see the full stack trace of the errors, re-run Maven with the -e switch.
[ERROR] Re-run Maven using the -X switch to enable full debug logging.
[ERROR] 
[ERROR] For more information about the errors and possible solutions, please read the following articles:
[ERROR] [Help 1] http://cwiki.apache.org/confluence/display/MAVEN/MojoExecutionException
[ERROR] 
[ERROR] After correcting the problems, you can resume the build with the command
[ERROR]   mvn <goals> -rf :hadoop-hdds-common
[INFO] Scanning for projects...
[WARNING] 
[WARNING] Some problems were encountered while building the effective model for org.apache.hadoop:hadoop-ozone-recon:jar:0.5.0-SNAPSHOT
[WARNING] The expression ${version} is deprecated. Please use ${project.version} instead.
[WARNING] 
[WARNING] Some problems were encountered while building the effective model for org.apache.hadoop:hadoop-hdds-server-scm:jar:0.5.0-SNAPSHOT
[WARNING] 'dependencies.dependency.(groupId:artifactId:type:classifier)' must be unique: io.dropwizard.metrics:metrics-core:jar -> duplicate declaration of version (?) @ line 103, column 17
[WARNING] 
[WARNING] It is highly recommended to fix these problems because they threaten the stability of your build.
[WARNING] 
[WARNING] For this reason, future Maven versions might no longer support building such malformed projects.
[WARNING] 
[INFO] ------------------------------------------------------------------------
[INFO] Reactor Build Order:
[INFO] 
[INFO] Apache Hadoop Ozone Integration Tests                              [jar]
[INFO] Apache Hadoop Ozone FileSystem                                     [jar]
[INFO] Apache Hadoop Ozone Tools                                          [jar]
[INFO] 
[INFO] ----------< org.apache.hadoop:hadoop-ozone-integration-test >-----------
[INFO] Building Apache Hadoop Ozone Integration Tests 0.5.0-SNAPSHOT      [1/3]
[INFO] --------------------------------[ jar ]---------------------------------
[INFO] Downloading from apache.snapshots.https: https://repository.apache.org/content/repositories/snapshots/org/apache/hadoop/hadoop-ozone-common/0.5.0-SNAPSHOT/maven-metadata.xml
[INFO] Downloaded from apache.snapshots.https: https://repository.apache.org/content/repositories/snapshots/org/apache/hadoop/hadoop-ozone-common/0.5.0-SNAPSHOT/maven-metadata.xml (1.2 kB at 1.2 kB/s)
[INFO] Downloading from apache.snapshots.https: https://repository.apache.org/content/repositories/snapshots/org/apache/hadoop/hadoop-ozone-common/0.5.0-SNAPSHOT/hadoop-ozone-common-0.5.0-20190715.155641-124.pom
[INFO] Downloaded from apache.snapshots.https: https://repository.apache.org/content/repositories/snapshots/org/apache/hadoop/hadoop-ozone-common/0.5.0-SNAPSHOT/hadoop-ozone-common-0.5.0-20190715.155641-124.pom (6.2 kB at 9.6 kB/s)
[INFO] Downloading from apache.snapshots.https: https://repository.apache.org/content/repositories/snapshots/org/apache/hadoop/hadoop-ozone/0.5.0-SNAPSHOT/maven-metadata.xml
[INFO] Downloaded from apache.snapshots.https: https://repository.apache.org/content/repositories/snapshots/org/apache/hadoop/hadoop-ozone/0.5.0-SNAPSHOT/maven-metadata.xml (1.0 kB at 1.6 kB/s)
[INFO] Downloading from apache.snapshots.https: https://repository.apache.org/content/repositories/snapshots/org/apache/hadoop/hadoop-ozone/0.5.0-SNAPSHOT/hadoop-ozone-0.5.0-20190715.155619-124.pom
[INFO] Downloaded from apache.snapshots.https: https://repository.apache.org/content/repositories/snapshots/org/apache/hadoop/hadoop-ozone/0.5.0-SNAPSHOT/hadoop-ozone-0.5.0-20190715.155619-124.pom (16 kB at 23 kB/s)
[INFO] Downloading from apache.snapshots.https: https://repository.apache.org/content/repositories/snapshots/org/apache/hadoop/hadoop-hdds-common/0.5.0-SNAPSHOT/maven-metadata.xml
[INFO] Downloaded from apache.snapshots.https: https://repository.apache.org/content/repositories/snapshots/org/apache/hadoop/hadoop-hdds-common/0.5.0-SNAPSHOT/maven-metadata.xml (1.2 kB at 2.0 kB/s)
[INFO] Downloading from apache.snapshots.https: https://repository.apache.org/content/repositories/snapshots/org/apache/hadoop/hadoop-hdds-common/0.5.0-SNAPSHOT/hadoop-hdds-common-0.5.0-20190715.155452-124.pom
[INFO] Downloaded from apache.snapshots.https: https://repository.apache.org/content/repositories/snapshots/org/apache/hadoop/hadoop-hdds-common/0.5.0-SNAPSHOT/hadoop-hdds-common-0.5.0-20190715.155452-124.pom (9.9 kB at 16 kB/s)
[INFO] Downloading from apache.snapshots.https: https://repository.apache.org/content/repositories/snapshots/org/apache/hadoop/hadoop-hdds-server-framework/0.5.0-SNAPSHOT/maven-metadata.xml
[INFO] Downloaded from apache.snapshots.https: https://repository.apache.org/content/repositories/snapshots/org/apache/hadoop/hadoop-hdds-server-framework/0.5.0-SNAPSHOT/maven-metadata.xml (1.2 kB at 2.0 kB/s)
[INFO] Downloading from apache.snapshots.https: https://repository.apache.org/content/repositories/snapshots/org/apache/hadoop/hadoop-hdds-server-framework/0.5.0-SNAPSHOT/hadoop-hdds-server-framework-0.5.0-20190715.155511-124.pom
[INFO] Downloaded from apache.snapshots.https: https://repository.apache.org/content/repositories/snapshots/org/apache/hadoop/hadoop-hdds-server-framework/0.5.0-SNAPSHOT/hadoop-hdds-server-framework-0.5.0-20190715.155511-124.pom (2.4 kB at 3.7 kB/s)
[INFO] Downloading from apache.snapshots.https: https://repository.apache.org/content/repositories/snapshots/org/apache/hadoop/hadoop-hdds-container-service/0.5.0-SNAPSHOT/maven-metadata.xml
[INFO] Downloaded from apache.snapshots.https: https://repository.apache.org/content/repositories/snapshots/org/apache/hadoop/hadoop-hdds-container-service/0.5.0-SNAPSHOT/maven-metadata.xml (1.2 kB at 2.0 kB/s)
[INFO] Downloading from apache.snapshots.https: https://repository.apache.org/content/repositories/snapshots/org/apache/hadoop/hadoop-hdds-container-service/0.5.0-SNAPSHOT/hadoop-hdds-container-service-0.5.0-20190715.155533-124.pom
[INFO] Downloaded from apache.snapshots.https: https://repository.apache.org/content/repositories/snapshots/org/apache/hadoop/hadoop-hdds-container-service/0.5.0-SNAPSHOT/hadoop-hdds-container-service-0.5.0-20190715.155533-124.pom (3.5 kB at 5.7 kB/s)
[INFO] Downloading from apache.snapshots.https: https://repository.apache.org/content/repositories/snapshots/org/apache/hadoop/hadoop-hdds-client/0.5.0-SNAPSHOT/maven-metadata.xml
[INFO] Downloaded from apache.snapshots.https: https://repository.apache.org/content/repositories/snapshots/org/apache/hadoop/hadoop-hdds-client/0.5.0-SNAPSHOT/maven-metadata.xml (1.2 kB at 2.0 kB/s)
[INFO] Downloading from apache.snapshots.https: https://repository.apache.org/content/repositories/snapshots/org/apache/hadoop/hadoop-hdds-client/0.5.0-SNAPSHOT/hadoop-hdds-client-0.5.0-20190715.155550-124.pom
[INFO] Downloaded from apache.snapshots.https: https://repository.apache.org/content/repositories/snapshots/org/apache/hadoop/hadoop-hdds-client/0.5.0-SNAPSHOT/hadoop-hdds-client-0.5.0-20190715.155550-124.pom (1.5 kB at 2.5 kB/s)
[INFO] Downloading from apache.snapshots.https: https://repository.apache.org/content/repositories/snapshots/org/apache/hadoop/hadoop-hdds-tools/0.5.0-SNAPSHOT/maven-metadata.xml
[INFO] Downloaded from apache.snapshots.https: https://repository.apache.org/content/repositories/snapshots/org/apache/hadoop/hadoop-hdds-tools/0.5.0-SNAPSHOT/maven-metadata.xml (1.2 kB at 2.0 kB/s)
[INFO] Downloading from apache.snapshots.https: https://repository.apache.org/content/repositories/snapshots/org/apache/hadoop/hadoop-hdds-tools/0.5.0-SNAPSHOT/hadoop-hdds-tools-0.5.0-20190715.155606-124.pom
[INFO] Downloaded from apache.snapshots.https: https://repository.apache.org/content/repositories/snapshots/org/apache/hadoop/hadoop-hdds-tools/0.5.0-SNAPSHOT/hadoop-hdds-tools-0.5.0-20190715.155606-124.pom (1.9 kB at 3.1 kB/s)
[INFO] Downloading from apache.snapshots.https: https://repository.apache.org/content/repositories/snapshots/org/apache/hadoop/hadoop-hdds-server-scm/0.5.0-SNAPSHOT/maven-metadata.xml
[INFO] Downloaded from apache.snapshots.https: https://repository.apache.org/content/repositories/snapshots/org/apache/hadoop/hadoop-hdds-server-scm/0.5.0-SNAPSHOT/maven-metadata.xml (1.2 kB at 2.0 kB/s)
[INFO] Downloading from apache.snapshots.https: https://repository.apache.org/content/repositories/snapshots/org/apache/hadoop/hadoop-hdds-server-scm/0.5.0-SNAPSHOT/hadoop-hdds-server-scm-0.5.0-20190715.155734-124.pom
[INFO] Downloaded from apache.snapshots.https: https://repository.apache.org/content/repositories/snapshots/org/apache/hadoop/hadoop-hdds-server-scm/0.5.0-SNAPSHOT/hadoop-hdds-server-scm-0.5.0-20190715.155734-124.pom (5.2 kB at 8.3 kB/s)
[INFO] Downloading from apache.snapshots.https: https://repository.apache.org/content/repositories/snapshots/org/apache/hadoop/hadoop-hdds-docs/0.5.0-SNAPSHOT/maven-metadata.xml
[INFO] Downloaded from apache.snapshots.https: https://repository.apache.org/content/repositories/snapshots/org/apache/hadoop/hadoop-hdds-docs/0.5.0-SNAPSHOT/maven-metadata.xml (1.2 kB at 2.0 kB/s)
[INFO] Downloading from apache.snapshots.https: https://repository.apache.org/content/repositories/snapshots/org/apache/hadoop/hadoop-hdds-docs/0.5.0-SNAPSHOT/hadoop-hdds-docs-0.5.0-20190715.155714-124.pom
[INFO] Downloaded from apache.snapshots.https: https://repository.apache.org/content/repositories/snapshots/org/apache/hadoop/hadoop-hdds-docs/0.5.0-SNAPSHOT/hadoop-hdds-docs-0.5.0-20190715.155714-124.pom (2.8 kB at 4.4 kB/s)
[INFO] Downloading from apache.snapshots.https: https://repository.apache.org/content/repositories/snapshots/org/apache/hadoop/hadoop-ozone-ozone-manager/0.5.0-SNAPSHOT/maven-metadata.xml
[INFO] Downloaded from apache.snapshots.https: https://repository.apache.org/content/repositories/snapshots/org/apache/hadoop/hadoop-ozone-ozone-manager/0.5.0-SNAPSHOT/maven-metadata.xml (1.2 kB at 2.0 kB/s)
[INFO] Downloading from apache.snapshots.https: https://repository.apache.org/content/repositories/snapshots/org/apache/hadoop/hadoop-ozone-ozone-manager/0.5.0-SNAPSHOT/hadoop-ozone-ozone-manager-0.5.0-20190715.155758-124.pom
[INFO] Downloaded from apache.snapshots.https: https://repository.apache.org/content/repositories/snapshots/org/apache/hadoop/hadoop-ozone-ozone-manager/0.5.0-SNAPSHOT/hadoop-ozone-ozone-manager-0.5.0-20190715.155758-124.pom (4.4 kB at 7.2 kB/s)
[INFO] Downloading from apache.snapshots.https: https://repository.apache.org/content/repositories/snapshots/org/apache/hadoop/hadoop-ozone-client/0.5.0-SNAPSHOT/maven-metadata.xml
[INFO] Downloaded from apache.snapshots.https: https://repository.apache.org/content/repositories/snapshots/org/apache/hadoop/hadoop-ozone-client/0.5.0-SNAPSHOT/maven-metadata.xml (1.2 kB at 2.1 kB/s)
[INFO] Downloading from apache.snapshots.https: https://repository.apache.org/content/repositories/snapshots/org/apache/hadoop/hadoop-ozone-client/0.5.0-SNAPSHOT/hadoop-ozone-client-0.5.0-20190715.155659-124.pom
[INFO] Downloaded from apache.snapshots.https: https://repository.apache.org/content/repositories/snapshots/org/apache/hadoop/hadoop-ozone-client/0.5.0-SNAPSHOT/hadoop-ozone-client-0.5.0-20190715.155659-124.pom (1.5 kB at 2.5 kB/s)
[INFO] Downloading from apache.snapshots.https: https://repository.apache.org/content/repositories/snapshots/org/apache/hadoop/hadoop-ozone-objectstore-service/0.5.0-SNAPSHOT/maven-metadata.xml
[INFO] Downloaded from apache.snapshots.https: https://repository.apache.org/content/repositories/snapshots/org/apache/hadoop/hadoop-ozone-objectstore-service/0.5.0-SNAPSHOT/maven-metadata.xml (1.5 kB at 2.4 kB/s)
[INFO] Downloading from apache.snapshots.https: https://repository.apache.org/content/repositories/snapshots/org/apache/hadoop/hadoop-ozone-objectstore-service/0.5.0-SNAPSHOT/hadoop-ozone-objectstore-service-0.5.0-20190715.155826-124.pom
[INFO] Downloaded from apache.snapshots.https: https://repository.apache.org/content/repositories/snapshots/org/apache/hadoop/hadoop-ozone-objectstore-service/0.5.0-SNAPSHOT/hadoop-ozone-objectstore-service-0.5.0-20190715.155826-124.pom (3.8 kB at 6.3 kB/s)
[INFO] Downloading from apache.snapshots.https: https://repository.apache.org/content/repositories/snapshots/org/apache/hadoop/hadoop-ozone-s3gateway/0.5.0-SNAPSHOT/maven-metadata.xml
[INFO] Downloaded from apache.snapshots.https: https://repository.apache.org/content/repositories/snapshots/org/apache/hadoop/hadoop-ozone-s3gateway/0.5.0-SNAPSHOT/maven-metadata.xml (1.2 kB at 2.1 kB/s)
[INFO] Downloading from apache.snapshots.https: https://repository.apache.org/content/repositories/snapshots/org/apache/hadoop/hadoop-ozone-s3gateway/0.5.0-SNAPSHOT/hadoop-ozone-s3gateway-0.5.0-20190715.155854-124.pom
[INFO] Downloaded from apache.snapshots.https: https://repository.apache.org/content/repositories/snapshots/org/apache/hadoop/hadoop-ozone-s3gateway/0.5.0-SNAPSHOT/hadoop-ozone-s3gateway-0.5.0-20190715.155854-124.pom (8.4 kB at 14 kB/s)
[INFO] Downloading from apache.snapshots.https: https://repository.apache.org/content/repositories/snapshots/org/apache/hadoop/hadoop-ozone-csi/0.5.0-SNAPSHOT/maven-metadata.xml
[INFO] Downloaded from apache.snapshots.https: https://repository.apache.org/content/repositories/snapshots/org/apache/hadoop/hadoop-ozone-csi/0.5.0-SNAPSHOT/maven-metadata.xml (1.2 kB at 2.0 kB/s)
[INFO] Downloading from apache.snapshots.https: https://repository.apache.org/content/repositories/snapshots/org/apache/hadoop/hadoop-ozone-csi/0.5.0-SNAPSHOT/hadoop-ozone-csi-0.5.0-20190715.155939-46.pom
[INFO] Downloaded from apache.snapshots.https: https://repository.apache.org/content/repositories/snapshots/org/apache/hadoop/hadoop-ozone-csi/0.5.0-SNAPSHOT/hadoop-ozone-csi-0.5.0-20190715.155939-46.pom (6.2 kB at 10 kB/s)
[INFO] Downloading from apache.snapshots.https: https://repository.apache.org/content/repositories/snapshots/io/grpc/grpc-core/maven-metadata.xml
[INFO] Downloading from central: https://repo.maven.apache.org/maven2/io/grpc/grpc-core/maven-metadata.xml
[INFO] Downloading from repository.jboss.org: http://repository.jboss.org/nexus/content/groups/public/io/grpc/grpc-core/maven-metadata.xml
[INFO] Downloaded from central: https://repo.maven.apache.org/maven2/io/grpc/grpc-core/maven-metadata.xml (2.1 kB at 19 kB/s)
[INFO] Downloading from apache.snapshots.https: https://repository.apache.org/content/repositories/snapshots/io/netty/netty-codec-http2/maven-metadata.xml
[INFO] Downloading from repository.jboss.org: http://repository.jboss.org/nexus/content/groups/public/io/netty/netty-codec-http2/maven-metadata.xml
[INFO] Downloading from central: https://repo.maven.apache.org/maven2/io/netty/netty-codec-http2/maven-metadata.xml
[INFO] Downloaded from central: https://repo.maven.apache.org/maven2/io/netty/netty-codec-http2/maven-metadata.xml (2.3 kB at 76 kB/s)
[INFO] Downloading from apache.snapshots.https: https://repository.apache.org/content/repositories/snapshots/org/apache/hadoop/hadoop-ozone-recon/0.5.0-SNAPSHOT/maven-metadata.xml
[INFO] Downloaded from apache.snapshots.https: https://repository.apache.org/content/repositories/snapshots/org/apache/hadoop/hadoop-ozone-recon/0.5.0-SNAPSHOT/maven-metadata.xml (1.2 kB at 2.0 kB/s)
[INFO] Downloading from apache.snapshots.https: https://repository.apache.org/content/repositories/snapshots/org/apache/hadoop/hadoop-ozone-recon/0.5.0-SNAPSHOT/hadoop-ozone-recon-0.5.0-20190715.160053-123.pom
[INFO] Downloaded from apache.snapshots.https: https://repository.apache.org/content/repositories/snapshots/org/apache/hadoop/hadoop-ozone-recon/0.5.0-SNAPSHOT/hadoop-ozone-recon-0.5.0-20190715.160053-123.pom (11 kB at 18 kB/s)
[INFO] Downloading from apache.snapshots.https: https://repository.apache.org/content/repositories/snapshots/org/apache/hadoop/hadoop-ozone-reconcodegen/0.5.0-SNAPSHOT/maven-metadata.xml
[INFO] Downloaded from apache.snapshots.https: https://repository.apache.org/content/repositories/snapshots/org/apache/hadoop/hadoop-ozone-reconcodegen/0.5.0-SNAPSHOT/maven-metadata.xml (1.2 kB at 2.0 kB/s)
[INFO] Downloading from apache.snapshots.https: https://repository.apache.org/content/repositories/snapshots/org/apache/hadoop/hadoop-ozone-reconcodegen/0.5.0-SNAPSHOT/hadoop-ozone-reconcodegen-0.5.0-20190715.155956-91.pom
[INFO] Downloaded from apache.snapshots.https: https://repository.apache.org/content/repositories/snapshots/org/apache/hadoop/hadoop-ozone-reconcodegen/0.5.0-SNAPSHOT/hadoop-ozone-reconcodegen-0.5.0-20190715.155956-91.pom (2.5 kB at 4.0 kB/s)
[INFO] Downloading from apache.snapshots.https: https://repository.apache.org/content/repositories/snapshots/org/apache/hadoop/hadoop-ozone-common/0.5.0-SNAPSHOT/hadoop-ozone-common-0.5.0-20190715.155641-124.jar
[INFO] Downloading from apache.snapshots.https: https://repository.apache.org/content/repositories/snapshots/org/apache/hadoop/hadoop-hdds-client/0.5.0-SNAPSHOT/hadoop-hdds-client-0.5.0-20190715.155550-124.jar
[INFO] Downloading from apache.snapshots.https: https://repository.apache.org/content/repositories/snapshots/org/apache/hadoop/hadoop-hdds-container-service/0.5.0-SNAPSHOT/hadoop-hdds-container-service-0.5.0-20190715.155533-124.jar
[INFO] Downloading from apache.snapshots.https: https://repository.apache.org/content/repositories/snapshots/org/apache/hadoop/hadoop-hdds-server-framework/0.5.0-SNAPSHOT/hadoop-hdds-server-framework-0.5.0-20190715.155511-124.jar
[INFO] Downloading from apache.snapshots.https: https://repository.apache.org/content/repositories/snapshots/org/apache/hadoop/hadoop-hdds-common/0.5.0-SNAPSHOT/hadoop-hdds-common-0.5.0-20190715.155452-124.jar
[INFO] Downloaded from apache.snapshots.https: https://repository.apache.org/content/repositories/snapshots/org/apache/hadoop/hadoop-hdds-client/0.5.0-SNAPSHOT/hadoop-hdds-client-0.5.0-20190715.155550-124.jar (108 kB at 132 kB/s)
[INFO] Downloading from apache.snapshots.https: https://repository.apache.org/content/repositories/snapshots/org/apache/hadoop/hadoop-hdds-tools/0.5.0-SNAPSHOT/hadoop-hdds-tools-0.5.0-20190715.155606-124.jar
[INFO] Downloaded from apache.snapshots.https: https://repository.apache.org/content/repositories/snapshots/org/apache/hadoop/hadoop-hdds-container-service/0.5.0-SNAPSHOT/hadoop-hdds-container-service-0.5.0-20190715.155533-124.jar (882 kB at 866 kB/s)
[INFO] Downloading from apache.snapshots.https: https://repository.apache.org/content/repositories/snapshots/org/apache/hadoop/hadoop-hdds-server-scm/0.5.0-SNAPSHOT/hadoop-hdds-server-scm-0.5.0-20190715.155734-124.jar
[INFO] Downloaded from apache.snapshots.https: https://repository.apache.org/content/repositories/snapshots/org/apache/hadoop/hadoop-ozone-common/0.5.0-SNAPSHOT/hadoop-ozone-common-0.5.0-20190715.155641-124.jar (1.6 MB at 1.5 MB/s)
[INFO] Downloading from apache.snapshots.https: https://repository.apache.org/content/repositories/snapshots/org/apache/hadoop/hadoop-hdds-docs/0.5.0-SNAPSHOT/hadoop-hdds-docs-0.5.0-20190715.155714-124.jar
[INFO] Downloaded from apache.snapshots.https: https://repository.apache.org/content/repositories/snapshots/org/apache/hadoop/hadoop-hdds-server-framework/0.5.0-SNAPSHOT/hadoop-hdds-server-framework-0.5.0-20190715.155511-124.jar (1.1 MB at 1.0 MB/s)
[INFO] Downloading from apache.snapshots.https: https://repository.apache.org/content/repositories/snapshots/org/apache/hadoop/hadoop-ozone-ozone-manager/0.5.0-SNAPSHOT/hadoop-ozone-ozone-manager-0.5.0-20190715.155758-124.jar
[INFO] Downloaded from apache.snapshots.https: https://repository.apache.org/content/repositories/snapshots/org/apache/hadoop/hadoop-hdds-common/0.5.0-SNAPSHOT/hadoop-hdds-common-0.5.0-20190715.155452-124.jar (1.9 MB at 1.7 MB/s)
[INFO] Downloading from apache.snapshots.https: https://repository.apache.org/content/repositories/snapshots/org/apache/hadoop/hadoop-ozone-objectstore-service/0.5.0-SNAPSHOT/hadoop-ozone-objectstore-service-0.5.0-20190715.155826-124.jar
[INFO] Downloaded from apache.snapshots.https: https://repository.apache.org/content/repositories/snapshots/org/apache/hadoop/hadoop-hdds-tools/0.5.0-SNAPSHOT/hadoop-hdds-tools-0.5.0-20190715.155606-124.jar (65 kB at 42 kB/s)
[INFO] Downloading from apache.snapshots.https: https://repository.apache.org/content/repositories/snapshots/org/apache/hadoop/hadoop-ozone-s3gateway/0.5.0-SNAPSHOT/hadoop-ozone-s3gateway-0.5.0-20190715.155854-124.jar
[INFO] Downloaded from apache.snapshots.https: https://repository.apache.org/content/repositories/snapshots/org/apache/hadoop/hadoop-hdds-docs/0.5.0-SNAPSHOT/hadoop-hdds-docs-0.5.0-20190715.155714-124.jar (44 kB at 24 kB/s)
[INFO] Downloading from apache.snapshots.https: https://repository.apache.org/content/repositories/snapshots/org/apache/hadoop/hadoop-ozone-csi/0.5.0-SNAPSHOT/hadoop-ozone-csi-0.5.0-20190715.155939-46.jar
[INFO] Downloaded from apache.snapshots.https: https://repository.apache.org/content/repositories/snapshots/org/apache/hadoop/hadoop-ozone-objectstore-service/0.5.0-SNAPSHOT/hadoop-ozone-objectstore-service-0.5.0-20190715.155826-124.jar (138 kB at 72 kB/s)
[INFO] Downloading from apache.snapshots.https: https://repository.apache.org/content/repositories/snapshots/org/apache/hadoop/hadoop-ozone-recon/0.5.0-SNAPSHOT/hadoop-ozone-recon-0.5.0-20190715.160053-123.jar
[INFO] Downloaded from apache.snapshots.https: https://repository.apache.org/content/repositories/snapshots/org/apache/hadoop/hadoop-hdds-server-scm/0.5.0-SNAPSHOT/hadoop-hdds-server-scm-0.5.0-20190715.155734-124.jar (1.4 MB at 671 kB/s)
[INFO] Downloading from apache.snapshots.https: https://repository.apache.org/content/repositories/snapshots/org/apache/hadoop/hadoop-ozone-reconcodegen/0.5.0-SNAPSHOT/hadoop-ozone-reconcodegen-0.5.0-20190715.155956-91.jar
[INFO] Downloaded from apache.snapshots.https: https://repository.apache.org/content/repositories/snapshots/org/apache/hadoop/hadoop-ozone-ozone-manager/0.5.0-SNAPSHOT/hadoop-ozone-ozone-manager-0.5.0-20190715.155758-124.jar (1.5 MB at 693 kB/s)
[INFO] Downloading from apache.snapshots.https: https://repository.apache.org/content/repositories/snapshots/org/apache/hadoop/hadoop-ozone-client/0.5.0-SNAPSHOT/hadoop-ozone-client-0.5.0-20190715.155659-124.jar
[INFO] Downloaded from apache.snapshots.https: https://repository.apache.org/content/repositories/snapshots/org/apache/hadoop/hadoop-ozone-s3gateway/0.5.0-SNAPSHOT/hadoop-ozone-s3gateway-0.5.0-20190715.155854-124.jar (1.2 MB at 460 kB/s)
[INFO] Downloading from apache.snapshots.https: https://repository.apache.org/content/repositories/snapshots/org/apache/hadoop/hadoop-ozone-ozone-manager/0.5.0-SNAPSHOT/hadoop-ozone-ozone-manager-0.5.0-20190715.155758-124-tests.jar
[INFO] Downloaded from apache.snapshots.https: https://repository.apache.org/content/repositories/snapshots/org/apache/hadoop/hadoop-ozone-reconcodegen/0.5.0-SNAPSHOT/hadoop-ozone-reconcodegen-0.5.0-20190715.155956-91.jar (55 kB at 20 kB/s)
[INFO] Downloading from apache.snapshots.https: https://repository.apache.org/content/repositories/snapshots/org/apache/hadoop/hadoop-hdds-server-scm/0.5.0-SNAPSHOT/hadoop-hdds-server-scm-0.5.0-20190715.155734-124-tests.jar
[INFO] Downloaded from apache.snapshots.https: https://repository.apache.org/content/repositories/snapshots/org/apache/hadoop/hadoop-ozone-csi/0.5.0-SNAPSHOT/hadoop-ozone-csi-0.5.0-20190715.155939-46.jar (941 kB at 334 kB/s)
[INFO] Downloading from apache.snapshots.https: https://repository.apache.org/content/repositories/snapshots/org/apache/hadoop/hadoop-hdds-container-service/0.5.0-SNAPSHOT/hadoop-hdds-container-service-0.5.0-20190715.155533-124-tests.jar
[INFO] Downloaded from apache.snapshots.https: https://repository.apache.org/content/repositories/snapshots/org/apache/hadoop/hadoop-ozone-client/0.5.0-SNAPSHOT/hadoop-ozone-client-0.5.0-20190715.155659-124.jar (146 kB at 49 kB/s)
[INFO] Downloaded from apache.snapshots.https: https://repository.apache.org/content/repositories/snapshots/org/apache/hadoop/hadoop-ozone-recon/0.5.0-SNAPSHOT/hadoop-ozone-recon-0.5.0-20190715.160053-123.jar (1.8 MB at 593 kB/s)
[INFO] Downloaded from apache.snapshots.https: https://repository.apache.org/content/repositories/snapshots/org/apache/hadoop/hadoop-ozone-ozone-manager/0.5.0-SNAPSHOT/hadoop-ozone-ozone-manager-0.5.0-20190715.155758-124-tests.jar (227 kB at 66 kB/s)
[INFO] Downloaded from apache.snapshots.https: https://repository.apache.org/content/repositories/snapshots/org/apache/hadoop/hadoop-hdds-container-service/0.5.0-SNAPSHOT/hadoop-hdds-container-service-0.5.0-20190715.155533-124-tests.jar (185 kB at 51 kB/s)
[INFO] Downloaded from apache.snapshots.https: https://repository.apache.org/content/repositories/snapshots/org/apache/hadoop/hadoop-hdds-server-scm/0.5.0-SNAPSHOT/hadoop-hdds-server-scm-0.5.0-20190715.155734-124-tests.jar (244 kB at 66 kB/s)
[INFO] 
[INFO] --- maven-antrun-plugin:1.7:run (create-testdirs) @ hadoop-ozone-integration-test ---
[INFO] Executing tasks

main:
    [mkdir] Created dir: /workdir/hadoop-ozone/integration-test/target/test-dir
[INFO] Executed tasks
[INFO] 
[INFO] --- maven-remote-resources-plugin:1.5:process (default) @ hadoop-ozone-integration-test ---
[INFO] artifact io.grpc:grpc-core: checking for updates from apache.snapshots.https
[INFO] artifact io.grpc:grpc-core: checking for updates from repository.jboss.org
[INFO] artifact io.grpc:grpc-core: checking for updates from central
[INFO] artifact io.netty:netty-codec-http2: checking for updates from apache.snapshots.https
[INFO] artifact io.netty:netty-codec-http2: checking for updates from repository.jboss.org
[INFO] artifact io.netty:netty-codec-http2: checking for updates from central
[INFO] 
[INFO] --- maven-resources-plugin:2.6:resources (default-resources) @ hadoop-ozone-integration-test ---
[INFO] Using 'UTF-8' encoding to copy filtered resources.
[INFO] skip non existing resourceDirectory /workdir/hadoop-ozone/integration-test/src/main/resources
[INFO] Copying 2 resources
[INFO] 
[INFO] --- maven-compiler-plugin:3.1:compile (default-compile) @ hadoop-ozone-integration-test ---
[INFO] No sources to compile
[INFO] 
[INFO] --- maven-resources-plugin:2.6:testResources (default-testResources) @ hadoop-ozone-integration-test ---
[INFO] Using 'UTF-8' encoding to copy filtered resources.
[INFO] Copying 17 resources
[INFO] Copying 2 resources
[INFO] 
[INFO] --- maven-compiler-plugin:3.1:testCompile (default-testCompile) @ hadoop-ozone-integration-test ---
[INFO] Compiling 124 source files to /workdir/hadoop-ozone/integration-test/target/test-classes
[INFO] -------------------------------------------------------------
[ERROR] COMPILATION ERROR : 
[INFO] -------------------------------------------------------------
[ERROR] /workdir/hadoop-ozone/integration-test/src/test/java/org/apache/hadoop/ozone/client/rpc/TestOzoneRpcClientAbstract.java:[105,47] cannot find symbol
  symbol:   class AclScope
  location: class org.apache.hadoop.ozone.OzoneAcl
[ERROR] /workdir/hadoop-ozone/integration-test/src/test/java/org/apache/hadoop/ozone/client/rpc/TestOzoneRpcClientAbstract.java:[105,1] static import only from classes and interfaces
[ERROR] /workdir/hadoop-ozone/integration-test/src/test/java/org/apache/hadoop/ozone/client/rpc/TestOzoneRpcClientAbstract.java:[106,47] cannot find symbol
  symbol:   class AclScope
  location: class org.apache.hadoop.ozone.OzoneAcl
[ERROR] /workdir/hadoop-ozone/integration-test/src/test/java/org/apache/hadoop/ozone/client/rpc/TestOzoneRpcClientAbstract.java:[106,1] static import only from classes and interfaces
[ERROR] /workdir/hadoop-ozone/integration-test/src/test/java/org/apache/hadoop/ozone/om/TestOzoneManagerHA.java:[73,47] cannot find symbol
  symbol:   class AclScope
  location: class org.apache.hadoop.ozone.OzoneAcl
[ERROR] /workdir/hadoop-ozone/integration-test/src/test/java/org/apache/hadoop/ozone/om/TestOzoneManagerHA.java:[73,1] static import only from classes and interfaces
[ERROR] /workdir/hadoop-ozone/integration-test/src/test/java/org/apache/hadoop/ozone/om/TestOzoneManagerHA.java:[74,47] cannot find symbol
  symbol:   class AclScope
  location: class org.apache.hadoop.ozone.OzoneAcl
[ERROR] /workdir/hadoop-ozone/integration-test/src/test/java/org/apache/hadoop/ozone/om/TestOzoneManagerHA.java:[74,1] static import only from classes and interfaces
[ERROR] /workdir/hadoop-ozone/integration-test/src/test/java/org/apache/hadoop/ozone/om/TestOzoneManager.java:[60,42] cannot find symbol
  symbol:   class OzoneAclUtil
  location: package org.apache.hadoop.ozone.om.helpers
[ERROR] /workdir/hadoop-ozone/integration-test/src/test/java/org/apache/hadoop/ozone/om/TestOzoneManager.java:[62,73] cannot find symbol
  symbol:   class DBUpdatesRequest
  location: class org.apache.hadoop.ozone.protocol.proto.OzoneManagerProtocolProtos
[ERROR] /workdir/hadoop-ozone/integration-test/src/test/java/org/apache/hadoop/ozone/om/TestOzoneManager.java:[85,34] cannot find symbol
  symbol:   class DBUpdatesWrapper
  location: package org.apache.hadoop.utils.db
[ERROR] /workdir/hadoop-ozone/integration-test/src/test/java/org/apache/hadoop/ozone/om/TestOzoneManager.java:[93,47] cannot find symbol
  symbol:   class AclScope
  location: class org.apache.hadoop.ozone.OzoneAcl
[ERROR] /workdir/hadoop-ozone/integration-test/src/test/java/org/apache/hadoop/ozone/om/TestOzoneManager.java:[93,1] static import only from classes and interfaces
[ERROR] /workdir/hadoop-ozone/integration-test/src/test/java/org/apache/hadoop/ozone/RatisTestHelper.java:[29,36] package org.apache.hadoop.hdds.ratis does not exist
[ERROR] /workdir/hadoop-ozone/integration-test/src/test/java/org/apache/hadoop/ozone/RatisTestHelper.java:[46,43] package org.apache.hadoop.hdds.ratis does not exist
[ERROR] /workdir/hadoop-ozone/integration-test/src/test/java/org/apache/hadoop/ozone/RatisTestHelper.java:[46,1] static import only from classes and interfaces
[ERROR] /workdir/hadoop-ozone/integration-test/src/test/java/org/apache/hadoop/ozone/security/acl/TestOzoneNativeAuthorizer.java:[41,42] cannot find symbol
  symbol:   class OzoneAclUtil
  location: package org.apache.hadoop.ozone.om.helpers
[ERROR] /workdir/hadoop-ozone/integration-test/src/test/java/org/apache/hadoop/ozone/security/acl/TestOzoneNativeAuthorizer.java:[60,47] cannot find symbol
  symbol:   class AclScope
  location: class org.apache.hadoop.ozone.OzoneAcl
[ERROR] /workdir/hadoop-ozone/integration-test/src/test/java/org/apache/hadoop/ozone/security/acl/TestOzoneNativeAuthorizer.java:[60,1] static import only from classes and interfaces
[ERROR] /workdir/hadoop-ozone/integration-test/src/test/java/org/apache/hadoop/ozone/om/TestKeyManagerImpl.java:[71,42] cannot find symbol
  symbol:   class OzoneAclUtil
  location: package org.apache.hadoop.ozone.om.helpers
[ERROR] /workdir/hadoop-ozone/integration-test/src/test/java/org/apache/hadoop/ozone/om/TestKeyManagerImpl.java:[95,47] cannot find symbol
  symbol:   class AclScope
  location: class org.apache.hadoop.ozone.OzoneAcl
[ERROR] /workdir/hadoop-ozone/integration-test/src/test/java/org/apache/hadoop/ozone/om/TestKeyManagerImpl.java:[95,1] static import only from classes and interfaces
[ERROR] /workdir/hadoop-ozone/integration-test/src/test/java/org/apache/hadoop/ozone/client/rpc/TestOzoneRpcClientForAclAuditLog.java:[38,47] cannot find symbol
  symbol:   class AclScope
  location: class org.apache.hadoop.ozone.OzoneAcl
[ERROR] /workdir/hadoop-ozone/integration-test/src/test/java/org/apache/hadoop/ozone/client/rpc/TestOzoneRpcClientForAclAuditLog.java:[38,1] static import only from classes and interfaces
[INFO] 24 errors 
[INFO] -------------------------------------------------------------
[INFO] 
[INFO] -------------< org.apache.hadoop:hadoop-ozone-filesystem >--------------
[INFO] Building Apache Hadoop Ozone FileSystem 0.5.0-SNAPSHOT             [2/3]
[INFO] --------------------------------[ jar ]---------------------------------
[INFO] Downloading from apache.snapshots.https: https://repository.apache.org/content/repositories/snapshots/org/apache/hadoop/hadoop-ozone-integration-test/0.5.0-SNAPSHOT/maven-metadata.xml
[INFO] Downloaded from apache.snapshots.https: https://repository.apache.org/content/repositories/snapshots/org/apache/hadoop/hadoop-ozone-integration-test/0.5.0-SNAPSHOT/maven-metadata.xml (1.2 kB at 2.1 kB/s)
[INFO] Downloading from apache.snapshots.https: https://repository.apache.org/content/repositories/snapshots/org/apache/hadoop/hadoop-ozone-integration-test/0.5.0-SNAPSHOT/hadoop-ozone-integration-test-0.5.0-20190715.160116-123-tests.jar
[INFO] Downloaded from apache.snapshots.https: https://repository.apache.org/content/repositories/snapshots/org/apache/hadoop/hadoop-ozone-integration-test/0.5.0-SNAPSHOT/hadoop-ozone-integration-test-0.5.0-20190715.160116-123-tests.jar (644 kB at 651 kB/s)
[INFO] 
[INFO] --- maven-antrun-plugin:1.7:run (create-testdirs) @ hadoop-ozone-filesystem ---
[INFO] Executing tasks

main:
    [mkdir] Created dir: /workdir/hadoop-ozone/ozonefs/target/test-dir
[INFO] Executed tasks
[INFO] 
[INFO] --- maven-remote-resources-plugin:1.5:process (default) @ hadoop-ozone-filesystem ---
[INFO] Downloading from apache.snapshots.https: https://repository.apache.org/content/repositories/snapshots/org/apache/hadoop/hadoop-ozone-integration-test/0.5.0-SNAPSHOT/hadoop-ozone-integration-test-0.5.0-20190715.160116-123.pom
[INFO] Downloaded from apache.snapshots.https: https://repository.apache.org/content/repositories/snapshots/org/apache/hadoop/hadoop-ozone-integration-test/0.5.0-SNAPSHOT/hadoop-ozone-integration-test-0.5.0-20190715.160116-123.pom (4.5 kB at 7.5 kB/s)
[INFO] 
[INFO] --- maven-resources-plugin:2.6:resources (default-resources) @ hadoop-ozone-filesystem ---
[INFO] Using 'UTF-8' encoding to copy filtered resources.
[INFO] Copying 3 resources
[INFO] Copying 2 resources
[INFO] 
[INFO] --- maven-compiler-plugin:3.1:compile (default-compile) @ hadoop-ozone-filesystem ---
[INFO] Compiling 18 source files to /workdir/hadoop-ozone/ozonefs/target/classes
[WARNING] /workdir/hadoop-ozone/ozonefs/src/main/java/org/apache/hadoop/fs/ozone/BasicOzoneClientAdapterImpl.java: /workdir/hadoop-ozone/ozonefs/src/main/java/org/apache/hadoop/fs/ozone/BasicOzoneClientAdapterImpl.java uses unchecked or unsafe operations.
[WARNING] /workdir/hadoop-ozone/ozonefs/src/main/java/org/apache/hadoop/fs/ozone/BasicOzoneClientAdapterImpl.java: Recompile with -Xlint:unchecked for details.
[INFO] 
[INFO] --- maven-dependency-plugin:3.0.2:list (deplist) @ hadoop-ozone-filesystem ---
[INFO] 
[INFO] --- maven-resources-plugin:2.6:testResources (default-testResources) @ hadoop-ozone-filesystem ---
[INFO] Using 'UTF-8' encoding to copy filtered resources.
[INFO] Copying 3 resources
[INFO] Copying 2 resources
[INFO] 
[INFO] --- maven-compiler-plugin:3.1:testCompile (default-testCompile) @ hadoop-ozone-filesystem ---
[INFO] Compiling 17 source files to /workdir/hadoop-ozone/ozonefs/target/test-classes
[INFO] 
[INFO] --- maven-surefire-plugin:3.0.0-M1:test (default-test) @ hadoop-ozone-filesystem ---
[INFO] Downloading from central: https://repo.maven.apache.org/maven2/org/apache/maven/surefire/surefire-junit4/3.0.0-M1/surefire-junit4-3.0.0-M1.jar
[INFO] Downloaded from central: https://repo.maven.apache.org/maven2/org/apache/maven/surefire/surefire-junit4/3.0.0-M1/surefire-junit4-3.0.0-M1.jar (17 kB at 441 kB/s)
[INFO] Downloading from central: https://repo.maven.apache.org/maven2/org/apache/maven/surefire/surefire-junit4/3.0.0-M1/surefire-junit4-3.0.0-M1.pom
[INFO] Downloaded from central: https://repo.maven.apache.org/maven2/org/apache/maven/surefire/surefire-junit4/3.0.0-M1/surefire-junit4-3.0.0-M1.pom (1.7 kB at 65 kB/s)
[INFO] Downloading from central: https://repo.maven.apache.org/maven2/org/apache/maven/surefire/surefire-providers/3.0.0-M1/surefire-providers-3.0.0-M1.pom
[INFO] Downloaded from central: https://repo.maven.apache.org/maven2/org/apache/maven/surefire/surefire-providers/3.0.0-M1/surefire-providers-3.0.0-M1.pom (2.5 kB at 94 kB/s)
[INFO] Downloading from central: https://repo.maven.apache.org/maven2/org/apache/maven/surefire/common-junit4/3.0.0-M1/common-junit4-3.0.0-M1.pom
[INFO] Downloaded from central: https://repo.maven.apache.org/maven2/org/apache/maven/surefire/common-junit4/3.0.0-M1/common-junit4-3.0.0-M1.pom (2.1 kB at 79 kB/s)
[INFO] Downloading from central: https://repo.maven.apache.org/maven2/org/apache/maven/surefire/common-junit3/3.0.0-M1/common-junit3-3.0.0-M1.pom
[INFO] Downloaded from central: https://repo.maven.apache.org/maven2/org/apache/maven/surefire/common-junit3/3.0.0-M1/common-junit3-3.0.0-M1.pom (1.6 kB at 59 kB/s)
[INFO] Downloading from central: https://repo.maven.apache.org/maven2/org/apache/maven/surefire/common-java5/3.0.0-M1/common-java5-3.0.0-M1.pom
[INFO] Downloaded from central: https://repo.maven.apache.org/maven2/org/apache/maven/surefire/common-java5/3.0.0-M1/common-java5-3.0.0-M1.pom (3.1 kB at 118 kB/s)
[INFO] Downloading from central: https://repo.maven.apache.org/maven2/org/apache/maven/surefire/common-java5/3.0.0-M1/common-java5-3.0.0-M1.jar
[INFO] Downloading from central: https://repo.maven.apache.org/maven2/org/apache/maven/surefire/common-junit3/3.0.0-M1/common-junit3-3.0.0-M1.jar
[INFO] Downloading from central: https://repo.maven.apache.org/maven2/org/apache/maven/surefire/common-junit4/3.0.0-M1/common-junit4-3.0.0-M1.jar
[INFO] Downloaded from central: https://repo.maven.apache.org/maven2/org/apache/maven/surefire/common-java5/3.0.0-M1/common-java5-3.0.0-M1.jar (32 kB at 845 kB/s)
[INFO] Downloaded from central: https://repo.maven.apache.org/maven2/org/apache/maven/surefire/common-junit4/3.0.0-M1/common-junit4-3.0.0-M1.jar (28 kB at 600 kB/s)
[INFO] Downloaded from central: https://repo.maven.apache.org/maven2/org/apache/maven/surefire/common-junit3/3.0.0-M1/common-junit3-3.0.0-M1.jar (12 kB at 200 kB/s)
[INFO] 
[INFO] -------------------------------------------------------
[INFO]  T E S T S
[INFO] -------------------------------------------------------
[INFO] Running org.apache.hadoop.fs.ozone.contract.ITestOzoneContractRootDir
[INFO] Tests run: 9, Failures: 0, Errors: 0, Skipped: 0, Time elapsed: 29.328 s - in org.apache.hadoop.fs.ozone.contract.ITestOzoneContractRootDir
[INFO] Running org.apache.hadoop.fs.ozone.contract.ITestOzoneContractOpen
[INFO] Tests run: 6, Failures: 0, Errors: 0, Skipped: 0, Time elapsed: 34.055 s - in org.apache.hadoop.fs.ozone.contract.ITestOzoneContractOpen
[INFO] Running org.apache.hadoop.fs.ozone.contract.ITestOzoneContractRename
[INFO] Tests run: 8, Failures: 0, Errors: 0, Skipped: 0, Time elapsed: 45.765 s - in org.apache.hadoop.fs.ozone.contract.ITestOzoneContractRename
[INFO] Running org.apache.hadoop.fs.ozone.contract.ITestOzoneContractCreate
[WARNING] Tests run: 11, Failures: 0, Errors: 0, Skipped: 2, Time elapsed: 35.802 s - in org.apache.hadoop.fs.ozone.contract.ITestOzoneContractCreate
[INFO] Running org.apache.hadoop.fs.ozone.contract.ITestOzoneContractDelete
[INFO] Tests run: 8, Failures: 0, Errors: 0, Skipped: 0, Time elapsed: 39.657 s - in org.apache.hadoop.fs.ozone.contract.ITestOzoneContractDelete
[INFO] Running org.apache.hadoop.fs.ozone.contract.ITestOzoneContractMkdir
[INFO] Tests run: 8, Failures: 0, Errors: 0, Skipped: 0, Time elapsed: 39.403 s - in org.apache.hadoop.fs.ozone.contract.ITestOzoneContractMkdir
[INFO] Running org.apache.hadoop.fs.ozone.contract.ITestOzoneContractGetFileStatus
[INFO] Tests run: 18, Failures: 0, Errors: 0, Skipped: 0, Time elapsed: 35.012 s - in org.apache.hadoop.fs.ozone.contract.ITestOzoneContractGetFileStatus
[INFO] Running org.apache.hadoop.fs.ozone.contract.ITestOzoneContractSeek
[INFO] Tests run: 18, Failures: 0, Errors: 0, Skipped: 0, Time elapsed: 37.378 s - in org.apache.hadoop.fs.ozone.contract.ITestOzoneContractSeek
[INFO] Running org.apache.hadoop.fs.ozone.contract.ITestOzoneContractDistCp
[INFO] Tests run: 6, Failures: 0, Errors: 0, Skipped: 0, Time elapsed: 47.995 s - in org.apache.hadoop.fs.ozone.contract.ITestOzoneContractDistCp
[INFO] Running org.apache.hadoop.fs.ozone.TestOzoneFileSystem
[INFO] Tests run: 7, Failures: 0, Errors: 0, Skipped: 0, Time elapsed: 131.019 s - in org.apache.hadoop.fs.ozone.TestOzoneFileSystem
[INFO] Running org.apache.hadoop.fs.ozone.TestOzoneFSInputStream
[INFO] Tests run: 2, Failures: 0, Errors: 0, Skipped: 0, Time elapsed: 86.665 s - in org.apache.hadoop.fs.ozone.TestOzoneFSInputStream
[INFO] Running org.apache.hadoop.fs.ozone.TestFilteredClassLoader
[INFO] Tests run: 1, Failures: 0, Errors: 0, Skipped: 0, Time elapsed: 1.541 s - in org.apache.hadoop.fs.ozone.TestFilteredClassLoader
[INFO] Running org.apache.hadoop.fs.ozone.TestOzoneFileInterfaces
[INFO] Tests run: 12, Failures: 0, Errors: 0, Skipped: 0, Time elapsed: 229.347 s - in org.apache.hadoop.fs.ozone.TestOzoneFileInterfaces
[INFO] Running org.apache.hadoop.fs.ozone.TestOzoneFsRenameDir
[INFO] Tests run: 1, Failures: 0, Errors: 0, Skipped: 0, Time elapsed: 17.293 s - in org.apache.hadoop.fs.ozone.TestOzoneFsRenameDir
[INFO] Running org.apache.hadoop.fs.ozone.TestOzoneFileSystemWithMocks
[INFO] Tests run: 3, Failures: 0, Errors: 0, Skipped: 0, Time elapsed: 4.381 s - in org.apache.hadoop.fs.ozone.TestOzoneFileSystemWithMocks
[INFO] 
[INFO] Results:
[INFO] 
[WARNING] Tests run: 118, Failures: 0, Errors: 0, Skipped: 2
[INFO] 
[INFO] 
[INFO] ----------------< org.apache.hadoop:hadoop-ozone-tools >----------------
[INFO] Building Apache Hadoop Ozone Tools 0.5.0-SNAPSHOT                  [3/3]
[INFO] --------------------------------[ jar ]---------------------------------
[INFO] 
[INFO] --- maven-antrun-plugin:1.7:run (create-testdirs) @ hadoop-ozone-tools ---
[INFO] Executing tasks

main:
    [mkdir] Created dir: /workdir/hadoop-ozone/tools/target/test-dir
[INFO] Executed tasks
[INFO] 
[INFO] --- maven-remote-resources-plugin:1.5:process (default) @ hadoop-ozone-tools ---
[INFO] 
[INFO] --- maven-resources-plugin:2.6:resources (default-resources) @ hadoop-ozone-tools ---
[INFO] Using 'UTF-8' encoding to copy filtered resources.
[INFO] Copying 2 resources
[INFO] Copying 2 resources
[INFO] 
[INFO] --- maven-compiler-plugin:3.1:compile (default-compile) @ hadoop-ozone-tools ---
[INFO] Compiling 36 source files to /workdir/hadoop-ozone/tools/target/classes
[INFO] -------------------------------------------------------------
[WARNING] COMPILATION WARNING : 
[INFO] -------------------------------------------------------------
[WARNING] /workdir/hadoop-ozone/tools/src/main/java/org/apache/hadoop/ozone/genesis/BenchMarkRocksDbStore.java: /workdir/hadoop-ozone/tools/src/main/java/org/apache/hadoop/ozone/genesis/BenchMarkRocksDbStore.java uses or overrides a deprecated API.
[WARNING] /workdir/hadoop-ozone/tools/src/main/java/org/apache/hadoop/ozone/genesis/BenchMarkRocksDbStore.java: Recompile with -Xlint:deprecation for details.
[WARNING] /workdir/hadoop-ozone/tools/src/main/java/org/apache/hadoop/ozone/fsck/ContainerMapper.java: /workdir/hadoop-ozone/tools/src/main/java/org/apache/hadoop/ozone/fsck/ContainerMapper.java uses unchecked or unsafe operations.
[WARNING] /workdir/hadoop-ozone/tools/src/main/java/org/apache/hadoop/ozone/fsck/ContainerMapper.java: Recompile with -Xlint:unchecked for details.
[INFO] 4 warnings 
[INFO] -------------------------------------------------------------
[INFO] -------------------------------------------------------------
[ERROR] COMPILATION ERROR : 
[INFO] -------------------------------------------------------------
[ERROR] /workdir/hadoop-ozone/tools/src/main/java/org/apache/hadoop/ozone/freon/Freon.java:[53,14] cannot find symbol
  symbol:   method initializeMetrics(org.apache.hadoop.hdds.conf.OzoneConfiguration,java.lang.String)
  location: class org.apache.hadoop.hdds.HddsUtils
[INFO] 1 error
[INFO] -------------------------------------------------------------
[INFO] ------------------------------------------------------------------------
[INFO] Reactor Summary:
[INFO] 
[INFO] Apache Hadoop Ozone Integration Tests 0.5.0-SNAPSHOT FAILURE [ 36.648 s]
[INFO] Apache Hadoop Ozone FileSystem ..................... SUCCESS [13:56 min]
[INFO] Apache Hadoop Ozone Tools 0.5.0-SNAPSHOT ........... FAILURE [  3.920 s]
[INFO] ------------------------------------------------------------------------
[INFO] BUILD FAILURE
[INFO] ------------------------------------------------------------------------
[INFO] Total time: 14:38 min
[INFO] Finished at: 2019-08-23T10:54:13Z
[INFO] ------------------------------------------------------------------------
[ERROR] Failed to execute goal org.apache.maven.plugins:maven-compiler-plugin:3.1:testCompile (default-testCompile) on project hadoop-ozone-integration-test: Compilation failure: Compilation failure: 
[ERROR] /workdir/hadoop-ozone/integration-test/src/test/java/org/apache/hadoop/ozone/client/rpc/TestOzoneRpcClientAbstract.java:[105,47] cannot find symbol
[ERROR]   symbol:   class AclScope
[ERROR]   location: class org.apache.hadoop.ozone.OzoneAcl
[ERROR] /workdir/hadoop-ozone/integration-test/src/test/java/org/apache/hadoop/ozone/client/rpc/TestOzoneRpcClientAbstract.java:[105,1] static import only from classes and interfaces
[ERROR] /workdir/hadoop-ozone/integration-test/src/test/java/org/apache/hadoop/ozone/client/rpc/TestOzoneRpcClientAbstract.java:[106,47] cannot find symbol
[ERROR]   symbol:   class AclScope
[ERROR]   location: class org.apache.hadoop.ozone.OzoneAcl
[ERROR] /workdir/hadoop-ozone/integration-test/src/test/java/org/apache/hadoop/ozone/client/rpc/TestOzoneRpcClientAbstract.java:[106,1] static import only from classes and interfaces
[ERROR] /workdir/hadoop-ozone/integration-test/src/test/java/org/apache/hadoop/ozone/om/TestOzoneManagerHA.java:[73,47] cannot find symbol
[ERROR]   symbol:   class AclScope
[ERROR]   location: class org.apache.hadoop.ozone.OzoneAcl
[ERROR] /workdir/hadoop-ozone/integration-test/src/test/java/org/apache/hadoop/ozone/om/TestOzoneManagerHA.java:[73,1] static import only from classes and interfaces
[ERROR] /workdir/hadoop-ozone/integration-test/src/test/java/org/apache/hadoop/ozone/om/TestOzoneManagerHA.java:[74,47] cannot find symbol
[ERROR]   symbol:   class AclScope
[ERROR]   location: class org.apache.hadoop.ozone.OzoneAcl
[ERROR] /workdir/hadoop-ozone/integration-test/src/test/java/org/apache/hadoop/ozone/om/TestOzoneManagerHA.java:[74,1] static import only from classes and interfaces
[ERROR] /workdir/hadoop-ozone/integration-test/src/test/java/org/apache/hadoop/ozone/om/TestOzoneManager.java:[60,42] cannot find symbol
[ERROR]   symbol:   class OzoneAclUtil
[ERROR]   location: package org.apache.hadoop.ozone.om.helpers
[ERROR] /workdir/hadoop-ozone/integration-test/src/test/java/org/apache/hadoop/ozone/om/TestOzoneManager.java:[62,73] cannot find symbol
[ERROR]   symbol:   class DBUpdatesRequest
[ERROR]   location: class org.apache.hadoop.ozone.protocol.proto.OzoneManagerProtocolProtos
[ERROR] /workdir/hadoop-ozone/integration-test/src/test/java/org/apache/hadoop/ozone/om/TestOzoneManager.java:[85,34] cannot find symbol
[ERROR]   symbol:   class DBUpdatesWrapper
[ERROR]   location: package org.apache.hadoop.utils.db
[ERROR] /workdir/hadoop-ozone/integration-test/src/test/java/org/apache/hadoop/ozone/om/TestOzoneManager.java:[93,47] cannot find symbol
[ERROR]   symbol:   class AclScope
[ERROR]   location: class org.apache.hadoop.ozone.OzoneAcl
[ERROR] /workdir/hadoop-ozone/integration-test/src/test/java/org/apache/hadoop/ozone/om/TestOzoneManager.java:[93,1] static import only from classes and interfaces
[ERROR] /workdir/hadoop-ozone/integration-test/src/test/java/org/apache/hadoop/ozone/RatisTestHelper.java:[29,36] package org.apache.hadoop.hdds.ratis does not exist
[ERROR] /workdir/hadoop-ozone/integration-test/src/test/java/org/apache/hadoop/ozone/RatisTestHelper.java:[46,43] package org.apache.hadoop.hdds.ratis does not exist
[ERROR] /workdir/hadoop-ozone/integration-test/src/test/java/org/apache/hadoop/ozone/RatisTestHelper.java:[46,1] static import only from classes and interfaces
[ERROR] /workdir/hadoop-ozone/integration-test/src/test/java/org/apache/hadoop/ozone/security/acl/TestOzoneNativeAuthorizer.java:[41,42] cannot find symbol
[ERROR]   symbol:   class OzoneAclUtil
[ERROR]   location: package org.apache.hadoop.ozone.om.helpers
[ERROR] /workdir/hadoop-ozone/integration-test/src/test/java/org/apache/hadoop/ozone/security/acl/TestOzoneNativeAuthorizer.java:[60,47] cannot find symbol
[ERROR]   symbol:   class AclScope
[ERROR]   location: class org.apache.hadoop.ozone.OzoneAcl
[ERROR] /workdir/hadoop-ozone/integration-test/src/test/java/org/apache/hadoop/ozone/security/acl/TestOzoneNativeAuthorizer.java:[60,1] static import only from classes and interfaces
[ERROR] /workdir/hadoop-ozone/integration-test/src/test/java/org/apache/hadoop/ozone/om/TestKeyManagerImpl.java:[71,42] cannot find symbol
[ERROR]   symbol:   class OzoneAclUtil
[ERROR]   location: package org.apache.hadoop.ozone.om.helpers
[ERROR] /workdir/hadoop-ozone/integration-test/src/test/java/org/apache/hadoop/ozone/om/TestKeyManagerImpl.java:[95,47] cannot find symbol
[ERROR]   symbol:   class AclScope
[ERROR]   location: class org.apache.hadoop.ozone.OzoneAcl
[ERROR] /workdir/hadoop-ozone/integration-test/src/test/java/org/apache/hadoop/ozone/om/TestKeyManagerImpl.java:[95,1] static import only from classes and interfaces
[ERROR] /workdir/hadoop-ozone/integration-test/src/test/java/org/apache/hadoop/ozone/client/rpc/TestOzoneRpcClientForAclAuditLog.java:[38,47] cannot find symbol
[ERROR]   symbol:   class AclScope
[ERROR]   location: class org.apache.hadoop.ozone.OzoneAcl
[ERROR] /workdir/hadoop-ozone/integration-test/src/test/java/org/apache/hadoop/ozone/client/rpc/TestOzoneRpcClientForAclAuditLog.java:[38,1] static import only from classes and interfaces
[ERROR] -> [Help 1]
[ERROR] Failed to execute goal org.apache.maven.plugins:maven-compiler-plugin:3.1:compile (default-compile) on project hadoop-ozone-tools: Compilation failure
[ERROR] /workdir/hadoop-ozone/tools/src/main/java/org/apache/hadoop/ozone/freon/Freon.java:[53,14] cannot find symbol
[ERROR]   symbol:   method initializeMetrics(org.apache.hadoop.hdds.conf.OzoneConfiguration,java.lang.String)
[ERROR]   location: class org.apache.hadoop.hdds.HddsUtils
[ERROR] -> [Help 1]
[ERROR] 
[ERROR] To see the full stack trace of the errors, re-run Maven with the -e switch.
[ERROR] Re-run Maven using the -X switch to enable full debug logging.
[ERROR] 
[ERROR] For more information about the errors and possible solutions, please read the following articles:
[ERROR] [Help 1] http://cwiki.apache.org/confluence/display/MAVEN/MojoFailureException
[INFO] Build failures were ignored.
+ RET=0
+ /tools/scripts/collect-junit-failed.sh /workdir /tmp/log/pr/pr-hdds-2021-rfm2m/integration
+ SRCDIR=/workdir
+ DESTDIR=/tmp/log/pr/pr-hdds-2021-rfm2m/integration
+ mkdir -p /tmp/log/pr/pr-hdds-2021-rfm2m/integration
++ find /workdir -name surefire-reports
+ for dir in $(find "$SRCDIR" -name surefire-reports)
++ grep -l -r FAILURE '--include=*.txt' /workdir/hadoop-ozone/ozonefs/target/surefire-reports
++ grep -v output.txt
+ exit 0
