#
# A fatal error has been detected by the Java Runtime Environment:
#
#  SIGSEGV (0xb) at pc=0x00007f5208f9c810, pid=10749, tid=0x00007f51ecbd3ae0
#
# JRE version: OpenJDK Runtime Environment (8.0_212-b04) (build 1.8.0_212-b04)
# Java VM: OpenJDK 64-Bit Server VM (25.212-b04 mixed mode linux-amd64 compressed oops)
# Derivative: IcedTea 3.12.0
# Distribution: Custom build (Sat May  4 17:31:12 UTC 2019)
# Problematic frame:
# C  [ld-musl-x86_64.so.1+0x53810]  pthread_setname_np+0x5e
#
# Core dump written. Default location: /workdir/hadoop-ozone/ozone-manager/core or core.10749
#
# If you would like to submit a bug report, please include
# instructions on how to reproduce the bug and visit:
#   https://icedtea.classpath.org/bugzilla
#

---------------  T H R E A D  ---------------

Current thread is native thread

siginfo: si_signo: 11 (SIGSEGV), si_code: 1 (SEGV_MAPERR), si_addr: 0x0000000000000038

Registers:
RAX=0x00007f51ecbd3ae0, RBX=0x0000000000000022, RCX=0x0000000000000000, RDX=0x0000000000000000
RSP=0x00007f51ecbd3680, RBP=0x0000000000000000, RSI=0x0000000000000000, RDI=0xff73725e6f6c7463
R8 =0x0000000000000000, R9 =0x8080808080808080, R10=0xfefefefefefefeff, R11=0x0000000000000212
R12=0x00005606ec16c578, R13=0x000000000000000f, R14=0x00007f51ecbd3ae0, R15=0x00007f52091d5ae8
RIP=0x00007f5208f9c810, EFLAGS=0x0000000000010202, CSGSFS=0x0000000000000033, ERR=0x0000000000000004
  TRAPNO=0x000000000000000e

Top of Stack: (sp=0x00007f51ecbd3680)
0x00007f51ecbd3680:   0000000000000000 0000000000000000
0x00007f51ecbd3690:   0000000000000000 0000000000000000
0x00007f51ecbd36a0:   0000000000000000 0000000000000000
0x00007f51ecbd36b0:   0000000000000000 00005606ec213fa0
0x00007f51ecbd36c0:   00007f51ecbd3710 0000000000000000
0x00007f51ecbd36d0:   00005606ec213fe0 00007f51ebe69ec9
0x00007f51ecbd36e0:   0000000000000000 00005606ea3b8160
0x00007f51ecbd36f0:   0000000000000000 00007f51ecbd3760
0x00007f51ecbd3700:   00007f51ecbd3ae0 00007f52091d5ae8
0x00007f51ecbd3710:   0000000000000000 00007f5207dccf41
0x00007f51ecbd3720:   0000000000000000 00007f51ecbd3ae0
0x00007f51ecbd3730:   0000000000000000 00007f5208f9b6c2
0x00007f51ecbd3740:   0000000000000000 0000000000000000
0x00007f51ecbd3750:   0000000000017000 00007f5208f9d5b1
0x00007f51ecbd3760:   0000000000000002 00007f51ecbd3ac0
0x00007f51ecbd3770:   00007f51ecbd3790 0000000000000000
0x00007f51ecbd3780:   0000000000000000 0000000000000000
0x00007f51ecbd3790:   0000000000000002 0000000000000000
0x00007f51ecbd37a0:   0000000000000000 0000000000000000
0x00007f51ecbd37b0:   0000000000000000 0000000000000000
0x00007f51ecbd37c0:   0000000000000000 0000000000000000
0x00007f51ecbd37d0:   0000000000000000 0000000000000000
0x00007f51ecbd37e0:   0000000000000000 0000000000000000
0x00007f51ecbd37f0:   0000000000000000 0000000000000000
0x00007f51ecbd3800:   0000000000000000 0000000000000000
0x00007f51ecbd3810:   0000000000000000 0000000000000000
0x00007f51ecbd3820:   0000000000000000 0000000000000000
0x00007f51ecbd3830:   0000000000000000 0000000000000000
0x00007f51ecbd3840:   0000000000000000 0000000000000000
0x00007f51ecbd3850:   0000000000000000 0000000000000000
0x00007f51ecbd3860:   0000000000000000 0000000000000000
0x00007f51ecbd3870:   0000000000000000 0000000000000000 

Instructions: (pc=0x00007f5208f9c810)
0x00007f5208f9c7f0:   31 d2 31 c0 4c 89 e6 bf 0f 00 00 00 e8 65 d8 fc
0x00007f5208f9c800:   ff 85 c0 89 c3 74 7e e8 25 a7 fc ff 8b 18 eb 75
0x00007f5208f9c810:   8b 4d 38 48 8d 5c 24 0e 48 8d 15 f2 92 03 00 be
0x00007f5208f9c820:   22 00 00 00 31 c0 48 89 df e8 35 68 ff ff 48 8d 

Register to memory mapping:

RAX=0x00007f51ecbd3ae0 is an unknown value
RBX=0x0000000000000022 is an unknown value
RCX=0x0000000000000000 is an unknown value
RDX=0x0000000000000000 is an unknown value
RSP=0x00007f51ecbd3680 is an unknown value
RBP=0x0000000000000000 is an unknown value
RSI=0x0000000000000000 is an unknown value
RDI=0xff73725e6f6c7463 is an unknown value
R8 =0x0000000000000000 is an unknown value
R9 =0x8080808080808080 is an unknown value
R10=0xfefefefefefefeff is an unknown value
R11=0x0000000000000212 is an unknown value
R12=0x00005606ec16c578 is an unknown value
R13=0x000000000000000f is an unknown value
R14=0x00007f51ecbd3ae0 is an unknown value
R15=0x00007f52091d5ae8: __utc+0x1fff68 in /lib/ld-musl-x86_64.so.1 at 0x00007f5208f49000


Stack: [0x00007f51ecbbf000,0x00007f51ecbd3760],  sp=0x00007f51ecbd3680,  free space=81k
Native frames: (J=compiled Java code, j=interpreted, Vv=VM code, C=native code)
C  [ld-musl-x86_64.so.1+0x53810]  pthread_setname_np+0x5e

[error occurred during error reporting (printing native stack), id 0xb]


---------------  P R O C E S S  ---------------

VM state:not at safepoint (normal execution)

VM Mutex/Monitor currently owned by a thread: None

heap address: 0x0000000080000000, size: 2048 MB, Compressed Oops mode: 32-bit
Narrow klass base: 0x0000000000000000, Narrow klass shift: 3
Compressed class space size: 1073741824 Address: 0x0000000100000000

Heap:
 PSYoungGen      total 611840K, used 101980K [0x00000000d5580000, 0x0000000100000000, 0x0000000100000000)
  eden space 524800K, 19% used [0x00000000d5580000,0x00000000db9173b8,0x00000000f5600000)
  from space 87040K, 0% used [0x00000000f5600000,0x00000000f5600000,0x00000000fab00000)
  to   space 87040K, 0% used [0x00000000fab00000,0x00000000fab00000,0x0000000100000000)
 ParOldGen       total 864768K, used 14259K [0x0000000080000000, 0x00000000b4c80000, 0x00000000d5580000)
  object space 864768K, 1% used [0x0000000080000000,0x0000000080decf88,0x00000000b4c80000)
 Metaspace       used 27237K, capacity 27482K, committed 27776K, reserved 1073152K
  class space    used 3317K, capacity 3412K, committed 3456K, reserved 1048576K

Card table byte_map: [0x00007f51f7cf5000,0x00007f51f80f6000] byte_map_base: 0x00007f51f78f5000

Marking Bits: (ParMarkBitMap*) 0x00007f5208b07200
 Begin Bits: [0x00007f51f3846000, 0x00007f51f5846000)
 End Bits:   [0x00007f51f5846000, 0x00007f51f7846000)

Polling page: 0x00007f52090d2000

CodeCache: size=245760Kb used=7549Kb max_used=7563Kb free=238210Kb
 bounds [0x00007f51f84b6000, 0x00007f51f8c26000, 0x00007f52074b6000]
 total_blobs=3216 nmethods=2725 adapters=405
 compilation: enabled

Compilation events (10 events):
Event: 4.573 Thread 0x00005606ea354000 2787       4       com.ctc.wstx.io.WstxInputData::isNameChar (89 bytes)
Event: 4.574 Thread 0x00005606ea354000 nmethod 2787 0x00007f51f8c1af10 code [0x00007f51f8c1b060, 0x00007f51f8c1b158]
Event: 4.574 Thread 0x00005606ea354000 2790       4       java.lang.Number::<init> (5 bytes)
Event: 4.575 Thread 0x00005606ea354000 nmethod 2790 0x00007f51f8be3690 code [0x00007f51f8be37e0, 0x00007f51f8be3838]
Event: 4.575 Thread 0x00005606ea354000 2776       4       java.util.ArrayList::isEmpty (13 bytes)
Event: 4.575 Thread 0x00005606ea354000 nmethod 2776 0x00007f51f8c1b250 code [0x00007f51f8c1b3a0, 0x00007f51f8c1b418]
Event: 4.575 Thread 0x00005606ea354000 2782 % !   4       java.util.concurrent.ConcurrentHashMap::transfer @ 99 (832 bytes)
Event: 4.595 Thread 0x00005606ea354000 nmethod 2782% 0x00007f51f8c10e90 code [0x00007f51f8c11040, 0x00007f51f8c11dc8]
Event: 4.595 Thread 0x00005606ea354000 2780       4       com.ctc.wstx.sr.StreamScanner::markLF (16 bytes)
Event: 4.596 Thread 0x00005606ea354000 nmethod 2780 0x00007f51f8c1acd0 code [0x00007f51f8c1ae20, 0x00007f51f8c1ae78]

GC Heap History (4 events):
Event: 2.529 GC heap before
{Heap before GC invocations=1 (full 0):
 PSYoungGen      total 611840K, used 293913K [0x00000000d5580000, 0x0000000100000000, 0x0000000100000000)
  eden space 524800K, 56% used [0x00000000d5580000,0x00000000e7486678,0x00000000f5600000)
  from space 87040K, 0% used [0x00000000fab00000,0x00000000fab00000,0x0000000100000000)
  to   space 87040K, 0% used [0x00000000f5600000,0x00000000f5600000,0x00000000fab00000)
 ParOldGen       total 1398272K, used 0K [0x0000000080000000, 0x00000000d5580000, 0x00000000d5580000)
  object space 1398272K, 0% used [0x0000000080000000,0x0000000080000000,0x00000000d5580000)
 Metaspace       used 20884K, capacity 21100K, committed 21296K, reserved 1069056K
  class space    used 2575K, capacity 2673K, committed 2688K, reserved 1048576K
Event: 2.582 GC heap after
Heap after GC invocations=1 (full 0):
 PSYoungGen      total 611840K, used 15002K [0x00000000d5580000, 0x0000000100000000, 0x0000000100000000)
  eden space 524800K, 0% used [0x00000000d5580000,0x00000000d5580000,0x00000000f5600000)
  from space 87040K, 17% used [0x00000000f5600000,0x00000000f64a6aa0,0x00000000fab00000)
  to   space 87040K, 0% used [0x00000000fab00000,0x00000000fab00000,0x0000000100000000)
 ParOldGen       total 1398272K, used 24K [0x0000000080000000, 0x00000000d5580000, 0x00000000d5580000)
  object space 1398272K, 0% used [0x0000000080000000,0x0000000080006000,0x00000000d5580000)
 Metaspace       used 20884K, capacity 21100K, committed 21296K, reserved 1069056K
  class space    used 2575K, capacity 2673K, committed 2688K, reserved 1048576K
}
Event: 2.582 GC heap before
{Heap before GC invocations=2 (full 1):
 PSYoungGen      total 611840K, used 15002K [0x00000000d5580000, 0x0000000100000000, 0x0000000100000000)
  eden space 524800K, 0% used [0x00000000d5580000,0x00000000d5580000,0x00000000f5600000)
  from space 87040K, 17% used [0x00000000f5600000,0x00000000f64a6aa0,0x00000000fab00000)
  to   space 87040K, 0% used [0x00000000fab00000,0x00000000fab00000,0x0000000100000000)
 ParOldGen       total 1398272K, used 24K [0x0000000080000000, 0x00000000d5580000, 0x00000000d5580000)
  object space 1398272K, 0% used [0x0000000080000000,0x0000000080006000,0x00000000d5580000)
 Metaspace       used 20884K, capacity 21100K, committed 21296K, reserved 1069056K
  class space    used 2575K, capacity 2673K, committed 2688K, reserved 1048576K
Event: 2.671 GC heap after
Heap after GC invocations=2 (full 1):
 PSYoungGen      total 611840K, used 0K [0x00000000d5580000, 0x0000000100000000, 0x0000000100000000)
  eden space 524800K, 0% used [0x00000000d5580000,0x00000000d5580000,0x00000000f5600000)
  from space 87040K, 0% used [0x00000000f5600000,0x00000000f5600000,0x00000000fab00000)
  to   space 87040K, 0% used [0x00000000fab00000,0x00000000fab00000,0x0000000100000000)
 ParOldGen       total 864768K, used 14259K [0x0000000080000000, 0x00000000b4c80000, 0x00000000d5580000)
  object space 864768K, 1% used [0x0000000080000000,0x0000000080decf88,0x00000000b4c80000)
 Metaspace       used 20880K, capacity 21094K, committed 21296K, reserved 1069056K
  class space    used 2575K, capacity 2672K, committed 2688K, reserved 1048576K
}

Deoptimization events (10 events):
Event: 1.164 Thread 0x00005606ea20d800 Uncommon trap: reason=range_check action=make_not_entrant pc=0x00007f51f87f0ac0 method=sun.reflect.generics.parser.SignatureParser.current()C @ 34
Event: 1.696 Thread 0x00005606ea20d800 Uncommon trap: reason=class_check action=maybe_recompile pc=0x00007f51f88b6658 method=net.bytebuddy.description.type.TypeDefinition$Sort.describe(Ljava/lang/reflect/Type;Lnet/bytebuddy/description/type/TypeDescription$Generic$AnnotationReader;)Lnet/bytebu
Event: 1.712 Thread 0x00005606ea20d800 Uncommon trap: reason=unstable_if action=reinterpret pc=0x00007f51f894fc48 method=net.bytebuddy.jar.asm.ClassVisitor.visitInnerClass(Ljava/lang/String;Ljava/lang/String;Ljava/lang/String;I)V @ 4
Event: 2.808 Thread 0x00005606ea20d800 Uncommon trap: reason=bimorphic action=maybe_recompile pc=0x00007f51f8ac531c method=java.lang.ThreadLocal.get()Ljava/lang/Object; @ 6
Event: 3.075 Thread 0x00005606ea20d800 Uncommon trap: reason=bimorphic action=maybe_recompile pc=0x00007f51f8ac531c method=java.lang.ThreadLocal.get()Ljava/lang/Object; @ 6
Event: 3.123 Thread 0x00005606ea20d800 Uncommon trap: reason=bimorphic action=maybe_recompile pc=0x00007f51f8ac531c method=java.lang.ThreadLocal.get()Ljava/lang/Object; @ 6
Event: 3.123 Thread 0x00005606ea20d800 Uncommon trap: reason=unstable_if action=reinterpret pc=0x00007f51f8ac706c method=java.lang.ThreadLocal$ThreadLocalMap.getEntry(Ljava/lang/ThreadLocal;)Ljava/lang/ThreadLocal$ThreadLocalMap$Entry; @ 29
Event: 3.123 Thread 0x00005606ea20d800 Uncommon trap: reason=bimorphic action=maybe_recompile pc=0x00007f51f8ac531c method=java.lang.ThreadLocal.get()Ljava/lang/Object; @ 6
Event: 3.397 Thread 0x00005606ea614800 Uncommon trap: reason=unstable_if action=reinterpret pc=0x00007f51f8ac1c58 method=java.lang.ref.SoftReference.get()Ljava/lang/Object; @ 17
Event: 4.506 Thread 0x00005606ea20d800 Uncommon trap: reason=unstable_if action=reinterpret pc=0x00007f51f8b32960 method=com.ctc.wstx.sr.BasicStreamReader.readTextPrimary(C)Z @ 24

Classes redefined (10 events):
Event: 1.737 Thread 0x00005606ea310000 redefined class name=org.apache.hadoop.ozone.om.OzoneManager, count=1
Event: 1.742 Thread 0x00005606ea310000 redefined class name=java.lang.Object, count=1
Event: 1.744 Thread 0x00005606ea310000 redefined class name=java.io.Closeable, count=2
Event: 1.745 Thread 0x00005606ea310000 redefined class name=org.apache.hadoop.ozone.om.protocol.OzoneManagerHAProtocol, count=2
Event: 1.746 Thread 0x00005606ea310000 redefined class name=org.apache.hadoop.hdds.server.ServiceRuntimeInfoImpl, count=2
Event: 1.747 Thread 0x00005606ea310000 redefined class name=org.apache.hadoop.ozone.om.OMMXBean, count=2
Event: 1.748 Thread 0x00005606ea310000 redefined class name=org.apache.hadoop.ozone.om.protocol.OzoneManagerProtocol, count=2
Event: 1.749 Thread 0x00005606ea310000 redefined class name=org.apache.hadoop.ozone.audit.Auditor, count=2
Event: 1.750 Thread 0x00005606ea310000 redefined class name=org.apache.hadoop.ozone.om.protocol.OzoneManagerServerProtocol, count=2
Event: 4.290 Thread 0x00005606ea310000 redefined class name=org.apache.hadoop.ozone.audit.AuditLogger, count=2

Internal exceptions (10 events):
Event: 1.090 Thread 0x00005606ea20d800 Exception <a 'java/lang/ArrayIndexOutOfBoundsException'> (0x00000000de069a80) thrown at [/home/buildozer/aports/community/openjdk8/src/icedtea-3.12.0/openjdk/hotspot/src/share/vm/runtime/sharedRuntime.cpp, line 613]
Event: 1.096 Thread 0x00005606ea20d800 Exception <a 'java/lang/ArrayIndexOutOfBoundsException'> (0x00000000de13c498) thrown at [/home/buildozer/aports/community/openjdk8/src/icedtea-3.12.0/openjdk/hotspot/src/share/vm/runtime/sharedRuntime.cpp, line 613]
Event: 1.164 Thread 0x00005606ea20d800 Exception <a 'java/lang/ArrayIndexOutOfBoundsException': 126> (0x00000000deaa1200) thrown at [/home/buildozer/aports/community/openjdk8/src/icedtea-3.12.0/openjdk/hotspot/src/share/vm/interpreter/interpreterRuntime.cpp, line 371]
Event: 1.166 Thread 0x00005606ea20d800 Exception <a 'java/lang/ArrayIndexOutOfBoundsException': 103> (0x00000000deabd778) thrown at [/home/buildozer/aports/community/openjdk8/src/icedtea-3.12.0/openjdk/hotspot/src/share/vm/interpreter/interpreterRuntime.cpp, line 371]
Event: 2.247 Thread 0x00005606ea20d800 Exception <a 'java/lang/ArrayIndexOutOfBoundsException'> (0x00000000e45801b8) thrown at [/home/buildozer/aports/community/openjdk8/src/icedtea-3.12.0/openjdk/hotspot/src/share/vm/runtime/sharedRuntime.cpp, line 613]
Event: 2.248 Thread 0x00005606ea20d800 Exception <a 'java/lang/ArrayIndexOutOfBoundsException'> (0x00000000e4587088) thrown at [/home/buildozer/aports/community/openjdk8/src/icedtea-3.12.0/openjdk/hotspot/src/share/vm/runtime/sharedRuntime.cpp, line 613]
Event: 2.256 Thread 0x00005606ea20d800 Exception <a 'java/lang/ArrayIndexOutOfBoundsException'> (0x00000000e45b9128) thrown at [/home/buildozer/aports/community/openjdk8/src/icedtea-3.12.0/openjdk/hotspot/src/share/vm/runtime/sharedRuntime.cpp, line 613]
Event: 2.257 Thread 0x00005606ea20d800 Exception <a 'java/lang/ArrayIndexOutOfBoundsException'> (0x00000000e45bdd98) thrown at [/home/buildozer/aports/community/openjdk8/src/icedtea-3.12.0/openjdk/hotspot/src/share/vm/runtime/sharedRuntime.cpp, line 613]
Event: 2.264 Thread 0x00005606ea20d800 Exception <a 'java/lang/ArrayIndexOutOfBoundsException'> (0x00000000e45f3e88) thrown at [/home/buildozer/aports/community/openjdk8/src/icedtea-3.12.0/openjdk/hotspot/src/share/vm/runtime/sharedRuntime.cpp, line 613]
Event: 2.270 Thread 0x00005606ea20d800 Exception <a 'java/lang/ArrayIndexOutOfBoundsException'> (0x00000000e4628ba0) thrown at [/home/buildozer/aports/community/openjdk8/src/icedtea-3.12.0/openjdk/hotspot/src/share/vm/runtime/sharedRuntime.cpp, line 613]

Events (10 events):
Event: 4.517 Thread 0x00005606ea20d800 DEOPT PACKING pc=0x00007f51f8bf3e22 sp=0x00007f52091d3e50
Event: 4.517 Thread 0x00005606ea20d800 DEOPT UNPACKING pc=0x00007f51f84fd4c4 sp=0x00007f52091d3be8 mode 0
Event: 4.520 Thread 0x00005606ea20d800 DEOPT PACKING pc=0x00007f51f8bf3e22 sp=0x00007f52091d3e50
Event: 4.520 Thread 0x00005606ea20d800 DEOPT UNPACKING pc=0x00007f51f84fd4c4 sp=0x00007f52091d3be8 mode 0
Event: 4.521 Thread 0x00005606ea20d800 DEOPT PACKING pc=0x00007f51f8bf3e22 sp=0x00007f52091d3e50
Event: 4.521 Thread 0x00005606ea20d800 DEOPT UNPACKING pc=0x00007f51f84fd4c4 sp=0x00007f52091d3be8 mode 0
Event: 4.523 Thread 0x00005606ea20d800 DEOPT PACKING pc=0x00007f51f8bf3e22 sp=0x00007f52091d3e50
Event: 4.523 Thread 0x00005606ea20d800 DEOPT UNPACKING pc=0x00007f51f84fd4c4 sp=0x00007f52091d3be8 mode 0
Event: 4.525 Thread 0x00005606ea20d800 DEOPT PACKING pc=0x00007f51f8bf3e22 sp=0x00007f52091d3e50
Event: 4.525 Thread 0x00005606ea20d800 DEOPT UNPACKING pc=0x00007f51f84fd4c4 sp=0x00007f52091d3be8 mode 0


Dynamic libraries:
80000000-b4c80000 rw-p 00000000 00:00 0 
b4c80000-d5580000 ---p 00000000 00:00 0 
d5580000-100360000 rw-p 00000000 00:00 0 
100360000-140000000 ---p 00000000 00:00 0 
5606e9298000-5606e9299000 r-xp 00000000 fd:02 324731594                  /usr/lib/jvm/java-1.8-openjdk/jre/bin/java
5606e9498000-5606e9499000 r--p 00000000 fd:02 324731594                  /usr/lib/jvm/java-1.8-openjdk/jre/bin/java
5606e9499000-5606e949a000 rw-p 00001000 fd:02 324731594                  /usr/lib/jvm/java-1.8-openjdk/jre/bin/java
5606ea1f6000-5606ec28d000 rw-p 00000000 00:00 0                          [heap]
7f51eb57b000-7f51eb73b000 rw-p 00000000 00:00 0 
7f51eb73b000-7f51eb77b000 ---p 00000000 00:00 0 
7f51eb77b000-7f51eb9ea000 rw-p 00000000 00:00 0 
7f51eb9ea000-7f51ebc10000 r-xp 00000000 fd:02 324864674                  /usr/glibc-compat/lib/ld-2.28.so
7f51ebc10000-7f51ebc11000 r--p 00026000 fd:02 324864674                  /usr/glibc-compat/lib/ld-2.28.so
7f51ebc11000-7f51ebc12000 rw-p 00027000 fd:02 324864674                  /usr/glibc-compat/lib/ld-2.28.so
7f51ebc12000-7f51ebc13000 rw-p 00000000 00:00 0 
7f51ebc13000-7f51ec4ab000 r-xp 00000000 fd:02 260378518                  /tmp/librocksdbjni2281551114656425972.so
7f51ec4ab000-7f51ec4bc000 r--p 00698000 fd:02 260378518                  /tmp/librocksdbjni2281551114656425972.so
7f51ec4bc000-7f51ec4c5000 rw-p 006a9000 fd:02 260378518                  /tmp/librocksdbjni2281551114656425972.so
7f51ec4c5000-7f51ec6cb000 rw-p 00000000 00:00 0 
7f51ec6cb000-7f51ec8cb000 rw-p 00000000 00:00 0 
7f51ec8cb000-7f51ecacb000 rw-p 00000000 00:00 0 
7f51ecba6000-7f51ecba8000 ---p 00000000 00:00 0 
7f51ecba8000-7f51ecbbd000 rw-p 00000000 00:00 0 
7f51ecbbd000-7f51ecbbf000 ---p 00000000 00:00 0 
7f51ecbbf000-7f51ecbd4000 rw-p 00000000 00:00 0 
7f51ecbd4000-7f51ecbd6000 ---p 00000000 00:00 0 
7f51ecbd6000-7f51ecbeb000 rw-p 00000000 00:00 0 
7f51ecbeb000-7f51ecbed000 ---p 00000000 00:00 0 
7f51ecbed000-7f51ecc02000 rw-p 00000000 00:00 0 
7f51ecc02000-7f51ecc04000 ---p 00000000 00:00 0 
7f51ecc04000-7f51ecc19000 rw-p 00000000 00:00 0 
7f51ecc19000-7f51ecc1b000 ---p 00000000 00:00 0 
7f51ecc1b000-7f51ecc30000 rw-p 00000000 00:00 0 
7f51ecc30000-7f51ecc32000 ---p 00000000 00:00 0 
7f51ecc32000-7f51ece47000 rw-p 00000000 00:00 0 
7f51ece47000-7f51ed047000 rw-p 00000000 00:00 0 
7f51ed047000-7f51ed247000 rw-p 00000000 00:00 0 
7f51ed247000-7f51ed447000 rw-p 00000000 00:00 0 
7f51ed447000-7f51ed650000 r-xp 00000000 fd:02 324731617                  /usr/lib/jvm/java-1.8-openjdk/jre/lib/amd64/libinstrument.so
7f51ed650000-7f51ed651000 r--p 00009000 fd:02 324731617                  /usr/lib/jvm/java-1.8-openjdk/jre/lib/amd64/libinstrument.so
7f51ed651000-7f51ed652000 rw-p 0000a000 fd:02 324731617                  /usr/lib/jvm/java-1.8-openjdk/jre/lib/amd64/libinstrument.so
7f51ed652000-7f51ed655000 ---p 00000000 00:00 0 
7f51ed655000-7f51ed753000 rw-p 00000000 00:00 0 
7f51ed753000-7f51ed955000 r-xp 00000000 fd:02 324731610                  /usr/lib/jvm/java-1.8-openjdk/jre/lib/amd64/libattach.so
7f51ed955000-7f51ed956000 r--p 00002000 fd:02 324731610                  /usr/lib/jvm/java-1.8-openjdk/jre/lib/amd64/libattach.so
7f51ed956000-7f51ed957000 rw-p 00003000 fd:02 324731610                  /usr/lib/jvm/java-1.8-openjdk/jre/lib/amd64/libattach.so
7f51ed96c000-7f51ed96e000 ---p 00000000 00:00 0 
7f51ed96e000-7f51ed983000 rw-p 00000000 00:00 0 
7f51ed983000-7f51ed985000 ---p 00000000 00:00 0 
7f51ed985000-7f51ed99a000 rw-p 00000000 00:00 0 
7f51ed99a000-7f51ed99c000 ---p 00000000 00:00 0 
7f51ed99c000-7f51ed9b1000 rw-p 00000000 00:00 0 
7f51ed9b1000-7f51ed9b3000 ---p 00000000 00:00 0 
7f51ed9b3000-7f51ed9c8000 rw-p 00000000 00:00 0 
7f51ed9c8000-7f51edbd9000 r-xp 00000000 fd:02 324731637                  /usr/lib/jvm/java-1.8-openjdk/jre/lib/amd64/libnio.so
7f51edbd9000-7f51edbda000 r--p 00011000 fd:02 324731637                  /usr/lib/jvm/java-1.8-openjdk/jre/lib/amd64/libnio.so
7f51edbda000-7f51edbdb000 rw-p 00012000 fd:02 324731637                  /usr/lib/jvm/java-1.8-openjdk/jre/lib/amd64/libnio.so
7f51edbdb000-7f51f0bdc000 rw-p 00000000 00:00 0 
7f51f0bdc000-7f51f0df2000 r-xp 00000000 fd:02 324731636                  /usr/lib/jvm/java-1.8-openjdk/jre/lib/amd64/libnet.so
7f51f0df2000-7f51f0df3000 r--p 00016000 fd:02 324731636                  /usr/lib/jvm/java-1.8-openjdk/jre/lib/amd64/libnet.so
7f51f0df3000-7f51f0df4000 rw-p 00017000 fd:02 324731636                  /usr/lib/jvm/java-1.8-openjdk/jre/lib/amd64/libnet.so
7f51f0e07000-7f51f0e09000 ---p 00000000 00:00 0 
7f51f0e09000-7f51f0e1e000 rw-p 00000000 00:00 0 
7f51f0e1e000-7f51f0e39000 r--s 001d6000 fd:02 324731666                  /usr/lib/jvm/java-1.8-openjdk/jre/lib/ext/nashorn.jar
7f51f0e39000-7f51f0e3a000 r--s 00000000 fd:02 260378517                  /tmp/mockitoboot4788447691116727442.jar
7f51f0e3b000-7f51f0e3e000 r--s 00025000 fd:02 326566784                  /home/user/.m2/repository/org/apache/maven/shared/maven-shared-utils/3.1.0/maven-shared-utils-3.1.0.jar
7f51f0e3e000-7f51f0e42000 r--s 00058000 fd:02 324731685                  /usr/lib/jvm/java-1.8-openjdk/jre/lib/jsse.jar
7f51f0e42000-7f51f0e45000 ---p 00000000 00:00 0 
7f51f0e45000-7f51f0e7c000 rw-p 00000000 00:00 0 
7f51f0e7c000-7f51f0e7d000 r--s 00006000 fd:02 261293310                  /home/user/.m2/repository/org/apache/maven/surefire/common-junit4/3.0.0-M1/common-junit4-3.0.0-M1.jar
7f51f0e7d000-7f51f0e7e000 r--s 00002000 fd:02 261293307                  /home/user/.m2/repository/org/apache/maven/surefire/common-junit3/3.0.0-M1/common-junit3-3.0.0-M1.jar
7f51f0e7e000-7f51f0e7f000 r--s 00007000 fd:02 261293309                  /home/user/.m2/repository/org/apache/maven/surefire/common-java5/3.0.0-M1/common-java5-3.0.0-M1.jar
7f51f0e7f000-7f51f0e81000 r--s 00003000 fd:02 261293273                  /home/user/.m2/repository/org/apache/maven/surefire/surefire-junit4/3.0.0-M1/surefire-junit4-3.0.0-M1.jar
7f51f0e81000-7f51f0e8d000 r--s 000ae000 fd:02 326697815                  /home/user/.m2/repository/org/jmockit/jmockit/1.24/jmockit-1.24.jar
7f51f0e8d000-7f51f0e8f000 r--s 00009000 fd:02 326697701                  /home/user/.m2/repository/org/hamcrest/hamcrest-core/1.3/hamcrest-core-1.3.jar
7f51f0e8f000-7f51f0e95000 r--s 00036000 fd:02 326369950                  /home/user/.m2/repository/junit/junit/4.11/junit-4.11.jar
7f51f0e95000-7f51f0e9b000 r--s 00045000 fd:02 326697692                  /home/user/.m2/repository/org/hamcrest/hamcrest-all/1.3/hamcrest-all-1.3.jar
7f51f0e9b000-7f51f0e9f000 r--s 0001e000 fd:02 326369382                  /home/user/.m2/repository/io/dropwizard/metrics/metrics-core/3.2.4/metrics-core-3.2.4.jar
7f51f0e9f000-7f51f0ea4000 r--s 00047000 fd:02 326369341                  /home/user/.m2/repository/dnsjava/dnsjava/2.1.7/dnsjava-2.1.7.jar
7f51f0ea4000-7f51f0eaa000 r--s 00078000 fd:02 326239181                  /home/user/.m2/repository/com/fasterxml/woodstox/woodstox-core/5.0.3/woodstox-core-5.0.3.jar
7f51f0eaa000-7f51f0eae000 r--s 00024000 fd:02 326697218                  /home/user/.m2/repository/org/codehaus/woodstox/stax2-api/3.1.4/stax2-api-3.1.4.jar
7f51f0eae000-7f51f0eb2000 r--s 0004c000 fd:02 261293267                  /home/user/.m2/repository/com/fasterxml/jackson/core/jackson-core/2.9.9/jackson-core-2.9.9.jar
7f51f0eb2000-7f51f0ec5000 r--s 00137000 fd:02 261293263                  /home/user/.m2/repository/com/fasterxml/jackson/core/jackson-databind/2.9.9/jackson-databind-2.9.9.jar
7f51f0ec5000-7f51f0ec7000 r--s 00006000 fd:02 326435713                  /home/user/.m2/repository/org/apache/kerby/kerby-xdr/1.0.1/kerby-xdr-1.0.1.jar
7f51f0ec7000-7f51f0ec8000 r--s 00004000 fd:02 326435617                  /home/user/.m2/repository/org/apache/kerby/kerb-identity/1.0.1/kerb-identity-1.0.1.jar
7f51f0ec8000-7f51f0ecb000 r--s 00012000 fd:02 326435626                  /home/user/.m2/repository/org/apache/kerby/kerb-server/1.0.1/kerb-server-1.0.1.jar
7f51f0ecb000-7f51f0ece000 r--s 00011000 fd:02 326435572                  /home/user/.m2/repository/org/apache/kerby/kerb-admin/1.0.1/kerb-admin-1.0.1.jar
7f51f0ece000-7f51f0ecf000 r--s 00004000 fd:02 326435722                  /home/user/.m2/repository/org/apache/kerby/token-provider/1.0.1/token-provider-1.0.1.jar
7f51f0ecf000-7f51f0ed0000 r--s 00008000 fd:02 326435644                  /home/user/.m2/repository/org/apache/kerby/kerb-util/1.0.1/kerb-util-1.0.1.jar
7f51f0ed0000-7f51f0ed4000 r--s 00019000 fd:02 326435608                  /home/user/.m2/repository/org/apache/kerby/kerb-crypto/1.0.1/kerb-crypto-1.0.1.jar
7f51f0ed4000-7f51f0ed6000 r--s 0000e000 fd:02 326435590                  /home/user/.m2/repository/org/apache/kerby/kerb-common/1.0.1/kerb-common-1.0.1.jar
7f51f0ed6000-7f51f0ed7000 r--s 00009000 fd:02 326435704                  /home/user/.m2/repository/org/apache/kerby/kerby-util/1.0.1/kerby-util-1.0.1.jar
7f51f0ed7000-7f51f0ed9000 r--s 00017000 fd:02 326435659                  /home/user/.m2/repository/org/apache/kerby/kerby-asn1/1.0.1/kerby-asn1-1.0.1.jar
7f51f0ed9000-7f51f0ee0000 r--s 0002b000 fd:02 326435689                  /home/user/.m2/repository/org/apache/kerby/kerby-pkix/1.0.1/kerby-pkix-1.0.1.jar
7f51f0ee0000-7f51f0ee7000 r--s 00031000 fd:02 326435599                  /home/user/.m2/repository/org/apache/kerby/kerb-core/1.0.1/kerb-core-1.0.1.jar
7f51f0ee7000-7f51f0ee9000 r--s 00006000 fd:02 326435674                  /home/user/.m2/repository/org/apache/kerby/kerby-config/1.0.1/kerby-config-1.0.1.jar
7f51f0ee9000-7f51f0eec000 r--s 00019000 fd:02 326435581                  /home/user/.m2/repository/org/apache/kerby/kerb-client/1.0.1/kerb-client-1.0.1.jar
7f51f0eec000-7f51f0eed000 r--s 00004000 fd:02 326435635                  /home/user/.m2/repository/org/apache/kerby/kerb-simplekdc/1.0.1/kerb-simplekdc-1.0.1.jar
7f51f0eed000-7f51f0eee000 r--s 00004000 fd:02 326631776                  /home/user/.m2/repository/org/apache/yetus/audience-annotations/0.5.0/audience-annotations-0.5.0.jar
7f51f0eee000-7f51f0efb000 r--s 000d1000 fd:02 326631792                  /home/user/.m2/repository/org/apache/zookeeper/zookeeper/3.4.13/zookeeper-3.4.13.jar
7f51f0efb000-7f51f0f15000 r--s 00155000 fd:02 326435444                  /home/user/.m2/repository/org/apache/htrace/htrace-core4/4.1.0-incubating/htrace-core4-4.1.0-incubating.jar
7f51f0f15000-7f51f0f1d000 r--s 0003e000 fd:02 326435187                  /home/user/.m2/repository/org/apache/curator/curator-recipes/2.12.0/curator-recipes-2.12.0.jar
7f51f0f1d000-7f51f0f54000 r--s 00219000 fd:02 326435169                  /home/user/.m2/repository/org/apache/curator/curator-client/2.12.0/curator-client-2.12.0.jar
7f51f0f54000-7f51f0f59000 r--s 00040000 fd:02 326303845                  /home/user/.m2/repository/com/jcraft/jsch/0.1.54/jsch-0.1.54.jar
7f51f0f59000-7f51f0f5f000 r--s 0002c000 fd:02 326435178                  /home/user/.m2/repository/org/apache/curator/curator-framework/2.12.0/curator-framework-2.12.0.jar
7f51f0f5f000-7f51f0f61000 r--s 00006000 fd:02 326370122                  /home/user/.m2/repository/net/minidev/accessors-smart/1.2/accessors-smart-1.2.jar
7f51f0f61000-7f51f0f64000 r--s 0001b000 fd:02 326370131                  /home/user/.m2/repository/net/minidev/json-smart/2.3/json-smart-2.3.jar
7f51f0f64000-7f51f0f66000 r--s 00000000 fd:02 326239219                  /home/user/.m2/repository/com/github/stephenc/jcip/jcip-annotations/1.0-1/jcip-annotations-1.0-1.jar
7f51f0f66000-7f51f0f6c000 r--s 00044000 fd:02 326303891                  /home/user/.m2/repository/com/nimbusds/nimbus-jose-jwt/4.41.1/nimbus-jose-jwt-4.41.1.jar
7f51f0f6c000-7f51f0f6e000 r--s 00020000 fd:02 326435260                  /home/user/.m2/repository/org/apache/hadoop/hadoop-auth/3.2.0/hadoop-auth-3.2.0.jar
7f51f0f6e000-7f51f0f73000 r--s 0002a000 fd:02 326239293                  /home/user/.m2/repository/com/google/code/gson/gson/2.2.4/gson-2.2.4.jar
7f51f0f73000-7f51f0f75000 r--s 0001e000 fd:02 326303790                  /home/user/.m2/repository/com/google/re2j/re2j/1.1/re2j-1.1.jar
7f51f0f75000-7f51f0f77000 r--s 00130000 fd:02 326763462                  /home/user/.m2/repository/org/xerial/snappy/snappy-java/1.0.5/snappy-java-1.0.5.jar
7f51f0f77000-7f51f0f79000 r--s 00006000 fd:02 326304144                  /home/user/.m2/repository/com/thoughtworks/paranamer/paranamer/2.3/paranamer-2.3.jar
7f51f0f79000-7f51f0f82000 r--s 00062000 fd:02 326434906                  /home/user/.m2/repository/org/apache/avro/avro/1.7.7/avro-1.7.7.jar
7f51f0f82000-7f51f0f83000 r--s 00002000 fd:02 326763048                  /home/user/.m2/repository/org/slf4j/slf4j-log4j12/1.7.25/slf4j-log4j12-1.7.25.jar
7f51f0f83000-7f51f0f85000 r--s 00009000 fd:02 326763022                  /home/user/.m2/repository/org/slf4j/slf4j-api/1.7.25/slf4j-api-1.7.25.jar
7f51f0f85000-7f51f0f89000 r--s 00029000 fd:02 326435153                  /home/user/.m2/repository/org/apache/commons/commons-text/1.4/commons-text-1.4.jar
7f51f0f89000-7f51f0f91000 r--s 00072000 fd:02 326435017                  /home/user/.m2/repository/org/apache/commons/commons-lang3/3.7/commons-lang3-3.7.jar
7f51f0f91000-7f51f0f9d000 r--s 0008b000 fd:02 326434969                  /home/user/.m2/repository/org/apache/commons/commons-configuration2/2.1.1/commons-configuration2-2.1.1.jar
7f51f0f9d000-7f51f0fa2000 r--s 00038000 fd:02 261293261                  /home/user/.m2/repository/commons-beanutils/commons-beanutils/1.9.4/commons-beanutils-1.9.4.jar
7f51f0fa2000-7f51f0fab000 r--s 0006f000 fd:02 326369986                  /home/user/.m2/repository/log4j/log4j/1.2.17/log4j-1.2.17.jar
7f51f0fab000-7f51f0fad000 r--s 0000e000 fd:02 326304793                  /home/user/.m2/repository/commons-logging/commons-logging/1.1.3/commons-logging-1.1.3.jar
7f51f0fad000-7f51f0fbd000 r--s 0009c000 fd:02 326304061                  /home/user/.m2/repository/com/sun/jersey/jersey-server/1.19/jersey-server-1.19.jar
7f51f0fbd000-7f51f0fbe000 r--s 00006000 fd:02 326631958                  /home/user/.m2/repository/org/codehaus/jackson/jackson-xc/1.9.13/jackson-xc-1.9.13.jar
7f51f0fbe000-7f51f0fbf000 r--s 00004000 fd:02 326631940                  /home/user/.m2/repository/org/codehaus/jackson/jackson-jaxrs/1.9.13/jackson-jaxrs-1.9.13.jar
7f51f0fbf000-7f51f0fcd000 r--s 000b1000 fd:02 326631949                  /home/user/.m2/repository/org/codehaus/jackson/jackson-mapper-asl/1.9.13/jackson-mapper-asl-1.9.13.jar
7f51f0fcd000-7f51f0fd1000 r--s 00035000 fd:02 326631931                  /home/user/.m2/repository/org/codehaus/jackson/jackson-core-asl/1.9.13/jackson-core-asl-1.9.13.jar
7f51f0fd1000-7f51f0fe3000 r--s 000d9000 fd:02 326304120                  /home/user/.m2/repository/com/sun/xml/bind/jaxb-impl/2.3.0.1/jaxb-impl-2.3.0.1.jar
7f51f0fe3000-7f51f0fe5000 r--s 0000f000 fd:02 326631968                  /home/user/.m2/repository/org/codehaus/jettison/jettison/1.1/jettison-1.1.jar
7f51f0fe5000-7f51f0fe9000 r--s 00025000 fd:02 326304046                  /home/user/.m2/repository/com/sun/jersey/jersey-json/1.19/jersey-json-1.19.jar
7f51f0fe9000-7f51f0fed000 r--s 0001c000 fd:02 326304070                  /home/user/.m2/repository/com/sun/jersey/jersey-servlet/1.19/jersey-servlet-1.19.jar
7f51f0fed000-7f51f0fef000 r--s 0000a000 fd:02 326369871                  /home/user/.m2/repository/javax/ws/rs/jsr311-api/1.1.1/jsr311-api-1.1.1.jar
7f51f0fef000-7f51f0ff9000 r--s 00061000 fd:02 326304037                  /home/user/.m2/repository/com/sun/jersey/jersey-core/1.19/jersey-core-1.19.jar
7f51f0ff9000-7f51f0ffc000 r--s 00016000 fd:02 326369827                  /home/user/.m2/repository/javax/servlet/jsp/jsp-api/2.1/jsp-api-2.1.jar
7f51f0ffc000-7f51f0ffd000 r--s 0000c000 fd:02 326697351                  /home/user/.m2/repository/org/eclipse/jetty/jetty-xml/9.3.24.v20180605/jetty-xml-9.3.24.v20180605.jar
7f51f0ffd000-7f51f1000000 r--s 0001a000 fd:02 326697342                  /home/user/.m2/repository/org/eclipse/jetty/jetty-webapp/9.3.24.v20180605/jetty-webapp-9.3.24.v20180605.jar
7f51f1000000-7f51f1003000 r--s 00015000 fd:02 326697297                  /home/user/.m2/repository/org/eclipse/jetty/jetty-security/9.3.24.v20180605/jetty-security-9.3.24.v20180605.jar
7f51f1003000-7f51f1006000 r--s 0001b000 fd:02 326697315                  /home/user/.m2/repository/org/eclipse/jetty/jetty-servlet/9.3.24.v20180605/jetty-servlet-9.3.24.v20180605.jar
7f51f1006000-7f51f100d000 r--s 00069000 fd:02 326697324                  /home/user/.m2/repository/org/eclipse/jetty/jetty-util/9.3.24.v20180605/jetty-util-9.3.24.v20180605.jar
7f51f100d000-7f51f1010000 r--s 0001b000 fd:02 326697271                  /home/user/.m2/repository/org/eclipse/jetty/jetty-io/9.3.24.v20180605/jetty-io-9.3.24.v20180605.jar
7f51f1010000-7f51f1013000 r--s 00022000 fd:02 326697262                  /home/user/.m2/repository/org/eclipse/jetty/jetty-http/9.3.24.v20180605/jetty-http-9.3.24.v20180605.jar
7f51f1013000-7f51f101b000 r--s 00078000 fd:02 326697306                  /home/user/.m2/repository/org/eclipse/jetty/jetty-server/9.3.24.v20180605/jetty-server-9.3.24.v20180605.jar
7f51f101b000-7f51f101e000 r--s 00015000 fd:02 326369817                  /home/user/.m2/repository/javax/servlet/javax.servlet-api/3.1.0/javax.servlet-api-3.1.0.jar
7f51f101e000-7f51f102b000 r--s 00083000 fd:02 326304614                  /home/user/.m2/repository/commons-collections/commons-collections/3.2.2/commons-collections-3.2.2.jar
7f51f102b000-7f51f1031000 r--s 00046000 fd:02 326369293                  /home/user/.m2/repository/commons-net/commons-net/3.6/commons-net-3.6.jar
7f51f1031000-7f51f1035000 r--s 0002f000 fd:02 326304725                  /home/user/.m2/repository/commons-io/commons-io/2.5/commons-io-2.5.jar
7f51f1035000-7f51f103c000 r--s 0004b000 fd:02 326304546                  /home/user/.m2/repository/commons-codec/commons-codec/1.11/commons-codec-1.11.jar
7f51f103c000-7f51f1043000 r--s 00049000 fd:02 326435521                  /home/user/.m2/repository/org/apache/httpcomponents/httpcore/4.4.4/httpcore-4.4.4.jar
7f51f1043000-7f51f1050000 r--s 000a7000 fd:02 326435468                  /home/user/.m2/repository/org/apache/httpcomponents/httpclient/4.5.2/httpclient-4.5.2.jar
7f51f1050000-7f51f106d000 r--s 0016a000 fd:02 326435026                  /home/user/.m2/repository/org/apache/commons/commons-math3/3.1.1/commons-math3-3.1.1.jar
7f51f106d000-7f51f106f000 r--s 00009000 fd:02 326304528                  /home/user/.m2/repository/commons-cli/commons-cli/1.2/commons-cli-1.2.jar
7f51f106f000-7f51f10e8000 r--s 007c0000 fd:02 324731727                  /usr/lib/jvm/java-1.8-openjdk/lib/tools.jar
7f51f10e8000-7f51f10e9000 r--s 0000e000 fd:02 326435251                  /home/user/.m2/repository/org/apache/hadoop/hadoop-annotations/3.2.0/hadoop-annotations-3.2.0.jar
7f51f10e9000-7f51f1114000 r--s 00297000 fd:02 326435278                  /home/user/.m2/repository/org/apache/hadoop/hadoop-common/3.2.0/hadoop-common-3.2.0-tests.jar
7f51f1114000-7f51f111a000 r--s 00033000 fd:02 326369906                  /home/user/.m2/repository/jaxen/jaxen/1.1.6/jaxen-1.1.6.jar
7f51f111a000-7f51f111b000 r--s 00002000 fd:02 326239045                  /home/user/.m2/repository/com/apple/AppleJavaExtensions/1.4/AppleJavaExtensions-1.4.jar
7f51f111b000-7f51f1120000 r--s 00041000 fd:02 326304749                  /home/user/.m2/repository/commons-lang/commons-lang/2.6/commons-lang-2.6.jar
7f51f1120000-7f51f1122000 r--s 0000c000 fd:02 326762609                  /home/user/.m2/repository/org/ow2/asm/asm/5.0.4/asm-5.0.4.jar
7f51f1122000-7f51f1124000 r--s 00006000 fd:02 326762725                  /home/user/.m2/repository/org/ow2/asm/asm-tree/5.0.2/asm-tree-5.0.2.jar
7f51f1124000-7f51f1126000 r--s 00009000 fd:02 326762660                  /home/user/.m2/repository/org/ow2/asm/asm-commons/5.0.2/asm-commons-5.0.2.jar
7f51f1126000-7f51f112b000 r--s 00058000 fd:02 326762679                  /home/user/.m2/repository/org/ow2/asm/asm-debug-all/5.0.2/asm-debug-all-5.0.2.jar
7f51f112b000-7f51f1130000 r--s 00016000 fd:02 326828092                  /home/user/.m2/repository/xml-apis/xml-apis/1.0.b2/xml-apis-1.0.b2.jar
7f51f1130000-7f51f1135000 r--s 00048000 fd:02 326369359                  /home/user/.m2/repository/dom4j/dom4j/1.6.1/dom4j-1.6.1.jar
7f51f1135000-7f51f1137000 r--s 00005000 fd:02 326239260                  /home/user/.m2/repository/com/google/code/findbugs/jFormatString/2.0.1/jFormatString-2.0.1.jar
7f51f1137000-7f51f1141000 r--s 0008c000 fd:02 326239242                  /home/user/.m2/repository/com/google/code/findbugs/bcel-findbugs/6.0/bcel-findbugs-6.0.jar
7f51f1141000-7f51f1144000 r--s 00006000 fd:02 326239283                  /home/user/.m2/repository/com/google/code/findbugs/jsr305/3.0.0/jsr305-3.0.0.jar
7f51f1144000-7f51f1145000 r--s 00000000 fd:02 326370112                  /home/user/.m2/repository/net/jcip/jcip-annotations/1.0/jcip-annotations-1.0.jar
7f51f1145000-7f51f1174000 r--s 00371000 fd:02 326239251                  /home/user/.m2/repository/com/google/code/findbugs/findbugs/3.0.1/findbugs-3.0.1.jar
7f51f1174000-7f51f1176000 r--s 00005000 fd:02 326762527                  /home/user/.m2/repository/org/objenesis/objenesis/1.0/objenesis-1.0.jar
7f51f1176000-7f51f1178000 r--s 00009000 fd:02 261293508                  /home/user/.m2/repository/net/bytebuddy/byte-buddy-agent/1.9.10/byte-buddy-agent-1.9.10.jar
7f51f1178000-7f51f11bf000 r--s 002d9000 fd:02 261293510                  /home/user/.m2/repository/net/bytebuddy/byte-buddy/1.9.10/byte-buddy-1.9.10.jar
7f51f11bf000-7f51f11d0000 r--s 00080000 fd:02 261293506                  /home/user/.m2/repository/org/mockito/mockito-core/2.28.2/mockito-core-2.28.2.jar
7f51f11d0000-7f51f1228000 r--s 003a7000 fd:02 326631853                  /home/user/.m2/repository/org/bouncycastle/bcprov-jdk15on/1.60/bcprov-jdk15on-1.60.jar
7f51f1228000-7f51f1249000 r--s 00172000 fd:02 326239359                  /home/user/.m2/repository/com/google/guava/guava/11.0.2/guava-11.0.2.jar
7f51f1249000-7f51f1251000 r--s 0007b000 fd:02 326303748                  /home/user/.m2/repository/com/google/protobuf/protobuf-java/2.5.0/protobuf-java-2.5.0.jar
7f51f1251000-7f51f1256000 r--s 0003c000 fd:02 326369370                  /home/user/.m2/repository/info/picocli/picocli/3.9.6/picocli-3.9.6.jar
7f51f1256000-7f51f125a000 r--s 006b9000 fd:02 326763471                  /home/user/.m2/repository/org/xerial/sqlite-jdbc/3.25.2/sqlite-jdbc-3.25.2.jar
7f51f125a000-7f51f1260000 r--s 0003c000 fd:02 326763491                  /home/user/.m2/repository/org/yaml/snakeyaml/1.16/snakeyaml-1.16.jar
7f51f1260000-7f51f1261000 r--s 00002000 fd:02 326369693                  /home/user/.m2/repository/io/opentracing/opentracing-noop/0.31.0/opentracing-noop-0.31.0.jar
7f51f1261000-7f51f1263000 r--s 00002000 fd:02 326369684                  /home/user/.m2/repository/io/opentracing/opentracing-api/0.31.0/opentracing-api-0.31.0.jar
7f51f1263000-7f51f1264000 r--s 00001000 fd:02 326369702                  /home/user/.m2/repository/io/opentracing/opentracing-util/0.31.0/opentracing-util-0.31.0.jar
7f51f1264000-7f51f1265000 r--s 00001000 fd:02 326369669                  /home/user/.m2/repository/io/opentracing/contrib/opentracing-tracerresolver/0.1.5/opentracing-tracerresolver-0.1.5.jar
7f51f1265000-7f51f1266000 r--s 00000000 fd:02 326369499                  /home/user/.m2/repository/io/jaegertracing/jaeger-tracerresolver/0.33.1/jaeger-tracerresolver-0.33.1.jar
7f51f1266000-7f51f126a000 r--s 0001c000 fd:02 326369481                  /home/user/.m2/repository/io/jaegertracing/jaeger-core/0.33.1/jaeger-core-0.33.1.jar
7f51f126a000-7f51f126b000 r--s 00013000 fd:02 326303985                  /home/user/.m2/repository/com/squareup/okio/okio/1.13.0/okio-1.13.0.jar
7f51f126b000-7f51f1271000 r--s 0005e000 fd:02 326303969                  /home/user/.m2/repository/com/squareup/okhttp3/okhttp/3.9.0/okhttp-3.9.0.jar
7f51f1271000-7f51f1277000 r--s 00035000 fd:02 326631547                  /home/user/.m2/repository/org/apache/thrift/libthrift/0.11.0/libthrift-0.11.0.jar
7f51f1277000-7f51f1286000 r--s 0009c000 fd:02 326369490                  /home/user/.m2/repository/io/jaegertracing/jaeger-thrift/0.33.1/jaeger-thrift-0.33.1.jar
7f51f1286000-7f51f1287000 r--s 00000000 fd:02 326369472                  /home/user/.m2/repository/io/jaegertracing/jaeger-client/0.33.1/jaeger-client-0.33.1.jar
7f51f1287000-7f51f128b000 r--s 00020000 fd:02 326304660                  /home/user/.m2/repository/commons-digester/commons-digester/1.8.1/commons-digester-1.8.1.jar
7f51f128b000-7f51f128f000 r--s 0002a000 fd:02 326369319                  /home/user/.m2/repository/commons-validator/commons-validator/1.6/commons-validator-1.6.jar
7f51f128f000-7f51f12a2000 r--s 000b0000 fd:02 326631844                  /home/user/.m2/repository/org/bouncycastle/bcpkix-jdk15on/1.60/bcpkix-jdk15on-1.60.jar
7f51f12a2000-7f51f12a5000 r--s 0001d000 fd:02 326435144                  /home/user/.m2/repository/org/apache/commons/commons-pool2/2.6.0/commons-pool2-2.6.0.jar
7f51f12a5000-7f51f12a8000 r--s 00012000 fd:02 326303871                  /home/user/.m2/repository/com/lmax/disruptor/3.4.2/disruptor-3.4.2.jar
7f51f12a8000-7f51f12c8000 r--s 00167000 fd:02 326435748                  /home/user/.m2/repository/org/apache/logging/log4j/log4j-core/2.11.0/log4j-core-2.11.0.jar
7f51f12c8000-7f51f12ce000 r--s 0003b000 fd:02 326435739                  /home/user/.m2/repository/org/apache/logging/log4j/log4j-api/2.11.0/log4j-api-2.11.0.jar
7f51f12ce000-7f51f12d3000 r--s 00c4f000 fd:02 261293468                  /home/user/.m2/repository/org/rocksdb/rocksdbjni/6.0.1/rocksdbjni-6.0.1.jar
7f51f12d3000-7f51f12d6000 r--s 00018000 fd:02 261293461                  /home/user/.m2/repository/org/apache/ratis/ratis-grpc/0.4.0-78e95b9-SNAPSHOT/ratis-grpc-0.4.0-78e95b9-SNAPSHOT.jar
7f51f12d6000-7f51f12d8000 r--s 00007000 fd:02 261293460                  /home/user/.m2/repository/org/apache/ratis/ratis-netty/0.4.0-78e95b9-SNAPSHOT/ratis-netty-0.4.0-78e95b9-SNAPSHOT.jar
7f51f12d8000-7f51f12da000 r--s 00009000 fd:02 261293470                  /home/user/.m2/repository/info/ganglia/gmetric4j/gmetric4j/1.0.7/gmetric4j-1.0.7.jar
7f51f12da000-7f51f12db000 r--s 00002000 fd:02 261293472                  /home/user/.m2/repository/io/dropwizard/metrics/metrics-ganglia/3.2.5/metrics-ganglia-3.2.5.jar
7f51f12db000-7f51f12dd000 r--s 00008000 fd:02 261293466                  /home/user/.m2/repository/io/dropwizard/metrics/metrics-jvm/3.2.5/metrics-jvm-3.2.5.jar
7f51f12dd000-7f51f12de000 r--s 00003000 fd:02 261293464                  /home/user/.m2/repository/com/github/joshelser/dropwizard-metrics-hadoop-metrics2-reporter/0.1.2/dropwizard-metrics-hadoop-metrics2-reporter-0.1.2.jar
7f51f12de000-7f51f12e0000 r--s 0000c000 fd:02 261293454                  /home/user/.m2/repository/org/apache/ratis/ratis-client/0.4.0-78e95b9-SNAPSHOT/ratis-client-0.4.0-78e95b9-SNAPSHOT.jar
7f51f12e0000-7f51f12e5000 r--s 0003a000 fd:02 261293445                  /home/user/.m2/repository/org/apache/ratis/ratis-common/0.4.0-78e95b9-SNAPSHOT/ratis-common-0.4.0-78e95b9-SNAPSHOT.jar
7f51f12e5000-7f51f12f3000 r--s 0010d000 fd:02 261293443                  /home/user/.m2/repository/org/apache/ratis/ratis-proto/0.4.0-78e95b9-SNAPSHOT/ratis-proto-0.4.0-78e95b9-SNAPSHOT.jar
7f51f12f3000-7f51f13cd000 r--s 00cc8000 fd:02 326631497                  /home/user/.m2/repository/org/apache/ratis/ratis-thirdparty-misc/0.2.0/ratis-thirdparty-misc-0.2.0.jar
7f51f13cd000-7f51f13d3000 r--s 00050000 fd:02 261293439                  /home/user/.m2/repository/org/apache/ratis/ratis-server/0.4.0-78e95b9-SNAPSHOT/ratis-server-0.4.0-78e95b9-SNAPSHOT.jar
7f51f13d3000-7f51f13d5000 r--s 00005000 fd:02 326369756                  /home/user/.m2/repository/javax/annotation/javax.annotation-api/1.2/javax.annotation-api-1.2.jar
7f51f13d5000-7f51f141a000 r--s 00486000 fd:02 326435314                  /home/user/.m2/repository/org/apache/hadoop/hadoop-hdfs-client/3.2.0/hadoop-hdfs-client-3.2.0.jar
7f51f141a000-7f51f1441000 r--s 00205000 fd:02 326369518                  /home/user/.m2/repository/io/netty/netty-all/4.0.52.Final/netty-all-4.0.52.Final.jar
7f51f1441000-7f51f145a000 r--s 0012c000 fd:02 326369509                  /home/user/.m2/repository/io/netty/netty/3.10.5.Final/netty-3.10.5.Final.jar
7f51f145a000-7f51f14a2000 r--s 00557000 fd:02 326435305                  /home/user/.m2/repository/org/apache/hadoop/hadoop-hdfs/3.2.0/hadoop-hdfs-3.2.0.jar
7f51f14a2000-7f51f14e0000 r--s 003aa000 fd:02 326435281                  /home/user/.m2/repository/org/apache/hadoop/hadoop-common/3.2.0/hadoop-common-3.2.0.jar
7f51f14e0000-7f51f14e3000 ---p 00000000 00:00 0 
7f51f14e3000-7f51f15e1000 rw-p 00000000 00:00 0 
7f51f15e1000-7f51f17e8000 r-xp 00000000 fd:02 324731634                  /usr/lib/jvm/java-1.8-openjdk/jre/lib/amd64/libmanagement.so
7f51f17e8000-7f51f17e9000 r--p 00007000 fd:02 324731634                  /usr/lib/jvm/java-1.8-openjdk/jre/lib/amd64/libmanagement.so
7f51f17e9000-7f51f17ea000 rw-p 00008000 fd:02 324731634                  /usr/lib/jvm/java-1.8-openjdk/jre/lib/amd64/libmanagement.so
7f51f17ea000-7f51f17ed000 ---p 00000000 00:00 0 
7f51f17ed000-7f51f18eb000 rw-p 00000000 00:00 0 
7f51f18eb000-7f51f18ec000 ---p 00000000 00:00 0 
7f51f18ec000-7f51f19ed000 rw-p 00000000 00:00 0 
7f51f19ed000-7f51f19f0000 ---p 00000000 00:00 0 
7f51f19f0000-7f51f1aee000 rw-p 00000000 00:00 0 
7f51f1aee000-7f51f1aef000 ---p 00000000 00:00 0 
7f51f1aef000-7f51f1af2000 ---p 00000000 00:00 0 
7f51f1af2000-7f51f1bf0000 rw-p 00000000 00:00 0 
7f51f1bf0000-7f51f1bf1000 ---p 00000000 00:00 0 
7f51f1bf1000-7f51f1bf4000 ---p 00000000 00:00 0 
7f51f1bf4000-7f51f1cf2000 rw-p 00000000 00:00 0 
7f51f1cf2000-7f51f1cf5000 ---p 00000000 00:00 0 
7f51f1cf5000-7f51f1df3000 rw-p 00000000 00:00 0 
7f51f1df3000-7f51f1df6000 ---p 00000000 00:00 0 
7f51f1df6000-7f51f1ef4000 rw-p 00000000 00:00 0 
7f51f1ef4000-7f51f1ef7000 ---p 00000000 00:00 0 
7f51f1ef7000-7f51f1ff5000 rw-p 00000000 00:00 0 
7f51f1ff5000-7f51f1ff6000 ---p 00000000 00:00 0 
7f51f1ff6000-7f51f2a00000 rw-p 00000000 00:00 0 
7f51f2a00000-7f51f2bd0000 r--s 01f56000 fd:02 324731699                  /usr/lib/jvm/java-1.8-openjdk/jre/lib/rt.jar
7f51f2bd0000-7f51f7846000 rw-p 00000000 00:00 0 
7f51f7846000-7f51f7847000 ---p 00000000 00:00 0 
7f51f7847000-7f51f7948000 rw-p 00000000 00:00 0 
7f51f7948000-7f51f7949000 ---p 00000000 00:00 0 
7f51f7949000-7f51f7bf1000 rw-p 00000000 00:00 0 
7f51f7bf1000-7f51f7cf5000 ---p 00000000 00:00 0 
7f51f7cf5000-7f51f7e9c000 rw-p 00000000 00:00 0 
7f51f7e9c000-7f51f7f9f000 ---p 00000000 00:00 0 
7f51f7f9f000-7f51f8114000 rw-p 00000000 00:00 0 
7f51f8114000-7f51f84b6000 ---p 00000000 00:00 0 
7f51f84b6000-7f51f8c26000 rwxp 00000000 00:00 0 
7f51f8c26000-7f52074b6000 ---p 00000000 00:00 0 
7f52074b6000-7f52076bd000 r-xp 00000000 fd:02 324731643                  /usr/lib/jvm/java-1.8-openjdk/jre/lib/amd64/libzip.so
7f52076bd000-7f52076be000 r--p 00007000 fd:02 324731643                  /usr/lib/jvm/java-1.8-openjdk/jre/lib/amd64/libzip.so
7f52076be000-7f52076bf000 rw-p 00008000 fd:02 324731643                  /usr/lib/jvm/java-1.8-openjdk/jre/lib/amd64/libzip.so
7f52076bf000-7f52078ea000 r-xp 00000000 fd:02 324731624                  /usr/lib/jvm/java-1.8-openjdk/jre/lib/amd64/libjava.so
7f52078ea000-7f52078eb000 r--p 0002b000 fd:02 324731624                  /usr/lib/jvm/java-1.8-openjdk/jre/lib/amd64/libjava.so
7f52078eb000-7f52078ec000 rw-p 0002c000 fd:02 324731624                  /usr/lib/jvm/java-1.8-openjdk/jre/lib/amd64/libjava.so
7f52078ec000-7f52078ed000 rw-p 00000000 00:00 0 
7f52078ed000-7f5207af9000 r-xp 00000000 fd:02 324731642                  /usr/lib/jvm/java-1.8-openjdk/jre/lib/amd64/libverify.so
7f5207af9000-7f5207afb000 r--p 0000c000 fd:02 324731642                  /usr/lib/jvm/java-1.8-openjdk/jre/lib/amd64/libverify.so
7f5207afb000-7f5207afc000 rw-p 0000e000 fd:02 324731642                  /usr/lib/jvm/java-1.8-openjdk/jre/lib/amd64/libverify.so
7f5207afc000-7f5207d0c000 r-xp 00000000 fd:02 324731789                  /usr/lib/libgcc_s.so.1
7f5207d0c000-7f5207d0d000 r--p 00010000 fd:02 324731789                  /usr/lib/libgcc_s.so.1
7f5207d0d000-7f5207d0e000 rw-p 00011000 fd:02 324731789                  /usr/lib/libgcc_s.so.1
7f5207d0e000-7f520804f000 r-xp 00000000 fd:02 324731892                  /usr/lib/libstdc++.so.6.0.22
7f520804f000-7f520805d000 r--p 00141000 fd:02 324731892                  /usr/lib/libstdc++.so.6.0.22
7f520805d000-7f520805e000 rw-p 0014f000 fd:02 324731892                  /usr/lib/libstdc++.so.6.0.22
7f520805e000-7f5208061000 rw-p 00000000 00:00 0 
7f5208061000-7f5208a35000 r-xp 00000000 fd:02 324731647                  /usr/lib/jvm/java-1.8-openjdk/jre/lib/amd64/server/libjvm.so
7f5208a35000-7f5208acb000 r--p 007d4000 fd:02 324731647                  /usr/lib/jvm/java-1.8-openjdk/jre/lib/amd64/server/libjvm.so
7f5208acb000-7f5208af3000 rw-p 0086a000 fd:02 324731647                  /usr/lib/jvm/java-1.8-openjdk/jre/lib/amd64/server/libjvm.so
7f5208af3000-7f5208b24000 rw-p 00000000 00:00 0 
7f5208b24000-7f5208d39000 r-xp 00000000 fd:02 324538170                  /lib/libz.so.1.2.11
7f5208d39000-7f5208d3a000 r--p 00015000 fd:02 324538170                  /lib/libz.so.1.2.11
7f5208d3a000-7f5208d3b000 rw-p 00016000 fd:02 324538170                  /lib/libz.so.1.2.11
7f5208d3b000-7f5208f47000 r-xp 00000000 fd:02 324731608                  /usr/lib/jvm/java-1.8-openjdk/jre/lib/amd64/jli/libjli.so
7f5208f47000-7f5208f48000 r--p 0000c000 fd:02 324731608                  /usr/lib/jvm/java-1.8-openjdk/jre/lib/amd64/jli/libjli.so
7f5208f48000-7f5208f49000 rw-p 0000d000 fd:02 324731608                  /usr/lib/jvm/java-1.8-openjdk/jre/lib/amd64/jli/libjli.so
7f5208f49000-7f5208fd6000 r-xp 00000000 fd:02 324538161                  /lib/ld-musl-x86_64.so.1
7f5208fd6000-7f5208fd7000 r--s 00006000 fd:02 261293455                  /home/user/.m2/repository/org/apache/ratis/ratis-metrics/0.4.0-78e95b9-SNAPSHOT/ratis-metrics-0.4.0-78e95b9-SNAPSHOT.jar
7f5208fd7000-7f5208fda000 r--s 0000e000 fd:02 261293265                  /home/user/.m2/repository/com/fasterxml/jackson/core/jackson-annotations/2.9.9/jackson-annotations-2.9.9.jar
7f5208fda000-7f5208fdd000 r--s 000fd000 fd:02 326697413                  /home/user/.m2/repository/org/fusesource/leveldbjni/leveldbjni-all/1.8/leveldbjni-all-1.8.jar
7f5208fdd000-7f5208fde000 r--s 00005000 fd:02 326304634                  /home/user/.m2/repository/commons-daemon/commons-daemon/1.0.13/commons-daemon-1.0.13.jar
7f5208fde000-7f5208fe0000 r--s 00008000 fd:02 326697333                  /home/user/.m2/repository/org/eclipse/jetty/jetty-util-ajax/9.3.24.v20180605/jetty-util-ajax-9.3.24.v20180605.jar
7f5208fe0000-7f5208fe4000 r--s 00014000 fd:02 326763427                  /home/user/.m2/repository/org/tukaani/xz/1.0/xz-1.0.jar
7f5208fe4000-7f5208fe9000 r--s 00036000 fd:02 326434952                  /home/user/.m2/repository/org/apache/commons/commons-compress/1.4.1/commons-compress-1.4.1.jar
7f5208fe9000-7f5208feb000 r--s 00002000 fd:02 326566835                  /home/user/.m2/repository/org/apache/maven/surefire/surefire-logger-api/3.0.0-M1/surefire-logger-api-3.0.0-M1.jar
7f5208feb000-7f5208ff0000 r--s 00027000 fd:02 326566817                  /home/user/.m2/repository/org/apache/maven/surefire/surefire-api/3.0.0-M1/surefire-api-3.0.0-M1.jar
7f5208ff0000-7f5208ff6000 r--s 00047000 fd:02 326566826                  /home/user/.m2/repository/org/apache/maven/surefire/surefire-booter/3.0.0-M1/surefire-booter-3.0.0-M1.jar
7f5208ff6000-7f5208ff7000 r--s 00004000 fd:05 3671416                    /workdir/hadoop-ozone/ozone-manager/target/surefire/surefirebooter4289470573506796500.jar
7f5208ff7000-7f5208ff8000 r--s 00000000 fd:02 324538106                  /etc/localtime
7f5208ff8000-7f52090c9000 rw-p 00000000 00:00 0 
7f52090c9000-7f52090d1000 rw-s 00000000 fd:02 260378515                  /tmp/hsperfdata_jenkins1000/10749
7f52090d1000-7f52090d2000 rw-p 00000000 00:00 0 
7f52090d2000-7f52090d3000 r--p 00000000 00:00 0 
7f52090d3000-7f52090d5000 ---p 00000000 00:00 0 
7f52090d5000-7f52090d8000 ---p 00000000 00:00 0 
7f52090d8000-7f52091d6000 rw-p 00000000 00:00 0 
7f52091d6000-7f52091d7000 r--p 0008d000 fd:02 324538161                  /lib/ld-musl-x86_64.so.1
7f52091d7000-7f52091d8000 rw-p 0008e000 fd:02 324538161                  /lib/ld-musl-x86_64.so.1
7f52091d8000-7f52091db000 rw-p 00000000 00:00 0 
7fffa80e4000-7fffa8106000 rw-p 00000000 00:00 0                          [stack]
7fffa8190000-7fffa8192000 r-xp 00000000 00:00 0                          [vdso]
ffffffffff600000-ffffffffff601000 r-xp 00000000 00:00 0                  [vsyscall]

VM Arguments:
jvm_args: -Xmx2048m -XX:+HeapDumpOnOutOfMemoryError 
java_command: /workdir/hadoop-ozone/ozone-manager/target/surefire/surefirebooter4289470573506796500.jar /workdir/hadoop-ozone/ozone-manager/target/surefire 2019-09-20T20-28-46_186-jvmRun1 surefire7696093960269852348tmp surefire_266020200626859785967tmp
java_class_path (initial): /workdir/hadoop-ozone/ozone-manager/target/surefire/surefirebooter4289470573506796500.jar
Launcher Type: SUN_STANDARD

Environment Variables:
PATH=/usr/local/sbin:/usr/local/bin:/usr/sbin:/usr/bin:/sbin:/bin:/opt/findbugs/bin:/opt/blockade/bin
LD_LIBRARY_PATH=/usr/lib/jvm/java-1.8-openjdk/jre/lib/amd64/server:/usr/lib/jvm/java-1.8-openjdk/jre/lib/amd64:/usr/lib/jvm/java-1.8-openjdk/jre/../lib/amd64:/workdir/hadoop-ozone/ozone-manager/target/native/target/usr/local/lib:/workdir/hadoop-ozone/ozone-manager/../../hadoop-common-project/hadoop-common/target/native/target/usr/local/lib
DYLD_LIBRARY_PATH=${env.DYLD_LIBRARY_PATH}:/workdir/hadoop-ozone/ozone-manager/target/native/target/usr/local/lib:/workdir/hadoop-ozone/ozone-manager/../../hadoop-common-project/hadoop-common/target/native/target/usr/local/lib

Signal Handlers:
SIGSEGV: [libjvm.so+0x600fd2], sa_mask[0]=11111111011111111101111111111110, sa_flags=SA_RESTART|SA_SIGINFO
SIGBUS: [libjvm.so+0x600fd2], sa_mask[0]=11111111011111111101111111111110, sa_flags=SA_RESTART|SA_SIGINFO
SIGFPE: [libjvm.so+0x539502], sa_mask[0]=11111111011111111101111111111110, sa_flags=SA_RESTART|SA_SIGINFO
SIGPIPE: [libjvm.so+0x539502], sa_mask[0]=11111111011111111101111111111110, sa_flags=SA_RESTART|SA_SIGINFO
SIGXFSZ: [libjvm.so+0x539502], sa_mask[0]=11111111011111111101111111111110, sa_flags=SA_RESTART|SA_SIGINFO
SIGILL: [libjvm.so+0x539502], sa_mask[0]=11111111011111111101111111111110, sa_flags=SA_RESTART|SA_SIGINFO
SIGUSR1: SIG_DFL, sa_mask[0]=00000000000000000000000000000000, sa_flags=none
SIGUSR2: [libjvm.so+0x5396a1], sa_mask[0]=00100000000000000000000000000000, sa_flags=SA_RESTART|SA_SIGINFO
SIGHUP: [libjvm.so+0x53b719], sa_mask[0]=11111111011111111101111111111110, sa_flags=SA_RESTART|SA_SIGINFO
SIGINT: [libjvm.so+0x53b719], sa_mask[0]=11111111011111111101111111111110, sa_flags=SA_RESTART|SA_SIGINFO
SIGTERM: [libjvm.so+0x53b719], sa_mask[0]=11111111011111111101111111111110, sa_flags=SA_RESTART|SA_SIGINFO
SIGQUIT: [libjvm.so+0x53b719], sa_mask[0]=11111111011111111101111111111110, sa_flags=SA_RESTART|SA_SIGINFO


---------------  S Y S T E M  ---------------

OS:NAME="Alpine Linux"
ID=alpine
VERSION_ID=3.8.2
PRETTY_NAME="Alpine Linux v3.8"
HOME_URL="http://alpinelinux.org"
BUG_REPORT_URL="http://bugs.alpinelinux.org"

uname:Linux 3.10.0-957.12.2.el7.x86_64 #1 SMP Tue May 14 21:24:32 UTC 2019 x86_64
libc:glibc 2.9 NPTL 
rlimit: STACK 8192k, CORE infinity, NPROC 1048576, NOFILE 1048576, AS infinity
load average:2.34 1.58 1.28

/proc/meminfo:
MemTotal:       263864184 kB
MemFree:         1069508 kB
MemAvailable:   245694592 kB
Buffers:         7483044 kB
Cached:         153492380 kB
SwapCached:            0 kB
Active:         96851444 kB
Inactive:       70536140 kB
Active(anon):    8998096 kB
Inactive(anon):  1691200 kB
Active(file):   87853348 kB
Inactive(file): 68844940 kB
Unevictable:       13856 kB
Mlocked:           13856 kB
SwapTotal:             0 kB
SwapFree:              0 kB
Dirty:              1000 kB
Writeback:            32 kB
AnonPages:       6426316 kB
Mapped:           220240 kB
Shmem:           4272908 kB
Slab:           93705988 kB
SReclaimable:   88810976 kB
SUnreclaim:      4895012 kB
KernelStack:       37504 kB
PageTables:        30160 kB
NFS_Unstable:          0 kB
Bounce:                0 kB
WritebackTmp:          0 kB
CommitLimit:    131932092 kB
Committed_AS:   23023472 kB
VmallocTotal:   34359738367 kB
VmallocUsed:      711952 kB
VmallocChunk:   34224666120 kB
HardwareCorrupted:     0 kB
AnonHugePages:   1583104 kB
CmaTotal:              0 kB
CmaFree:               0 kB
HugePages_Total:       0
HugePages_Free:        0
HugePages_Rsvd:        0
HugePages_Surp:        0
Hugepagesize:       2048 kB
DirectMap4k:      404216 kB
DirectMap2M:    21508096 kB
DirectMap1G:    248512512 kB

container (cgroup) information:
container_type: cgroupv1
cpu_cpuset_cpus: 0-31
cpu_memory_nodes: 0-1
active_processor_count: 2
cpu_quota: -1
cpu_period: 100000
cpu_shares: 2048
memory_limit_in_bytes: -1
memory_and_swap_limit_in_bytes: -1
memory_soft_limit_in_bytes: -1
memory_usage_in_bytes: 10912583680
memory_max_usage_in_bytes: 11293732864


CPU:total 32 (initial active 2) (8 cores per cpu, 2 threads per core) family 6 model 63 stepping 2, cmov, cx8, fxsr, mmx, sse, sse2, sse3, ssse3, sse4.1, sse4.2, popcnt, avx, avx2, aes, clmul, erms, lzcnt, ht, tsc, tscinvbit, bmi1, bmi2

/proc/cpuinfo:
processor	: 0
vendor_id	: GenuineIntel
cpu family	: 6
model		: 63
model name	: Intel(R) Xeon(R) CPU E5-2630 v3 @ 2.40GHz
stepping	: 2
microcode	: 0x43
cpu MHz		: 1399.218
cache size	: 20480 KB
physical id	: 0
siblings	: 16
core id		: 0
cpu cores	: 8
apicid		: 0
initial apicid	: 0
fpu		: yes
fpu_exception	: yes
cpuid level	: 15
wp		: yes
flags		: fpu vme de pse tsc msr pae mce cx8 apic sep mtrr pge mca cmov pat pse36 clflush dts acpi mmx fxsr sse sse2 ss ht tm pbe syscall nx pdpe1gb rdtscp lm constant_tsc arch_perfmon pebs bts rep_good nopl xtopology nonstop_tsc aperfmperf eagerfpu pni pclmulqdq dtes64 monitor ds_cpl vmx smx est tm2 ssse3 sdbg fma cx16 xtpr pdcm pcid dca sse4_1 sse4_2 x2apic movbe popcnt tsc_deadline_timer aes xsave avx f16c rdrand lahf_lm abm epb intel_ppin ssbd ibrs ibpb stibp tpr_shadow vnmi flexpriority ept vpid fsgsbase tsc_adjust bmi1 avx2 smep bmi2 erms invpcid cqm xsaveopt cqm_llc cqm_occup_llc dtherm ida arat pln pts md_clear spec_ctrl intel_stibp flush_l1d
bogomips	: 4788.37
clflush size	: 64
cache_alignment	: 64
address sizes	: 46 bits physical, 48 bits virtual
power management:

processor	: 1
vendor_id	: GenuineIntel
cpu family	: 6
model		: 63
model name	: Intel(R) Xeon(R) CPU E5-2630 v3 @ 2.40GHz
stepping	: 2
microcode	: 0x43
cpu MHz		: 1321.582
cache size	: 20480 KB
physical id	: 0
siblings	: 16
core id		: 1
cpu cores	: 8
apicid		: 2
initial apicid	: 2
fpu		: yes
fpu_exception	: yes
cpuid level	: 15
wp		: yes
flags		: fpu vme de pse tsc msr pae mce cx8 apic sep mtrr pge mca cmov pat pse36 clflush dts acpi mmx fxsr sse sse2 ss ht tm pbe syscall nx pdpe1gb rdtscp lm constant_tsc arch_perfmon pebs bts rep_good nopl xtopology nonstop_tsc aperfmperf eagerfpu pni pclmulqdq dtes64 monitor ds_cpl vmx smx est tm2 ssse3 sdbg fma cx16 xtpr pdcm pcid dca sse4_1 sse4_2 x2apic movbe popcnt tsc_deadline_timer aes xsave avx f16c rdrand lahf_lm abm epb intel_ppin ssbd ibrs ibpb stibp tpr_shadow vnmi flexpriority ept vpid fsgsbase tsc_adjust bmi1 avx2 smep bmi2 erms invpcid cqm xsaveopt cqm_llc cqm_occup_llc dtherm ida arat pln pts md_clear spec_ctrl intel_stibp flush_l1d
bogomips	: 4788.37
clflush size	: 64
cache_alignment	: 64
address sizes	: 46 bits physical, 48 bits virtual
power management:

processor	: 2
vendor_id	: GenuineIntel
cpu family	: 6
model		: 63
model name	: Intel(R) Xeon(R) CPU E5-2630 v3 @ 2.40GHz
stepping	: 2
microcode	: 0x43
cpu MHz		: 1727.197
cache size	: 20480 KB
physical id	: 0
siblings	: 16
core id		: 2
cpu cores	: 8
apicid		: 4
initial apicid	: 4
fpu		: yes
fpu_exception	: yes
cpuid level	: 15
wp		: yes
flags		: fpu vme de pse tsc msr pae mce cx8 apic sep mtrr pge mca cmov pat pse36 clflush dts acpi mmx fxsr sse sse2 ss ht tm pbe syscall nx pdpe1gb rdtscp lm constant_tsc arch_perfmon pebs bts rep_good nopl xtopology nonstop_tsc aperfmperf eagerfpu pni pclmulqdq dtes64 monitor ds_cpl vmx smx est tm2 ssse3 sdbg fma cx16 xtpr pdcm pcid dca sse4_1 sse4_2 x2apic movbe popcnt tsc_deadline_timer aes xsave avx f16c rdrand lahf_lm abm epb intel_ppin ssbd ibrs ibpb stibp tpr_shadow vnmi flexpriority ept vpid fsgsbase tsc_adjust bmi1 avx2 smep bmi2 erms invpcid cqm xsaveopt cqm_llc cqm_occup_llc dtherm ida arat pln pts md_clear spec_ctrl intel_stibp flush_l1d
bogomips	: 4788.37
clflush size	: 64
cache_alignment	: 64
address sizes	: 46 bits physical, 48 bits virtual
power management:

processor	: 3
vendor_id	: GenuineIntel
cpu family	: 6
model		: 63
model name	: Intel(R) Xeon(R) CPU E5-2630 v3 @ 2.40GHz
stepping	: 2
microcode	: 0x43
cpu MHz		: 1298.437
cache size	: 20480 KB
physical id	: 0
siblings	: 16
core id		: 3
cpu cores	: 8
apicid		: 6
initial apicid	: 6
fpu		: yes
fpu_exception	: yes
cpuid level	: 15
wp		: yes
flags		: fpu vme de pse tsc msr pae mce cx8 apic sep mtrr pge mca cmov pat pse36 clflush dts acpi mmx fxsr sse sse2 ss ht tm pbe syscall nx pdpe1gb rdtscp lm constant_tsc arch_perfmon pebs bts rep_good nopl xtopology nonstop_tsc aperfmperf eagerfpu pni pclmulqdq dtes64 monitor ds_cpl vmx smx est tm2 ssse3 sdbg fma cx16 xtpr pdcm pcid dca sse4_1 sse4_2 x2apic movbe popcnt tsc_deadline_timer aes xsave avx f16c rdrand lahf_lm abm epb intel_ppin ssbd ibrs ibpb stibp tpr_shadow vnmi flexpriority ept vpid fsgsbase tsc_adjust bmi1 avx2 smep bmi2 erms invpcid cqm xsaveopt cqm_llc cqm_occup_llc dtherm ida arat pln pts md_clear spec_ctrl intel_stibp flush_l1d
bogomips	: 4788.37
clflush size	: 64
cache_alignment	: 64
address sizes	: 46 bits physical, 48 bits virtual
power management:

processor	: 4
vendor_id	: GenuineIntel
cpu family	: 6
model		: 63
model name	: Intel(R) Xeon(R) CPU E5-2630 v3 @ 2.40GHz
stepping	: 2
microcode	: 0x43
cpu MHz		: 1200.000
cache size	: 20480 KB
physical id	: 0
siblings	: 16
core id		: 4
cpu cores	: 8
apicid		: 8
initial apicid	: 8
fpu		: yes
fpu_exception	: yes
cpuid level	: 15
wp		: yes
flags		: fpu vme de pse tsc msr pae mce cx8 apic sep mtrr pge mca cmov pat pse36 clflush dts acpi mmx fxsr sse sse2 ss ht tm pbe syscall nx pdpe1gb rdtscp lm constant_tsc arch_perfmon pebs bts rep_good nopl xtopology nonstop_tsc aperfmperf eagerfpu pni pclmulqdq dtes64 monitor ds_cpl vmx smx est tm2 ssse3 sdbg fma cx16 xtpr pdcm pcid dca sse4_1 sse4_2 x2apic movbe popcnt tsc_deadline_timer aes xsave avx f16c rdrand lahf_lm abm epb intel_ppin ssbd ibrs ibpb stibp tpr_shadow vnmi flexpriority ept vpid fsgsbase tsc_adjust bmi1 avx2 smep bmi2 erms invpcid cqm xsaveopt cqm_llc cqm_occup_llc dtherm ida arat pln pts md_clear spec_ctrl intel_stibp flush_l1d
bogomips	: 4788.37
clflush size	: 64
cache_alignment	: 64
address sizes	: 46 bits physical, 48 bits virtual
power management:

processor	: 5
vendor_id	: GenuineIntel
cpu family	: 6
model		: 63
model name	: Intel(R) Xeon(R) CPU E5-2630 v3 @ 2.40GHz
stepping	: 2
microcode	: 0x43
cpu MHz		: 1199.853
cache size	: 20480 KB
physical id	: 0
siblings	: 16
core id		: 5
cpu cores	: 8
apicid		: 10
initial apicid	: 10
fpu		: yes
fpu_exception	: yes
cpuid level	: 15
wp		: yes
flags		: fpu vme de pse tsc msr pae mce cx8 apic sep mtrr pge mca cmov pat pse36 clflush dts acpi mmx fxsr sse sse2 ss ht tm pbe syscall nx pdpe1gb rdtscp lm constant_tsc arch_perfmon pebs bts rep_good nopl xtopology nonstop_tsc aperfmperf eagerfpu pni pclmulqdq dtes64 monitor ds_cpl vmx smx est tm2 ssse3 sdbg fma cx16 xtpr pdcm pcid dca sse4_1 sse4_2 x2apic movbe popcnt tsc_deadline_timer aes xsave avx f16c rdrand lahf_lm abm epb intel_ppin ssbd ibrs ibpb stibp tpr_shadow vnmi flexpriority ept vpid fsgsbase tsc_adjust bmi1 avx2 smep bmi2 erms invpcid cqm xsaveopt cqm_llc cqm_occup_llc dtherm ida arat pln pts md_clear spec_ctrl intel_stibp flush_l1d
bogomips	: 4788.37
clflush size	: 64
cache_alignment	: 64
address sizes	: 46 bits physical, 48 bits virtual
power management:

processor	: 6
vendor_id	: GenuineIntel
cpu family	: 6
model		: 63
model name	: Intel(R) Xeon(R) CPU E5-2630 v3 @ 2.40GHz
stepping	: 2
microcode	: 0x43
cpu MHz		: 1698.193
cache size	: 20480 KB
physical id	: 0
siblings	: 16
core id		: 6
cpu cores	: 8
apicid		: 12
initial apicid	: 12
fpu		: yes
fpu_exception	: yes
cpuid level	: 15
wp		: yes
flags		: fpu vme de pse tsc msr pae mce cx8 apic sep mtrr pge mca cmov pat pse36 clflush dts acpi mmx fxsr sse sse2 ss ht tm pbe syscall nx pdpe1gb rdtscp lm constant_tsc arch_perfmon pebs bts rep_good nopl xtopology nonstop_tsc aperfmperf eagerfpu pni pclmulqdq dtes64 monitor ds_cpl vmx smx est tm2 ssse3 sdbg fma cx16 xtpr pdcm pcid dca sse4_1 sse4_2 x2apic movbe popcnt tsc_deadline_timer aes xsave avx f16c rdrand lahf_lm abm epb intel_ppin ssbd ibrs ibpb stibp tpr_shadow vnmi flexpriority ept vpid fsgsbase tsc_adjust bmi1 avx2 smep bmi2 erms invpcid cqm xsaveopt cqm_llc cqm_occup_llc dtherm ida arat pln pts md_clear spec_ctrl intel_stibp flush_l1d
bogomips	: 4788.37
clflush size	: 64
cache_alignment	: 64
address sizes	: 46 bits physical, 48 bits virtual
power management:

processor	: 7
vendor_id	: GenuineIntel
cpu family	: 6
model		: 63
model name	: Intel(R) Xeon(R) CPU E5-2630 v3 @ 2.40GHz
stepping	: 2
microcode	: 0x43
cpu MHz		: 1200.878
cache size	: 20480 KB
physical id	: 0
siblings	: 16
core id		: 7
cpu cores	: 8
apicid		: 14
initial apicid	: 14
fpu		: yes
fpu_exception	: yes
cpuid level	: 15
wp		: yes
flags		: fpu vme de pse tsc msr pae mce cx8 apic sep mtrr pge mca cmov pat pse36 clflush dts acpi mmx fxsr sse sse2 ss ht tm pbe syscall nx pdpe1gb rdtscp lm constant_tsc arch_perfmon pebs bts rep_good nopl xtopology nonstop_tsc aperfmperf eagerfpu pni pclmulqdq dtes64 monitor ds_cpl vmx smx est tm2 ssse3 sdbg fma cx16 xtpr pdcm pcid dca sse4_1 sse4_2 x2apic movbe popcnt tsc_deadline_timer aes xsave avx f16c rdrand lahf_lm abm epb intel_ppin ssbd ibrs ibpb stibp tpr_shadow vnmi flexpriority ept vpid fsgsbase tsc_adjust bmi1 avx2 smep bmi2 erms invpcid cqm xsaveopt cqm_llc cqm_occup_llc dtherm ida arat pln pts md_clear spec_ctrl intel_stibp flush_l1d
bogomips	: 4788.37
clflush size	: 64
cache_alignment	: 64
address sizes	: 46 bits physical, 48 bits virtual
power management:

processor	: 8
vendor_id	: GenuineIntel
cpu family	: 6
model		: 63
model name	: Intel(R) Xeon(R) CPU E5-2630 v3 @ 2.40GHz
stepping	: 2
microcode	: 0x43
cpu MHz		: 2760.791
cache size	: 20480 KB
physical id	: 1
siblings	: 16
core id		: 0
cpu cores	: 8
apicid		: 16
initial apicid	: 16
fpu		: yes
fpu_exception	: yes
cpuid level	: 15
wp		: yes
flags		: fpu vme de pse tsc msr pae mce cx8 apic sep mtrr pge mca cmov pat pse36 clflush dts acpi mmx fxsr sse sse2 ss ht tm pbe syscall nx pdpe1gb rdtscp lm constant_tsc arch_perfmon pebs bts rep_good nopl xtopology nonstop_tsc aperfmperf eagerfpu pni pclmulqdq dtes64 monitor ds_cpl vmx smx est tm2 ssse3 sdbg fma cx16 xtpr pdcm pcid dca sse4_1 sse4_2 x2apic movbe popcnt tsc_deadline_timer aes xsave avx f16c rdrand lahf_lm abm epb intel_ppin ssbd ibrs ibpb stibp tpr_shadow vnmi flexpriority ept vpid fsgsbase tsc_adjust bmi1 avx2 smep bmi2 erms invpcid cqm xsaveopt cqm_llc cqm_occup_llc dtherm ida arat pln pts md_clear spec_ctrl intel_stibp flush_l1d
bogomips	: 4793.44
clflush size	: 64
cache_alignment	: 64
address sizes	: 46 bits physical, 48 bits virtual
power management:

processor	: 9
vendor_id	: GenuineIntel
cpu family	: 6
model		: 63
model name	: Intel(R) Xeon(R) CPU E5-2630 v3 @ 2.40GHz
stepping	: 2
microcode	: 0x43
cpu MHz		: 1894.775
cache size	: 20480 KB
physical id	: 1
siblings	: 16
core id		: 1
cpu cores	: 8
apicid		: 18
initial apicid	: 18
fpu		: yes
fpu_exception	: yes
cpuid level	: 15
wp		: yes
flags		: fpu vme de pse tsc msr pae mce cx8 apic sep mtrr pge mca cmov pat pse36 clflush dts acpi mmx fxsr sse sse2 ss ht tm pbe syscall nx pdpe1gb rdtscp lm constant_tsc arch_perfmon pebs bts rep_good nopl xtopology nonstop_tsc aperfmperf eagerfpu pni pclmulqdq dtes64 monitor ds_cpl vmx smx est tm2 ssse3 sdbg fma cx16 xtpr pdcm pcid dca sse4_1 sse4_2 x2apic movbe popcnt tsc_deadline_timer aes xsave avx f16c rdrand lahf_lm abm epb intel_ppin ssbd ibrs ibpb stibp tpr_shadow vnmi flexpriority ept vpid fsgsbase tsc_adjust bmi1 avx2 smep bmi2 erms invpcid cqm xsaveopt cqm_llc cqm_occup_llc dtherm ida arat pln pts md_clear spec_ctrl intel_stibp flush_l1d
bogomips	: 4793.44
clflush size	: 64
cache_alignment	: 64
address sizes	: 46 bits physical, 48 bits virtual
power management:

processor	: 10
vendor_id	: GenuineIntel
cpu family	: 6
model		: 63
model name	: Intel(R) Xeon(R) CPU E5-2630 v3 @ 2.40GHz
stepping	: 2
microcode	: 0x43
cpu MHz		: 1200.146
cache size	: 20480 KB
physical id	: 1
siblings	: 16
core id		: 2
cpu cores	: 8
apicid		: 20
initial apicid	: 20
fpu		: yes
fpu_exception	: yes
cpuid level	: 15
wp		: yes
flags		: fpu vme de pse tsc msr pae mce cx8 apic sep mtrr pge mca cmov pat pse36 clflush dts acpi mmx fxsr sse sse2 ss ht tm pbe syscall nx pdpe1gb rdtscp lm constant_tsc arch_perfmon pebs bts rep_good nopl xtopology nonstop_tsc aperfmperf eagerfpu pni pclmulqdq dtes64 monitor ds_cpl vmx smx est tm2 ssse3 sdbg fma cx16 xtpr pdcm pcid dca sse4_1 sse4_2 x2apic movbe popcnt tsc_deadline_timer aes xsave avx f16c rdrand lahf_lm abm epb intel_ppin ssbd ibrs ibpb stibp tpr_shadow vnmi flexpriority ept vpid fsgsbase tsc_adjust bmi1 avx2 smep bmi2 erms invpcid cqm xsaveopt cqm_llc cqm_occup_llc dtherm ida arat pln pts md_clear spec_ctrl intel_stibp flush_l1d
bogomips	: 4793.44
clflush size	: 64
cache_alignment	: 64
address sizes	: 46 bits physical, 48 bits virtual
power management:

processor	: 11
vendor_id	: GenuineIntel
cpu family	: 6
model		: 63
model name	: Intel(R) Xeon(R) CPU E5-2630 v3 @ 2.40GHz
stepping	: 2
microcode	: 0x43
cpu MHz		: 2399.853
cache size	: 20480 KB
physical id	: 1
siblings	: 16
core id		: 3
cpu cores	: 8
apicid		: 22
initial apicid	: 22
fpu		: yes
fpu_exception	: yes
cpuid level	: 15
wp		: yes
flags		: fpu vme de pse tsc msr pae mce cx8 apic sep mtrr pge mca cmov pat pse36 clflush dts acpi mmx fxsr sse sse2 ss ht tm pbe syscall nx pdpe1gb rdtscp lm constant_tsc arch_perfmon pebs bts rep_good nopl xtopology nonstop_tsc aperfmperf eagerfpu pni pclmulqdq dtes64 monitor ds_cpl vmx smx est tm2 ssse3 sdbg fma cx16 xtpr pdcm pcid dca sse4_1 sse4_2 x2apic movbe popcnt tsc_deadline_timer aes xsave avx f16c rdrand lahf_lm abm epb intel_ppin ssbd ibrs ibpb stibp tpr_shadow vnmi flexpriority ept vpid fsgsbase tsc_adjust bmi1 avx2 smep bmi2 erms invpcid cqm xsaveopt cqm_llc cqm_occup_llc dtherm ida arat pln pts md_clear spec_ctrl intel_stibp flush_l1d
bogomips	: 4793.44
clflush size	: 64
cache_alignment	: 64
address sizes	: 46 bits physical, 48 bits virtual
power management:

processor	: 12
vendor_id	: GenuineIntel
cpu family	: 6
model		: 63
model name	: Intel(R) Xeon(R) CPU E5-2630 v3 @ 2.40GHz
stepping	: 2
microcode	: 0x43
cpu MHz		: 1200.000
cache size	: 20480 KB
physical id	: 1
siblings	: 16
core id		: 4
cpu cores	: 8
apicid		: 24
initial apicid	: 24
fpu		: yes
fpu_exception	: yes
cpuid level	: 15
wp		: yes
flags		: fpu vme de pse tsc msr pae mce cx8 apic sep mtrr pge mca cmov pat pse36 clflush dts acpi mmx fxsr sse sse2 ss ht tm pbe syscall nx pdpe1gb rdtscp lm constant_tsc arch_perfmon pebs bts rep_good nopl xtopology nonstop_tsc aperfmperf eagerfpu pni pclmulqdq dtes64 monitor ds_cpl vmx smx est tm2 ssse3 sdbg fma cx16 xtpr pdcm pcid dca sse4_1 sse4_2 x2apic movbe popcnt tsc_deadline_timer aes xsave avx f16c rdrand lahf_lm abm epb intel_ppin ssbd ibrs ibpb stibp tpr_shadow vnmi flexpriority ept vpid fsgsbase tsc_adjust bmi1 avx2 smep bmi2 erms invpcid cqm xsaveopt cqm_llc cqm_occup_llc dtherm ida arat pln pts md_clear spec_ctrl intel_stibp flush_l1d
bogomips	: 4793.44
clflush size	: 64
cache_alignment	: 64
address sizes	: 46 bits physical, 48 bits virtual
power management:

processor	: 13
vendor_id	: GenuineIntel
cpu family	: 6
model		: 63
model name	: Intel(R) Xeon(R) CPU E5-2630 v3 @ 2.40GHz
stepping	: 2
microcode	: 0x43
cpu MHz		: 1792.968
cache size	: 20480 KB
physical id	: 1
siblings	: 16
core id		: 5
cpu cores	: 8
apicid		: 26
initial apicid	: 26
fpu		: yes
fpu_exception	: yes
cpuid level	: 15
wp		: yes
flags		: fpu vme de pse tsc msr pae mce cx8 apic sep mtrr pge mca cmov pat pse36 clflush dts acpi mmx fxsr sse sse2 ss ht tm pbe syscall nx pdpe1gb rdtscp lm constant_tsc arch_perfmon pebs bts rep_good nopl xtopology nonstop_tsc aperfmperf eagerfpu pni pclmulqdq dtes64 monitor ds_cpl vmx smx est tm2 ssse3 sdbg fma cx16 xtpr pdcm pcid dca sse4_1 sse4_2 x2apic movbe popcnt tsc_deadline_timer aes xsave avx f16c rdrand lahf_lm abm epb intel_ppin ssbd ibrs ibpb stibp tpr_shadow vnmi flexpriority ept vpid fsgsbase tsc_adjust bmi1 avx2 smep bmi2 erms invpcid cqm xsaveopt cqm_llc cqm_occup_llc dtherm ida arat pln pts md_clear spec_ctrl intel_stibp flush_l1d
bogomips	: 4793.44
clflush size	: 64
cache_alignment	: 64
address sizes	: 46 bits physical, 48 bits virtual
power management:

processor	: 14
vendor_id	: GenuineIntel
cpu family	: 6
model		: 63
model name	: Intel(R) Xeon(R) CPU E5-2630 v3 @ 2.40GHz
stepping	: 2
microcode	: 0x43
cpu MHz		: 1200.146
cache size	: 20480 KB
physical id	: 1
siblings	: 16
core id		: 6
cpu cores	: 8
apicid		: 28
initial apicid	: 28
fpu		: yes
fpu_exception	: yes
cpuid level	: 15
wp		: yes
flags		: fpu vme de pse tsc msr pae mce cx8 apic sep mtrr pge mca cmov pat pse36 clflush dts acpi mmx fxsr sse sse2 ss ht tm pbe syscall nx pdpe1gb rdtscp lm constant_tsc arch_perfmon pebs bts rep_good nopl xtopology nonstop_tsc aperfmperf eagerfpu pni pclmulqdq dtes64 monitor ds_cpl vmx smx est tm2 ssse3 sdbg fma cx16 xtpr pdcm pcid dca sse4_1 sse4_2 x2apic movbe popcnt tsc_deadline_timer aes xsave avx f16c rdrand lahf_lm abm epb intel_ppin ssbd ibrs ibpb stibp tpr_shadow vnmi flexpriority ept vpid fsgsbase tsc_adjust bmi1 avx2 smep bmi2 erms invpcid cqm xsaveopt cqm_llc cqm_occup_llc dtherm ida arat pln pts md_clear spec_ctrl intel_stibp flush_l1d
bogomips	: 4793.44
clflush size	: 64
cache_alignment	: 64
address sizes	: 46 bits physical, 48 bits virtual
power management:

processor	: 15
vendor_id	: GenuineIntel
cpu family	: 6
model		: 63
model name	: Intel(R) Xeon(R) CPU E5-2630 v3 @ 2.40GHz
stepping	: 2
microcode	: 0x43
cpu MHz		: 1200.000
cache size	: 20480 KB
physical id	: 1
siblings	: 16
core id		: 7
cpu cores	: 8
apicid		: 30
initial apicid	: 30
fpu		: yes
fpu_exception	: yes
cpuid level	: 15
wp		: yes
flags		: fpu vme de pse tsc msr pae mce cx8 apic sep mtrr pge mca cmov pat pse36 clflush dts acpi mmx fxsr sse sse2 ss ht tm pbe syscall nx pdpe1gb rdtscp lm constant_tsc arch_perfmon pebs bts rep_good nopl xtopology nonstop_tsc aperfmperf eagerfpu pni pclmulqdq dtes64 monitor ds_cpl vmx smx est tm2 ssse3 sdbg fma cx16 xtpr pdcm pcid dca sse4_1 sse4_2 x2apic movbe popcnt tsc_deadline_timer aes xsave avx f16c rdrand lahf_lm abm epb intel_ppin ssbd ibrs ibpb stibp tpr_shadow vnmi flexpriority ept vpid fsgsbase tsc_adjust bmi1 avx2 smep bmi2 erms invpcid cqm xsaveopt cqm_llc cqm_occup_llc dtherm ida arat pln pts md_clear spec_ctrl intel_stibp flush_l1d
bogomips	: 4793.44
clflush size	: 64
cache_alignment	: 64
address sizes	: 46 bits physical, 48 bits virtual
power management:

processor	: 16
vendor_id	: GenuineIntel
cpu family	: 6
model		: 63
model name	: Intel(R) Xeon(R) CPU E5-2630 v3 @ 2.40GHz
stepping	: 2
microcode	: 0x43
cpu MHz		: 1265.478
cache size	: 20480 KB
physical id	: 0
siblings	: 16
core id		: 0
cpu cores	: 8
apicid		: 1
initial apicid	: 1
fpu		: yes
fpu_exception	: yes
cpuid level	: 15
wp		: yes
flags		: fpu vme de pse tsc msr pae mce cx8 apic sep mtrr pge mca cmov pat pse36 clflush dts acpi mmx fxsr sse sse2 ss ht tm pbe syscall nx pdpe1gb rdtscp lm constant_tsc arch_perfmon pebs bts rep_good nopl xtopology nonstop_tsc aperfmperf eagerfpu pni pclmulqdq dtes64 monitor ds_cpl vmx smx est tm2 ssse3 sdbg fma cx16 xtpr pdcm pcid dca sse4_1 sse4_2 x2apic movbe popcnt tsc_deadline_timer aes xsave avx f16c rdrand lahf_lm abm epb intel_ppin ssbd ibrs ibpb stibp tpr_shadow vnmi flexpriority ept vpid fsgsbase tsc_adjust bmi1 avx2 smep bmi2 erms invpcid cqm xsaveopt cqm_llc cqm_occup_llc dtherm ida arat pln pts md_clear spec_ctrl intel_stibp flush_l1d
bogomips	: 4788.37
clflush size	: 64
cache_alignment	: 64
address sizes	: 46 bits physical, 48 bits virtual
power management:

processor	: 17
vendor_id	: GenuineIntel
cpu family	: 6
model		: 63
model name	: Intel(R) Xeon(R) CPU E5-2630 v3 @ 2.40GHz
stepping	: 2
microcode	: 0x43
cpu MHz		: 1397.753
cache size	: 20480 KB
physical id	: 0
siblings	: 16
core id		: 1
cpu cores	: 8
apicid		: 3
initial apicid	: 3
fpu		: yes
fpu_exception	: yes
cpuid level	: 15
wp		: yes
flags		: fpu vme de pse tsc msr pae mce cx8 apic sep mtrr pge mca cmov pat pse36 clflush dts acpi mmx fxsr sse sse2 ss ht tm pbe syscall nx pdpe1gb rdtscp lm constant_tsc arch_perfmon pebs bts rep_good nopl xtopology nonstop_tsc aperfmperf eagerfpu pni pclmulqdq dtes64 monitor ds_cpl vmx smx est tm2 ssse3 sdbg fma cx16 xtpr pdcm pcid dca sse4_1 sse4_2 x2apic movbe popcnt tsc_deadline_timer aes xsave avx f16c rdrand lahf_lm abm epb intel_ppin ssbd ibrs ibpb stibp tpr_shadow vnmi flexpriority ept vpid fsgsbase tsc_adjust bmi1 avx2 smep bmi2 erms invpcid cqm xsaveopt cqm_llc cqm_occup_llc dtherm ida arat pln pts md_clear spec_ctrl intel_stibp flush_l1d
bogomips	: 4788.37
clflush size	: 64
cache_alignment	: 64
address sizes	: 46 bits physical, 48 bits virtual
power management:

processor	: 18
vendor_id	: GenuineIntel
cpu family	: 6
model		: 63
model name	: Intel(R) Xeon(R) CPU E5-2630 v3 @ 2.40GHz
stepping	: 2
microcode	: 0x43
cpu MHz		: 2399.853
cache size	: 20480 KB
physical id	: 0
siblings	: 16
core id		: 2
cpu cores	: 8
apicid		: 5
initial apicid	: 5
fpu		: yes
fpu_exception	: yes
cpuid level	: 15
wp		: yes
flags		: fpu vme de pse tsc msr pae mce cx8 apic sep mtrr pge mca cmov pat pse36 clflush dts acpi mmx fxsr sse sse2 ss ht tm pbe syscall nx pdpe1gb rdtscp lm constant_tsc arch_perfmon pebs bts rep_good nopl xtopology nonstop_tsc aperfmperf eagerfpu pni pclmulqdq dtes64 monitor ds_cpl vmx smx est tm2 ssse3 sdbg fma cx16 xtpr pdcm pcid dca sse4_1 sse4_2 x2apic movbe popcnt tsc_deadline_timer aes xsave avx f16c rdrand lahf_lm abm epb intel_ppin ssbd ibrs ibpb stibp tpr_shadow vnmi flexpriority ept vpid fsgsbase tsc_adjust bmi1 avx2 smep bmi2 erms invpcid cqm xsaveopt cqm_llc cqm_occup_llc dtherm ida arat pln pts md_clear spec_ctrl intel_stibp flush_l1d
bogomips	: 4788.37
clflush size	: 64
cache_alignment	: 64
address sizes	: 46 bits physical, 48 bits virtual
power management:

processor	: 19
vendor_id	: GenuineIntel
cpu family	: 6
model		: 63
model name	: Intel(R) Xeon(R) CPU E5-2630 v3 @ 2.40GHz
stepping	: 2
microcode	: 0x43
cpu MHz		: 1250.097
cache size	: 20480 KB
physical id	: 0
siblings	: 16
core id		: 3
cpu cores	: 8
apicid		: 7
initial apicid	: 7
fpu		: yes
fpu_exception	: yes
cpuid level	: 15
wp		: yes
flags		: fpu vme de pse tsc msr pae mce cx8 apic sep mtrr pge mca cmov pat pse36 clflush dts acpi mmx fxsr sse sse2 ss ht tm pbe syscall nx pdpe1gb rdtscp lm constant_tsc arch_perfmon pebs bts rep_good nopl xtopology nonstop_tsc aperfmperf eagerfpu pni pclmulqdq dtes64 monitor ds_cpl vmx smx est tm2 ssse3 sdbg fma cx16 xtpr pdcm pcid dca sse4_1 sse4_2 x2apic movbe popcnt tsc_deadline_timer aes xsave avx f16c rdrand lahf_lm abm epb intel_ppin ssbd ibrs ibpb stibp tpr_shadow vnmi flexpriority ept vpid fsgsbase tsc_adjust bmi1 avx2 smep bmi2 erms invpcid cqm xsaveopt cqm_llc cqm_occup_llc dtherm ida arat pln pts md_clear spec_ctrl intel_stibp flush_l1d
bogomips	: 4788.37
clflush size	: 64
cache_alignment	: 64
address sizes	: 46 bits physical, 48 bits virtual
power management:

processor	: 20
vendor_id	: GenuineIntel
cpu family	: 6
model		: 63
model name	: Intel(R) Xeon(R) CPU E5-2630 v3 @ 2.40GHz
stepping	: 2
microcode	: 0x43
cpu MHz		: 1203.662
cache size	: 20480 KB
physical id	: 0
siblings	: 16
core id		: 4
cpu cores	: 8
apicid		: 9
initial apicid	: 9
fpu		: yes
fpu_exception	: yes
cpuid level	: 15
wp		: yes
flags		: fpu vme de pse tsc msr pae mce cx8 apic sep mtrr pge mca cmov pat pse36 clflush dts acpi mmx fxsr sse sse2 ss ht tm pbe syscall nx pdpe1gb rdtscp lm constant_tsc arch_perfmon pebs bts rep_good nopl xtopology nonstop_tsc aperfmperf eagerfpu pni pclmulqdq dtes64 monitor ds_cpl vmx smx est tm2 ssse3 sdbg fma cx16 xtpr pdcm pcid dca sse4_1 sse4_2 x2apic movbe popcnt tsc_deadline_timer aes xsave avx f16c rdrand lahf_lm abm epb intel_ppin ssbd ibrs ibpb stibp tpr_shadow vnmi flexpriority ept vpid fsgsbase tsc_adjust bmi1 avx2 smep bmi2 erms invpcid cqm xsaveopt cqm_llc cqm_occup_llc dtherm ida arat pln pts md_clear spec_ctrl intel_stibp flush_l1d
bogomips	: 4788.37
clflush size	: 64
cache_alignment	: 64
address sizes	: 46 bits physical, 48 bits virtual
power management:

processor	: 21
vendor_id	: GenuineIntel
cpu family	: 6
model		: 63
model name	: Intel(R) Xeon(R) CPU E5-2630 v3 @ 2.40GHz
stepping	: 2
microcode	: 0x43
cpu MHz		: 1278.076
cache size	: 20480 KB
physical id	: 0
siblings	: 16
core id		: 5
cpu cores	: 8
apicid		: 11
initial apicid	: 11
fpu		: yes
fpu_exception	: yes
cpuid level	: 15
wp		: yes
flags		: fpu vme de pse tsc msr pae mce cx8 apic sep mtrr pge mca cmov pat pse36 clflush dts acpi mmx fxsr sse sse2 ss ht tm pbe syscall nx pdpe1gb rdtscp lm constant_tsc arch_perfmon pebs bts rep_good nopl xtopology nonstop_tsc aperfmperf eagerfpu pni pclmulqdq dtes64 monitor ds_cpl vmx smx est tm2 ssse3 sdbg fma cx16 xtpr pdcm pcid dca sse4_1 sse4_2 x2apic movbe popcnt tsc_deadline_timer aes xsave avx f16c rdrand lahf_lm abm epb intel_ppin ssbd ibrs ibpb stibp tpr_shadow vnmi flexpriority ept vpid fsgsbase tsc_adjust bmi1 avx2 smep bmi2 erms invpcid cqm xsaveopt cqm_llc cqm_occup_llc dtherm ida arat pln pts md_clear spec_ctrl intel_stibp flush_l1d
bogomips	: 4788.37
clflush size	: 64
cache_alignment	: 64
address sizes	: 46 bits physical, 48 bits virtual
power management:

processor	: 22
vendor_id	: GenuineIntel
cpu family	: 6
model		: 63
model name	: Intel(R) Xeon(R) CPU E5-2630 v3 @ 2.40GHz
stepping	: 2
microcode	: 0x43
cpu MHz		: 1324.511
cache size	: 20480 KB
physical id	: 0
siblings	: 16
core id		: 6
cpu cores	: 8
apicid		: 13
initial apicid	: 13
fpu		: yes
fpu_exception	: yes
cpuid level	: 15
wp		: yes
flags		: fpu vme de pse tsc msr pae mce cx8 apic sep mtrr pge mca cmov pat pse36 clflush dts acpi mmx fxsr sse sse2 ss ht tm pbe syscall nx pdpe1gb rdtscp lm constant_tsc arch_perfmon pebs bts rep_good nopl xtopology nonstop_tsc aperfmperf eagerfpu pni pclmulqdq dtes64 monitor ds_cpl vmx smx est tm2 ssse3 sdbg fma cx16 xtpr pdcm pcid dca sse4_1 sse4_2 x2apic movbe popcnt tsc_deadline_timer aes xsave avx f16c rdrand lahf_lm abm epb intel_ppin ssbd ibrs ibpb stibp tpr_shadow vnmi flexpriority ept vpid fsgsbase tsc_adjust bmi1 avx2 smep bmi2 erms invpcid cqm xsaveopt cqm_llc cqm_occup_llc dtherm ida arat pln pts md_clear spec_ctrl intel_stibp flush_l1d
bogomips	: 4788.37
clflush size	: 64
cache_alignment	: 64
address sizes	: 46 bits physical, 48 bits virtual
power management:

processor	: 23
vendor_id	: GenuineIntel
cpu family	: 6
model		: 63
model name	: Intel(R) Xeon(R) CPU E5-2630 v3 @ 2.40GHz
stepping	: 2
microcode	: 0x43
cpu MHz		: 1256.542
cache size	: 20480 KB
physical id	: 0
siblings	: 16
core id		: 7
cpu cores	: 8
apicid		: 15
initial apicid	: 15
fpu		: yes
fpu_exception	: yes
cpuid level	: 15
wp		: yes
flags		: fpu vme de pse tsc msr pae mce cx8 apic sep mtrr pge mca cmov pat pse36 clflush dts acpi mmx fxsr sse sse2 ss ht tm pbe syscall nx pdpe1gb rdtscp lm constant_tsc arch_perfmon pebs bts rep_good nopl xtopology nonstop_tsc aperfmperf eagerfpu pni pclmulqdq dtes64 monitor ds_cpl vmx smx est tm2 ssse3 sdbg fma cx16 xtpr pdcm pcid dca sse4_1 sse4_2 x2apic movbe popcnt tsc_deadline_timer aes xsave avx f16c rdrand lahf_lm abm epb intel_ppin ssbd ibrs ibpb stibp tpr_shadow vnmi flexpriority ept vpid fsgsbase tsc_adjust bmi1 avx2 smep bmi2 erms invpcid cqm xsaveopt cqm_llc cqm_occup_llc dtherm ida arat pln pts md_clear spec_ctrl intel_stibp flush_l1d
bogomips	: 4788.37
clflush size	: 64
cache_alignment	: 64
address sizes	: 46 bits physical, 48 bits virtual
power management:

processor	: 24
vendor_id	: GenuineIntel
cpu family	: 6
model		: 63
model name	: Intel(R) Xeon(R) CPU E5-2630 v3 @ 2.40GHz
stepping	: 2
microcode	: 0x43
cpu MHz		: 2643.896
cache size	: 20480 KB
physical id	: 1
siblings	: 16
core id		: 0
cpu cores	: 8
apicid		: 17
initial apicid	: 17
fpu		: yes
fpu_exception	: yes
cpuid level	: 15
wp		: yes
flags		: fpu vme de pse tsc msr pae mce cx8 apic sep mtrr pge mca cmov pat pse36 clflush dts acpi mmx fxsr sse sse2 ss ht tm pbe syscall nx pdpe1gb rdtscp lm constant_tsc arch_perfmon pebs bts rep_good nopl xtopology nonstop_tsc aperfmperf eagerfpu pni pclmulqdq dtes64 monitor ds_cpl vmx smx est tm2 ssse3 sdbg fma cx16 xtpr pdcm pcid dca sse4_1 sse4_2 x2apic movbe popcnt tsc_deadline_timer aes xsave avx f16c rdrand lahf_lm abm epb intel_ppin ssbd ibrs ibpb stibp tpr_shadow vnmi flexpriority ept vpid fsgsbase tsc_adjust bmi1 avx2 smep bmi2 erms invpcid cqm xsaveopt cqm_llc cqm_occup_llc dtherm ida arat pln pts md_clear spec_ctrl intel_stibp flush_l1d
bogomips	: 4793.44
clflush size	: 64
cache_alignment	: 64
address sizes	: 46 bits physical, 48 bits virtual
power management:

processor	: 25
vendor_id	: GenuineIntel
cpu family	: 6
model		: 63
model name	: Intel(R) Xeon(R) CPU E5-2630 v3 @ 2.40GHz
stepping	: 2
microcode	: 0x43
cpu MHz		: 1981.347
cache size	: 20480 KB
physical id	: 1
siblings	: 16
core id		: 1
cpu cores	: 8
apicid		: 19
initial apicid	: 19
fpu		: yes
fpu_exception	: yes
cpuid level	: 15
wp		: yes
flags		: fpu vme de pse tsc msr pae mce cx8 apic sep mtrr pge mca cmov pat pse36 clflush dts acpi mmx fxsr sse sse2 ss ht tm pbe syscall nx pdpe1gb rdtscp lm constant_tsc arch_perfmon pebs bts rep_good nopl xtopology nonstop_tsc aperfmperf eagerfpu pni pclmulqdq dtes64 monitor ds_cpl vmx smx est tm2 ssse3 sdbg fma cx16 xtpr pdcm pcid dca sse4_1 sse4_2 x2apic movbe popcnt tsc_deadline_timer aes xsave avx f16c rdrand lahf_lm abm epb intel_ppin ssbd ibrs ibpb stibp tpr_shadow vnmi flexpriority ept vpid fsgsbase tsc_adjust bmi1 avx2 smep bmi2 erms invpcid cqm xsaveopt cqm_llc cqm_occup_llc dtherm ida arat pln pts md_clear spec_ctrl intel_stibp flush_l1d
bogomips	: 4793.44
clflush size	: 64
cache_alignment	: 64
address sizes	: 46 bits physical, 48 bits virtual
power management:

processor	: 26
vendor_id	: GenuineIntel
cpu family	: 6
model		: 63
model name	: Intel(R) Xeon(R) CPU E5-2630 v3 @ 2.40GHz
stepping	: 2
microcode	: 0x43
cpu MHz		: 1201.171
cache size	: 20480 KB
physical id	: 1
siblings	: 16
core id		: 2
cpu cores	: 8
apicid		: 21
initial apicid	: 21
fpu		: yes
fpu_exception	: yes
cpuid level	: 15
wp		: yes
flags		: fpu vme de pse tsc msr pae mce cx8 apic sep mtrr pge mca cmov pat pse36 clflush dts acpi mmx fxsr sse sse2 ss ht tm pbe syscall nx pdpe1gb rdtscp lm constant_tsc arch_perfmon pebs bts rep_good nopl xtopology nonstop_tsc aperfmperf eagerfpu pni pclmulqdq dtes64 monitor ds_cpl vmx smx est tm2 ssse3 sdbg fma cx16 xtpr pdcm pcid dca sse4_1 sse4_2 x2apic movbe popcnt tsc_deadline_timer aes xsave avx f16c rdrand lahf_lm abm epb intel_ppin ssbd ibrs ibpb stibp tpr_shadow vnmi flexpriority ept vpid fsgsbase tsc_adjust bmi1 avx2 smep bmi2 erms invpcid cqm xsaveopt cqm_llc cqm_occup_llc dtherm ida arat pln pts md_clear spec_ctrl intel_stibp flush_l1d
bogomips	: 4793.44
clflush size	: 64
cache_alignment	: 64
address sizes	: 46 bits physical, 48 bits virtual
power management:

processor	: 27
vendor_id	: GenuineIntel
cpu family	: 6
model		: 63
model name	: Intel(R) Xeon(R) CPU E5-2630 v3 @ 2.40GHz
stepping	: 2
microcode	: 0x43
cpu MHz		: 2217.919
cache size	: 20480 KB
physical id	: 1
siblings	: 16
core id		: 3
cpu cores	: 8
apicid		: 23
initial apicid	: 23
fpu		: yes
fpu_exception	: yes
cpuid level	: 15
wp		: yes
flags		: fpu vme de pse tsc msr pae mce cx8 apic sep mtrr pge mca cmov pat pse36 clflush dts acpi mmx fxsr sse sse2 ss ht tm pbe syscall nx pdpe1gb rdtscp lm constant_tsc arch_perfmon pebs bts rep_good nopl xtopology nonstop_tsc aperfmperf eagerfpu pni pclmulqdq dtes64 monitor ds_cpl vmx smx est tm2 ssse3 sdbg fma cx16 xtpr pdcm pcid dca sse4_1 sse4_2 x2apic movbe popcnt tsc_deadline_timer aes xsave avx f16c rdrand lahf_lm abm epb intel_ppin ssbd ibrs ibpb stibp tpr_shadow vnmi flexpriority ept vpid fsgsbase tsc_adjust bmi1 avx2 smep bmi2 erms invpcid cqm xsaveopt cqm_llc cqm_occup_llc dtherm ida arat pln pts md_clear spec_ctrl intel_stibp flush_l1d
bogomips	: 4793.44
clflush size	: 64
cache_alignment	: 64
address sizes	: 46 bits physical, 48 bits virtual
power management:

processor	: 28
vendor_id	: GenuineIntel
cpu family	: 6
model		: 63
model name	: Intel(R) Xeon(R) CPU E5-2630 v3 @ 2.40GHz
stepping	: 2
microcode	: 0x43
cpu MHz		: 1292.578
cache size	: 20480 KB
physical id	: 1
siblings	: 16
core id		: 4
cpu cores	: 8
apicid		: 25
initial apicid	: 25
fpu		: yes
fpu_exception	: yes
cpuid level	: 15
wp		: yes
flags		: fpu vme de pse tsc msr pae mce cx8 apic sep mtrr pge mca cmov pat pse36 clflush dts acpi mmx fxsr sse sse2 ss ht tm pbe syscall nx pdpe1gb rdtscp lm constant_tsc arch_perfmon pebs bts rep_good nopl xtopology nonstop_tsc aperfmperf eagerfpu pni pclmulqdq dtes64 monitor ds_cpl vmx smx est tm2 ssse3 sdbg fma cx16 xtpr pdcm pcid dca sse4_1 sse4_2 x2apic movbe popcnt tsc_deadline_timer aes xsave avx f16c rdrand lahf_lm abm epb intel_ppin ssbd ibrs ibpb stibp tpr_shadow vnmi flexpriority ept vpid fsgsbase tsc_adjust bmi1 avx2 smep bmi2 erms invpcid cqm xsaveopt cqm_llc cqm_occup_llc dtherm ida arat pln pts md_clear spec_ctrl intel_stibp flush_l1d
bogomips	: 4793.44
clflush size	: 64
cache_alignment	: 64
address sizes	: 46 bits physical, 48 bits virtual
power management:

processor	: 29
vendor_id	: GenuineIntel
cpu family	: 6
model		: 63
model name	: Intel(R) Xeon(R) CPU E5-2630 v3 @ 2.40GHz
stepping	: 2
microcode	: 0x43
cpu MHz		: 1200.439
cache size	: 20480 KB
physical id	: 1
siblings	: 16
core id		: 5
cpu cores	: 8
apicid		: 27
initial apicid	: 27
fpu		: yes
fpu_exception	: yes
cpuid level	: 15
wp		: yes
flags		: fpu vme de pse tsc msr pae mce cx8 apic sep mtrr pge mca cmov pat pse36 clflush dts acpi mmx fxsr sse sse2 ss ht tm pbe syscall nx pdpe1gb rdtscp lm constant_tsc arch_perfmon pebs bts rep_good nopl xtopology nonstop_tsc aperfmperf eagerfpu pni pclmulqdq dtes64 monitor ds_cpl vmx smx est tm2 ssse3 sdbg fma cx16 xtpr pdcm pcid dca sse4_1 sse4_2 x2apic movbe popcnt tsc_deadline_timer aes xsave avx f16c rdrand lahf_lm abm epb intel_ppin ssbd ibrs ibpb stibp tpr_shadow vnmi flexpriority ept vpid fsgsbase tsc_adjust bmi1 avx2 smep bmi2 erms invpcid cqm xsaveopt cqm_llc cqm_occup_llc dtherm ida arat pln pts md_clear spec_ctrl intel_stibp flush_l1d
bogomips	: 4793.44
clflush size	: 64
cache_alignment	: 64
address sizes	: 46 bits physical, 48 bits virtual
power management:

processor	: 30
vendor_id	: GenuineIntel
cpu family	: 6
model		: 63
model name	: Intel(R) Xeon(R) CPU E5-2630 v3 @ 2.40GHz
stepping	: 2
microcode	: 0x43
cpu MHz		: 1201.318
cache size	: 20480 KB
physical id	: 1
siblings	: 16
core id		: 6
cpu cores	: 8
apicid		: 29
initial apicid	: 29
fpu		: yes
fpu_exception	: yes
cpuid level	: 15
wp		: yes
flags		: fpu vme de pse tsc msr pae mce cx8 apic sep mtrr pge mca cmov pat pse36 clflush dts acpi mmx fxsr sse sse2 ss ht tm pbe syscall nx pdpe1gb rdtscp lm constant_tsc arch_perfmon pebs bts rep_good nopl xtopology nonstop_tsc aperfmperf eagerfpu pni pclmulqdq dtes64 monitor ds_cpl vmx smx est tm2 ssse3 sdbg fma cx16 xtpr pdcm pcid dca sse4_1 sse4_2 x2apic movbe popcnt tsc_deadline_timer aes xsave avx f16c rdrand lahf_lm abm epb intel_ppin ssbd ibrs ibpb stibp tpr_shadow vnmi flexpriority ept vpid fsgsbase tsc_adjust bmi1 avx2 smep bmi2 erms invpcid cqm xsaveopt cqm_llc cqm_occup_llc dtherm ida arat pln pts md_clear spec_ctrl intel_stibp flush_l1d
bogomips	: 4793.44
clflush size	: 64
cache_alignment	: 64
address sizes	: 46 bits physical, 48 bits virtual
power management:

processor	: 31
vendor_id	: GenuineIntel
cpu family	: 6
model		: 63
model name	: Intel(R) Xeon(R) CPU E5-2630 v3 @ 2.40GHz
stepping	: 2
microcode	: 0x43
cpu MHz		: 1200.146
cache size	: 20480 KB
physical id	: 1
siblings	: 16
core id		: 7
cpu cores	: 8
apicid		: 31
initial apicid	: 31
fpu		: yes
fpu_exception	: yes
cpuid level	: 15
wp		: yes
flags		: fpu vme de pse tsc msr pae mce cx8 apic sep mtrr pge mca cmov pat pse36 clflush dts acpi mmx fxsr sse sse2 ss ht tm pbe syscall nx pdpe1gb rdtscp lm constant_tsc arch_perfmon pebs bts rep_good nopl xtopology nonstop_tsc aperfmperf eagerfpu pni pclmulqdq dtes64 monitor ds_cpl vmx smx est tm2 ssse3 sdbg fma cx16 xtpr pdcm pcid dca sse4_1 sse4_2 x2apic movbe popcnt tsc_deadline_timer aes xsave avx f16c rdrand lahf_lm abm epb intel_ppin ssbd ibrs ibpb stibp tpr_shadow vnmi flexpriority ept vpid fsgsbase tsc_adjust bmi1 avx2 smep bmi2 erms invpcid cqm xsaveopt cqm_llc cqm_occup_llc dtherm ida arat pln pts md_clear spec_ctrl intel_stibp flush_l1d
bogomips	: 4793.44
clflush size	: 64
cache_alignment	: 64
address sizes	: 46 bits physical, 48 bits virtual
power management:



Memory: 4k page, physical 263864184k(1070772k free), swap 0k(0k free)

vm_info: OpenJDK 64-Bit Server VM (25.212-b04) for linux-amd64 JRE (1.8.0_212-b04), built on May  4 2019 17:50:21 by "buildozer" with gcc 6.4.0

time: Fri Sep 20 20:29:49 2019
timezone: UTC
elapsed time: 5 seconds (0d 0h 0m 5s)

