[INFO] Scanning for projects...
[INFO] ------------------------------------------------------------------------
[INFO] Detecting the operating system and CPU architecture
[INFO] ------------------------------------------------------------------------
[INFO] os.detected.name: linux
[INFO] os.detected.arch: x86_64
[INFO] os.detected.version: 3.10
[INFO] os.detected.version.major: 3
[INFO] os.detected.version.minor: 10
[INFO] os.detected.release: alpine
[INFO] os.detected.release.version: 3.8.2
[INFO] os.detected.release.like.alpine: true
[INFO] os.detected.classifier: linux-x86_64
[INFO] ------------------------------------------------------------------------
[INFO] Reactor Build Order:
[INFO] 
[INFO] Apache Hadoop HDDS                                                 [pom]
[INFO] Apache Hadoop HDDS Config                                          [jar]
[INFO] Apache Hadoop HDDS Common                                          [jar]
[INFO] Apache Hadoop HDDS Client                                          [jar]
[INFO] Apache Hadoop HDDS Server Framework                                [jar]
[INFO] Apache Hadoop HDDS Container Service                               [jar]
[INFO] Apache Hadoop HDDS/Ozone Documentation                             [jar]
[INFO] Apache Hadoop HDDS SCM Server                                      [jar]
[INFO] Apache Hadoop HDDS Tools                                           [jar]
[INFO] Apache Hadoop Ozone                                                [pom]
[INFO] Apache Hadoop Ozone Common                                         [jar]
[INFO] Apache Hadoop Ozone Client                                         [jar]
[INFO] Apache Hadoop Ozone Manager Server                                 [jar]
[INFO] Apache Hadoop Ozone S3 Gateway                                     [jar]
[INFO] Apache Hadoop Ozone CSI service                                    [jar]
[INFO] Apache Hadoop Ozone Recon CodeGen                                  [jar]
[INFO] Apache Hadoop Ozone Recon                                          [jar]
[INFO] Apache Hadoop Ozone Integration Tests                              [jar]
[INFO] Apache Hadoop Ozone FileSystem                                     [jar]
[INFO] Apache Hadoop Ozone FileSystem Single Jar Library                  [jar]
[INFO] Apache Hadoop Ozone FileSystem Legacy Jar Library                  [jar]
[INFO] Apache Hadoop Ozone Tools                                          [jar]
[INFO] Apache Hadoop Ozone Datanode                                       [jar]
[INFO] Apache Hadoop Ozone In-Place Upgrade                               [jar]
[INFO] Apache Hadoop Ozone Insight Tool                                   [jar]
[INFO] Apache Hadoop Ozone Distribution                                   [pom]
[INFO] Apache Hadoop Ozone Fault Injection Tests                          [pom]
[INFO] Apache Hadoop Ozone Network Tests                                  [jar]
[INFO] Apache Hadoop Ozone Main                                           [pom]
[INFO] Downloading from central: https://repo.maven.apache.org/maven2/org/apache/maven/plugins/maven-checkstyle-plugin/maven-metadata.xml
[INFO] Downloaded from central: https://repo.maven.apache.org/maven2/org/apache/maven/plugins/maven-checkstyle-plugin/maven-metadata.xml (1.1 kB at 579 B/s)
[INFO] Downloading from central: https://repo.maven.apache.org/maven2/org/apache/maven/plugins/maven-checkstyle-plugin/3.1.0/maven-checkstyle-plugin-3.1.0.pom
[INFO] Downloaded from central: https://repo.maven.apache.org/maven2/org/apache/maven/plugins/maven-checkstyle-plugin/3.1.0/maven-checkstyle-plugin-3.1.0.pom (14 kB at 467 kB/s)
[INFO] Downloading from central: https://repo.maven.apache.org/maven2/org/apache/maven/plugins/maven-plugins/33/maven-plugins-33.pom
[INFO] Downloaded from central: https://repo.maven.apache.org/maven2/org/apache/maven/plugins/maven-plugins/33/maven-plugins-33.pom (11 kB at 382 kB/s)
[INFO] Downloading from central: https://repo.maven.apache.org/maven2/org/apache/maven/plugins/maven-checkstyle-plugin/3.1.0/maven-checkstyle-plugin-3.1.0.jar
[INFO] Downloaded from central: https://repo.maven.apache.org/maven2/org/apache/maven/plugins/maven-checkstyle-plugin/3.1.0/maven-checkstyle-plugin-3.1.0.jar (110 kB at 2.7 MB/s)
[INFO] 
[INFO] -------------------< org.apache.hadoop:hadoop-hdds >--------------------
[INFO] Building Apache Hadoop HDDS 0.5.0-SNAPSHOT                        [1/29]
[INFO] --------------------------------[ pom ]---------------------------------
[INFO] 
[INFO] --- maven-checkstyle-plugin:3.0.0:check (default-cli) @ hadoop-hdds ---
[INFO] Downloading from apache.snapshots.https: https://repository.apache.org/content/repositories/snapshots/com/puppycrawl/tools/checkstyle/8.8/checkstyle-8.8.pom
[INFO] Downloading from central: https://repo.maven.apache.org/maven2/com/puppycrawl/tools/checkstyle/8.8/checkstyle-8.8.pom
[INFO] Downloaded from central: https://repo.maven.apache.org/maven2/com/puppycrawl/tools/checkstyle/8.8/checkstyle-8.8.pom (100 kB at 2.0 MB/s)
[INFO] Downloading from apache.snapshots.https: https://repository.apache.org/content/repositories/snapshots/org/antlr/antlr4-runtime/4.7.1/antlr4-runtime-4.7.1.pom
[INFO] Downloading from central: https://repo.maven.apache.org/maven2/org/antlr/antlr4-runtime/4.7.1/antlr4-runtime-4.7.1.pom
[INFO] Downloaded from central: https://repo.maven.apache.org/maven2/org/antlr/antlr4-runtime/4.7.1/antlr4-runtime-4.7.1.pom (3.5 kB at 147 kB/s)
[INFO] Downloading from apache.snapshots.https: https://repository.apache.org/content/repositories/snapshots/org/antlr/antlr4-master/4.7.1/antlr4-master-4.7.1.pom
[INFO] Downloading from central: https://repo.maven.apache.org/maven2/org/antlr/antlr4-master/4.7.1/antlr4-master-4.7.1.pom
[INFO] Downloaded from central: https://repo.maven.apache.org/maven2/org/antlr/antlr4-master/4.7.1/antlr4-master-4.7.1.pom (4.4 kB at 175 kB/s)
[INFO] Downloading from apache.snapshots.https: https://repository.apache.org/content/repositories/snapshots/commons-cli/commons-cli/1.4/commons-cli-1.4.pom
[INFO] Downloading from central: https://repo.maven.apache.org/maven2/commons-cli/commons-cli/1.4/commons-cli-1.4.pom
[INFO] Downloaded from central: https://repo.maven.apache.org/maven2/commons-cli/commons-cli/1.4/commons-cli-1.4.pom (11 kB at 446 kB/s)
[INFO] Downloading from apache.snapshots.https: https://repository.apache.org/content/repositories/snapshots/com/google/guava/guava/23.6-jre/guava-23.6-jre.pom
[INFO] Downloading from central: https://repo.maven.apache.org/maven2/com/google/guava/guava/23.6-jre/guava-23.6-jre.pom
[INFO] Downloaded from central: https://repo.maven.apache.org/maven2/com/google/guava/guava/23.6-jre/guava-23.6-jre.pom (7.8 kB at 313 kB/s)
[INFO] Downloading from apache.snapshots.https: https://repository.apache.org/content/repositories/snapshots/com/google/guava/guava-parent/23.6-jre/guava-parent-23.6-jre.pom
[INFO] Downloading from central: https://repo.maven.apache.org/maven2/com/google/guava/guava-parent/23.6-jre/guava-parent-23.6-jre.pom
[INFO] Downloaded from central: https://repo.maven.apache.org/maven2/com/google/guava/guava-parent/23.6-jre/guava-parent-23.6-jre.pom (10 kB at 389 kB/s)
[INFO] Downloading from apache.snapshots.https: https://repository.apache.org/content/repositories/snapshots/org/checkerframework/checker-compat-qual/2.0.0/checker-compat-qual-2.0.0.pom
[INFO] Downloading from central: https://repo.maven.apache.org/maven2/org/checkerframework/checker-compat-qual/2.0.0/checker-compat-qual-2.0.0.pom
[INFO] Downloaded from central: https://repo.maven.apache.org/maven2/org/checkerframework/checker-compat-qual/2.0.0/checker-compat-qual-2.0.0.pom (4.2 kB at 183 kB/s)
[INFO] Downloading from apache.snapshots.https: https://repository.apache.org/content/repositories/snapshots/net/sf/saxon/Saxon-HE/9.8.0-7/Saxon-HE-9.8.0-7.pom
[INFO] Downloading from central: https://repo.maven.apache.org/maven2/net/sf/saxon/Saxon-HE/9.8.0-7/Saxon-HE-9.8.0-7.pom
[INFO] Downloaded from central: https://repo.maven.apache.org/maven2/net/sf/saxon/Saxon-HE/9.8.0-7/Saxon-HE-9.8.0-7.pom (3.4 kB at 140 kB/s)
[INFO] Downloading from apache.snapshots.https: https://repository.apache.org/content/repositories/snapshots/com/puppycrawl/tools/checkstyle/8.8/checkstyle-8.8.jar
[INFO] Downloading from apache.snapshots.https: https://repository.apache.org/content/repositories/snapshots/org/antlr/antlr4-runtime/4.7.1/antlr4-runtime-4.7.1.jar
[INFO] Downloading from apache.snapshots.https: https://repository.apache.org/content/repositories/snapshots/org/checkerframework/checker-compat-qual/2.0.0/checker-compat-qual-2.0.0.jar
[INFO] Downloading from apache.snapshots.https: https://repository.apache.org/content/repositories/snapshots/com/google/guava/guava/23.6-jre/guava-23.6-jre.jar
[INFO] Downloading from apache.snapshots.https: https://repository.apache.org/content/repositories/snapshots/commons-cli/commons-cli/1.4/commons-cli-1.4.jar
[INFO] Downloading from apache.snapshots.https: https://repository.apache.org/content/repositories/snapshots/net/sf/saxon/Saxon-HE/9.8.0-7/Saxon-HE-9.8.0-7.jar
[INFO] Downloading from central: https://repo.maven.apache.org/maven2/com/puppycrawl/tools/checkstyle/8.8/checkstyle-8.8.jar
[INFO] Downloading from central: https://repo.maven.apache.org/maven2/commons-cli/commons-cli/1.4/commons-cli-1.4.jar
[INFO] Downloading from central: https://repo.maven.apache.org/maven2/org/antlr/antlr4-runtime/4.7.1/antlr4-runtime-4.7.1.jar
[INFO] Downloading from central: https://repo.maven.apache.org/maven2/org/checkerframework/checker-compat-qual/2.0.0/checker-compat-qual-2.0.0.jar
[INFO] Downloading from central: https://repo.maven.apache.org/maven2/com/google/guava/guava/23.6-jre/guava-23.6-jre.jar
[INFO] Downloaded from central: https://repo.maven.apache.org/maven2/org/checkerframework/checker-compat-qual/2.0.0/checker-compat-qual-2.0.0.jar (32 kB at 644 kB/s)
[INFO] Downloading from central: https://repo.maven.apache.org/maven2/net/sf/saxon/Saxon-HE/9.8.0-7/Saxon-HE-9.8.0-7.jar
[INFO] Downloaded from central: https://repo.maven.apache.org/maven2/commons-cli/commons-cli/1.4/commons-cli-1.4.jar (54 kB at 897 kB/s)
[INFO] Downloaded from central: https://repo.maven.apache.org/maven2/org/antlr/antlr4-runtime/4.7.1/antlr4-runtime-4.7.1.jar (337 kB at 3.9 MB/s)
[INFO] Downloaded from central: https://repo.maven.apache.org/maven2/com/puppycrawl/tools/checkstyle/8.8/checkstyle-8.8.jar (1.3 MB at 8.7 MB/s)
[INFO] Downloaded from central: https://repo.maven.apache.org/maven2/com/google/guava/guava/23.6-jre/guava-23.6-jre.jar (2.7 MB at 13 MB/s)
[INFO] Downloaded from central: https://repo.maven.apache.org/maven2/net/sf/saxon/Saxon-HE/9.8.0-7/Saxon-HE-9.8.0-7.jar (5.0 MB at 6.6 MB/s)
[INFO] 
[INFO] ----------------< org.apache.hadoop:hadoop-hdds-config >----------------
[INFO] Building Apache Hadoop HDDS Config 0.5.0-SNAPSHOT                 [2/29]
[INFO] --------------------------------[ jar ]---------------------------------
[INFO] 
[INFO] --- maven-checkstyle-plugin:3.0.0:check (default-cli) @ hadoop-hdds-config ---
[INFO] 
[INFO] ----------------< org.apache.hadoop:hadoop-hdds-common >----------------
[INFO] Building Apache Hadoop HDDS Common 0.5.0-SNAPSHOT                 [3/29]
[INFO] --------------------------------[ jar ]---------------------------------
[INFO] Downloading from apache.snapshots.https: https://repository.apache.org/content/repositories/snapshots/org/apache/hadoop/hadoop-hdds-config/0.5.0-SNAPSHOT/maven-metadata.xml
[INFO] Downloaded from apache.snapshots.https: https://repository.apache.org/content/repositories/snapshots/org/apache/hadoop/hadoop-hdds-config/0.5.0-SNAPSHOT/maven-metadata.xml (1.2 kB at 2.0 kB/s)
[INFO] Downloading from apache.snapshots.https: https://repository.apache.org/content/repositories/snapshots/org/apache/ratis/ratis-server/0.4.0-78e95b9-SNAPSHOT/maven-metadata.xml
[INFO] Downloaded from apache.snapshots.https: https://repository.apache.org/content/repositories/snapshots/org/apache/ratis/ratis-server/0.4.0-78e95b9-SNAPSHOT/maven-metadata.xml (1.0 kB at 1.7 kB/s)
[INFO] Downloading from apache.snapshots.https: https://repository.apache.org/content/repositories/snapshots/org/apache/ratis/ratis-server/0.4.0-78e95b9-SNAPSHOT/ratis-server-0.4.0-78e95b9-20190904.153711-2.pom
[INFO] Downloaded from apache.snapshots.https: https://repository.apache.org/content/repositories/snapshots/org/apache/ratis/ratis-server/0.4.0-78e95b9-SNAPSHOT/ratis-server-0.4.0-78e95b9-20190904.153711-2.pom (2.7 kB at 4.3 kB/s)
[INFO] Downloading from apache.snapshots.https: https://repository.apache.org/content/repositories/snapshots/org/apache/ratis/ratis/0.4.0-78e95b9-SNAPSHOT/maven-metadata.xml
[INFO] Downloaded from apache.snapshots.https: https://repository.apache.org/content/repositories/snapshots/org/apache/ratis/ratis/0.4.0-78e95b9-SNAPSHOT/maven-metadata.xml (614 B at 1.0 kB/s)
[INFO] Downloading from apache.snapshots.https: https://repository.apache.org/content/repositories/snapshots/org/apache/ratis/ratis/0.4.0-78e95b9-SNAPSHOT/ratis-0.4.0-78e95b9-20190904.153457-2.pom
[INFO] Downloaded from apache.snapshots.https: https://repository.apache.org/content/repositories/snapshots/org/apache/ratis/ratis/0.4.0-78e95b9-SNAPSHOT/ratis-0.4.0-78e95b9-20190904.153457-2.pom (36 kB at 54 kB/s)
[INFO] Downloading from apache.snapshots.https: https://repository.apache.org/content/repositories/snapshots/org/apache/ratis/ratis-proto/0.4.0-78e95b9-SNAPSHOT/maven-metadata.xml
[INFO] Downloading from apache.snapshots: https://repository.apache.org/snapshots/org/apache/ratis/ratis-proto/0.4.0-78e95b9-SNAPSHOT/maven-metadata.xml
[INFO] Downloaded from apache.snapshots: https://repository.apache.org/snapshots/org/apache/ratis/ratis-proto/0.4.0-78e95b9-SNAPSHOT/maven-metadata.xml (1.2 kB at 2.1 kB/s)
[INFO] Downloaded from apache.snapshots.https: https://repository.apache.org/content/repositories/snapshots/org/apache/ratis/ratis-proto/0.4.0-78e95b9-SNAPSHOT/maven-metadata.xml (1.2 kB at 2.1 kB/s)
[INFO] Downloading from apache.snapshots.https: https://repository.apache.org/content/repositories/snapshots/org/apache/ratis/ratis-proto/0.4.0-78e95b9-SNAPSHOT/ratis-proto-0.4.0-78e95b9-20190904.153515-2.pom
[INFO] Downloaded from apache.snapshots.https: https://repository.apache.org/content/repositories/snapshots/org/apache/ratis/ratis-proto/0.4.0-78e95b9-SNAPSHOT/ratis-proto-0.4.0-78e95b9-20190904.153515-2.pom (6.9 kB at 11 kB/s)
[INFO] Downloading from apache.snapshots.https: https://repository.apache.org/content/repositories/snapshots/org/apache/ratis/ratis-common/0.4.0-78e95b9-SNAPSHOT/maven-metadata.xml
[INFO] Downloading from apache.snapshots: https://repository.apache.org/snapshots/org/apache/ratis/ratis-common/0.4.0-78e95b9-SNAPSHOT/maven-metadata.xml
[INFO] Downloaded from apache.snapshots.https: https://repository.apache.org/content/repositories/snapshots/org/apache/ratis/ratis-common/0.4.0-78e95b9-SNAPSHOT/maven-metadata.xml (1.0 kB at 1.7 kB/s)
[INFO] Downloaded from apache.snapshots: https://repository.apache.org/snapshots/org/apache/ratis/ratis-common/0.4.0-78e95b9-SNAPSHOT/maven-metadata.xml (1.0 kB at 1.7 kB/s)
[INFO] Downloading from apache.snapshots.https: https://repository.apache.org/content/repositories/snapshots/org/apache/ratis/ratis-common/0.4.0-78e95b9-SNAPSHOT/ratis-common-0.4.0-78e95b9-20190904.153549-2.pom
[INFO] Downloaded from apache.snapshots.https: https://repository.apache.org/content/repositories/snapshots/org/apache/ratis/ratis-common/0.4.0-78e95b9-SNAPSHOT/ratis-common-0.4.0-78e95b9-20190904.153549-2.pom (5.0 kB at 8.3 kB/s)
[INFO] Downloading from apache.snapshots: https://repository.apache.org/snapshots/org/apache/ratis/ratis-client/0.4.0-78e95b9-SNAPSHOT/maven-metadata.xml
[INFO] Downloading from apache.snapshots.https: https://repository.apache.org/content/repositories/snapshots/org/apache/ratis/ratis-client/0.4.0-78e95b9-SNAPSHOT/maven-metadata.xml
[INFO] Downloaded from apache.snapshots.https: https://repository.apache.org/content/repositories/snapshots/org/apache/ratis/ratis-client/0.4.0-78e95b9-SNAPSHOT/maven-metadata.xml (1.0 kB at 1.7 kB/s)
[INFO] Downloaded from apache.snapshots: https://repository.apache.org/snapshots/org/apache/ratis/ratis-client/0.4.0-78e95b9-SNAPSHOT/maven-metadata.xml (1.0 kB at 1.7 kB/s)
[INFO] Downloading from apache.snapshots.https: https://repository.apache.org/content/repositories/snapshots/org/apache/ratis/ratis-client/0.4.0-78e95b9-SNAPSHOT/ratis-client-0.4.0-78e95b9-20190904.153615-2.pom
[INFO] Downloaded from apache.snapshots.https: https://repository.apache.org/content/repositories/snapshots/org/apache/ratis/ratis-client/0.4.0-78e95b9-SNAPSHOT/ratis-client-0.4.0-78e95b9-20190904.153615-2.pom (1.6 kB at 2.6 kB/s)
[INFO] Downloading from apache.snapshots.https: https://repository.apache.org/content/repositories/snapshots/org/apache/ratis/ratis-metrics/0.4.0-78e95b9-SNAPSHOT/maven-metadata.xml
[INFO] Downloading from apache.snapshots: https://repository.apache.org/snapshots/org/apache/ratis/ratis-metrics/0.4.0-78e95b9-SNAPSHOT/maven-metadata.xml
[INFO] Downloaded from apache.snapshots.https: https://repository.apache.org/content/repositories/snapshots/org/apache/ratis/ratis-metrics/0.4.0-78e95b9-SNAPSHOT/maven-metadata.xml (1.0 kB at 1.7 kB/s)
[INFO] Downloaded from apache.snapshots: https://repository.apache.org/snapshots/org/apache/ratis/ratis-metrics/0.4.0-78e95b9-SNAPSHOT/maven-metadata.xml (1.0 kB at 1.7 kB/s)
[INFO] Downloading from apache.snapshots.https: https://repository.apache.org/content/repositories/snapshots/org/apache/ratis/ratis-metrics/0.4.0-78e95b9-SNAPSHOT/ratis-metrics-0.4.0-78e95b9-20190904.153644-2.pom
[INFO] Downloaded from apache.snapshots.https: https://repository.apache.org/content/repositories/snapshots/org/apache/ratis/ratis-metrics/0.4.0-78e95b9-SNAPSHOT/ratis-metrics-0.4.0-78e95b9-20190904.153644-2.pom (2.6 kB at 3.4 kB/s)
[INFO] Downloading from apache.snapshots.https: https://repository.apache.org/content/repositories/snapshots/com/github/joshelser/dropwizard-metrics-hadoop-metrics2-reporter/0.1.2/dropwizard-metrics-hadoop-metrics2-reporter-0.1.2.pom
[INFO] Downloading from repository.jboss.org: http://repository.jboss.org/nexus/content/groups/public/com/github/joshelser/dropwizard-metrics-hadoop-metrics2-reporter/0.1.2/dropwizard-metrics-hadoop-metrics2-reporter-0.1.2.pom
[INFO] Downloading from central: https://repo.maven.apache.org/maven2/com/github/joshelser/dropwizard-metrics-hadoop-metrics2-reporter/0.1.2/dropwizard-metrics-hadoop-metrics2-reporter-0.1.2.pom
[INFO] Downloaded from central: https://repo.maven.apache.org/maven2/com/github/joshelser/dropwizard-metrics-hadoop-metrics2-reporter/0.1.2/dropwizard-metrics-hadoop-metrics2-reporter-0.1.2.pom (7.7 kB at 334 kB/s)
[INFO] Downloading from apache.snapshots.https: https://repository.apache.org/content/repositories/snapshots/io/dropwizard/metrics/metrics-jvm/3.2.5/metrics-jvm-3.2.5.pom
[INFO] Downloading from repository.jboss.org: http://repository.jboss.org/nexus/content/groups/public/io/dropwizard/metrics/metrics-jvm/3.2.5/metrics-jvm-3.2.5.pom
[INFO] Downloading from central: https://repo.maven.apache.org/maven2/io/dropwizard/metrics/metrics-jvm/3.2.5/metrics-jvm-3.2.5.pom
[INFO] Downloaded from central: https://repo.maven.apache.org/maven2/io/dropwizard/metrics/metrics-jvm/3.2.5/metrics-jvm-3.2.5.pom (967 B at 48 kB/s)
[INFO] Downloading from apache.snapshots.https: https://repository.apache.org/content/repositories/snapshots/io/dropwizard/metrics/metrics-parent/3.2.5/metrics-parent-3.2.5.pom
[INFO] Downloading from repository.jboss.org: http://repository.jboss.org/nexus/content/groups/public/io/dropwizard/metrics/metrics-parent/3.2.5/metrics-parent-3.2.5.pom
[INFO] Downloading from central: https://repo.maven.apache.org/maven2/io/dropwizard/metrics/metrics-parent/3.2.5/metrics-parent-3.2.5.pom
[INFO] Downloaded from central: https://repo.maven.apache.org/maven2/io/dropwizard/metrics/metrics-parent/3.2.5/metrics-parent-3.2.5.pom (12 kB at 452 kB/s)
[INFO] Downloading from apache.snapshots.https: https://repository.apache.org/content/repositories/snapshots/io/dropwizard/metrics/metrics-ganglia/3.2.5/metrics-ganglia-3.2.5.pom
[INFO] Downloading from repository.jboss.org: http://repository.jboss.org/nexus/content/groups/public/io/dropwizard/metrics/metrics-ganglia/3.2.5/metrics-ganglia-3.2.5.pom
[INFO] Downloading from central: https://repo.maven.apache.org/maven2/io/dropwizard/metrics/metrics-ganglia/3.2.5/metrics-ganglia-3.2.5.pom
[INFO] Downloaded from central: https://repo.maven.apache.org/maven2/io/dropwizard/metrics/metrics-ganglia/3.2.5/metrics-ganglia-3.2.5.pom (1.1 kB at 53 kB/s)
[INFO] Downloading from apache.snapshots.https: https://repository.apache.org/content/repositories/snapshots/info/ganglia/gmetric4j/gmetric4j/1.0.7/gmetric4j-1.0.7.pom
[INFO] Downloading from repository.jboss.org: http://repository.jboss.org/nexus/content/groups/public/info/ganglia/gmetric4j/gmetric4j/1.0.7/gmetric4j-1.0.7.pom
[INFO] Downloading from central: https://repo.maven.apache.org/maven2/info/ganglia/gmetric4j/gmetric4j/1.0.7/gmetric4j-1.0.7.pom
[INFO] Downloaded from central: https://repo.maven.apache.org/maven2/info/ganglia/gmetric4j/gmetric4j/1.0.7/gmetric4j-1.0.7.pom (4.9 kB at 222 kB/s)
[INFO] Downloading from apache.snapshots.https: https://repository.apache.org/content/repositories/snapshots/org/apache/ratis/ratis-netty/0.4.0-78e95b9-SNAPSHOT/maven-metadata.xml
[INFO] Downloaded from apache.snapshots.https: https://repository.apache.org/content/repositories/snapshots/org/apache/ratis/ratis-netty/0.4.0-78e95b9-SNAPSHOT/maven-metadata.xml (1.0 kB at 1.7 kB/s)
[INFO] Downloading from apache.snapshots.https: https://repository.apache.org/content/repositories/snapshots/org/apache/ratis/ratis-netty/0.4.0-78e95b9-SNAPSHOT/ratis-netty-0.4.0-78e95b9-20190904.153830-2.pom
[INFO] Downloaded from apache.snapshots.https: https://repository.apache.org/content/repositories/snapshots/org/apache/ratis/ratis-netty/0.4.0-78e95b9-SNAPSHOT/ratis-netty-0.4.0-78e95b9-20190904.153830-2.pom (2.4 kB at 4.1 kB/s)
[INFO] Downloading from apache.snapshots.https: https://repository.apache.org/content/repositories/snapshots/org/apache/ratis/ratis-grpc/0.4.0-78e95b9-SNAPSHOT/maven-metadata.xml
[INFO] Downloaded from apache.snapshots.https: https://repository.apache.org/content/repositories/snapshots/org/apache/ratis/ratis-grpc/0.4.0-78e95b9-SNAPSHOT/maven-metadata.xml (1.0 kB at 469 B/s)
[INFO] Downloading from apache.snapshots.https: https://repository.apache.org/content/repositories/snapshots/org/apache/ratis/ratis-grpc/0.4.0-78e95b9-SNAPSHOT/ratis-grpc-0.4.0-78e95b9-20190904.153802-2.pom
[INFO] Downloaded from apache.snapshots.https: https://repository.apache.org/content/repositories/snapshots/org/apache/ratis/ratis-grpc/0.4.0-78e95b9-SNAPSHOT/ratis-grpc-0.4.0-78e95b9-20190904.153802-2.pom (2.4 kB at 4.1 kB/s)
[INFO] Downloading from apache.snapshots.https: https://repository.apache.org/content/repositories/snapshots/org/rocksdb/rocksdbjni/6.0.1/rocksdbjni-6.0.1.pom
[INFO] Downloading from repository.jboss.org: http://repository.jboss.org/nexus/content/groups/public/org/rocksdb/rocksdbjni/6.0.1/rocksdbjni-6.0.1.pom
[INFO] Downloading from central: https://repo.maven.apache.org/maven2/org/rocksdb/rocksdbjni/6.0.1/rocksdbjni-6.0.1.pom
[INFO] Downloaded from central: https://repo.maven.apache.org/maven2/org/rocksdb/rocksdbjni/6.0.1/rocksdbjni-6.0.1.pom (6.4 kB at 267 kB/s)
[INFO] Downloading from apache.snapshots.https: https://repository.apache.org/content/repositories/snapshots/org/apache/hadoop/hadoop-hdds-config/0.5.0-SNAPSHOT/hadoop-hdds-config-0.5.0-20190715.155405-75.jar
[INFO] Downloading from apache.snapshots.https: https://repository.apache.org/content/repositories/snapshots/org/apache/ratis/ratis-client/0.4.0-78e95b9-SNAPSHOT/ratis-client-0.4.0-78e95b9-20190904.153615-2.jar
[INFO] Downloading from apache.snapshots.https: https://repository.apache.org/content/repositories/snapshots/org/apache/ratis/ratis-common/0.4.0-78e95b9-SNAPSHOT/ratis-common-0.4.0-78e95b9-20190904.153549-2.jar
[INFO] Downloading from apache.snapshots.https: https://repository.apache.org/content/repositories/snapshots/org/apache/ratis/ratis-proto/0.4.0-78e95b9-SNAPSHOT/ratis-proto-0.4.0-78e95b9-20190904.153515-2.jar
[INFO] Downloading from apache.snapshots.https: https://repository.apache.org/content/repositories/snapshots/org/apache/ratis/ratis-server/0.4.0-78e95b9-SNAPSHOT/ratis-server-0.4.0-78e95b9-20190904.153711-2.jar
[INFO] Downloaded from apache.snapshots.https: https://repository.apache.org/content/repositories/snapshots/org/apache/ratis/ratis-client/0.4.0-78e95b9-SNAPSHOT/ratis-client-0.4.0-78e95b9-20190904.153615-2.jar (54 kB at 68 kB/s)
[INFO] Downloading from apache.snapshots.https: https://repository.apache.org/content/repositories/snapshots/org/apache/ratis/ratis-metrics/0.4.0-78e95b9-SNAPSHOT/ratis-metrics-0.4.0-78e95b9-20190904.153644-2.jar
[INFO] Downloaded from apache.snapshots.https: https://repository.apache.org/content/repositories/snapshots/org/apache/hadoop/hadoop-hdds-config/0.5.0-SNAPSHOT/hadoop-hdds-config-0.5.0-20190715.155405-75.jar (54 kB at 68 kB/s)
[INFO] Downloading from apache.snapshots.https: https://repository.apache.org/content/repositories/snapshots/com/github/joshelser/dropwizard-metrics-hadoop-metrics2-reporter/0.1.2/dropwizard-metrics-hadoop-metrics2-reporter-0.1.2.jar
[INFO] Downloaded from apache.snapshots.https: https://repository.apache.org/content/repositories/snapshots/org/apache/ratis/ratis-common/0.4.0-78e95b9-SNAPSHOT/ratis-common-0.4.0-78e95b9-20190904.153549-2.jar (255 kB at 275 kB/s)
[INFO] Downloading from apache.snapshots.https: https://repository.apache.org/content/repositories/snapshots/io/dropwizard/metrics/metrics-jvm/3.2.5/metrics-jvm-3.2.5.jar
[INFO] Downloaded from apache.snapshots.https: https://repository.apache.org/content/repositories/snapshots/org/apache/ratis/ratis-server/0.4.0-78e95b9-SNAPSHOT/ratis-server-0.4.0-78e95b9-20190904.153711-2.jar (349 kB at 357 kB/s)
[INFO] Downloading from apache.snapshots.https: https://repository.apache.org/content/repositories/snapshots/io/dropwizard/metrics/metrics-ganglia/3.2.5/metrics-ganglia-3.2.5.jar
[INFO] Downloading from apache.snapshots.https: https://repository.apache.org/content/repositories/snapshots/info/ganglia/gmetric4j/gmetric4j/1.0.7/gmetric4j-1.0.7.jar
[INFO] Downloaded from apache.snapshots.https: https://repository.apache.org/content/repositories/snapshots/org/apache/ratis/ratis-proto/0.4.0-78e95b9-SNAPSHOT/ratis-proto-0.4.0-78e95b9-20190904.153515-2.jar (1.2 MB at 1.0 MB/s)
[INFO] Downloading from apache.snapshots.https: https://repository.apache.org/content/repositories/snapshots/org/apache/ratis/ratis-netty/0.4.0-78e95b9-SNAPSHOT/ratis-netty-0.4.0-78e95b9-20190904.153830-2.jar
[INFO] Downloading from apache.snapshots.https: https://repository.apache.org/content/repositories/snapshots/org/apache/ratis/ratis-grpc/0.4.0-78e95b9-SNAPSHOT/ratis-grpc-0.4.0-78e95b9-20190904.153802-2.jar
[INFO] Downloading from apache.snapshots.https: https://repository.apache.org/content/repositories/snapshots/org/rocksdb/rocksdbjni/6.0.1/rocksdbjni-6.0.1.jar
[INFO] Downloaded from apache.snapshots.https: https://repository.apache.org/content/repositories/snapshots/org/apache/ratis/ratis-metrics/0.4.0-78e95b9-SNAPSHOT/ratis-metrics-0.4.0-78e95b9-20190904.153644-2.jar (28 kB at 19 kB/s)
[INFO] Downloaded from apache.snapshots.https: https://repository.apache.org/content/repositories/snapshots/org/apache/ratis/ratis-netty/0.4.0-78e95b9-SNAPSHOT/ratis-netty-0.4.0-78e95b9-20190904.153830-2.jar (33 kB at 19 kB/s)
[INFO] Downloaded from apache.snapshots.https: https://repository.apache.org/content/repositories/snapshots/org/apache/ratis/ratis-grpc/0.4.0-78e95b9-SNAPSHOT/ratis-grpc-0.4.0-78e95b9-20190904.153802-2.jar (108 kB at 53 kB/s)
[INFO] Downloading from repository.jboss.org: http://repository.jboss.org/nexus/content/groups/public/com/github/joshelser/dropwizard-metrics-hadoop-metrics2-reporter/0.1.2/dropwizard-metrics-hadoop-metrics2-reporter-0.1.2.jar
[INFO] Downloading from repository.jboss.org: http://repository.jboss.org/nexus/content/groups/public/org/rocksdb/rocksdbjni/6.0.1/rocksdbjni-6.0.1.jar
[INFO] Downloading from repository.jboss.org: http://repository.jboss.org/nexus/content/groups/public/io/dropwizard/metrics/metrics-jvm/3.2.5/metrics-jvm-3.2.5.jar
[INFO] Downloading from repository.jboss.org: http://repository.jboss.org/nexus/content/groups/public/info/ganglia/gmetric4j/gmetric4j/1.0.7/gmetric4j-1.0.7.jar
[INFO] Downloading from repository.jboss.org: http://repository.jboss.org/nexus/content/groups/public/io/dropwizard/metrics/metrics-ganglia/3.2.5/metrics-ganglia-3.2.5.jar
[INFO] Downloading from central: https://repo.maven.apache.org/maven2/com/github/joshelser/dropwizard-metrics-hadoop-metrics2-reporter/0.1.2/dropwizard-metrics-hadoop-metrics2-reporter-0.1.2.jar
[INFO] Downloading from central: https://repo.maven.apache.org/maven2/org/rocksdb/rocksdbjni/6.0.1/rocksdbjni-6.0.1.jar
[INFO] Downloading from central: https://repo.maven.apache.org/maven2/info/ganglia/gmetric4j/gmetric4j/1.0.7/gmetric4j-1.0.7.jar
[INFO] Downloading from central: https://repo.maven.apache.org/maven2/io/dropwizard/metrics/metrics-ganglia/3.2.5/metrics-ganglia-3.2.5.jar
[INFO] Downloading from central: https://repo.maven.apache.org/maven2/io/dropwizard/metrics/metrics-jvm/3.2.5/metrics-jvm-3.2.5.jar
[INFO] Downloaded from central: https://repo.maven.apache.org/maven2/com/github/joshelser/dropwizard-metrics-hadoop-metrics2-reporter/0.1.2/dropwizard-metrics-hadoop-metrics2-reporter-0.1.2.jar (16 kB at 569 kB/s)
[INFO] Downloaded from central: https://repo.maven.apache.org/maven2/io/dropwizard/metrics/metrics-ganglia/3.2.5/metrics-ganglia-3.2.5.jar (9.9 kB at 367 kB/s)
[INFO] Downloaded from central: https://repo.maven.apache.org/maven2/io/dropwizard/metrics/metrics-jvm/3.2.5/metrics-jvm-3.2.5.jar (40 kB at 1.4 MB/s)
[INFO] Downloaded from central: https://repo.maven.apache.org/maven2/info/ganglia/gmetric4j/gmetric4j/1.0.7/gmetric4j-1.0.7.jar (43 kB at 1.5 MB/s)
[INFO] Downloaded from central: https://repo.maven.apache.org/maven2/org/rocksdb/rocksdbjni/6.0.1/rocksdbjni-6.0.1.jar (13 MB at 23 MB/s)
[INFO] 
[INFO] --- maven-checkstyle-plugin:3.0.0:check (default-cli) @ hadoop-hdds-common ---
[INFO] 
[INFO] ----------------< org.apache.hadoop:hadoop-hdds-client >----------------
[INFO] Building Apache Hadoop HDDS Client 0.5.0-SNAPSHOT                 [4/29]
[INFO] --------------------------------[ jar ]---------------------------------
[INFO] Downloading from apache.snapshots.https: https://repository.apache.org/content/repositories/snapshots/org/apache/hadoop/hadoop-hdds-common/0.5.0-SNAPSHOT/maven-metadata.xml
[INFO] Downloaded from apache.snapshots.https: https://repository.apache.org/content/repositories/snapshots/org/apache/hadoop/hadoop-hdds-common/0.5.0-SNAPSHOT/maven-metadata.xml (1.2 kB at 2.0 kB/s)
[INFO] Downloading from apache.snapshots.https: https://repository.apache.org/content/repositories/snapshots/org/apache/hadoop/hadoop-hdds-common/0.5.0-SNAPSHOT/hadoop-hdds-common-0.5.0-20190715.155452-124.jar
[INFO] Downloaded from apache.snapshots.https: https://repository.apache.org/content/repositories/snapshots/org/apache/hadoop/hadoop-hdds-common/0.5.0-SNAPSHOT/hadoop-hdds-common-0.5.0-20190715.155452-124.jar (1.9 MB at 1.6 MB/s)
[INFO] 
[INFO] --- maven-checkstyle-plugin:3.0.0:check (default-cli) @ hadoop-hdds-client ---
[INFO] 
[INFO] -----------< org.apache.hadoop:hadoop-hdds-server-framework >-----------
[INFO] Building Apache Hadoop HDDS Server Framework 0.5.0-SNAPSHOT       [5/29]
[INFO] --------------------------------[ jar ]---------------------------------
[INFO] 
[INFO] --- maven-checkstyle-plugin:3.0.0:check (default-cli) @ hadoop-hdds-server-framework ---
[INFO] 
[INFO] ----------< org.apache.hadoop:hadoop-hdds-container-service >-----------
[INFO] Building Apache Hadoop HDDS Container Service 0.5.0-SNAPSHOT      [6/29]
[INFO] --------------------------------[ jar ]---------------------------------
[INFO] Downloading from apache.snapshots.https: https://repository.apache.org/content/repositories/snapshots/org/apache/hadoop/hadoop-hdds-server-framework/0.5.0-SNAPSHOT/maven-metadata.xml
[INFO] Downloaded from apache.snapshots.https: https://repository.apache.org/content/repositories/snapshots/org/apache/hadoop/hadoop-hdds-server-framework/0.5.0-SNAPSHOT/maven-metadata.xml (1.2 kB at 2.1 kB/s)
[INFO] Downloading from apache.snapshots.https: https://repository.apache.org/content/repositories/snapshots/org/apache/hadoop/hadoop-hdds-server-framework/0.5.0-SNAPSHOT/hadoop-hdds-server-framework-0.5.0-20190715.155511-124.jar
[INFO] Downloaded from apache.snapshots.https: https://repository.apache.org/content/repositories/snapshots/org/apache/hadoop/hadoop-hdds-server-framework/0.5.0-SNAPSHOT/hadoop-hdds-server-framework-0.5.0-20190715.155511-124.jar (1.1 MB at 1.1 MB/s)
[INFO] 
[INFO] --- maven-checkstyle-plugin:3.0.0:check (default-cli) @ hadoop-hdds-container-service ---
[INFO] 
[INFO] -----------------< org.apache.hadoop:hadoop-hdds-docs >-----------------
[INFO] Building Apache Hadoop HDDS/Ozone Documentation 0.5.0-SNAPSHOT    [7/29]
[INFO] --------------------------------[ jar ]---------------------------------
[INFO] 
[INFO] --- maven-checkstyle-plugin:3.0.0:check (default-cli) @ hadoop-hdds-docs ---
[INFO] 
[INFO] --------------< org.apache.hadoop:hadoop-hdds-server-scm >--------------
[INFO] Building Apache Hadoop HDDS SCM Server 0.5.0-SNAPSHOT             [8/29]
[INFO] --------------------------------[ jar ]---------------------------------
[INFO] Downloading from apache.snapshots.https: https://repository.apache.org/content/repositories/snapshots/org/apache/hadoop/hadoop-hdds-container-service/0.5.0-SNAPSHOT/maven-metadata.xml
[INFO] Downloaded from apache.snapshots.https: https://repository.apache.org/content/repositories/snapshots/org/apache/hadoop/hadoop-hdds-container-service/0.5.0-SNAPSHOT/maven-metadata.xml (1.2 kB at 2.0 kB/s)
[INFO] Downloading from apache.snapshots.https: https://repository.apache.org/content/repositories/snapshots/org/apache/hadoop/hadoop-hdds-client/0.5.0-SNAPSHOT/maven-metadata.xml
[INFO] Downloaded from apache.snapshots.https: https://repository.apache.org/content/repositories/snapshots/org/apache/hadoop/hadoop-hdds-client/0.5.0-SNAPSHOT/maven-metadata.xml (1.2 kB at 2.0 kB/s)
[INFO] Downloading from apache.snapshots.https: https://repository.apache.org/content/repositories/snapshots/org/apache/hadoop/hadoop-hdds-docs/0.5.0-SNAPSHOT/maven-metadata.xml
[INFO] Downloaded from apache.snapshots.https: https://repository.apache.org/content/repositories/snapshots/org/apache/hadoop/hadoop-hdds-docs/0.5.0-SNAPSHOT/maven-metadata.xml (1.2 kB at 2.0 kB/s)
[INFO] Downloading from apache.snapshots.https: https://repository.apache.org/content/repositories/snapshots/org/apache/hadoop/hadoop-hdds-client/0.5.0-SNAPSHOT/hadoop-hdds-client-0.5.0-20190715.155550-124.jar
[INFO] Downloading from apache.snapshots.https: https://repository.apache.org/content/repositories/snapshots/org/apache/hadoop/hadoop-hdds-container-service/0.5.0-SNAPSHOT/hadoop-hdds-container-service-0.5.0-20190715.155533-124-tests.jar
[INFO] Downloading from apache.snapshots.https: https://repository.apache.org/content/repositories/snapshots/org/apache/hadoop/hadoop-hdds-docs/0.5.0-SNAPSHOT/hadoop-hdds-docs-0.5.0-20190715.155714-124.jar
[INFO] Downloading from apache.snapshots.https: https://repository.apache.org/content/repositories/snapshots/org/apache/hadoop/hadoop-hdds-container-service/0.5.0-SNAPSHOT/hadoop-hdds-container-service-0.5.0-20190715.155533-124.jar
[INFO] Downloaded from apache.snapshots.https: https://repository.apache.org/content/repositories/snapshots/org/apache/hadoop/hadoop-hdds-docs/0.5.0-SNAPSHOT/hadoop-hdds-docs-0.5.0-20190715.155714-124.jar (44 kB at 59 kB/s)
[INFO] Downloaded from apache.snapshots.https: https://repository.apache.org/content/repositories/snapshots/org/apache/hadoop/hadoop-hdds-client/0.5.0-SNAPSHOT/hadoop-hdds-client-0.5.0-20190715.155550-124.jar (108 kB at 132 kB/s)
[INFO] Downloaded from apache.snapshots.https: https://repository.apache.org/content/repositories/snapshots/org/apache/hadoop/hadoop-hdds-container-service/0.5.0-SNAPSHOT/hadoop-hdds-container-service-0.5.0-20190715.155533-124-tests.jar (185 kB at 223 kB/s)
[INFO] Downloaded from apache.snapshots.https: https://repository.apache.org/content/repositories/snapshots/org/apache/hadoop/hadoop-hdds-container-service/0.5.0-SNAPSHOT/hadoop-hdds-container-service-0.5.0-20190715.155533-124.jar (882 kB at 852 kB/s)
[INFO] 
[INFO] --- maven-checkstyle-plugin:3.0.0:check (default-cli) @ hadoop-hdds-server-scm ---
[INFO] 
[INFO] ----------------< org.apache.hadoop:hadoop-hdds-tools >-----------------
[INFO] Building Apache Hadoop HDDS Tools 0.5.0-SNAPSHOT                  [9/29]
[INFO] --------------------------------[ jar ]---------------------------------
[INFO] 
[INFO] --- maven-checkstyle-plugin:3.0.0:check (default-cli) @ hadoop-hdds-tools ---
[INFO] 
[INFO] -------------------< org.apache.hadoop:hadoop-ozone >-------------------
[INFO] Building Apache Hadoop Ozone 0.5.0-SNAPSHOT                      [10/29]
[INFO] --------------------------------[ pom ]---------------------------------
[INFO] 
[INFO] --- maven-checkstyle-plugin:3.0.0:check (default-cli) @ hadoop-ozone ---
[INFO] 
[INFO] ---------------< org.apache.hadoop:hadoop-ozone-common >----------------
[INFO] Building Apache Hadoop Ozone Common 0.5.0-SNAPSHOT               [11/29]
[INFO] --------------------------------[ jar ]---------------------------------
[INFO] Downloading from apache.snapshots.https: https://repository.apache.org/content/repositories/snapshots/org/apache/hadoop/hadoop-hdds-tools/0.5.0-SNAPSHOT/maven-metadata.xml
[INFO] Downloaded from apache.snapshots.https: https://repository.apache.org/content/repositories/snapshots/org/apache/hadoop/hadoop-hdds-tools/0.5.0-SNAPSHOT/maven-metadata.xml (1.2 kB at 2.0 kB/s)
[INFO] Downloading from apache.snapshots.https: https://repository.apache.org/content/repositories/snapshots/org/apache/hadoop/hadoop-hdds-tools/0.5.0-SNAPSHOT/hadoop-hdds-tools-0.5.0-20190715.155606-124.jar
[INFO] Downloaded from apache.snapshots.https: https://repository.apache.org/content/repositories/snapshots/org/apache/hadoop/hadoop-hdds-tools/0.5.0-SNAPSHOT/hadoop-hdds-tools-0.5.0-20190715.155606-124.jar (65 kB at 89 kB/s)
[INFO] 
[INFO] --- maven-checkstyle-plugin:3.0.0:check (default-cli) @ hadoop-ozone-common ---
[INFO] 
[INFO] ---------------< org.apache.hadoop:hadoop-ozone-client >----------------
[INFO] Building Apache Hadoop Ozone Client 0.5.0-SNAPSHOT               [12/29]
[INFO] --------------------------------[ jar ]---------------------------------
[INFO] Downloading from apache.snapshots.https: https://repository.apache.org/content/repositories/snapshots/org/apache/hadoop/hadoop-ozone-common/0.5.0-SNAPSHOT/maven-metadata.xml
[INFO] Downloaded from apache.snapshots.https: https://repository.apache.org/content/repositories/snapshots/org/apache/hadoop/hadoop-ozone-common/0.5.0-SNAPSHOT/maven-metadata.xml (1.2 kB at 2.0 kB/s)
[INFO] Downloading from apache.snapshots.https: https://repository.apache.org/content/repositories/snapshots/org/apache/hadoop/hadoop-ozone-common/0.5.0-SNAPSHOT/hadoop-ozone-common-0.5.0-20190715.155641-124.jar
[INFO] Downloaded from apache.snapshots.https: https://repository.apache.org/content/repositories/snapshots/org/apache/hadoop/hadoop-ozone-common/0.5.0-SNAPSHOT/hadoop-ozone-common-0.5.0-20190715.155641-124.jar (1.6 MB at 1.5 MB/s)
[INFO] 
[INFO] --- maven-checkstyle-plugin:3.0.0:check (default-cli) @ hadoop-ozone-client ---
[INFO] 
[INFO] ------------< org.apache.hadoop:hadoop-ozone-ozone-manager >------------
[INFO] Building Apache Hadoop Ozone Manager Server 0.5.0-SNAPSHOT       [13/29]
[INFO] --------------------------------[ jar ]---------------------------------
[INFO] Downloading from apache.snapshots.https: https://repository.apache.org/content/repositories/snapshots/org/apache/hadoop/hadoop-ozone-client/0.5.0-SNAPSHOT/maven-metadata.xml
[INFO] Downloaded from apache.snapshots.https: https://repository.apache.org/content/repositories/snapshots/org/apache/hadoop/hadoop-ozone-client/0.5.0-SNAPSHOT/maven-metadata.xml (1.2 kB at 2.1 kB/s)
[INFO] Downloading from apache.snapshots.https: https://repository.apache.org/content/repositories/snapshots/org/mockito/mockito-core/2.28.2/mockito-core-2.28.2.pom
[INFO] Downloading from repository.jboss.org: http://repository.jboss.org/nexus/content/groups/public/org/mockito/mockito-core/2.28.2/mockito-core-2.28.2.pom
[INFO] Downloading from central: https://repo.maven.apache.org/maven2/org/mockito/mockito-core/2.28.2/mockito-core-2.28.2.pom
[INFO] Downloaded from central: https://repo.maven.apache.org/maven2/org/mockito/mockito-core/2.28.2/mockito-core-2.28.2.pom (20 kB at 837 kB/s)
[INFO] Downloading from apache.snapshots.https: https://repository.apache.org/content/repositories/snapshots/net/bytebuddy/byte-buddy/1.9.10/byte-buddy-1.9.10.pom
[INFO] Downloading from repository.jboss.org: http://repository.jboss.org/nexus/content/groups/public/net/bytebuddy/byte-buddy/1.9.10/byte-buddy-1.9.10.pom
[INFO] Downloading from central: https://repo.maven.apache.org/maven2/net/bytebuddy/byte-buddy/1.9.10/byte-buddy-1.9.10.pom
[INFO] Downloaded from central: https://repo.maven.apache.org/maven2/net/bytebuddy/byte-buddy/1.9.10/byte-buddy-1.9.10.pom (10 kB at 145 kB/s)
[INFO] Downloading from apache.snapshots.https: https://repository.apache.org/content/repositories/snapshots/net/bytebuddy/byte-buddy-parent/1.9.10/byte-buddy-parent-1.9.10.pom
[INFO] Downloading from repository.jboss.org: http://repository.jboss.org/nexus/content/groups/public/net/bytebuddy/byte-buddy-parent/1.9.10/byte-buddy-parent-1.9.10.pom
[INFO] Downloading from central: https://repo.maven.apache.org/maven2/net/bytebuddy/byte-buddy-parent/1.9.10/byte-buddy-parent-1.9.10.pom
[INFO] Downloaded from central: https://repo.maven.apache.org/maven2/net/bytebuddy/byte-buddy-parent/1.9.10/byte-buddy-parent-1.9.10.pom (36 kB at 1.6 MB/s)
[INFO] Downloading from apache.snapshots.https: https://repository.apache.org/content/repositories/snapshots/net/bytebuddy/byte-buddy-agent/1.9.10/byte-buddy-agent-1.9.10.pom
[INFO] Downloading from repository.jboss.org: http://repository.jboss.org/nexus/content/groups/public/net/bytebuddy/byte-buddy-agent/1.9.10/byte-buddy-agent-1.9.10.pom
[INFO] Downloading from central: https://repo.maven.apache.org/maven2/net/bytebuddy/byte-buddy-agent/1.9.10/byte-buddy-agent-1.9.10.pom
[INFO] Downloaded from central: https://repo.maven.apache.org/maven2/net/bytebuddy/byte-buddy-agent/1.9.10/byte-buddy-agent-1.9.10.pom (6.0 kB at 287 kB/s)
[INFO] Downloading from apache.snapshots.https: https://repository.apache.org/content/repositories/snapshots/org/apache/hadoop/hadoop-hdds-server-scm/0.5.0-SNAPSHOT/maven-metadata.xml
[INFO] Downloaded from apache.snapshots.https: https://repository.apache.org/content/repositories/snapshots/org/apache/hadoop/hadoop-hdds-server-scm/0.5.0-SNAPSHOT/maven-metadata.xml (1.2 kB at 2.0 kB/s)
[INFO] Downloading from apache.snapshots.https: https://repository.apache.org/content/repositories/snapshots/org/apache/hadoop/hadoop-ozone-client/0.5.0-SNAPSHOT/hadoop-ozone-client-0.5.0-20190715.155659-124.jar
[INFO] Downloading from apache.snapshots.https: https://repository.apache.org/content/repositories/snapshots/org/apache/hadoop/hadoop-hdds-server-scm/0.5.0-SNAPSHOT/hadoop-hdds-server-scm-0.5.0-20190715.155734-124-tests.jar
[INFO] Downloading from apache.snapshots.https: https://repository.apache.org/content/repositories/snapshots/net/bytebuddy/byte-buddy-agent/1.9.10/byte-buddy-agent-1.9.10.jar
[INFO] Downloading from apache.snapshots.https: https://repository.apache.org/content/repositories/snapshots/net/bytebuddy/byte-buddy/1.9.10/byte-buddy-1.9.10.jar
[INFO] Downloading from apache.snapshots.https: https://repository.apache.org/content/repositories/snapshots/org/mockito/mockito-core/2.28.2/mockito-core-2.28.2.jar
[INFO] Downloaded from apache.snapshots.https: https://repository.apache.org/content/repositories/snapshots/org/apache/hadoop/hadoop-ozone-client/0.5.0-SNAPSHOT/hadoop-ozone-client-0.5.0-20190715.155659-124.jar (146 kB at 179 kB/s)
[INFO] Downloaded from apache.snapshots.https: https://repository.apache.org/content/repositories/snapshots/org/apache/hadoop/hadoop-hdds-server-scm/0.5.0-SNAPSHOT/hadoop-hdds-server-scm-0.5.0-20190715.155734-124-tests.jar (244 kB at 280 kB/s)
[INFO] Downloading from repository.jboss.org: http://repository.jboss.org/nexus/content/groups/public/org/mockito/mockito-core/2.28.2/mockito-core-2.28.2.jar
[INFO] Downloading from repository.jboss.org: http://repository.jboss.org/nexus/content/groups/public/net/bytebuddy/byte-buddy-agent/1.9.10/byte-buddy-agent-1.9.10.jar
[INFO] Downloading from repository.jboss.org: http://repository.jboss.org/nexus/content/groups/public/net/bytebuddy/byte-buddy/1.9.10/byte-buddy-1.9.10.jar
[INFO] Downloading from central: https://repo.maven.apache.org/maven2/org/mockito/mockito-core/2.28.2/mockito-core-2.28.2.jar
[INFO] Downloading from central: https://repo.maven.apache.org/maven2/net/bytebuddy/byte-buddy/1.9.10/byte-buddy-1.9.10.jar
[INFO] Downloading from central: https://repo.maven.apache.org/maven2/net/bytebuddy/byte-buddy-agent/1.9.10/byte-buddy-agent-1.9.10.jar
[INFO] Downloaded from central: https://repo.maven.apache.org/maven2/net/bytebuddy/byte-buddy-agent/1.9.10/byte-buddy-agent-1.9.10.jar (43 kB at 1.4 MB/s)
[INFO] Downloaded from central: https://repo.maven.apache.org/maven2/org/mockito/mockito-core/2.28.2/mockito-core-2.28.2.jar (591 kB at 11 MB/s)
[INFO] Downloaded from central: https://repo.maven.apache.org/maven2/net/bytebuddy/byte-buddy/1.9.10/byte-buddy-1.9.10.jar (3.3 MB at 20 MB/s)
[INFO] 
[INFO] --- maven-checkstyle-plugin:3.0.0:check (default-cli) @ hadoop-ozone-ozone-manager ---
[INFO] 
[INFO] --------------< org.apache.hadoop:hadoop-ozone-s3gateway >--------------
[INFO] Building Apache Hadoop Ozone S3 Gateway 0.5.0-SNAPSHOT           [14/29]
[INFO] --------------------------------[ jar ]---------------------------------
[INFO] 
[INFO] --- maven-checkstyle-plugin:3.0.0:check (default-cli) @ hadoop-ozone-s3gateway ---
[INFO] 
[INFO] -----------------< org.apache.hadoop:hadoop-ozone-csi >-----------------
[INFO] Building Apache Hadoop Ozone CSI service 0.5.0-SNAPSHOT          [15/29]
[INFO] --------------------------------[ jar ]---------------------------------
[INFO] Downloading from central: https://repo.maven.apache.org/maven2/io/grpc/grpc-core/maven-metadata.xml
[INFO] Downloading from apache.snapshots.https: https://repository.apache.org/content/repositories/snapshots/io/grpc/grpc-core/maven-metadata.xml
[INFO] Downloading from repository.jboss.org: http://repository.jboss.org/nexus/content/groups/public/io/grpc/grpc-core/maven-metadata.xml
[INFO] Downloaded from central: https://repo.maven.apache.org/maven2/io/grpc/grpc-core/maven-metadata.xml (2.1 kB at 99 kB/s)
[INFO] Downloading from apache.snapshots.https: https://repository.apache.org/content/repositories/snapshots/io/netty/netty-codec-http2/maven-metadata.xml
[INFO] Downloading from repository.jboss.org: http://repository.jboss.org/nexus/content/groups/public/io/netty/netty-codec-http2/maven-metadata.xml
[INFO] Downloading from central: https://repo.maven.apache.org/maven2/io/netty/netty-codec-http2/maven-metadata.xml
[INFO] Downloaded from central: https://repo.maven.apache.org/maven2/io/netty/netty-codec-http2/maven-metadata.xml (2.3 kB at 115 kB/s)
[INFO] 
[INFO] --- maven-checkstyle-plugin:3.0.0:check (default-cli) @ hadoop-ozone-csi ---
[INFO] 
[INFO] ------------< org.apache.hadoop:hadoop-ozone-reconcodegen >-------------
[INFO] Building Apache Hadoop Ozone Recon CodeGen 0.5.0-SNAPSHOT        [16/29]
[INFO] --------------------------------[ jar ]---------------------------------
[INFO] 
[INFO] --- maven-checkstyle-plugin:3.0.0:check (default-cli) @ hadoop-ozone-reconcodegen ---
[INFO] 
[INFO] ----------------< org.apache.hadoop:hadoop-ozone-recon >----------------
[INFO] Building Apache Hadoop Ozone Recon 0.5.0-SNAPSHOT                [17/29]
[INFO] --------------------------------[ jar ]---------------------------------
[INFO] Downloading from apache.snapshots.https: https://repository.apache.org/content/repositories/snapshots/org/apache/hadoop/hadoop-ozone-reconcodegen/0.5.0-SNAPSHOT/maven-metadata.xml
[INFO] Downloaded from apache.snapshots.https: https://repository.apache.org/content/repositories/snapshots/org/apache/hadoop/hadoop-ozone-reconcodegen/0.5.0-SNAPSHOT/maven-metadata.xml (1.2 kB at 2.0 kB/s)
[INFO] Downloading from apache.snapshots.https: https://repository.apache.org/content/repositories/snapshots/org/apache/hadoop/hadoop-ozone-ozone-manager/0.5.0-SNAPSHOT/maven-metadata.xml
[INFO] Downloaded from apache.snapshots.https: https://repository.apache.org/content/repositories/snapshots/org/apache/hadoop/hadoop-ozone-ozone-manager/0.5.0-SNAPSHOT/maven-metadata.xml (1.2 kB at 2.0 kB/s)
[INFO] Downloading from apache.snapshots.https: https://repository.apache.org/content/repositories/snapshots/org/apache/hadoop/hadoop-ozone-ozone-manager/0.5.0-SNAPSHOT/hadoop-ozone-ozone-manager-0.5.0-20190715.155758-124.jar
[INFO] Downloading from apache.snapshots.https: https://repository.apache.org/content/repositories/snapshots/org/apache/hadoop/hadoop-ozone-reconcodegen/0.5.0-SNAPSHOT/hadoop-ozone-reconcodegen-0.5.0-20190715.155956-91.jar
[INFO] Downloaded from apache.snapshots.https: https://repository.apache.org/content/repositories/snapshots/org/apache/hadoop/hadoop-ozone-reconcodegen/0.5.0-SNAPSHOT/hadoop-ozone-reconcodegen-0.5.0-20190715.155956-91.jar (55 kB at 70 kB/s)
[INFO] Downloaded from apache.snapshots.https: https://repository.apache.org/content/repositories/snapshots/org/apache/hadoop/hadoop-ozone-ozone-manager/0.5.0-SNAPSHOT/hadoop-ozone-ozone-manager-0.5.0-20190715.155758-124.jar (1.5 MB at 1.3 MB/s)
[INFO] 
[INFO] --- maven-checkstyle-plugin:3.0.0:check (default-cli) @ hadoop-ozone-recon ---
[INFO] 
[INFO] ----------< org.apache.hadoop:hadoop-ozone-integration-test >-----------
[INFO] Building Apache Hadoop Ozone Integration Tests 0.5.0-SNAPSHOT    [18/29]
[INFO] --------------------------------[ jar ]---------------------------------
[INFO] Downloading from apache.snapshots.https: https://repository.apache.org/content/repositories/snapshots/org/apache/hadoop/hadoop-ozone-s3gateway/0.5.0-SNAPSHOT/maven-metadata.xml
[INFO] Downloaded from apache.snapshots.https: https://repository.apache.org/content/repositories/snapshots/org/apache/hadoop/hadoop-ozone-s3gateway/0.5.0-SNAPSHOT/maven-metadata.xml (1.2 kB at 2.1 kB/s)
[INFO] Downloading from apache.snapshots.https: https://repository.apache.org/content/repositories/snapshots/org/apache/hadoop/hadoop-ozone-csi/0.5.0-SNAPSHOT/maven-metadata.xml
[INFO] Downloaded from apache.snapshots.https: https://repository.apache.org/content/repositories/snapshots/org/apache/hadoop/hadoop-ozone-csi/0.5.0-SNAPSHOT/maven-metadata.xml (1.2 kB at 2.0 kB/s)
[INFO] Downloading from apache.snapshots.https: https://repository.apache.org/content/repositories/snapshots/org/apache/hadoop/hadoop-ozone-recon/0.5.0-SNAPSHOT/maven-metadata.xml
[INFO] Downloaded from apache.snapshots.https: https://repository.apache.org/content/repositories/snapshots/org/apache/hadoop/hadoop-ozone-recon/0.5.0-SNAPSHOT/maven-metadata.xml (1.2 kB at 2.1 kB/s)
[INFO] Downloading from apache.snapshots.https: https://repository.apache.org/content/repositories/snapshots/org/apache/hadoop/hadoop-hdds-server-scm/0.5.0-SNAPSHOT/hadoop-hdds-server-scm-0.5.0-20190715.155734-124.jar
[INFO] Downloading from apache.snapshots.https: https://repository.apache.org/content/repositories/snapshots/org/apache/hadoop/hadoop-ozone-ozone-manager/0.5.0-SNAPSHOT/hadoop-ozone-ozone-manager-0.5.0-20190715.155758-124-tests.jar
[INFO] Downloading from apache.snapshots.https: https://repository.apache.org/content/repositories/snapshots/org/apache/hadoop/hadoop-ozone-recon/0.5.0-SNAPSHOT/hadoop-ozone-recon-0.5.0-20190715.160053-123.jar
[INFO] Downloading from apache.snapshots.https: https://repository.apache.org/content/repositories/snapshots/org/apache/hadoop/hadoop-ozone-csi/0.5.0-SNAPSHOT/hadoop-ozone-csi-0.5.0-20190715.155939-46.jar
[INFO] Downloading from apache.snapshots.https: https://repository.apache.org/content/repositories/snapshots/org/apache/hadoop/hadoop-ozone-s3gateway/0.5.0-SNAPSHOT/hadoop-ozone-s3gateway-0.5.0-20190715.155854-124.jar
[INFO] Downloaded from apache.snapshots.https: https://repository.apache.org/content/repositories/snapshots/org/apache/hadoop/hadoop-ozone-ozone-manager/0.5.0-SNAPSHOT/hadoop-ozone-ozone-manager-0.5.0-20190715.155758-124-tests.jar (227 kB at 244 kB/s)
[INFO] Downloaded from apache.snapshots.https: https://repository.apache.org/content/repositories/snapshots/org/apache/hadoop/hadoop-ozone-csi/0.5.0-SNAPSHOT/hadoop-ozone-csi-0.5.0-20190715.155939-46.jar (941 kB at 832 kB/s)
[INFO] Downloaded from apache.snapshots.https: https://repository.apache.org/content/repositories/snapshots/org/apache/hadoop/hadoop-ozone-recon/0.5.0-SNAPSHOT/hadoop-ozone-recon-0.5.0-20190715.160053-123.jar (1.8 MB at 1.5 MB/s)
[INFO] Downloaded from apache.snapshots.https: https://repository.apache.org/content/repositories/snapshots/org/apache/hadoop/hadoop-ozone-s3gateway/0.5.0-SNAPSHOT/hadoop-ozone-s3gateway-0.5.0-20190715.155854-124.jar (1.2 MB at 981 kB/s)
[INFO] Downloaded from apache.snapshots.https: https://repository.apache.org/content/repositories/snapshots/org/apache/hadoop/hadoop-hdds-server-scm/0.5.0-SNAPSHOT/hadoop-hdds-server-scm-0.5.0-20190715.155734-124.jar (1.4 MB at 1.1 MB/s)
[INFO] 
[INFO] --- maven-checkstyle-plugin:3.0.0:check (default-cli) @ hadoop-ozone-integration-test ---
[INFO] 
[INFO] -------------< org.apache.hadoop:hadoop-ozone-filesystem >--------------
[INFO] Building Apache Hadoop Ozone FileSystem 0.5.0-SNAPSHOT           [19/29]
[INFO] --------------------------------[ jar ]---------------------------------
[INFO] Downloading from apache.snapshots.https: https://repository.apache.org/content/repositories/snapshots/org/apache/hadoop/hadoop-ozone-integration-test/0.5.0-SNAPSHOT/maven-metadata.xml
[INFO] Downloaded from apache.snapshots.https: https://repository.apache.org/content/repositories/snapshots/org/apache/hadoop/hadoop-ozone-integration-test/0.5.0-SNAPSHOT/maven-metadata.xml (1.2 kB at 2.0 kB/s)
[INFO] Downloading from apache.snapshots.https: https://repository.apache.org/content/repositories/snapshots/org/apache/hadoop/hadoop-ozone-integration-test/0.5.0-SNAPSHOT/hadoop-ozone-integration-test-0.5.0-20190715.160116-123-tests.jar
[INFO] Downloaded from apache.snapshots.https: https://repository.apache.org/content/repositories/snapshots/org/apache/hadoop/hadoop-ozone-integration-test/0.5.0-SNAPSHOT/hadoop-ozone-integration-test-0.5.0-20190715.160116-123-tests.jar (644 kB at 651 kB/s)
[INFO] 
[INFO] --- maven-checkstyle-plugin:3.0.0:check (default-cli) @ hadoop-ozone-filesystem ---
[INFO] 
[INFO] -------< org.apache.hadoop:hadoop-ozone-filesystem-lib-current >--------
[INFO] Building Apache Hadoop Ozone FileSystem Single Jar Library 0.5.0-SNAPSHOT [20/29]
[INFO] --------------------------------[ jar ]---------------------------------
[INFO] Downloading from apache.snapshots.https: https://repository.apache.org/content/repositories/snapshots/org/apache/hadoop/hadoop-ozone-filesystem/0.5.0-SNAPSHOT/maven-metadata.xml
[INFO] Downloaded from apache.snapshots.https: https://repository.apache.org/content/repositories/snapshots/org/apache/hadoop/hadoop-ozone-filesystem/0.5.0-SNAPSHOT/maven-metadata.xml (1.2 kB at 2.1 kB/s)
[INFO] Downloading from apache.snapshots.https: https://repository.apache.org/content/repositories/snapshots/org/apache/hadoop/hadoop-ozone-filesystem/0.5.0-SNAPSHOT/hadoop-ozone-filesystem-0.5.0-20190715.160131-123.jar
[INFO] Downloaded from apache.snapshots.https: https://repository.apache.org/content/repositories/snapshots/org/apache/hadoop/hadoop-ozone-filesystem/0.5.0-SNAPSHOT/hadoop-ozone-filesystem-0.5.0-20190715.160131-123.jar (90 kB at 121 kB/s)
[INFO] 
[INFO] --- maven-checkstyle-plugin:3.0.0:check (default-cli) @ hadoop-ozone-filesystem-lib-current ---
[INFO] 
[INFO] --------< org.apache.hadoop:hadoop-ozone-filesystem-lib-legacy >--------
[INFO] Building Apache Hadoop Ozone FileSystem Legacy Jar Library 0.5.0-SNAPSHOT [21/29]
[INFO] --------------------------------[ jar ]---------------------------------
[INFO] 
[INFO] --- maven-checkstyle-plugin:3.0.0:check (default-cli) @ hadoop-ozone-filesystem-lib-legacy ---
[INFO] 
[INFO] ----------------< org.apache.hadoop:hadoop-ozone-tools >----------------
[INFO] Building Apache Hadoop Ozone Tools 0.5.0-SNAPSHOT                [22/29]
[INFO] --------------------------------[ jar ]---------------------------------
[INFO] 
[INFO] --- maven-checkstyle-plugin:3.0.0:check (default-cli) @ hadoop-ozone-tools ---
[INFO] 
[INFO] --------------< org.apache.hadoop:hadoop-ozone-datanode >---------------
[INFO] Building Apache Hadoop Ozone Datanode 0.5.0-SNAPSHOT             [23/29]
[INFO] --------------------------------[ jar ]---------------------------------
[INFO] 
[INFO] --- maven-checkstyle-plugin:3.0.0:check (default-cli) @ hadoop-ozone-datanode ---
[INFO] 
[INFO] ---------------< org.apache.hadoop:hadoop-ozone-upgrade >---------------
[INFO] Building Apache Hadoop Ozone In-Place Upgrade 0.5.0-SNAPSHOT     [24/29]
[INFO] --------------------------------[ jar ]---------------------------------
[INFO] 
[INFO] --- maven-checkstyle-plugin:3.0.0:check (default-cli) @ hadoop-ozone-upgrade ---
[INFO] 
[INFO] ---------------< org.apache.hadoop:hadoop-ozone-insight >---------------
[INFO] Building Apache Hadoop Ozone Insight Tool 0.5.0-SNAPSHOT         [25/29]
[INFO] --------------------------------[ jar ]---------------------------------
[INFO] 
[INFO] --- maven-checkstyle-plugin:3.0.0:check (default-cli) @ hadoop-ozone-insight ---
[INFO] 
[INFO] ----------------< org.apache.hadoop:hadoop-ozone-dist >-----------------
[INFO] Building Apache Hadoop Ozone Distribution 0.5.0-SNAPSHOT         [26/29]
[INFO] --------------------------------[ pom ]---------------------------------
[INFO] Downloading from apache.snapshots.https: https://repository.apache.org/content/repositories/snapshots/org/apache/hadoop/hadoop-ozone-tools/0.5.0-SNAPSHOT/maven-metadata.xml
[INFO] Downloaded from apache.snapshots.https: https://repository.apache.org/content/repositories/snapshots/org/apache/hadoop/hadoop-ozone-tools/0.5.0-SNAPSHOT/maven-metadata.xml (1.2 kB at 1.9 kB/s)
[INFO] Downloading from apache.snapshots.https: https://repository.apache.org/content/repositories/snapshots/org/apache/hadoop/hadoop-ozone-filesystem-lib-current/0.5.0-SNAPSHOT/maven-metadata.xml
[INFO] Downloaded from apache.snapshots.https: https://repository.apache.org/content/repositories/snapshots/org/apache/hadoop/hadoop-ozone-filesystem-lib-current/0.5.0-SNAPSHOT/maven-metadata.xml (1.2 kB at 2.0 kB/s)
[INFO] Downloading from apache.snapshots.https: https://repository.apache.org/content/repositories/snapshots/org/apache/hadoop/hadoop-ozone-filesystem-lib-legacy/0.5.0-SNAPSHOT/maven-metadata.xml
[INFO] Downloaded from apache.snapshots.https: https://repository.apache.org/content/repositories/snapshots/org/apache/hadoop/hadoop-ozone-filesystem-lib-legacy/0.5.0-SNAPSHOT/maven-metadata.xml (1.2 kB at 2.0 kB/s)
[INFO] Downloading from apache.snapshots.https: https://repository.apache.org/content/repositories/snapshots/org/apache/hadoop/hadoop-ozone-datanode/0.5.0-SNAPSHOT/maven-metadata.xml
[INFO] Downloaded from apache.snapshots.https: https://repository.apache.org/content/repositories/snapshots/org/apache/hadoop/hadoop-ozone-datanode/0.5.0-SNAPSHOT/maven-metadata.xml (1.2 kB at 2.0 kB/s)
[INFO] Downloading from apache.snapshots.https: https://repository.apache.org/content/repositories/snapshots/org/apache/hadoop/hadoop-ozone-upgrade/0.5.0-SNAPSHOT/maven-metadata.xml
[INFO] Downloaded from apache.snapshots.https: https://repository.apache.org/content/repositories/snapshots/org/apache/hadoop/hadoop-ozone-upgrade/0.5.0-SNAPSHOT/maven-metadata.xml (1.2 kB at 2.0 kB/s)
[INFO] Downloading from apache.snapshots.https: https://repository.apache.org/content/repositories/snapshots/org/apache/hadoop/hadoop-ozone-insight/0.5.0-SNAPSHOT/maven-metadata.xml
[INFO] Downloading from apache.snapshots.https: https://repository.apache.org/content/repositories/snapshots/org/apache/hadoop/hadoop-ozone-tools/0.5.0-SNAPSHOT/hadoop-ozone-tools-0.5.0-20190715.160354-123.jar
[INFO] Downloading from apache.snapshots.https: https://repository.apache.org/content/repositories/snapshots/org/apache/hadoop/hadoop-ozone-upgrade/0.5.0-SNAPSHOT/hadoop-ozone-upgrade-0.5.0-20190715.160428-97.jar
[INFO] Downloading from apache.snapshots.https: https://repository.apache.org/content/repositories/snapshots/org/apache/hadoop/hadoop-ozone-datanode/0.5.0-SNAPSHOT/hadoop-ozone-datanode-0.5.0-20190715.160412-123.jar
[INFO] Downloading from apache.snapshots.https: https://repository.apache.org/content/repositories/snapshots/org/apache/hadoop/hadoop-ozone-filesystem-lib-legacy/0.5.0-SNAPSHOT/hadoop-ozone-filesystem-lib-legacy-0.5.0-20190715.160327-123.jar
[INFO] Downloading from apache.snapshots.https: https://repository.apache.org/content/repositories/snapshots/org/apache/hadoop/hadoop-ozone-filesystem-lib-current/0.5.0-SNAPSHOT/hadoop-ozone-filesystem-lib-current-0.5.0-20190715.160222-123.jar
[INFO] Downloaded from apache.snapshots.https: https://repository.apache.org/content/repositories/snapshots/org/apache/hadoop/hadoop-ozone-datanode/0.5.0-SNAPSHOT/hadoop-ozone-datanode-0.5.0-20190715.160412-123.jar (44 kB at 58 kB/s)
[INFO] Downloading from apache.snapshots.https: https://repository.apache.org/content/repositories/snapshots/org/apache/hadoop/hadoop-ozone-insight/0.5.0-SNAPSHOT/hadoop-ozone-insight-0.5.0-SNAPSHOT.jar
[INFO] Downloaded from apache.snapshots.https: https://repository.apache.org/content/repositories/snapshots/org/apache/hadoop/hadoop-ozone-upgrade/0.5.0-SNAPSHOT/hadoop-ozone-upgrade-0.5.0-20190715.160428-97.jar (47 kB at 63 kB/s)
[INFO] Downloaded from apache.snapshots.https: https://repository.apache.org/content/repositories/snapshots/org/apache/hadoop/hadoop-ozone-tools/0.5.0-SNAPSHOT/hadoop-ozone-tools-0.5.0-20190715.160354-123.jar (277 kB at 304 kB/s)
[INFO] Downloaded from apache.snapshots.https: https://repository.apache.org/content/repositories/snapshots/org/apache/hadoop/hadoop-ozone-filesystem-lib-current/0.5.0-SNAPSHOT/hadoop-ozone-filesystem-lib-current-0.5.0-20190715.160222-123.jar (103 MB at 18 MB/s)
[INFO] Downloaded from apache.snapshots.https: https://repository.apache.org/content/repositories/snapshots/org/apache/hadoop/hadoop-ozone-filesystem-lib-legacy/0.5.0-SNAPSHOT/hadoop-ozone-filesystem-lib-legacy-0.5.0-20190715.160327-123.jar (105 MB at 16 MB/s)
[INFO] 
[INFO] --------< org.apache.hadoop:hadoop-ozone-fault-injection-test >---------
[INFO] Building Apache Hadoop Ozone Fault Injection Tests 0.5.0-SNAPSHOT [27/29]
[INFO] --------------------------------[ pom ]---------------------------------
[INFO] 
[INFO] --- maven-checkstyle-plugin:3.0.0:check (default-cli) @ hadoop-ozone-fault-injection-test ---
[INFO] 
[INFO] ------------< org.apache.hadoop:hadoop-ozone-network-tests >------------
[INFO] Building Apache Hadoop Ozone Network Tests 0.5.0-SNAPSHOT        [28/29]
[INFO] --------------------------------[ jar ]---------------------------------
[INFO] 
[INFO] --- maven-checkstyle-plugin:3.0.0:check (default-cli) @ hadoop-ozone-network-tests ---
[INFO] 
[INFO] ----------------< org.apache.hadoop:hadoop-main-ozone >-----------------
[INFO] Building Apache Hadoop Ozone Main 0.5.0-SNAPSHOT                 [29/29]
[INFO] --------------------------------[ pom ]---------------------------------
[INFO] Downloading from central: https://repo.maven.apache.org/maven2/org/apache/maven/plugins/maven-install-plugin/2.4/maven-install-plugin-2.4.pom
[INFO] Downloaded from central: https://repo.maven.apache.org/maven2/org/apache/maven/plugins/maven-install-plugin/2.4/maven-install-plugin-2.4.pom (6.4 kB at 319 kB/s)
[INFO] Downloading from central: https://repo.maven.apache.org/maven2/org/apache/maven/plugins/maven-install-plugin/2.4/maven-install-plugin-2.4.jar
[INFO] Downloaded from central: https://repo.maven.apache.org/maven2/org/apache/maven/plugins/maven-install-plugin/2.4/maven-install-plugin-2.4.jar (27 kB at 1.3 MB/s)
[INFO] Downloading from central: https://repo.maven.apache.org/maven2/org/apache/maven/plugins/maven-deploy-plugin/2.7/maven-deploy-plugin-2.7.pom
[INFO] Downloaded from central: https://repo.maven.apache.org/maven2/org/apache/maven/plugins/maven-deploy-plugin/2.7/maven-deploy-plugin-2.7.pom (5.6 kB at 216 kB/s)
[INFO] Downloading from central: https://repo.maven.apache.org/maven2/org/apache/maven/plugins/maven-deploy-plugin/2.7/maven-deploy-plugin-2.7.jar
[INFO] Downloaded from central: https://repo.maven.apache.org/maven2/org/apache/maven/plugins/maven-deploy-plugin/2.7/maven-deploy-plugin-2.7.jar (27 kB at 1.3 MB/s)
[INFO] Downloading from central: https://repo.maven.apache.org/maven2/org/apache/maven/plugins/maven-site-plugin/3.3/maven-site-plugin-3.3.pom
[INFO] Downloaded from central: https://repo.maven.apache.org/maven2/org/apache/maven/plugins/maven-site-plugin/3.3/maven-site-plugin-3.3.pom (21 kB at 771 kB/s)
[INFO] Downloading from central: https://repo.maven.apache.org/maven2/org/apache/maven/plugins/maven-site-plugin/3.3/maven-site-plugin-3.3.jar
[INFO] Downloaded from central: https://repo.maven.apache.org/maven2/org/apache/maven/plugins/maven-site-plugin/3.3/maven-site-plugin-3.3.jar (124 kB at 3.6 MB/s)
[INFO] Downloading from central: https://repo.maven.apache.org/maven2/org/apache/maven/plugins/maven-antrun-plugin/1.3/maven-antrun-plugin-1.3.pom
[INFO] Downloaded from central: https://repo.maven.apache.org/maven2/org/apache/maven/plugins/maven-antrun-plugin/1.3/maven-antrun-plugin-1.3.pom (4.7 kB at 249 kB/s)
[INFO] Downloading from central: https://repo.maven.apache.org/maven2/org/apache/maven/plugins/maven-plugins/12/maven-plugins-12.pom
[INFO] Downloaded from central: https://repo.maven.apache.org/maven2/org/apache/maven/plugins/maven-plugins/12/maven-plugins-12.pom (12 kB at 653 kB/s)
[INFO] Downloading from central: https://repo.maven.apache.org/maven2/org/apache/maven/plugins/maven-antrun-plugin/1.3/maven-antrun-plugin-1.3.jar
[INFO] Downloaded from central: https://repo.maven.apache.org/maven2/org/apache/maven/plugins/maven-antrun-plugin/1.3/maven-antrun-plugin-1.3.jar (24 kB at 1.2 MB/s)
[INFO] Downloading from central: https://repo.maven.apache.org/maven2/org/apache/maven/plugins/maven-assembly-plugin/2.2-beta-5/maven-assembly-plugin-2.2-beta-5.pom
[INFO] Downloaded from central: https://repo.maven.apache.org/maven2/org/apache/maven/plugins/maven-assembly-plugin/2.2-beta-5/maven-assembly-plugin-2.2-beta-5.pom (15 kB at 842 kB/s)
[INFO] Downloading from central: https://repo.maven.apache.org/maven2/org/apache/maven/plugins/maven-plugins/16/maven-plugins-16.pom
[INFO] Downloaded from central: https://repo.maven.apache.org/maven2/org/apache/maven/plugins/maven-plugins/16/maven-plugins-16.pom (13 kB at 647 kB/s)
[INFO] Downloading from central: https://repo.maven.apache.org/maven2/org/apache/maven/plugins/maven-assembly-plugin/2.2-beta-5/maven-assembly-plugin-2.2-beta-5.jar
[INFO] Downloaded from central: https://repo.maven.apache.org/maven2/org/apache/maven/plugins/maven-assembly-plugin/2.2-beta-5/maven-assembly-plugin-2.2-beta-5.jar (209 kB at 7.7 MB/s)
[INFO] Downloading from central: https://repo.maven.apache.org/maven2/org/apache/maven/plugins/maven-dependency-plugin/2.8/maven-dependency-plugin-2.8.pom
[INFO] Downloaded from central: https://repo.maven.apache.org/maven2/org/apache/maven/plugins/maven-dependency-plugin/2.8/maven-dependency-plugin-2.8.pom (11 kB at 636 kB/s)
[INFO] Downloading from central: https://repo.maven.apache.org/maven2/org/apache/maven/plugins/maven-dependency-plugin/2.8/maven-dependency-plugin-2.8.jar
[INFO] Downloaded from central: https://repo.maven.apache.org/maven2/org/apache/maven/plugins/maven-dependency-plugin/2.8/maven-dependency-plugin-2.8.jar (153 kB at 4.9 MB/s)
[INFO] Downloading from central: https://repo.maven.apache.org/maven2/org/apache/maven/plugins/maven-release-plugin/2.5.3/maven-release-plugin-2.5.3.pom
[INFO] Downloaded from central: https://repo.maven.apache.org/maven2/org/apache/maven/plugins/maven-release-plugin/2.5.3/maven-release-plugin-2.5.3.pom (11 kB at 616 kB/s)
[INFO] Downloading from central: https://repo.maven.apache.org/maven2/org/apache/maven/release/maven-release/2.5.3/maven-release-2.5.3.pom
[INFO] Downloaded from central: https://repo.maven.apache.org/maven2/org/apache/maven/release/maven-release/2.5.3/maven-release-2.5.3.pom (5.0 kB at 264 kB/s)
[INFO] Downloading from central: https://repo.maven.apache.org/maven2/org/apache/maven/plugins/maven-release-plugin/2.5.3/maven-release-plugin-2.5.3.jar
[INFO] Downloaded from central: https://repo.maven.apache.org/maven2/org/apache/maven/plugins/maven-release-plugin/2.5.3/maven-release-plugin-2.5.3.jar (53 kB at 1.8 MB/s)
[INFO] Downloading from central: https://repo.maven.apache.org/maven2/org/apache/maven/plugins/maven-metadata.xml
[INFO] Downloading from central: https://repo.maven.apache.org/maven2/org/codehaus/mojo/maven-metadata.xml
[INFO] Downloaded from central: https://repo.maven.apache.org/maven2/org/apache/maven/plugins/maven-metadata.xml (14 kB at 716 kB/s)
[INFO] Downloaded from central: https://repo.maven.apache.org/maven2/org/codehaus/mojo/maven-metadata.xml (20 kB at 890 kB/s)
[INFO] 
[INFO] --- maven-checkstyle-plugin:3.1.0:check (default-cli) @ hadoop-main-ozone ---
[INFO] Downloading from central: https://repo.maven.apache.org/maven2/com/puppycrawl/tools/checkstyle/8.19/checkstyle-8.19.pom
[INFO] Downloaded from central: https://repo.maven.apache.org/maven2/com/puppycrawl/tools/checkstyle/8.19/checkstyle-8.19.pom (126 kB at 4.2 MB/s)
[INFO] Downloading from central: https://repo.maven.apache.org/maven2/info/picocli/picocli/3.9.5/picocli-3.9.5.pom
[INFO] Downloaded from central: https://repo.maven.apache.org/maven2/info/picocli/picocli/3.9.5/picocli-3.9.5.pom (1.4 kB at 37 kB/s)
[INFO] Downloading from central: https://repo.maven.apache.org/maven2/org/antlr/antlr4-runtime/4.7.2/antlr4-runtime-4.7.2.pom
[INFO] Downloaded from central: https://repo.maven.apache.org/maven2/org/antlr/antlr4-runtime/4.7.2/antlr4-runtime-4.7.2.pom (3.6 kB at 201 kB/s)
[INFO] Downloading from central: https://repo.maven.apache.org/maven2/org/antlr/antlr4-master/4.7.2/antlr4-master-4.7.2.pom
[INFO] Downloaded from central: https://repo.maven.apache.org/maven2/org/antlr/antlr4-master/4.7.2/antlr4-master-4.7.2.pom (4.4 kB at 232 kB/s)
[INFO] Downloading from central: https://repo.maven.apache.org/maven2/com/google/guava/guava/27.1-jre/guava-27.1-jre.pom
[INFO] Downloaded from central: https://repo.maven.apache.org/maven2/com/google/guava/guava/27.1-jre/guava-27.1-jre.pom (8.4 kB at 496 kB/s)
[INFO] Downloading from central: https://repo.maven.apache.org/maven2/com/google/guava/guava-parent/27.1-jre/guava-parent-27.1-jre.pom
[INFO] Downloaded from central: https://repo.maven.apache.org/maven2/com/google/guava/guava-parent/27.1-jre/guava-parent-27.1-jre.pom (10 kB at 550 kB/s)
[INFO] Downloading from central: https://repo.maven.apache.org/maven2/com/google/guava/failureaccess/1.0.1/failureaccess-1.0.1.pom
[INFO] Downloaded from central: https://repo.maven.apache.org/maven2/com/google/guava/failureaccess/1.0.1/failureaccess-1.0.1.pom (2.4 kB at 142 kB/s)
[INFO] Downloading from central: https://repo.maven.apache.org/maven2/com/google/guava/listenablefuture/9999.0-empty-to-avoid-conflict-with-guava/listenablefuture-9999.0-empty-to-avoid-conflict-with-guava.pom
[INFO] Downloaded from central: https://repo.maven.apache.org/maven2/com/google/guava/listenablefuture/9999.0-empty-to-avoid-conflict-with-guava/listenablefuture-9999.0-empty-to-avoid-conflict-with-guava.pom (2.3 kB at 127 kB/s)
[INFO] Downloading from central: https://repo.maven.apache.org/maven2/com/google/code/findbugs/jsr305/3.0.2/jsr305-3.0.2.pom
[INFO] Downloaded from central: https://repo.maven.apache.org/maven2/com/google/code/findbugs/jsr305/3.0.2/jsr305-3.0.2.pom (4.3 kB at 252 kB/s)
[INFO] Downloading from central: https://repo.maven.apache.org/maven2/org/checkerframework/checker-qual/2.5.2/checker-qual-2.5.2.pom
[INFO] Downloaded from central: https://repo.maven.apache.org/maven2/org/checkerframework/checker-qual/2.5.2/checker-qual-2.5.2.pom (2.5 kB at 146 kB/s)
[INFO] Downloading from central: https://repo.maven.apache.org/maven2/net/sf/saxon/Saxon-HE/9.9.1-2/Saxon-HE-9.9.1-2.pom
[INFO] Downloaded from central: https://repo.maven.apache.org/maven2/net/sf/saxon/Saxon-HE/9.9.1-2/Saxon-HE-9.9.1-2.pom (3.9 kB at 217 kB/s)
[INFO] Downloading from central: https://repo.maven.apache.org/maven2/com/ibm/icu/icu4j/63.1/icu4j-63.1.pom
[INFO] Downloaded from central: https://repo.maven.apache.org/maven2/com/ibm/icu/icu4j/63.1/icu4j-63.1.pom (4.9 kB at 260 kB/s)
[INFO] Downloading from central: https://repo.maven.apache.org/maven2/com/puppycrawl/tools/checkstyle/8.19/checkstyle-8.19.jar
[INFO] Downloading from central: https://repo.maven.apache.org/maven2/org/antlr/antlr4-runtime/4.7.2/antlr4-runtime-4.7.2.jar
[INFO] Downloading from central: https://repo.maven.apache.org/maven2/info/picocli/picocli/3.9.5/picocli-3.9.5.jar
[INFO] Downloading from central: https://repo.maven.apache.org/maven2/com/google/guava/failureaccess/1.0.1/failureaccess-1.0.1.jar
[INFO] Downloading from central: https://repo.maven.apache.org/maven2/com/google/guava/guava/27.1-jre/guava-27.1-jre.jar
[INFO] Downloaded from central: https://repo.maven.apache.org/maven2/com/google/guava/failureaccess/1.0.1/failureaccess-1.0.1.jar (4.6 kB at 210 kB/s)
[INFO] Downloading from central: https://repo.maven.apache.org/maven2/com/google/guava/listenablefuture/9999.0-empty-to-avoid-conflict-with-guava/listenablefuture-9999.0-empty-to-avoid-conflict-with-guava.jar
[INFO] Downloaded from central: https://repo.maven.apache.org/maven2/com/google/guava/listenablefuture/9999.0-empty-to-avoid-conflict-with-guava/listenablefuture-9999.0-empty-to-avoid-conflict-with-guava.jar (2.2 kB at 54 kB/s)
[INFO] Downloading from central: https://repo.maven.apache.org/maven2/org/checkerframework/checker-qual/2.5.2/checker-qual-2.5.2.jar
[INFO] Downloaded from central: https://repo.maven.apache.org/maven2/info/picocli/picocli/3.9.5/picocli-3.9.5.jar (263 kB at 6.0 MB/s)
[INFO] Downloaded from central: https://repo.maven.apache.org/maven2/org/antlr/antlr4-runtime/4.7.2/antlr4-runtime-4.7.2.jar (338 kB at 7.7 MB/s)
[INFO] Downloading from central: https://repo.maven.apache.org/maven2/net/sf/saxon/Saxon-HE/9.9.1-2/Saxon-HE-9.9.1-2.jar
[INFO] Downloading from central: https://repo.maven.apache.org/maven2/com/ibm/icu/icu4j/63.1/icu4j-63.1.jar
[INFO] Downloaded from central: https://repo.maven.apache.org/maven2/org/checkerframework/checker-qual/2.5.2/checker-qual-2.5.2.jar (193 kB at 2.6 MB/s)
[INFO] Downloaded from central: https://repo.maven.apache.org/maven2/com/google/guava/guava/27.1-jre/guava-27.1-jre.jar (2.7 MB at 18 MB/s)
[INFO] Downloaded from central: https://repo.maven.apache.org/maven2/com/puppycrawl/tools/checkstyle/8.19/checkstyle-8.19.jar (1.3 MB at 5.9 MB/s)
[INFO] Downloaded from central: https://repo.maven.apache.org/maven2/net/sf/saxon/Saxon-HE/9.9.1-2/Saxon-HE-9.9.1-2.jar (5.5 MB at 12 MB/s)
[INFO] Downloaded from central: https://repo.maven.apache.org/maven2/com/ibm/icu/icu4j/63.1/icu4j-63.1.jar (13 MB at 20 MB/s)
[INFO] ------------------------------------------------------------------------
[INFO] Reactor Summary:
[INFO] 
[INFO] Apache Hadoop HDDS ................................. SUCCESS [  9.660 s]
[INFO] Apache Hadoop HDDS Config .......................... SUCCESS [  0.432 s]
[INFO] Apache Hadoop HDDS Common .......................... SUCCESS [ 21.756 s]
[INFO] Apache Hadoop HDDS Client .......................... SUCCESS [  2.424 s]
[INFO] Apache Hadoop HDDS Server Framework ................ SUCCESS [  0.359 s]
[INFO] Apache Hadoop HDDS Container Service ............... SUCCESS [  3.794 s]
[INFO] Apache Hadoop HDDS/Ozone Documentation ............. SUCCESS [  0.073 s]
[INFO] Apache Hadoop HDDS SCM Server ...................... SUCCESS [  4.832 s]
[INFO] Apache Hadoop HDDS Tools ........................... SUCCESS [  0.185 s]
[INFO] Apache Hadoop Ozone ................................ SUCCESS [  0.558 s]
[INFO] Apache Hadoop Ozone Common ......................... SUCCESS [  3.000 s]
[INFO] Apache Hadoop Ozone Client ......................... SUCCESS [  2.252 s]
[INFO] Apache Hadoop Ozone Manager Server ................. SUCCESS [  6.632 s]
[INFO] Apache Hadoop Ozone S3 Gateway ..................... SUCCESS [  0.643 s]
[INFO] Apache Hadoop Ozone CSI service .................... SUCCESS [  1.457 s]
[INFO] Apache Hadoop Ozone Recon CodeGen .................. SUCCESS [  0.142 s]
[INFO] Apache Hadoop Ozone Recon .......................... SUCCESS [  3.019 s]
[INFO] Apache Hadoop Ozone Integration Tests .............. SUCCESS [  5.118 s]
[INFO] Apache Hadoop Ozone FileSystem ..................... SUCCESS [  2.016 s]
[INFO] Apache Hadoop Ozone FileSystem Single Jar Library .. SUCCESS [  1.467 s]
[INFO] Apache Hadoop Ozone FileSystem Legacy Jar Library .. SUCCESS [  0.078 s]
[INFO] Apache Hadoop Ozone Tools .......................... SUCCESS [  0.520 s]
[INFO] Apache Hadoop Ozone Datanode ....................... SUCCESS [  0.058 s]
[INFO] Apache Hadoop Ozone In-Place Upgrade ............... SUCCESS [  0.073 s]
[INFO] Apache Hadoop Ozone Insight Tool ................... SUCCESS [  0.158 s]
[INFO] Apache Hadoop Ozone Distribution ................... FAILURE [ 10.210 s]
[INFO] Apache Hadoop Ozone Fault Injection Tests .......... SUCCESS [  0.054 s]
[INFO] Apache Hadoop Ozone Network Tests .................. SUCCESS [  0.039 s]
[INFO] Apache Hadoop Ozone Main 0.5.0-SNAPSHOT ............ SUCCESS [  2.053 s]
[INFO] ------------------------------------------------------------------------
[INFO] BUILD FAILURE
[INFO] ------------------------------------------------------------------------
[INFO] Total time: 01:27 min
[INFO] Finished at: 2019-09-11T05:07:01Z
[INFO] ------------------------------------------------------------------------
[ERROR] Failed to execute goal on project hadoop-ozone-dist: Could not resolve dependencies for project org.apache.hadoop:hadoop-ozone-dist:pom:0.5.0-SNAPSHOT: Could not find artifact org.apache.hadoop:hadoop-ozone-insight:jar:0.5.0-SNAPSHOT in apache.snapshots.https (https://repository.apache.org/content/repositories/snapshots) -> [Help 1]
[ERROR] 
[ERROR] To see the full stack trace of the errors, re-run Maven with the -e switch.
[ERROR] Re-run Maven using the -X switch to enable full debug logging.
[ERROR] 
[ERROR] For more information about the errors and possible solutions, please read the following articles:
[ERROR] [Help 1] http://cwiki.apache.org/confluence/display/MAVEN/DependencyResolutionException
[ERROR] 
[ERROR] After correcting the problems, you can resume the build with the command
[ERROR]   mvn <goals> -rf :hadoop-ozone-dist
[INFO] Build failures were ignored.
