#
# A fatal error has been detected by the Java Runtime Environment:
#
#  SIGSEGV (0xb) at pc=0x00007f61d9a3a810, pid=11575, tid=0x00007f61bb81dae0
#
# JRE version: OpenJDK Runtime Environment (8.0_212-b04) (build 1.8.0_212-b04)
# Java VM: OpenJDK 64-Bit Server VM (25.212-b04 mixed mode linux-amd64 compressed oops)
# Derivative: IcedTea 3.12.0
# Distribution: Custom build (Mon Aug 12 12:56:32 UTC 2019)
# Problematic frame:
# C  [ld-musl-x86_64.so.1+0x53810]  pthread_setname_np+0x5e
#
# Core dump written. Default location: /workdir/hadoop-ozone/ozone-manager/core or core.11575
#
# If you would like to submit a bug report, please include
# instructions on how to reproduce the bug and visit:
#   https://icedtea.classpath.org/bugzilla
#

---------------  T H R E A D  ---------------

Current thread is native thread

siginfo: si_signo: 11 (SIGSEGV), si_code: 1 (SEGV_MAPERR), si_addr: 0x0000000000000038

Registers:
RAX=0x00007f61bb81dae0, RBX=0x0000000000000022, RCX=0x0000000000000000, RDX=0x0000000000000000
RSP=0x00007f61bb81d680, RBP=0x0000000000000000, RSI=0x0000000000000000, RDI=0xff73725e6f6c7463
R8 =0x0000000000000000, R9 =0x8080808080808080, R10=0xfefefefefefefeff, R11=0x0000000000000212
R12=0x0000556a3c3ded58, R13=0x000000000000000f, R14=0x00007f61bb81dae0, R15=0x00007f61d9c73ae8
RIP=0x00007f61d9a3a810, EFLAGS=0x0000000000010202, CSGSFS=0x0000000000000033, ERR=0x0000000000000004
  TRAPNO=0x000000000000000e

Top of Stack: (sp=0x00007f61bb81d680)
0x00007f61bb81d680:   0000000000000000 0000000000000000
0x00007f61bb81d690:   0000000000000000 0000000000000000
0x00007f61bb81d6a0:   0000000000000000 0000000000000000
0x00007f61bb81d6b0:   0000000000000000 0000556a3c38f120
0x00007f61bb81d6c0:   00007f61bb81d710 0000000000000000
0x00007f61bb81d6d0:   0000556a3c38f160 00007f61bca76ec9
0x00007f61bb81d6e0:   0000000000000000 0000556a3c38f3c0
0x00007f61bb81d6f0:   0000000000000000 00007f61bb81d760
0x00007f61bb81d700:   00007f61bb81dae0 00007f61d9c73ae8
0x00007f61bb81d710:   0000000000000000 00007f61d886af41
0x00007f61bb81d720:   0000000000000000 00007f61bb81dae0
0x00007f61bb81d730:   0000000000000000 00007f61d9a396c2
0x00007f61bb81d740:   0000000000000000 0000000000000000
0x00007f61bb81d750:   0000000000017000 00007f61d9a3b5b1
0x00007f61bb81d760:   0000000000000002 00007f61bb81dac0
0x00007f61bb81d770:   00007f61bb81d790 0000000000000000
0x00007f61bb81d780:   0000000000000000 0000000000000000
0x00007f61bb81d790:   0000000000000002 0000000000000000
0x00007f61bb81d7a0:   0000000000000000 0000000000000000
0x00007f61bb81d7b0:   0000000000000000 0000000000000000
0x00007f61bb81d7c0:   0000000000000000 0000000000000000
0x00007f61bb81d7d0:   0000000000000000 0000000000000000
0x00007f61bb81d7e0:   0000000000000000 0000000000000000
0x00007f61bb81d7f0:   0000000000000000 0000000000000000
0x00007f61bb81d800:   0000000000000000 0000000000000000
0x00007f61bb81d810:   0000000000000000 0000000000000000
0x00007f61bb81d820:   0000000000000000 0000000000000000
0x00007f61bb81d830:   0000000000000000 0000000000000000
0x00007f61bb81d840:   0000000000000000 0000000000000000
0x00007f61bb81d850:   0000000000000000 0000000000000000
0x00007f61bb81d860:   0000000000000000 0000000000000000
0x00007f61bb81d870:   0000000000000000 0000000000000000 

Instructions: (pc=0x00007f61d9a3a810)
0x00007f61d9a3a7f0:   31 d2 31 c0 4c 89 e6 bf 0f 00 00 00 e8 65 d8 fc
0x00007f61d9a3a800:   ff 85 c0 89 c3 74 7e e8 25 a7 fc ff 8b 18 eb 75
0x00007f61d9a3a810:   8b 4d 38 48 8d 5c 24 0e 48 8d 15 f2 92 03 00 be
0x00007f61d9a3a820:   22 00 00 00 31 c0 48 89 df e8 35 68 ff ff 48 8d 

Register to memory mapping:

RAX=0x00007f61bb81dae0 is an unknown value
RBX=0x0000000000000022 is an unknown value
RCX=0x0000000000000000 is an unknown value
RDX=0x0000000000000000 is an unknown value
RSP=0x00007f61bb81d680 is an unknown value
RBP=0x0000000000000000 is an unknown value
RSI=0x0000000000000000 is an unknown value
RDI=0xff73725e6f6c7463 is an unknown value
R8 =0x0000000000000000 is an unknown value
R9 =0x8080808080808080 is an unknown value
R10=0xfefefefefefefeff is an unknown value
R11=0x0000000000000212 is an unknown value
R12=0x0000556a3c3ded58 is an unknown value
R13=0x000000000000000f is an unknown value
R14=0x00007f61bb81dae0 is an unknown value
R15=0x00007f61d9c73ae8: __utc+0x1fff68 in /lib/ld-musl-x86_64.so.1 at 0x00007f61d99e7000


Stack: [0x00007f61bb809000,0x00007f61bb81d760],  sp=0x00007f61bb81d680,  free space=81k
Native frames: (J=compiled Java code, j=interpreted, Vv=VM code, C=native code)
C  [ld-musl-x86_64.so.1+0x53810]  pthread_setname_np+0x5e

[error occurred during error reporting (printing native stack), id 0xb]


---------------  P R O C E S S  ---------------

VM state:synchronizing (normal execution)

VM Mutex/Monitor currently owned by a thread:  ([mutex/lock_event])
[0x0000556a3ac2fcc0] Safepoint_lock - owner thread: 0x0000000000000000
[0x0000556a3ac2fd60] Threads_lock - owner thread: 0x0000556a3ad34000

heap address: 0x0000000080000000, size: 2048 MB, Compressed Oops mode: 32-bit
Narrow klass base: 0x0000000000000000, Narrow klass shift: 3
Compressed class space size: 1073741824 Address: 0x0000000100000000

Heap:
 PSYoungGen      total 611840K, used 170852K [0x00000000d5580000, 0x0000000100000000, 0x0000000100000000)
  eden space 524800K, 32% used [0x00000000d5580000,0x00000000dfc590a0,0x00000000f5600000)
  from space 87040K, 0% used [0x00000000f5600000,0x00000000f5600000,0x00000000fab00000)
  to   space 87040K, 0% used [0x00000000fab00000,0x00000000fab00000,0x0000000100000000)
 ParOldGen       total 850944K, used 14434K [0x0000000080000000, 0x00000000b3f00000, 0x00000000d5580000)
  object space 850944K, 1% used [0x0000000080000000,0x0000000080e18a10,0x00000000b3f00000)
 Metaspace       used 32413K, capacity 32716K, committed 33280K, reserved 1079296K
  class space    used 3959K, capacity 4059K, committed 4096K, reserved 1048576K

Card table byte_map: [0x00007f61c8793000,0x00007f61c8b94000] byte_map_base: 0x00007f61c8393000

Marking Bits: (ParMarkBitMap*) 0x00007f61d95a5200
 Begin Bits: [0x00007f61c42e4000, 0x00007f61c62e4000)
 End Bits:   [0x00007f61c62e4000, 0x00007f61c82e4000)

Polling page: 0x00007f61d9b70000

CodeCache: size=245760Kb used=5776Kb max_used=8201Kb free=239983Kb
 bounds [0x00007f61c8f54000, 0x00007f61c9764000, 0x00007f61d7f54000]
 total_blobs=2571 nmethods=2064 adapters=421
 compilation: enabled

Compilation events (10 events):
Event: 8.743 Thread 0x0000556a3ad78000 3451       4       com.ctc.wstx.sr.InputElementStack::resolveAndValidateElement (491 bytes)
Event: 8.743 Thread 0x0000556a3ad85000 nmethod 3463 0x00007f61c940b3d0 code [0x00007f61c940b580, 0x00007f61c940bb48]
Event: 8.743 Thread 0x0000556a3ad85000 3457       1       org.apache.hadoop.conf.Configuration$Resource::isParserRestricted (5 bytes)
Event: 8.743 Thread 0x0000556a3ad85000 nmethod 3457 0x00007f61c940cbd0 code [0x00007f61c940cd20, 0x00007f61c940ce30]
Event: 8.743 Thread 0x0000556a3ad85000 3458       1       org.apache.hadoop.conf.Configuration$Resource::getResource (5 bytes)
Event: 8.743 Thread 0x0000556a3ad85000 nmethod 3458 0x00007f61c940b110 code [0x00007f61c940b260, 0x00007f61c940b370]
Event: 8.745 Thread 0x0000556a3ad78000 nmethod 3451 0x00007f61c94096d0 code [0x00007f61c9409840, 0x00007f61c94099e8]
Event: 8.745 Thread 0x0000556a3ad78000 3452       4       com.ctc.wstx.sr.AttributeCollector::resolveNamespaces (369 bytes)
Event: 8.746 Thread 0x0000556a3ad78000 nmethod 3452 0x00007f61c90f5490 code [0x00007f61c90f55e0, 0x00007f61c90f5678]
Event: 9.562 Thread 0x0000556a3ad85000 3465       3       java.nio.Buffer::checkIndex (22 bytes)

GC Heap History (4 events):
Event: 2.360 GC heap before
{Heap before GC invocations=1 (full 0):
 PSYoungGen      total 611840K, used 293890K [0x00000000d5580000, 0x0000000100000000, 0x0000000100000000)
  eden space 524800K, 56% used [0x00000000d5580000,0x00000000e74809e8,0x00000000f5600000)
  from space 87040K, 0% used [0x00000000fab00000,0x00000000fab00000,0x0000000100000000)
  to   space 87040K, 0% used [0x00000000f5600000,0x00000000f5600000,0x00000000fab00000)
 ParOldGen       total 1398272K, used 0K [0x0000000080000000, 0x00000000d5580000, 0x00000000d5580000)
  object space 1398272K, 0% used [0x0000000080000000,0x0000000080000000,0x00000000d5580000)
 Metaspace       used 20918K, capacity 21100K, committed 21296K, reserved 1069056K
  class space    used 2597K, capacity 2673K, committed 2688K, reserved 1048576K
Event: 2.421 GC heap after
Heap after GC invocations=1 (full 0):
 PSYoungGen      total 611840K, used 15121K [0x00000000d5580000, 0x0000000100000000, 0x0000000100000000)
  eden space 524800K, 0% used [0x00000000d5580000,0x00000000d5580000,0x00000000f5600000)
  from space 87040K, 17% used [0x00000000f5600000,0x00000000f64c46b0,0x00000000fab00000)
  to   space 87040K, 0% used [0x00000000fab00000,0x00000000fab00000,0x0000000100000000)
 ParOldGen       total 1398272K, used 16K [0x0000000080000000, 0x00000000d5580000, 0x00000000d5580000)
  object space 1398272K, 0% used [0x0000000080000000,0x0000000080004000,0x00000000d5580000)
 Metaspace       used 20918K, capacity 21100K, committed 21296K, reserved 1069056K
  class space    used 2597K, capacity 2673K, committed 2688K, reserved 1048576K
}
Event: 2.421 GC heap before
{Heap before GC invocations=2 (full 1):
 PSYoungGen      total 611840K, used 15121K [0x00000000d5580000, 0x0000000100000000, 0x0000000100000000)
  eden space 524800K, 0% used [0x00000000d5580000,0x00000000d5580000,0x00000000f5600000)
  from space 87040K, 17% used [0x00000000f5600000,0x00000000f64c46b0,0x00000000fab00000)
  to   space 87040K, 0% used [0x00000000fab00000,0x00000000fab00000,0x0000000100000000)
 ParOldGen       total 1398272K, used 16K [0x0000000080000000, 0x00000000d5580000, 0x00000000d5580000)
  object space 1398272K, 0% used [0x0000000080000000,0x0000000080004000,0x00000000d5580000)
 Metaspace       used 20918K, capacity 21100K, committed 21296K, reserved 1069056K
  class space    used 2597K, capacity 2673K, committed 2688K, reserved 1048576K
Event: 2.511 GC heap after
Heap after GC invocations=2 (full 1):
 PSYoungGen      total 611840K, used 0K [0x00000000d5580000, 0x0000000100000000, 0x0000000100000000)
  eden space 524800K, 0% used [0x00000000d5580000,0x00000000d5580000,0x00000000f5600000)
  from space 87040K, 0% used [0x00000000f5600000,0x00000000f5600000,0x00000000fab00000)
  to   space 87040K, 0% used [0x00000000fab00000,0x00000000fab00000,0x0000000100000000)
 ParOldGen       total 850944K, used 14434K [0x0000000080000000, 0x00000000b3f00000, 0x00000000d5580000)
  object space 850944K, 1% used [0x0000000080000000,0x0000000080e18a10,0x00000000b3f00000)
 Metaspace       used 20914K, capacity 21094K, committed 21296K, reserved 1069056K
  class space    used 2596K, capacity 2672K, committed 2688K, reserved 1048576K
}

Deoptimization events (10 events):
Event: 3.995 Thread 0x0000556a3ac31800 Uncommon trap: reason=bimorphic action=maybe_recompile pc=0x00007f61c9624de0 method=net.bytebuddy.description.type.TypeDescription$AbstractBase.equals(Ljava/lang/Object;)Z @ 34
Event: 3.995 Thread 0x0000556a3ac31800 Uncommon trap: reason=bimorphic action=maybe_recompile pc=0x00007f61c9624de0 method=net.bytebuddy.description.type.TypeDescription$AbstractBase.equals(Ljava/lang/Object;)Z @ 34
Event: 4.623 Thread 0x0000556a3ac31800 Uncommon trap: reason=unstable_if action=reinterpret pc=0x00007f61c95d3e84 method=com.ctc.wstx.sr.BasicStreamReader.readIndentation(CI)I @ 141
Event: 4.624 Thread 0x0000556a3ac31800 Uncommon trap: reason=unstable_if action=reinterpret pc=0x00007f61c95d91bc method=java.util.concurrent.ConcurrentHashMap.putVal(Ljava/lang/Object;Ljava/lang/Object;Z)Ljava/lang/Object; @ 181
Event: 5.774 Thread 0x0000556a3ac31800 Uncommon trap: reason=unstable_if action=reinterpret pc=0x00007f61c95594fc method=sun.misc.MetaIndex.mayContain(Ljava/lang/String;)Z @ 38
Event: 5.774 Thread 0x0000556a3ac31800 Uncommon trap: reason=unstable_if action=reinterpret pc=0x00007f61c958aaf8 method=sun.misc.MetaIndex.mayContain(Ljava/lang/String;)Z @ 38
Event: 5.819 Thread 0x0000556a3ac31800 Uncommon trap: reason=unstable_if action=reinterpret pc=0x00007f61c9579df8 method=java.lang.StringCoding.encode(Ljava/lang/String;[CII)[B @ 38
Event: 5.894 Thread 0x0000556a3ac31800 Uncommon trap: reason=class_check action=maybe_recompile pc=0x00007f61c919c9f0 method=java.lang.StringCoding$StringEncoder.encode([CII)[B @ 30
Event: 5.896 Thread 0x0000556a3ac31800 Uncommon trap: reason=class_check action=maybe_recompile pc=0x00007f61c919c9f0 method=java.lang.StringCoding$StringEncoder.encode([CII)[B @ 30
Event: 5.897 Thread 0x0000556a3ac31800 Uncommon trap: reason=class_check action=maybe_recompile pc=0x00007f61c919c9f0 method=java.lang.StringCoding$StringEncoder.encode([CII)[B @ 30

Classes redefined (10 events):
Event: 1.722 Thread 0x0000556a3ad34000 redefined class name=org.apache.hadoop.ozone.om.protocol.OzoneManagerProtocol, count=1
Event: 1.723 Thread 0x0000556a3ad34000 redefined class name=org.apache.hadoop.ozone.om.protocol.OzoneManagerSecurityProtocol, count=1
Event: 1.729 Thread 0x0000556a3ad34000 redefined class name=java.lang.Object, count=1
Event: 1.730 Thread 0x0000556a3ad34000 redefined class name=org.apache.hadoop.ozone.om.protocol.OzoneManagerServerProtocol, count=2
Event: 3.948 Thread 0x0000556a3ad34000 redefined class name=org.apache.hadoop.ozone.audit.AuditLogger, count=2
Event: 3.973 Thread 0x0000556a3ad34000 redefined class name=org.apache.hadoop.ozone.om.ScmClient, count=2
Event: 4.063 Thread 0x0000556a3ad34000 redefined class name=org.apache.hadoop.security.token.SecretManager, count=2
Event: 4.070 Thread 0x0000556a3ad34000 redefined class name=org.apache.hadoop.ozone.security.OzoneSecretManager, count=3
Event: 4.076 Thread 0x0000556a3ad34000 redefined class name=org.apache.hadoop.ozone.security.OzoneBlockTokenSecretManager, count=4
Event: 4.109 Thread 0x0000556a3ad34000 redefined class name=org.apache.hadoop.hdds.scm.protocol.ScmBlockLocationProtocol, count=2

Internal exceptions (10 events):
Event: 1.123 Thread 0x0000556a3ac31800 Exception <a 'java/lang/ArrayIndexOutOfBoundsException': 117> (0x00000000ddf37e28) thrown at [/home/buildozer/aports/community/openjdk8/src/icedtea-3.12.0/openjdk/hotspot/src/share/vm/interpreter/interpreterRuntime.cpp, line 371]
Event: 1.135 Thread 0x0000556a3ac31800 Exception <a 'java/lang/ArrayIndexOutOfBoundsException': 18> (0x00000000de13f100) thrown at [/home/buildozer/aports/community/openjdk8/src/icedtea-3.12.0/openjdk/hotspot/src/share/vm/interpreter/interpreterRuntime.cpp, line 371]
Event: 1.135 Thread 0x0000556a3ac31800 Exception <a 'java/lang/ArrayIndexOutOfBoundsException': 40> (0x00000000de140760) thrown at [/home/buildozer/aports/community/openjdk8/src/icedtea-3.12.0/openjdk/hotspot/src/share/vm/interpreter/interpreterRuntime.cpp, line 371]
Event: 1.141 Thread 0x0000556a3ac31800 Exception <a 'java/lang/ArrayIndexOutOfBoundsException'> (0x00000000de223c78) thrown at [/home/buildozer/aports/community/openjdk8/src/icedtea-3.12.0/openjdk/hotspot/src/share/vm/runtime/sharedRuntime.cpp, line 613]
Event: 2.122 Thread 0x0000556a3ac31800 Exception <a 'java/lang/ArrayIndexOutOfBoundsException'> (0x00000000e470adf0) thrown at [/home/buildozer/aports/community/openjdk8/src/icedtea-3.12.0/openjdk/hotspot/src/share/vm/runtime/sharedRuntime.cpp, line 613]
Event: 2.122 Thread 0x0000556a3ac31800 Exception <a 'java/lang/ArrayIndexOutOfBoundsException'> (0x00000000e4711cc0) thrown at [/home/buildozer/aports/community/openjdk8/src/icedtea-3.12.0/openjdk/hotspot/src/share/vm/runtime/sharedRuntime.cpp, line 613]
Event: 2.128 Thread 0x0000556a3ac31800 Exception <a 'java/lang/ArrayIndexOutOfBoundsException'> (0x00000000e4744a90) thrown at [/home/buildozer/aports/community/openjdk8/src/icedtea-3.12.0/openjdk/hotspot/src/share/vm/runtime/sharedRuntime.cpp, line 613]
Event: 2.128 Thread 0x0000556a3ac31800 Exception <a 'java/lang/ArrayIndexOutOfBoundsException'> (0x00000000e4746000) thrown at [/home/buildozer/aports/community/openjdk8/src/icedtea-3.12.0/openjdk/hotspot/src/share/vm/runtime/sharedRuntime.cpp, line 613]
Event: 2.134 Thread 0x0000556a3ac31800 Exception <a 'java/lang/ArrayIndexOutOfBoundsException'> (0x00000000e477eb48) thrown at [/home/buildozer/aports/community/openjdk8/src/icedtea-3.12.0/openjdk/hotspot/src/share/vm/runtime/sharedRuntime.cpp, line 613]
Event: 2.138 Thread 0x0000556a3ac31800 Exception <a 'java/lang/ArrayIndexOutOfBoundsException'> (0x00000000e47b3860) thrown at [/home/buildozer/aports/community/openjdk8/src/icedtea-3.12.0/openjdk/hotspot/src/share/vm/runtime/sharedRuntime.cpp, line 613]

Events (10 events):
Event: 8.704 Thread 0x0000556a3ad85000 flushing nmethod 0x00007f61c94088d0
Event: 8.704 Thread 0x0000556a3ad85000 flushing nmethod 0x00007f61c940b890
Event: 8.704 Thread 0x0000556a3ad85000 flushing nmethod 0x00007f61c940ed90
Event: 8.704 Thread 0x0000556a3ad85000 flushing nmethod 0x00007f61c9416b90
Event: 8.704 Thread 0x0000556a3ad85000 flushing nmethod 0x00007f61c944fc10
Event: 8.704 Thread 0x0000556a3ad85000 flushing nmethod 0x00007f61c9458750
Event: 8.727 Thread 0x0000556a3ac31800 DEOPT PACKING pc=0x00007f61c90904a7 sp=0x00007f61d9c72110
Event: 8.727 Thread 0x0000556a3ac31800 DEOPT UNPACKING pc=0x00007f61c8f9b4c4 sp=0x00007f61d9c71e70 mode 0
Event: 8.739 Thread 0x0000556a3ac31800 DEOPT PACKING pc=0x00007f61c9750902 sp=0x00007f61d9c71f40
Event: 8.739 Thread 0x0000556a3ac31800 DEOPT UNPACKING pc=0x00007f61c8f9b4c4 sp=0x00007f61d9c71ce0 mode 0


Dynamic libraries:
80000000-b3f00000 rw-p 00000000 00:00 0 
b3f00000-d5580000 ---p 00000000 00:00 0 
d5580000-100400000 rw-p 00000000 00:00 0 
100400000-140000000 ---p 00000000 00:00 0 
556a3a93c000-556a3a93d000 r-xp 00000000 fd:02 157749689                  /usr/lib/jvm/java-1.8-openjdk/jre/bin/java
556a3ab3c000-556a3ab3d000 r--p 00000000 fd:02 157749689                  /usr/lib/jvm/java-1.8-openjdk/jre/bin/java
556a3ab3d000-556a3ab3e000 rw-p 00001000 fd:02 157749689                  /usr/lib/jvm/java-1.8-openjdk/jre/bin/java
556a3ac1a000-556a3ce6b000 rw-p 00000000 00:00 0                          [heap]
7f61bb7f0000-7f61bb7f2000 ---p 00000000 00:00 0 
7f61bb7f2000-7f61bb807000 rw-p 00000000 00:00 0 
7f61bb807000-7f61bb809000 ---p 00000000 00:00 0 
7f61bb809000-7f61bb81e000 rw-p 00000000 00:00 0 
7f61bb81e000-7f61bb820000 ---p 00000000 00:00 0 
7f61bb820000-7f61bb835000 rw-p 00000000 00:00 0 
7f61bb835000-7f61bb837000 ---p 00000000 00:00 0 
7f61bb837000-7f61bb84c000 rw-p 00000000 00:00 0 
7f61bb84c000-7f61bb84e000 ---p 00000000 00:00 0 
7f61bb84e000-7f61bb863000 rw-p 00000000 00:00 0 
7f61bb863000-7f61bb865000 ---p 00000000 00:00 0 
7f61bb865000-7f61bb8fa000 rw-p 00000000 00:00 0 
7f61bb8fa000-7f61bba7a000 ---p 00000000 00:00 0 
7f61bba7a000-7f61bba7c000 ---p 00000000 00:00 0 
7f61bba7c000-7f61bba91000 rw-p 00000000 00:00 0 
7f61bba91000-7f61bba93000 ---p 00000000 00:00 0 
7f61bba93000-7f61bbaa8000 rw-p 00000000 00:00 0 
7f61bbaa8000-7f61bbca8000 r-xp 00000000 fd:02 157749718                  /usr/lib/jvm/java-1.8-openjdk/jre/lib/amd64/libjaas_unix.so
7f61bbca8000-7f61bbca9000 r--p 00000000 fd:02 157749718                  /usr/lib/jvm/java-1.8-openjdk/jre/lib/amd64/libjaas_unix.so
7f61bbca9000-7f61bbcaa000 rw-p 00001000 fd:02 157749718                  /usr/lib/jvm/java-1.8-openjdk/jre/lib/amd64/libjaas_unix.so
7f61bbcaa000-7f61bbeaa000 rw-p 00000000 00:00 0 
7f61bbeaa000-7f61bc0aa000 rw-p 00000000 00:00 0 
7f61bc0aa000-7f61bc2aa000 rw-p 00000000 00:00 0 
7f61bc2b7000-7f61bc2b9000 ---p 00000000 00:00 0 
7f61bc2b9000-7f61bc2ce000 rw-p 00000000 00:00 0 
7f61bc2ce000-7f61bc2d0000 ---p 00000000 00:00 0 
7f61bc2d0000-7f61bc2e5000 rw-p 00000000 00:00 0 
7f61bc2e5000-7f61bc2e7000 ---p 00000000 00:00 0 
7f61bc2e7000-7f61bc2fc000 rw-p 00000000 00:00 0 
7f61bc2fc000-7f61bc2fe000 ---p 00000000 00:00 0 
7f61bc2fe000-7f61bc313000 rw-p 00000000 00:00 0 
7f61bc313000-7f61bc315000 r--s 00009000 fd:02 157749762                  /usr/lib/jvm/java-1.8-openjdk/jre/lib/ext/sunec.jar
7f61bc315000-7f61bc317000 ---p 00000000 00:00 0 
7f61bc317000-7f61bc32c000 rw-p 00000000 00:00 0 
7f61bc32c000-7f61bc32e000 ---p 00000000 00:00 0 
7f61bc32e000-7f61bc343000 rw-p 00000000 00:00 0 
7f61bc343000-7f61bc345000 ---p 00000000 00:00 0 
7f61bc345000-7f61bc35a000 rw-p 00000000 00:00 0 
7f61bc35a000-7f61bc35c000 ---p 00000000 00:00 0 
7f61bc35c000-7f61bc371000 rw-p 00000000 00:00 0 
7f61bc371000-7f61bc373000 ---p 00000000 00:00 0 
7f61bc373000-7f61bc5f7000 rw-p 00000000 00:00 0 
7f61bc5f7000-7f61bc81d000 r-xp 00000000 fd:02 157811599                  /usr/glibc-compat/lib/ld-2.28.so
7f61bc81d000-7f61bc81e000 r--p 00026000 fd:02 157811599                  /usr/glibc-compat/lib/ld-2.28.so
7f61bc81e000-7f61bc81f000 rw-p 00027000 fd:02 157811599                  /usr/glibc-compat/lib/ld-2.28.so
7f61bc81f000-7f61bc820000 rw-p 00000000 00:00 0 
7f61bc820000-7f61bd0b8000 r-xp 00000000 fd:02 233178187                  /tmp/librocksdbjni9016899086341685091.so
7f61bd0b8000-7f61bd0c9000 r--p 00698000 fd:02 233178187                  /tmp/librocksdbjni9016899086341685091.so
7f61bd0c9000-7f61bd0d2000 rw-p 006a9000 fd:02 233178187                  /tmp/librocksdbjni9016899086341685091.so
7f61bd0d2000-7f61bd2d8000 rw-p 00000000 00:00 0 
7f61bd2d8000-7f61bd4d8000 rw-p 00000000 00:00 0 
7f61bd4d8000-7f61bd6d8000 rw-p 00000000 00:00 0 
7f61bd6d8000-7f61bd8d8000 rw-p 00000000 00:00 0 
7f61bd8d8000-7f61bdad8000 rw-p 00000000 00:00 0 
7f61bdad8000-7f61bdcd8000 rw-p 00000000 00:00 0 
7f61bdcd8000-7f61bdcdb000 r--s 00040000 fd:02 157749764                  /usr/lib/jvm/java-1.8-openjdk/jre/lib/ext/sunpkcs11.jar
7f61bdcdb000-7f61bdcdd000 ---p 00000000 00:00 0 
7f61bdcdd000-7f61bdcf2000 rw-p 00000000 00:00 0 
7f61bdcf2000-7f61bdcf4000 ---p 00000000 00:00 0 
7f61bdcf4000-7f61bdd09000 rw-p 00000000 00:00 0 
7f61bdd09000-7f61bdd0b000 ---p 00000000 00:00 0 
7f61bdd0b000-7f61bdd20000 rw-p 00000000 00:00 0 
7f61bdd20000-7f61bdd22000 ---p 00000000 00:00 0 
7f61bdd22000-7f61bdd37000 rw-p 00000000 00:00 0 
7f61bdd37000-7f61bdd52000 r--s 001d6000 fd:02 157749761                  /usr/lib/jvm/java-1.8-openjdk/jre/lib/ext/nashorn.jar
7f61bdd52000-7f61bdd54000 r--s 00019000 fd:02 157749778                  /usr/lib/jvm/java-1.8-openjdk/jre/lib/jce.jar
7f61bdd54000-7f61bdd56000 ---p 00000000 00:00 0 
7f61bdd56000-7f61bdd6b000 rw-p 00000000 00:00 0 
7f61bdd6b000-7f61bdd6d000 ---p 00000000 00:00 0 
7f61bdd6d000-7f61bdd82000 rw-p 00000000 00:00 0 
7f61bdd82000-7f61bdd84000 ---p 00000000 00:00 0 
7f61bdd84000-7f61bdf99000 rw-p 00000000 00:00 0 
7f61bdf99000-7f61bdf9a000 r--s 00000000 fd:02 233178178                  /tmp/mockitoboot5659184370244530447.jar
7f61bdf9b000-7f61be1a4000 r-xp 00000000 fd:02 157749712                  /usr/lib/jvm/java-1.8-openjdk/jre/lib/amd64/libinstrument.so
7f61be1a4000-7f61be1a5000 r--p 00009000 fd:02 157749712                  /usr/lib/jvm/java-1.8-openjdk/jre/lib/amd64/libinstrument.so
7f61be1a5000-7f61be1a6000 rw-p 0000a000 fd:02 157749712                  /usr/lib/jvm/java-1.8-openjdk/jre/lib/amd64/libinstrument.so
7f61be1a6000-7f61be1a9000 ---p 00000000 00:00 0 
7f61be1a9000-7f61be2a7000 rw-p 00000000 00:00 0 
7f61be2a7000-7f61be4a9000 r-xp 00000000 fd:02 157749705                  /usr/lib/jvm/java-1.8-openjdk/jre/lib/amd64/libattach.so
7f61be4a9000-7f61be4aa000 r--p 00002000 fd:02 157749705                  /usr/lib/jvm/java-1.8-openjdk/jre/lib/amd64/libattach.so
7f61be4aa000-7f61be4ab000 rw-p 00003000 fd:02 157749705                  /usr/lib/jvm/java-1.8-openjdk/jre/lib/amd64/libattach.so
7f61be4ab000-7f61be4ae000 r--s 00025000 fd:02 158271774                  /home/user/.m2/repository/org/apache/maven/shared/maven-shared-utils/3.1.0/maven-shared-utils-3.1.0.jar
7f61be4ae000-7f61be6bf000 r-xp 00000000 fd:02 157749732                  /usr/lib/jvm/java-1.8-openjdk/jre/lib/amd64/libnio.so
7f61be6bf000-7f61be6c0000 r--p 00011000 fd:02 157749732                  /usr/lib/jvm/java-1.8-openjdk/jre/lib/amd64/libnio.so
7f61be6c0000-7f61be6c1000 rw-p 00012000 fd:02 157749732                  /usr/lib/jvm/java-1.8-openjdk/jre/lib/amd64/libnio.so
7f61be6c1000-7f61c16c2000 rw-p 00000000 00:00 0 
7f61c16c2000-7f61c18d8000 r-xp 00000000 fd:02 157749731                  /usr/lib/jvm/java-1.8-openjdk/jre/lib/amd64/libnet.so
7f61c18d8000-7f61c18d9000 r--p 00016000 fd:02 157749731                  /usr/lib/jvm/java-1.8-openjdk/jre/lib/amd64/libnet.so
7f61c18d9000-7f61c18da000 rw-p 00017000 fd:02 157749731                  /usr/lib/jvm/java-1.8-openjdk/jre/lib/amd64/libnet.so
7f61c18da000-7f61c18de000 r--s 00058000 fd:02 157749780                  /usr/lib/jvm/java-1.8-openjdk/jre/lib/jsse.jar
7f61c18de000-7f61c18e1000 ---p 00000000 00:00 0 
7f61c18e1000-7f61c1918000 rw-p 00000000 00:00 0 
7f61c1918000-7f61c1919000 r--s 00006000 fd:02 238096156                  /home/user/.m2/repository/org/apache/maven/surefire/common-junit4/3.0.0-M1/common-junit4-3.0.0-M1.jar
7f61c1919000-7f61c191a000 r--s 00002000 fd:02 238096158                  /home/user/.m2/repository/org/apache/maven/surefire/common-junit3/3.0.0-M1/common-junit3-3.0.0-M1.jar
7f61c191a000-7f61c191b000 r--s 00007000 fd:02 238096157                  /home/user/.m2/repository/org/apache/maven/surefire/common-java5/3.0.0-M1/common-java5-3.0.0-M1.jar
7f61c191b000-7f61c191d000 r--s 00003000 fd:02 238096121                  /home/user/.m2/repository/org/apache/maven/surefire/surefire-junit4/3.0.0-M1/surefire-junit4-3.0.0-M1.jar
7f61c191d000-7f61c1929000 r--s 000ae000 fd:02 158335298                  /home/user/.m2/repository/org/jmockit/jmockit/1.24/jmockit-1.24.jar
7f61c1929000-7f61c192b000 r--s 00009000 fd:02 158335189                  /home/user/.m2/repository/org/hamcrest/hamcrest-core/1.3/hamcrest-core-1.3.jar
7f61c192b000-7f61c1931000 r--s 00036000 fd:02 158206082                  /home/user/.m2/repository/junit/junit/4.11/junit-4.11.jar
7f61c1931000-7f61c1937000 r--s 00045000 fd:02 158335180                  /home/user/.m2/repository/org/hamcrest/hamcrest-all/1.3/hamcrest-all-1.3.jar
7f61c1937000-7f61c193b000 r--s 0001e000 fd:02 158205514                  /home/user/.m2/repository/io/dropwizard/metrics/metrics-core/3.2.4/metrics-core-3.2.4.jar
7f61c193b000-7f61c1940000 r--s 00047000 fd:02 158205473                  /home/user/.m2/repository/dnsjava/dnsjava/2.1.7/dnsjava-2.1.7.jar
7f61c1940000-7f61c1946000 r--s 00078000 fd:02 158204060                  /home/user/.m2/repository/com/fasterxml/woodstox/woodstox-core/5.0.3/woodstox-core-5.0.3.jar
7f61c1946000-7f61c194a000 r--s 00024000 fd:02 158273539                  /home/user/.m2/repository/org/codehaus/woodstox/stax2-api/3.1.4/stax2-api-3.1.4.jar
7f61c194a000-7f61c194e000 r--s 0004c000 fd:02 238096010                  /home/user/.m2/repository/com/fasterxml/jackson/core/jackson-core/2.9.9/jackson-core-2.9.9.jar
7f61c194e000-7f61c1961000 r--s 00137000 fd:02 238096009                  /home/user/.m2/repository/com/fasterxml/jackson/core/jackson-databind/2.9.9/jackson-databind-2.9.9.jar
7f61c1961000-7f61c1963000 r--s 00006000 fd:02 158207308                  /home/user/.m2/repository/org/apache/kerby/kerby-xdr/1.0.1/kerby-xdr-1.0.1.jar
7f61c1963000-7f61c1964000 r--s 00004000 fd:02 158207212                  /home/user/.m2/repository/org/apache/kerby/kerb-identity/1.0.1/kerb-identity-1.0.1.jar
7f61c1964000-7f61c1967000 r--s 00012000 fd:02 158207221                  /home/user/.m2/repository/org/apache/kerby/kerb-server/1.0.1/kerb-server-1.0.1.jar
7f61c1967000-7f61c196a000 r--s 00011000 fd:02 158207167                  /home/user/.m2/repository/org/apache/kerby/kerb-admin/1.0.1/kerb-admin-1.0.1.jar
7f61c196a000-7f61c196b000 r--s 00004000 fd:02 158207317                  /home/user/.m2/repository/org/apache/kerby/token-provider/1.0.1/token-provider-1.0.1.jar
7f61c196b000-7f61c196c000 r--s 00008000 fd:02 158207239                  /home/user/.m2/repository/org/apache/kerby/kerb-util/1.0.1/kerb-util-1.0.1.jar
7f61c196c000-7f61c1970000 r--s 00019000 fd:02 158207203                  /home/user/.m2/repository/org/apache/kerby/kerb-crypto/1.0.1/kerb-crypto-1.0.1.jar
7f61c1970000-7f61c1972000 r--s 0000e000 fd:02 158207185                  /home/user/.m2/repository/org/apache/kerby/kerb-common/1.0.1/kerb-common-1.0.1.jar
7f61c1972000-7f61c1973000 r--s 00009000 fd:02 158207299                  /home/user/.m2/repository/org/apache/kerby/kerby-util/1.0.1/kerby-util-1.0.1.jar
7f61c1973000-7f61c1975000 r--s 00017000 fd:02 158207254                  /home/user/.m2/repository/org/apache/kerby/kerby-asn1/1.0.1/kerby-asn1-1.0.1.jar
7f61c1975000-7f61c197c000 r--s 0002b000 fd:02 158207284                  /home/user/.m2/repository/org/apache/kerby/kerby-pkix/1.0.1/kerby-pkix-1.0.1.jar
7f61c197c000-7f61c1983000 r--s 00031000 fd:02 158207194                  /home/user/.m2/repository/org/apache/kerby/kerb-core/1.0.1/kerb-core-1.0.1.jar
7f61c1983000-7f61c1985000 r--s 00006000 fd:02 158207269                  /home/user/.m2/repository/org/apache/kerby/kerby-config/1.0.1/kerby-config-1.0.1.jar
7f61c1985000-7f61c1988000 r--s 00019000 fd:02 158207176                  /home/user/.m2/repository/org/apache/kerby/kerb-client/1.0.1/kerb-client-1.0.1.jar
7f61c1988000-7f61c1989000 r--s 00004000 fd:02 158207230                  /home/user/.m2/repository/org/apache/kerby/kerb-simplekdc/1.0.1/kerb-simplekdc-1.0.1.jar
7f61c1989000-7f61c198a000 r--s 00004000 fd:02 158272505                  /home/user/.m2/repository/org/apache/yetus/audience-annotations/0.5.0/audience-annotations-0.5.0.jar
7f61c198a000-7f61c198c000 r--s 00014000 fd:02 238096007                  /home/user/.m2/repository/jline/jline/0.9.94/jline-0.9.94.jar
7f61c198c000-7f61c1999000 r--s 000d1000 fd:02 158272521                  /home/user/.m2/repository/org/apache/zookeeper/zookeeper/3.4.13/zookeeper-3.4.13.jar
7f61c1999000-7f61c19b3000 r--s 00155000 fd:02 158207039                  /home/user/.m2/repository/org/apache/htrace/htrace-core4/4.1.0-incubating/htrace-core4-4.1.0-incubating.jar
7f61c19b3000-7f61c19bb000 r--s 0003e000 fd:02 158206782                  /home/user/.m2/repository/org/apache/curator/curator-recipes/2.12.0/curator-recipes-2.12.0.jar
7f61c19bb000-7f61c19f2000 r--s 00219000 fd:02 158206764                  /home/user/.m2/repository/org/apache/curator/curator-client/2.12.0/curator-client-2.12.0.jar
7f61c19f2000-7f61c19f7000 r--s 00040000 fd:02 158204451                  /home/user/.m2/repository/com/jcraft/jsch/0.1.54/jsch-0.1.54.jar
7f61c19f7000-7f61c19fd000 r--s 0002c000 fd:02 158206773                  /home/user/.m2/repository/org/apache/curator/curator-framework/2.12.0/curator-framework-2.12.0.jar
7f61c19fd000-7f61c19ff000 r--s 00006000 fd:02 158206275                  /home/user/.m2/repository/net/minidev/accessors-smart/1.2/accessors-smart-1.2.jar
7f61c19ff000-7f61c1a02000 r--s 0001b000 fd:02 158206284                  /home/user/.m2/repository/net/minidev/json-smart/2.3/json-smart-2.3.jar
7f61c1a02000-7f61c1a04000 r--s 00000000 fd:02 158204098                  /home/user/.m2/repository/com/github/stephenc/jcip/jcip-annotations/1.0-1/jcip-annotations-1.0-1.jar
7f61c1a04000-7f61c1a0a000 r--s 00044000 fd:02 158204497                  /home/user/.m2/repository/com/nimbusds/nimbus-jose-jwt/4.41.1/nimbus-jose-jwt-4.41.1.jar
7f61c1a0a000-7f61c1a0c000 r--s 00020000 fd:02 158206855                  /home/user/.m2/repository/org/apache/hadoop/hadoop-auth/3.2.0/hadoop-auth-3.2.0.jar
7f61c1a0c000-7f61c1a11000 r--s 0002a000 fd:02 158204172                  /home/user/.m2/repository/com/google/code/gson/gson/2.2.4/gson-2.2.4.jar
7f61c1a11000-7f61c1a13000 r--s 0001e000 fd:02 158204396                  /home/user/.m2/repository/com/google/re2j/re2j/1.1/re2j-1.1.jar
7f61c1a13000-7f61c1a15000 r--s 00130000 fd:02 158336380                  /home/user/.m2/repository/org/xerial/snappy/snappy-java/1.0.5/snappy-java-1.0.5.jar
7f61c1a15000-7f61c1a17000 r--s 00006000 fd:02 158204750                  /home/user/.m2/repository/com/thoughtworks/paranamer/paranamer/2.3/paranamer-2.3.jar
7f61c1a17000-7f61c1a20000 r--s 00062000 fd:02 158206501                  /home/user/.m2/repository/org/apache/avro/avro/1.7.7/avro-1.7.7.jar
7f61c1a20000-7f61c1a21000 r--s 00002000 fd:02 158335966                  /home/user/.m2/repository/org/slf4j/slf4j-log4j12/1.7.25/slf4j-log4j12-1.7.25.jar
7f61c1a21000-7f61c1a23000 r--s 00009000 fd:02 158335940                  /home/user/.m2/repository/org/slf4j/slf4j-api/1.7.25/slf4j-api-1.7.25.jar
7f61c1a23000-7f61c1a27000 r--s 00029000 fd:02 158206748                  /home/user/.m2/repository/org/apache/commons/commons-text/1.4/commons-text-1.4.jar
7f61c1a27000-7f61c1a2f000 r--s 00072000 fd:02 158206612                  /home/user/.m2/repository/org/apache/commons/commons-lang3/3.7/commons-lang3-3.7.jar
7f61c1a2f000-7f61c1a3b000 r--s 0008b000 fd:02 158206564                  /home/user/.m2/repository/org/apache/commons/commons-configuration2/2.1.1/commons-configuration2-2.1.1.jar
7f61c1a3b000-7f61c1a40000 r--s 00038000 fd:02 238096004                  /home/user/.m2/repository/commons-beanutils/commons-beanutils/1.9.4/commons-beanutils-1.9.4.jar
7f61c1a40000-7f61c1a49000 r--s 0006f000 fd:02 158206118                  /home/user/.m2/repository/log4j/log4j/1.2.17/log4j-1.2.17.jar
7f61c1a49000-7f61c1a4b000 r--s 0000e000 fd:02 158205399                  /home/user/.m2/repository/commons-logging/commons-logging/1.1.3/commons-logging-1.1.3.jar
7f61c1a4b000-7f61c1a5b000 r--s 0009c000 fd:02 158204667                  /home/user/.m2/repository/com/sun/jersey/jersey-server/1.19/jersey-server-1.19.jar
7f61c1a5b000-7f61c1a5c000 r--s 00006000 fd:02 158272687                  /home/user/.m2/repository/org/codehaus/jackson/jackson-xc/1.9.13/jackson-xc-1.9.13.jar
7f61c1a5c000-7f61c1a5d000 r--s 00004000 fd:02 158272669                  /home/user/.m2/repository/org/codehaus/jackson/jackson-jaxrs/1.9.13/jackson-jaxrs-1.9.13.jar
7f61c1a5d000-7f61c1a6b000 r--s 000b1000 fd:02 158272678                  /home/user/.m2/repository/org/codehaus/jackson/jackson-mapper-asl/1.9.13/jackson-mapper-asl-1.9.13.jar
7f61c1a6b000-7f61c1a6f000 r--s 00035000 fd:02 158272660                  /home/user/.m2/repository/org/codehaus/jackson/jackson-core-asl/1.9.13/jackson-core-asl-1.9.13.jar
7f61c1a6f000-7f61c1a81000 r--s 000d9000 fd:02 158204726                  /home/user/.m2/repository/com/sun/xml/bind/jaxb-impl/2.3.0.1/jaxb-impl-2.3.0.1.jar
7f61c1a81000-7f61c1a83000 r--s 0000f000 fd:02 158272697                  /home/user/.m2/repository/org/codehaus/jettison/jettison/1.1/jettison-1.1.jar
7f61c1a83000-7f61c1a87000 r--s 00025000 fd:02 158204652                  /home/user/.m2/repository/com/sun/jersey/jersey-json/1.19/jersey-json-1.19.jar
7f61c1a87000-7f61c1a8b000 r--s 0001c000 fd:02 158204676                  /home/user/.m2/repository/com/sun/jersey/jersey-servlet/1.19/jersey-servlet-1.19.jar
7f61c1a8b000-7f61c1a8d000 r--s 0000a000 fd:02 158206003                  /home/user/.m2/repository/javax/ws/rs/jsr311-api/1.1.1/jsr311-api-1.1.1.jar
7f61c1a8d000-7f61c1a97000 r--s 00061000 fd:02 158204643                  /home/user/.m2/repository/com/sun/jersey/jersey-core/1.19/jersey-core-1.19.jar
7f61c1a97000-7f61c1a9a000 r--s 00016000 fd:02 158205959                  /home/user/.m2/repository/javax/servlet/jsp/jsp-api/2.1/jsp-api-2.1.jar
7f61c1a9a000-7f61c1a9b000 r--s 0000c000 fd:02 238096002                  /home/user/.m2/repository/org/eclipse/jetty/jetty-xml/9.3.25.v20180904/jetty-xml-9.3.25.v20180904.jar
7f61c1a9b000-7f61c1a9e000 r--s 0001a000 fd:02 238096000                  /home/user/.m2/repository/org/eclipse/jetty/jetty-webapp/9.3.25.v20180904/jetty-webapp-9.3.25.v20180904.jar
7f61c1a9e000-7f61c1aa1000 r--s 00015000 fd:02 238095999                  /home/user/.m2/repository/org/eclipse/jetty/jetty-security/9.3.25.v20180904/jetty-security-9.3.25.v20180904.jar
7f61c1aa1000-7f61c1aa4000 r--s 0001b000 fd:02 238095992                  /home/user/.m2/repository/org/eclipse/jetty/jetty-servlet/9.3.25.v20180904/jetty-servlet-9.3.25.v20180904.jar
7f61c1aa4000-7f61c1aab000 r--s 00069000 fd:02 238095994                  /home/user/.m2/repository/org/eclipse/jetty/jetty-util/9.3.25.v20180904/jetty-util-9.3.25.v20180904.jar
7f61c1aab000-7f61c1aaf000 r--s 0001b000 fd:02 238095988                  /home/user/.m2/repository/org/eclipse/jetty/jetty-io/9.3.25.v20180904/jetty-io-9.3.25.v20180904.jar
7f61c1aaf000-7f61c1ab2000 r--s 00022000 fd:02 238095990                  /home/user/.m2/repository/org/eclipse/jetty/jetty-http/9.3.25.v20180904/jetty-http-9.3.25.v20180904.jar
7f61c1ab2000-7f61c1aba000 r--s 00078000 fd:02 238095986                  /home/user/.m2/repository/org/eclipse/jetty/jetty-server/9.3.25.v20180904/jetty-server-9.3.25.v20180904.jar
7f61c1aba000-7f61c1abd000 r--s 00015000 fd:02 158205949                  /home/user/.m2/repository/javax/servlet/javax.servlet-api/3.1.0/javax.servlet-api-3.1.0.jar
7f61c1abd000-7f61c1aca000 r--s 00083000 fd:02 158205220                  /home/user/.m2/repository/commons-collections/commons-collections/3.2.2/commons-collections-3.2.2.jar
7f61c1aca000-7f61c1ad0000 r--s 00046000 fd:02 158205425                  /home/user/.m2/repository/commons-net/commons-net/3.6/commons-net-3.6.jar
7f61c1ad0000-7f61c1ad4000 r--s 0002f000 fd:02 158205331                  /home/user/.m2/repository/commons-io/commons-io/2.5/commons-io-2.5.jar
7f61c1ad4000-7f61c1adb000 r--s 0004b000 fd:02 158205152                  /home/user/.m2/repository/commons-codec/commons-codec/1.11/commons-codec-1.11.jar
7f61c1adb000-7f61c1ae2000 r--s 00049000 fd:02 158207116                  /home/user/.m2/repository/org/apache/httpcomponents/httpcore/4.4.4/httpcore-4.4.4.jar
7f61c1ae2000-7f61c1aef000 r--s 000a7000 fd:02 158207063                  /home/user/.m2/repository/org/apache/httpcomponents/httpclient/4.5.2/httpclient-4.5.2.jar
7f61c1aef000-7f61c1b0c000 r--s 0016a000 fd:02 158206621                  /home/user/.m2/repository/org/apache/commons/commons-math3/3.1.1/commons-math3-3.1.1.jar
7f61c1b0c000-7f61c1b0e000 r--s 00009000 fd:02 158205134                  /home/user/.m2/repository/commons-cli/commons-cli/1.2/commons-cli-1.2.jar
7f61c1b0e000-7f61c1b87000 r--s 007c0000 fd:02 157749822                  /usr/lib/jvm/java-1.8-openjdk/lib/tools.jar
7f61c1b87000-7f61c1b88000 r--s 0000e000 fd:02 158206846                  /home/user/.m2/repository/org/apache/hadoop/hadoop-annotations/3.2.0/hadoop-annotations-3.2.0.jar
7f61c1b88000-7f61c1bb3000 r--s 00297000 fd:02 158206873                  /home/user/.m2/repository/org/apache/hadoop/hadoop-common/3.2.0/hadoop-common-3.2.0-tests.jar
7f61c1bb3000-7f61c1bb9000 r--s 00033000 fd:02 158206038                  /home/user/.m2/repository/jaxen/jaxen/1.1.6/jaxen-1.1.6.jar
7f61c1bb9000-7f61c1bba000 r--s 00002000 fd:02 158203924                  /home/user/.m2/repository/com/apple/AppleJavaExtensions/1.4/AppleJavaExtensions-1.4.jar
7f61c1bba000-7f61c1bbf000 r--s 00041000 fd:02 158205355                  /home/user/.m2/repository/commons-lang/commons-lang/2.6/commons-lang-2.6.jar
7f61c1bbf000-7f61c1bc1000 r--s 0000c000 fd:02 158335584                  /home/user/.m2/repository/org/ow2/asm/asm/5.0.4/asm-5.0.4.jar
7f61c1bc1000-7f61c1bc3000 r--s 00006000 fd:02 158335700                  /home/user/.m2/repository/org/ow2/asm/asm-tree/5.0.2/asm-tree-5.0.2.jar
7f61c1bc3000-7f61c1bc5000 r--s 00009000 fd:02 158335635                  /home/user/.m2/repository/org/ow2/asm/asm-commons/5.0.2/asm-commons-5.0.2.jar
7f61c1bc5000-7f61c1bca000 r--s 00058000 fd:02 158335654                  /home/user/.m2/repository/org/ow2/asm/asm-debug-all/5.0.2/asm-debug-all-5.0.2.jar
7f61c1bca000-7f61c1bcf000 r--s 00016000 fd:02 158336495                  /home/user/.m2/repository/xml-apis/xml-apis/1.0.b2/xml-apis-1.0.b2.jar
7f61c1bcf000-7f61c1bd4000 r--s 00048000 fd:02 158205491                  /home/user/.m2/repository/dom4j/dom4j/1.6.1/dom4j-1.6.1.jar
7f61c1bd4000-7f61c1bd6000 r--s 00005000 fd:02 158204139                  /home/user/.m2/repository/com/google/code/findbugs/jFormatString/2.0.1/jFormatString-2.0.1.jar
7f61c1bd6000-7f61c1be0000 r--s 0008c000 fd:02 158204121                  /home/user/.m2/repository/com/google/code/findbugs/bcel-findbugs/6.0/bcel-findbugs-6.0.jar
7f61c1be0000-7f61c1be3000 r--s 00006000 fd:02 158204162                  /home/user/.m2/repository/com/google/code/findbugs/jsr305/3.0.0/jsr305-3.0.0.jar
7f61c1be3000-7f61c1be4000 r--s 00000000 fd:02 158206265                  /home/user/.m2/repository/net/jcip/jcip-annotations/1.0/jcip-annotations-1.0.jar
7f61c1be4000-7f61c1c13000 r--s 00371000 fd:02 158204130                  /home/user/.m2/repository/com/google/code/findbugs/findbugs/3.0.1/findbugs-3.0.1.jar
7f61c1c13000-7f61c1c15000 r--s 00005000 fd:02 158335502                  /home/user/.m2/repository/org/objenesis/objenesis/1.0/objenesis-1.0.jar
7f61c1c15000-7f61c1c17000 r--s 00009000 fd:02 158206212                  /home/user/.m2/repository/net/bytebuddy/byte-buddy-agent/1.9.10/byte-buddy-agent-1.9.10.jar
7f61c1c17000-7f61c1c5e000 r--s 002d9000 fd:02 158206179                  /home/user/.m2/repository/net/bytebuddy/byte-buddy/1.9.10/byte-buddy-1.9.10.jar
7f61c1c5e000-7f61c1c6f000 r--s 00080000 fd:02 158335427                  /home/user/.m2/repository/org/mockito/mockito-core/2.28.2/mockito-core-2.28.2.jar
7f61c1c6f000-7f61c1cc7000 r--s 003a7000 fd:02 158272582                  /home/user/.m2/repository/org/bouncycastle/bcprov-jdk15on/1.60/bcprov-jdk15on-1.60.jar
7f61c1cc7000-7f61c1ce8000 r--s 00172000 fd:02 158204238                  /home/user/.m2/repository/com/google/guava/guava/11.0.2/guava-11.0.2.jar
7f61c1ce8000-7f61c1cf0000 r--s 0007b000 fd:02 158204354                  /home/user/.m2/repository/com/google/protobuf/protobuf-java/2.5.0/protobuf-java-2.5.0.jar
7f61c1cf0000-7f61c1cf5000 r--s 0003c000 fd:02 158205502                  /home/user/.m2/repository/info/picocli/picocli/3.9.6/picocli-3.9.6.jar
7f61c1cf5000-7f61c1cf9000 r--s 006b9000 fd:02 158336389                  /home/user/.m2/repository/org/xerial/sqlite-jdbc/3.25.2/sqlite-jdbc-3.25.2.jar
7f61c1cf9000-7f61c1cff000 r--s 0003c000 fd:02 158336409                  /home/user/.m2/repository/org/yaml/snakeyaml/1.16/snakeyaml-1.16.jar
7f61c1cff000-7f61c1d00000 r--s 00002000 fd:02 158205825                  /home/user/.m2/repository/io/opentracing/opentracing-noop/0.31.0/opentracing-noop-0.31.0.jar
7f61c1d00000-7f61c1d02000 r--s 00002000 fd:02 158205816                  /home/user/.m2/repository/io/opentracing/opentracing-api/0.31.0/opentracing-api-0.31.0.jar
7f61c1d02000-7f61c1d03000 r--s 00001000 fd:02 158205834                  /home/user/.m2/repository/io/opentracing/opentracing-util/0.31.0/opentracing-util-0.31.0.jar
7f61c1d03000-7f61c1d04000 r--s 00001000 fd:02 158205801                  /home/user/.m2/repository/io/opentracing/contrib/opentracing-tracerresolver/0.1.5/opentracing-tracerresolver-0.1.5.jar
7f61c1d04000-7f61c1d05000 r--s 00000000 fd:02 238096337                  /home/user/.m2/repository/io/jaegertracing/jaeger-tracerresolver/0.34.0/jaeger-tracerresolver-0.34.0.jar
7f61c1d05000-7f61c1d09000 r--s 0001c000 fd:02 238096335                  /home/user/.m2/repository/io/jaegertracing/jaeger-core/0.34.0/jaeger-core-0.34.0.jar
7f61c1d09000-7f61c1d0a000 r--s 00013000 fd:02 158204591                  /home/user/.m2/repository/com/squareup/okio/okio/1.13.0/okio-1.13.0.jar
7f61c1d0a000-7f61c1d10000 r--s 0005e000 fd:02 158204575                  /home/user/.m2/repository/com/squareup/okhttp3/okhttp/3.9.0/okhttp-3.9.0.jar
7f61c1d10000-7f61c1d16000 r--s 00037000 fd:02 238096333                  /home/user/.m2/repository/org/apache/thrift/libthrift/0.12.0/libthrift-0.12.0.jar
7f61c1d16000-7f61c1d24000 r--s 0009e000 fd:02 238096331                  /home/user/.m2/repository/io/jaegertracing/jaeger-thrift/0.34.0/jaeger-thrift-0.34.0.jar
7f61c1d24000-7f61c1d25000 r--s 00000000 fd:02 238096329                  /home/user/.m2/repository/io/jaegertracing/jaeger-client/0.34.0/jaeger-client-0.34.0.jar
7f61c1d25000-7f61c1d29000 r--s 00020000 fd:02 158205266                  /home/user/.m2/repository/commons-digester/commons-digester/1.8.1/commons-digester-1.8.1.jar
7f61c1d29000-7f61c1d2d000 r--s 0002a000 fd:02 158205451                  /home/user/.m2/repository/commons-validator/commons-validator/1.6/commons-validator-1.6.jar
7f61c1d2d000-7f61c1d40000 r--s 000b0000 fd:02 158272573                  /home/user/.m2/repository/org/bouncycastle/bcpkix-jdk15on/1.60/bcpkix-jdk15on-1.60.jar
7f61c1d40000-7f61c1d43000 r--s 0001d000 fd:02 158206739                  /home/user/.m2/repository/org/apache/commons/commons-pool2/2.6.0/commons-pool2-2.6.0.jar
7f61c1d43000-7f61c1d46000 r--s 00012000 fd:02 158204477                  /home/user/.m2/repository/com/lmax/disruptor/3.4.2/disruptor-3.4.2.jar
7f61c1d46000-7f61c1d66000 r--s 00167000 fd:02 158207343                  /home/user/.m2/repository/org/apache/logging/log4j/log4j-core/2.11.0/log4j-core-2.11.0.jar
7f61c1d66000-7f61c1d6c000 r--s 0003b000 fd:02 158207334                  /home/user/.m2/repository/org/apache/logging/log4j/log4j-api/2.11.0/log4j-api-2.11.0.jar
7f61c1d6c000-7f61c1d71000 r--s 00c4f000 fd:02 158335891                  /home/user/.m2/repository/org/rocksdb/rocksdbjni/6.0.1/rocksdbjni-6.0.1.jar
7f61c1d71000-7f61c1d74000 r--s 00018000 fd:02 238096328                  /home/user/.m2/repository/org/apache/ratis/ratis-grpc/0.4.0/ratis-grpc-0.4.0.jar
7f61c1d74000-7f61c1d76000 r--s 00007000 fd:02 238096325                  /home/user/.m2/repository/org/apache/ratis/ratis-netty/0.4.0/ratis-netty-0.4.0.jar
7f61c1d76000-7f61c1d78000 r--s 00009000 fd:02 238096323                  /home/user/.m2/repository/info/ganglia/gmetric4j/gmetric4j/1.0.7/gmetric4j-1.0.7.jar
7f61c1d78000-7f61c1d79000 r--s 00002000 fd:02 238096321                  /home/user/.m2/repository/io/dropwizard/metrics/metrics-ganglia/3.2.5/metrics-ganglia-3.2.5.jar
7f61c1d79000-7f61c1d7b000 r--s 00008000 fd:02 238096320                  /home/user/.m2/repository/io/dropwizard/metrics/metrics-jvm/3.2.5/metrics-jvm-3.2.5.jar
7f61c1d7b000-7f61c1d7c000 r--s 00003000 fd:02 238096317                  /home/user/.m2/repository/com/github/joshelser/dropwizard-metrics-hadoop-metrics2-reporter/0.1.2/dropwizard-metrics-hadoop-metrics2-reporter-0.1.2.jar
7f61c1d7c000-7f61c1d7e000 r--s 0000c000 fd:02 238096314                  /home/user/.m2/repository/org/apache/ratis/ratis-client/0.4.0/ratis-client-0.4.0.jar
7f61c1d7e000-7f61c1d83000 r--s 0003a000 fd:02 238096308                  /home/user/.m2/repository/org/apache/ratis/ratis-common/0.4.0/ratis-common-0.4.0.jar
7f61c1d83000-7f61c1d91000 r--s 0010d000 fd:02 238096310                  /home/user/.m2/repository/org/apache/ratis/ratis-proto/0.4.0/ratis-proto-0.4.0.jar
7f61c1d91000-7f61c1e6b000 r--s 00cc8000 fd:02 158272226                  /home/user/.m2/repository/org/apache/ratis/ratis-thirdparty-misc/0.2.0/ratis-thirdparty-misc-0.2.0.jar
7f61c1e6b000-7f61c1e71000 r--s 00050000 fd:02 238096306                  /home/user/.m2/repository/org/apache/ratis/ratis-server/0.4.0/ratis-server-0.4.0.jar
7f61c1e71000-7f61c1e73000 r--s 00005000 fd:02 158205888                  /home/user/.m2/repository/javax/annotation/javax.annotation-api/1.2/javax.annotation-api-1.2.jar
7f61c1e73000-7f61c1eb8000 r--s 00486000 fd:02 158206909                  /home/user/.m2/repository/org/apache/hadoop/hadoop-hdfs-client/3.2.0/hadoop-hdfs-client-3.2.0.jar
7f61c1eb8000-7f61c1edf000 r--s 00205000 fd:02 158205650                  /home/user/.m2/repository/io/netty/netty-all/4.0.52.Final/netty-all-4.0.52.Final.jar
7f61c1edf000-7f61c1ef8000 r--s 0012c000 fd:02 158205641                  /home/user/.m2/repository/io/netty/netty/3.10.5.Final/netty-3.10.5.Final.jar
7f61c1ef8000-7f61c1f40000 r--s 00557000 fd:02 158206900                  /home/user/.m2/repository/org/apache/hadoop/hadoop-hdfs/3.2.0/hadoop-hdfs-3.2.0.jar
7f61c1f40000-7f61c1f7e000 r--s 003aa000 fd:02 158206876                  /home/user/.m2/repository/org/apache/hadoop/hadoop-common/3.2.0/hadoop-common-3.2.0.jar
7f61c1f7e000-7f61c1f81000 ---p 00000000 00:00 0 
7f61c1f81000-7f61c207f000 rw-p 00000000 00:00 0 
7f61c207f000-7f61c2286000 r-xp 00000000 fd:02 157749729                  /usr/lib/jvm/java-1.8-openjdk/jre/lib/amd64/libmanagement.so
7f61c2286000-7f61c2287000 r--p 00007000 fd:02 157749729                  /usr/lib/jvm/java-1.8-openjdk/jre/lib/amd64/libmanagement.so
7f61c2287000-7f61c2288000 rw-p 00008000 fd:02 157749729                  /usr/lib/jvm/java-1.8-openjdk/jre/lib/amd64/libmanagement.so
7f61c2288000-7f61c228b000 ---p 00000000 00:00 0 
7f61c228b000-7f61c2389000 rw-p 00000000 00:00 0 
7f61c2389000-7f61c238a000 ---p 00000000 00:00 0 
7f61c238a000-7f61c248b000 rw-p 00000000 00:00 0 
7f61c248b000-7f61c248e000 ---p 00000000 00:00 0 
7f61c248e000-7f61c258c000 rw-p 00000000 00:00 0 
7f61c258c000-7f61c258d000 ---p 00000000 00:00 0 
7f61c258d000-7f61c2590000 ---p 00000000 00:00 0 
7f61c2590000-7f61c268e000 rw-p 00000000 00:00 0 
7f61c268e000-7f61c268f000 ---p 00000000 00:00 0 
7f61c268f000-7f61c2692000 ---p 00000000 00:00 0 
7f61c2692000-7f61c2790000 rw-p 00000000 00:00 0 
7f61c2790000-7f61c2793000 ---p 00000000 00:00 0 
7f61c2793000-7f61c2891000 rw-p 00000000 00:00 0 
7f61c2891000-7f61c2894000 ---p 00000000 00:00 0 
7f61c2894000-7f61c2992000 rw-p 00000000 00:00 0 
7f61c2992000-7f61c2995000 ---p 00000000 00:00 0 
7f61c2995000-7f61c2a93000 rw-p 00000000 00:00 0 
7f61c2a93000-7f61c2a94000 ---p 00000000 00:00 0 
7f61c2a94000-7f61c349e000 rw-p 00000000 00:00 0 
7f61c349e000-7f61c366e000 r--s 01f56000 fd:02 157749794                  /usr/lib/jvm/java-1.8-openjdk/jre/lib/rt.jar
7f61c366e000-7f61c82e4000 rw-p 00000000 00:00 0 
7f61c82e4000-7f61c82e5000 ---p 00000000 00:00 0 
7f61c82e5000-7f61c83e6000 rw-p 00000000 00:00 0 
7f61c83e6000-7f61c83e7000 ---p 00000000 00:00 0 
7f61c83e7000-7f61c8688000 rw-p 00000000 00:00 0 
7f61c8688000-7f61c8793000 ---p 00000000 00:00 0 
7f61c8793000-7f61c8933000 rw-p 00000000 00:00 0 
7f61c8933000-7f61c8a3d000 ---p 00000000 00:00 0 
7f61c8a3d000-7f61c8bb5000 rw-p 00000000 00:00 0 
7f61c8bb5000-7f61c8f54000 ---p 00000000 00:00 0 
7f61c8f54000-7f61c9764000 rwxp 00000000 00:00 0 
7f61c9764000-7f61d7f54000 ---p 00000000 00:00 0 
7f61d7f54000-7f61d815b000 r-xp 00000000 fd:02 157749738                  /usr/lib/jvm/java-1.8-openjdk/jre/lib/amd64/libzip.so
7f61d815b000-7f61d815c000 r--p 00007000 fd:02 157749738                  /usr/lib/jvm/java-1.8-openjdk/jre/lib/amd64/libzip.so
7f61d815c000-7f61d815d000 rw-p 00008000 fd:02 157749738                  /usr/lib/jvm/java-1.8-openjdk/jre/lib/amd64/libzip.so
7f61d815d000-7f61d8388000 r-xp 00000000 fd:02 157749719                  /usr/lib/jvm/java-1.8-openjdk/jre/lib/amd64/libjava.so
7f61d8388000-7f61d8389000 r--p 0002b000 fd:02 157749719                  /usr/lib/jvm/java-1.8-openjdk/jre/lib/amd64/libjava.so
7f61d8389000-7f61d838a000 rw-p 0002c000 fd:02 157749719                  /usr/lib/jvm/java-1.8-openjdk/jre/lib/amd64/libjava.so
7f61d838a000-7f61d838b000 rw-p 00000000 00:00 0 
7f61d838b000-7f61d8597000 r-xp 00000000 fd:02 157749737                  /usr/lib/jvm/java-1.8-openjdk/jre/lib/amd64/libverify.so
7f61d8597000-7f61d8599000 r--p 0000c000 fd:02 157749737                  /usr/lib/jvm/java-1.8-openjdk/jre/lib/amd64/libverify.so
7f61d8599000-7f61d859a000 rw-p 0000e000 fd:02 157749737                  /usr/lib/jvm/java-1.8-openjdk/jre/lib/amd64/libverify.so
7f61d859a000-7f61d87aa000 r-xp 00000000 fd:02 157749895                  /usr/lib/libgcc_s.so.1
7f61d87aa000-7f61d87ab000 r--p 00010000 fd:02 157749895                  /usr/lib/libgcc_s.so.1
7f61d87ab000-7f61d87ac000 rw-p 00011000 fd:02 157749895                  /usr/lib/libgcc_s.so.1
7f61d87ac000-7f61d8aed000 r-xp 00000000 fd:02 157750018                  /usr/lib/libstdc++.so.6.0.22
7f61d8aed000-7f61d8afb000 r--p 00141000 fd:02 157750018                  /usr/lib/libstdc++.so.6.0.22
7f61d8afb000-7f61d8afc000 rw-p 0014f000 fd:02 157750018                  /usr/lib/libstdc++.so.6.0.22
7f61d8afc000-7f61d8aff000 rw-p 00000000 00:00 0 
7f61d8aff000-7f61d94d3000 r-xp 00000000 fd:02 157749742                  /usr/lib/jvm/java-1.8-openjdk/jre/lib/amd64/server/libjvm.so
7f61d94d3000-7f61d9569000 r--p 007d4000 fd:02 157749742                  /usr/lib/jvm/java-1.8-openjdk/jre/lib/amd64/server/libjvm.so
7f61d9569000-7f61d9591000 rw-p 0086a000 fd:02 157749742                  /usr/lib/jvm/java-1.8-openjdk/jre/lib/amd64/server/libjvm.so
7f61d9591000-7f61d95c2000 rw-p 00000000 00:00 0 
7f61d95c2000-7f61d97d7000 r-xp 00000000 fd:02 164495947                  /lib/libz.so.1.2.11
7f61d97d7000-7f61d97d8000 r--p 00015000 fd:02 164495947                  /lib/libz.so.1.2.11
7f61d97d8000-7f61d97d9000 rw-p 00016000 fd:02 164495947                  /lib/libz.so.1.2.11
7f61d97d9000-7f61d99e5000 r-xp 00000000 fd:02 157749703                  /usr/lib/jvm/java-1.8-openjdk/jre/lib/amd64/jli/libjli.so
7f61d99e5000-7f61d99e6000 r--p 0000c000 fd:02 157749703                  /usr/lib/jvm/java-1.8-openjdk/jre/lib/amd64/jli/libjli.so
7f61d99e6000-7f61d99e7000 rw-p 0000d000 fd:02 157749703                  /usr/lib/jvm/java-1.8-openjdk/jre/lib/amd64/jli/libjli.so
7f61d99e7000-7f61d9a74000 r-xp 00000000 fd:02 157682124                  /lib/ld-musl-x86_64.so.1
7f61d9a74000-7f61d9a75000 r--s 00006000 fd:02 238096312                  /home/user/.m2/repository/org/apache/ratis/ratis-metrics/0.4.0/ratis-metrics-0.4.0.jar
7f61d9a75000-7f61d9a78000 r--s 0000e000 fd:02 238095991                  /home/user/.m2/repository/com/fasterxml/jackson/core/jackson-annotations/2.9.9/jackson-annotations-2.9.9.jar
7f61d9a78000-7f61d9a7b000 r--s 000fd000 fd:02 158273734                  /home/user/.m2/repository/org/fusesource/leveldbjni/leveldbjni-all/1.8/leveldbjni-all-1.8.jar
7f61d9a7b000-7f61d9a7c000 r--s 00005000 fd:02 158205240                  /home/user/.m2/repository/commons-daemon/commons-daemon/1.0.13/commons-daemon-1.0.13.jar
7f61d9a7c000-7f61d9a7e000 r--s 00008000 fd:02 238096013                  /home/user/.m2/repository/org/eclipse/jetty/jetty-util-ajax/9.3.25.v20180904/jetty-util-ajax-9.3.25.v20180904.jar
7f61d9a7e000-7f61d9a82000 r--s 00014000 fd:02 158336345                  /home/user/.m2/repository/org/tukaani/xz/1.0/xz-1.0.jar
7f61d9a82000-7f61d9a87000 r--s 00036000 fd:02 158206547                  /home/user/.m2/repository/org/apache/commons/commons-compress/1.4.1/commons-compress-1.4.1.jar
7f61d9a87000-7f61d9a89000 r--s 00002000 fd:02 158271825                  /home/user/.m2/repository/org/apache/maven/surefire/surefire-logger-api/3.0.0-M1/surefire-logger-api-3.0.0-M1.jar
7f61d9a89000-7f61d9a8e000 r--s 00027000 fd:02 158271807                  /home/user/.m2/repository/org/apache/maven/surefire/surefire-api/3.0.0-M1/surefire-api-3.0.0-M1.jar
7f61d9a8e000-7f61d9a94000 r--s 00047000 fd:02 158271816                  /home/user/.m2/repository/org/apache/maven/surefire/surefire-booter/3.0.0-M1/surefire-booter-3.0.0-M1.jar
7f61d9a94000-7f61d9a95000 r--s 00004000 fd:05 922001                     /workdir/hadoop-ozone/ozone-manager/target/surefire/surefirebooter3213959619097352565.jar
7f61d9a95000-7f61d9a96000 r--s 00000000 fd:02 164495883                  /etc/localtime
7f61d9a96000-7f61d9b67000 rw-p 00000000 00:00 0 
7f61d9b67000-7f61d9b6f000 rw-s 00000000 fd:02 233177564                  /tmp/hsperfdata_jenkins1000/11575
7f61d9b6f000-7f61d9b70000 rw-p 00000000 00:00 0 
7f61d9b70000-7f61d9b71000 r--p 00000000 00:00 0 
7f61d9b71000-7f61d9b73000 ---p 00000000 00:00 0 
7f61d9b73000-7f61d9b76000 ---p 00000000 00:00 0 
7f61d9b76000-7f61d9c74000 rw-p 00000000 00:00 0 
7f61d9c74000-7f61d9c75000 r--p 0008d000 fd:02 157682124                  /lib/ld-musl-x86_64.so.1
7f61d9c75000-7f61d9c76000 rw-p 0008e000 fd:02 157682124                  /lib/ld-musl-x86_64.so.1
7f61d9c76000-7f61d9c79000 rw-p 00000000 00:00 0 
7ffdd5772000-7ffdd5794000 rw-p 00000000 00:00 0                          [stack]
7ffdd57f3000-7ffdd57f5000 r-xp 00000000 00:00 0                          [vdso]
ffffffffff600000-ffffffffff601000 r-xp 00000000 00:00 0                  [vsyscall]

VM Arguments:
jvm_args: -Xmx2048m -XX:+HeapDumpOnOutOfMemoryError 
java_command: /workdir/hadoop-ozone/ozone-manager/target/surefire/surefirebooter3213959619097352565.jar /workdir/hadoop-ozone/ozone-manager/target/surefire 2019-09-24T18-06-19_039-jvmRun1 surefire7373023378215627141tmp surefire_267013326721514307536tmp
java_class_path (initial): /workdir/hadoop-ozone/ozone-manager/target/surefire/surefirebooter3213959619097352565.jar
Launcher Type: SUN_STANDARD

Environment Variables:
PATH=/usr/local/sbin:/usr/local/bin:/usr/sbin:/usr/bin:/sbin:/bin:/opt/findbugs/bin:/opt/blockade/bin
LD_LIBRARY_PATH=/usr/lib/jvm/java-1.8-openjdk/jre/lib/amd64/server:/usr/lib/jvm/java-1.8-openjdk/jre/lib/amd64:/usr/lib/jvm/java-1.8-openjdk/jre/../lib/amd64:/workdir/hadoop-ozone/ozone-manager/target/native/target/usr/local/lib:/workdir/hadoop-ozone/ozone-manager/../../hadoop-common-project/hadoop-common/target/native/target/usr/local/lib
DYLD_LIBRARY_PATH=${env.DYLD_LIBRARY_PATH}:/workdir/hadoop-ozone/ozone-manager/target/native/target/usr/local/lib:/workdir/hadoop-ozone/ozone-manager/../../hadoop-common-project/hadoop-common/target/native/target/usr/local/lib

Signal Handlers:
SIGSEGV: [libjvm.so+0x600fd2], sa_mask[0]=11111111011111111101111111111110, sa_flags=SA_RESTART|SA_SIGINFO
SIGBUS: [libjvm.so+0x600fd2], sa_mask[0]=11111111011111111101111111111110, sa_flags=SA_RESTART|SA_SIGINFO
SIGFPE: [libjvm.so+0x539502], sa_mask[0]=11111111011111111101111111111110, sa_flags=SA_RESTART|SA_SIGINFO
SIGPIPE: [libjvm.so+0x539502], sa_mask[0]=11111111011111111101111111111110, sa_flags=SA_RESTART|SA_SIGINFO
SIGXFSZ: [libjvm.so+0x539502], sa_mask[0]=11111111011111111101111111111110, sa_flags=SA_RESTART|SA_SIGINFO
SIGILL: [libjvm.so+0x539502], sa_mask[0]=11111111011111111101111111111110, sa_flags=SA_RESTART|SA_SIGINFO
SIGUSR1: SIG_DFL, sa_mask[0]=00000000000000000000000000000000, sa_flags=none
SIGUSR2: [libjvm.so+0x5396a1], sa_mask[0]=00100000000000000000000000000000, sa_flags=SA_RESTART|SA_SIGINFO
SIGHUP: [libjvm.so+0x53b719], sa_mask[0]=11111111011111111101111111111110, sa_flags=SA_RESTART|SA_SIGINFO
SIGINT: [libjvm.so+0x53b719], sa_mask[0]=11111111011111111101111111111110, sa_flags=SA_RESTART|SA_SIGINFO
SIGTERM: [libjvm.so+0x53b719], sa_mask[0]=11111111011111111101111111111110, sa_flags=SA_RESTART|SA_SIGINFO
SIGQUIT: [libjvm.so+0x53b719], sa_mask[0]=11111111011111111101111111111110, sa_flags=SA_RESTART|SA_SIGINFO


---------------  S Y S T E M  ---------------

OS:NAME="Alpine Linux"
ID=alpine
VERSION_ID=3.8.2
PRETTY_NAME="Alpine Linux v3.8"
HOME_URL="http://alpinelinux.org"
BUG_REPORT_URL="http://bugs.alpinelinux.org"

uname:Linux 3.10.0-957.12.2.el7.x86_64 #1 SMP Tue May 14 21:24:32 UTC 2019 x86_64
libc:glibc 2.9 NPTL 
rlimit: STACK 8192k, CORE infinity, NPROC 1048576, NOFILE 1048576, AS infinity
load average:6.04 6.28 7.29

/proc/meminfo:
MemTotal:       263864160 kB
MemFree:         4538564 kB
MemAvailable:   246683256 kB
Buffers:        12834940 kB
Cached:         173192972 kB
SwapCached:            0 kB
Active:         109726212 kB
Inactive:       82997248 kB
Active(anon):    9268772 kB
Inactive(anon):  1690100 kB
Active(file):   100457440 kB
Inactive(file): 81307148 kB
Unevictable:       13856 kB
Mlocked:           13856 kB
SwapTotal:             0 kB
SwapFree:              0 kB
Dirty:             37968 kB
Writeback:           672 kB
AnonPages:       6710604 kB
Mapped:           236172 kB
Shmem:           4259136 kB
Slab:           64864356 kB
SReclaimable:   61264196 kB
SUnreclaim:      3600160 kB
KernelStack:       44368 kB
PageTables:        32408 kB
NFS_Unstable:          0 kB
Bounce:                0 kB
WritebackTmp:          0 kB
CommitLimit:    131932080 kB
Committed_AS:   27234380 kB
VmallocTotal:   34359738367 kB
VmallocUsed:      721288 kB
VmallocChunk:   34224635352 kB
HardwareCorrupted:     0 kB
AnonHugePages:   2426880 kB
CmaTotal:              0 kB
CmaFree:               0 kB
HugePages_Total:       0
HugePages_Free:        0
HugePages_Rsvd:        0
HugePages_Surp:        0
Hugepagesize:       2048 kB
DirectMap4k:      367336 kB
DirectMap2M:    26787840 kB
DirectMap1G:    243269632 kB

container (cgroup) information:
container_type: cgroupv1
cpu_cpuset_cpus: 0-31
cpu_memory_nodes: 0-1
active_processor_count: 2
cpu_quota: -1
cpu_period: 100000
cpu_shares: 2048
memory_limit_in_bytes: -1
memory_and_swap_limit_in_bytes: -1
memory_soft_limit_in_bytes: -1
memory_usage_in_bytes: 10145488896
memory_max_usage_in_bytes: 10471976960


CPU:total 32 (initial active 2) (8 cores per cpu, 2 threads per core) family 6 model 63 stepping 2, cmov, cx8, fxsr, mmx, sse, sse2, sse3, ssse3, sse4.1, sse4.2, popcnt, avx, avx2, aes, clmul, erms, lzcnt, ht, tsc, tscinvbit, bmi1, bmi2

/proc/cpuinfo:
processor	: 0
vendor_id	: GenuineIntel
cpu family	: 6
model		: 63
model name	: Intel(R) Xeon(R) CPU E5-2630 v3 @ 2.40GHz
stepping	: 2
microcode	: 0x43
cpu MHz		: 1199.853
cache size	: 20480 KB
physical id	: 0
siblings	: 16
core id		: 0
cpu cores	: 8
apicid		: 0
initial apicid	: 0
fpu		: yes
fpu_exception	: yes
cpuid level	: 15
wp		: yes
flags		: fpu vme de pse tsc msr pae mce cx8 apic sep mtrr pge mca cmov pat pse36 clflush dts acpi mmx fxsr sse sse2 ss ht tm pbe syscall nx pdpe1gb rdtscp lm constant_tsc arch_perfmon pebs bts rep_good nopl xtopology nonstop_tsc aperfmperf eagerfpu pni pclmulqdq dtes64 monitor ds_cpl vmx smx est tm2 ssse3 sdbg fma cx16 xtpr pdcm pcid dca sse4_1 sse4_2 x2apic movbe popcnt tsc_deadline_timer aes xsave avx f16c rdrand lahf_lm abm epb intel_ppin ssbd ibrs ibpb stibp tpr_shadow vnmi flexpriority ept vpid fsgsbase tsc_adjust bmi1 avx2 smep bmi2 erms invpcid cqm xsaveopt cqm_llc cqm_occup_llc dtherm ida arat pln pts md_clear spec_ctrl intel_stibp flush_l1d
bogomips	: 4788.55
clflush size	: 64
cache_alignment	: 64
address sizes	: 46 bits physical, 48 bits virtual
power management:

processor	: 1
vendor_id	: GenuineIntel
cpu family	: 6
model		: 63
model name	: Intel(R) Xeon(R) CPU E5-2630 v3 @ 2.40GHz
stepping	: 2
microcode	: 0x43
cpu MHz		: 1326.562
cache size	: 20480 KB
physical id	: 0
siblings	: 16
core id		: 1
cpu cores	: 8
apicid		: 2
initial apicid	: 2
fpu		: yes
fpu_exception	: yes
cpuid level	: 15
wp		: yes
flags		: fpu vme de pse tsc msr pae mce cx8 apic sep mtrr pge mca cmov pat pse36 clflush dts acpi mmx fxsr sse sse2 ss ht tm pbe syscall nx pdpe1gb rdtscp lm constant_tsc arch_perfmon pebs bts rep_good nopl xtopology nonstop_tsc aperfmperf eagerfpu pni pclmulqdq dtes64 monitor ds_cpl vmx smx est tm2 ssse3 sdbg fma cx16 xtpr pdcm pcid dca sse4_1 sse4_2 x2apic movbe popcnt tsc_deadline_timer aes xsave avx f16c rdrand lahf_lm abm epb intel_ppin ssbd ibrs ibpb stibp tpr_shadow vnmi flexpriority ept vpid fsgsbase tsc_adjust bmi1 avx2 smep bmi2 erms invpcid cqm xsaveopt cqm_llc cqm_occup_llc dtherm ida arat pln pts md_clear spec_ctrl intel_stibp flush_l1d
bogomips	: 4788.55
clflush size	: 64
cache_alignment	: 64
address sizes	: 46 bits physical, 48 bits virtual
power management:

processor	: 2
vendor_id	: GenuineIntel
cpu family	: 6
model		: 63
model name	: Intel(R) Xeon(R) CPU E5-2630 v3 @ 2.40GHz
stepping	: 2
microcode	: 0x43
cpu MHz		: 1200.292
cache size	: 20480 KB
physical id	: 0
siblings	: 16
core id		: 2
cpu cores	: 8
apicid		: 4
initial apicid	: 4
fpu		: yes
fpu_exception	: yes
cpuid level	: 15
wp		: yes
flags		: fpu vme de pse tsc msr pae mce cx8 apic sep mtrr pge mca cmov pat pse36 clflush dts acpi mmx fxsr sse sse2 ss ht tm pbe syscall nx pdpe1gb rdtscp lm constant_tsc arch_perfmon pebs bts rep_good nopl xtopology nonstop_tsc aperfmperf eagerfpu pni pclmulqdq dtes64 monitor ds_cpl vmx smx est tm2 ssse3 sdbg fma cx16 xtpr pdcm pcid dca sse4_1 sse4_2 x2apic movbe popcnt tsc_deadline_timer aes xsave avx f16c rdrand lahf_lm abm epb intel_ppin ssbd ibrs ibpb stibp tpr_shadow vnmi flexpriority ept vpid fsgsbase tsc_adjust bmi1 avx2 smep bmi2 erms invpcid cqm xsaveopt cqm_llc cqm_occup_llc dtherm ida arat pln pts md_clear spec_ctrl intel_stibp flush_l1d
bogomips	: 4788.55
clflush size	: 64
cache_alignment	: 64
address sizes	: 46 bits physical, 48 bits virtual
power management:

processor	: 3
vendor_id	: GenuineIntel
cpu family	: 6
model		: 63
model name	: Intel(R) Xeon(R) CPU E5-2630 v3 @ 2.40GHz
stepping	: 2
microcode	: 0x43
cpu MHz		: 1298.144
cache size	: 20480 KB
physical id	: 0
siblings	: 16
core id		: 3
cpu cores	: 8
apicid		: 6
initial apicid	: 6
fpu		: yes
fpu_exception	: yes
cpuid level	: 15
wp		: yes
flags		: fpu vme de pse tsc msr pae mce cx8 apic sep mtrr pge mca cmov pat pse36 clflush dts acpi mmx fxsr sse sse2 ss ht tm pbe syscall nx pdpe1gb rdtscp lm constant_tsc arch_perfmon pebs bts rep_good nopl xtopology nonstop_tsc aperfmperf eagerfpu pni pclmulqdq dtes64 monitor ds_cpl vmx smx est tm2 ssse3 sdbg fma cx16 xtpr pdcm pcid dca sse4_1 sse4_2 x2apic movbe popcnt tsc_deadline_timer aes xsave avx f16c rdrand lahf_lm abm epb intel_ppin ssbd ibrs ibpb stibp tpr_shadow vnmi flexpriority ept vpid fsgsbase tsc_adjust bmi1 avx2 smep bmi2 erms invpcid cqm xsaveopt cqm_llc cqm_occup_llc dtherm ida arat pln pts md_clear spec_ctrl intel_stibp flush_l1d
bogomips	: 4788.55
clflush size	: 64
cache_alignment	: 64
address sizes	: 46 bits physical, 48 bits virtual
power management:

processor	: 4
vendor_id	: GenuineIntel
cpu family	: 6
model		: 63
model name	: Intel(R) Xeon(R) CPU E5-2630 v3 @ 2.40GHz
stepping	: 2
microcode	: 0x43
cpu MHz		: 1302.832
cache size	: 20480 KB
physical id	: 0
siblings	: 16
core id		: 4
cpu cores	: 8
apicid		: 8
initial apicid	: 8
fpu		: yes
fpu_exception	: yes
cpuid level	: 15
wp		: yes
flags		: fpu vme de pse tsc msr pae mce cx8 apic sep mtrr pge mca cmov pat pse36 clflush dts acpi mmx fxsr sse sse2 ss ht tm pbe syscall nx pdpe1gb rdtscp lm constant_tsc arch_perfmon pebs bts rep_good nopl xtopology nonstop_tsc aperfmperf eagerfpu pni pclmulqdq dtes64 monitor ds_cpl vmx smx est tm2 ssse3 sdbg fma cx16 xtpr pdcm pcid dca sse4_1 sse4_2 x2apic movbe popcnt tsc_deadline_timer aes xsave avx f16c rdrand lahf_lm abm epb intel_ppin ssbd ibrs ibpb stibp tpr_shadow vnmi flexpriority ept vpid fsgsbase tsc_adjust bmi1 avx2 smep bmi2 erms invpcid cqm xsaveopt cqm_llc cqm_occup_llc dtherm ida arat pln pts md_clear spec_ctrl intel_stibp flush_l1d
bogomips	: 4788.55
clflush size	: 64
cache_alignment	: 64
address sizes	: 46 bits physical, 48 bits virtual
power management:

processor	: 5
vendor_id	: GenuineIntel
cpu family	: 6
model		: 63
model name	: Intel(R) Xeon(R) CPU E5-2630 v3 @ 2.40GHz
stepping	: 2
microcode	: 0x43
cpu MHz		: 1212.890
cache size	: 20480 KB
physical id	: 0
siblings	: 16
core id		: 5
cpu cores	: 8
apicid		: 10
initial apicid	: 10
fpu		: yes
fpu_exception	: yes
cpuid level	: 15
wp		: yes
flags		: fpu vme de pse tsc msr pae mce cx8 apic sep mtrr pge mca cmov pat pse36 clflush dts acpi mmx fxsr sse sse2 ss ht tm pbe syscall nx pdpe1gb rdtscp lm constant_tsc arch_perfmon pebs bts rep_good nopl xtopology nonstop_tsc aperfmperf eagerfpu pni pclmulqdq dtes64 monitor ds_cpl vmx smx est tm2 ssse3 sdbg fma cx16 xtpr pdcm pcid dca sse4_1 sse4_2 x2apic movbe popcnt tsc_deadline_timer aes xsave avx f16c rdrand lahf_lm abm epb intel_ppin ssbd ibrs ibpb stibp tpr_shadow vnmi flexpriority ept vpid fsgsbase tsc_adjust bmi1 avx2 smep bmi2 erms invpcid cqm xsaveopt cqm_llc cqm_occup_llc dtherm ida arat pln pts md_clear spec_ctrl intel_stibp flush_l1d
bogomips	: 4788.55
clflush size	: 64
cache_alignment	: 64
address sizes	: 46 bits physical, 48 bits virtual
power management:

processor	: 6
vendor_id	: GenuineIntel
cpu family	: 6
model		: 63
model name	: Intel(R) Xeon(R) CPU E5-2630 v3 @ 2.40GHz
stepping	: 2
microcode	: 0x43
cpu MHz		: 1255.371
cache size	: 20480 KB
physical id	: 0
siblings	: 16
core id		: 6
cpu cores	: 8
apicid		: 12
initial apicid	: 12
fpu		: yes
fpu_exception	: yes
cpuid level	: 15
wp		: yes
flags		: fpu vme de pse tsc msr pae mce cx8 apic sep mtrr pge mca cmov pat pse36 clflush dts acpi mmx fxsr sse sse2 ss ht tm pbe syscall nx pdpe1gb rdtscp lm constant_tsc arch_perfmon pebs bts rep_good nopl xtopology nonstop_tsc aperfmperf eagerfpu pni pclmulqdq dtes64 monitor ds_cpl vmx smx est tm2 ssse3 sdbg fma cx16 xtpr pdcm pcid dca sse4_1 sse4_2 x2apic movbe popcnt tsc_deadline_timer aes xsave avx f16c rdrand lahf_lm abm epb intel_ppin ssbd ibrs ibpb stibp tpr_shadow vnmi flexpriority ept vpid fsgsbase tsc_adjust bmi1 avx2 smep bmi2 erms invpcid cqm xsaveopt cqm_llc cqm_occup_llc dtherm ida arat pln pts md_clear spec_ctrl intel_stibp flush_l1d
bogomips	: 4788.55
clflush size	: 64
cache_alignment	: 64
address sizes	: 46 bits physical, 48 bits virtual
power management:

processor	: 7
vendor_id	: GenuineIntel
cpu family	: 6
model		: 63
model name	: Intel(R) Xeon(R) CPU E5-2630 v3 @ 2.40GHz
stepping	: 2
microcode	: 0x43
cpu MHz		: 1900.195
cache size	: 20480 KB
physical id	: 0
siblings	: 16
core id		: 7
cpu cores	: 8
apicid		: 14
initial apicid	: 14
fpu		: yes
fpu_exception	: yes
cpuid level	: 15
wp		: yes
flags		: fpu vme de pse tsc msr pae mce cx8 apic sep mtrr pge mca cmov pat pse36 clflush dts acpi mmx fxsr sse sse2 ss ht tm pbe syscall nx pdpe1gb rdtscp lm constant_tsc arch_perfmon pebs bts rep_good nopl xtopology nonstop_tsc aperfmperf eagerfpu pni pclmulqdq dtes64 monitor ds_cpl vmx smx est tm2 ssse3 sdbg fma cx16 xtpr pdcm pcid dca sse4_1 sse4_2 x2apic movbe popcnt tsc_deadline_timer aes xsave avx f16c rdrand lahf_lm abm epb intel_ppin ssbd ibrs ibpb stibp tpr_shadow vnmi flexpriority ept vpid fsgsbase tsc_adjust bmi1 avx2 smep bmi2 erms invpcid cqm xsaveopt cqm_llc cqm_occup_llc dtherm ida arat pln pts md_clear spec_ctrl intel_stibp flush_l1d
bogomips	: 4788.55
clflush size	: 64
cache_alignment	: 64
address sizes	: 46 bits physical, 48 bits virtual
power management:

processor	: 8
vendor_id	: GenuineIntel
cpu family	: 6
model		: 63
model name	: Intel(R) Xeon(R) CPU E5-2630 v3 @ 2.40GHz
stepping	: 2
microcode	: 0x43
cpu MHz		: 1200.000
cache size	: 20480 KB
physical id	: 1
siblings	: 16
core id		: 0
cpu cores	: 8
apicid		: 16
initial apicid	: 16
fpu		: yes
fpu_exception	: yes
cpuid level	: 15
wp		: yes
flags		: fpu vme de pse tsc msr pae mce cx8 apic sep mtrr pge mca cmov pat pse36 clflush dts acpi mmx fxsr sse sse2 ss ht tm pbe syscall nx pdpe1gb rdtscp lm constant_tsc arch_perfmon pebs bts rep_good nopl xtopology nonstop_tsc aperfmperf eagerfpu pni pclmulqdq dtes64 monitor ds_cpl vmx smx est tm2 ssse3 sdbg fma cx16 xtpr pdcm pcid dca sse4_1 sse4_2 x2apic movbe popcnt tsc_deadline_timer aes xsave avx f16c rdrand lahf_lm abm epb intel_ppin ssbd ibrs ibpb stibp tpr_shadow vnmi flexpriority ept vpid fsgsbase tsc_adjust bmi1 avx2 smep bmi2 erms invpcid cqm xsaveopt cqm_llc cqm_occup_llc dtherm ida arat pln pts md_clear spec_ctrl intel_stibp flush_l1d
bogomips	: 4794.34
clflush size	: 64
cache_alignment	: 64
address sizes	: 46 bits physical, 48 bits virtual
power management:

processor	: 9
vendor_id	: GenuineIntel
cpu family	: 6
model		: 63
model name	: Intel(R) Xeon(R) CPU E5-2630 v3 @ 2.40GHz
stepping	: 2
microcode	: 0x43
cpu MHz		: 1294.775
cache size	: 20480 KB
physical id	: 1
siblings	: 16
core id		: 1
cpu cores	: 8
apicid		: 18
initial apicid	: 18
fpu		: yes
fpu_exception	: yes
cpuid level	: 15
wp		: yes
flags		: fpu vme de pse tsc msr pae mce cx8 apic sep mtrr pge mca cmov pat pse36 clflush dts acpi mmx fxsr sse sse2 ss ht tm pbe syscall nx pdpe1gb rdtscp lm constant_tsc arch_perfmon pebs bts rep_good nopl xtopology nonstop_tsc aperfmperf eagerfpu pni pclmulqdq dtes64 monitor ds_cpl vmx smx est tm2 ssse3 sdbg fma cx16 xtpr pdcm pcid dca sse4_1 sse4_2 x2apic movbe popcnt tsc_deadline_timer aes xsave avx f16c rdrand lahf_lm abm epb intel_ppin ssbd ibrs ibpb stibp tpr_shadow vnmi flexpriority ept vpid fsgsbase tsc_adjust bmi1 avx2 smep bmi2 erms invpcid cqm xsaveopt cqm_llc cqm_occup_llc dtherm ida arat pln pts md_clear spec_ctrl intel_stibp flush_l1d
bogomips	: 4794.34
clflush size	: 64
cache_alignment	: 64
address sizes	: 46 bits physical, 48 bits virtual
power management:

processor	: 10
vendor_id	: GenuineIntel
cpu family	: 6
model		: 63
model name	: Intel(R) Xeon(R) CPU E5-2630 v3 @ 2.40GHz
stepping	: 2
microcode	: 0x43
cpu MHz		: 1200.000
cache size	: 20480 KB
physical id	: 1
siblings	: 16
core id		: 2
cpu cores	: 8
apicid		: 20
initial apicid	: 20
fpu		: yes
fpu_exception	: yes
cpuid level	: 15
wp		: yes
flags		: fpu vme de pse tsc msr pae mce cx8 apic sep mtrr pge mca cmov pat pse36 clflush dts acpi mmx fxsr sse sse2 ss ht tm pbe syscall nx pdpe1gb rdtscp lm constant_tsc arch_perfmon pebs bts rep_good nopl xtopology nonstop_tsc aperfmperf eagerfpu pni pclmulqdq dtes64 monitor ds_cpl vmx smx est tm2 ssse3 sdbg fma cx16 xtpr pdcm pcid dca sse4_1 sse4_2 x2apic movbe popcnt tsc_deadline_timer aes xsave avx f16c rdrand lahf_lm abm epb intel_ppin ssbd ibrs ibpb stibp tpr_shadow vnmi flexpriority ept vpid fsgsbase tsc_adjust bmi1 avx2 smep bmi2 erms invpcid cqm xsaveopt cqm_llc cqm_occup_llc dtherm ida arat pln pts md_clear spec_ctrl intel_stibp flush_l1d
bogomips	: 4794.34
clflush size	: 64
cache_alignment	: 64
address sizes	: 46 bits physical, 48 bits virtual
power management:

processor	: 11
vendor_id	: GenuineIntel
cpu family	: 6
model		: 63
model name	: Intel(R) Xeon(R) CPU E5-2630 v3 @ 2.40GHz
stepping	: 2
microcode	: 0x43
cpu MHz		: 1200.000
cache size	: 20480 KB
physical id	: 1
siblings	: 16
core id		: 3
cpu cores	: 8
apicid		: 22
initial apicid	: 22
fpu		: yes
fpu_exception	: yes
cpuid level	: 15
wp		: yes
flags		: fpu vme de pse tsc msr pae mce cx8 apic sep mtrr pge mca cmov pat pse36 clflush dts acpi mmx fxsr sse sse2 ss ht tm pbe syscall nx pdpe1gb rdtscp lm constant_tsc arch_perfmon pebs bts rep_good nopl xtopology nonstop_tsc aperfmperf eagerfpu pni pclmulqdq dtes64 monitor ds_cpl vmx smx est tm2 ssse3 sdbg fma cx16 xtpr pdcm pcid dca sse4_1 sse4_2 x2apic movbe popcnt tsc_deadline_timer aes xsave avx f16c rdrand lahf_lm abm epb intel_ppin ssbd ibrs ibpb stibp tpr_shadow vnmi flexpriority ept vpid fsgsbase tsc_adjust bmi1 avx2 smep bmi2 erms invpcid cqm xsaveopt cqm_llc cqm_occup_llc dtherm ida arat pln pts md_clear spec_ctrl intel_stibp flush_l1d
bogomips	: 4794.34
clflush size	: 64
cache_alignment	: 64
address sizes	: 46 bits physical, 48 bits virtual
power management:

processor	: 12
vendor_id	: GenuineIntel
cpu family	: 6
model		: 63
model name	: Intel(R) Xeon(R) CPU E5-2630 v3 @ 2.40GHz
stepping	: 2
microcode	: 0x43
cpu MHz		: 1200.000
cache size	: 20480 KB
physical id	: 1
siblings	: 16
core id		: 4
cpu cores	: 8
apicid		: 24
initial apicid	: 24
fpu		: yes
fpu_exception	: yes
cpuid level	: 15
wp		: yes
flags		: fpu vme de pse tsc msr pae mce cx8 apic sep mtrr pge mca cmov pat pse36 clflush dts acpi mmx fxsr sse sse2 ss ht tm pbe syscall nx pdpe1gb rdtscp lm constant_tsc arch_perfmon pebs bts rep_good nopl xtopology nonstop_tsc aperfmperf eagerfpu pni pclmulqdq dtes64 monitor ds_cpl vmx smx est tm2 ssse3 sdbg fma cx16 xtpr pdcm pcid dca sse4_1 sse4_2 x2apic movbe popcnt tsc_deadline_timer aes xsave avx f16c rdrand lahf_lm abm epb intel_ppin ssbd ibrs ibpb stibp tpr_shadow vnmi flexpriority ept vpid fsgsbase tsc_adjust bmi1 avx2 smep bmi2 erms invpcid cqm xsaveopt cqm_llc cqm_occup_llc dtherm ida arat pln pts md_clear spec_ctrl intel_stibp flush_l1d
bogomips	: 4794.34
clflush size	: 64
cache_alignment	: 64
address sizes	: 46 bits physical, 48 bits virtual
power management:

processor	: 13
vendor_id	: GenuineIntel
cpu family	: 6
model		: 63
model name	: Intel(R) Xeon(R) CPU E5-2630 v3 @ 2.40GHz
stepping	: 2
microcode	: 0x43
cpu MHz		: 1200.000
cache size	: 20480 KB
physical id	: 1
siblings	: 16
core id		: 5
cpu cores	: 8
apicid		: 26
initial apicid	: 26
fpu		: yes
fpu_exception	: yes
cpuid level	: 15
wp		: yes
flags		: fpu vme de pse tsc msr pae mce cx8 apic sep mtrr pge mca cmov pat pse36 clflush dts acpi mmx fxsr sse sse2 ss ht tm pbe syscall nx pdpe1gb rdtscp lm constant_tsc arch_perfmon pebs bts rep_good nopl xtopology nonstop_tsc aperfmperf eagerfpu pni pclmulqdq dtes64 monitor ds_cpl vmx smx est tm2 ssse3 sdbg fma cx16 xtpr pdcm pcid dca sse4_1 sse4_2 x2apic movbe popcnt tsc_deadline_timer aes xsave avx f16c rdrand lahf_lm abm epb intel_ppin ssbd ibrs ibpb stibp tpr_shadow vnmi flexpriority ept vpid fsgsbase tsc_adjust bmi1 avx2 smep bmi2 erms invpcid cqm xsaveopt cqm_llc cqm_occup_llc dtherm ida arat pln pts md_clear spec_ctrl intel_stibp flush_l1d
bogomips	: 4794.34
clflush size	: 64
cache_alignment	: 64
address sizes	: 46 bits physical, 48 bits virtual
power management:

processor	: 14
vendor_id	: GenuineIntel
cpu family	: 6
model		: 63
model name	: Intel(R) Xeon(R) CPU E5-2630 v3 @ 2.40GHz
stepping	: 2
microcode	: 0x43
cpu MHz		: 1199.853
cache size	: 20480 KB
physical id	: 1
siblings	: 16
core id		: 6
cpu cores	: 8
apicid		: 28
initial apicid	: 28
fpu		: yes
fpu_exception	: yes
cpuid level	: 15
wp		: yes
flags		: fpu vme de pse tsc msr pae mce cx8 apic sep mtrr pge mca cmov pat pse36 clflush dts acpi mmx fxsr sse sse2 ss ht tm pbe syscall nx pdpe1gb rdtscp lm constant_tsc arch_perfmon pebs bts rep_good nopl xtopology nonstop_tsc aperfmperf eagerfpu pni pclmulqdq dtes64 monitor ds_cpl vmx smx est tm2 ssse3 sdbg fma cx16 xtpr pdcm pcid dca sse4_1 sse4_2 x2apic movbe popcnt tsc_deadline_timer aes xsave avx f16c rdrand lahf_lm abm epb intel_ppin ssbd ibrs ibpb stibp tpr_shadow vnmi flexpriority ept vpid fsgsbase tsc_adjust bmi1 avx2 smep bmi2 erms invpcid cqm xsaveopt cqm_llc cqm_occup_llc dtherm ida arat pln pts md_clear spec_ctrl intel_stibp flush_l1d
bogomips	: 4794.34
clflush size	: 64
cache_alignment	: 64
address sizes	: 46 bits physical, 48 bits virtual
power management:

processor	: 15
vendor_id	: GenuineIntel
cpu family	: 6
model		: 63
model name	: Intel(R) Xeon(R) CPU E5-2630 v3 @ 2.40GHz
stepping	: 2
microcode	: 0x43
cpu MHz		: 1252.587
cache size	: 20480 KB
physical id	: 1
siblings	: 16
core id		: 7
cpu cores	: 8
apicid		: 30
initial apicid	: 30
fpu		: yes
fpu_exception	: yes
cpuid level	: 15
wp		: yes
flags		: fpu vme de pse tsc msr pae mce cx8 apic sep mtrr pge mca cmov pat pse36 clflush dts acpi mmx fxsr sse sse2 ss ht tm pbe syscall nx pdpe1gb rdtscp lm constant_tsc arch_perfmon pebs bts rep_good nopl xtopology nonstop_tsc aperfmperf eagerfpu pni pclmulqdq dtes64 monitor ds_cpl vmx smx est tm2 ssse3 sdbg fma cx16 xtpr pdcm pcid dca sse4_1 sse4_2 x2apic movbe popcnt tsc_deadline_timer aes xsave avx f16c rdrand lahf_lm abm epb intel_ppin ssbd ibrs ibpb stibp tpr_shadow vnmi flexpriority ept vpid fsgsbase tsc_adjust bmi1 avx2 smep bmi2 erms invpcid cqm xsaveopt cqm_llc cqm_occup_llc dtherm ida arat pln pts md_clear spec_ctrl intel_stibp flush_l1d
bogomips	: 4794.34
clflush size	: 64
cache_alignment	: 64
address sizes	: 46 bits physical, 48 bits virtual
power management:

processor	: 16
vendor_id	: GenuineIntel
cpu family	: 6
model		: 63
model name	: Intel(R) Xeon(R) CPU E5-2630 v3 @ 2.40GHz
stepping	: 2
microcode	: 0x43
cpu MHz		: 1263.427
cache size	: 20480 KB
physical id	: 0
siblings	: 16
core id		: 0
cpu cores	: 8
apicid		: 1
initial apicid	: 1
fpu		: yes
fpu_exception	: yes
cpuid level	: 15
wp		: yes
flags		: fpu vme de pse tsc msr pae mce cx8 apic sep mtrr pge mca cmov pat pse36 clflush dts acpi mmx fxsr sse sse2 ss ht tm pbe syscall nx pdpe1gb rdtscp lm constant_tsc arch_perfmon pebs bts rep_good nopl xtopology nonstop_tsc aperfmperf eagerfpu pni pclmulqdq dtes64 monitor ds_cpl vmx smx est tm2 ssse3 sdbg fma cx16 xtpr pdcm pcid dca sse4_1 sse4_2 x2apic movbe popcnt tsc_deadline_timer aes xsave avx f16c rdrand lahf_lm abm epb intel_ppin ssbd ibrs ibpb stibp tpr_shadow vnmi flexpriority ept vpid fsgsbase tsc_adjust bmi1 avx2 smep bmi2 erms invpcid cqm xsaveopt cqm_llc cqm_occup_llc dtherm ida arat pln pts md_clear spec_ctrl intel_stibp flush_l1d
bogomips	: 4788.55
clflush size	: 64
cache_alignment	: 64
address sizes	: 46 bits physical, 48 bits virtual
power management:

processor	: 17
vendor_id	: GenuineIntel
cpu family	: 6
model		: 63
model name	: Intel(R) Xeon(R) CPU E5-2630 v3 @ 2.40GHz
stepping	: 2
microcode	: 0x43
cpu MHz		: 1294.335
cache size	: 20480 KB
physical id	: 0
siblings	: 16
core id		: 1
cpu cores	: 8
apicid		: 3
initial apicid	: 3
fpu		: yes
fpu_exception	: yes
cpuid level	: 15
wp		: yes
flags		: fpu vme de pse tsc msr pae mce cx8 apic sep mtrr pge mca cmov pat pse36 clflush dts acpi mmx fxsr sse sse2 ss ht tm pbe syscall nx pdpe1gb rdtscp lm constant_tsc arch_perfmon pebs bts rep_good nopl xtopology nonstop_tsc aperfmperf eagerfpu pni pclmulqdq dtes64 monitor ds_cpl vmx smx est tm2 ssse3 sdbg fma cx16 xtpr pdcm pcid dca sse4_1 sse4_2 x2apic movbe popcnt tsc_deadline_timer aes xsave avx f16c rdrand lahf_lm abm epb intel_ppin ssbd ibrs ibpb stibp tpr_shadow vnmi flexpriority ept vpid fsgsbase tsc_adjust bmi1 avx2 smep bmi2 erms invpcid cqm xsaveopt cqm_llc cqm_occup_llc dtherm ida arat pln pts md_clear spec_ctrl intel_stibp flush_l1d
bogomips	: 4788.55
clflush size	: 64
cache_alignment	: 64
address sizes	: 46 bits physical, 48 bits virtual
power management:

processor	: 18
vendor_id	: GenuineIntel
cpu family	: 6
model		: 63
model name	: Intel(R) Xeon(R) CPU E5-2630 v3 @ 2.40GHz
stepping	: 2
microcode	: 0x43
cpu MHz		: 1218.750
cache size	: 20480 KB
physical id	: 0
siblings	: 16
core id		: 2
cpu cores	: 8
apicid		: 5
initial apicid	: 5
fpu		: yes
fpu_exception	: yes
cpuid level	: 15
wp		: yes
flags		: fpu vme de pse tsc msr pae mce cx8 apic sep mtrr pge mca cmov pat pse36 clflush dts acpi mmx fxsr sse sse2 ss ht tm pbe syscall nx pdpe1gb rdtscp lm constant_tsc arch_perfmon pebs bts rep_good nopl xtopology nonstop_tsc aperfmperf eagerfpu pni pclmulqdq dtes64 monitor ds_cpl vmx smx est tm2 ssse3 sdbg fma cx16 xtpr pdcm pcid dca sse4_1 sse4_2 x2apic movbe popcnt tsc_deadline_timer aes xsave avx f16c rdrand lahf_lm abm epb intel_ppin ssbd ibrs ibpb stibp tpr_shadow vnmi flexpriority ept vpid fsgsbase tsc_adjust bmi1 avx2 smep bmi2 erms invpcid cqm xsaveopt cqm_llc cqm_occup_llc dtherm ida arat pln pts md_clear spec_ctrl intel_stibp flush_l1d
bogomips	: 4788.55
clflush size	: 64
cache_alignment	: 64
address sizes	: 46 bits physical, 48 bits virtual
power management:

processor	: 19
vendor_id	: GenuineIntel
cpu family	: 6
model		: 63
model name	: Intel(R) Xeon(R) CPU E5-2630 v3 @ 2.40GHz
stepping	: 2
microcode	: 0x43
cpu MHz		: 1273.242
cache size	: 20480 KB
physical id	: 0
siblings	: 16
core id		: 3
cpu cores	: 8
apicid		: 7
initial apicid	: 7
fpu		: yes
fpu_exception	: yes
cpuid level	: 15
wp		: yes
flags		: fpu vme de pse tsc msr pae mce cx8 apic sep mtrr pge mca cmov pat pse36 clflush dts acpi mmx fxsr sse sse2 ss ht tm pbe syscall nx pdpe1gb rdtscp lm constant_tsc arch_perfmon pebs bts rep_good nopl xtopology nonstop_tsc aperfmperf eagerfpu pni pclmulqdq dtes64 monitor ds_cpl vmx smx est tm2 ssse3 sdbg fma cx16 xtpr pdcm pcid dca sse4_1 sse4_2 x2apic movbe popcnt tsc_deadline_timer aes xsave avx f16c rdrand lahf_lm abm epb intel_ppin ssbd ibrs ibpb stibp tpr_shadow vnmi flexpriority ept vpid fsgsbase tsc_adjust bmi1 avx2 smep bmi2 erms invpcid cqm xsaveopt cqm_llc cqm_occup_llc dtherm ida arat pln pts md_clear spec_ctrl intel_stibp flush_l1d
bogomips	: 4788.55
clflush size	: 64
cache_alignment	: 64
address sizes	: 46 bits physical, 48 bits virtual
power management:

processor	: 20
vendor_id	: GenuineIntel
cpu family	: 6
model		: 63
model name	: Intel(R) Xeon(R) CPU E5-2630 v3 @ 2.40GHz
stepping	: 2
microcode	: 0x43
cpu MHz		: 1320.703
cache size	: 20480 KB
physical id	: 0
siblings	: 16
core id		: 4
cpu cores	: 8
apicid		: 9
initial apicid	: 9
fpu		: yes
fpu_exception	: yes
cpuid level	: 15
wp		: yes
flags		: fpu vme de pse tsc msr pae mce cx8 apic sep mtrr pge mca cmov pat pse36 clflush dts acpi mmx fxsr sse sse2 ss ht tm pbe syscall nx pdpe1gb rdtscp lm constant_tsc arch_perfmon pebs bts rep_good nopl xtopology nonstop_tsc aperfmperf eagerfpu pni pclmulqdq dtes64 monitor ds_cpl vmx smx est tm2 ssse3 sdbg fma cx16 xtpr pdcm pcid dca sse4_1 sse4_2 x2apic movbe popcnt tsc_deadline_timer aes xsave avx f16c rdrand lahf_lm abm epb intel_ppin ssbd ibrs ibpb stibp tpr_shadow vnmi flexpriority ept vpid fsgsbase tsc_adjust bmi1 avx2 smep bmi2 erms invpcid cqm xsaveopt cqm_llc cqm_occup_llc dtherm ida arat pln pts md_clear spec_ctrl intel_stibp flush_l1d
bogomips	: 4788.55
clflush size	: 64
cache_alignment	: 64
address sizes	: 46 bits physical, 48 bits virtual
power management:

processor	: 21
vendor_id	: GenuineIntel
cpu family	: 6
model		: 63
model name	: Intel(R) Xeon(R) CPU E5-2630 v3 @ 2.40GHz
stepping	: 2
microcode	: 0x43
cpu MHz		: 1206.445
cache size	: 20480 KB
physical id	: 0
siblings	: 16
core id		: 5
cpu cores	: 8
apicid		: 11
initial apicid	: 11
fpu		: yes
fpu_exception	: yes
cpuid level	: 15
wp		: yes
flags		: fpu vme de pse tsc msr pae mce cx8 apic sep mtrr pge mca cmov pat pse36 clflush dts acpi mmx fxsr sse sse2 ss ht tm pbe syscall nx pdpe1gb rdtscp lm constant_tsc arch_perfmon pebs bts rep_good nopl xtopology nonstop_tsc aperfmperf eagerfpu pni pclmulqdq dtes64 monitor ds_cpl vmx smx est tm2 ssse3 sdbg fma cx16 xtpr pdcm pcid dca sse4_1 sse4_2 x2apic movbe popcnt tsc_deadline_timer aes xsave avx f16c rdrand lahf_lm abm epb intel_ppin ssbd ibrs ibpb stibp tpr_shadow vnmi flexpriority ept vpid fsgsbase tsc_adjust bmi1 avx2 smep bmi2 erms invpcid cqm xsaveopt cqm_llc cqm_occup_llc dtherm ida arat pln pts md_clear spec_ctrl intel_stibp flush_l1d
bogomips	: 4788.55
clflush size	: 64
cache_alignment	: 64
address sizes	: 46 bits physical, 48 bits virtual
power management:

processor	: 22
vendor_id	: GenuineIntel
cpu family	: 6
model		: 63
model name	: Intel(R) Xeon(R) CPU E5-2630 v3 @ 2.40GHz
stepping	: 2
microcode	: 0x43
cpu MHz		: 1224.169
cache size	: 20480 KB
physical id	: 0
siblings	: 16
core id		: 6
cpu cores	: 8
apicid		: 13
initial apicid	: 13
fpu		: yes
fpu_exception	: yes
cpuid level	: 15
wp		: yes
flags		: fpu vme de pse tsc msr pae mce cx8 apic sep mtrr pge mca cmov pat pse36 clflush dts acpi mmx fxsr sse sse2 ss ht tm pbe syscall nx pdpe1gb rdtscp lm constant_tsc arch_perfmon pebs bts rep_good nopl xtopology nonstop_tsc aperfmperf eagerfpu pni pclmulqdq dtes64 monitor ds_cpl vmx smx est tm2 ssse3 sdbg fma cx16 xtpr pdcm pcid dca sse4_1 sse4_2 x2apic movbe popcnt tsc_deadline_timer aes xsave avx f16c rdrand lahf_lm abm epb intel_ppin ssbd ibrs ibpb stibp tpr_shadow vnmi flexpriority ept vpid fsgsbase tsc_adjust bmi1 avx2 smep bmi2 erms invpcid cqm xsaveopt cqm_llc cqm_occup_llc dtherm ida arat pln pts md_clear spec_ctrl intel_stibp flush_l1d
bogomips	: 4788.55
clflush size	: 64
cache_alignment	: 64
address sizes	: 46 bits physical, 48 bits virtual
power management:

processor	: 23
vendor_id	: GenuineIntel
cpu family	: 6
model		: 63
model name	: Intel(R) Xeon(R) CPU E5-2630 v3 @ 2.40GHz
stepping	: 2
microcode	: 0x43
cpu MHz		: 1602.832
cache size	: 20480 KB
physical id	: 0
siblings	: 16
core id		: 7
cpu cores	: 8
apicid		: 15
initial apicid	: 15
fpu		: yes
fpu_exception	: yes
cpuid level	: 15
wp		: yes
flags		: fpu vme de pse tsc msr pae mce cx8 apic sep mtrr pge mca cmov pat pse36 clflush dts acpi mmx fxsr sse sse2 ss ht tm pbe syscall nx pdpe1gb rdtscp lm constant_tsc arch_perfmon pebs bts rep_good nopl xtopology nonstop_tsc aperfmperf eagerfpu pni pclmulqdq dtes64 monitor ds_cpl vmx smx est tm2 ssse3 sdbg fma cx16 xtpr pdcm pcid dca sse4_1 sse4_2 x2apic movbe popcnt tsc_deadline_timer aes xsave avx f16c rdrand lahf_lm abm epb intel_ppin ssbd ibrs ibpb stibp tpr_shadow vnmi flexpriority ept vpid fsgsbase tsc_adjust bmi1 avx2 smep bmi2 erms invpcid cqm xsaveopt cqm_llc cqm_occup_llc dtherm ida arat pln pts md_clear spec_ctrl intel_stibp flush_l1d
bogomips	: 4788.55
clflush size	: 64
cache_alignment	: 64
address sizes	: 46 bits physical, 48 bits virtual
power management:

processor	: 24
vendor_id	: GenuineIntel
cpu family	: 6
model		: 63
model name	: Intel(R) Xeon(R) CPU E5-2630 v3 @ 2.40GHz
stepping	: 2
microcode	: 0x43
cpu MHz		: 1278.369
cache size	: 20480 KB
physical id	: 1
siblings	: 16
core id		: 0
cpu cores	: 8
apicid		: 17
initial apicid	: 17
fpu		: yes
fpu_exception	: yes
cpuid level	: 15
wp		: yes
flags		: fpu vme de pse tsc msr pae mce cx8 apic sep mtrr pge mca cmov pat pse36 clflush dts acpi mmx fxsr sse sse2 ss ht tm pbe syscall nx pdpe1gb rdtscp lm constant_tsc arch_perfmon pebs bts rep_good nopl xtopology nonstop_tsc aperfmperf eagerfpu pni pclmulqdq dtes64 monitor ds_cpl vmx smx est tm2 ssse3 sdbg fma cx16 xtpr pdcm pcid dca sse4_1 sse4_2 x2apic movbe popcnt tsc_deadline_timer aes xsave avx f16c rdrand lahf_lm abm epb intel_ppin ssbd ibrs ibpb stibp tpr_shadow vnmi flexpriority ept vpid fsgsbase tsc_adjust bmi1 avx2 smep bmi2 erms invpcid cqm xsaveopt cqm_llc cqm_occup_llc dtherm ida arat pln pts md_clear spec_ctrl intel_stibp flush_l1d
bogomips	: 4794.34
clflush size	: 64
cache_alignment	: 64
address sizes	: 46 bits physical, 48 bits virtual
power management:

processor	: 25
vendor_id	: GenuineIntel
cpu family	: 6
model		: 63
model name	: Intel(R) Xeon(R) CPU E5-2630 v3 @ 2.40GHz
stepping	: 2
microcode	: 0x43
cpu MHz		: 1267.968
cache size	: 20480 KB
physical id	: 1
siblings	: 16
core id		: 1
cpu cores	: 8
apicid		: 19
initial apicid	: 19
fpu		: yes
fpu_exception	: yes
cpuid level	: 15
wp		: yes
flags		: fpu vme de pse tsc msr pae mce cx8 apic sep mtrr pge mca cmov pat pse36 clflush dts acpi mmx fxsr sse sse2 ss ht tm pbe syscall nx pdpe1gb rdtscp lm constant_tsc arch_perfmon pebs bts rep_good nopl xtopology nonstop_tsc aperfmperf eagerfpu pni pclmulqdq dtes64 monitor ds_cpl vmx smx est tm2 ssse3 sdbg fma cx16 xtpr pdcm pcid dca sse4_1 sse4_2 x2apic movbe popcnt tsc_deadline_timer aes xsave avx f16c rdrand lahf_lm abm epb intel_ppin ssbd ibrs ibpb stibp tpr_shadow vnmi flexpriority ept vpid fsgsbase tsc_adjust bmi1 avx2 smep bmi2 erms invpcid cqm xsaveopt cqm_llc cqm_occup_llc dtherm ida arat pln pts md_clear spec_ctrl intel_stibp flush_l1d
bogomips	: 4794.34
clflush size	: 64
cache_alignment	: 64
address sizes	: 46 bits physical, 48 bits virtual
power management:

processor	: 26
vendor_id	: GenuineIntel
cpu family	: 6
model		: 63
model name	: Intel(R) Xeon(R) CPU E5-2630 v3 @ 2.40GHz
stepping	: 2
microcode	: 0x43
cpu MHz		: 1199.853
cache size	: 20480 KB
physical id	: 1
siblings	: 16
core id		: 2
cpu cores	: 8
apicid		: 21
initial apicid	: 21
fpu		: yes
fpu_exception	: yes
cpuid level	: 15
wp		: yes
flags		: fpu vme de pse tsc msr pae mce cx8 apic sep mtrr pge mca cmov pat pse36 clflush dts acpi mmx fxsr sse sse2 ss ht tm pbe syscall nx pdpe1gb rdtscp lm constant_tsc arch_perfmon pebs bts rep_good nopl xtopology nonstop_tsc aperfmperf eagerfpu pni pclmulqdq dtes64 monitor ds_cpl vmx smx est tm2 ssse3 sdbg fma cx16 xtpr pdcm pcid dca sse4_1 sse4_2 x2apic movbe popcnt tsc_deadline_timer aes xsave avx f16c rdrand lahf_lm abm epb intel_ppin ssbd ibrs ibpb stibp tpr_shadow vnmi flexpriority ept vpid fsgsbase tsc_adjust bmi1 avx2 smep bmi2 erms invpcid cqm xsaveopt cqm_llc cqm_occup_llc dtherm ida arat pln pts md_clear spec_ctrl intel_stibp flush_l1d
bogomips	: 4794.34
clflush size	: 64
cache_alignment	: 64
address sizes	: 46 bits physical, 48 bits virtual
power management:

processor	: 27
vendor_id	: GenuineIntel
cpu family	: 6
model		: 63
model name	: Intel(R) Xeon(R) CPU E5-2630 v3 @ 2.40GHz
stepping	: 2
microcode	: 0x43
cpu MHz		: 1226.074
cache size	: 20480 KB
physical id	: 1
siblings	: 16
core id		: 3
cpu cores	: 8
apicid		: 23
initial apicid	: 23
fpu		: yes
fpu_exception	: yes
cpuid level	: 15
wp		: yes
flags		: fpu vme de pse tsc msr pae mce cx8 apic sep mtrr pge mca cmov pat pse36 clflush dts acpi mmx fxsr sse sse2 ss ht tm pbe syscall nx pdpe1gb rdtscp lm constant_tsc arch_perfmon pebs bts rep_good nopl xtopology nonstop_tsc aperfmperf eagerfpu pni pclmulqdq dtes64 monitor ds_cpl vmx smx est tm2 ssse3 sdbg fma cx16 xtpr pdcm pcid dca sse4_1 sse4_2 x2apic movbe popcnt tsc_deadline_timer aes xsave avx f16c rdrand lahf_lm abm epb intel_ppin ssbd ibrs ibpb stibp tpr_shadow vnmi flexpriority ept vpid fsgsbase tsc_adjust bmi1 avx2 smep bmi2 erms invpcid cqm xsaveopt cqm_llc cqm_occup_llc dtherm ida arat pln pts md_clear spec_ctrl intel_stibp flush_l1d
bogomips	: 4794.34
clflush size	: 64
cache_alignment	: 64
address sizes	: 46 bits physical, 48 bits virtual
power management:

processor	: 28
vendor_id	: GenuineIntel
cpu family	: 6
model		: 63
model name	: Intel(R) Xeon(R) CPU E5-2630 v3 @ 2.40GHz
stepping	: 2
microcode	: 0x43
cpu MHz		: 1271.630
cache size	: 20480 KB
physical id	: 1
siblings	: 16
core id		: 4
cpu cores	: 8
apicid		: 25
initial apicid	: 25
fpu		: yes
fpu_exception	: yes
cpuid level	: 15
wp		: yes
flags		: fpu vme de pse tsc msr pae mce cx8 apic sep mtrr pge mca cmov pat pse36 clflush dts acpi mmx fxsr sse sse2 ss ht tm pbe syscall nx pdpe1gb rdtscp lm constant_tsc arch_perfmon pebs bts rep_good nopl xtopology nonstop_tsc aperfmperf eagerfpu pni pclmulqdq dtes64 monitor ds_cpl vmx smx est tm2 ssse3 sdbg fma cx16 xtpr pdcm pcid dca sse4_1 sse4_2 x2apic movbe popcnt tsc_deadline_timer aes xsave avx f16c rdrand lahf_lm abm epb intel_ppin ssbd ibrs ibpb stibp tpr_shadow vnmi flexpriority ept vpid fsgsbase tsc_adjust bmi1 avx2 smep bmi2 erms invpcid cqm xsaveopt cqm_llc cqm_occup_llc dtherm ida arat pln pts md_clear spec_ctrl intel_stibp flush_l1d
bogomips	: 4794.34
clflush size	: 64
cache_alignment	: 64
address sizes	: 46 bits physical, 48 bits virtual
power management:

processor	: 29
vendor_id	: GenuineIntel
cpu family	: 6
model		: 63
model name	: Intel(R) Xeon(R) CPU E5-2630 v3 @ 2.40GHz
stepping	: 2
microcode	: 0x43
cpu MHz		: 1254.492
cache size	: 20480 KB
physical id	: 1
siblings	: 16
core id		: 5
cpu cores	: 8
apicid		: 27
initial apicid	: 27
fpu		: yes
fpu_exception	: yes
cpuid level	: 15
wp		: yes
flags		: fpu vme de pse tsc msr pae mce cx8 apic sep mtrr pge mca cmov pat pse36 clflush dts acpi mmx fxsr sse sse2 ss ht tm pbe syscall nx pdpe1gb rdtscp lm constant_tsc arch_perfmon pebs bts rep_good nopl xtopology nonstop_tsc aperfmperf eagerfpu pni pclmulqdq dtes64 monitor ds_cpl vmx smx est tm2 ssse3 sdbg fma cx16 xtpr pdcm pcid dca sse4_1 sse4_2 x2apic movbe popcnt tsc_deadline_timer aes xsave avx f16c rdrand lahf_lm abm epb intel_ppin ssbd ibrs ibpb stibp tpr_shadow vnmi flexpriority ept vpid fsgsbase tsc_adjust bmi1 avx2 smep bmi2 erms invpcid cqm xsaveopt cqm_llc cqm_occup_llc dtherm ida arat pln pts md_clear spec_ctrl intel_stibp flush_l1d
bogomips	: 4794.34
clflush size	: 64
cache_alignment	: 64
address sizes	: 46 bits physical, 48 bits virtual
power management:

processor	: 30
vendor_id	: GenuineIntel
cpu family	: 6
model		: 63
model name	: Intel(R) Xeon(R) CPU E5-2630 v3 @ 2.40GHz
stepping	: 2
microcode	: 0x43
cpu MHz		: 1399.804
cache size	: 20480 KB
physical id	: 1
siblings	: 16
core id		: 6
cpu cores	: 8
apicid		: 29
initial apicid	: 29
fpu		: yes
fpu_exception	: yes
cpuid level	: 15
wp		: yes
flags		: fpu vme de pse tsc msr pae mce cx8 apic sep mtrr pge mca cmov pat pse36 clflush dts acpi mmx fxsr sse sse2 ss ht tm pbe syscall nx pdpe1gb rdtscp lm constant_tsc arch_perfmon pebs bts rep_good nopl xtopology nonstop_tsc aperfmperf eagerfpu pni pclmulqdq dtes64 monitor ds_cpl vmx smx est tm2 ssse3 sdbg fma cx16 xtpr pdcm pcid dca sse4_1 sse4_2 x2apic movbe popcnt tsc_deadline_timer aes xsave avx f16c rdrand lahf_lm abm epb intel_ppin ssbd ibrs ibpb stibp tpr_shadow vnmi flexpriority ept vpid fsgsbase tsc_adjust bmi1 avx2 smep bmi2 erms invpcid cqm xsaveopt cqm_llc cqm_occup_llc dtherm ida arat pln pts md_clear spec_ctrl intel_stibp flush_l1d
bogomips	: 4794.34
clflush size	: 64
cache_alignment	: 64
address sizes	: 46 bits physical, 48 bits virtual
power management:

processor	: 31
vendor_id	: GenuineIntel
cpu family	: 6
model		: 63
model name	: Intel(R) Xeon(R) CPU E5-2630 v3 @ 2.40GHz
stepping	: 2
microcode	: 0x43
cpu MHz		: 1291.845
cache size	: 20480 KB
physical id	: 1
siblings	: 16
core id		: 7
cpu cores	: 8
apicid		: 31
initial apicid	: 31
fpu		: yes
fpu_exception	: yes
cpuid level	: 15
wp		: yes
flags		: fpu vme de pse tsc msr pae mce cx8 apic sep mtrr pge mca cmov pat pse36 clflush dts acpi mmx fxsr sse sse2 ss ht tm pbe syscall nx pdpe1gb rdtscp lm constant_tsc arch_perfmon pebs bts rep_good nopl xtopology nonstop_tsc aperfmperf eagerfpu pni pclmulqdq dtes64 monitor ds_cpl vmx smx est tm2 ssse3 sdbg fma cx16 xtpr pdcm pcid dca sse4_1 sse4_2 x2apic movbe popcnt tsc_deadline_timer aes xsave avx f16c rdrand lahf_lm abm epb intel_ppin ssbd ibrs ibpb stibp tpr_shadow vnmi flexpriority ept vpid fsgsbase tsc_adjust bmi1 avx2 smep bmi2 erms invpcid cqm xsaveopt cqm_llc cqm_occup_llc dtherm ida arat pln pts md_clear spec_ctrl intel_stibp flush_l1d
bogomips	: 4794.34
clflush size	: 64
cache_alignment	: 64
address sizes	: 46 bits physical, 48 bits virtual
power management:



Memory: 4k page, physical 263864160k(4537944k free), swap 0k(0k free)

vm_info: OpenJDK 64-Bit Server VM (25.212-b04) for linux-amd64 JRE (1.8.0_212-b04), built on Aug 12 2019 13:15:31 by "buildozer" with gcc 6.4.0

time: Tue Sep 24 18:08:01 2019
timezone: UTC
elapsed time: 9 seconds (0d 0h 0m 9s)

